     -----> 新聞爬蟲：聯合新聞網

           <<< 聯合新聞網新聞搜尋 >>>
        ------------------------------------------------------
        ------------------------------------------------------
       >> 搜尋關鍵字:"工業用"; 網址:"https://udn.com/search/word/2/工業用"
         >>> 找到關鍵字 "工業用"; 文章資訊: 2020-11-10 15:53:00, 總統牌乳酪驗出大腸桿菌超標11倍食藥署全數退運銷毀, https://health.udn.com/health/story/5999/5003343
         >>> 找到關鍵字 "工業用"; 文章資訊: 2020-11-10 15:33:09, 農民北上怒轟工業搶水大安大甲溪輸水環評仍過初審, https://udn.com/news/story/7266/5003912
         >>> 找到關鍵字 "工業用"; 文章資訊: 2020-11-10 12:48:10, 總統牌乳酪驗出大腸桿菌超標11倍食藥署全數退運銷毀, https://udn.com/news/story/7266/5003343
         >>> 找到關鍵字 "工業用"; 文章資訊: 2020-11-10 10:55:04, 農田水利會改制後更慘自救會淪為農水轉出署, https://udn.com/news/story/6656/5002948
         >>> 找到關鍵字 "工業用"; 文章資訊: 2020-11-10 10:38:08, 水利會自救總會陳抗批國庫補貼財團買水將成新常態, https://udn.com/news/story/7266/5002897
         >>> 找到關鍵字 "工業用"; 文章資訊: 2020-11-10 10:25:06, 疫情帶動宅經濟第3季電腦及資訊服務業營業額逼近千億, https://udn.com/news/story/7238/5002868
         <<< 2020-11-10 沒有更多 "工業用" 相關的新聞 !!! >>>
        ------------------------------------------------------
       >> 搜尋關鍵字:"化工"; 網址:"https://udn.com/search/word/2/化工"
         >>> 找到關鍵字 "化工"; 文章資訊: 2020-11-10 16:59:11, 雲林環保局長鄭育麟今起調參議張麗善遺缺尚無人選, https://udn.com/news/story/7326/5004208
         >>> 找到關鍵字 "化工"; 文章資訊: 2020-11-10 16:32:54, 鹿港轉運站BOT案招商許可年限50年, https://udn.com/news/story/7325/5004089
         >>> 找到關鍵字 "化工"; 文章資訊: 2020-11-10 15:34:12, 南市城西焚化廠屆齡整修完工開始規畫興建新爐, https://udn.com/news/story/7326/5003917
         >>> 找到關鍵字 "化工"; 文章資訊: 2020-11-10 14:40:12, 苗栗縣要挑戰27年未刪總預算幾成不可能的任務, https://udn.com/news/story/7324/5003679
         >>> 找到關鍵字 "化工"; 文章資訊: 2020-11-09 22:15:10, 中研院士劉炯朗7日辭世成大發文憶生前經典語錄, https://udn.com/news/story/6885/5001937
         >>> 找到關鍵字 "化工"; 文章資訊: 2020-11-09 17:21:29, 拜登宣布勝選中國股匯市齊揚, https://udn.com/news/story/7333/5001293
         <<< 2020-11-10 沒有更多 "化工" 相關的新聞 !!! >>>
        ------------------------------------------------------
       >> 搜尋關鍵字:"化災"; 網址:"https://udn.com/search/word/2/化災"
         <<< 2020-11-10 沒有更多 "化災" 相關的新聞 !!! >>>
        ------------------------------------------------------
       >> 搜尋關鍵字:"化學"; 網址:"https://udn.com/search/word/2/化學"
         >>> 找到關鍵字 "化學"; 文章資訊: 2020-11-10 16:55:00, 台灣乳癌好發年齡早歐美8至10年醫籲定期篩檢存活率高, https://health.udn.com/health/story/6029/5002941
         >>> 找到關鍵字 "化學"; 文章資訊: 2020-11-10 16:42:07, 美時10月營收1023億元年增384, https://udn.com/news/story/7252/5004162
         >>> 找到關鍵字 "化學"; 文章資訊: 2020-11-10 15:11:07, 大雅警分局建構校園安全網增設路燈加強巡邏, https://udn.com/news/story/7320/5003822
         >>> 找到關鍵字 "化學"; 文章資訊: 2020-11-10 14:22:08, 擴大校企整合GOLF學用接軌聯盟正式成立社團永續發展, https://udn.com/news/story/7240/5003610
         >>> 找到關鍵字 "化學"; 文章資訊: 2020-11-10 13:55:05, 同學麥娜絲黃信堯現實的殘酷往往是最溫暖的體貼換來世間的無情, https://udn.com/news/story/7266/5003521
         >>> 找到關鍵字 "化學"; 文章資訊: 2020-11-10 10:54:10, 台灣乳癌好發年齡早歐美8至10年醫籲定期篩檢存活率高, https://udn.com/news/story/7266/5002941
         >>> 找到關鍵字 "化學"; 文章資訊: 2020-11-10 10:46:08, 影中警掃毒逮22人查獲毒品705克, https://udn.com/news/story/7315/5002907
         >>> 找到關鍵字 "化學"; 文章資訊: 2020-11-10 09:15:52, 賽事心得太魯閣馬拉松意料之外的Sub4樂透開獎, https://udn.com/news/story/7879/5002502
         >>> 找到關鍵字 "化學"; 文章資訊: 2020-11-10 01:54:00, 蘋果聚光10月出口創新高, https://udn.com/news/story/7238/5002411
         >>> 找到關鍵字 "化學"; 文章資訊: 2020-11-10 00:00:00, 寒假不出國來趟賽恩斯的奇幻旅程小創客大進擊, https://udn.com/news/story/6885/5001502
         >>> 找到關鍵字 "化學"; 文章資訊: 2020-11-09 21:26:18, 崇越電10月營收年增逾6訂單回流全年拚正成長, https://udn.com/news/story/7241/5001462
         >>> 找到關鍵字 "化學"; 文章資訊: 2020-11-09 20:41:57, 10月出口靠3動能攀高11月傳統旺季拚連5紅, https://udn.com/news/story/7238/5001494
         >>> 找到關鍵字 "化學"; 文章資訊: 2020-11-09 12:49:05, 竹市MR實境災難場景超擬真抓出救災盲點, https://udn.com/news/story/7324/5000478
         >>> 找到關鍵字 "化學"; 文章資訊: 2020-11-09 11:14:06, 醫大生潑化骨水殺死老翁有精神疾病賠錢判15年定讞, https://udn.com/news/story/7321/5000225
         >>> 找到關鍵字 "化學"; 文章資訊: 2020-11-09 11:01:55, 林正義拜登勝選的未來方針美中關係從亂鬥到文鬥, https://opinion.udn.com/opinion/story/12705/5000197
         <<< 2020-11-10 沒有更多 "化學" 相關的新聞 !!! >>>
        ------------------------------------------------------
       >> 搜尋關鍵字:"外洩"; 網址:"https://udn.com/search/word/2/外洩"
         >>> 找到關鍵字 "外洩"; 文章資訊: 2020-11-10 15:22:07, 印度知名電商遭駭2000萬客戶個資外洩, https://udn.com/news/story/6811/5003836
         >>> 找到關鍵字 "外洩"; 文章資訊: 2020-11-10 10:12:07, 賀錦麗與矽谷好交情不代表會對科技巨頭放水, https://udn.com/news/story/121687/5002834
         >>> 找到關鍵字 "外洩"; 文章資訊: 2020-11-09 08:41:06, 台南自助洗衣店氣爆消防局瓦斯桶應置放戶外通風處, https://udn.com/news/story/7320/4999975
         <<< 2020-11-10 沒有更多 "外洩" 相關的新聞 !!! >>>
        ------------------------------------------------------
       >> 搜尋關鍵字:"危害"; 網址:"https://udn.com/search/word/2/危害"
         >>> 找到關鍵字 "危害"; 文章資訊: 2020-11-10 18:26:12, 杜魯多批中脅迫外交陸外交部掩蓋事實誤導公眾, https://udn.com/news/story/7331/5004450
         >>> 找到關鍵字 "危害"; 文章資訊: 2020-11-10 18:25:11, 影種菜免彎腰新型葉菜移植機獲南投農友青睞, https://udn.com/news/story/7325/5004448
         >>> 找到關鍵字 "危害"; 文章資訊: 2020-11-10 18:04:38, 自體免疫疾病者咳喘逾2月恐是肺纖維化警訊, https://udn.com/news/story/7266/5004375
         >>> 找到關鍵字 "危害"; 文章資訊: 2020-11-10 16:28:12, 美制裁4中港官員陸外交部要求立即撤銷, https://udn.com/news/story/7331/5004131
         >>> 找到關鍵字 "危害"; 文章資訊: 2020-11-10 15:23:30, 結果尚未確認川普總務署長拒簽文件拜登交接暫時卡住, https://udn.com/news/story/121687/5003260
         >>> 找到關鍵字 "危害"; 文章資訊: 2020-11-10 15:16:02, 以政治目的逮人美再制裁中港4官員, https://udn.com/news/story/7331/5003451
         >>> 找到關鍵字 "危害"; 文章資訊: 2020-11-10 14:31:05, 開槍掃射恐嚇秀水鄉代會前副主席手下判3年徒刑, https://udn.com/news/story/7321/5003645
         >>> 找到關鍵字 "危害"; 文章資訊: 2020-11-10 13:27:04, 民進黨執政全面失守民團籲重新協商萊豬進口, https://udn.com/news/story/9750/5003423
         >>> 找到關鍵字 "危害"; 文章資訊: 2020-11-10 11:45:12, 別再耍肺桃園天晟醫院戒菸班讓您6周擺脫菸癮, https://udn.com/news/story/7266/5003143
         >>> 找到關鍵字 "危害"; 文章資訊: 2020-11-10 11:20:05, 影大陸抽砂船屢越界綠委提建言擴大執法, https://udn.com/news/story/6656/5003028
         >>> 找到關鍵字 "危害"; 文章資訊: 2020-11-10 11:09:08, 綠島垃圾掩埋場悶燒全島臭4天, https://udn.com/news/story/7320/5002997
         >>> 找到關鍵字 "危害"; 文章資訊: 2020-11-10 10:46:08, 影中警掃毒逮22人查獲毒品705克, https://udn.com/news/story/7315/5002907
         >>> 找到關鍵字 "危害"; 文章資訊: 2020-11-10 10:45:07, 王浩宇指時力黨工涉毒賠40萬道歉受害人王要負責, https://udn.com/news/story/7321/5002905
         >>> 找到關鍵字 "危害"; 文章資訊: 2020-11-10 09:50:07, 父子爭吵氣到亮槍兒逃命報警我爸爸有槍, https://udn.com/news/story/7315/5002791
         >>> 找到關鍵字 "危害"; 文章資訊: 2020-11-10 06:53:06, 他為狼犬出氣殺傷飼主狼犬未感恩狂吠來護主, https://udn.com/news/story/7320/5002635
         >>> 找到關鍵字 "危害"; 文章資訊: 2020-11-10 00:27:11, 竹縣松林國小增建校舍教育處喊卡, https://udn.com/news/story/7324/5001858
         >>> 找到關鍵字 "危害"; 文章資訊: 2020-11-09 18:56:05, 重磅快評蘇貞昌道歉後請出馬維拉是玩那種戲法, https://udn.com/news/story/11091/5001513
         >>> 找到關鍵字 "危害"; 文章資訊: 2020-11-09 18:34:07, 破獲10萬發子彈蘇貞昌嘉勉破案有功人員, https://udn.com/news/story/7315/5001473
         >>> 找到關鍵字 "危害"; 文章資訊: 2020-11-09 16:48:06, 影北捷出現變態七旬翁磨蹭女性射精12年被抓12次, https://udn.com/news/story/7317/5001243
         >>> 找到關鍵字 "危害"; 文章資訊: 2020-11-09 16:02:10, 生活中的素養課烤肉不要大腸癌與重大疾病有關的自由基知多少, https://udn.com/news/story/6904/5001067
        ------------------------------------------------------
       >> 搜尋關鍵字:"有毒"; 網址:"https://udn.com/search/word/2/有毒"
         >>> 找到關鍵字 "有毒"; 文章資訊: 2020-11-10 14:35:12, 影環保局長備詢挨批不適任張麗善哽咽拔官, https://udn.com/news/story/7326/5003656
         >>> 找到關鍵字 "有毒"; 文章資訊: 2020-11-10 12:42:10, 萬里校園紅螃蟹現蹤海大太紅常被當聖誕蟹抓來賣, https://udn.com/news/story/7934/5003311
         >>> 找到關鍵字 "有毒"; 文章資訊: 2020-11-10 12:42:10, 萬里校園紅螃蟹現蹤海大太紅常被當聖誕蟹抓來賣, https://udn.com/news/story/7470/5003311
         >>> 找到關鍵字 "有毒"; 文章資訊: 2020-11-10 10:46:08, 影中警掃毒逮22人查獲毒品705克, https://udn.com/news/story/7315/5002907
         >>> 找到關鍵字 "有毒"; 文章資訊: 2020-11-09 11:50:46, 恆春半島古調新唱騎行台26線, https://udn.com/news/story/6845/5000258
         <<< 2020-11-10 沒有更多 "有毒" 相關的新聞 !!! >>>
        ------------------------------------------------------
       >> 搜尋關鍵字:"有害"; 網址:"https://udn.com/search/word/2/有害"
         >>> 找到關鍵字 "有害"; 文章資訊: 2020-11-10 18:18:40, 麥當勞推素肉產品鈉含量價格過高惹議, https://udn.com/news/story/6813/5004298
         >>> 找到關鍵字 "有害"; 文章資訊: 2020-11-10 16:59:12, 惡劣犯罪集團偷倒非法廢棄物台南河川地溶出有害物質, https://udn.com/news/story/7327/5004211
         >>> 找到關鍵字 "有害"; 文章資訊: 2020-11-10 07:35:00, 喝咖啡會致癌易發心血管疾病關於咖啡你該知道的3迷思, https://health.udn.com/health/story/6037/5002648
         >>> 找到關鍵字 "有害"; 文章資訊: 2020-11-10 04:08:11, 是LINE當機還是人當機, https://udn.com/news/story/7339/5002369
         >>> 找到關鍵字 "有害"; 文章資訊: 2020-11-09 21:23:45, 美總務署長傳從中作梗拜登過渡團隊沒法開展作業, https://udn.com/news/story/121687/5001709
         >>> 找到關鍵字 "有害"; 文章資訊: 2020-11-09 11:50:48, 回家跳舞布拉瑞揚舞團, https://udn.com/news/story/6845/5000228
         <<< 2020-11-10 沒有更多 "有害" 相關的新聞 !!! >>>
        ------------------------------------------------------
       >> 搜尋關鍵字:"色料"; 網址:"https://udn.com/search/word/2/色料"
         >>> 找到關鍵字 "色料"; 文章資訊: 2020-11-09 15:00:53, 品味1884培育活動滬尾之役創意料理線上課程, https://udn.com/news/story/6963/5000659
         >>> 找到關鍵字 "色料"; 文章資訊: 2020-11-09 11:13:10, 桃園石門楓活魚用三倍券還能A好康抽500元活魚美食券, https://udn.com/news/story/7324/5000218
         <<< 2020-11-10 沒有更多 "色料" 相關的新聞 !!! >>>
        ------------------------------------------------------
       >> 搜尋關鍵字:"色素"; 網址:"https://udn.com/search/word/2/色素"
         >>> 找到關鍵字 "色素"; 文章資訊: 2020-11-09 10:00:00, 醫病平台醫學和寫作找回當醫生的初衷從敘述苦痛中看到人性, https://health.udn.com/health/story/6001/4996377
         <<< 2020-11-10 沒有更多 "色素" 相關的新聞 !!! >>>
        ------------------------------------------------------
       >> 搜尋關鍵字:"毒性"; 網址:"https://udn.com/search/word/2/毒性"
         >>> 找到關鍵字 "毒性"; 文章資訊: 2020-11-10 16:59:12, 惡劣犯罪集團偷倒非法廢棄物台南河川地溶出有害物質, https://udn.com/news/story/7327/5004211
         >>> 找到關鍵字 "毒性"; 文章資訊: 2020-11-10 10:46:08, 影中警掃毒逮22人查獲毒品705克, https://udn.com/news/story/7315/5002907
         >>> 找到關鍵字 "毒性"; 文章資訊: 2020-11-09 23:27:13, 30歲男發燒吐瀉掛急診竟需電擊還裝迷你葉克膜救命, https://udn.com/news/story/7327/5002326
         <<< 2020-11-10 沒有更多 "毒性" 相關的新聞 !!! >>>
        ------------------------------------------------------
       >> 搜尋關鍵字:"毒品"; 網址:"https://udn.com/search/word/2/毒品"
         >>> 找到關鍵字 "毒品"; 文章資訊: 2020-11-10 18:16:07, 影追車狂敲窗嚇壞女駕駛泰山男到案稱提醒她開太慢了, https://udn.com/news/story/7320/5004434
         >>> 找到關鍵字 "毒品"; 文章資訊: 2020-11-10 12:45:09, 校安通報事件暴增國民黨智庫每天25人死亡, https://udn.com/news/story/7320/5003338
         >>> 找到關鍵字 "毒品"; 文章資訊: 2020-11-10 10:46:08, 影中警掃毒逮22人查獲毒品705克, https://udn.com/news/story/7315/5002907
         >>> 找到關鍵字 "毒品"; 文章資訊: 2020-11-10 10:45:07, 王浩宇指時力黨工涉毒賠40萬道歉受害人王要負責, https://udn.com/news/story/7321/5002905
         >>> 找到關鍵字 "毒品"; 文章資訊: 2020-11-10 03:07:05, 政院要開治安會報了江啟臣好好做事別只會做圖, https://udn.com/news/story/6656/5002573
         >>> 找到關鍵字 "毒品"; 文章資訊: 2020-11-10 02:26:05, 食安治安會報11月底前召開, https://udn.com/news/story/6656/5002395
         >>> 找到關鍵字 "毒品"; 文章資訊: 2020-11-10 00:36:12, 斜槓人生攤商品管轉當警察穩定中求專業, https://udn.com/news/story/7324/5001946
         >>> 找到關鍵字 "毒品"; 文章資訊: 2020-11-09 18:18:02, 八點檔女星得知養女身世性格走鐘吸毒自殘, https://stars.udn.com/star/story/10091/5001438
         >>> 找到關鍵字 "毒品"; 文章資訊: 2020-11-09 17:38:12, 紙風車反毒戲劇工程列車巡迴高雄學生一起拯救浮士德, https://udn.com/news/story/7327/5001354
         >>> 找到關鍵字 "毒品"; 文章資訊: 2020-11-09 16:17:06, 75歲婦遇假檢警險遭詐85萬老本, https://udn.com/news/story/7320/5001136
         >>> 找到關鍵字 "毒品"; 文章資訊: 2020-11-09 15:57:27, 防制青少年藥癮紙風車反毒列車巡迴高市校園, https://udn.com/news/story/7314/5001012
         >>> 找到關鍵字 "毒品"; 文章資訊: 2020-11-09 14:39:08, 行政院國內疫情穩定11月底召開食安治安等會報, https://udn.com/news/story/6656/5000816
         >>> 找到關鍵字 "毒品"; 文章資訊: 2020-11-09 13:57:05, 拜登上台委內瑞拉總統盼與美恢復對話, https://udn.com/news/story/121777/5000670
         >>> 找到關鍵字 "毒品"; 文章資訊: 2020-11-09 13:06:04, 終於要開會了政院月底前開食安會報治安會報, https://udn.com/news/story/6656/5000528
         >>> 找到關鍵字 "毒品"; 文章資訊: 2020-11-09 12:46:02, 涉賣液態搖頭丸原料不算販毒法官仍這樣判他須入獄, https://udn.com/news/story/7315/5000467
         >>> 找到關鍵字 "毒品"; 文章資訊: 2020-11-09 12:40:07, 影毒品通緝犯擁槍涉扮假刑警永康警大賣場逮人制伏, https://udn.com/news/story/7320/5000455
         >>> 找到關鍵字 "毒品"; 文章資訊: 2020-11-09 12:01:04, 曾和賀錦麗同桌交流檢察官她充滿魅力熱情, https://udn.com/news/story/121687/5000345
         >>> 找到關鍵字 "毒品"; 文章資訊: 2020-11-09 11:10:08, 新北保大巡邏遇龜速男摸一摸竟掉出兩顆彈, https://udn.com/news/story/7315/5000209
         >>> 找到關鍵字 "毒品"; 文章資訊: 2020-11-09 10:37:05, 警察搜索車頂掉出2顆子彈內褲掉出2包安毒, https://udn.com/news/story/7315/5000133
         <<< 2020-11-10 沒有更多 "毒品" 相關的新聞 !!! >>>
        ------------------------------------------------------
       >> 搜尋關鍵字:"致癌"; 網址:"https://udn.com/search/word/2/致癌"
         >>> 找到關鍵字 "致癌"; 文章資訊: 2020-11-10 15:53:00, 總統牌乳酪驗出大腸桿菌超標11倍食藥署全數退運銷毀, https://health.udn.com/health/story/5999/5003343
         >>> 找到關鍵字 "致癌"; 文章資訊: 2020-11-10 12:48:10, 總統牌乳酪驗出大腸桿菌超標11倍食藥署全數退運銷毀, https://udn.com/news/story/7266/5003343
         >>> 找到關鍵字 "致癌"; 文章資訊: 2020-11-10 07:35:00, 喝咖啡會致癌易發心血管疾病關於咖啡你該知道的3迷思, https://health.udn.com/health/story/6037/5002648
         >>> 找到關鍵字 "致癌"; 文章資訊: 2020-11-09 16:02:10, 生活中的素養課烤肉不要大腸癌與重大疾病有關的自由基知多少, https://udn.com/news/story/6904/5001067
         >>> 找到關鍵字 "致癌"; 文章資訊: 2020-11-09 14:50:12, 補助燃油車難減碳環保署過渡期, https://udn.com/news/story/7266/5000798
         >>> 找到關鍵字 "致癌"; 文章資訊: 2020-11-09 11:52:29, 癌細胞數目不到35億個之前影像學通常看不到名醫揭關鍵這項檢查一定得做, https://health.udn.com/health/story/6016/5000328
         <<< 2020-11-10 沒有更多 "致癌" 相關的新聞 !!! >>>
        ------------------------------------------------------
       >> 搜尋關鍵字:"重金屬"; 網址:"https://udn.com/search/word/2/重金屬"
         >>> 找到關鍵字 "重金屬"; 文章資訊: 2020-11-10 16:59:12, 惡劣犯罪集團偷倒非法廢棄物台南河川地溶出有害物質, https://udn.com/news/story/7327/5004211
         >>> 找到關鍵字 "重金屬"; 文章資訊: 2020-11-10 16:22:00, 香菇水煮湯添香氣又不浪費小心湯頭變農藥喝下肚, https://health.udn.com/health/story/6037/5003854
         >>> 找到關鍵字 "重金屬"; 文章資訊: 2020-11-10 14:35:12, 影環保局長備詢挨批不適任張麗善哽咽拔官, https://udn.com/news/story/7326/5003656
         <<< 2020-11-10 沒有更多 "重金屬" 相關的新聞 !!! >>>
        ------------------------------------------------------
       >> 搜尋關鍵字:"食安"; 網址:"https://udn.com/search/word/2/食安"
         >>> 找到關鍵字 "食安"; 文章資訊: 2020-11-10 16:55:12, 突破農產出口困境南投木瓜今上櫃啟運外銷香港, https://udn.com/news/story/7325/5004193
         >>> 找到關鍵字 "食安"; 文章資訊: 2020-11-10 16:49:06, 1年內連4次違反食安法知名量販店提行政訴訟遭駁回, https://udn.com/news/story/7321/5004183
         >>> 找到關鍵字 "食安"; 文章資訊: 2020-11-10 16:22:00, 香菇水煮湯添香氣又不浪費小心湯頭變農藥喝下肚, https://health.udn.com/health/story/6037/5003854
         >>> 找到關鍵字 "食安"; 文章資訊: 2020-11-10 15:29:12, 萊豬爭議屏東藍營提案修食安條例批潘孟安慢半拍, https://udn.com/news/story/9750/5003900
         >>> 找到關鍵字 "食安"; 文章資訊: 2020-11-10 12:45:09, 校安通報事件暴增國民黨智庫每天25人死亡, https://udn.com/news/story/7320/5003338
         >>> 找到關鍵字 "食安"; 文章資訊: 2020-11-10 11:39:02, 國民黨要求重啟美豬美牛談判鄭運鵬扯台灣後腿, https://udn.com/news/story/9750/5003122
         >>> 找到關鍵字 "食安"; 文章資訊: 2020-11-10 11:29:03, 朱立倫萊豬內臟進口希望民進黨能重啟談判, https://udn.com/news/story/9750/5003071
         >>> 找到關鍵字 "食安"; 文章資訊: 2020-11-10 03:55:10, 聯合報社論機動會議是政院擅權失職的狡詞, https://udn.com/news/story/7338/5002382
         >>> 找到關鍵字 "食安"; 文章資訊: 2020-11-10 03:31:10, 劉維公當我塑膠之社會語意學考察, https://udn.com/news/story/7340/5002349
         >>> 找到關鍵字 "食安"; 文章資訊: 2020-11-10 02:26:05, 食安治安會報11月底前召開, https://udn.com/news/story/6656/5002395
         >>> 找到關鍵字 "食安"; 文章資訊: 2020-11-10 02:14:04, 蘇揆萊豬進口不會自毀承諾, https://udn.com/news/story/9750/5002394
         >>> 找到關鍵字 "食安"; 文章資訊: 2020-11-10 00:00:00, 食藥署2020年全新主題食安小紅帽透過玩中學了解食品安全知識, https://udn.com/news/story/7266/5000592
         >>> 找到關鍵字 "食安"; 文章資訊: 2020-11-09 19:33:24, 因應枯水期行政院今舉行災害防救委員會議抗旱, https://udn.com/news/story/6656/5001573
         >>> 找到關鍵字 "食安"; 文章資訊: 2020-11-09 18:16:03, 海地駐台大使庫珀將離任獲頒大綬景星勳章, https://udn.com/news/story/6656/5001404
         >>> 找到關鍵字 "食安"; 文章資訊: 2020-11-09 17:53:24, 拜登政府新上台學者籲重啟萊豬談判, https://udn.com/news/story/9750/5001330
         >>> 找到關鍵字 "食安"; 文章資訊: 2020-11-09 14:39:08, 行政院國內疫情穩定11月底召開食安治安等會報, https://udn.com/news/story/6656/5000816
         >>> 找到關鍵字 "食安"; 文章資訊: 2020-11-09 14:31:10, 萊豬瘦肉精宜蘭是否堅持零檢出議員意見分歧, https://udn.com/news/story/9750/5000803
         >>> 找到關鍵字 "食安"; 文章資訊: 2020-11-09 13:51:12, 張麗善與柯文哲午間吃播強調雲林豬肉零瘦肉精, https://udn.com/news/story/9750/5000655
         >>> 找到關鍵字 "食安"; 文章資訊: 2020-11-09 13:10:05, 影美豬進口爭議蘇貞昌台灣開放美牛進口8年也都沒事, https://udn.com/news/story/9750/5000540
         >>> 找到關鍵字 "食安"; 文章資訊: 2020-11-09 13:06:04, 終於要開會了政院月底前開食安會報治安會報, https://udn.com/news/story/6656/5000528
        ------------------------------------------------------
       >> 搜尋關鍵字:"香料"; 網址:"https://udn.com/search/word/2/香料"
         >>> 找到關鍵字 "香料"; 文章資訊: 2020-11-10 00:00:00, 雪莉優雅允臻其極TheDalmore大摩雪莉三桶12年臻選上市, https://udn.com/news/story/7266/4994946
         <<< 2020-11-10 沒有更多 "香料" 相關的新聞 !!! >>>
        ------------------------------------------------------
       >> 搜尋關鍵字:"原料"; 網址:"https://udn.com/search/word/2/原料"
         >>> 找到關鍵字 "原料"; 文章資訊: 2020-11-10 18:18:40, 麥當勞推素肉產品鈉含量價格過高惹議, https://udn.com/news/story/6813/5004298
         >>> 找到關鍵字 "原料"; 文章資訊: 2020-11-10 16:40:08, 春雨前三季EPS044元第4季營運展望樂觀, https://udn.com/news/story/7252/5004158
         >>> 找到關鍵字 "原料"; 文章資訊: 2020-11-10 15:11:12, 減空汙誘因再加碼防制費率差距要拉大3倍, https://udn.com/news/story/7266/5003825
         >>> 找到關鍵字 "原料"; 文章資訊: 2020-11-10 11:46:10, 食農教育帶動水里巧克力產業小學生興奮參與甜點製作, https://udn.com/news/story/6885/5003146
         >>> 找到關鍵字 "原料"; 文章資訊: 2020-11-10 11:18:10, 影流口水了鹿港老師傅辦桌手路菜鹿溪宴每桌4千, https://udn.com/news/story/7207/5001397
         >>> 找到關鍵字 "原料"; 文章資訊: 2020-11-10 08:46:34, 現在的福島究竟是什麼樣子, https://udn.com/news/story/7266/4985516
         >>> 找到關鍵字 "原料"; 文章資訊: 2020-11-10 02:01:00, 伸仁口罩耳帶國家隊採用, https://udn.com/news/story/7241/5002134
         >>> 找到關鍵字 "原料"; 文章資訊: 2020-11-10 00:12:42, 趨勢觀察嚴控金流防範黑字倒閉, https://udn.com/news/story/7241/5001823
         >>> 找到關鍵字 "原料"; 文章資訊: 2020-11-09 22:30:10, 德麥今年前三季EPS為1165元賺超過一個股本, https://udn.com/news/story/7241/5001998
         >>> 找到關鍵字 "原料"; 文章資訊: 2020-11-09 19:37:06, 鼎炫第3季EPS508元前三季EPS逾一個股本再創新高, https://udn.com/news/story/7241/5001580
         >>> 找到關鍵字 "原料"; 文章資訊: 2020-11-09 17:59:10, 影流口水了鹿港老師傅辦桌手路菜鹿溪宴每桌4千, https://udn.com/news/story/7325/5001397
         >>> 找到關鍵字 "原料"; 文章資訊: 2020-11-09 16:25:04, 廟宇界的米開朗基羅行動小廟跑遍亞洲訂單, https://udn.com/news/story/6853/5000916
         >>> 找到關鍵字 "原料"; 文章資訊: 2020-11-09 12:55:58, 豐興調漲型鋼每噸500元廢鋼與鋼筋持平, https://udn.com/news/story/7241/5000489
         >>> 找到關鍵字 "原料"; 文章資訊: 2020-11-09 12:46:02, 涉賣液態搖頭丸原料不算販毒法官仍這樣判他須入獄, https://udn.com/news/story/7315/5000467
         >>> 找到關鍵字 "原料"; 文章資訊: 2020-11-09 11:52:07, 新冠試劑報喜尖端醫取得歐盟CE標誌與完成註冊, https://udn.com/news/story/7241/5000325
         <<< 2020-11-10 沒有更多 "原料" 相關的新聞 !!! >>>
        ------------------------------------------------------
       >> 搜尋關鍵字:"氣爆"; 網址:"https://udn.com/search/word/2/氣爆"
         >>> 找到關鍵字 "氣爆"; 文章資訊: 2020-11-10 16:13:08, 連八年賺逾一股本瓦城前3季EPS達1103元, https://udn.com/news/story/7251/5004068
         >>> 找到關鍵字 "氣爆"; 文章資訊: 2020-11-10 16:13:07, 瓦城泰統前三季EPS1103元連八年賺逾一股本, https://udn.com/news/story/7254/5004066
         >>> 找到關鍵字 "氣爆"; 文章資訊: 2020-11-10 14:16:09, 光棍又怎樣十大鄉民最愛單身爽事盤點揮別錯的人更快樂, https://udn.com/news/story/7266/5002827
         >>> 找到關鍵字 "氣爆"; 文章資訊: 2020-11-10 13:00:12, 粉紅聖誕樹粉嫩旋轉木馬板橋大遠百LOVEPINK耶誕樂園激發少女心, https://udn.com/news/story/7934/5003084
         >>> 找到關鍵字 "氣爆"; 文章資訊: 2020-11-10 10:30:09, 高雄一國小廚房鍋爐氣爆碎玻璃殘物四濺噴飛人行道, https://udn.com/news/story/7320/5002877
         >>> 找到關鍵字 "氣爆"; 文章資訊: 2020-11-09 21:16:08, 政院肯定經部枯水期抗旱預先備戰明年稻作供灌, https://udn.com/news/story/7238/5001689
         >>> 找到關鍵字 "氣爆"; 文章資訊: 2020-11-09 20:24:08, 將進入枯水期行政院落實抗旱積極作法, https://udn.com/news/story/7238/5001678
         >>> 找到關鍵字 "氣爆"; 文章資訊: 2020-11-09 19:33:24, 因應枯水期行政院今舉行災害防救委員會議抗旱, https://udn.com/news/story/6656/5001573
         >>> 找到關鍵字 "氣爆"; 文章資訊: 2020-11-09 15:39:06, 台南自助洗衣店氣爆供氣瓦斯行違法遭開罰, https://udn.com/news/story/7321/5001018
         >>> 找到關鍵字 "氣爆"; 文章資訊: 2020-11-09 14:48:51, iPhone12第二波預購續旺電信商不辦開賣造勢, https://udn.com/news/story/7240/5000854
         >>> 找到關鍵字 "氣爆"; 文章資訊: 2020-11-09 08:41:06, 台南自助洗衣店氣爆消防局瓦斯桶應置放戶外通風處, https://udn.com/news/story/7320/4999975
         <<< 2020-11-10 沒有更多 "氣爆" 相關的新聞 !!! >>>
        ------------------------------------------------------
       >> 搜尋關鍵字:"添加物"; 網址:"https://udn.com/search/word/2/添加物"
         >>> 找到關鍵字 "添加物"; 文章資訊: 2020-11-10 15:37:00, 迴轉壽司越便宜熱量越高營養師揭最聰明吃法, https://health.udn.com/health/story/6037/5003236
         >>> 找到關鍵字 "添加物"; 文章資訊: 2020-11-10 12:44:33, 迴轉壽司越便宜熱量越高營養師揭最聰明吃法, https://udn.com/news/story/7266/5003236
         >>> 找到關鍵字 "添加物"; 文章資訊: 2020-11-10 10:11:44, 解決便祕的直通快車3成份讓加州黑棗對便祕有功效, https://health.udn.com/health/story/6037/5002839
         <<< 2020-11-10 沒有更多 "添加物" 相關的新聞 !!! >>>
        ------------------------------------------------------
       >> 搜尋關鍵字:"黑心"; 網址:"https://udn.com/search/word/2/黑心"
         <<< 2020-11-10 沒有更多 "黑心" 相關的新聞 !!! >>>
        ------------------------------------------------------
       >> 搜尋關鍵字:"漂白"; 網址:"https://udn.com/search/word/2/漂白"
         >>> 找到關鍵字 "漂白"; 文章資訊: 2020-11-09 14:12:00, 今年秋冬不要錯過跟上日妞都在瘋的柿子橘鬼靈精怪超可愛, https://style.udn.com/style/story/8403/5000216
         <<< 2020-11-10 沒有更多 "漂白" 相關的新聞 !!! >>>
        ------------------------------------------------------
       >> 搜尋關鍵字:"爆炸"; 網址:"https://udn.com/search/word/2/爆炸"
         >>> 找到關鍵字 "爆炸"; 文章資訊: 2020-11-10 17:34:12, 盧秀燕戴獅子頭帽到梧棲先向大家說明為何有此裝扮, https://udn.com/news/story/7325/5004311
         >>> 找到關鍵字 "爆炸"; 文章資訊: 2020-11-10 17:22:03, 劉德華慘被炸斷腿畫面曝光香港大橋全毀捲千呎巨浪, https://stars.udn.com/star/story/10090/5004278
         >>> 找到關鍵字 "爆炸"; 文章資訊: 2020-11-10 13:59:05, 高雄苓洲國小鍋爐爆炸教育局要求加強檢測保養, https://udn.com/news/story/7320/5003438
         >>> 找到關鍵字 "爆炸"; 文章資訊: 2020-11-10 13:48:35, 貝魯特大爆炸後3個月黎巴嫩人創傷未平一聽施工聲就驚慌, https://udn.com/news/story/6809/5003497
         >>> 找到關鍵字 "爆炸"; 文章資訊: 2020-11-10 11:45:05, 盧秀燕戴獅子頭萌爆網友點名比綠營兩首長硬蹭好, https://udn.com/news/story/6656/5003142
         >>> 找到關鍵字 "爆炸"; 文章資訊: 2020-11-10 11:34:12, 盧秀燕戴獅子頭帽跑行程挺職棒行銷台中, https://udn.com/news/story/7325/5003089
         >>> 找到關鍵字 "爆炸"; 文章資訊: 2020-11-10 10:30:09, 高雄一國小廚房鍋爐氣爆碎玻璃殘物四濺噴飛人行道, https://udn.com/news/story/7320/5002877
         >>> 找到關鍵字 "爆炸"; 文章資訊: 2020-11-10 10:14:07, 高雄苓洲國小鍋爐故障爆炸聲震破玻璃幸無人傷, https://udn.com/news/story/7320/5002760
         >>> 找到關鍵字 "爆炸"; 文章資訊: 2020-11-10 09:45:06, 賽事心得2019柏林馬拉松盼呀盼總算拼到破三, https://udn.com/news/story/7879/5002038
         >>> 找到關鍵字 "爆炸"; 文章資訊: 2020-11-09 23:00:08, 1989年11月9日柏林牆被打開的那一天, https://udn.com/news/story/6812/5001621
         >>> 找到關鍵字 "爆炸"; 文章資訊: 2020-11-09 22:02:18, 劉冠廷百萬打造豪宅曝光耗15個月做華麗噴水池花園, https://stars.udn.com/star/story/10091/5001890
         >>> 找到關鍵字 "爆炸"; 文章資訊: 2020-11-09 17:57:33, 反送中校園烽火一週年示威者警員各有感觸, https://udn.com/news/story/7331/5001372
         >>> 找到關鍵字 "爆炸"; 文章資訊: 2020-11-09 16:58:07, 台商回流火熱國產Q3獲利再暴衝21倍, https://udn.com/news/story/7241/5001268
         <<< 2020-11-10 沒有更多 "爆炸" 相關的新聞 !!! >>>
        ------------------------------------------------------
       >> 搜尋關鍵字:"新興"; 網址:"https://udn.com/search/word/2/新興"
         >>> 找到關鍵字 "新興"; 文章資訊: 2020-11-10 18:25:00, 新加坡聯手美藥廠研發疫苗首批明年初抵星, https://health.udn.com/health/story/120952/5004326
         >>> 找到關鍵字 "新興"; 文章資訊: 2020-11-10 18:04:12, 新加坡聯手美藥廠研發疫苗首批明年初抵星, https://udn.com/news/story/120944/5004326
         >>> 找到關鍵字 "新興"; 文章資訊: 2020-11-10 16:53:10, 企業帶頭降低學用落差GOLF聯盟宣布立案社團法人, https://udn.com/news/story/7241/5004189
         >>> 找到關鍵字 "新興"; 文章資訊: 2020-11-10 16:15:07, 國發會我與歐盟數位經濟對話下月舉行, https://udn.com/news/story/7238/5004071
         >>> 找到關鍵字 "新興"; 文章資訊: 2020-11-10 15:23:07, 迎雙11台新銀行攜手遠傳推線上申貸手續費僅1111元, https://udn.com/news/story/7239/5003876
         >>> 找到關鍵字 "新興"; 文章資訊: 2020-11-10 14:54:08, 十銓科技10月營收57億元市況回常軌月減逾2成, https://udn.com/news/story/7240/5003751
         >>> 找到關鍵字 "新興"; 文章資訊: 2020-11-10 12:45:09, 校安通報事件暴增國民黨智庫每天25人死亡, https://udn.com/news/story/7320/5003338
         >>> 找到關鍵字 "新興"; 文章資訊: 2020-11-10 11:53:11, 竹縣AI智慧園區北側共融式公園預計明年開放, https://udn.com/news/story/7324/5003159
         >>> 找到關鍵字 "新興"; 文章資訊: 2020-11-10 10:46:02, 藏壽司專挑新興重劃區展店專家解疑房市另類指標, https://house.udn.com/house/story/5887/5002913
         >>> 找到關鍵字 "新興"; 文章資訊: 2020-11-10 09:31:10, MSCI季調將公布法人預測四檔入摩機率大, https://udn.com/news/story/7251/5002749
         >>> 找到關鍵字 "新興"; 文章資訊: 2020-11-10 09:03:16, 2021辛丑牛年這些生肖財運爆棚天降橫財偏財運大好, https://udn.com/news/story/7268/5002701
         >>> 找到關鍵字 "新興"; 文章資訊: 2020-11-10 08:56:09, MSCI最新季度調整將出爐法人看好這4檔入列在望, https://udn.com/news/story/7251/5002708
         >>> 找到關鍵字 "新興"; 文章資訊: 2020-11-10 08:44:25, 進入拜登時代這4大族群將崛起, https://udn.com/news/story/6850/5001215
         >>> 找到關鍵字 "新興"; 文章資訊: 2020-11-10 08:36:08, 選後市場信心回籠投資人重新擁抱美國股票型ETF, https://udn.com/news/story/7238/5002691
         >>> 找到關鍵字 "新興"; 文章資訊: 2020-11-10 08:35:07, 美股資金淨流入居冠量價同步回溫, https://udn.com/news/story/7239/5002689
         >>> 找到關鍵字 "新興"; 文章資訊: 2020-11-10 08:34:09, 慶祝選後行情台股今年以來最吸金, https://udn.com/news/story/7251/5002685
         >>> 找到關鍵字 "新興"; 文章資訊: 2020-11-10 08:34:07, 大選情勢逐漸明朗風險債券動能轉強, https://udn.com/news/story/7238/5002687
         >>> 找到關鍵字 "新興"; 文章資訊: 2020-11-10 03:47:06, 財部供應鏈重組仍是進行式, https://udn.com/news/story/7238/5002413
         >>> 找到關鍵字 "新興"; 文章資訊: 2020-11-10 01:54:00, 雙利多加持全球股市狂飆油價漲10, https://udn.com/news/story/6811/5002470
         >>> 找到關鍵字 "新興"; 文章資訊: 2020-11-10 01:54:00, 蘋果聚光10月出口創新高, https://udn.com/news/story/7238/5002411
        ------------------------------------------------------
       >> 搜尋關鍵字:"爆裂物"; 網址:"https://udn.com/search/word/2/爆裂物"
         <<< 2020-11-10 沒有更多 "爆裂物" 相關的新聞 !!! >>>
        ------------------------------------------------------
       >> 搜尋關鍵字:"IED"; 網址:"https://udn.com/search/word/2/IED"
         <<< 2020-11-10 沒有更多 "IED" 相關的新聞 !!! >>>
        ------------------------------------------------------
       >> 搜尋關鍵字:"排放"; 網址:"https://udn.com/search/word/2/排放"
         >>> 找到關鍵字 "排放"; 文章資訊: 2020-11-10 17:58:20, 花蓮環保局利用車牌辨識系統加強空汙管控, https://udn.com/news/story/7328/5004384
         >>> 找到關鍵字 "排放"; 文章資訊: 2020-11-10 15:34:12, 南市城西焚化廠屆齡整修完工開始規畫興建新爐, https://udn.com/news/story/7326/5003917
         >>> 找到關鍵字 "排放"; 文章資訊: 2020-11-10 15:11:12, 減空汙誘因再加碼防制費率差距要拉大3倍, https://udn.com/news/story/7266/5003825
         >>> 找到關鍵字 "排放"; 文章資訊: 2020-11-10 13:56:27, 載重安全動力環保同步升級DFSK大穩發S25t歐六改版上市, https://autos.udn.com/autos/story/7825/5003544
         >>> 找到關鍵字 "排放"; 文章資訊: 2020-11-10 13:51:36, 特斯拉的這項無形產品在一年內營收翻倍突破十億美元, https://udn.com/news/story/6897/5003060
         >>> 找到關鍵字 "排放"; 文章資訊: 2020-11-10 11:46:16, 拜登的氣候計畫美國下一步何謂綠色新政, https://ubrand.udn.com/ubrand/story/12117/5003157
         >>> 找到關鍵字 "排放"; 文章資訊: 2020-11-10 11:27:13, 拜登是歐巴馬20面對後川普世界新任美國總統的外交挑戰, https://opinion.udn.com/opinion/story/120491/5003069
         >>> 找到關鍵字 "排放"; 文章資訊: 2020-11-10 05:20:09, 能源論壇三縣市首長分享節能治理, https://udn.com/news/story/7241/5002141
         >>> 找到關鍵字 "排放"; 文章資訊: 2020-11-10 02:28:05, 福島核廢水擬入海立院關切因應計畫, https://udn.com/news/story/7314/5002513
         >>> 找到關鍵字 "排放"; 文章資訊: 2020-11-10 02:09:09, 油車吸乾機車換購補助環署挨轟, https://udn.com/news/story/7266/5002511
         >>> 找到關鍵字 "排放"; 文章資訊: 2020-11-10 01:57:09, 健康你我他出門必戴口罩防汙保護氣管, https://udn.com/news/story/7266/5002003
         >>> 找到關鍵字 "排放"; 文章資訊: 2020-11-10 01:00:17, 廢水直接排入海七星潭旁飄臭, https://udn.com/news/story/7328/5001953
         >>> 找到關鍵字 "排放"; 文章資訊: 2020-11-10 00:31:00, 抗空汙超前部署出門必戴口罩防汙保護氣管, https://health.udn.com/health/story/9559/5002003
         >>> 找到關鍵字 "排放"; 文章資訊: 2020-11-09 18:43:06, 美國超級高鐵首度載客測試未來時速可達1000公里, https://udn.com/news/story/6811/5001386
         >>> 找到關鍵字 "排放"; 文章資訊: 2020-11-09 18:23:08, 淨零排放需經濟轉型聯合國特使籲企業把握商機, https://udn.com/news/story/6811/5001295
         >>> 找到關鍵字 "排放"; 文章資訊: 2020-11-09 16:29:06, 影拜登新政府返全球組織澳洲總理莫里森樂觀其成, https://udn.com/news/story/121687/5001173
         >>> 找到關鍵字 "排放"; 文章資訊: 2020-11-09 16:21:10, 長榮海運第五艘F型新船長裕輪交付營運增添新動能, https://udn.com/news/story/7241/5001140
         >>> 找到關鍵字 "排放"; 文章資訊: 2020-11-09 16:18:04, 原能會台灣海域福島氚輻射監測結果皆正常, https://udn.com/news/story/7314/5001076
         >>> 找到關鍵字 "排放"; 文章資訊: 2020-11-09 16:05:07, 優質服務再升級長榮海運第五艘F型新船交付營運, https://udn.com/news/story/7241/5001108
         >>> 找到關鍵字 "排放"; 文章資訊: 2020-11-09 15:51:06, 拜登宣示重返巴黎協定澳洲總理樂觀其成, https://udn.com/news/story/121687/5001014
        ------------------------------------------------------
       >> 搜尋關鍵字:"污染"; 網址:"https://udn.com/search/word/2/污染"
         >>> 找到關鍵字 "污染"; 文章資訊: 2020-11-10 18:17:41, 未揭露氣候經濟風險澳洲學生告政府, https://udn.com/news/story/6809/5004294
         >>> 找到關鍵字 "污染"; 文章資訊: 2020-11-10 17:48:10, 農委會研發果園高空作業機果農不再怕摔傷, https://udn.com/news/story/7266/5004300
         >>> 找到關鍵字 "污染"; 文章資訊: 2020-11-10 16:22:00, 香菇水煮湯添香氣又不浪費小心湯頭變農藥喝下肚, https://health.udn.com/health/story/6037/5003854
         >>> 找到關鍵字 "污染"; 文章資訊: 2020-11-10 15:53:00, 總統牌乳酪驗出大腸桿菌超標11倍食藥署全數退運銷毀, https://health.udn.com/health/story/5999/5003343
         >>> 找到關鍵字 "污染"; 文章資訊: 2020-11-10 12:48:10, 總統牌乳酪驗出大腸桿菌超標11倍食藥署全數退運銷毀, https://udn.com/news/story/7266/5003343
         >>> 找到關鍵字 "污染"; 文章資訊: 2020-11-10 11:58:07, 潑糞保護傘餐廳案4嫌移審台北地院, https://udn.com/news/story/7321/5002945
         >>> 找到關鍵字 "污染"; 文章資訊: 2020-11-09 18:37:36, 橋檢再逮無良業者棄置廢棄物主嫌裁定收押, https://udn.com/news/story/7321/5001405
         >>> 找到關鍵字 "污染"; 文章資訊: 2020-11-09 17:13:11, 五股觀音山淪垃圾暫置場慘禿頭居民抗爭市府喊停, https://udn.com/news/story/7323/5001298
         >>> 找到關鍵字 "污染"; 文章資訊: 2020-11-09 16:02:10, 生活中的素養課烤肉不要大腸癌與重大疾病有關的自由基知多少, https://udn.com/news/story/6904/5001067
         >>> 找到關鍵字 "污染"; 文章資訊: 2020-11-09 14:34:13, 花蓮七星潭大排直入海議員憂美景失色, https://udn.com/news/story/7328/5000757
         >>> 找到關鍵字 "污染"; 文章資訊: 2020-11-09 13:20:06, 保護傘餐廳遭潑穢物檢中國金主幕後操縱, https://udn.com/news/story/7321/5000490
         >>> 找到關鍵字 "污染"; 文章資訊: 2020-11-09 13:08:06, 香港保護傘餐廳潑糞案北檢我國是華人世界民主港灣, https://udn.com/news/story/7321/5000538
         >>> 找到關鍵字 "污染"; 文章資訊: 2020-11-09 11:50:47, 對世界作出貢獻2020年唐獎, https://udn.com/news/story/6845/5000236
         <<< 2020-11-10 沒有更多 "污染" 相關的新聞 !!! >>>
        ------------------------------------------------------
       >> 搜尋關鍵字:"廢水"; 網址:"https://udn.com/search/word/2/廢水"
         >>> 找到關鍵字 "廢水"; 文章資訊: 2020-11-10 02:28:05, 福島核廢水擬入海立院關切因應計畫, https://udn.com/news/story/7314/5002513
         >>> 找到關鍵字 "廢水"; 文章資訊: 2020-11-10 01:00:17, 廢水直接排入海七星潭旁飄臭, https://udn.com/news/story/7328/5001953
         >>> 找到關鍵字 "廢水"; 文章資訊: 2020-11-09 16:18:04, 原能會台灣海域福島氚輻射監測結果皆正常, https://udn.com/news/story/7314/5001076
         >>> 找到關鍵字 "廢水"; 文章資訊: 2020-11-09 15:05:11, 七星潭旁大排散發惡臭花縣府研擬做汙水處理廠, https://udn.com/news/story/7328/5000895
         >>> 找到關鍵字 "廢水"; 文章資訊: 2020-11-09 14:58:15, 豆子埔溪缺水新竹縣府鑿深井挖蓄水深槽盼改善, https://udn.com/news/story/7324/5000855
         >>> 找到關鍵字 "廢水"; 文章資訊: 2020-11-09 14:34:13, 花蓮七星潭大排直入海議員憂美景失色, https://udn.com/news/story/7328/5000757
         >>> 找到關鍵字 "廢水"; 文章資訊: 2020-11-09 11:44:04, 日本福島核廢水擬排入海立委要求跨部會研議因應措施, https://udn.com/news/story/7314/5000299
         <<< 2020-11-10 沒有更多 "廢水" 相關的新聞 !!! >>>
        ------------------------------------------------------
       >> 搜尋關鍵字:"污水"; 網址:"https://udn.com/search/word/2/污水"
         >>> 找到關鍵字 "污水"; 文章資訊: 2020-11-09 14:34:13, 花蓮七星潭大排直入海議員憂美景失色, https://udn.com/news/story/7328/5000757
         >>> 找到關鍵字 "污水"; 文章資訊: 2020-11-09 12:33:11, 侯友宜整治中永和瓦磘溝營造良好親水環境, https://udn.com/news/story/7323/5000428
         <<< 2020-11-10 沒有更多 "污水" 相關的新聞 !!! >>>
        ------------------------------------------------------
       >> 搜尋關鍵字:"洩漏"; 網址:"https://udn.com/search/word/2/洩漏"
         >>> 找到關鍵字 "洩漏"; 文章資訊: 2020-11-09 15:05:00, 母攜子女開煤氣自殺亡家人牽手畫寫對不起, https://udn.com/news/story/7332/5000255
         >>> 找到關鍵字 "洩漏"; 文章資訊: 2020-11-09 12:49:05, 竹市MR實境災難場景超擬真抓出救災盲點, https://udn.com/news/story/7324/5000478
         <<< 2020-11-10 沒有更多 "洩漏" 相關的新聞 !!! >>>
        ------------------------------------------------------
       >> 搜尋關鍵字:"暗管"; 網址:"https://udn.com/search/word/2/暗管"
         <<< 2020-11-10 沒有更多 "暗管" 相關的新聞 !!! >>>
        ------------------------------------------------------
       >> 搜尋關鍵字:"偷排"; 網址:"https://udn.com/search/word/2/偷排"
         <<< 2020-11-10 沒有更多 "偷排" 相關的新聞 !!! >>>
        ------------------------------------------------------
       >> 搜尋關鍵字:"安全"; 網址:"https://udn.com/search/word/2/安全"
         >>> 找到關鍵字 "安全"; 文章資訊: 2020-11-10 18:26:12, 杜魯多批中脅迫外交陸外交部掩蓋事實誤導公眾, https://udn.com/news/story/7331/5004450
         >>> 找到關鍵字 "安全"; 文章資訊: 2020-11-10 17:48:10, 農委會研發果園高空作業機果農不再怕摔傷, https://udn.com/news/story/7266/5004300
         >>> 找到關鍵字 "安全"; 文章資訊: 2020-11-10 17:37:10, 台南要抓了公車停靠站十公尺內不准停車違者開罰, https://udn.com/news/story/7323/5004321
         >>> 找到關鍵字 "安全"; 文章資訊: 2020-11-10 17:26:03, 中國新冠疫苗在巴西試驗出包北京與疫苗無關, https://udn.com/news/story/120944/5004249
         >>> 找到關鍵字 "安全"; 文章資訊: 2020-11-10 17:17:07, 經濟部明年投入28億推動產業AI從製造業擴散到服務業, https://udn.com/news/story/7238/5004264
         >>> 找到關鍵字 "安全"; 文章資訊: 2020-11-10 17:09:57, 拔河年度封關戰協會盃14日登場, https://udn.com/news/story/7005/5004194
         >>> 找到關鍵字 "安全"; 文章資訊: 2020-11-10 17:01:12, 湖口工業區交通壅塞竹縣議員羅美文關心共乘交通車推動, https://udn.com/news/story/7324/5004215
         >>> 找到關鍵字 "安全"; 文章資訊: 2020-11-10 17:00:00, 艾蜜莉在巴黎才是我的冒險樂園, https://stars.udn.com/star/story/10093/5003901
         >>> 找到關鍵字 "安全"; 文章資訊: 2020-11-10 16:56:04, 一年15萬件校安通報每天25位學生死亡教育部回應了, https://udn.com/news/story/6885/5004201
         >>> 找到關鍵字 "安全"; 文章資訊: 2020-11-10 16:48:06, 10米高工地綁鋼筋沒護欄工人才上班二天疑手滑摔死, https://udn.com/news/story/7320/5004180
         >>> 找到關鍵字 "安全"; 文章資訊: 2020-11-10 16:46:02, 李國毅挑戰八點檔尺度光屁股露臀溝自嘲是脫星, https://stars.udn.com/star/story/10091/5004177
         >>> 找到關鍵字 "安全"; 文章資訊: 2020-11-10 16:41:05, 英衛生大臣已要求NHS下月開始做好部署疫苗準備, https://udn.com/news/story/120944/5004159
         >>> 找到關鍵字 "安全"; 文章資訊: 2020-11-10 16:28:12, 美制裁4中港官員陸外交部要求立即撤銷, https://udn.com/news/story/7331/5004131
         >>> 找到關鍵字 "安全"; 文章資訊: 2020-11-10 16:22:00, 香菇水煮湯添香氣又不浪費小心湯頭變農藥喝下肚, https://health.udn.com/health/story/6037/5003854
         >>> 找到關鍵字 "安全"; 文章資訊: 2020-11-10 16:15:35, 交屋前必看驗屋必備10神器房產達人教3訣竅揪出衛浴漏水, https://house.udn.com/house/story/7541/5004077
         >>> 找到關鍵字 "安全"; 文章資訊: 2020-11-10 16:15:07, 國發會我與歐盟數位經濟對話下月舉行, https://udn.com/news/story/7238/5004071
         >>> 找到關鍵字 "安全"; 文章資訊: 2020-11-10 16:05:14, 中國事務專家無論誰領導美國美中將持續競爭, https://udn.com/news/story/121777/5003921
         >>> 找到關鍵字 "安全"; 文章資訊: 2020-11-10 16:02:38, 輝瑞疫苗試驗效力逾9成自豪沒拿白宮經費, https://udn.com/news/story/120944/5003926
         >>> 找到關鍵字 "安全"; 文章資訊: 2020-11-10 16:02:00, 國際禽流感疫情告急冬候鳥過境來台提醒注意防疫, https://health.udn.com/health/story/5961/5003221
         >>> 找到關鍵字 "安全"; 文章資訊: 2020-11-10 15:58:06, 日本首相顧問拜登將忙於內政別再指望美國領導, https://udn.com/news/story/121777/5003988
        ------------------------------------------------------
       >> 搜尋關鍵字:"槽車"; 網址:"https://udn.com/search/word/2/槽車"
         >>> 找到關鍵字 "槽車"; 文章資訊: 2020-11-09 12:49:05, 竹市MR實境災難場景超擬真抓出救災盲點, https://udn.com/news/story/7324/5000478
         <<< 2020-11-10 沒有更多 "槽車" 相關的新聞 !!! >>>
       >> 檔案輸出
        ------------------------------------------------------
      >> 下載新聞內容
      >> 下載 https://health.udn.com/health/story/5999/5003343, 總統牌乳酪驗出大腸桿菌超標11倍食藥署全數退運銷毀
      >> 下載 https://udn.com/news/story/7266/5003912, 農民北上怒轟工業搶水大安大甲溪輸水環評仍過初審
      >> 下載 https://udn.com/news/story/7266/5003343, 總統牌乳酪驗出大腸桿菌超標11倍食藥署全數退運銷毀
      >> 下載 https://udn.com/news/story/6656/5002948, 農田水利會改制後更慘自救會淪為農水轉出署
      >> 下載 https://udn.com/news/story/7266/5002897, 水利會自救總會陳抗批國庫補貼財團買水將成新常態
      >> 下載 https://udn.com/news/story/7238/5002868, 疫情帶動宅經濟第3季電腦及資訊服務業營業額逼近千億
      >> 下載 https://udn.com/news/story/7326/5004208, 雲林環保局長鄭育麟今起調參議張麗善遺缺尚無人選
      >> 下載 https://udn.com/news/story/7325/5004089, 鹿港轉運站BOT案招商許可年限50年
      >> 下載 https://udn.com/news/story/7326/5003917, 南市城西焚化廠屆齡整修完工開始規畫興建新爐
      >> 下載 https://udn.com/news/story/7324/5003679, 苗栗縣要挑戰27年未刪總預算幾成不可能的任務
      >> 下載 https://udn.com/news/story/6885/5001937, 中研院士劉炯朗7日辭世成大發文憶生前經典語錄
      >> 下載 https://udn.com/news/story/7333/5001293, 拜登宣布勝選中國股匯市齊揚
      >> 下載 https://health.udn.com/health/story/6029/5002941, 台灣乳癌好發年齡早歐美8至10年醫籲定期篩檢存活率高
      >> 下載 https://udn.com/news/story/7252/5004162, 美時10月營收1023億元年增384
      >> 下載 https://udn.com/news/story/7320/5003822, 大雅警分局建構校園安全網增設路燈加強巡邏
      >> 下載 https://udn.com/news/story/7240/5003610, 擴大校企整合GOLF學用接軌聯盟正式成立社團永續發展
      >> 下載 https://udn.com/news/story/7266/5003521, 同學麥娜絲黃信堯現實的殘酷往往是最溫暖的體貼換來世間的無情
      >> 下載 https://udn.com/news/story/7266/5002941, 台灣乳癌好發年齡早歐美8至10年醫籲定期篩檢存活率高
      >> 下載 https://udn.com/news/story/7315/5002907, 影中警掃毒逮22人查獲毒品705克
      >> 下載 https://udn.com/news/story/7879/5002502, 賽事心得太魯閣馬拉松意料之外的Sub4樂透開獎
      >> 下載 https://udn.com/news/story/7238/5002411, 蘋果聚光10月出口創新高
      >> 下載 https://udn.com/news/story/6885/5001502, 寒假不出國來趟賽恩斯的奇幻旅程小創客大進擊
      >> 下載 https://udn.com/news/story/7241/5001462, 崇越電10月營收年增逾6訂單回流全年拚正成長
      >> 下載 https://udn.com/news/story/7238/5001494, 10月出口靠3動能攀高11月傳統旺季拚連5紅
      >> 下載 https://udn.com/news/story/7324/5000478, 竹市MR實境災難場景超擬真抓出救災盲點
      >> 下載 https://udn.com/news/story/7321/5000225, 醫大生潑化骨水殺死老翁有精神疾病賠錢判15年定讞
      >> 下載 https://opinion.udn.com/opinion/story/12705/5000197, 林正義拜登勝選的未來方針美中關係從亂鬥到文鬥
      >> 下載 https://udn.com/news/story/6811/5003836, 印度知名電商遭駭2000萬客戶個資外洩
      >> 下載 https://udn.com/news/story/121687/5002834, 賀錦麗與矽谷好交情不代表會對科技巨頭放水
      >> 下載 https://udn.com/news/story/7320/4999975, 台南自助洗衣店氣爆消防局瓦斯桶應置放戶外通風處
      >> 下載 https://udn.com/news/story/7331/5004450, 杜魯多批中脅迫外交陸外交部掩蓋事實誤導公眾
      >> 下載 https://udn.com/news/story/7325/5004448, 影種菜免彎腰新型葉菜移植機獲南投農友青睞
      >> 下載 https://udn.com/news/story/7266/5004375, 自體免疫疾病者咳喘逾2月恐是肺纖維化警訊
      >> 下載 https://udn.com/news/story/7331/5004131, 美制裁4中港官員陸外交部要求立即撤銷
      >> 下載 https://udn.com/news/story/121687/5003260, 結果尚未確認川普總務署長拒簽文件拜登交接暫時卡住
      >> 下載 https://udn.com/news/story/7331/5003451, 以政治目的逮人美再制裁中港4官員
      >> 下載 https://udn.com/news/story/7321/5003645, 開槍掃射恐嚇秀水鄉代會前副主席手下判3年徒刑
      >> 下載 https://udn.com/news/story/9750/5003423, 民進黨執政全面失守民團籲重新協商萊豬進口
      >> 下載 https://udn.com/news/story/7266/5003143, 別再耍肺桃園天晟醫院戒菸班讓您6周擺脫菸癮
      >> 下載 https://udn.com/news/story/6656/5003028, 影大陸抽砂船屢越界綠委提建言擴大執法
      >> 下載 https://udn.com/news/story/7320/5002997, 綠島垃圾掩埋場悶燒全島臭4天
      >> 下載 https://udn.com/news/story/7315/5002907, 影中警掃毒逮22人查獲毒品705克
      >> 下載 https://udn.com/news/story/7321/5002905, 王浩宇指時力黨工涉毒賠40萬道歉受害人王要負責
      >> 下載 https://udn.com/news/story/7315/5002791, 父子爭吵氣到亮槍兒逃命報警我爸爸有槍
      >> 下載 https://udn.com/news/story/7320/5002635, 他為狼犬出氣殺傷飼主狼犬未感恩狂吠來護主
      >> 下載 https://udn.com/news/story/7324/5001858, 竹縣松林國小增建校舍教育處喊卡
      >> 下載 https://udn.com/news/story/11091/5001513, 重磅快評蘇貞昌道歉後請出馬維拉是玩那種戲法
      >> 下載 https://udn.com/news/story/7315/5001473, 破獲10萬發子彈蘇貞昌嘉勉破案有功人員
      >> 下載 https://udn.com/news/story/7317/5001243, 影北捷出現變態七旬翁磨蹭女性射精12年被抓12次
      >> 下載 https://udn.com/news/story/6904/5001067, 生活中的素養課烤肉不要大腸癌與重大疾病有關的自由基知多少
      >> 下載 https://udn.com/news/story/7326/5003656, 影環保局長備詢挨批不適任張麗善哽咽拔官
      >> 下載 https://udn.com/news/story/7934/5003311, 萬里校園紅螃蟹現蹤海大太紅常被當聖誕蟹抓來賣
      >> 下載 https://udn.com/news/story/7470/5003311, 萬里校園紅螃蟹現蹤海大太紅常被當聖誕蟹抓來賣
      >> 下載 https://udn.com/news/story/7315/5002907, 影中警掃毒逮22人查獲毒品705克
      >> 下載 https://udn.com/news/story/6845/5000258, 恆春半島古調新唱騎行台26線
      >> 下載 https://udn.com/news/story/6813/5004298, 麥當勞推素肉產品鈉含量價格過高惹議
      >> 下載 https://udn.com/news/story/7327/5004211, 惡劣犯罪集團偷倒非法廢棄物台南河川地溶出有害物質
      >> 下載 https://health.udn.com/health/story/6037/5002648, 喝咖啡會致癌易發心血管疾病關於咖啡你該知道的3迷思
      >> 下載 https://udn.com/news/story/7339/5002369, 是LINE當機還是人當機
      >> 下載 https://udn.com/news/story/121687/5001709, 美總務署長傳從中作梗拜登過渡團隊沒法開展作業
      >> 下載 https://udn.com/news/story/6845/5000228, 回家跳舞布拉瑞揚舞團
      >> 下載 https://udn.com/news/story/6963/5000659, 品味1884培育活動滬尾之役創意料理線上課程
      >> 下載 https://udn.com/news/story/7324/5000218, 桃園石門楓活魚用三倍券還能A好康抽500元活魚美食券
      >> 下載 https://health.udn.com/health/story/6001/4996377, 醫病平台醫學和寫作找回當醫生的初衷從敘述苦痛中看到人性
      >> 下載 https://udn.com/news/story/7327/5004211, 惡劣犯罪集團偷倒非法廢棄物台南河川地溶出有害物質
      >> 下載 https://udn.com/news/story/7315/5002907, 影中警掃毒逮22人查獲毒品705克
      >> 下載 https://udn.com/news/story/7327/5002326, 30歲男發燒吐瀉掛急診竟需電擊還裝迷你葉克膜救命
      >> 下載 https://udn.com/news/story/7320/5004434, 影追車狂敲窗嚇壞女駕駛泰山男到案稱提醒她開太慢了
      >> 下載 https://udn.com/news/story/7320/5003338, 校安通報事件暴增國民黨智庫每天25人死亡
      >> 下載 https://udn.com/news/story/7315/5002907, 影中警掃毒逮22人查獲毒品705克
      >> 下載 https://udn.com/news/story/7321/5002905, 王浩宇指時力黨工涉毒賠40萬道歉受害人王要負責
      >> 下載 https://udn.com/news/story/6656/5002573, 政院要開治安會報了江啟臣好好做事別只會做圖
      >> 下載 https://udn.com/news/story/6656/5002395, 食安治安會報11月底前召開
      >> 下載 https://udn.com/news/story/7324/5001946, 斜槓人生攤商品管轉當警察穩定中求專業
      >> 下載 https://stars.udn.com/star/story/10091/5001438, 八點檔女星得知養女身世性格走鐘吸毒自殘
      >> 下載 https://udn.com/news/story/7327/5001354, 紙風車反毒戲劇工程列車巡迴高雄學生一起拯救浮士德
      >> 下載 https://udn.com/news/story/7320/5001136, 75歲婦遇假檢警險遭詐85萬老本
      >> 下載 https://udn.com/news/story/7314/5001012, 防制青少年藥癮紙風車反毒列車巡迴高市校園
      >> 下載 https://udn.com/news/story/6656/5000816, 行政院國內疫情穩定11月底召開食安治安等會報
      >> 下載 https://udn.com/news/story/121777/5000670, 拜登上台委內瑞拉總統盼與美恢復對話
      >> 下載 https://udn.com/news/story/6656/5000528, 終於要開會了政院月底前開食安會報治安會報
      >> 下載 https://udn.com/news/story/7315/5000467, 涉賣液態搖頭丸原料不算販毒法官仍這樣判他須入獄
      >> 下載 https://udn.com/news/story/7320/5000455, 影毒品通緝犯擁槍涉扮假刑警永康警大賣場逮人制伏
      >> 下載 https://udn.com/news/story/121687/5000345, 曾和賀錦麗同桌交流檢察官她充滿魅力熱情
      >> 下載 https://udn.com/news/story/7315/5000209, 新北保大巡邏遇龜速男摸一摸竟掉出兩顆彈
      >> 下載 https://udn.com/news/story/7315/5000133, 警察搜索車頂掉出2顆子彈內褲掉出2包安毒
      >> 下載 https://health.udn.com/health/story/5999/5003343, 總統牌乳酪驗出大腸桿菌超標11倍食藥署全數退運銷毀
      >> 下載 https://udn.com/news/story/7266/5003343, 總統牌乳酪驗出大腸桿菌超標11倍食藥署全數退運銷毀
      >> 下載 https://health.udn.com/health/story/6037/5002648, 喝咖啡會致癌易發心血管疾病關於咖啡你該知道的3迷思
      >> 下載 https://udn.com/news/story/6904/5001067, 生活中的素養課烤肉不要大腸癌與重大疾病有關的自由基知多少
      >> 下載 https://udn.com/news/story/7266/5000798, 補助燃油車難減碳環保署過渡期
      >> 下載 https://health.udn.com/health/story/6016/5000328, 癌細胞數目不到35億個之前影像學通常看不到名醫揭關鍵這項檢查一定得做
      >> 下載 https://udn.com/news/story/7327/5004211, 惡劣犯罪集團偷倒非法廢棄物台南河川地溶出有害物質
      >> 下載 https://health.udn.com/health/story/6037/5003854, 香菇水煮湯添香氣又不浪費小心湯頭變農藥喝下肚
      >> 下載 https://udn.com/news/story/7326/5003656, 影環保局長備詢挨批不適任張麗善哽咽拔官
      >> 下載 https://udn.com/news/story/7325/5004193, 突破農產出口困境南投木瓜今上櫃啟運外銷香港
      >> 下載 https://udn.com/news/story/7321/5004183, 1年內連4次違反食安法知名量販店提行政訴訟遭駁回
      >> 下載 https://health.udn.com/health/story/6037/5003854, 香菇水煮湯添香氣又不浪費小心湯頭變農藥喝下肚
      >> 下載 https://udn.com/news/story/9750/5003900, 萊豬爭議屏東藍營提案修食安條例批潘孟安慢半拍
      >> 下載 https://udn.com/news/story/7320/5003338, 校安通報事件暴增國民黨智庫每天25人死亡
      >> 下載 https://udn.com/news/story/9750/5003122, 國民黨要求重啟美豬美牛談判鄭運鵬扯台灣後腿
      >> 下載 https://udn.com/news/story/9750/5003071, 朱立倫萊豬內臟進口希望民進黨能重啟談判
      >> 下載 https://udn.com/news/story/7338/5002382, 聯合報社論機動會議是政院擅權失職的狡詞
      >> 下載 https://udn.com/news/story/7340/5002349, 劉維公當我塑膠之社會語意學考察
      >> 下載 https://udn.com/news/story/6656/5002395, 食安治安會報11月底前召開
      >> 下載 https://udn.com/news/story/9750/5002394, 蘇揆萊豬進口不會自毀承諾
      >> 下載 https://udn.com/news/story/7266/5000592, 食藥署2020年全新主題食安小紅帽透過玩中學了解食品安全知識
      >> 下載 https://udn.com/news/story/6656/5001573, 因應枯水期行政院今舉行災害防救委員會議抗旱
      >> 下載 https://udn.com/news/story/6656/5001404, 海地駐台大使庫珀將離任獲頒大綬景星勳章
      >> 下載 https://udn.com/news/story/9750/5001330, 拜登政府新上台學者籲重啟萊豬談判
      >> 下載 https://udn.com/news/story/6656/5000816, 行政院國內疫情穩定11月底召開食安治安等會報
      >> 下載 https://udn.com/news/story/9750/5000803, 萊豬瘦肉精宜蘭是否堅持零檢出議員意見分歧
      >> 下載 https://udn.com/news/story/9750/5000655, 張麗善與柯文哲午間吃播強調雲林豬肉零瘦肉精
      >> 下載 https://udn.com/news/story/9750/5000540, 影美豬進口爭議蘇貞昌台灣開放美牛進口8年也都沒事
      >> 下載 https://udn.com/news/story/6656/5000528, 終於要開會了政院月底前開食安會報治安會報
      >> 下載 https://udn.com/news/story/7266/4994946, 雪莉優雅允臻其極TheDalmore大摩雪莉三桶12年臻選上市
      >> 下載 https://udn.com/news/story/6813/5004298, 麥當勞推素肉產品鈉含量價格過高惹議
      >> 下載 https://udn.com/news/story/7252/5004158, 春雨前三季EPS044元第4季營運展望樂觀
      >> 下載 https://udn.com/news/story/7266/5003825, 減空汙誘因再加碼防制費率差距要拉大3倍
      >> 下載 https://udn.com/news/story/6885/5003146, 食農教育帶動水里巧克力產業小學生興奮參與甜點製作
      >> 下載 https://udn.com/news/story/7207/5001397, 影流口水了鹿港老師傅辦桌手路菜鹿溪宴每桌4千
      >> 下載 https://udn.com/news/story/7266/4985516, 現在的福島究竟是什麼樣子
      >> 下載 https://udn.com/news/story/7241/5002134, 伸仁口罩耳帶國家隊採用
      >> 下載 https://udn.com/news/story/7241/5001823, 趨勢觀察嚴控金流防範黑字倒閉
      >> 下載 https://udn.com/news/story/7241/5001998, 德麥今年前三季EPS為1165元賺超過一個股本
      >> 下載 https://udn.com/news/story/7241/5001580, 鼎炫第3季EPS508元前三季EPS逾一個股本再創新高
      >> 下載 https://udn.com/news/story/7325/5001397, 影流口水了鹿港老師傅辦桌手路菜鹿溪宴每桌4千
      >> 下載 https://udn.com/news/story/6853/5000916, 廟宇界的米開朗基羅行動小廟跑遍亞洲訂單
      >> 下載 https://udn.com/news/story/7241/5000489, 豐興調漲型鋼每噸500元廢鋼與鋼筋持平
      >> 下載 https://udn.com/news/story/7315/5000467, 涉賣液態搖頭丸原料不算販毒法官仍這樣判他須入獄
      >> 下載 https://udn.com/news/story/7241/5000325, 新冠試劑報喜尖端醫取得歐盟CE標誌與完成註冊
      >> 下載 https://udn.com/news/story/7251/5004068, 連八年賺逾一股本瓦城前3季EPS達1103元
      >> 下載 https://udn.com/news/story/7254/5004066, 瓦城泰統前三季EPS1103元連八年賺逾一股本
      >> 下載 https://udn.com/news/story/7266/5002827, 光棍又怎樣十大鄉民最愛單身爽事盤點揮別錯的人更快樂
      >> 下載 https://udn.com/news/story/7934/5003084, 粉紅聖誕樹粉嫩旋轉木馬板橋大遠百LOVEPINK耶誕樂園激發少女心
      >> 下載 https://udn.com/news/story/7320/5002877, 高雄一國小廚房鍋爐氣爆碎玻璃殘物四濺噴飛人行道
      >> 下載 https://udn.com/news/story/7238/5001689, 政院肯定經部枯水期抗旱預先備戰明年稻作供灌
      >> 下載 https://udn.com/news/story/7238/5001678, 將進入枯水期行政院落實抗旱積極作法
      >> 下載 https://udn.com/news/story/6656/5001573, 因應枯水期行政院今舉行災害防救委員會議抗旱
      >> 下載 https://udn.com/news/story/7321/5001018, 台南自助洗衣店氣爆供氣瓦斯行違法遭開罰
      >> 下載 https://udn.com/news/story/7240/5000854, iPhone12第二波預購續旺電信商不辦開賣造勢
      >> 下載 https://udn.com/news/story/7320/4999975, 台南自助洗衣店氣爆消防局瓦斯桶應置放戶外通風處
      >> 下載 https://health.udn.com/health/story/6037/5003236, 迴轉壽司越便宜熱量越高營養師揭最聰明吃法
      >> 下載 https://udn.com/news/story/7266/5003236, 迴轉壽司越便宜熱量越高營養師揭最聰明吃法
      >> 下載 https://health.udn.com/health/story/6037/5002839, 解決便祕的直通快車3成份讓加州黑棗對便祕有功效
      >> 下載 https://style.udn.com/style/story/8403/5000216, 今年秋冬不要錯過跟上日妞都在瘋的柿子橘鬼靈精怪超可愛
      >> 下載 https://udn.com/news/story/7325/5004311, 盧秀燕戴獅子頭帽到梧棲先向大家說明為何有此裝扮
      >> 下載 https://stars.udn.com/star/story/10090/5004278, 劉德華慘被炸斷腿畫面曝光香港大橋全毀捲千呎巨浪
      >> 下載 https://udn.com/news/story/7320/5003438, 高雄苓洲國小鍋爐爆炸教育局要求加強檢測保養
      >> 下載 https://udn.com/news/story/6809/5003497, 貝魯特大爆炸後3個月黎巴嫩人創傷未平一聽施工聲就驚慌
      >> 下載 https://udn.com/news/story/6656/5003142, 盧秀燕戴獅子頭萌爆網友點名比綠營兩首長硬蹭好
      >> 下載 https://udn.com/news/story/7325/5003089, 盧秀燕戴獅子頭帽跑行程挺職棒行銷台中
      >> 下載 https://udn.com/news/story/7320/5002877, 高雄一國小廚房鍋爐氣爆碎玻璃殘物四濺噴飛人行道
      >> 下載 https://udn.com/news/story/7320/5002760, 高雄苓洲國小鍋爐故障爆炸聲震破玻璃幸無人傷
      >> 下載 https://udn.com/news/story/7879/5002038, 賽事心得2019柏林馬拉松盼呀盼總算拼到破三
      >> 下載 https://udn.com/news/story/6812/5001621, 1989年11月9日柏林牆被打開的那一天
      >> 下載 https://stars.udn.com/star/story/10091/5001890, 劉冠廷百萬打造豪宅曝光耗15個月做華麗噴水池花園
      >> 下載 https://udn.com/news/story/7331/5001372, 反送中校園烽火一週年示威者警員各有感觸
      >> 下載 https://udn.com/news/story/7241/5001268, 台商回流火熱國產Q3獲利再暴衝21倍
      >> 下載 https://health.udn.com/health/story/120952/5004326, 新加坡聯手美藥廠研發疫苗首批明年初抵星
      >> 下載 https://udn.com/news/story/120944/5004326, 新加坡聯手美藥廠研發疫苗首批明年初抵星
      >> 下載 https://udn.com/news/story/7241/5004189, 企業帶頭降低學用落差GOLF聯盟宣布立案社團法人
      >> 下載 https://udn.com/news/story/7238/5004071, 國發會我與歐盟數位經濟對話下月舉行
      >> 下載 https://udn.com/news/story/7239/5003876, 迎雙11台新銀行攜手遠傳推線上申貸手續費僅1111元
      >> 下載 https://udn.com/news/story/7240/5003751, 十銓科技10月營收57億元市況回常軌月減逾2成
      >> 下載 https://udn.com/news/story/7320/5003338, 校安通報事件暴增國民黨智庫每天25人死亡
      >> 下載 https://udn.com/news/story/7324/5003159, 竹縣AI智慧園區北側共融式公園預計明年開放
      >> 下載 https://house.udn.com/house/story/5887/5002913, 藏壽司專挑新興重劃區展店專家解疑房市另類指標
      >> 下載 https://udn.com/news/story/7251/5002749, MSCI季調將公布法人預測四檔入摩機率大
      >> 下載 https://udn.com/news/story/7268/5002701, 2021辛丑牛年這些生肖財運爆棚天降橫財偏財運大好
      >> 下載 https://udn.com/news/story/7251/5002708, MSCI最新季度調整將出爐法人看好這4檔入列在望
      >> 下載 https://udn.com/news/story/6850/5001215, 進入拜登時代這4大族群將崛起
      >> 下載 https://udn.com/news/story/7238/5002691, 選後市場信心回籠投資人重新擁抱美國股票型ETF
      >> 下載 https://udn.com/news/story/7239/5002689, 美股資金淨流入居冠量價同步回溫
      >> 下載 https://udn.com/news/story/7251/5002685, 慶祝選後行情台股今年以來最吸金
      >> 下載 https://udn.com/news/story/7238/5002687, 大選情勢逐漸明朗風險債券動能轉強
      >> 下載 https://udn.com/news/story/7238/5002413, 財部供應鏈重組仍是進行式
      >> 下載 https://udn.com/news/story/6811/5002470, 雙利多加持全球股市狂飆油價漲10
      >> 下載 https://udn.com/news/story/7238/5002411, 蘋果聚光10月出口創新高
      >> 下載 https://udn.com/news/story/7328/5004384, 花蓮環保局利用車牌辨識系統加強空汙管控
      >> 下載 https://udn.com/news/story/7326/5003917, 南市城西焚化廠屆齡整修完工開始規畫興建新爐
      >> 下載 https://udn.com/news/story/7266/5003825, 減空汙誘因再加碼防制費率差距要拉大3倍
      >> 下載 https://autos.udn.com/autos/story/7825/5003544, 載重安全動力環保同步升級DFSK大穩發S25t歐六改版上市
      >> 下載 https://udn.com/news/story/6897/5003060, 特斯拉的這項無形產品在一年內營收翻倍突破十億美元
      >> 下載 https://ubrand.udn.com/ubrand/story/12117/5003157, 拜登的氣候計畫美國下一步何謂綠色新政
      >> 下載 https://opinion.udn.com/opinion/story/120491/5003069, 拜登是歐巴馬20面對後川普世界新任美國總統的外交挑戰
      >> 下載 https://udn.com/news/story/7241/5002141, 能源論壇三縣市首長分享節能治理
      >> 下載 https://udn.com/news/story/7314/5002513, 福島核廢水擬入海立院關切因應計畫
      >> 下載 https://udn.com/news/story/7266/5002511, 油車吸乾機車換購補助環署挨轟
      >> 下載 https://udn.com/news/story/7266/5002003, 健康你我他出門必戴口罩防汙保護氣管
      >> 下載 https://udn.com/news/story/7328/5001953, 廢水直接排入海七星潭旁飄臭
      >> 下載 https://health.udn.com/health/story/9559/5002003, 抗空汙超前部署出門必戴口罩防汙保護氣管
      >> 下載 https://udn.com/news/story/6811/5001386, 美國超級高鐵首度載客測試未來時速可達1000公里
      >> 下載 https://udn.com/news/story/6811/5001295, 淨零排放需經濟轉型聯合國特使籲企業把握商機
      >> 下載 https://udn.com/news/story/121687/5001173, 影拜登新政府返全球組織澳洲總理莫里森樂觀其成
      >> 下載 https://udn.com/news/story/7241/5001140, 長榮海運第五艘F型新船長裕輪交付營運增添新動能
      >> 下載 https://udn.com/news/story/7314/5001076, 原能會台灣海域福島氚輻射監測結果皆正常
      >> 下載 https://udn.com/news/story/7241/5001108, 優質服務再升級長榮海運第五艘F型新船交付營運
      >> 下載 https://udn.com/news/story/121687/5001014, 拜登宣示重返巴黎協定澳洲總理樂觀其成
      >> 下載 https://udn.com/news/story/6809/5004294, 未揭露氣候經濟風險澳洲學生告政府
      >> 下載 https://udn.com/news/story/7266/5004300, 農委會研發果園高空作業機果農不再怕摔傷
      >> 下載 https://health.udn.com/health/story/6037/5003854, 香菇水煮湯添香氣又不浪費小心湯頭變農藥喝下肚
      >> 下載 https://health.udn.com/health/story/5999/5003343, 總統牌乳酪驗出大腸桿菌超標11倍食藥署全數退運銷毀
      >> 下載 https://udn.com/news/story/7266/5003343, 總統牌乳酪驗出大腸桿菌超標11倍食藥署全數退運銷毀
      >> 下載 https://udn.com/news/story/7321/5002945, 潑糞保護傘餐廳案4嫌移審台北地院
      >> 下載 https://udn.com/news/story/7321/5001405, 橋檢再逮無良業者棄置廢棄物主嫌裁定收押
      >> 下載 https://udn.com/news/story/7323/5001298, 五股觀音山淪垃圾暫置場慘禿頭居民抗爭市府喊停
      >> 下載 https://udn.com/news/story/6904/5001067, 生活中的素養課烤肉不要大腸癌與重大疾病有關的自由基知多少
      >> 下載 https://udn.com/news/story/7328/5000757, 花蓮七星潭大排直入海議員憂美景失色
      >> 下載 https://udn.com/news/story/7321/5000490, 保護傘餐廳遭潑穢物檢中國金主幕後操縱
      >> 下載 https://udn.com/news/story/7321/5000538, 香港保護傘餐廳潑糞案北檢我國是華人世界民主港灣
      >> 下載 https://udn.com/news/story/6845/5000236, 對世界作出貢獻2020年唐獎
      >> 下載 https://udn.com/news/story/7314/5002513, 福島核廢水擬入海立院關切因應計畫
      >> 下載 https://udn.com/news/story/7328/5001953, 廢水直接排入海七星潭旁飄臭
      >> 下載 https://udn.com/news/story/7314/5001076, 原能會台灣海域福島氚輻射監測結果皆正常
      >> 下載 https://udn.com/news/story/7328/5000895, 七星潭旁大排散發惡臭花縣府研擬做汙水處理廠
      >> 下載 https://udn.com/news/story/7324/5000855, 豆子埔溪缺水新竹縣府鑿深井挖蓄水深槽盼改善
      >> 下載 https://udn.com/news/story/7328/5000757, 花蓮七星潭大排直入海議員憂美景失色
      >> 下載 https://udn.com/news/story/7314/5000299, 日本福島核廢水擬排入海立委要求跨部會研議因應措施
      >> 下載 https://udn.com/news/story/7328/5000757, 花蓮七星潭大排直入海議員憂美景失色
      >> 下載 https://udn.com/news/story/7323/5000428, 侯友宜整治中永和瓦磘溝營造良好親水環境
      >> 下載 https://udn.com/news/story/7332/5000255, 母攜子女開煤氣自殺亡家人牽手畫寫對不起
      >> 下載 https://udn.com/news/story/7324/5000478, 竹市MR實境災難場景超擬真抓出救災盲點
      >> 下載 https://udn.com/news/story/7331/5004450, 杜魯多批中脅迫外交陸外交部掩蓋事實誤導公眾
      >> 下載 https://udn.com/news/story/7266/5004300, 農委會研發果園高空作業機果農不再怕摔傷
      >> 下載 https://udn.com/news/story/7323/5004321, 台南要抓了公車停靠站十公尺內不准停車違者開罰
      >> 下載 https://udn.com/news/story/120944/5004249, 中國新冠疫苗在巴西試驗出包北京與疫苗無關
      >> 下載 https://udn.com/news/story/7238/5004264, 經濟部明年投入28億推動產業AI從製造業擴散到服務業
      >> 下載 https://udn.com/news/story/7005/5004194, 拔河年度封關戰協會盃14日登場
      >> 下載 https://udn.com/news/story/7324/5004215, 湖口工業區交通壅塞竹縣議員羅美文關心共乘交通車推動
      >> 下載 https://stars.udn.com/star/story/10093/5003901, 艾蜜莉在巴黎才是我的冒險樂園
      >> 下載 https://udn.com/news/story/6885/5004201, 一年15萬件校安通報每天25位學生死亡教育部回應了
      >> 下載 https://udn.com/news/story/7320/5004180, 10米高工地綁鋼筋沒護欄工人才上班二天疑手滑摔死
      >> 下載 https://stars.udn.com/star/story/10091/5004177, 李國毅挑戰八點檔尺度光屁股露臀溝自嘲是脫星
      >> 下載 https://udn.com/news/story/120944/5004159, 英衛生大臣已要求NHS下月開始做好部署疫苗準備
      >> 下載 https://udn.com/news/story/7331/5004131, 美制裁4中港官員陸外交部要求立即撤銷
      >> 下載 https://health.udn.com/health/story/6037/5003854, 香菇水煮湯添香氣又不浪費小心湯頭變農藥喝下肚
      >> 下載 https://house.udn.com/house/story/7541/5004077, 交屋前必看驗屋必備10神器房產達人教3訣竅揪出衛浴漏水
      >> 下載 https://udn.com/news/story/7238/5004071, 國發會我與歐盟數位經濟對話下月舉行
      >> 下載 https://udn.com/news/story/121777/5003921, 中國事務專家無論誰領導美國美中將持續競爭
      >> 下載 https://udn.com/news/story/120944/5003926, 輝瑞疫苗試驗效力逾9成自豪沒拿白宮經費
      >> 下載 https://health.udn.com/health/story/5961/5003221, 國際禽流感疫情告急冬候鳥過境來台提醒注意防疫
      >> 下載 https://udn.com/news/story/121777/5003988, 日本首相顧問拜登將忙於內政別再指望美國領導
      >> 下載 https://udn.com/news/story/7324/5000478, 竹市MR實境災難場景超擬真抓出救災盲點
