     -----> 新聞爬蟲：中國時報電子報

           <<< 中國時報電子報新聞搜尋 >>>
        ------------------------------------------------------
        ------------------------------------------------------
       >> 搜尋關鍵字:"工業用"; 網址:"https://www.chinatimes.com/search/工業用?page=1&chdtv"
         >>> 找到關鍵字 "工業用"; 文章資訊: 2020-11-10 04:09:00, 哈林嘉義智慧綠能工廠年底啟用, https://www.chinatimes.com/newspapers/20201110000279-260204
         <<< 2020-11-10 沒有更多 "工業用" 相關的新聞 !!! >>>
        ------------------------------------------------------
       >> 搜尋關鍵字:"化工"; 網址:"https://www.chinatimes.com/search/化工?page=1&chdtv"
         <<< 2020-11-10 沒有更多 "化工" 相關的新聞 !!! >>>
        ------------------------------------------------------
       >> 搜尋關鍵字:"化災"; 網址:"https://www.chinatimes.com/search/化災?page=1&chdtv"
         <<< 2020-11-10 沒有更多 "化災" 相關的新聞 !!! >>>
        ------------------------------------------------------
       >> 搜尋關鍵字:"化學"; 網址:"https://www.chinatimes.com/search/化學?page=1&chdtv"
         <<< 2020-11-10 沒有更多 "化學" 相關的新聞 !!! >>>
        ------------------------------------------------------
       >> 搜尋關鍵字:"外洩"; 網址:"https://www.chinatimes.com/search/外洩?page=1&chdtv"
         >>> 找到關鍵字 "外洩"; 文章資訊: 2020-11-09 20:21:00, 甜美女神遭曝和台灣富少荒淫情史開腿自摸事後照外洩低潮6年, https://www.chinatimes.com/realtimenews/20201109003537-260404
         <<< 2020-11-10 沒有更多 "外洩" 相關的新聞 !!! >>>
        ------------------------------------------------------
       >> 搜尋關鍵字:"危害"; 網址:"https://www.chinatimes.com/search/危害?page=1&chdtv"
         <<< 2020-11-10 沒有更多 "危害" 相關的新聞 !!! >>>
        ------------------------------------------------------
       >> 搜尋關鍵字:"有毒"; 網址:"https://www.chinatimes.com/search/有毒?page=1&chdtv"
         <<< 2020-11-10 沒有更多 "有毒" 相關的新聞 !!! >>>
        ------------------------------------------------------
       >> 搜尋關鍵字:"有害"; 網址:"https://www.chinatimes.com/search/有害?page=1&chdtv"
         <<< 2020-11-10 沒有更多 "有害" 相關的新聞 !!! >>>
        ------------------------------------------------------
       >> 搜尋關鍵字:"色料"; 網址:"https://www.chinatimes.com/search/色料?page=1&chdtv"
         <<< 2020-11-10 沒有更多 "色料" 相關的新聞 !!! >>>
        ------------------------------------------------------
       >> 搜尋關鍵字:"色素"; 網址:"https://www.chinatimes.com/search/色素?page=1&chdtv"
         <<< 2020-11-10 沒有更多 "色素" 相關的新聞 !!! >>>
        ------------------------------------------------------
       >> 搜尋關鍵字:"毒性"; 網址:"https://www.chinatimes.com/search/毒性?page=1&chdtv"
         <<< 2020-11-10 沒有更多 "毒性" 相關的新聞 !!! >>>
        ------------------------------------------------------
       >> 搜尋關鍵字:"毒品"; 網址:"https://www.chinatimes.com/search/毒品?page=1&chdtv"
         >>> 找到關鍵字 "毒品"; 文章資訊: 2020-11-10 17:34:00, 淨化轄內營業場所中警強力掃毒逮22人, https://www.chinatimes.com/realtimenews/20201110005039-260402
         >>> 找到關鍵字 "毒品"; 文章資訊: 2020-11-09 13:01:00, 毒品通緝犯造假證件扮刑警真刑警一秒識破逮人, https://www.chinatimes.com/realtimenews/20201109002734-260402
         >>> 找到關鍵字 "毒品"; 文章資訊: 2020-11-09 17:41:00, 原料謊稱毒品男子成功躲釣魚仍吃詐欺官司, https://www.chinatimes.com/realtimenews/20201109004584-260402
         <<< 2020-11-10 沒有更多 "毒品" 相關的新聞 !!! >>>
        ------------------------------------------------------
       >> 搜尋關鍵字:"致癌"; 網址:"https://www.chinatimes.com/search/致癌?page=1&chdtv"
         <<< 2020-11-10 沒有更多 "致癌" 相關的新聞 !!! >>>
        ------------------------------------------------------
       >> 搜尋關鍵字:"重金屬"; 網址:"https://www.chinatimes.com/search/重金屬?page=1&chdtv"
         <<< 2020-11-10 沒有更多 "重金屬" 相關的新聞 !!! >>>
        ------------------------------------------------------
       >> 搜尋關鍵字:"食安"; 網址:"https://www.chinatimes.com/search/食安?page=1&chdtv"
         >>> 找到關鍵字 "食安"; 文章資訊: 2020-11-10 04:09:00, 雲林零瘦肉精聯盟護食安到底, https://www.chinatimes.com/newspapers/20201110000618-260107
         >>> 找到關鍵字 "食安"; 文章資訊: 2020-11-10 13:55:00, 潘孟安施政總報告議員質疑故意跳過美豬, https://www.chinatimes.com/realtimenews/20201110003241-260407
         >>> 找到關鍵字 "食安"; 文章資訊: 2020-11-09 12:38:00, 治安食安會報都回來了政院6會報本月召開, https://www.chinatimes.com/realtimenews/20201109002476-260407
         >>> 找到關鍵字 "食安"; 文章資訊: 2020-11-09 13:57:00, 觀光股安心加速數位轉型旗下安惠資訊正式營運, https://www.chinatimes.com/realtimenews/20201109002994-260410
         <<< 2020-11-10 沒有更多 "食安" 相關的新聞 !!! >>>
        ------------------------------------------------------
       >> 搜尋關鍵字:"香料"; 網址:"https://www.chinatimes.com/search/香料?page=1&chdtv"
         <<< 2020-11-10 沒有更多 "香料" 相關的新聞 !!! >>>
        ------------------------------------------------------
       >> 搜尋關鍵字:"原料"; 網址:"https://www.chinatimes.com/search/原料?page=1&chdtv"
         >>> 找到關鍵字 "原料"; 文章資訊: 2020-11-10 04:09:00, 立歐研發環保吸管耐用耐高溫, https://www.chinatimes.com/newspapers/20201110000374-260208
         >>> 找到關鍵字 "原料"; 文章資訊: 2020-11-09 17:41:00, 原料謊稱毒品男子成功躲釣魚仍吃詐欺官司, https://www.chinatimes.com/realtimenews/20201109004584-260402
         <<< 2020-11-10 沒有更多 "原料" 相關的新聞 !!! >>>
        ------------------------------------------------------
       >> 搜尋關鍵字:"氣爆"; 網址:"https://www.chinatimes.com/search/氣爆?page=1&chdtv"
         >>> 找到關鍵字 "氣爆"; 文章資訊: 2020-11-10 12:40:00, 高雄某國小鍋爐室氣爆玻璃噴飛幸無人傷亡, https://www.chinatimes.com/realtimenews/20201110002956-260402
         <<< 2020-11-10 沒有更多 "氣爆" 相關的新聞 !!! >>>
        ------------------------------------------------------
       >> 搜尋關鍵字:"添加物"; 網址:"https://www.chinatimes.com/search/添加物?page=1&chdtv"
         <<< 2020-11-10 沒有更多 "添加物" 相關的新聞 !!! >>>
        ------------------------------------------------------
       >> 搜尋關鍵字:"黑心"; 網址:"https://www.chinatimes.com/search/黑心?page=1&chdtv"
         <<< 2020-11-10 沒有更多 "黑心" 相關的新聞 !!! >>>
        ------------------------------------------------------
       >> 搜尋關鍵字:"漂白"; 網址:"https://www.chinatimes.com/search/漂白?page=1&chdtv"
         <<< 2020-11-10 沒有更多 "漂白" 相關的新聞 !!! >>>
        ------------------------------------------------------
       >> 搜尋關鍵字:"爆炸"; 網址:"https://www.chinatimes.com/search/爆炸?page=1&chdtv"
         >>> 找到關鍵字 "爆炸"; 文章資訊: 2020-11-10 09:39:00, 高雄苓洲國小廚房熱水鍋爐爆炸殘骸噴飛校外人行道嚇壞師生, https://www.chinatimes.com/realtimenews/20201110001561-260402
         <<< 2020-11-10 沒有更多 "爆炸" 相關的新聞 !!! >>>
        ------------------------------------------------------
       >> 搜尋關鍵字:"新興"; 網址:"https://www.chinatimes.com/search/新興?page=1&chdtv"
         >>> 找到關鍵字 "新興"; 文章資訊: 2020-11-10 04:09:00, 美大選落幕新興債買氣反撲, https://www.chinatimes.com/newspapers/20201110000386-260208
         >>> 找到關鍵字 "新興"; 文章資訊: 2020-11-10 04:09:00, 資金寬鬆新興亞股亞股基金後市可期, https://www.chinatimes.com/newspapers/20201110000392-260208
         >>> 找到關鍵字 "新興"; 文章資訊: 2020-11-10 16:50:00, 騙徒電話車輪戰警方及時攔阻保老本, https://www.chinatimes.com/realtimenews/20201110004769-260402
         >>> 找到關鍵字 "新興"; 文章資訊: 2020-11-10 10:54:00, 排隊名店進駐房價有撐藏壽司專愛開在這裡, https://www.chinatimes.com/realtimenews/20201110002107-260410
         >>> 找到關鍵字 "新興"; 文章資訊: 2020-11-09 21:29:00, 固定收益ETF續淨流入美國最熱, https://www.chinatimes.com/realtimenews/20201109005648-260410
         >>> 找到關鍵字 "新興"; 文章資訊: 2020-11-09 17:29:00, 營運升溫三福化誠泰科上緯投控獲利報喜, https://www.chinatimes.com/realtimenews/20201109004500-260410
         <<< 2020-11-10 沒有更多 "新興" 相關的新聞 !!! >>>
        ------------------------------------------------------
       >> 搜尋關鍵字:"爆裂物"; 網址:"https://www.chinatimes.com/search/爆裂物?page=1&chdtv"
         <<< 2020-11-10 沒有更多 "爆裂物" 相關的新聞 !!! >>>
        ------------------------------------------------------
       >> 搜尋關鍵字:"IED"; 網址:"https://www.chinatimes.com/search/IED?page=1&chdtv"
        ------------------------------------------------------
       >> 搜尋關鍵字:"IED"; 網址:"https://www.chinatimes.com/search/IED?page=2&chdtv"
        ------------------------------------------------------
       >> 搜尋關鍵字:"IED"; 網址:"https://www.chinatimes.com/search/IED?page=3&chdtv"
        ------------------------------------------------------
       >> 搜尋關鍵字:"IED"; 網址:"https://www.chinatimes.com/search/IED?page=4&chdtv"
        ------------------------------------------------------
       >> 搜尋關鍵字:"IED"; 網址:"https://www.chinatimes.com/search/IED?page=5&chdtv"
        ------------------------------------------------------
       >> 搜尋關鍵字:"IED"; 網址:"https://www.chinatimes.com/search/IED?page=6&chdtv"
        ------------------------------------------------------
       >> 搜尋關鍵字:"IED"; 網址:"https://www.chinatimes.com/search/IED?page=7&chdtv"
        ------------------------------------------------------
       >> 搜尋關鍵字:"IED"; 網址:"https://www.chinatimes.com/search/IED?page=8&chdtv"
        ------------------------------------------------------
       >> 搜尋關鍵字:"IED"; 網址:"https://www.chinatimes.com/search/IED?page=9&chdtv"
        ------------------------------------------------------
       >> 搜尋關鍵字:"排放"; 網址:"https://www.chinatimes.com/search/排放?page=1&chdtv"
         >>> 找到關鍵字 "排放"; 文章資訊: 2020-11-10 04:09:00, 安侯建業專欄淺談碳排放權交易之財稅處理, https://www.chinatimes.com/newspapers/20201110000233-260205
         >>> 找到關鍵字 "排放"; 文章資訊: 2020-11-10 04:09:00, 雲林六輕節水有一套1滴水用7次, https://www.chinatimes.com/newspapers/20201110000640-260107
         <<< 2020-11-10 沒有更多 "排放" 相關的新聞 !!! >>>
        ------------------------------------------------------
       >> 搜尋關鍵字:"污染"; 網址:"https://www.chinatimes.com/search/污染?page=1&chdtv"
         <<< 2020-11-10 沒有更多 "污染" 相關的新聞 !!! >>>
        ------------------------------------------------------
       >> 搜尋關鍵字:"廢水"; 網址:"https://www.chinatimes.com/search/廢水?page=1&chdtv"
         <<< 2020-11-10 沒有更多 "廢水" 相關的新聞 !!! >>>
        ------------------------------------------------------
       >> 搜尋關鍵字:"污水"; 網址:"https://www.chinatimes.com/search/污水?page=1&chdtv"
         >>> 找到關鍵字 "污水"; 文章資訊: 2020-11-10 16:59:00, 污水工程3度流標示範道路破爛不堪引民怨, https://www.chinatimes.com/realtimenews/20201110004806-260405
         >>> 找到關鍵字 "污水"; 文章資訊: 2020-11-09 14:30:00, 花蓮七星潭大排水溝臭氣衝天議員要求建置污水處理系統, https://www.chinatimes.com/realtimenews/20201109003145-260421
         <<< 2020-11-10 沒有更多 "污水" 相關的新聞 !!! >>>
        ------------------------------------------------------
       >> 搜尋關鍵字:"洩漏"; 網址:"https://www.chinatimes.com/search/洩漏?page=1&chdtv"
         >>> 找到關鍵字 "洩漏"; 文章資訊: 2020-11-10 10:21:00, TWICE志效分手姜丹尼爾1年情GG密友洩漏情斷內幕, https://www.chinatimes.com/realtimenews/20201110001881-260404
         <<< 2020-11-10 沒有更多 "洩漏" 相關的新聞 !!! >>>
        ------------------------------------------------------
       >> 搜尋關鍵字:"暗管"; 網址:"https://www.chinatimes.com/search/暗管?page=1&chdtv"
         <<< 2020-11-10 沒有更多 "暗管" 相關的新聞 !!! >>>
        ------------------------------------------------------
       >> 搜尋關鍵字:"偷排"; 網址:"https://www.chinatimes.com/search/偷排?page=1&chdtv"
         <<< 2020-11-10 沒有更多 "偷排" 相關的新聞 !!! >>>
        ------------------------------------------------------
       >> 搜尋關鍵字:"安全"; 網址:"https://www.chinatimes.com/search/安全?page=1&chdtv"
         >>> 找到關鍵字 "安全"; 文章資訊: 2020-11-10 15:31:00, 高市警攜手保全業公會強化校園安全網, https://www.chinatimes.com/realtimenews/20201110003982-260402
         >>> 找到關鍵字 "安全"; 文章資訊: 2020-11-10 17:27:00, 台電大觀發電廠送警報器居家安全有保障, https://www.chinatimes.com/realtimenews/20201110004993-260421
         >>> 找到關鍵字 "安全"; 文章資訊: 2020-11-10 09:28:00, 不滿香港實施國安法美國再出手制裁4中港官員, https://www.chinatimes.com/realtimenews/20201110001461-260409
         >>> 找到關鍵字 "安全"; 文章資訊: 2020-11-10 15:18:00, 一年學生死亡828人疾病及交通意外為大宗, https://www.chinatimes.com/realtimenews/20201110003890-260405
         >>> 找到關鍵字 "安全"; 文章資訊: 2020-11-10 14:17:00, 養生料理訓練班培養就職力創造勞工就業機會, https://www.chinatimes.com/realtimenews/20201110003434-260421
         >>> 找到關鍵字 "安全"; 文章資訊: 2020-11-10 15:32:00, 馬國女大生遇害案後南市警宣導學童應攜帶蜂鳴器口哨, https://www.chinatimes.com/realtimenews/20201110004015-260405
         >>> 找到關鍵字 "安全"; 文章資訊: 2020-11-10 11:10:00, 關心校安校長會長區長議員齊聚一堂, https://www.chinatimes.com/realtimenews/20201110002242-260405
         >>> 找到關鍵字 "安全"; 文章資訊: 2020-11-10 11:20:00, 基隆嶼海象不佳2020國際磯釣賽停辦, https://www.chinatimes.com/realtimenews/20201110002300-260405
         >>> 找到關鍵字 "安全"; 文章資訊: 2020-11-10 09:54:00, 果然是神車和泰車CROSS上市滿月接單破萬, https://www.chinatimes.com/realtimenews/20201110001653-260410
         >>> 找到關鍵字 "安全"; 文章資訊: 2020-11-10 10:06:00, 台中老人騎車事故逐年遞增將強化安全宣導, https://www.chinatimes.com/realtimenews/20201110001732-260405
         >>> 找到關鍵字 "安全"; 文章資訊: 2020-11-10 04:09:00, 雲林零瘦肉精聯盟護食安到底, https://www.chinatimes.com/newspapers/20201110000618-260107
         >>> 找到關鍵字 "安全"; 文章資訊: 2020-11-10 09:26:00, 保障市民用路安全豐原警鐵腕取締酒駕不鬆懈, https://www.chinatimes.com/realtimenews/20201110001444-260421
         >>> 找到關鍵字 "安全"; 文章資訊: 2020-11-10 04:09:00, 電動車充電站恐釀災北市將納管, https://www.chinatimes.com/newspapers/20201110000588-260107
         >>> 找到關鍵字 "安全"; 文章資訊: 2020-11-10 04:09:00, 憂婦幼安全藍委籲速立跟騷法, https://www.chinatimes.com/newspapers/20201110000502-260106
         >>> 找到關鍵字 "安全"; 文章資訊: 2020-11-09 18:06:00, 台南女大生命案引民憂議員要求加強校園安全, https://www.chinatimes.com/realtimenews/20201109004793-260402
         >>> 找到關鍵字 "安全"; 文章資訊: 2020-11-09 17:07:00, 北市736顆鋰電池放地下停車場議員憂恐產生安全疑慮, https://www.chinatimes.com/realtimenews/20201109004390-260405
         >>> 找到關鍵字 "安全"; 文章資訊: 2020-11-09 11:22:00, 台中自駕巴士開放試乘市議員順暢度舒適度安全度有待加強, https://www.chinatimes.com/realtimenews/20201109002134-260405
         >>> 找到關鍵字 "安全"; 文章資訊: 2020-11-09 12:22:00, 防悲劇重演太平警分局深入校園宣導, https://www.chinatimes.com/realtimenews/20201109002406-260421
         >>> 找到關鍵字 "安全"; 文章資訊: 2020-11-09 16:18:00, 複合式市民活動中心火災搶救演練提升公共安全, https://www.chinatimes.com/realtimenews/20201109003916-260421
         >>> 找到關鍵字 "安全"; 文章資訊: 2020-11-09 19:16:00, 歌劇魅影隔離倒數魅影大讚台灣全球最安全, https://www.chinatimes.com/realtimenews/20201109005029-260404
        ------------------------------------------------------
       >> 搜尋關鍵字:"安全"; 網址:"https://www.chinatimes.com/search/安全?page=2&chdtv"
         <<< 2020-11-10 沒有更多 "安全" 相關的新聞 !!! >>>
        ------------------------------------------------------
       >> 搜尋關鍵字:"槽車"; 網址:"https://www.chinatimes.com/search/槽車?page=1&chdtv"
         <<< 2020-11-10 沒有更多 "槽車" 相關的新聞 !!! >>>
       >> 檔案輸出
        ------------------------------------------------------
      >> 下載新聞內容
      >> 下載 https://www.chinatimes.com/newspapers/20201110000279-260204, 哈林嘉義智慧綠能工廠年底啟用
      >> 下載 https://www.chinatimes.com/realtimenews/20201109003537-260404, 甜美女神遭曝和台灣富少荒淫情史開腿自摸事後照外洩低潮6年
      >> 下載 https://www.chinatimes.com/realtimenews/20201110005039-260402, 淨化轄內營業場所中警強力掃毒逮22人
      >> 下載 https://www.chinatimes.com/realtimenews/20201109002734-260402, 毒品通緝犯造假證件扮刑警真刑警一秒識破逮人
      >> 下載 https://www.chinatimes.com/realtimenews/20201109004584-260402, 原料謊稱毒品男子成功躲釣魚仍吃詐欺官司
      >> 下載 https://www.chinatimes.com/newspapers/20201110000618-260107, 雲林零瘦肉精聯盟護食安到底
      >> 下載 https://www.chinatimes.com/realtimenews/20201110003241-260407, 潘孟安施政總報告議員質疑故意跳過美豬
      >> 下載 https://www.chinatimes.com/realtimenews/20201109002476-260407, 治安食安會報都回來了政院6會報本月召開
      >> 下載 https://www.chinatimes.com/realtimenews/20201109002994-260410, 觀光股安心加速數位轉型旗下安惠資訊正式營運
      >> 下載 https://www.chinatimes.com/newspapers/20201110000374-260208, 立歐研發環保吸管耐用耐高溫
      >> 下載 https://www.chinatimes.com/realtimenews/20201109004584-260402, 原料謊稱毒品男子成功躲釣魚仍吃詐欺官司
      >> 下載 https://www.chinatimes.com/realtimenews/20201110002956-260402, 高雄某國小鍋爐室氣爆玻璃噴飛幸無人傷亡
      >> 下載 https://www.chinatimes.com/realtimenews/20201110001561-260402, 高雄苓洲國小廚房熱水鍋爐爆炸殘骸噴飛校外人行道嚇壞師生
      >> 下載 https://www.chinatimes.com/newspapers/20201110000386-260208, 美大選落幕新興債買氣反撲
      >> 下載 https://www.chinatimes.com/newspapers/20201110000392-260208, 資金寬鬆新興亞股亞股基金後市可期
      >> 下載 https://www.chinatimes.com/realtimenews/20201110004769-260402, 騙徒電話車輪戰警方及時攔阻保老本
      >> 下載 https://www.chinatimes.com/realtimenews/20201110002107-260410, 排隊名店進駐房價有撐藏壽司專愛開在這裡
      >> 下載 https://www.chinatimes.com/realtimenews/20201109005648-260410, 固定收益ETF續淨流入美國最熱
      >> 下載 https://www.chinatimes.com/realtimenews/20201109004500-260410, 營運升溫三福化誠泰科上緯投控獲利報喜
      >> 下載 https://www.chinatimes.com/newspapers/20201110000233-260205, 安侯建業專欄淺談碳排放權交易之財稅處理
      >> 下載 https://www.chinatimes.com/newspapers/20201110000640-260107, 雲林六輕節水有一套1滴水用7次
      >> 下載 https://www.chinatimes.com/realtimenews/20201110004806-260405, 污水工程3度流標示範道路破爛不堪引民怨
      >> 下載 https://www.chinatimes.com/realtimenews/20201109003145-260421, 花蓮七星潭大排水溝臭氣衝天議員要求建置污水處理系統
      >> 下載 https://www.chinatimes.com/realtimenews/20201110001881-260404, TWICE志效分手姜丹尼爾1年情GG密友洩漏情斷內幕
      >> 下載 https://www.chinatimes.com/realtimenews/20201110003982-260402, 高市警攜手保全業公會強化校園安全網
      >> 下載 https://www.chinatimes.com/realtimenews/20201110004993-260421, 台電大觀發電廠送警報器居家安全有保障
      >> 下載 https://www.chinatimes.com/realtimenews/20201110001461-260409, 不滿香港實施國安法美國再出手制裁4中港官員
      >> 下載 https://www.chinatimes.com/realtimenews/20201110003890-260405, 一年學生死亡828人疾病及交通意外為大宗
      >> 下載 https://www.chinatimes.com/realtimenews/20201110003434-260421, 養生料理訓練班培養就職力創造勞工就業機會
      >> 下載 https://www.chinatimes.com/realtimenews/20201110004015-260405, 馬國女大生遇害案後南市警宣導學童應攜帶蜂鳴器口哨
      >> 下載 https://www.chinatimes.com/realtimenews/20201110002242-260405, 關心校安校長會長區長議員齊聚一堂
      >> 下載 https://www.chinatimes.com/realtimenews/20201110002300-260405, 基隆嶼海象不佳2020國際磯釣賽停辦
      >> 下載 https://www.chinatimes.com/realtimenews/20201110001653-260410, 果然是神車和泰車CROSS上市滿月接單破萬
      >> 下載 https://www.chinatimes.com/realtimenews/20201110001732-260405, 台中老人騎車事故逐年遞增將強化安全宣導
      >> 下載 https://www.chinatimes.com/newspapers/20201110000618-260107, 雲林零瘦肉精聯盟護食安到底
      >> 下載 https://www.chinatimes.com/realtimenews/20201110001444-260421, 保障市民用路安全豐原警鐵腕取締酒駕不鬆懈
      >> 下載 https://www.chinatimes.com/newspapers/20201110000588-260107, 電動車充電站恐釀災北市將納管
      >> 下載 https://www.chinatimes.com/newspapers/20201110000502-260106, 憂婦幼安全藍委籲速立跟騷法
      >> 下載 https://www.chinatimes.com/realtimenews/20201109004793-260402, 台南女大生命案引民憂議員要求加強校園安全
      >> 下載 https://www.chinatimes.com/realtimenews/20201109004390-260405, 北市736顆鋰電池放地下停車場議員憂恐產生安全疑慮
      >> 下載 https://www.chinatimes.com/realtimenews/20201109002134-260405, 台中自駕巴士開放試乘市議員順暢度舒適度安全度有待加強
      >> 下載 https://www.chinatimes.com/realtimenews/20201109002406-260421, 防悲劇重演太平警分局深入校園宣導
      >> 下載 https://www.chinatimes.com/realtimenews/20201109003916-260421, 複合式市民活動中心火災搶救演練提升公共安全
      >> 下載 https://www.chinatimes.com/realtimenews/20201109005029-260404, 歌劇魅影隔離倒數魅影大讚台灣全球最安全
