     -----> 新聞爬蟲：中國時報電子報

           <<< 中國時報電子報新聞搜尋 >>>
        ------------------------------------------------------
        ------------------------------------------------------
       >> 搜尋關鍵字:"工業用"; 網址:"https://www.chinatimes.com/search/工業用?page=1&chdtv"
         <<< 2020-10-07 沒有更多 "工業用" 相關的新聞 !!! >>>
        ------------------------------------------------------
       >> 搜尋關鍵字:"化工"; 網址:"https://www.chinatimes.com/search/化工?page=1&chdtv"
         <<< 2020-10-07 沒有更多 "化工" 相關的新聞 !!! >>>
        ------------------------------------------------------
       >> 搜尋關鍵字:"化災"; 網址:"https://www.chinatimes.com/search/化災?page=1&chdtv"
         <<< 2020-10-07 沒有更多 "化災" 相關的新聞 !!! >>>
        ------------------------------------------------------
       >> 搜尋關鍵字:"化學"; 網址:"https://www.chinatimes.com/search/化學?page=1&chdtv"
         <<< 2020-10-07 沒有更多 "化學" 相關的新聞 !!! >>>
        ------------------------------------------------------
       >> 搜尋關鍵字:"外洩"; 網址:"https://www.chinatimes.com/search/外洩?page=1&chdtv"
         <<< 2020-10-07 沒有更多 "外洩" 相關的新聞 !!! >>>
        ------------------------------------------------------
       >> 搜尋關鍵字:"危害"; 網址:"https://www.chinatimes.com/search/危害?page=1&chdtv"
         >>> 找到關鍵字 "危害"; 文章資訊: 2020-10-06 18:43:00, 鄭明典秀超美卡門渦旋氣象局對建築物有危害, https://www.chinatimes.com/realtimenews/20201006005080-260405
         <<< 2020-10-07 沒有更多 "危害" 相關的新聞 !!! >>>
        ------------------------------------------------------
       >> 搜尋關鍵字:"有毒"; 網址:"https://www.chinatimes.com/search/有毒?page=1&chdtv"
         <<< 2020-10-07 沒有更多 "有毒" 相關的新聞 !!! >>>
        ------------------------------------------------------
       >> 搜尋關鍵字:"有害"; 網址:"https://www.chinatimes.com/search/有害?page=1&chdtv"
         <<< 2020-10-07 沒有更多 "有害" 相關的新聞 !!! >>>
        ------------------------------------------------------
       >> 搜尋關鍵字:"色料"; 網址:"https://www.chinatimes.com/search/色料?page=1&chdtv"
         <<< 2020-10-07 沒有更多 "色料" 相關的新聞 !!! >>>
        ------------------------------------------------------
       >> 搜尋關鍵字:"色素"; 網址:"https://www.chinatimes.com/search/色素?page=1&chdtv"
         <<< 2020-10-07 沒有更多 "色素" 相關的新聞 !!! >>>
        ------------------------------------------------------
       >> 搜尋關鍵字:"毒性"; 網址:"https://www.chinatimes.com/search/毒性?page=1&chdtv"
         <<< 2020-10-07 沒有更多 "毒性" 相關的新聞 !!! >>>
        ------------------------------------------------------
       >> 搜尋關鍵字:"毒品"; 網址:"https://www.chinatimes.com/search/毒品?page=1&chdtv"
         >>> 找到關鍵字 "毒品"; 文章資訊: 2020-10-06 16:01:00, 調局今送印太7國毒品快篩試劑展開現緝毒外交軟實力, https://www.chinatimes.com/realtimenews/20201006003861-260402
         >>> 找到關鍵字 "毒品"; 文章資訊: 2020-10-06 21:16:00, 列管時不在台灣美籍男進口含卡痛膠囊獲不起訴, https://www.chinatimes.com/realtimenews/20201006005709-260402
         <<< 2020-10-07 沒有更多 "毒品" 相關的新聞 !!! >>>
        ------------------------------------------------------
       >> 搜尋關鍵字:"致癌"; 網址:"https://www.chinatimes.com/search/致癌?page=1&chdtv"
         <<< 2020-10-07 沒有更多 "致癌" 相關的新聞 !!! >>>
        ------------------------------------------------------
       >> 搜尋關鍵字:"重金屬"; 網址:"https://www.chinatimes.com/search/重金屬?page=1&chdtv"
         <<< 2020-10-07 沒有更多 "重金屬" 相關的新聞 !!! >>>
        ------------------------------------------------------
       >> 搜尋關鍵字:"食安"; 網址:"https://www.chinatimes.com/search/食安?page=1&chdtv"
         >>> 找到關鍵字 "食安"; 文章資訊: 2020-10-06 21:42:00, 議員憂萊豬威脅幼兒社會局將儘速制定相關辦法, https://www.chinatimes.com/realtimenews/20201006005797-260405
         <<< 2020-10-07 沒有更多 "食安" 相關的新聞 !!! >>>
        ------------------------------------------------------
       >> 搜尋關鍵字:"香料"; 網址:"https://www.chinatimes.com/search/香料?page=1&chdtv"
         <<< 2020-10-07 沒有更多 "香料" 相關的新聞 !!! >>>
        ------------------------------------------------------
       >> 搜尋關鍵字:"原料"; 網址:"https://www.chinatimes.com/search/原料?page=1&chdtv"
         >>> 找到關鍵字 "原料"; 文章資訊: 2020-10-06 13:10:00, 巴斯夫力推環保利基升級以廢輪胎熱解油作為新熱解油原料來源, https://www.chinatimes.com/realtimenews/20201006002709-260410
         <<< 2020-10-07 沒有更多 "原料" 相關的新聞 !!! >>>
        ------------------------------------------------------
       >> 搜尋關鍵字:"氣爆"; 網址:"https://www.chinatimes.com/search/氣爆?page=1&chdtv"
         <<< 2020-10-07 沒有更多 "氣爆" 相關的新聞 !!! >>>
        ------------------------------------------------------
       >> 搜尋關鍵字:"添加物"; 網址:"https://www.chinatimes.com/search/添加物?page=1&chdtv"
         <<< 2020-10-07 沒有更多 "添加物" 相關的新聞 !!! >>>
        ------------------------------------------------------
       >> 搜尋關鍵字:"黑心"; 網址:"https://www.chinatimes.com/search/黑心?page=1&chdtv"
         <<< 2020-10-07 沒有更多 "黑心" 相關的新聞 !!! >>>
        ------------------------------------------------------
       >> 搜尋關鍵字:"漂白"; 網址:"https://www.chinatimes.com/search/漂白?page=1&chdtv"
         <<< 2020-10-07 沒有更多 "漂白" 相關的新聞 !!! >>>
        ------------------------------------------------------
       >> 搜尋關鍵字:"爆炸"; 網址:"https://www.chinatimes.com/search/爆炸?page=1&chdtv"
         <<< 2020-10-07 沒有更多 "爆炸" 相關的新聞 !!! >>>
        ------------------------------------------------------
       >> 搜尋關鍵字:"新興"; 網址:"https://www.chinatimes.com/search/新興?page=1&chdtv"
         >>> 找到關鍵字 "新興"; 文章資訊: 2020-10-06 17:22:00, 匯市川普病情好轉助利新興市場貨幣, https://www.chinatimes.com/realtimenews/20201006004514-260410
         <<< 2020-10-07 沒有更多 "新興" 相關的新聞 !!! >>>
        ------------------------------------------------------
       >> 搜尋關鍵字:"爆裂物"; 網址:"https://www.chinatimes.com/search/爆裂物?page=1&chdtv"
         <<< 2020-10-07 沒有更多 "爆裂物" 相關的新聞 !!! >>>
        ------------------------------------------------------
       >> 搜尋關鍵字:"IED"; 網址:"https://www.chinatimes.com/search/IED?page=1&chdtv"
        ------------------------------------------------------
       >> 搜尋關鍵字:"排放"; 網址:"https://www.chinatimes.com/search/排放?page=1&chdtv"
         <<< 2020-10-07 沒有更多 "排放" 相關的新聞 !!! >>>
        ------------------------------------------------------
       >> 搜尋關鍵字:"污染"; 網址:"https://www.chinatimes.com/search/污染?page=1&chdtv"
         <<< 2020-10-07 沒有更多 "污染" 相關的新聞 !!! >>>
        ------------------------------------------------------
       >> 搜尋關鍵字:"廢水"; 網址:"https://www.chinatimes.com/search/廢水?page=1&chdtv"
         <<< 2020-10-07 沒有更多 "廢水" 相關的新聞 !!! >>>
        ------------------------------------------------------
       >> 搜尋關鍵字:"污水"; 網址:"https://www.chinatimes.com/search/污水?page=1&chdtv"
         <<< 2020-10-07 沒有更多 "污水" 相關的新聞 !!! >>>
        ------------------------------------------------------
       >> 搜尋關鍵字:"洩漏"; 網址:"https://www.chinatimes.com/search/洩漏?page=1&chdtv"
         <<< 2020-10-07 沒有更多 "洩漏" 相關的新聞 !!! >>>
        ------------------------------------------------------
       >> 搜尋關鍵字:"暗管"; 網址:"https://www.chinatimes.com/search/暗管?page=1&chdtv"
         <<< 2020-10-07 沒有更多 "暗管" 相關的新聞 !!! >>>
        ------------------------------------------------------
       >> 搜尋關鍵字:"偷排"; 網址:"https://www.chinatimes.com/search/偷排?page=1&chdtv"
         <<< 2020-10-07 沒有更多 "偷排" 相關的新聞 !!! >>>
        ------------------------------------------------------
       >> 搜尋關鍵字:"安全"; 網址:"https://www.chinatimes.com/search/安全?page=1&chdtv"
         >>> 找到關鍵字 "安全"; 文章資訊: 2020-10-06 15:43:00, 苗栗頭份中央路重新整建15處斜交巷口加強安全規畫, https://www.chinatimes.com/realtimenews/20201006003720-260421
         >>> 找到關鍵字 "安全"; 文章資訊: 2020-10-06 22:43:00, 若中國攻打台灣蓬佩奧美會設法緩和區域緊張, https://www.chinatimes.com/realtimenews/20201006005975-260408
         >>> 找到關鍵字 "安全"; 文章資訊: 2020-10-06 19:35:00, 桃園新光影城救災組合演練保障公共安全, https://www.chinatimes.com/realtimenews/20201006005333-260402
         >>> 找到關鍵字 "安全"; 文章資訊: 2020-10-06 13:32:00, 一葉知秋呂秀蓮抗疫廣告應改國家安全須知宣導, https://www.chinatimes.com/realtimenews/20201006002934-260407
         <<< 2020-10-07 沒有更多 "安全" 相關的新聞 !!! >>>
        ------------------------------------------------------
       >> 搜尋關鍵字:"槽車"; 網址:"https://www.chinatimes.com/search/槽車?page=1&chdtv"
         <<< 2020-10-07 沒有更多 "槽車" 相關的新聞 !!! >>>
       >> 檔案輸出
        ------------------------------------------------------
      >> 下載新聞內容
      >> 下載 https://www.chinatimes.com/realtimenews/20201006005080-260405, 鄭明典秀超美卡門渦旋氣象局對建築物有危害
      >> 下載 https://www.chinatimes.com/realtimenews/20201006003861-260402, 調局今送印太7國毒品快篩試劑展開現緝毒外交軟實力
      >> 下載 https://www.chinatimes.com/realtimenews/20201006005709-260402, 列管時不在台灣美籍男進口含卡痛膠囊獲不起訴
      >> 下載 https://www.chinatimes.com/realtimenews/20201006005797-260405, 議員憂萊豬威脅幼兒社會局將儘速制定相關辦法
      >> 下載 https://www.chinatimes.com/realtimenews/20201006002709-260410, 巴斯夫力推環保利基升級以廢輪胎熱解油作為新熱解油原料來源
      >> 下載 https://www.chinatimes.com/realtimenews/20201006004514-260410, 匯市川普病情好轉助利新興市場貨幣
      >> 下載 https://www.chinatimes.com/realtimenews/20201006003720-260421, 苗栗頭份中央路重新整建15處斜交巷口加強安全規畫
      >> 下載 https://www.chinatimes.com/realtimenews/20201006005975-260408, 若中國攻打台灣蓬佩奧美會設法緩和區域緊張
      >> 下載 https://www.chinatimes.com/realtimenews/20201006005333-260402, 桃園新光影城救災組合演練保障公共安全
      >> 下載 https://www.chinatimes.com/realtimenews/20201006002934-260407, 一葉知秋呂秀蓮抗疫廣告應改國家安全須知宣導
