     -----> 新聞爬蟲：中國時報電子報

           <<< 中國時報電子報新聞搜尋 >>>
        ------------------------------------------------------
        ------------------------------------------------------
       >> 搜尋關鍵字:"工業用"; 網址:"https://www.chinatimes.com/search/工業用?page=1&chdtv"
         >>> 找到關鍵字 "工業用"; 文章資訊: 2020-09-28 13:24:00, 電子零件5G網通車載訂單到手環科獲利可期, https://www.chinatimes.com/realtimenews/20200928002885-260410
         <<< 2020-09-29 沒有更多 "工業用" 相關的新聞 !!! >>>
        ------------------------------------------------------
       >> 搜尋關鍵字:"化工"; 網址:"https://www.chinatimes.com/search/化工?page=1&chdtv"
         >>> 找到關鍵字 "化工"; 文章資訊: 2020-09-28 11:08:00, 化工股上緯投控旗下上緯新材上海科創板掛牌, https://www.chinatimes.com/realtimenews/20200928002073-260410
         <<< 2020-09-29 沒有更多 "化工" 相關的新聞 !!! >>>
        ------------------------------------------------------
       >> 搜尋關鍵字:"化災"; 網址:"https://www.chinatimes.com/search/化災?page=1&chdtv"
         <<< 2020-09-29 沒有更多 "化災" 相關的新聞 !!! >>>
        ------------------------------------------------------
       >> 搜尋關鍵字:"化學"; 網址:"https://www.chinatimes.com/search/化學?page=1&chdtv"
         <<< 2020-09-29 沒有更多 "化學" 相關的新聞 !!! >>>
        ------------------------------------------------------
       >> 搜尋關鍵字:"外洩"; 網址:"https://www.chinatimes.com/search/外洩?page=1&chdtv"
         >>> 找到關鍵字 "外洩"; 文章資訊: 2020-09-28 08:08:00, 路斯明黏兒女爸氣外洩嘴邊肉超搶戲, https://www.chinatimes.com/realtimenews/20200928000789-260404
         <<< 2020-09-29 沒有更多 "外洩" 相關的新聞 !!! >>>
        ------------------------------------------------------
       >> 搜尋關鍵字:"危害"; 網址:"https://www.chinatimes.com/search/危害?page=1&chdtv"
         <<< 2020-09-29 沒有更多 "危害" 相關的新聞 !!! >>>
        ------------------------------------------------------
       >> 搜尋關鍵字:"有毒"; 網址:"https://www.chinatimes.com/search/有毒?page=1&chdtv"
         <<< 2020-09-29 沒有更多 "有毒" 相關的新聞 !!! >>>
        ------------------------------------------------------
       >> 搜尋關鍵字:"有害"; 網址:"https://www.chinatimes.com/search/有害?page=1&chdtv"
         <<< 2020-09-29 沒有更多 "有害" 相關的新聞 !!! >>>
        ------------------------------------------------------
       >> 搜尋關鍵字:"色料"; 網址:"https://www.chinatimes.com/search/色料?page=1&chdtv"
         <<< 2020-09-29 沒有更多 "色料" 相關的新聞 !!! >>>
        ------------------------------------------------------
       >> 搜尋關鍵字:"色素"; 網址:"https://www.chinatimes.com/search/色素?page=1&chdtv"
         <<< 2020-09-29 沒有更多 "色素" 相關的新聞 !!! >>>
        ------------------------------------------------------
       >> 搜尋關鍵字:"毒性"; 網址:"https://www.chinatimes.com/search/毒性?page=1&chdtv"
         <<< 2020-09-29 沒有更多 "毒性" 相關的新聞 !!! >>>
        ------------------------------------------------------
       >> 搜尋關鍵字:"毒品"; 網址:"https://www.chinatimes.com/search/毒品?page=1&chdtv"
         >>> 找到關鍵字 "毒品"; 文章資訊: 2020-09-28 18:16:00, 柯市府約炮毒蟲仍在職許淑華怒轟荒謬, https://www.chinatimes.com/realtimenews/20200928004622-260407
         >>> 找到關鍵字 "毒品"; 文章資訊: 2020-09-28 19:01:00, 霧峰分局預防犯罪警車大方送, https://www.chinatimes.com/realtimenews/20200928004941-260405
         <<< 2020-09-29 沒有更多 "毒品" 相關的新聞 !!! >>>
        ------------------------------------------------------
       >> 搜尋關鍵字:"致癌"; 網址:"https://www.chinatimes.com/search/致癌?page=1&chdtv"
         <<< 2020-09-29 沒有更多 "致癌" 相關的新聞 !!! >>>
        ------------------------------------------------------
       >> 搜尋關鍵字:"重金屬"; 網址:"https://www.chinatimes.com/search/重金屬?page=1&chdtv"
         <<< 2020-09-29 沒有更多 "重金屬" 相關的新聞 !!! >>>
        ------------------------------------------------------
       >> 搜尋關鍵字:"食安"; 網址:"https://www.chinatimes.com/search/食安?page=1&chdtv"
         >>> 找到關鍵字 "食安"; 文章資訊: 2020-09-28 11:17:00, 開放萊豬約6成不贊成半數民眾對食安沒信心, https://www.chinatimes.com/realtimenews/20200928002130-260407
         >>> 找到關鍵字 "食安"; 文章資訊: 2020-09-28 18:26:00, 中市高校生爆食物中毒三校130人有症狀, https://www.chinatimes.com/realtimenews/20200928004735-260402
         >>> 找到關鍵字 "食安"; 文章資訊: 2020-09-28 11:56:00, 縣市競爭力大車拚台中進步幅度六都第一, https://www.chinatimes.com/realtimenews/20200928002398-260407
         >>> 找到關鍵字 "食安"; 文章資訊: 2020-09-28 19:49:00, 吃美豬沒食安問題陳時中遭最新民調狠打臉, https://www.chinatimes.com/realtimenews/20200928005047-260407
         <<< 2020-09-29 沒有更多 "食安" 相關的新聞 !!! >>>
        ------------------------------------------------------
       >> 搜尋關鍵字:"香料"; 網址:"https://www.chinatimes.com/search/香料?page=1&chdtv"
         <<< 2020-09-29 沒有更多 "香料" 相關的新聞 !!! >>>
        ------------------------------------------------------
       >> 搜尋關鍵字:"原料"; 網址:"https://www.chinatimes.com/search/原料?page=1&chdtv"
         >>> 找到關鍵字 "原料"; 文章資訊: 2020-09-28 10:51:00, 鋼鐵股國際廢鋼走跌豐興廢鋼鋼筋開低盤, https://www.chinatimes.com/realtimenews/20200928001973-260410
         <<< 2020-09-29 沒有更多 "原料" 相關的新聞 !!! >>>
        ------------------------------------------------------
       >> 搜尋關鍵字:"氣爆"; 網址:"https://www.chinatimes.com/search/氣爆?page=1&chdtv"
         >>> 找到關鍵字 "氣爆"; 文章資訊: 2020-09-28 12:20:00, 女友被噁男騷擾他爆氣網一看對話驚覺有內情, https://www.chinatimes.com/hottopic/20200928002532-260809
         <<< 2020-09-29 沒有更多 "氣爆" 相關的新聞 !!! >>>
        ------------------------------------------------------
       >> 搜尋關鍵字:"添加物"; 網址:"https://www.chinatimes.com/search/添加物?page=1&chdtv"
         <<< 2020-09-29 沒有更多 "添加物" 相關的新聞 !!! >>>
        ------------------------------------------------------
       >> 搜尋關鍵字:"黑心"; 網址:"https://www.chinatimes.com/search/黑心?page=1&chdtv"
         <<< 2020-09-29 沒有更多 "黑心" 相關的新聞 !!! >>>
        ------------------------------------------------------
       >> 搜尋關鍵字:"漂白"; 網址:"https://www.chinatimes.com/search/漂白?page=1&chdtv"
         <<< 2020-09-29 沒有更多 "漂白" 相關的新聞 !!! >>>
        ------------------------------------------------------
       >> 搜尋關鍵字:"爆炸"; 網址:"https://www.chinatimes.com/search/爆炸?page=1&chdtv"
         <<< 2020-09-29 沒有更多 "爆炸" 相關的新聞 !!! >>>
        ------------------------------------------------------
       >> 搜尋關鍵字:"新興"; 網址:"https://www.chinatimes.com/search/新興?page=1&chdtv"
         >>> 找到關鍵字 "新興"; 文章資訊: 2020-09-28 11:59:00, 國際金融未來5年加拿大退休基金三分之一壓寶新興市場, https://www.chinatimes.com/realtimenews/20200928002435-260410
         >>> 找到關鍵字 "新興"; 文章資訊: 2020-09-28 10:34:00, 台北股市盤中焦點股華邦電聯電寶齡富錦新興旺宏矽統, https://www.chinatimes.com/realtimenews/20200928001849-260410
         >>> 找到關鍵字 "新興"; 文章資訊: 2020-09-28 16:31:00, YahooTV打團體戰沉浸式互動賴清德搶先體驗, https://www.chinatimes.com/realtimenews/20200928004073-260412
         >>> 找到關鍵字 "新興"; 文章資訊: 2020-09-28 13:15:00, 微軟Ignite2020大會發布全新Microsoft365功能, https://www.chinatimes.com/realtimenews/20200928002811-260410
         <<< 2020-09-29 沒有更多 "新興" 相關的新聞 !!! >>>
        ------------------------------------------------------
       >> 搜尋關鍵字:"爆裂物"; 網址:"https://www.chinatimes.com/search/爆裂物?page=1&chdtv"
         <<< 2020-09-29 沒有更多 "爆裂物" 相關的新聞 !!! >>>
        ------------------------------------------------------
       >> 搜尋關鍵字:"IED"; 網址:"https://www.chinatimes.com/search/IED?page=1&chdtv"
        ------------------------------------------------------
       >> 搜尋關鍵字:"排放"; 網址:"https://www.chinatimes.com/search/排放?page=1&chdtv"
         <<< 2020-09-29 沒有更多 "排放" 相關的新聞 !!! >>>
        ------------------------------------------------------
       >> 搜尋關鍵字:"污染"; 網址:"https://www.chinatimes.com/search/污染?page=1&chdtv"
         <<< 2020-09-29 沒有更多 "污染" 相關的新聞 !!! >>>
        ------------------------------------------------------
       >> 搜尋關鍵字:"廢水"; 網址:"https://www.chinatimes.com/search/廢水?page=1&chdtv"
         <<< 2020-09-29 沒有更多 "廢水" 相關的新聞 !!! >>>
        ------------------------------------------------------
       >> 搜尋關鍵字:"污水"; 網址:"https://www.chinatimes.com/search/污水?page=1&chdtv"
         <<< 2020-09-29 沒有更多 "污水" 相關的新聞 !!! >>>
        ------------------------------------------------------
       >> 搜尋關鍵字:"洩漏"; 網址:"https://www.chinatimes.com/search/洩漏?page=1&chdtv"
         <<< 2020-09-29 沒有更多 "洩漏" 相關的新聞 !!! >>>
        ------------------------------------------------------
       >> 搜尋關鍵字:"暗管"; 網址:"https://www.chinatimes.com/search/暗管?page=1&chdtv"
         <<< 2020-09-29 沒有更多 "暗管" 相關的新聞 !!! >>>
        ------------------------------------------------------
       >> 搜尋關鍵字:"偷排"; 網址:"https://www.chinatimes.com/search/偷排?page=1&chdtv"
         <<< 2020-09-29 沒有更多 "偷排" 相關的新聞 !!! >>>
        ------------------------------------------------------
       >> 搜尋關鍵字:"安全"; 網址:"https://www.chinatimes.com/search/安全?page=1&chdtv"
         >>> 找到關鍵字 "安全"; 文章資訊: 2020-09-28 13:45:00, 石化產業溝通平台啟動宣示開啟自主安全管理新里程碑, https://www.chinatimes.com/realtimenews/20200928002929-260410
         >>> 找到關鍵字 "安全"; 文章資訊: 2020-09-28 15:03:00, 捐住警器貢寮區長感謝靈鷲山守護民眾安全, https://www.chinatimes.com/realtimenews/20200928002948-260405
         >>> 找到關鍵字 "安全"; 文章資訊: 2020-09-28 10:34:00, 吳釗燮推動外交安全經貿各層面台美關係, https://www.chinatimes.com/realtimenews/20200928001715-260407
         >>> 找到關鍵字 "安全"; 文章資訊: 2020-09-28 16:32:00, 落實產業安全自主管理石化公會擘劃產業永續經營藍圖, https://www.chinatimes.com/realtimenews/20200928004069-260410
         <<< 2020-09-29 沒有更多 "安全" 相關的新聞 !!! >>>
        ------------------------------------------------------
       >> 搜尋關鍵字:"槽車"; 網址:"https://www.chinatimes.com/search/槽車?page=1&chdtv"
         <<< 2020-09-29 沒有更多 "槽車" 相關的新聞 !!! >>>
       >> 檔案輸出
        ------------------------------------------------------
      >> 下載新聞內容
      >> 下載 https://www.chinatimes.com/realtimenews/20200928002885-260410, 電子零件5G網通車載訂單到手環科獲利可期
      >> 下載 https://www.chinatimes.com/realtimenews/20200928002073-260410, 化工股上緯投控旗下上緯新材上海科創板掛牌
      >> 下載 https://www.chinatimes.com/realtimenews/20200928000789-260404, 路斯明黏兒女爸氣外洩嘴邊肉超搶戲
      >> 下載 https://www.chinatimes.com/realtimenews/20200928004622-260407, 柯市府約炮毒蟲仍在職許淑華怒轟荒謬
      >> 下載 https://www.chinatimes.com/realtimenews/20200928004941-260405, 霧峰分局預防犯罪警車大方送
      >> 下載 https://www.chinatimes.com/realtimenews/20200928002130-260407, 開放萊豬約6成不贊成半數民眾對食安沒信心
      >> 下載 https://www.chinatimes.com/realtimenews/20200928004735-260402, 中市高校生爆食物中毒三校130人有症狀
      >> 下載 https://www.chinatimes.com/realtimenews/20200928002398-260407, 縣市競爭力大車拚台中進步幅度六都第一
      >> 下載 https://www.chinatimes.com/realtimenews/20200928005047-260407, 吃美豬沒食安問題陳時中遭最新民調狠打臉
      >> 下載 https://www.chinatimes.com/realtimenews/20200928001973-260410, 鋼鐵股國際廢鋼走跌豐興廢鋼鋼筋開低盤
      >> 下載 https://www.chinatimes.com/hottopic/20200928002532-260809, 女友被噁男騷擾他爆氣網一看對話驚覺有內情
      >> 下載 https://www.chinatimes.com/realtimenews/20200928002435-260410, 國際金融未來5年加拿大退休基金三分之一壓寶新興市場
      >> 下載 https://www.chinatimes.com/realtimenews/20200928001849-260410, 台北股市盤中焦點股華邦電聯電寶齡富錦新興旺宏矽統
      >> 下載 https://www.chinatimes.com/realtimenews/20200928004073-260412, YahooTV打團體戰沉浸式互動賴清德搶先體驗
      >> 下載 https://www.chinatimes.com/realtimenews/20200928002811-260410, 微軟Ignite2020大會發布全新Microsoft365功能
      >> 下載 https://www.chinatimes.com/realtimenews/20200928002929-260410, 石化產業溝通平台啟動宣示開啟自主安全管理新里程碑
      >> 下載 https://www.chinatimes.com/realtimenews/20200928002948-260405, 捐住警器貢寮區長感謝靈鷲山守護民眾安全
      >> 下載 https://www.chinatimes.com/realtimenews/20200928001715-260407, 吳釗燮推動外交安全經貿各層面台美關係
      >> 下載 https://www.chinatimes.com/realtimenews/20200928004069-260410, 落實產業安全自主管理石化公會擘劃產業永續經營藍圖
