     -----> 新聞爬蟲：東森新聞報

           <<< 東森新聞報新聞搜尋 >>>
        ------------------------------------------------------
        ------------------------------------------------------
       >> 搜尋關鍵字:"工業用"; 網址:"https://www.ettoday.net/news_search/doSearch.php?keywords=工業用&idx=1&page=1"
         <<< 2020-10-09 沒有更多 "工業用" 相關的新聞 !!! >>>
        ------------------------------------------------------
       >> 搜尋關鍵字:"化工"; 網址:"https://www.ettoday.net/news_search/doSearch.php?keywords=化工&idx=1&page=1"
         >>> 找到關鍵字 "化工"; 文章資訊: 2020-10-08 16:07:00, 台塑四寶Q3吃大補大賺49753億元補足上半年虧損, https://www.ettoday.net/news/20201008/1827384.htm
         >>> 找到關鍵字 "化工"; 文章資訊: 2020-10-08 12:21:00, 鴻海SAP戰略結盟加速Foxconn20轉型提升30生產力, https://www.ettoday.net/news/20201008/1827157.htm
         >>> 找到關鍵字 "化工"; 文章資訊: 2020-10-08 10:41:00, 校外參訪竹北警分局小小幼童Q萌新體驗, https://www.ettoday.net/news/20201008/1827007.htm
         >>> 找到關鍵字 "化工"; 文章資訊: 2020-10-08 10:00:00, 台灣首家企業全力響應富邦人壽偕荒野推動川廢快篩調查, https://www.ettoday.net/news/20201008/1824752.htm
         <<< 2020-10-09 沒有更多 "化工" 相關的新聞 !!! >>>
        ------------------------------------------------------
       >> 搜尋關鍵字:"化災"; 網址:"https://www.ettoday.net/news_search/doSearch.php?keywords=化災&idx=1&page=1"
         <<< 2020-10-09 沒有更多 "化災" 相關的新聞 !!! >>>
        ------------------------------------------------------
       >> 搜尋關鍵字:"化學"; 網址:"https://www.ettoday.net/news_search/doSearch.php?keywords=化學&idx=1&page=1"
         >>> 找到關鍵字 "化學"; 文章資訊: 2020-10-08 22:14:00, 偽飛日本弘光科大辦日本浴衣文化節濃濃東洋風, https://www.ettoday.net/news/20201008/1827624.htm
         >>> 找到關鍵字 "化學"; 文章資訊: 2020-10-08 17:43:00, 先探跳脫舒適圈的轉型股, https://www.ettoday.net/news/20201008/1826308.htm
         >>> 找到關鍵字 "化學"; 文章資訊: 2020-10-08 17:23:00, 新北登革熱續燒樹林區30多歲男確診研判與三峽五寮里群聚相關, https://www.ettoday.net/news/20201008/1827393.htm
         >>> 找到關鍵字 "化學"; 文章資訊: 2020-10-08 17:21:00, 連8月負成長9月消費者物價指數年減058, https://www.ettoday.net/news/20201008/1827460.htm
         >>> 找到關鍵字 "化學"; 文章資訊: 2020-10-08 17:04:00, 宋兆文兩岸開戰的責任蔡政府根本負不起, https://www.ettoday.net/news/20201008/1827006.htm
         >>> 找到關鍵字 "化學"; 文章資訊: 2020-10-08 16:47:00, 南極臭氧層破洞擴大至2400萬平方公里比3個澳洲大, https://www.ettoday.net/news/20201008/1827056.htm
         >>> 找到關鍵字 "化學"; 文章資訊: 2020-10-08 14:34:00, 28歲男車禍卻發現腦癌為爸爸多活一天他勇戰雙魔4年終退敵, https://www.ettoday.net/news/20201008/1827244.htm
         >>> 找到關鍵字 "化學"; 文章資訊: 2020-10-08 12:41:00, 諾貝爾化學獎得主莫里納逝世享壽77歲, https://www.ettoday.net/news/20201008/1827182.htm
         >>> 找到關鍵字 "化學"; 文章資訊: 2020-10-08 10:15:00, 口腔癌治療後6年癌轉移肺長6腫瘤北港媽祖醫院出招殲滅, https://www.ettoday.net/news/20201008/1826804.htm
         <<< 2020-10-09 沒有更多 "化學" 相關的新聞 !!! >>>
        ------------------------------------------------------
       >> 搜尋關鍵字:"外洩"; 網址:"https://www.ettoday.net/news_search/doSearch.php?keywords=外洩&idx=1&page=1"
         >>> 找到關鍵字 "外洩"; 文章資訊: 2020-10-08 19:16:00, 回收手機拿好康10月手機回收可抽新機都是名牌大款, https://www.ettoday.net/news/20201008/1827541.htm
         >>> 找到關鍵字 "外洩"; 文章資訊: 2020-10-08 15:28:00, 金門高中甄選6次才找到代理教師身份起底家長轟黑手進校園, https://www.ettoday.net/news/20201008/1827331.htm
         <<< 2020-10-09 沒有更多 "外洩" 相關的新聞 !!! >>>
        ------------------------------------------------------
       >> 搜尋關鍵字:"危害"; 網址:"https://www.ettoday.net/news_search/doSearch.php?keywords=危害&idx=1&page=1"
         >>> 找到關鍵字 "危害"; 文章資訊: 2020-10-09 07:00:00, 單厚之大法官會議作繭自縛促轉會成為上級審, https://www.ettoday.net/news/20201009/1827548.htm
         >>> 找到關鍵字 "危害"; 文章資訊: 2020-10-08 16:41:00, 網爆國道永康段雷射筆亂照警聯結車駕駛所為射向他車車尾, https://www.ettoday.net/news/20201008/1827390.htm
         >>> 找到關鍵字 "危害"; 文章資訊: 2020-10-08 16:13:00, 萊劑文宣進入校園家長憂心藍委籲發起公投全民抵制美豬, https://www.ettoday.net/news/20201008/1827381.htm
         >>> 找到關鍵字 "危害"; 文章資訊: 2020-10-08 12:41:00, 廣編asobu隨身瓶自然環保生態友好的喝水瓶論時尚拿獎金, https://www.ettoday.net/news/20201008/1827079.htm
         >>> 找到關鍵字 "危害"; 文章資訊: 2020-10-08 12:01:00, 桃園孽子37刀剁斷母親頭顱12樓丟下高院羈押理由曝光, https://www.ettoday.net/news/20201008/1827136.htm
         >>> 找到關鍵字 "危害"; 文章資訊: 2020-10-08 11:59:00, 台中爆當街砸車窗擄人快打部隊急衝現場原來自己人辦案, https://www.ettoday.net/news/20201008/1827083.htm
         >>> 找到關鍵字 "危害"; 文章資訊: 2020-10-08 09:23:00, 澳門增設維護國安組織學者將帶來寒蟬效應, https://www.ettoday.net/news/20201008/1826925.htm
         >>> 找到關鍵字 "危害"; 文章資訊: 2020-10-08 08:03:00, 寶寶發燒要急著退燒嗎, https://www.ettoday.net/news/20201008/1799451.htm
         <<< 2020-10-09 沒有更多 "危害" 相關的新聞 !!! >>>
        ------------------------------------------------------
       >> 搜尋關鍵字:"有毒"; 網址:"https://www.ettoday.net/news_search/doSearch.php?keywords=有毒&idx=1&page=1"
         >>> 找到關鍵字 "有毒"; 文章資訊: 2020-10-08 18:45:00, 藍委舉牌喊下台陳吉仲看到這3人手酸換手建議讓他們休息, https://www.ettoday.net/news/20201008/1827533.htm
         <<< 2020-10-09 沒有更多 "有毒" 相關的新聞 !!! >>>
        ------------------------------------------------------
       >> 搜尋關鍵字:"有害"; 網址:"https://www.ettoday.net/news_search/doSearch.php?keywords=有害&idx=1&page=1"
         >>> 找到關鍵字 "有害"; 文章資訊: 2020-10-08 12:16:00, 夾娃娃機驚見情趣用品台主硬拗臉部按摩器遭法官打臉, https://www.ettoday.net/news/20201008/1827028.htm
         >>> 找到關鍵字 "有害"; 文章資訊: 2020-10-08 11:23:00, 2020台灣創新技術發明競賽嘉藥勇奪金銀獎項, https://www.ettoday.net/news/20201008/1827076.htm
         <<< 2020-10-09 沒有更多 "有害" 相關的新聞 !!! >>>
        ------------------------------------------------------
       >> 搜尋關鍵字:"色料"; 網址:"https://www.ettoday.net/news_search/doSearch.php?keywords=色料&idx=1&page=1"
         <<< 2020-10-09 沒有更多 "色料" 相關的新聞 !!! >>>
        ------------------------------------------------------
       >> 搜尋關鍵字:"色素"; 網址:"https://www.ettoday.net/news_search/doSearch.php?keywords=色素&idx=1&page=1"
         <<< 2020-10-09 沒有更多 "色素" 相關的新聞 !!! >>>
        ------------------------------------------------------
       >> 搜尋關鍵字:"毒性"; 網址:"https://www.ettoday.net/news_search/doSearch.php?keywords=毒性&idx=1&page=1"
         <<< 2020-10-09 沒有更多 "毒性" 相關的新聞 !!! >>>
        ------------------------------------------------------
       >> 搜尋關鍵字:"毒品"; 網址:"https://www.ettoday.net/news_search/doSearch.php?keywords=毒品&idx=1&page=1"
         >>> 找到關鍵字 "毒品"; 文章資訊: 2020-10-08 16:13:00, 萊劑文宣進入校園家長憂心藍委籲發起公投全民抵制美豬, https://www.ettoday.net/news/20201008/1827381.htm
         >>> 找到關鍵字 "毒品"; 文章資訊: 2020-10-08 15:26:00, 女嬰被忘車上4小時活活悶死警察上門通知發現媽正在床上嗨, https://www.ettoday.net/news/20201008/1827134.htm
         >>> 找到關鍵字 "毒品"; 文章資訊: 2020-10-08 13:15:00, 1歲童從小關鐵籠狠心媽當狗養被迫和700隻動物生活, https://www.ettoday.net/news/20201008/1826957.htm
         >>> 找到關鍵字 "毒品"; 文章資訊: 2020-10-08 12:18:00, 吸毒而死人數增10倍紙風車拼2年完成全台958所國中反毒演出, https://www.ettoday.net/news/20201008/1827077.htm
         >>> 找到關鍵字 "毒品"; 文章資訊: 2020-10-08 12:01:00, 偷車被發現驚逃笨賊翻牆秒進警局後院員警傻眼全笑了, https://www.ettoday.net/news/20201008/1827135.htm
         >>> 找到關鍵字 "毒品"; 文章資訊: 2020-10-08 12:01:00, 桃園孽子37刀剁斷母親頭顱12樓丟下高院羈押理由曝光, https://www.ettoday.net/news/20201008/1827136.htm
         >>> 找到關鍵字 "毒品"; 文章資訊: 2020-10-08 11:59:00, 台中爆當街砸車窗擄人快打部隊急衝現場原來自己人辦案, https://www.ettoday.net/news/20201008/1827083.htm
         >>> 找到關鍵字 "毒品"; 文章資訊: 2020-10-08 11:52:00, 彰化鐵皮屋聚賭警扣22萬第三方警政加碼發功斷水電拆違建, https://www.ettoday.net/news/20201008/1827057.htm
         >>> 找到關鍵字 "毒品"; 文章資訊: 2020-10-08 11:29:00, 快訊孽子37刀砍斷母頭無罪將出獄高院今開庭裁定羈押3個月, https://www.ettoday.net/news/20201008/1827066.htm
         >>> 找到關鍵字 "毒品"; 文章資訊: 2020-10-08 10:57:00, 快訊弒母斷頭梁男無罪後將出獄高院緊急召開羈押庭, https://www.ettoday.net/news/20201008/1826964.htm
        ------------------------------------------------------
       >> 搜尋關鍵字:"致癌"; 網址:"https://www.ettoday.net/news_search/doSearch.php?keywords=致癌&idx=1&page=1"
         <<< 2020-10-09 沒有更多 "致癌" 相關的新聞 !!! >>>
        ------------------------------------------------------
       >> 搜尋關鍵字:"重金屬"; 網址:"https://www.ettoday.net/news_search/doSearch.php?keywords=重金屬&idx=1&page=1"
         >>> 找到關鍵字 "重金屬"; 文章資訊: 2020-10-08 14:19:00, 大江生活搶攻機能食品商機爆米花含玻尿酸膠原蛋白, https://www.ettoday.net/news/20201008/1827265.htm
         >>> 找到關鍵字 "重金屬"; 文章資訊: 2020-10-08 10:57:00, 不酸了陳致中昔質詢韓國瑜王子復仇今陳其邁登場兩樣情, https://www.ettoday.net/news/20201008/1826971.htm
         <<< 2020-10-09 沒有更多 "重金屬" 相關的新聞 !!! >>>
        ------------------------------------------------------
       >> 搜尋關鍵字:"食安"; 網址:"https://www.ettoday.net/news_search/doSearch.php?keywords=食安&idx=1&page=1"
         >>> 找到關鍵字 "食安"; 文章資訊: 2020-10-08 19:19:00, 大家都沒變變得只有林飛帆朱辦他應為2012年的自己道歉, https://www.ettoday.net/news/20201008/1827552.htm
         >>> 找到關鍵字 "食安"; 文章資訊: 2020-10-08 18:22:00, 再批林飛帆雙標卸責徐巧芯綠營強渡關山他連屁都不敢放, https://www.ettoday.net/news/20201008/1827369.htm
         >>> 找到關鍵字 "食安"; 文章資訊: 2020-10-08 17:32:00, 馬辦批林飛帆好的不學竟學撒謊曾上街反瘦肉精痛斥黑箱, https://www.ettoday.net/news/20201008/1827472.htm
         >>> 找到關鍵字 "食安"; 文章資訊: 2020-10-08 16:26:00, 國民黨要林飛帆為過去反美豬辭職民進黨別到處潑髒水, https://www.ettoday.net/news/20201008/1827375.htm
         >>> 找到關鍵字 "食安"; 文章資訊: 2020-10-08 15:00:00, 網友檢舉大陸肉製品卻遭回無聊對話曝台南衛生局會再教育, https://www.ettoday.net/news/20201008/1827299.htm
         >>> 找到關鍵字 "食安"; 文章資訊: 2020-10-08 09:51:00, 國民黨轟林飛帆月領9萬就護航不道歉就辭職, https://www.ettoday.net/news/20201008/1826910.htm
         <<< 2020-10-09 沒有更多 "食安" 相關的新聞 !!! >>>
        ------------------------------------------------------
       >> 搜尋關鍵字:"香料"; 網址:"https://www.ettoday.net/news_search/doSearch.php?keywords=香料&idx=1&page=1"
         >>> 找到關鍵字 "香料"; 文章資訊: 2020-10-08 16:03:00, 拉麵比薩惹怒義大利人必勝客總經理現身道歉了還免費請吃麵, https://www.ettoday.net/news/20201008/1827231.htm
         <<< 2020-10-09 沒有更多 "香料" 相關的新聞 !!! >>>
        ------------------------------------------------------
       >> 搜尋關鍵字:"原料"; 網址:"https://www.ettoday.net/news_search/doSearch.php?keywords=原料&idx=1&page=1"
         >>> 找到關鍵字 "原料"; 文章資訊: 2020-10-08 23:19:00, GIVENCHY新總監首個聯名黑魂果汁出爐網抗議我要的是衣服, https://www.ettoday.net/news/20201008/1827606.htm
         >>> 找到關鍵字 "原料"; 文章資訊: 2020-10-08 17:01:00, 板橋年增2500戶人口居冠江翠北潤泰文樺開案銷8成, https://www.ettoday.net/news/20201008/1827428.htm
         >>> 找到關鍵字 "原料"; 文章資訊: 2020-10-08 13:41:00, 王令麟率團親赴高雄直擊東森活泉精華膠囊生產線大讚體驗是最好的行銷, https://www.ettoday.net/news/20201008/1827207.htm
         >>> 找到關鍵字 "原料"; 文章資訊: 2020-10-08 12:41:00, 諾貝爾化學獎得主莫里納逝世享壽77歲, https://www.ettoday.net/news/20201008/1827182.htm
         >>> 找到關鍵字 "原料"; 文章資訊: 2020-10-08 11:23:00, 2020台灣創新技術發明競賽嘉藥勇奪金銀獎項, https://www.ettoday.net/news/20201008/1827076.htm
         >>> 找到關鍵字 "原料"; 文章資訊: 2020-10-08 10:52:00, 玉山論壇致詞蔡英文阻撓台灣分享經驗不符區域共同利益, https://www.ettoday.net/news/20201008/1827034.htm
         >>> 找到關鍵字 "原料"; 文章資訊: 2020-10-08 10:42:00, 福壽百年慶副總統賴清德按讚牧草豬打造台豬品牌競爭力, https://www.ettoday.net/news/20201008/1826897.htm
         <<< 2020-10-09 沒有更多 "原料" 相關的新聞 !!! >>>
        ------------------------------------------------------
       >> 搜尋關鍵字:"氣爆"; 網址:"https://www.ettoday.net/news_search/doSearch.php?keywords=氣爆&idx=1&page=1"
         >>> 找到關鍵字 "氣爆"; 文章資訊: 2020-10-08 16:49:00, 李正皓涉偷拍自嘲陳冠希控網友重提4年舊事影響選情, https://www.ettoday.net/news/20201008/1827420.htm
         >>> 找到關鍵字 "氣爆"; 文章資訊: 2020-10-08 16:12:00, 補助6學弟罷韓車資涉賄工程師沒要他們怎麼投不起訴, https://www.ettoday.net/news/20201008/1827379.htm
         >>> 找到關鍵字 "氣爆"; 文章資訊: 2020-10-08 11:28:00, 日月潭最新浪漫玩法搭夢幻遊艇環湖嗑下午茶找尋月牙灣秘境, https://www.ettoday.net/news/20201008/1827060.htm
         >>> 找到關鍵字 "氣爆"; 文章資訊: 2020-10-08 09:34:00, 快訊錢櫃大火6死起訴董事長練台生等7人過失致死罪, https://www.ettoday.net/news/20201008/1826886.htm
         <<< 2020-10-09 沒有更多 "氣爆" 相關的新聞 !!! >>>
        ------------------------------------------------------
       >> 搜尋關鍵字:"添加物"; 網址:"https://www.ettoday.net/news_search/doSearch.php?keywords=添加物&idx=1&page=1"
         >>> 找到關鍵字 "添加物"; 文章資訊: 2020-10-08 18:07:00, 台灣被虧重口味他看傻日本才是網突破盲點重的地方不同, https://www.ettoday.net/news/20201008/1827461.htm
         <<< 2020-10-09 沒有更多 "添加物" 相關的新聞 !!! >>>
        ------------------------------------------------------
       >> 搜尋關鍵字:"黑心"; 網址:"https://www.ettoday.net/news_search/doSearch.php?keywords=黑心&idx=1&page=1"
         <<< 2020-10-09 沒有更多 "黑心" 相關的新聞 !!! >>>
        ------------------------------------------------------
       >> 搜尋關鍵字:"漂白"; 網址:"https://www.ettoday.net/news_search/doSearch.php?keywords=漂白&idx=1&page=1"
         <<< 2020-10-09 沒有更多 "漂白" 相關的新聞 !!! >>>
        ------------------------------------------------------
       >> 搜尋關鍵字:"爆炸"; 網址:"https://www.ettoday.net/news_search/doSearch.php?keywords=爆炸&idx=1&page=1"
         >>> 找到關鍵字 "爆炸"; 文章資訊: 2020-10-08 19:30:00, 俄火藥庫7萬5千噸彈藥野火引燃救災人員每十秒爆一次, https://www.ettoday.net/news/20201008/1827335.htm
         >>> 找到關鍵字 "爆炸"; 文章資訊: 2020-10-08 13:43:00, 影酷炫蕾菈也開手搖飲了功夫茶反骨店在士林3款專屬特調超欠喝, https://www.ettoday.net/news/20201008/1827013.htm
         >>> 找到關鍵字 "爆炸"; 文章資訊: 2020-10-08 08:15:00, 敘利亞西南部傳爆炸聲響至少2人受傷, https://www.ettoday.net/news/20201008/1826866.htm
         <<< 2020-10-09 沒有更多 "爆炸" 相關的新聞 !!! >>>
        ------------------------------------------------------
       >> 搜尋關鍵字:"新興"; 網址:"https://www.ettoday.net/news_search/doSearch.php?keywords=新興&idx=1&page=1"
         >>> 找到關鍵字 "新興"; 文章資訊: 2020-10-08 21:23:00, 茶園巨大珍奶南投茶二指10月身份證對對碰數字有1和0免費入場, https://www.ettoday.net/news/20201008/1827591.htm
         >>> 找到關鍵字 "新興"; 文章資訊: 2020-10-08 20:32:00, 國人投資高收債違約4506億金管會尚無異常, https://www.ettoday.net/news/20201008/1827554.htm
         >>> 找到關鍵字 "新興"; 文章資訊: 2020-10-08 15:35:00, 雲林農遊趣4路線玩體驗品嚐華山咖啡香林北卡好菸樓文化, https://www.ettoday.net/news/20201008/1827273.htm
         >>> 找到關鍵字 "新興"; 文章資訊: 2020-10-08 12:18:00, 吸毒而死人數增10倍紙風車拼2年完成全台958所國中反毒演出, https://www.ettoday.net/news/20201008/1827077.htm
         >>> 找到關鍵字 "新興"; 文章資訊: 2020-10-08 08:03:00, 賓士S級豪華電動車明年亮相GClass變身獨立新品牌, https://www.ettoday.net/news/20201008/1826502.htm
         <<< 2020-10-09 沒有更多 "新興" 相關的新聞 !!! >>>
        ------------------------------------------------------
       >> 搜尋關鍵字:"爆裂物"; 網址:"https://www.ettoday.net/news_search/doSearch.php?keywords=爆裂物&idx=1&page=1"
         <<< 2020-10-09 沒有更多 "爆裂物" 相關的新聞 !!! >>>
        ------------------------------------------------------
       >> 搜尋關鍵字:"IED"; 網址:"https://www.ettoday.net/news_search/doSearch.php?keywords=IED&idx=1&page=1"
         <<< 2020-10-09 沒有更多 "IED" 相關的新聞 !!! >>>
        ------------------------------------------------------
       >> 搜尋關鍵字:"排放"; 網址:"https://www.ettoday.net/news_search/doSearch.php?keywords=排放&idx=1&page=1"
         >>> 找到關鍵字 "排放"; 文章資訊: 2020-10-08 17:53:00, 先探汽車產業終於苦盡甘來, https://www.ettoday.net/news/20201008/1826311.htm
         >>> 找到關鍵字 "排放"; 文章資訊: 2020-10-08 11:19:00, 美大選副總統辯論賀錦麗避談中國政策川普陣營占上風, https://www.ettoday.net/news/20201008/1826966.htm
         >>> 找到關鍵字 "排放"; 文章資訊: 2020-10-08 10:31:00, 床底就是雜貨店她花4000元買零食購物動機笑噴網被打敗, https://www.ettoday.net/news/20201008/1826898.htm
         <<< 2020-10-09 沒有更多 "排放" 相關的新聞 !!! >>>
        ------------------------------------------------------
       >> 搜尋關鍵字:"污染"; 網址:"https://www.ettoday.net/news_search/doSearch.php?keywords=污染&idx=1&page=1"
         >>> 找到關鍵字 "污染"; 文章資訊: 2020-10-08 17:54:00, 全沖上岸堆成屍體海灘堪察加不明物質洩漏毒斃海域95生物, https://www.ettoday.net/news/20201008/1827317.htm
         >>> 找到關鍵字 "污染"; 文章資訊: 2020-10-08 15:47:00, 水淹農地小廟墓地變農產業聚落綠委批陳吉仲政策太獨斷, https://www.ettoday.net/news/20201008/1827356.htm
         >>> 找到關鍵字 "污染"; 文章資訊: 2020-10-08 14:05:00, 台中青年模擬聯合國17日登場330學子探討南海爭議後疫情經濟, https://www.ettoday.net/news/20201008/1827240.htm
         >>> 找到關鍵字 "污染"; 文章資訊: 2020-10-08 10:34:00, 環保署檢警216人追非法棄置廢棄物集團最重處1500萬, https://www.ettoday.net/news/20201008/1826967.htm
         <<< 2020-10-09 沒有更多 "污染" 相關的新聞 !!! >>>
        ------------------------------------------------------
       >> 搜尋關鍵字:"廢水"; 網址:"https://www.ettoday.net/news_search/doSearch.php?keywords=廢水&idx=1&page=1"
         <<< 2020-10-09 沒有更多 "廢水" 相關的新聞 !!! >>>
        ------------------------------------------------------
       >> 搜尋關鍵字:"污水"; 網址:"https://www.ettoday.net/news_search/doSearch.php?keywords=污水&idx=1&page=1"
         <<< 2020-10-09 沒有更多 "污水" 相關的新聞 !!! >>>
        ------------------------------------------------------
       >> 搜尋關鍵字:"洩漏"; 網址:"https://www.ettoday.net/news_search/doSearch.php?keywords=洩漏&idx=1&page=1"
         >>> 找到關鍵字 "洩漏"; 文章資訊: 2020-10-08 23:29:00, 賈乃亮度假被偶遇要合照一聽最愛甜馨臉僵了, https://www.ettoday.net/news/20201008/1827649.htm
         >>> 找到關鍵字 "洩漏"; 文章資訊: 2020-10-08 17:54:00, 全沖上岸堆成屍體海灘堪察加不明物質洩漏毒斃海域95生物, https://www.ettoday.net/news/20201008/1827317.htm
         <<< 2020-10-09 沒有更多 "洩漏" 相關的新聞 !!! >>>
        ------------------------------------------------------
       >> 搜尋關鍵字:"暗管"; 網址:"https://www.ettoday.net/news_search/doSearch.php?keywords=暗管&idx=1&page=1"
         <<< 2020-10-09 沒有更多 "暗管" 相關的新聞 !!! >>>
        ------------------------------------------------------
       >> 搜尋關鍵字:"偷排"; 網址:"https://www.ettoday.net/news_search/doSearch.php?keywords=偷排&idx=1&page=1"
         <<< 2020-10-09 沒有更多 "偷排" 相關的新聞 !!! >>>
        ------------------------------------------------------
       >> 搜尋關鍵字:"安全"; 網址:"https://www.ettoday.net/news_search/doSearch.php?keywords=安全&idx=1&page=1"
         >>> 找到關鍵字 "安全"; 文章資訊: 2020-10-09 06:08:00, 多維TW誰在唯恐兩岸不亂, https://www.ettoday.net/news/20201009/1821889.htm
         >>> 找到關鍵字 "安全"; 文章資訊: 2020-10-09 05:59:00, 大選辯論喬不攏拜登川普陣營隔空交戰仍無共識, https://www.ettoday.net/news/20201009/1827692.htm
         >>> 找到關鍵字 "安全"; 文章資訊: 2020-10-09 00:01:00, 扁馬蔡20年5大戰車死傷事件那一年M60A3直接爬上悍馬車, https://www.ettoday.net/news/20201009/1827590.htm
         >>> 找到關鍵字 "安全"; 文章資訊: 2020-10-08 23:20:00, 陳廷寵批國軍戰力0顏若芳您身為前陸軍總司令沒責任, https://www.ettoday.net/news/20201008/1827651.htm
         >>> 找到關鍵字 "安全"; 文章資訊: 2020-10-08 21:33:00, 快訊共機1架運8侵擾我防空識別區今年累計219架次, https://www.ettoday.net/news/20201008/1827537.htm
         >>> 找到關鍵字 "安全"; 文章資訊: 2020-10-08 20:43:00, 精神病強制就醫侵害人權醫界民團齊籲落實社區同儕支持, https://www.ettoday.net/news/20201008/1827589.htm
         >>> 找到關鍵字 "安全"; 文章資訊: 2020-10-08 20:17:00, 新北三和國小自製紅寶石蜜餞食農教育從小扎根吃出好滋味, https://www.ettoday.net/news/20201008/1827562.htm
         >>> 找到關鍵字 "安全"; 文章資訊: 2020-10-08 20:16:00, 九份假日觀光景點人潮多新九號停車場轉乘接駁站9日啟用, https://www.ettoday.net/news/20201008/1827580.htm
         >>> 找到關鍵字 "安全"; 文章資訊: 2020-10-08 20:15:00, 有房有車仍被打槍他曝超崩壞第一印象直接出局別犯4點禁忌, https://www.ettoday.net/news/20201008/1827469.htm
         >>> 找到關鍵字 "安全"; 文章資訊: 2020-10-08 20:05:00, 快訊淡水違規亂飛R22直升機主人找到了民航局已鎖定對象, https://www.ettoday.net/news/20201008/1827581.htm
        ------------------------------------------------------
       >> 搜尋關鍵字:"槽車"; 網址:"https://www.ettoday.net/news_search/doSearch.php?keywords=槽車&idx=1&page=1"
         <<< 2020-10-09 沒有更多 "槽車" 相關的新聞 !!! >>>
       >> 檔案輸出
        ------------------------------------------------------
      >> 下載新聞內容
      >> 下載 https://www.ettoday.net/news/20201008/1827384.htm, 台塑四寶Q3吃大補大賺49753億元補足上半年虧損
      >> 下載 https://www.ettoday.net/news/20201008/1827157.htm, 鴻海SAP戰略結盟加速Foxconn20轉型提升30生產力
      >> 下載 https://www.ettoday.net/news/20201008/1827007.htm, 校外參訪竹北警分局小小幼童Q萌新體驗
      >> 下載 https://www.ettoday.net/news/20201008/1824752.htm, 台灣首家企業全力響應富邦人壽偕荒野推動川廢快篩調查
      >> 下載 https://www.ettoday.net/news/20201008/1827624.htm, 偽飛日本弘光科大辦日本浴衣文化節濃濃東洋風
      >> 下載 https://www.ettoday.net/news/20201008/1826308.htm, 先探跳脫舒適圈的轉型股
      >> 下載 https://www.ettoday.net/news/20201008/1827393.htm, 新北登革熱續燒樹林區30多歲男確診研判與三峽五寮里群聚相關
      >> 下載 https://www.ettoday.net/news/20201008/1827460.htm, 連8月負成長9月消費者物價指數年減058
      >> 下載 https://www.ettoday.net/news/20201008/1827006.htm, 宋兆文兩岸開戰的責任蔡政府根本負不起
      >> 下載 https://www.ettoday.net/news/20201008/1827056.htm, 南極臭氧層破洞擴大至2400萬平方公里比3個澳洲大
      >> 下載 https://www.ettoday.net/news/20201008/1827244.htm, 28歲男車禍卻發現腦癌為爸爸多活一天他勇戰雙魔4年終退敵
      >> 下載 https://www.ettoday.net/news/20201008/1827182.htm, 諾貝爾化學獎得主莫里納逝世享壽77歲
      >> 下載 https://www.ettoday.net/news/20201008/1826804.htm, 口腔癌治療後6年癌轉移肺長6腫瘤北港媽祖醫院出招殲滅
      >> 下載 https://www.ettoday.net/news/20201008/1827541.htm, 回收手機拿好康10月手機回收可抽新機都是名牌大款
      >> 下載 https://www.ettoday.net/news/20201008/1827331.htm, 金門高中甄選6次才找到代理教師身份起底家長轟黑手進校園
      >> 下載 https://www.ettoday.net/news/20201009/1827548.htm, 單厚之大法官會議作繭自縛促轉會成為上級審
      >> 下載 https://www.ettoday.net/news/20201008/1827390.htm, 網爆國道永康段雷射筆亂照警聯結車駕駛所為射向他車車尾
      >> 下載 https://www.ettoday.net/news/20201008/1827381.htm, 萊劑文宣進入校園家長憂心藍委籲發起公投全民抵制美豬
      >> 下載 https://www.ettoday.net/news/20201008/1827079.htm, 廣編asobu隨身瓶自然環保生態友好的喝水瓶論時尚拿獎金
      >> 下載 https://www.ettoday.net/news/20201008/1827136.htm, 桃園孽子37刀剁斷母親頭顱12樓丟下高院羈押理由曝光
      >> 下載 https://www.ettoday.net/news/20201008/1827083.htm, 台中爆當街砸車窗擄人快打部隊急衝現場原來自己人辦案
      >> 下載 https://www.ettoday.net/news/20201008/1826925.htm, 澳門增設維護國安組織學者將帶來寒蟬效應
      >> 下載 https://www.ettoday.net/news/20201008/1799451.htm, 寶寶發燒要急著退燒嗎
      >> 下載 https://www.ettoday.net/news/20201008/1827533.htm, 藍委舉牌喊下台陳吉仲看到這3人手酸換手建議讓他們休息
      >> 下載 https://www.ettoday.net/news/20201008/1827028.htm, 夾娃娃機驚見情趣用品台主硬拗臉部按摩器遭法官打臉
      >> 下載 https://www.ettoday.net/news/20201008/1827076.htm, 2020台灣創新技術發明競賽嘉藥勇奪金銀獎項
      >> 下載 https://www.ettoday.net/news/20201008/1827381.htm, 萊劑文宣進入校園家長憂心藍委籲發起公投全民抵制美豬
      >> 下載 https://www.ettoday.net/news/20201008/1827134.htm, 女嬰被忘車上4小時活活悶死警察上門通知發現媽正在床上嗨
      >> 下載 https://www.ettoday.net/news/20201008/1826957.htm, 1歲童從小關鐵籠狠心媽當狗養被迫和700隻動物生活
      >> 下載 https://www.ettoday.net/news/20201008/1827077.htm, 吸毒而死人數增10倍紙風車拼2年完成全台958所國中反毒演出
      >> 下載 https://www.ettoday.net/news/20201008/1827135.htm, 偷車被發現驚逃笨賊翻牆秒進警局後院員警傻眼全笑了
      >> 下載 https://www.ettoday.net/news/20201008/1827136.htm, 桃園孽子37刀剁斷母親頭顱12樓丟下高院羈押理由曝光
      >> 下載 https://www.ettoday.net/news/20201008/1827083.htm, 台中爆當街砸車窗擄人快打部隊急衝現場原來自己人辦案
      >> 下載 https://www.ettoday.net/news/20201008/1827057.htm, 彰化鐵皮屋聚賭警扣22萬第三方警政加碼發功斷水電拆違建
      >> 下載 https://www.ettoday.net/news/20201008/1827066.htm, 快訊孽子37刀砍斷母頭無罪將出獄高院今開庭裁定羈押3個月
      >> 下載 https://www.ettoday.net/news/20201008/1826964.htm, 快訊弒母斷頭梁男無罪後將出獄高院緊急召開羈押庭
      >> 下載 https://www.ettoday.net/news/20201008/1827265.htm, 大江生活搶攻機能食品商機爆米花含玻尿酸膠原蛋白
      >> 下載 https://www.ettoday.net/news/20201008/1826971.htm, 不酸了陳致中昔質詢韓國瑜王子復仇今陳其邁登場兩樣情
      >> 下載 https://www.ettoday.net/news/20201008/1827552.htm, 大家都沒變變得只有林飛帆朱辦他應為2012年的自己道歉
      >> 下載 https://www.ettoday.net/news/20201008/1827369.htm, 再批林飛帆雙標卸責徐巧芯綠營強渡關山他連屁都不敢放
      >> 下載 https://www.ettoday.net/news/20201008/1827472.htm, 馬辦批林飛帆好的不學竟學撒謊曾上街反瘦肉精痛斥黑箱
      >> 下載 https://www.ettoday.net/news/20201008/1827375.htm, 國民黨要林飛帆為過去反美豬辭職民進黨別到處潑髒水
      >> 下載 https://www.ettoday.net/news/20201008/1827299.htm, 網友檢舉大陸肉製品卻遭回無聊對話曝台南衛生局會再教育
      >> 下載 https://www.ettoday.net/news/20201008/1826910.htm, 國民黨轟林飛帆月領9萬就護航不道歉就辭職
      >> 下載 https://www.ettoday.net/news/20201008/1827231.htm, 拉麵比薩惹怒義大利人必勝客總經理現身道歉了還免費請吃麵
      >> 下載 https://www.ettoday.net/news/20201008/1827606.htm, GIVENCHY新總監首個聯名黑魂果汁出爐網抗議我要的是衣服
      >> 下載 https://www.ettoday.net/news/20201008/1827428.htm, 板橋年增2500戶人口居冠江翠北潤泰文樺開案銷8成
      >> 下載 https://www.ettoday.net/news/20201008/1827207.htm, 王令麟率團親赴高雄直擊東森活泉精華膠囊生產線大讚體驗是最好的行銷
      >> 下載 https://www.ettoday.net/news/20201008/1827182.htm, 諾貝爾化學獎得主莫里納逝世享壽77歲
      >> 下載 https://www.ettoday.net/news/20201008/1827076.htm, 2020台灣創新技術發明競賽嘉藥勇奪金銀獎項
      >> 下載 https://www.ettoday.net/news/20201008/1827034.htm, 玉山論壇致詞蔡英文阻撓台灣分享經驗不符區域共同利益
      >> 下載 https://www.ettoday.net/news/20201008/1826897.htm, 福壽百年慶副總統賴清德按讚牧草豬打造台豬品牌競爭力
      >> 下載 https://www.ettoday.net/news/20201008/1827420.htm, 李正皓涉偷拍自嘲陳冠希控網友重提4年舊事影響選情
      >> 下載 https://www.ettoday.net/news/20201008/1827379.htm, 補助6學弟罷韓車資涉賄工程師沒要他們怎麼投不起訴
      >> 下載 https://www.ettoday.net/news/20201008/1827060.htm, 日月潭最新浪漫玩法搭夢幻遊艇環湖嗑下午茶找尋月牙灣秘境
      >> 下載 https://www.ettoday.net/news/20201008/1826886.htm, 快訊錢櫃大火6死起訴董事長練台生等7人過失致死罪
      >> 下載 https://www.ettoday.net/news/20201008/1827461.htm, 台灣被虧重口味他看傻日本才是網突破盲點重的地方不同
      >> 下載 https://www.ettoday.net/news/20201008/1827335.htm, 俄火藥庫7萬5千噸彈藥野火引燃救災人員每十秒爆一次
      >> 下載 https://www.ettoday.net/news/20201008/1827013.htm, 影酷炫蕾菈也開手搖飲了功夫茶反骨店在士林3款專屬特調超欠喝
      >> 下載 https://www.ettoday.net/news/20201008/1826866.htm, 敘利亞西南部傳爆炸聲響至少2人受傷
      >> 下載 https://www.ettoday.net/news/20201008/1827591.htm, 茶園巨大珍奶南投茶二指10月身份證對對碰數字有1和0免費入場
      >> 下載 https://www.ettoday.net/news/20201008/1827554.htm, 國人投資高收債違約4506億金管會尚無異常
      >> 下載 https://www.ettoday.net/news/20201008/1827273.htm, 雲林農遊趣4路線玩體驗品嚐華山咖啡香林北卡好菸樓文化
      >> 下載 https://www.ettoday.net/news/20201008/1827077.htm, 吸毒而死人數增10倍紙風車拼2年完成全台958所國中反毒演出
      >> 下載 https://www.ettoday.net/news/20201008/1826502.htm, 賓士S級豪華電動車明年亮相GClass變身獨立新品牌
      >> 下載 https://www.ettoday.net/news/20201008/1826311.htm, 先探汽車產業終於苦盡甘來
      >> 下載 https://www.ettoday.net/news/20201008/1826966.htm, 美大選副總統辯論賀錦麗避談中國政策川普陣營占上風
      >> 下載 https://www.ettoday.net/news/20201008/1826898.htm, 床底就是雜貨店她花4000元買零食購物動機笑噴網被打敗
      >> 下載 https://www.ettoday.net/news/20201008/1827317.htm, 全沖上岸堆成屍體海灘堪察加不明物質洩漏毒斃海域95生物
      >> 下載 https://www.ettoday.net/news/20201008/1827356.htm, 水淹農地小廟墓地變農產業聚落綠委批陳吉仲政策太獨斷
      >> 下載 https://www.ettoday.net/news/20201008/1827240.htm, 台中青年模擬聯合國17日登場330學子探討南海爭議後疫情經濟
      >> 下載 https://www.ettoday.net/news/20201008/1826967.htm, 環保署檢警216人追非法棄置廢棄物集團最重處1500萬
      >> 下載 https://www.ettoday.net/news/20201008/1827649.htm, 賈乃亮度假被偶遇要合照一聽最愛甜馨臉僵了
      >> 下載 https://www.ettoday.net/news/20201008/1827317.htm, 全沖上岸堆成屍體海灘堪察加不明物質洩漏毒斃海域95生物
      >> 下載 https://www.ettoday.net/news/20201009/1821889.htm, 多維TW誰在唯恐兩岸不亂
      >> 下載 https://www.ettoday.net/news/20201009/1827692.htm, 大選辯論喬不攏拜登川普陣營隔空交戰仍無共識
      >> 下載 https://www.ettoday.net/news/20201009/1827590.htm, 扁馬蔡20年5大戰車死傷事件那一年M60A3直接爬上悍馬車
      >> 下載 https://www.ettoday.net/news/20201008/1827651.htm, 陳廷寵批國軍戰力0顏若芳您身為前陸軍總司令沒責任
      >> 下載 https://www.ettoday.net/news/20201008/1827537.htm, 快訊共機1架運8侵擾我防空識別區今年累計219架次
      >> 下載 https://www.ettoday.net/news/20201008/1827589.htm, 精神病強制就醫侵害人權醫界民團齊籲落實社區同儕支持
      >> 下載 https://www.ettoday.net/news/20201008/1827562.htm, 新北三和國小自製紅寶石蜜餞食農教育從小扎根吃出好滋味
      >> 下載 https://www.ettoday.net/news/20201008/1827580.htm, 九份假日觀光景點人潮多新九號停車場轉乘接駁站9日啟用
      >> 下載 https://www.ettoday.net/news/20201008/1827469.htm, 有房有車仍被打槍他曝超崩壞第一印象直接出局別犯4點禁忌
      >> 下載 https://www.ettoday.net/news/20201008/1827581.htm, 快訊淡水違規亂飛R22直升機主人找到了民航局已鎖定對象
