     -----> 新聞爬蟲：蘋果日報

           <<< 蘋果日報新聞搜尋 >>>
  ------------------------------------------------------
  ------------------------------------------------------
    >> 搜尋關鍵字:"工業用"; 網址:"https://tw.appledaily.com/search/工業用/"
         >>> 找到關鍵字 "工業用"; 文章資訊: 2020-10-07 09:50:00, 外資喊進聯電毛利率上看3字頭目標價上調45元, https://tw.appledaily.com/property/20201007/NVT2Y7PGSRATLIPANNNLVAE2PE/
         <<< 2020-10-08 沒有更多 "工業用" 相關的新聞 !!! >>>
  ------------------------------------------------------
    >> 搜尋關鍵字:"化工"; 網址:"https://tw.appledaily.com/search/化工/"
         <<< 2020-10-08 沒有更多 "化工" 相關的新聞 !!! >>>
  ------------------------------------------------------
    >> 搜尋關鍵字:"化災"; 網址:"https://tw.appledaily.com/search/化災/"
         <<< 2020-10-08 沒有更多 "化災" 相關的新聞 !!! >>>
  ------------------------------------------------------
    >> 搜尋關鍵字:"化學"; 網址:"https://tw.appledaily.com/search/化學/"
         >>> 找到關鍵字 "化學"; 文章資訊: 2020-10-08 04:16:00, 德法外長指俄國參與反對派領袖中毒案將尋求歐盟制裁, https://tw.appledaily.com/international/20201008/6PQIISJFZZAKBO2GCDFJTZ52OQ/
         >>> 找到關鍵字 "化學"; 文章資訊: 2020-10-08 00:00:00, 諾貝爾獎揭曉化學獎2女傑改良基因剪刀造福難治癌症, https://tw.appledaily.com/international/20201008/L4BQKGRQIRF5JEWHJ6TWVJD7WU/
         >>> 找到關鍵字 "化學"; 文章資訊: 2020-10-08 00:00:00, 實至名歸2人曾同獲我國唐獎殊榮, https://tw.appledaily.com/international/20201008/SCFIMXSKT5ABPB2W2WBD7VK72E/
         >>> 找到關鍵字 "化學"; 文章資訊: 2020-10-08 00:15:00, 諾貝爾CRISPR怎樣編輯基因80秒短片讓你看懂, https://tw.appledaily.com/international/20201008/6RJEVDYAAFHFBEDOSUQ2RIKDOY/
         >>> 找到關鍵字 "化學"; 文章資訊: 2020-10-07 23:42:00, 諾貝爾研究基因編輯美法兩名女學者同獲化學獎榮譽, https://tw.appledaily.com/international/20201007/KSDCUQ3PK5DEJCJXWN7UKMHDAM/
         >>> 找到關鍵字 "化學"; 文章資訊: 2020-10-07 23:07:00, 諾貝爾諾貝爾得主曾獲李嘉誠捐助基金會透露他高興落淚, https://tw.appledaily.com/international/20201007/X4VEGHM4VRBB3IVE5XU4RMZLA4/
         >>> 找到關鍵字 "化學"; 文章資訊: 2020-10-07 22:06:00, 諾貝爾美法雙姝學者共享化學獎學界實至名歸可惜另有一人成遺珠, https://tw.appledaily.com/life/20201007/7EAV6J6HTRBHRF5DBS7ZEUIYSY/
         >>> 找到關鍵字 "化學"; 文章資訊: 2020-10-07 19:58:00, 諾貝爾基因編輯教母道納奪化學獎學者她亮眼又有魅力像科學界郭台銘, https://tw.appledaily.com/life/20201007/WDIYUCLGH5GABFJXWVHNC6L5D4/
         >>> 找到關鍵字 "化學"; 文章資訊: 2020-10-07 18:51:00, 李棟旭化身男九尾狐被尊稱老師坦言超車鬼怪有壓力, https://tw.appledaily.com/entertainment/20201007/AVQBQW7AYNH65CIP4YCCFRAEEE/
         >>> 找到關鍵字 "化學"; 文章資訊: 2020-10-07 18:07:00, 新增1例本土登革熱老婦曾去蘆竹老家菜園, https://tw.appledaily.com/life/20201007/5QPLF3HHCBHCPM2AYK3OLGTNYA/
         >>> 找到關鍵字 "化學"; 文章資訊: 2020-10-07 16:08:00, 不懼疫情台Q3出口破900億美元創單季新高全年出口可望由負轉正, https://tw.appledaily.com/property/20201007/ABU7RLN2JNFN7IV3S7KUQCPLSQ/
         >>> 找到關鍵字 "化學"; 文章資訊: 2020-10-07 15:47:00, 經濟部全球招商今年投資綠能已逾6百億, https://tw.appledaily.com/property/20201007/V6SWZADMLNFVZEMZ7K4SMUIT5I/
         >>> 找到關鍵字 "化學"; 文章資訊: 2020-10-07 12:12:00, 製毒工廠隱身新竹山區警查獲市值5億元新興毒品喵喵, https://tw.appledaily.com/local/20201007/YNTL5G6K7ZDRLPKARIVKDOSHII/
         <<< 2020-10-08 沒有更多 "化學" 相關的新聞 !!! >>>
  ------------------------------------------------------
    >> 搜尋關鍵字:"外洩"; 網址:"https://tw.appledaily.com/search/外洩/"
         >>> 找到關鍵字 "外洩"; 文章資訊: 2020-10-07 22:34:00, 19歲男大生多次與15歲女孩上床品行優良僅判社區服務免囚, https://tw.appledaily.com/international/20201007/GNLFRFREIVHRZMN5I7GFTKL3BA/
         >>> 找到關鍵字 "外洩"; 文章資訊: 2020-10-07 12:47:00, 陳其邁首備詢施政報告不看稿侃侃而談逾時被議長打斷, https://tw.appledaily.com/politics/20201007/CWY5C45LNVF4VNOJZBIFGBE364/
         >>> 找到關鍵字 "外洩"; 文章資訊: 2020-10-07 09:13:00, 甄選6次才找到的代理老師竟是補習班負責人家長氣炸, https://tw.appledaily.com/life/20201007/CLY4NW3EUREEVIH7Q3TAW4X45I/
         <<< 2020-10-08 沒有更多 "外洩" 相關的新聞 !!! >>>
  ------------------------------------------------------
    >> 搜尋關鍵字:"危害"; 網址:"https://tw.appledaily.com/search/危害/"
         >>> 找到關鍵字 "危害"; 文章資訊: 2020-10-08 02:19:00, 文化滅絕反漢語教學拒送兒子上學蒙古族維權律師被捕, https://tw.appledaily.com/international/20201008/NF737OFNKFBIPJEKOOSTKDVHA4/
         >>> 找到關鍵字 "危害"; 文章資訊: 2020-10-07 21:40:00, 開放美豬牛蔣萬安下周先辦公聽會再考察海關查驗機制, https://tw.appledaily.com/politics/20201007/343NBSPX5ZGUTG4A3WENSEJENA/
         >>> 找到關鍵字 "危害"; 文章資訊: 2020-10-07 20:19:00, 7所國小午餐菜單竟宣傳瘦肉精優點北市府回收並查廠商動機, https://tw.appledaily.com/life/20201007/NDFVFDXGGNAJBPZ5TISW5CSOJY/
         >>> 找到關鍵字 "危害"; 文章資訊: 2020-10-07 16:10:00, 男欠50萬元債務遭友設局被擄凌虐, https://tw.appledaily.com/local/20201007/H6UEIW22FFD4PG34KVDMHHEMRI/
         >>> 找到關鍵字 "危害"; 文章資訊: 2020-10-07 09:31:00, 軍情局長羅德民遭爆自肥軍情局否認報導並將提告, https://tw.appledaily.com/politics/20201007/FWW74REIDZAQ7COBTWSZNAEWKU/
         <<< 2020-10-08 沒有更多 "危害" 相關的新聞 !!! >>>
  ------------------------------------------------------
    >> 搜尋關鍵字:"有毒"; 網址:"https://tw.appledaily.com/search/有毒/"
         <<< 2020-10-08 沒有更多 "有毒" 相關的新聞 !!! >>>
  ------------------------------------------------------
    >> 搜尋關鍵字:"有害"; 網址:"https://tw.appledaily.com/search/有害/"
      **** something wrong!! Restart it!! ****
  ------------------------------------------------------
    >> 搜尋關鍵字:"色料"; 網址:"https://tw.appledaily.com/search/色料/"
         <<< 2020-10-08 沒有更多 "色料" 相關的新聞 !!! >>>
  ------------------------------------------------------
    >> 搜尋關鍵字:"色素"; 網址:"https://tw.appledaily.com/search/色素/"
         >>> 找到關鍵字 "色素"; 文章資訊: 2020-10-07 19:08:00, 賈靜雯賈以食日攜手人氣卡通人物推角落小夥伴寶貝麵, https://tw.appledaily.com/supplement/20201007/N577ETJLLFFMJFPXVJIT4NGDDQ/
         <<< 2020-10-08 沒有更多 "色素" 相關的新聞 !!! >>>
  ------------------------------------------------------
    >> 搜尋關鍵字:"毒性"; 網址:"https://tw.appledaily.com/search/毒性/"
         >>> 找到關鍵字 "毒性"; 文章資訊: 2020-10-08 00:00:00, 蘆薈素恐釀肝腎毒性加註警語後年上路, https://tw.appledaily.com/headline/20201008/QFQ2RQAR5JHNFO6XXVJLG6CUYQ/
         >>> 找到關鍵字 "毒性"; 文章資訊: 2020-10-07 12:37:00, 排便聖品蘆薈素有肝腎毒性疑慮食藥署下令針對6族群加警語, https://tw.appledaily.com/life/20201007/UBAMNPYKINAUDIUOTEF5MLJRJM/
         <<< 2020-10-08 沒有更多 "毒性" 相關的新聞 !!! >>>
  ------------------------------------------------------
    >> 搜尋關鍵字:"毒品"; 網址:"https://tw.appledaily.com/search/毒品/"
      **** something wrong!! Restart it!! ****
  ------------------------------------------------------
    >> 搜尋關鍵字:"致癌"; 網址:"https://tw.appledaily.com/search/致癌/"
         >>> 找到關鍵字 "致癌"; 文章資訊: 2020-10-07 12:22:00, NDMA致癌風波延燒正和糖尿病藥全數自主下架, https://tw.appledaily.com/life/20201007/JQ7ISEJZRFGERFUMTQTJMEOH2M/
         <<< 2020-10-08 沒有更多 "致癌" 相關的新聞 !!! >>>
  ------------------------------------------------------
    >> 搜尋關鍵字:"重金屬"; 網址:"https://tw.appledaily.com/search/重金屬/"
         <<< 2020-10-08 沒有更多 "重金屬" 相關的新聞 !!! >>>
  ------------------------------------------------------
    >> 搜尋關鍵字:"食安"; 網址:"https://tw.appledaily.com/search/食安/"
         >>> 找到關鍵字 "食安"; 文章資訊: 2020-10-07 21:40:00, 開放美豬牛蔣萬安下周先辦公聽會再考察海關查驗機制, https://tw.appledaily.com/politics/20201007/343NBSPX5ZGUTG4A3WENSEJENA/
         >>> 找到關鍵字 "食安"; 文章資訊: 2020-10-07 20:19:00, 7所國小午餐菜單竟宣傳瘦肉精優點北市府回收並查廠商動機, https://tw.appledaily.com/life/20201007/NDFVFDXGGNAJBPZ5TISW5CSOJY/
         >>> 找到關鍵字 "食安"; 文章資訊: 2020-10-07 20:12:00, 陳其邁首備詢藍營批不及格要硬起來綠營打200分, https://tw.appledaily.com/politics/20201007/2QOTCH2P5ZBW7CSKCUKAY4PW7M/
         >>> 找到關鍵字 "食安"; 文章資訊: 2020-10-07 19:51:00, 光復節被台灣遺忘國民黨要規劃系列慶祝活動喚醒國人重視, https://tw.appledaily.com/politics/20201007/LHVMLQR2FVCPDNDCM6DINVBSBQ/
         >>> 找到關鍵字 "食安"; 文章資訊: 2020-10-07 18:31:00, 陳其邁首備詢藍圍攻逼簽反萊豬聲明議員推擠互嗆議長喊回座嘸人聽, https://tw.appledaily.com/politics/20201007/VP3OISUKPVFLRPIBFIJWGVMIRI/
         >>> 找到關鍵字 "食安"; 文章資訊: 2020-10-07 17:44:00, 防未經核准亂貼台灣豬標章吹哨者檢舉獎金最高80萬元, https://tw.appledaily.com/life/20201007/4BHVKX4RCRGWXO3VHSRDUIIO5Y/
         >>> 找到關鍵字 "食安"; 文章資訊: 2020-10-07 17:13:00, 傳康軒吹哨者被離職高嘉瑜轟衛福部至今事不關己態度敷衍, https://tw.appledaily.com/life/20201007/W62GENWWBFAVNHY6MNVD6MVD3E/
         >>> 找到關鍵字 "食安"; 文章資訊: 2020-10-07 16:32:00, 何志偉拋美豬進口總量控管蔡英文不語莊瑞雄直呼驚死人, https://tw.appledaily.com/politics/20201007/JDGWWJNHVFDQLL5HLMI2R32QVQ/
         <<< 2020-10-08 沒有更多 "食安" 相關的新聞 !!! >>>
  ------------------------------------------------------
    >> 搜尋關鍵字:"香料"; 網址:"https://tw.appledaily.com/search/香料/"
         >>> 找到關鍵字 "香料"; 文章資訊: 2020-10-08 00:00:00, 食欲和情慾新加坡人唯一兩星在台李昂, https://tw.appledaily.com/forum/20201008/LG6D6JRGU5CGVKHJP2JMG66M4U/
         >>> 找到關鍵字 "香料"; 文章資訊: 2020-10-08 00:02:00, 北歐皇室餐瓷這裡用得到台北WXWedgewood聯名午茶感受節慶氛圍, https://tw.appledaily.com/supplement/20201008/B47NKGON3ZH2ZOHW4GWCQBRYHQ/
         >>> 找到關鍵字 "香料"; 文章資訊: 2020-10-08 00:01:00, 蟹出名門開吃趁現在望月樓台北福華名廚端好料上菜, https://tw.appledaily.com/supplement/20201008/NMWQTW3X6JCJ5OFFWLL7F6CG2U/
         >>> 找到關鍵字 "香料"; 文章資訊: 2020-10-07 15:00:00, 名采李昂專欄新加坡人唯一兩星在台, https://tw.appledaily.com/forum/20201007/I6CLNS7F6FG7XHX7NILTE6OZ6M/
         >>> 找到關鍵字 "香料"; 文章資訊: 2020-10-07 11:08:00, 食尚品味潮爆敦南商圈瑪黑餐酒懂買氣氛好, https://tw.appledaily.com/supplement/20201007/FKR7H77XIZCZFA7JGE4X6MIPDA/
         <<< 2020-10-08 沒有更多 "香料" 相關的新聞 !!! >>>
  ------------------------------------------------------
    >> 搜尋關鍵字:"原料"; 網址:"https://tw.appledaily.com/search/原料/"
         >>> 找到關鍵字 "原料"; 文章資訊: 2020-10-08 00:00:00, 蘆薈素恐釀肝腎毒性加註警語後年上路, https://tw.appledaily.com/headline/20201008/QFQ2RQAR5JHNFO6XXVJLG6CUYQ/
         >>> 找到關鍵字 "原料"; 文章資訊: 2020-10-07 19:08:00, 賈靜雯賈以食日攜手人氣卡通人物推角落小夥伴寶貝麵, https://tw.appledaily.com/supplement/20201007/N577ETJLLFFMJFPXVJIT4NGDDQ/
         >>> 找到關鍵字 "原料"; 文章資訊: 2020-10-07 19:05:00, 杏輝23款藥效不足全面回收總經理鞠躬道歉最重可廢GMP藥證, https://tw.appledaily.com/life/20201007/6FHAACP5XBGBLJT3Y6SM5HMJHI/
         >>> 找到關鍵字 "原料"; 文章資訊: 2020-10-07 12:37:00, 排便聖品蘆薈素有肝腎毒性疑慮食藥署下令針對6族群加警語, https://tw.appledaily.com/life/20201007/UBAMNPYKINAUDIUOTEF5MLJRJM/
         >>> 找到關鍵字 "原料"; 文章資訊: 2020-10-07 12:12:00, 製毒工廠隱身新竹山區警查獲市值5億元新興毒品喵喵, https://tw.appledaily.com/local/20201007/YNTL5G6K7ZDRLPKARIVKDOSHII/
         <<< 2020-10-08 沒有更多 "原料" 相關的新聞 !!! >>>
  ------------------------------------------------------
    >> 搜尋關鍵字:"氣爆"; 網址:"https://tw.appledaily.com/search/氣爆/"
      **** something wrong!! Restart it!! ****
  ------------------------------------------------------
    >> 搜尋關鍵字:"添加物"; 網址:"https://tw.appledaily.com/search/添加物/"
         >>> 找到關鍵字 "添加物"; 文章資訊: 2020-10-07 20:19:00, 7所國小午餐菜單竟宣傳瘦肉精優點北市府回收並查廠商動機, https://tw.appledaily.com/life/20201007/NDFVFDXGGNAJBPZ5TISW5CSOJY/
         <<< 2020-10-08 沒有更多 "添加物" 相關的新聞 !!! >>>
  ------------------------------------------------------
    >> 搜尋關鍵字:"黑心"; 網址:"https://tw.appledaily.com/search/黑心/"
         >>> 找到關鍵字 "黑心"; 文章資訊: 2020-10-07 17:01:00, 扯中彰投都是他的垃圾場環保掮客羈押禁見, https://tw.appledaily.com/local/20201007/HH5E5OXXEBHGLN6IY4FVGUKPMU/
         <<< 2020-10-08 沒有更多 "黑心" 相關的新聞 !!! >>>
  ------------------------------------------------------
    >> 搜尋關鍵字:"漂白"; 網址:"https://tw.appledaily.com/search/漂白/"
      **** something wrong!! Restart it!! ****
  ------------------------------------------------------
    >> 搜尋關鍵字:"爆炸"; 網址:"https://tw.appledaily.com/search/爆炸/"
         >>> 找到關鍵字 "爆炸"; 文章資訊: 2020-10-08 01:58:00, 乾草叢起火蔓延俄羅斯軍火庫發生彈藥大爆炸, https://tw.appledaily.com/international/20201008/CG5MOITVKVEDROGYQHKAYDSMZQ/
         >>> 找到關鍵字 "爆炸"; 文章資訊: 2020-10-07 20:47:00, 北市東湖國小旁變電箱傍晚傳爆響內湖3361戶停電2030全數復電, https://tw.appledaily.com/life/20201007/KPIDY7SXQRBG5DECODDGH47YUM/
         >>> 找到關鍵字 "爆炸"; 文章資訊: 2020-10-07 20:34:00, 北市東湖變電箱晚間爆炸冒火逾3000戶住宅停電, https://tw.appledaily.com/local/20201007/J7KTPJIYP5GXZLQMDXIC4AHXGI/
         >>> 找到關鍵字 "爆炸"; 文章資訊: 2020-10-07 14:21:00, 劉德華睽違18年再搭劉青雲拆彈2炸斷一條腿, https://tw.appledaily.com/entertainment/20201007/3M52CXOLXJB5HGOSLZ2GZYCIWM/
         <<< 2020-10-08 沒有更多 "爆炸" 相關的新聞 !!! >>>
  ------------------------------------------------------
    >> 搜尋關鍵字:"新興"; 網址:"https://tw.appledaily.com/search/新興/"
         >>> 找到關鍵字 "新興"; 文章資訊: 2020-10-07 22:00:00, 看1眼竟挨1刀少年地檢署前遇險兇漢被聲押獲准, https://tw.appledaily.com/local/20201007/ZEJAM34IBZFL7O7GNQRVY3LWOQ/
         >>> 找到關鍵字 "新興"; 文章資訊: 2020-10-07 17:05:00, 獨家納智捷驚傳連關多個生活館據點公司這樣說, https://tw.appledaily.com/property/20201007/3BLE5FSYDBEGLEVFE5HEMJFEK4/
         >>> 找到關鍵字 "新興"; 文章資訊: 2020-10-07 16:08:00, 不懼疫情台Q3出口破900億美元創單季新高全年出口可望由負轉正, https://tw.appledaily.com/property/20201007/ABU7RLN2JNFN7IV3S7KUQCPLSQ/
         >>> 找到關鍵字 "新興"; 文章資訊: 2020-10-07 13:13:00, 如何消除心中小警總扭轉邪惡庸常化的思想失能, https://tw.appledaily.com/forum/20201007/K4KRU3H5CRAOJGDC7ZUDYWX6YA/
         >>> 找到關鍵字 "新興"; 文章資訊: 2020-10-07 12:12:00, 製毒工廠隱身新竹山區警查獲市值5億元新興毒品喵喵, https://tw.appledaily.com/local/20201007/YNTL5G6K7ZDRLPKARIVKDOSHII/
         >>> 找到關鍵字 "新興"; 文章資訊: 2020-10-07 11:32:00, 糞便能造紙觀光區推象糞再生紙獨家創意成遊客最愛, https://tw.appledaily.com/life/20201007/QDUNXLQU6RCCNIPIA5LM7OQPZA/
         >>> 找到關鍵字 "新興"; 文章資訊: 2020-10-07 09:00:00, 趨勢大師武肺疫情衝擊2020年全球智慧型手機出貨大衰退, https://tw.appledaily.com/property/20201007/KPPKGZP7BJEPZDINSPQBTOVHIU/
         <<< 2020-10-08 沒有更多 "新興" 相關的新聞 !!! >>>
  ------------------------------------------------------
    >> 搜尋關鍵字:"爆裂物"; 網址:"https://tw.appledaily.com/search/爆裂物/"
         <<< 2020-10-08 沒有更多 "爆裂物" 相關的新聞 !!! >>>
  ------------------------------------------------------
    >> 搜尋關鍵字:"IED"; 網址:"https://tw.appledaily.com/search/IED/"
         <<< 2020-10-08 沒有更多 "IED" 相關的新聞 !!! >>>
  ------------------------------------------------------
    >> 搜尋關鍵字:"排放"; 網址:"https://tw.appledaily.com/search/排放/"
         >>> 找到關鍵字 "排放"; 文章資訊: 2020-10-07 15:38:00, 歷經5年籌備8次平行測試北富銀系統8日起更新48小時, https://tw.appledaily.com/property/20201007/JGUO7RNH2FHADLRAZQTVA2H454/
         >>> 找到關鍵字 "排放"; 文章資訊: 2020-10-07 12:47:00, 陳其邁首備詢施政報告不看稿侃侃而談逾時被議長打斷, https://tw.appledaily.com/politics/20201007/CWY5C45LNVF4VNOJZBIFGBE364/
         <<< 2020-10-08 沒有更多 "排放" 相關的新聞 !!! >>>
  ------------------------------------------------------
    >> 搜尋關鍵字:"污染"; 網址:"https://tw.appledaily.com/search/污染/"
      **** something wrong!! Restart it!! ****
  ------------------------------------------------------
    >> 搜尋關鍵字:"廢水"; 網址:"https://tw.appledaily.com/search/廢水/"
         <<< 2020-10-08 沒有更多 "廢水" 相關的新聞 !!! >>>
  ------------------------------------------------------
    >> 搜尋關鍵字:"污水"; 網址:"https://tw.appledaily.com/search/污水/"
         >>> 找到關鍵字 "污水"; 文章資訊: 2020-10-07 14:59:00, 降雨量腰斬下周三起桃竹苗中實施夜間減壓供水管線末端用戶需儲水, https://tw.appledaily.com/life/20201007/IFWIGYLGJFFSXBGYYDKL5NAT4I/
         <<< 2020-10-08 沒有更多 "污水" 相關的新聞 !!! >>>
  ------------------------------------------------------
    >> 搜尋關鍵字:"洩漏"; 網址:"https://tw.appledaily.com/search/洩漏/"
         >>> 找到關鍵字 "洩漏"; 文章資訊: 2020-10-07 17:22:00, 逆轉涉圖利廠商9000萬台灣科教館前館長纏訟11年改判無罪, https://tw.appledaily.com/local/20201007/66J2GQI2HNGLXHBWDYC62CJFTI/
         >>> 找到關鍵字 "洩漏"; 文章資訊: 2020-10-07 13:25:00, 諾貝爾文學獎明日揭曉得主會是非歐洲女性, https://tw.appledaily.com/international/20201007/VWOSH2IG4ZAV5M2OJ5IUWAMHSY/
         >>> 找到關鍵字 "洩漏"; 文章資訊: 2020-10-07 12:47:00, 陳其邁首備詢施政報告不看稿侃侃而談逾時被議長打斷, https://tw.appledaily.com/politics/20201007/CWY5C45LNVF4VNOJZBIFGBE364/
         <<< 2020-10-08 沒有更多 "洩漏" 相關的新聞 !!! >>>
  ------------------------------------------------------
    >> 搜尋關鍵字:"暗管"; 網址:"https://tw.appledaily.com/search/暗管/"
      **** something wrong!! Restart it!! ****
  ------------------------------------------------------
    >> 搜尋關鍵字:"偷排"; 網址:"https://tw.appledaily.com/search/偷排/"
         <<< 2020-10-08 沒有更多 "偷排" 相關的新聞 !!! >>>
  ------------------------------------------------------
    >> 搜尋關鍵字:"安全"; 網址:"https://tw.appledaily.com/search/安全/"
         >>> 找到關鍵字 "安全"; 文章資訊: 2020-10-08 07:37:00, 直擊6架黑鷹新機罕見走陸路倒退嚕2公里進駐小港機場, https://tw.appledaily.com/local/20201008/WBZTQTXZVZBT7GUL5TUPKCFLKA/
         >>> 找到關鍵字 "安全"; 文章資訊: 2020-10-08 07:20:00, 加拿大明年底前禁用塑膠飲管等目標2030年達零塑膠汙染, https://tw.appledaily.com/international/20201008/W5G3QUKQMBBK5BP5ZW6FO4CKBM/
         >>> 找到關鍵字 "安全"; 文章資訊: 2020-10-08 06:36:00, 昌鴻大迴轉奔日氣象局今發強風特報雙十連假防長浪, https://tw.appledaily.com/life/20201008/WU45YGJCO5DKDGOSKDRPFTYYOE/
         >>> 找到關鍵字 "安全"; 文章資訊: 2020-10-08 06:34:00, 美國大選副總統辯論登場聚焦5大看點, https://tw.appledaily.com/international/20201008/CHTRRQAK3ZECHHXF76OJJADUAI/
         >>> 找到關鍵字 "安全"; 文章資訊: 2020-10-08 04:06:00, 川普確診川普重返橢圓辦公室白宮醫師總統說他感覺非常好, https://tw.appledaily.com/international/20201008/YLTL6TB2OFGVDPOV6GBQI3YALE/
         >>> 找到關鍵字 "安全"; 文章資訊: 2020-10-08 03:01:00, 北約秘書長北約需發展新戰略思想應對新科技及中國威脅, https://tw.appledaily.com/international/20201008/TK6J4DQ3WZB6JHCNPTBS7ZB3SI/
         >>> 找到關鍵字 "安全"; 文章資訊: 2020-10-08 00:00:00, 林口升旗闖關抽iPhone, https://tw.appledaily.com/headline/20201008/RB3SUMNT5RBKDCYPYNCZIHKGII/
         >>> 找到關鍵字 "安全"; 文章資訊: 2020-10-08 00:00:00, 美國防高官挺台共軍非無懈可擊, https://tw.appledaily.com/headline/20201008/D56MQAFSMVDYZGY6LQGASU2PJE/
         >>> 找到關鍵字 "安全"; 文章資訊: 2020-10-08 00:00:00, 蘋論台美復交非政黨競爭的兒戲, https://tw.appledaily.com/headline/20201008/3W4BFIOLLNALDKSOSS4BVY2GVE/
         >>> 找到關鍵字 "安全"; 文章資訊: 2020-10-08 00:00:00, 潘斯賀錦麗今舌戰, https://tw.appledaily.com/headline/20201008/WSUL7PRR3BCEBDDUH37RQGARQ4/
         >>> 找到關鍵字 "安全"; 文章資訊: 2020-10-08 00:00:00, 憂川普仍染疫拜登第2場辯論不該辦, https://tw.appledaily.com/headline/20201008/RHTJ56J5NFFRNCOJOOIWABTDYI/
         >>> 找到關鍵字 "安全"; 文章資訊: 2020-10-08 00:00:00, 印度愛爾蘭移入台灣新增2例, https://tw.appledaily.com/headline/20201008/GWOJOCCB5VAUJLJNAB6FRXZWZA/
         >>> 找到關鍵字 "安全"; 文章資訊: 2020-10-08 00:00:00, 勝選再談川普喊卡紓困案, https://tw.appledaily.com/headline/20201008/GOB4N2624RGKRM5LBSAV3LMF6I/
         >>> 找到關鍵字 "安全"; 文章資訊: 2020-10-08 00:00:00, 蘆薈素恐釀肝腎毒性加註警語後年上路, https://tw.appledaily.com/headline/20201008/QFQ2RQAR5JHNFO6XXVJLG6CUYQ/
         >>> 找到關鍵字 "安全"; 文章資訊: 2020-10-08 00:00:00, 王丹專欄我為什麼支持川普連任, https://tw.appledaily.com/forum/20201008/M2YPXKEEOVGKPML3I3BHDNJMS4/
         >>> 找到關鍵字 "安全"; 文章資訊: 2020-10-08 00:00:00, 北區市中心微笑之心付最少住最好, https://tw.appledaily.com/property/20201018/FXNW4R7X6JFKDC2T3GDMJCN2HA/
         >>> 找到關鍵字 "安全"; 文章資訊: 2020-10-08 00:00:00, 美中台探針台灣與印太抗中的同床異夢陳宗巖, https://tw.appledaily.com/forum/20201008/Y5SUCCMZDVBOBDF6QC7ZZOCCTM/
         >>> 找到關鍵字 "安全"; 文章資訊: 2020-10-08 00:00:00, 護美豬挨轟無恥陳吉仲無法接受, https://tw.appledaily.com/headline/20201008/7AQQALGOWJH7NGDD5QVN7LSLEY/
         >>> 找到關鍵字 "安全"; 文章資訊: 2020-10-08 00:00:00, 婦幼展新品亮相科技嬰兒手推車全台首款可自動煞停, https://tw.appledaily.com/lifestyle/20201008/J3RVVYLKNBGFPD4OMXORKDA6XU/
         >>> 找到關鍵字 "安全"; 文章資訊: 2020-10-08 00:00:00, ALLNewCRV力壓群雄交車1753台國產休旅霸主無可取代, https://tw.appledaily.com/lifestyle/20201008/EOXDXATW35FIRP62QDPBBBDIB4/
  ------------------------------------------------------
    >> 搜尋關鍵字:"槽車"; 網址:"https://tw.appledaily.com/search/槽車/"
         <<< 2020-10-08 沒有更多 "槽車" 相關的新聞 !!! >>>
       >> 檔案輸出
        ------------------------------------------------------
      >> 下載新聞內容
      >> 下載 https://tw.appledaily.com/property/20201007/NVT2Y7PGSRATLIPANNNLVAE2PE/, 外資喊進聯電毛利率上看3字頭目標價上調45元
      >> 下載 https://tw.appledaily.com/international/20201008/6PQIISJFZZAKBO2GCDFJTZ52OQ/, 德法外長指俄國參與反對派領袖中毒案將尋求歐盟制裁
      >> 下載 https://tw.appledaily.com/international/20201008/L4BQKGRQIRF5JEWHJ6TWVJD7WU/, 諾貝爾獎揭曉化學獎2女傑改良基因剪刀造福難治癌症
      >> 下載 https://tw.appledaily.com/international/20201008/SCFIMXSKT5ABPB2W2WBD7VK72E/, 實至名歸2人曾同獲我國唐獎殊榮
      >> 下載 https://tw.appledaily.com/international/20201008/6RJEVDYAAFHFBEDOSUQ2RIKDOY/, 諾貝爾CRISPR怎樣編輯基因80秒短片讓你看懂
      >> 下載 https://tw.appledaily.com/international/20201007/KSDCUQ3PK5DEJCJXWN7UKMHDAM/, 諾貝爾研究基因編輯美法兩名女學者同獲化學獎榮譽
      >> 下載 https://tw.appledaily.com/international/20201007/X4VEGHM4VRBB3IVE5XU4RMZLA4/, 諾貝爾諾貝爾得主曾獲李嘉誠捐助基金會透露他高興落淚
      >> 下載 https://tw.appledaily.com/life/20201007/7EAV6J6HTRBHRF5DBS7ZEUIYSY/, 諾貝爾美法雙姝學者共享化學獎學界實至名歸可惜另有一人成遺珠
      >> 下載 https://tw.appledaily.com/life/20201007/WDIYUCLGH5GABFJXWVHNC6L5D4/, 諾貝爾基因編輯教母道納奪化學獎學者她亮眼又有魅力像科學界郭台銘
      >> 下載 https://tw.appledaily.com/entertainment/20201007/AVQBQW7AYNH65CIP4YCCFRAEEE/, 李棟旭化身男九尾狐被尊稱老師坦言超車鬼怪有壓力
      >> 下載 https://tw.appledaily.com/life/20201007/5QPLF3HHCBHCPM2AYK3OLGTNYA/, 新增1例本土登革熱老婦曾去蘆竹老家菜園
      >> 下載 https://tw.appledaily.com/property/20201007/ABU7RLN2JNFN7IV3S7KUQCPLSQ/, 不懼疫情台Q3出口破900億美元創單季新高全年出口可望由負轉正
      >> 下載 https://tw.appledaily.com/property/20201007/V6SWZADMLNFVZEMZ7K4SMUIT5I/, 經濟部全球招商今年投資綠能已逾6百億
      >> 下載 https://tw.appledaily.com/local/20201007/YNTL5G6K7ZDRLPKARIVKDOSHII/, 製毒工廠隱身新竹山區警查獲市值5億元新興毒品喵喵
      >> 下載 https://tw.appledaily.com/international/20201007/GNLFRFREIVHRZMN5I7GFTKL3BA/, 19歲男大生多次與15歲女孩上床品行優良僅判社區服務免囚
      >> 下載 https://tw.appledaily.com/politics/20201007/CWY5C45LNVF4VNOJZBIFGBE364/, 陳其邁首備詢施政報告不看稿侃侃而談逾時被議長打斷
      >> 下載 https://tw.appledaily.com/life/20201007/CLY4NW3EUREEVIH7Q3TAW4X45I/, 甄選6次才找到的代理老師竟是補習班負責人家長氣炸
      >> 下載 https://tw.appledaily.com/international/20201008/NF737OFNKFBIPJEKOOSTKDVHA4/, 文化滅絕反漢語教學拒送兒子上學蒙古族維權律師被捕
      >> 下載 https://tw.appledaily.com/politics/20201007/343NBSPX5ZGUTG4A3WENSEJENA/, 開放美豬牛蔣萬安下周先辦公聽會再考察海關查驗機制
      >> 下載 https://tw.appledaily.com/life/20201007/NDFVFDXGGNAJBPZ5TISW5CSOJY/, 7所國小午餐菜單竟宣傳瘦肉精優點北市府回收並查廠商動機
      >> 下載 https://tw.appledaily.com/local/20201007/H6UEIW22FFD4PG34KVDMHHEMRI/, 男欠50萬元債務遭友設局被擄凌虐
      >> 下載 https://tw.appledaily.com/politics/20201007/FWW74REIDZAQ7COBTWSZNAEWKU/, 軍情局長羅德民遭爆自肥軍情局否認報導並將提告
      >> 下載 https://tw.appledaily.com/supplement/20201007/N577ETJLLFFMJFPXVJIT4NGDDQ/, 賈靜雯賈以食日攜手人氣卡通人物推角落小夥伴寶貝麵
      >> 下載 https://tw.appledaily.com/headline/20201008/QFQ2RQAR5JHNFO6XXVJLG6CUYQ/, 蘆薈素恐釀肝腎毒性加註警語後年上路
      >> 下載 https://tw.appledaily.com/life/20201007/UBAMNPYKINAUDIUOTEF5MLJRJM/, 排便聖品蘆薈素有肝腎毒性疑慮食藥署下令針對6族群加警語
      >> 下載 https://tw.appledaily.com/life/20201007/JQ7ISEJZRFGERFUMTQTJMEOH2M/, NDMA致癌風波延燒正和糖尿病藥全數自主下架
      >> 下載 https://tw.appledaily.com/politics/20201007/343NBSPX5ZGUTG4A3WENSEJENA/, 開放美豬牛蔣萬安下周先辦公聽會再考察海關查驗機制
      >> 下載 https://tw.appledaily.com/life/20201007/NDFVFDXGGNAJBPZ5TISW5CSOJY/, 7所國小午餐菜單竟宣傳瘦肉精優點北市府回收並查廠商動機
      >> 下載 https://tw.appledaily.com/politics/20201007/2QOTCH2P5ZBW7CSKCUKAY4PW7M/, 陳其邁首備詢藍營批不及格要硬起來綠營打200分
      >> 下載 https://tw.appledaily.com/politics/20201007/LHVMLQR2FVCPDNDCM6DINVBSBQ/, 光復節被台灣遺忘國民黨要規劃系列慶祝活動喚醒國人重視
      >> 下載 https://tw.appledaily.com/politics/20201007/VP3OISUKPVFLRPIBFIJWGVMIRI/, 陳其邁首備詢藍圍攻逼簽反萊豬聲明議員推擠互嗆議長喊回座嘸人聽
      >> 下載 https://tw.appledaily.com/life/20201007/4BHVKX4RCRGWXO3VHSRDUIIO5Y/, 防未經核准亂貼台灣豬標章吹哨者檢舉獎金最高80萬元
      >> 下載 https://tw.appledaily.com/life/20201007/W62GENWWBFAVNHY6MNVD6MVD3E/, 傳康軒吹哨者被離職高嘉瑜轟衛福部至今事不關己態度敷衍
      >> 下載 https://tw.appledaily.com/politics/20201007/JDGWWJNHVFDQLL5HLMI2R32QVQ/, 何志偉拋美豬進口總量控管蔡英文不語莊瑞雄直呼驚死人
      >> 下載 https://tw.appledaily.com/forum/20201008/LG6D6JRGU5CGVKHJP2JMG66M4U/, 食欲和情慾新加坡人唯一兩星在台李昂
      >> 下載 https://tw.appledaily.com/supplement/20201008/B47NKGON3ZH2ZOHW4GWCQBRYHQ/, 北歐皇室餐瓷這裡用得到台北WXWedgewood聯名午茶感受節慶氛圍
      >> 下載 https://tw.appledaily.com/supplement/20201008/NMWQTW3X6JCJ5OFFWLL7F6CG2U/, 蟹出名門開吃趁現在望月樓台北福華名廚端好料上菜
      >> 下載 https://tw.appledaily.com/forum/20201007/I6CLNS7F6FG7XHX7NILTE6OZ6M/, 名采李昂專欄新加坡人唯一兩星在台
      >> 下載 https://tw.appledaily.com/supplement/20201007/FKR7H77XIZCZFA7JGE4X6MIPDA/, 食尚品味潮爆敦南商圈瑪黑餐酒懂買氣氛好
      >> 下載 https://tw.appledaily.com/headline/20201008/QFQ2RQAR5JHNFO6XXVJLG6CUYQ/, 蘆薈素恐釀肝腎毒性加註警語後年上路
      >> 下載 https://tw.appledaily.com/supplement/20201007/N577ETJLLFFMJFPXVJIT4NGDDQ/, 賈靜雯賈以食日攜手人氣卡通人物推角落小夥伴寶貝麵
      >> 下載 https://tw.appledaily.com/life/20201007/6FHAACP5XBGBLJT3Y6SM5HMJHI/, 杏輝23款藥效不足全面回收總經理鞠躬道歉最重可廢GMP藥證
      >> 下載 https://tw.appledaily.com/life/20201007/UBAMNPYKINAUDIUOTEF5MLJRJM/, 排便聖品蘆薈素有肝腎毒性疑慮食藥署下令針對6族群加警語
      >> 下載 https://tw.appledaily.com/local/20201007/YNTL5G6K7ZDRLPKARIVKDOSHII/, 製毒工廠隱身新竹山區警查獲市值5億元新興毒品喵喵
      >> 下載 https://tw.appledaily.com/life/20201007/NDFVFDXGGNAJBPZ5TISW5CSOJY/, 7所國小午餐菜單竟宣傳瘦肉精優點北市府回收並查廠商動機
      >> 下載 https://tw.appledaily.com/local/20201007/HH5E5OXXEBHGLN6IY4FVGUKPMU/, 扯中彰投都是他的垃圾場環保掮客羈押禁見
      >> 下載 https://tw.appledaily.com/international/20201008/CG5MOITVKVEDROGYQHKAYDSMZQ/, 乾草叢起火蔓延俄羅斯軍火庫發生彈藥大爆炸
      >> 下載 https://tw.appledaily.com/life/20201007/KPIDY7SXQRBG5DECODDGH47YUM/, 北市東湖國小旁變電箱傍晚傳爆響內湖3361戶停電2030全數復電
      >> 下載 https://tw.appledaily.com/local/20201007/J7KTPJIYP5GXZLQMDXIC4AHXGI/, 北市東湖變電箱晚間爆炸冒火逾3000戶住宅停電
      >> 下載 https://tw.appledaily.com/entertainment/20201007/3M52CXOLXJB5HGOSLZ2GZYCIWM/, 劉德華睽違18年再搭劉青雲拆彈2炸斷一條腿
      >> 下載 https://tw.appledaily.com/local/20201007/ZEJAM34IBZFL7O7GNQRVY3LWOQ/, 看1眼竟挨1刀少年地檢署前遇險兇漢被聲押獲准
      >> 下載 https://tw.appledaily.com/property/20201007/3BLE5FSYDBEGLEVFE5HEMJFEK4/, 獨家納智捷驚傳連關多個生活館據點公司這樣說
      >> 下載 https://tw.appledaily.com/property/20201007/ABU7RLN2JNFN7IV3S7KUQCPLSQ/, 不懼疫情台Q3出口破900億美元創單季新高全年出口可望由負轉正
      >> 下載 https://tw.appledaily.com/forum/20201007/K4KRU3H5CRAOJGDC7ZUDYWX6YA/, 如何消除心中小警總扭轉邪惡庸常化的思想失能
      >> 下載 https://tw.appledaily.com/local/20201007/YNTL5G6K7ZDRLPKARIVKDOSHII/, 製毒工廠隱身新竹山區警查獲市值5億元新興毒品喵喵
      >> 下載 https://tw.appledaily.com/life/20201007/QDUNXLQU6RCCNIPIA5LM7OQPZA/, 糞便能造紙觀光區推象糞再生紙獨家創意成遊客最愛
      >> 下載 https://tw.appledaily.com/property/20201007/KPPKGZP7BJEPZDINSPQBTOVHIU/, 趨勢大師武肺疫情衝擊2020年全球智慧型手機出貨大衰退
      >> 下載 https://tw.appledaily.com/property/20201007/JGUO7RNH2FHADLRAZQTVA2H454/, 歷經5年籌備8次平行測試北富銀系統8日起更新48小時
      >> 下載 https://tw.appledaily.com/politics/20201007/CWY5C45LNVF4VNOJZBIFGBE364/, 陳其邁首備詢施政報告不看稿侃侃而談逾時被議長打斷
      >> 下載 https://tw.appledaily.com/life/20201007/IFWIGYLGJFFSXBGYYDKL5NAT4I/, 降雨量腰斬下周三起桃竹苗中實施夜間減壓供水管線末端用戶需儲水
      >> 下載 https://tw.appledaily.com/local/20201007/66J2GQI2HNGLXHBWDYC62CJFTI/, 逆轉涉圖利廠商9000萬台灣科教館前館長纏訟11年改判無罪
      >> 下載 https://tw.appledaily.com/international/20201007/VWOSH2IG4ZAV5M2OJ5IUWAMHSY/, 諾貝爾文學獎明日揭曉得主會是非歐洲女性
      >> 下載 https://tw.appledaily.com/politics/20201007/CWY5C45LNVF4VNOJZBIFGBE364/, 陳其邁首備詢施政報告不看稿侃侃而談逾時被議長打斷
      >> 下載 https://tw.appledaily.com/local/20201008/WBZTQTXZVZBT7GUL5TUPKCFLKA/, 直擊6架黑鷹新機罕見走陸路倒退嚕2公里進駐小港機場
      >> 下載 https://tw.appledaily.com/international/20201008/W5G3QUKQMBBK5BP5ZW6FO4CKBM/, 加拿大明年底前禁用塑膠飲管等目標2030年達零塑膠汙染
      >> 下載 https://tw.appledaily.com/life/20201008/WU45YGJCO5DKDGOSKDRPFTYYOE/, 昌鴻大迴轉奔日氣象局今發強風特報雙十連假防長浪
      >> 下載 https://tw.appledaily.com/international/20201008/CHTRRQAK3ZECHHXF76OJJADUAI/, 美國大選副總統辯論登場聚焦5大看點
      >> 下載 https://tw.appledaily.com/international/20201008/YLTL6TB2OFGVDPOV6GBQI3YALE/, 川普確診川普重返橢圓辦公室白宮醫師總統說他感覺非常好
      >> 下載 https://tw.appledaily.com/international/20201008/TK6J4DQ3WZB6JHCNPTBS7ZB3SI/, 北約秘書長北約需發展新戰略思想應對新科技及中國威脅
      >> 下載 https://tw.appledaily.com/headline/20201008/RB3SUMNT5RBKDCYPYNCZIHKGII/, 林口升旗闖關抽iPhone
      >> 下載 https://tw.appledaily.com/headline/20201008/D56MQAFSMVDYZGY6LQGASU2PJE/, 美國防高官挺台共軍非無懈可擊
      >> 下載 https://tw.appledaily.com/headline/20201008/3W4BFIOLLNALDKSOSS4BVY2GVE/, 蘋論台美復交非政黨競爭的兒戲
      >> 下載 https://tw.appledaily.com/headline/20201008/WSUL7PRR3BCEBDDUH37RQGARQ4/, 潘斯賀錦麗今舌戰
      >> 下載 https://tw.appledaily.com/headline/20201008/RHTJ56J5NFFRNCOJOOIWABTDYI/, 憂川普仍染疫拜登第2場辯論不該辦
      >> 下載 https://tw.appledaily.com/headline/20201008/GWOJOCCB5VAUJLJNAB6FRXZWZA/, 印度愛爾蘭移入台灣新增2例
      >> 下載 https://tw.appledaily.com/headline/20201008/GOB4N2624RGKRM5LBSAV3LMF6I/, 勝選再談川普喊卡紓困案
      >> 下載 https://tw.appledaily.com/headline/20201008/QFQ2RQAR5JHNFO6XXVJLG6CUYQ/, 蘆薈素恐釀肝腎毒性加註警語後年上路
      >> 下載 https://tw.appledaily.com/forum/20201008/M2YPXKEEOVGKPML3I3BHDNJMS4/, 王丹專欄我為什麼支持川普連任
      >> 下載 https://tw.appledaily.com/property/20201018/FXNW4R7X6JFKDC2T3GDMJCN2HA/, 北區市中心微笑之心付最少住最好
      >> 下載 https://tw.appledaily.com/forum/20201008/Y5SUCCMZDVBOBDF6QC7ZZOCCTM/, 美中台探針台灣與印太抗中的同床異夢陳宗巖
      >> 下載 https://tw.appledaily.com/headline/20201008/7AQQALGOWJH7NGDD5QVN7LSLEY/, 護美豬挨轟無恥陳吉仲無法接受
      >> 下載 https://tw.appledaily.com/lifestyle/20201008/J3RVVYLKNBGFPD4OMXORKDA6XU/, 婦幼展新品亮相科技嬰兒手推車全台首款可自動煞停
      >> 下載 https://tw.appledaily.com/lifestyle/20201008/EOXDXATW35FIRP62QDPBBBDIB4/, ALLNewCRV力壓群雄交車1753台國產休旅霸主無可取代
