     -----> 新聞爬蟲：東森新聞報

           <<< 東森新聞報新聞搜尋 >>>
        ------------------------------------------------------
        ------------------------------------------------------
       >> 搜尋關鍵字:"工業用"; 網址:"https://www.ettoday.net/news_search/doSearch.php?keywords=工業用&idx=1&page=1"
         <<< 2020-10-05 沒有更多 "工業用" 相關的新聞 !!! >>>
        ------------------------------------------------------
       >> 搜尋關鍵字:"化工"; 網址:"https://www.ettoday.net/news_search/doSearch.php?keywords=化工&idx=1&page=1"
         <<< 2020-10-05 沒有更多 "化工" 相關的新聞 !!! >>>
        ------------------------------------------------------
       >> 搜尋關鍵字:"化災"; 網址:"https://www.ettoday.net/news_search/doSearch.php?keywords=化災&idx=1&page=1"
         <<< 2020-10-05 沒有更多 "化災" 相關的新聞 !!! >>>
        ------------------------------------------------------
       >> 搜尋關鍵字:"化學"; 網址:"https://www.ettoday.net/news_search/doSearch.php?keywords=化學&idx=1&page=1"
         >>> 找到關鍵字 "化學"; 文章資訊: 2020-10-04 17:09:00, 曾在五寮里筍園工作婦骨頭痛確診登革熱群聚累計39例, https://www.ettoday.net/news/20201004/1824022.htm
         >>> 找到關鍵字 "化學"; 文章資訊: 2020-10-04 11:11:00, 台東打卡景點神之米中秋嬌客二級保育類彩鷸現身, https://www.ettoday.net/news/20201004/1823993.htm
         <<< 2020-10-05 沒有更多 "化學" 相關的新聞 !!! >>>
        ------------------------------------------------------
       >> 搜尋關鍵字:"外洩"; 網址:"https://www.ettoday.net/news_search/doSearch.php?keywords=外洩&idx=1&page=1"
         >>> 找到關鍵字 "外洩"; 文章資訊: 2020-10-04 16:01:00, 典寶溪黑了遭傾倒廢棄物韓國瑜子弟兵轟高市府鬆散邁擱騙, https://www.ettoday.net/news/20201004/1824173.htm
         <<< 2020-10-05 沒有更多 "外洩" 相關的新聞 !!! >>>
        ------------------------------------------------------
       >> 搜尋關鍵字:"危害"; 網址:"https://www.ettoday.net/news_search/doSearch.php?keywords=危害&idx=1&page=1"
         >>> 找到關鍵字 "危害"; 文章資訊: 2020-10-05 07:03:00, 喝酒臉紅其實是病酒精不耐症即使少量飲酒罹癌風險仍有126倍, https://www.ettoday.net/news/20201005/1798669.htm
         >>> 找到關鍵字 "危害"; 文章資訊: 2020-10-04 17:21:00, 中秋連假疏導車流屏東警首創空拍實體分隔用路人紛按讚, https://www.ettoday.net/news/20201004/1824210.htm
         >>> 找到關鍵字 "危害"; 文章資訊: 2020-10-04 16:01:00, 典寶溪黑了遭傾倒廢棄物韓國瑜子弟兵轟高市府鬆散邁擱騙, https://www.ettoday.net/news/20201004/1824173.htm
         >>> 找到關鍵字 "危害"; 文章資訊: 2020-10-04 11:14:00, 桃園男灌米酒醉倒超商門口警費勁喚醒送返家, https://www.ettoday.net/news/20201004/1823994.htm
         >>> 找到關鍵字 "危害"; 文章資訊: 2020-10-04 09:44:00, 驚悚畫面曝台中騎士不甩兩段左轉直接切路口慘遭廂型車撞飛, https://www.ettoday.net/news/20201004/1823945.htm
         <<< 2020-10-05 沒有更多 "危害" 相關的新聞 !!! >>>
        ------------------------------------------------------
       >> 搜尋關鍵字:"有毒"; 網址:"https://www.ettoday.net/news_search/doSearch.php?keywords=有毒&idx=1&page=1"
         >>> 找到關鍵字 "有毒"; 文章資訊: 2020-10-04 16:59:00, 香港海灘漂來疑似長征火箭碎片居民擔憂有毒, https://www.ettoday.net/news/20201004/1824128.htm
         >>> 找到關鍵字 "有毒"; 文章資訊: 2020-10-04 16:01:00, 典寶溪黑了遭傾倒廢棄物韓國瑜子弟兵轟高市府鬆散邁擱騙, https://www.ettoday.net/news/20201004/1824173.htm
         <<< 2020-10-05 沒有更多 "有毒" 相關的新聞 !!! >>>
        ------------------------------------------------------
       >> 搜尋關鍵字:"有害"; 網址:"https://www.ettoday.net/news_search/doSearch.php?keywords=有害&idx=1&page=1"
         >>> 找到關鍵字 "有害"; 文章資訊: 2020-10-05 06:23:00, 光看就醉了日本手繪微醺風啤酒美甲海尼根三得利神還原, https://www.ettoday.net/news/20201005/1819869.htm
         <<< 2020-10-05 沒有更多 "有害" 相關的新聞 !!! >>>
        ------------------------------------------------------
       >> 搜尋關鍵字:"色料"; 網址:"https://www.ettoday.net/news_search/doSearch.php?keywords=色料&idx=1&page=1"
         <<< 2020-10-05 沒有更多 "色料" 相關的新聞 !!! >>>
        ------------------------------------------------------
       >> 搜尋關鍵字:"色素"; 網址:"https://www.ettoday.net/news_search/doSearch.php?keywords=色素&idx=1&page=1"
         <<< 2020-10-05 沒有更多 "色素" 相關的新聞 !!! >>>
        ------------------------------------------------------
       >> 搜尋關鍵字:"毒性"; 網址:"https://www.ettoday.net/news_search/doSearch.php?keywords=毒性&idx=1&page=1"
         <<< 2020-10-05 沒有更多 "毒性" 相關的新聞 !!! >>>
        ------------------------------------------------------
       >> 搜尋關鍵字:"毒品"; 網址:"https://www.ettoday.net/news_search/doSearch.php?keywords=毒品&idx=1&page=1"
         >>> 找到關鍵字 "毒品"; 文章資訊: 2020-10-04 11:46:00, 談好性交易傳播妹睡醒淚控遭餵藥性侵富商逆轉無罪理由曝, https://www.ettoday.net/news/20201004/1823914.htm
         <<< 2020-10-05 沒有更多 "毒品" 相關的新聞 !!! >>>
        ------------------------------------------------------
       >> 搜尋關鍵字:"致癌"; 網址:"https://www.ettoday.net/news_search/doSearch.php?keywords=致癌&idx=1&page=1"
         <<< 2020-10-05 沒有更多 "致癌" 相關的新聞 !!! >>>
        ------------------------------------------------------
       >> 搜尋關鍵字:"重金屬"; 網址:"https://www.ettoday.net/news_search/doSearch.php?keywords=重金屬&idx=1&page=1"
         <<< 2020-10-05 沒有更多 "重金屬" 相關的新聞 !!! >>>
        ------------------------------------------------------
       >> 搜尋關鍵字:"食安"; 網址:"https://www.ettoday.net/news_search/doSearch.php?keywords=食安&idx=1&page=1"
         >>> 找到關鍵字 "食安"; 文章資訊: 2020-10-04 15:07:00, 確保美豬不進入校園侯友宜新北年底前與團膳業者完成換約, https://www.ettoday.net/news/20201004/1824044.htm
         <<< 2020-10-05 沒有更多 "食安" 相關的新聞 !!! >>>
        ------------------------------------------------------
       >> 搜尋關鍵字:"香料"; 網址:"https://www.ettoday.net/news_search/doSearch.php?keywords=香料&idx=1&page=1"
         >>> 找到關鍵字 "香料"; 文章資訊: 2020-10-04 17:00:00, 小卷蛤蠣麵海味爆發高雄邪惡平價義大利麵經典肉醬一吃愛上, https://www.ettoday.net/news/20201004/1819268.htm
         <<< 2020-10-05 沒有更多 "香料" 相關的新聞 !!! >>>
        ------------------------------------------------------
       >> 搜尋關鍵字:"原料"; 網址:"https://www.ettoday.net/news_search/doSearch.php?keywords=原料&idx=1&page=1"
         >>> 找到關鍵字 "原料"; 文章資訊: 2020-10-04 15:44:00, 單月20款藥品下架杏輝3缺失遭列嚴重違反GMP藥商, https://www.ettoday.net/news/20201004/1824154.htm
         >>> 找到關鍵字 "原料"; 文章資訊: 2020-10-04 09:00:00, 素食定義東西方大不同, https://www.ettoday.net/news/20201004/1814082.htm
         <<< 2020-10-05 沒有更多 "原料" 相關的新聞 !!! >>>
        ------------------------------------------------------
       >> 搜尋關鍵字:"氣爆"; 網址:"https://www.ettoday.net/news_search/doSearch.php?keywords=氣爆&idx=1&page=1"
         >>> 找到關鍵字 "氣爆"; 文章資訊: 2020-10-04 10:59:00, 新北發呆秘境仙氣爆棚的森林系樂園划船漫遊翡翠湖畔太忘憂, https://www.ettoday.net/news/20201004/1823534.htm
         <<< 2020-10-05 沒有更多 "氣爆" 相關的新聞 !!! >>>
        ------------------------------------------------------
       >> 搜尋關鍵字:"添加物"; 網址:"https://www.ettoday.net/news_search/doSearch.php?keywords=添加物&idx=1&page=1"
         <<< 2020-10-05 沒有更多 "添加物" 相關的新聞 !!! >>>
        ------------------------------------------------------
       >> 搜尋關鍵字:"黑心"; 網址:"https://www.ettoday.net/news_search/doSearch.php?keywords=黑心&idx=1&page=1"
         >>> 找到關鍵字 "黑心"; 文章資訊: 2020-10-04 09:00:00, 素食定義東西方大不同, https://www.ettoday.net/news/20201004/1814082.htm
         <<< 2020-10-05 沒有更多 "黑心" 相關的新聞 !!! >>>
        ------------------------------------------------------
       >> 搜尋關鍵字:"漂白"; 網址:"https://www.ettoday.net/news_search/doSearch.php?keywords=漂白&idx=1&page=1"
         <<< 2020-10-05 沒有更多 "漂白" 相關的新聞 !!! >>>
        ------------------------------------------------------
       >> 搜尋關鍵字:"爆炸"; 網址:"https://www.ettoday.net/news_search/doSearch.php?keywords=爆炸&idx=1&page=1"
         >>> 找到關鍵字 "爆炸"; 文章資訊: 2020-10-05 05:21:00, 機車借人鈑金凹一塊還回來19歲男陪車主談判臀部遭刺血濺街頭, https://www.ettoday.net/news/20201005/1824323.htm
         >>> 找到關鍵字 "爆炸"; 文章資訊: 2020-10-04 21:35:00, 烤肉吃土虱的蛋掛急診醫師滿頭問號千人笑歪長知識了, https://www.ettoday.net/news/20201004/1824281.htm
         >>> 找到關鍵字 "爆炸"; 文章資訊: 2020-10-04 07:00:00, 持修長髮齊劉海進男廁整排轉頭看嚇到尿不出有上過女廁, https://www.ettoday.net/news/20201004/1823877.htm
         <<< 2020-10-05 沒有更多 "爆炸" 相關的新聞 !!! >>>
        ------------------------------------------------------
       >> 搜尋關鍵字:"新興"; 網址:"https://www.ettoday.net/news_search/doSearch.php?keywords=新興&idx=1&page=1"
         >>> 找到關鍵字 "新興"; 文章資訊: 2020-10-05 03:01:00, 準昌鴻颱風龜速走向詭變2條路徑恐超大迴轉襲台關鍵時間曝, https://www.ettoday.net/news/20201005/1824300.htm
         >>> 找到關鍵字 "新興"; 文章資訊: 2020-10-04 19:54:00, 獨扯到爆高雄警控150萬防疫津貼被吞分配比例差太多, https://www.ettoday.net/news/20201004/1824226.htm
         >>> 找到關鍵字 "新興"; 文章資訊: 2020-10-04 17:00:00, 小卷蛤蠣麵海味爆發高雄邪惡平價義大利麵經典肉醬一吃愛上, https://www.ettoday.net/news/20201004/1819268.htm
         >>> 找到關鍵字 "新興"; 文章資訊: 2020-10-04 09:50:00, 圈內女歌手牽線石原聰美準老公被起底, https://www.ettoday.net/news/20201004/1823952.htm
         <<< 2020-10-05 沒有更多 "新興" 相關的新聞 !!! >>>
        ------------------------------------------------------
       >> 搜尋關鍵字:"爆裂物"; 網址:"https://www.ettoday.net/news_search/doSearch.php?keywords=爆裂物&idx=1&page=1"
         <<< 2020-10-05 沒有更多 "爆裂物" 相關的新聞 !!! >>>
        ------------------------------------------------------
       >> 搜尋關鍵字:"IED"; 網址:"https://www.ettoday.net/news_search/doSearch.php?keywords=IED&idx=1&page=1"
         <<< 2020-10-05 沒有更多 "IED" 相關的新聞 !!! >>>
        ------------------------------------------------------
       >> 搜尋關鍵字:"排放"; 網址:"https://www.ettoday.net/news_search/doSearch.php?keywords=排放&idx=1&page=1"
         >>> 找到關鍵字 "排放"; 文章資訊: 2020-10-05 03:01:00, 台中宣導老車報廢拿現金總獎金40萬元, https://www.ettoday.net/news/20201005/1824307.htm
         >>> 找到關鍵字 "排放"; 文章資訊: 2020-10-04 09:00:00, 素食定義東西方大不同, https://www.ettoday.net/news/20201004/1814082.htm
         <<< 2020-10-05 沒有更多 "排放" 相關的新聞 !!! >>>
        ------------------------------------------------------
       >> 搜尋關鍵字:"污染"; 網址:"https://www.ettoday.net/news_search/doSearch.php?keywords=污染&idx=1&page=1"
         >>> 找到關鍵字 "污染"; 文章資訊: 2020-10-04 23:38:00, 中火增燃氣機組報告書未完整都發局已請台電補正後續審, https://www.ettoday.net/news/20201004/1824304.htm
         >>> 找到關鍵字 "污染"; 文章資訊: 2020-10-04 16:01:00, 典寶溪黑了遭傾倒廢棄物韓國瑜子弟兵轟高市府鬆散邁擱騙, https://www.ettoday.net/news/20201004/1824173.htm
         <<< 2020-10-05 沒有更多 "污染" 相關的新聞 !!! >>>
        ------------------------------------------------------
       >> 搜尋關鍵字:"廢水"; 網址:"https://www.ettoday.net/news_search/doSearch.php?keywords=廢水&idx=1&page=1"
         <<< 2020-10-05 沒有更多 "廢水" 相關的新聞 !!! >>>
        ------------------------------------------------------
       >> 搜尋關鍵字:"污水"; 網址:"https://www.ettoday.net/news_search/doSearch.php?keywords=污水&idx=1&page=1"
         >>> 找到關鍵字 "污水"; 文章資訊: 2020-10-04 23:38:00, 封了5個月台中東區建成路地下道填平104起主線雙向通車, https://www.ettoday.net/news/20201004/1824302.htm
         >>> 找到關鍵字 "污水"; 文章資訊: 2020-10-04 22:32:00, 合歡山塞車舊照引爆退房潮清境地標旅館打臉全客滿, https://www.ettoday.net/news/20201004/1824288.htm
         <<< 2020-10-05 沒有更多 "污水" 相關的新聞 !!! >>>
        ------------------------------------------------------
       >> 搜尋關鍵字:"洩漏"; 網址:"https://www.ettoday.net/news_search/doSearch.php?keywords=洩漏&idx=1&page=1"
         <<< 2020-10-05 沒有更多 "洩漏" 相關的新聞 !!! >>>
        ------------------------------------------------------
       >> 搜尋關鍵字:"暗管"; 網址:"https://www.ettoday.net/news_search/doSearch.php?keywords=暗管&idx=1&page=1"
         <<< 2020-10-05 沒有更多 "暗管" 相關的新聞 !!! >>>
        ------------------------------------------------------
       >> 搜尋關鍵字:"偷排"; 網址:"https://www.ettoday.net/news_search/doSearch.php?keywords=偷排&idx=1&page=1"
         <<< 2020-10-05 沒有更多 "偷排" 相關的新聞 !!! >>>
        ------------------------------------------------------
       >> 搜尋關鍵字:"安全"; 網址:"https://www.ettoday.net/news_search/doSearch.php?keywords=安全&idx=1&page=1"
         >>> 找到關鍵字 "安全"; 文章資訊: 2020-10-05 07:23:00, 公費流感疫苗今開打誰能接種不同廠牌差異4張圖一次看懂, https://www.ettoday.net/news/20201005/1821937.htm
         >>> 找到關鍵字 "安全"; 文章資訊: 2020-10-05 05:31:00, 日媒中國軍方研判美日想建立海洋聯盟將加速增強軍備, https://www.ettoday.net/news/20201005/1824325.htm
         >>> 找到關鍵字 "安全"; 文章資訊: 2020-10-04 23:38:00, 封了5個月台中東區建成路地下道填平104起主線雙向通車, https://www.ettoday.net/news/20201004/1824302.htm
         >>> 找到關鍵字 "安全"; 文章資訊: 2020-10-04 23:37:00, 奴才們都來了超Q毛小孩市集蹓蹓動物緣台中登場, https://www.ettoday.net/news/20201004/1824295.htm
         >>> 找到關鍵字 "安全"; 文章資訊: 2020-10-04 20:25:00, 喜新也要戀舊盤點六雙經典藍鞋款秋冬必備, https://www.ettoday.net/news/20201004/1823340.htm
         >>> 找到關鍵字 "安全"; 文章資訊: 2020-10-04 20:02:00, 台南21歲男大生慘死水溝騎重機轉彎摔飛血濺182縣道, https://www.ettoday.net/news/20201004/1824263.htm
         >>> 找到關鍵字 "安全"; 文章資訊: 2020-10-04 19:54:00, 獨扯到爆高雄警控150萬防疫津貼被吞分配比例差太多, https://www.ettoday.net/news/20201004/1824226.htm
         >>> 找到關鍵字 "安全"; 文章資訊: 2020-10-04 18:36:00, 第一次自己開車她緊張怕路邊停不進傻問不正有人會幫, https://www.ettoday.net/news/20201004/1824191.htm
         >>> 找到關鍵字 "安全"; 文章資訊: 2020-10-04 18:05:00, NissanSentra同級唯一配備成最大賣點106上市見分曉, https://www.ettoday.net/news/20201004/1821932.htm
         >>> 找到關鍵字 "安全"; 文章資訊: 2020-10-04 17:41:00, 快訊李登輝墓園完工五指山公墓特勳區現況曝光, https://www.ettoday.net/news/20201004/1824223.htm
        ------------------------------------------------------
       >> 搜尋關鍵字:"槽車"; 網址:"https://www.ettoday.net/news_search/doSearch.php?keywords=槽車&idx=1&page=1"
         <<< 2020-10-05 沒有更多 "槽車" 相關的新聞 !!! >>>
       >> 檔案輸出
        ------------------------------------------------------
      >> 下載新聞內容
      >> 下載 https://www.ettoday.net/news/20201004/1824022.htm, 曾在五寮里筍園工作婦骨頭痛確診登革熱群聚累計39例
      >> 下載 https://www.ettoday.net/news/20201004/1823993.htm, 台東打卡景點神之米中秋嬌客二級保育類彩鷸現身
      >> 下載 https://www.ettoday.net/news/20201004/1824173.htm, 典寶溪黑了遭傾倒廢棄物韓國瑜子弟兵轟高市府鬆散邁擱騙
      >> 下載 https://www.ettoday.net/news/20201005/1798669.htm, 喝酒臉紅其實是病酒精不耐症即使少量飲酒罹癌風險仍有126倍
      >> 下載 https://www.ettoday.net/news/20201004/1824210.htm, 中秋連假疏導車流屏東警首創空拍實體分隔用路人紛按讚
      >> 下載 https://www.ettoday.net/news/20201004/1824173.htm, 典寶溪黑了遭傾倒廢棄物韓國瑜子弟兵轟高市府鬆散邁擱騙
      >> 下載 https://www.ettoday.net/news/20201004/1823994.htm, 桃園男灌米酒醉倒超商門口警費勁喚醒送返家
      >> 下載 https://www.ettoday.net/news/20201004/1823945.htm, 驚悚畫面曝台中騎士不甩兩段左轉直接切路口慘遭廂型車撞飛
      >> 下載 https://www.ettoday.net/news/20201004/1824128.htm, 香港海灘漂來疑似長征火箭碎片居民擔憂有毒
      >> 下載 https://www.ettoday.net/news/20201004/1824173.htm, 典寶溪黑了遭傾倒廢棄物韓國瑜子弟兵轟高市府鬆散邁擱騙
      >> 下載 https://www.ettoday.net/news/20201005/1819869.htm, 光看就醉了日本手繪微醺風啤酒美甲海尼根三得利神還原
      >> 下載 https://www.ettoday.net/news/20201004/1823914.htm, 談好性交易傳播妹睡醒淚控遭餵藥性侵富商逆轉無罪理由曝
      >> 下載 https://www.ettoday.net/news/20201004/1824044.htm, 確保美豬不進入校園侯友宜新北年底前與團膳業者完成換約
      >> 下載 https://www.ettoday.net/news/20201004/1819268.htm, 小卷蛤蠣麵海味爆發高雄邪惡平價義大利麵經典肉醬一吃愛上
      >> 下載 https://www.ettoday.net/news/20201004/1824154.htm, 單月20款藥品下架杏輝3缺失遭列嚴重違反GMP藥商
      >> 下載 https://www.ettoday.net/news/20201004/1814082.htm, 素食定義東西方大不同
      >> 下載 https://www.ettoday.net/news/20201004/1823534.htm, 新北發呆秘境仙氣爆棚的森林系樂園划船漫遊翡翠湖畔太忘憂
      >> 下載 https://www.ettoday.net/news/20201004/1814082.htm, 素食定義東西方大不同
      >> 下載 https://www.ettoday.net/news/20201005/1824323.htm, 機車借人鈑金凹一塊還回來19歲男陪車主談判臀部遭刺血濺街頭
      >> 下載 https://www.ettoday.net/news/20201004/1824281.htm, 烤肉吃土虱的蛋掛急診醫師滿頭問號千人笑歪長知識了
      >> 下載 https://www.ettoday.net/news/20201004/1823877.htm, 持修長髮齊劉海進男廁整排轉頭看嚇到尿不出有上過女廁
      >> 下載 https://www.ettoday.net/news/20201005/1824300.htm, 準昌鴻颱風龜速走向詭變2條路徑恐超大迴轉襲台關鍵時間曝
      >> 下載 https://www.ettoday.net/news/20201004/1824226.htm, 獨扯到爆高雄警控150萬防疫津貼被吞分配比例差太多
      >> 下載 https://www.ettoday.net/news/20201004/1819268.htm, 小卷蛤蠣麵海味爆發高雄邪惡平價義大利麵經典肉醬一吃愛上
      >> 下載 https://www.ettoday.net/news/20201004/1823952.htm, 圈內女歌手牽線石原聰美準老公被起底
      >> 下載 https://www.ettoday.net/news/20201005/1824307.htm, 台中宣導老車報廢拿現金總獎金40萬元
      >> 下載 https://www.ettoday.net/news/20201004/1814082.htm, 素食定義東西方大不同
      >> 下載 https://www.ettoday.net/news/20201004/1824304.htm, 中火增燃氣機組報告書未完整都發局已請台電補正後續審
      >> 下載 https://www.ettoday.net/news/20201004/1824173.htm, 典寶溪黑了遭傾倒廢棄物韓國瑜子弟兵轟高市府鬆散邁擱騙
      >> 下載 https://www.ettoday.net/news/20201004/1824302.htm, 封了5個月台中東區建成路地下道填平104起主線雙向通車
      >> 下載 https://www.ettoday.net/news/20201004/1824288.htm, 合歡山塞車舊照引爆退房潮清境地標旅館打臉全客滿
      >> 下載 https://www.ettoday.net/news/20201005/1821937.htm, 公費流感疫苗今開打誰能接種不同廠牌差異4張圖一次看懂
      >> 下載 https://www.ettoday.net/news/20201005/1824325.htm, 日媒中國軍方研判美日想建立海洋聯盟將加速增強軍備
      >> 下載 https://www.ettoday.net/news/20201004/1824302.htm, 封了5個月台中東區建成路地下道填平104起主線雙向通車
      >> 下載 https://www.ettoday.net/news/20201004/1824295.htm, 奴才們都來了超Q毛小孩市集蹓蹓動物緣台中登場
      >> 下載 https://www.ettoday.net/news/20201004/1823340.htm, 喜新也要戀舊盤點六雙經典藍鞋款秋冬必備
      >> 下載 https://www.ettoday.net/news/20201004/1824263.htm, 台南21歲男大生慘死水溝騎重機轉彎摔飛血濺182縣道
      >> 下載 https://www.ettoday.net/news/20201004/1824226.htm, 獨扯到爆高雄警控150萬防疫津貼被吞分配比例差太多
      >> 下載 https://www.ettoday.net/news/20201004/1824191.htm, 第一次自己開車她緊張怕路邊停不進傻問不正有人會幫
      >> 下載 https://www.ettoday.net/news/20201004/1821932.htm, NissanSentra同級唯一配備成最大賣點106上市見分曉
      >> 下載 https://www.ettoday.net/news/20201004/1824223.htm, 快訊李登輝墓園完工五指山公墓特勳區現況曝光
