     -----> 新聞爬蟲：中央通訊社

           <<< 中央通訊社新聞搜尋 >>>
  ------------------------------------------------------
  ------------------------------------------------------
    >> 搜尋關鍵字:"工業用"; 網址:"https://www.cna.com.tw/search/hysearchws.aspx?q=工業用"
         >>> 找到關鍵字 "工業用"; 文章資訊: 2020-10-12 17:16:00, 鄭文燦李孟居案有設計的狀況202010121716, https://www.cna.com.tw/news/aipl/202010120237.aspx
         >>> 找到關鍵字 "工業用"; 文章資訊: 2020-10-12 12:17:00, 鈞興KY訂單能見度到年底第4季營運不看淡202010121217, https://www.cna.com.tw/news/afe/202010120106.aspx
         <<< 2020-10-13 沒有更多 "工業用" 相關的新聞 !!! >>>
  ------------------------------------------------------
    >> 搜尋關鍵字:"化工"; 網址:"https://www.cna.com.tw/search/hysearchws.aspx?q=化工"
         <<< 2020-10-13 沒有更多 "化工" 相關的新聞 !!! >>>
  ------------------------------------------------------
    >> 搜尋關鍵字:"化災"; 網址:"https://www.cna.com.tw/search/hysearchws.aspx?q=化災"
         <<< 2020-10-13 沒有更多 "化災" 相關的新聞 !!! >>>
  ------------------------------------------------------
    >> 搜尋關鍵字:"化學"; 網址:"https://www.cna.com.tw/search/hysearchws.aspx?q=化學"
         >>> 找到關鍵字 "化學"; 文章資訊: 2020-10-13 00:00:00, 諾貝爾科學獎美國大學拿最多女性得獎比例攀升202010130000, https://www.cna.com.tw/news/aopl/202010130002.aspx
         >>> 找到關鍵字 "化學"; 文章資訊: 2020-10-12 17:53:00, 諾貝爾經濟學獎史丹佛大學師生檔創新拍賣模式獲殊榮202010121753, https://www.cna.com.tw/news/firstnews/202010125009.aspx
         >>> 找到關鍵字 "化學"; 文章資訊: 2020-10-12 18:38:00, 崇越電訂單回溫9月營收創今年新高202010121838, https://www.cna.com.tw/news/afe/202010120284.aspx
         >>> 找到關鍵字 "化學"; 文章資訊: 2020-10-12 18:27:00, Kona電動車電池恐起火現代汽車擴大召回51萬輛202010121827, https://www.cna.com.tw/news/aopl/202010120277.aspx
         >>> 找到關鍵字 "化學"; 文章資訊: 2020-10-12 16:31:00, 不只是球星巴特勒季後賽展現巨星風範202010121631, https://www.cna.com.tw/news/aspt/202010120214.aspx
         >>> 找到關鍵字 "化學"; 文章資訊: 2020-10-12 13:28:00, 10年9度闖總冠軍賽詹姆斯助湖人奪冠證明自己202010121328, https://www.cna.com.tw/news/aspt/202010120129.aspx
         >>> 找到關鍵字 "化學"; 文章資訊: 2020-10-12 11:58:00, 澳洲研究武漢肺炎病毒在鈔票手機可活28天202010121158, https://www.cna.com.tw/news/firstnews/202010120097.aspx
         <<< 2020-10-13 沒有更多 "化學" 相關的新聞 !!! >>>
  ------------------------------------------------------
    >> 搜尋關鍵字:"外洩"; 網址:"https://www.cna.com.tw/search/hysearchws.aspx?q=外洩"
         <<< 2020-10-13 沒有更多 "外洩" 相關的新聞 !!! >>>
  ------------------------------------------------------
    >> 搜尋關鍵字:"危害"; 網址:"https://www.cna.com.tw/search/hysearchws.aspx?q=危害"
         >>> 找到關鍵字 "危害"; 文章資訊: 2020-10-12 17:28:00, 南投推動食品安全自治條例豬肉檢出瘦肉精要罰202010121728, https://www.cna.com.tw/news/ahel/202010120252.aspx
         >>> 找到關鍵字 "危害"; 文章資訊: 2020-10-12 16:24:00, 萊劑美豬公聽會學者正反意見不一202010121624, https://www.cna.com.tw/news/aipl/202010120209.aspx
         >>> 找到關鍵字 "危害"; 文章資訊: 2020-10-12 16:24:00, 2歲以下幼童吃萊豬陳時中不鼓勵但沒禁止202010121624, https://www.cna.com.tw/news/aipl/202010120210.aspx
         >>> 找到關鍵字 "危害"; 文章資訊: 2020-10-12 16:08:00, 維也納愛樂新版防疫計畫送審文化部就遭打槍202010121608, https://www.cna.com.tw/news/ahel/202010120201.aspx
         >>> 找到關鍵字 "危害"; 文章資訊: 2020-10-12 15:25:00, 楊志良批宣傳美豬沒人格陳時中人身攻擊不好202010121525, https://www.cna.com.tw/news/aipl/202010120189.aspx
         >>> 找到關鍵字 "危害"; 文章資訊: 2020-10-12 09:57:00, 管轄網路犯罪五眼聯盟籲加密程式開後門202010120957, https://www.cna.com.tw/news/aopl/202010120039.aspx
         >>> 找到關鍵字 "危害"; 文章資訊: 2020-10-12 07:56:00, 早安世界捷克參院改選議長維特齊所屬在野陣營大勝202010120756, https://www.cna.com.tw/news/firstnews/202010125001.aspx
         <<< 2020-10-13 沒有更多 "危害" 相關的新聞 !!! >>>
  ------------------------------------------------------
    >> 搜尋關鍵字:"有毒"; 網址:"https://www.cna.com.tw/search/hysearchws.aspx?q=有毒"
         >>> 找到關鍵字 "有毒"; 文章資訊: 2020-10-12 16:24:00, 萊劑美豬公聽會學者正反意見不一202010121624, https://www.cna.com.tw/news/aipl/202010120209.aspx
         >>> 找到關鍵字 "有毒"; 文章資訊: 2020-10-12 14:28:00, 男涉潛入工廠偷走87萬返家睡夢中就被逮202010121428, https://www.cna.com.tw/news/asoc/202010120159.aspx
         <<< 2020-10-13 沒有更多 "有毒" 相關的新聞 !!! >>>
  ------------------------------------------------------
    >> 搜尋關鍵字:"有害"; 網址:"https://www.cna.com.tw/search/hysearchws.aspx?q=有害"
         >>> 找到關鍵字 "有害"; 文章資訊: 2020-10-12 10:44:00, 川普推文自稱免疫推特認有誤導之嫌加註警語202010121044, https://www.cna.com.tw/news/aopl/202010120060.aspx
         <<< 2020-10-13 沒有更多 "有害" 相關的新聞 !!! >>>
  ------------------------------------------------------
    >> 搜尋關鍵字:"色料"; 網址:"https://www.cna.com.tw/search/hysearchws.aspx?q=色料"
         <<< 2020-10-13 沒有更多 "色料" 相關的新聞 !!! >>>
  ------------------------------------------------------
    >> 搜尋關鍵字:"色素"; 網址:"https://www.cna.com.tw/search/hysearchws.aspx?q=色素"
         <<< 2020-10-13 沒有更多 "色素" 相關的新聞 !!! >>>
  ------------------------------------------------------
    >> 搜尋關鍵字:"毒性"; 網址:"https://www.cna.com.tw/search/hysearchws.aspx?q=毒性"
         >>> 找到關鍵字 "毒性"; 文章資訊: 2020-10-12 21:05:00, 校園諾羅群聚頻傳教育部提醒勤洗手勿生飲生食202010122105, https://www.cna.com.tw/news/ahel/202010120325.aspx
         >>> 找到關鍵字 "毒性"; 文章資訊: 2020-10-12 16:24:00, 萊劑美豬公聽會學者正反意見不一202010121624, https://www.cna.com.tw/news/aipl/202010120209.aspx
         <<< 2020-10-13 沒有更多 "毒性" 相關的新聞 !!! >>>
  ------------------------------------------------------
    >> 搜尋關鍵字:"毒品"; 網址:"https://www.cna.com.tw/search/hysearchws.aspx?q=毒品"
         >>> 找到關鍵字 "毒品"; 文章資訊: 2020-10-12 19:25:00, 司法醫療界齊聚探討緩起訴戒癮治療制度202010121925, https://www.cna.com.tw/news/asoc/202010120298.aspx
         >>> 找到關鍵字 "毒品"; 文章資訊: 2020-10-12 18:13:00, 派出所前囂張滋事雲檢起訴暴力犯罪集團26人202010121813, https://www.cna.com.tw/news/asoc/202010120270.aspx
         >>> 找到關鍵字 "毒品"; 文章資訊: 2020-10-12 14:28:00, 男涉潛入工廠偷走87萬返家睡夢中就被逮202010121428, https://www.cna.com.tw/news/asoc/202010120159.aspx
         <<< 2020-10-13 沒有更多 "毒品" 相關的新聞 !!! >>>
  ------------------------------------------------------
    >> 搜尋關鍵字:"致癌"; 網址:"https://www.cna.com.tw/search/hysearchws.aspx?q=致癌"
         >>> 找到關鍵字 "致癌"; 文章資訊: 2020-10-12 16:24:00, 2歲以下幼童吃萊豬陳時中不鼓勵但沒禁止202010121624, https://www.cna.com.tw/news/aipl/202010120210.aspx
         <<< 2020-10-13 沒有更多 "致癌" 相關的新聞 !!! >>>
  ------------------------------------------------------
    >> 搜尋關鍵字:"重金屬"; 網址:"https://www.cna.com.tw/search/hysearchws.aspx?q=重金屬"
         <<< 2020-10-13 沒有更多 "重金屬" 相關的新聞 !!! >>>
  ------------------------------------------------------
    >> 搜尋關鍵字:"食安"; 網址:"https://www.cna.com.tw/search/hysearchws.aspx?q=食安"
         >>> 找到關鍵字 "食安"; 文章資訊: 2020-10-12 21:05:00, 校園諾羅群聚頻傳教育部提醒勤洗手勿生飲生食202010122105, https://www.cna.com.tw/news/ahel/202010120325.aspx
         >>> 找到關鍵字 "食安"; 文章資訊: 2020-10-12 16:24:00, 萊劑美豬公聽會學者正反意見不一202010121624, https://www.cna.com.tw/news/aipl/202010120209.aspx
         >>> 找到關鍵字 "食安"; 文章資訊: 2020-10-12 14:40:00, 不用萊豬黃偉哲加強散裝肉品產地標示源頭管理202010121440, https://www.cna.com.tw/news/aloc/202010120161.aspx
         >>> 找到關鍵字 "食安"; 文章資訊: 2020-10-12 13:00:00, 助尼泊爾災後重建賴清德印證台灣可幫忙202010121300, https://www.cna.com.tw/news/aipl/202010120122.aspx
         <<< 2020-10-13 沒有更多 "食安" 相關的新聞 !!! >>>
  ------------------------------------------------------
    >> 搜尋關鍵字:"香料"; 網址:"https://www.cna.com.tw/search/hysearchws.aspx?q=香料"
         <<< 2020-10-13 沒有更多 "香料" 相關的新聞 !!! >>>
  ------------------------------------------------------
    >> 搜尋關鍵字:"原料"; 網址:"https://www.cna.com.tw/search/hysearchws.aspx?q=原料"
         >>> 找到關鍵字 "原料"; 文章資訊: 2020-10-12 19:47:00, 淨新違法生產口罩流入下游廠商高市發函要回收202010121947, https://www.cna.com.tw/news/ahel/202010120306.aspx
         <<< 2020-10-13 沒有更多 "原料" 相關的新聞 !!! >>>
  ------------------------------------------------------
    >> 搜尋關鍵字:"氣爆"; 網址:"https://www.cna.com.tw/search/hysearchws.aspx?q=氣爆"
         <<< 2020-10-13 沒有更多 "氣爆" 相關的新聞 !!! >>>
  ------------------------------------------------------
    >> 搜尋關鍵字:"添加物"; 網址:"https://www.cna.com.tw/search/hysearchws.aspx?q=添加物"
         <<< 2020-10-13 沒有更多 "添加物" 相關的新聞 !!! >>>
  ------------------------------------------------------
    >> 搜尋關鍵字:"黑心"; 網址:"https://www.cna.com.tw/search/hysearchws.aspx?q=黑心"
         <<< 2020-10-13 沒有更多 "黑心" 相關的新聞 !!! >>>
  ------------------------------------------------------
    >> 搜尋關鍵字:"漂白"; 網址:"https://www.cna.com.tw/search/hysearchws.aspx?q=漂白"
         <<< 2020-10-13 沒有更多 "漂白" 相關的新聞 !!! >>>
  ------------------------------------------------------
    >> 搜尋關鍵字:"爆炸"; 網址:"https://www.cna.com.tw/search/hysearchws.aspx?q=爆炸"
         <<< 2020-10-13 沒有更多 "爆炸" 相關的新聞 !!! >>>
  ------------------------------------------------------
    >> 搜尋關鍵字:"新興"; 網址:"https://www.cna.com.tw/search/hysearchws.aspx?q=新興"
         >>> 找到關鍵字 "新興"; 文章資訊: 2020-10-12 20:32:00, 共享外送廚房公安疑慮北市府將會勘202010122032, https://www.cna.com.tw/news/aloc/202010120318.aspx
         <<< 2020-10-13 沒有更多 "新興" 相關的新聞 !!! >>>
  ------------------------------------------------------
    >> 搜尋關鍵字:"爆裂物"; 網址:"https://www.cna.com.tw/search/hysearchws.aspx?q=爆裂物"
         <<< 2020-10-13 沒有更多 "爆裂物" 相關的新聞 !!! >>>
  ------------------------------------------------------
    >> 搜尋關鍵字:"IED"; 網址:"https://www.cna.com.tw/search/hysearchws.aspx?q=IED"
         <<< 2020-10-13 沒有更多 "IED" 相關的新聞 !!! >>>
  ------------------------------------------------------
    >> 搜尋關鍵字:"排放"; 網址:"https://www.cna.com.tw/search/hysearchws.aspx?q=排放"
         >>> 找到關鍵字 "排放"; 文章資訊: 2020-10-12 14:47:00, 沈榮津嘉義縣浮力式太陽光電廠綠能防洪典範202010121447, https://www.cna.com.tw/news/ahel/202010120166.aspx
         >>> 找到關鍵字 "排放"; 文章資訊: 2020-10-12 16:45:00, 一解疫情苦悶澳航偽出國班機載客飽覽澳洲景點202010121645, https://www.cna.com.tw/news/aopl/202010120222.aspx
         <<< 2020-10-13 沒有更多 "排放" 相關的新聞 !!! >>>
  ------------------------------------------------------
    >> 搜尋關鍵字:"污染"; 網址:"https://www.cna.com.tw/search/hysearchws.aspx?q=污染"
         >>> 找到關鍵字 "污染"; 文章資訊: 2020-10-12 21:19:00, 東鹼請求國賠協商宜蘭縣府先了解理由再研議202010122119, https://www.cna.com.tw/news/afe/202010120328.aspx
         >>> 找到關鍵字 "污染"; 文章資訊: 2020-10-12 21:05:00, 校園諾羅群聚頻傳教育部提醒勤洗手勿生飲生食202010122105, https://www.cna.com.tw/news/ahel/202010120325.aspx
         >>> 找到關鍵字 "污染"; 文章資訊: 2020-10-12 08:08:00, 桃園以北宜蘭降雨明顯中南部日夜溫差大202010120808, https://www.cna.com.tw/news/ahel/202010120013.aspx
         <<< 2020-10-13 沒有更多 "污染" 相關的新聞 !!! >>>
  ------------------------------------------------------
    >> 搜尋關鍵字:"廢水"; 網址:"https://www.cna.com.tw/search/hysearchws.aspx?q=廢水"
         <<< 2020-10-13 沒有更多 "廢水" 相關的新聞 !!! >>>
  ------------------------------------------------------
    >> 搜尋關鍵字:"污水"; 網址:"https://www.cna.com.tw/search/hysearchws.aspx?q=污水"
         >>> 找到關鍵字 "污水"; 文章資訊: 2020-10-12 14:27:00, 陽明山六之六保變住案北市決議重辦環評202010121427, https://www.cna.com.tw/news/aloc/202010120157.aspx
         >>> 找到關鍵字 "污水"; 文章資訊: 2020-10-12 12:29:00, 南迴線火車廁所貼封條禁用乘客憋尿5小時怒批202010121229, https://www.cna.com.tw/news/ahel/202010120111.aspx
         <<< 2020-10-13 沒有更多 "污水" 相關的新聞 !!! >>>
  ------------------------------------------------------
    >> 搜尋關鍵字:"洩漏"; 網址:"https://www.cna.com.tw/search/hysearchws.aspx?q=洩漏"
         <<< 2020-10-13 沒有更多 "洩漏" 相關的新聞 !!! >>>
  ------------------------------------------------------
    >> 搜尋關鍵字:"暗管"; 網址:"https://www.cna.com.tw/search/hysearchws.aspx?q=暗管"
         <<< 2020-10-13 沒有更多 "暗管" 相關的新聞 !!! >>>
  ------------------------------------------------------
    >> 搜尋關鍵字:"偷排"; 網址:"https://www.cna.com.tw/search/hysearchws.aspx?q=偷排"
         <<< 2020-10-13 沒有更多 "偷排" 相關的新聞 !!! >>>
  ------------------------------------------------------
    >> 搜尋關鍵字:"安全"; 網址:"https://www.cna.com.tw/search/hysearchws.aspx?q=安全"
         >>> 找到關鍵字 "安全"; 文章資訊: 2020-10-13 00:28:00, 被指剽竊抗疫防護箱發明許秉毅不足處有改善202010130028, https://www.cna.com.tw/news/ahel/202010130004.aspx
         >>> 找到關鍵字 "安全"; 文章資訊: 2020-10-12 22:58:00, 德國加緊研發武漢肺炎疫苗BioNTech暫時領先202010122258, https://www.cna.com.tw/news/aopl/202010120363.aspx
         >>> 找到關鍵字 "安全"; 文章資訊: 2020-10-12 22:22:00, 中國續炒台諜案陸委會再譴責202010122222, https://www.cna.com.tw/news/firstnews/202010120354.aspx
         >>> 找到關鍵字 "安全"; 文章資訊: 2020-10-12 21:13:00, 中國續炒台諜指捷克台籍學者鄭宇欽涉案被捕202010122113, https://www.cna.com.tw/news/firstnews/202010120326.aspx
         >>> 找到關鍵字 "安全"; 文章資訊: 2020-10-12 21:47:00, 大馬疫情四起吉隆坡等地有條件行動管制兩週202010122147, https://www.cna.com.tw/news/aopl/202010120341.aspx
         >>> 找到關鍵字 "安全"; 文章資訊: 2020-10-12 21:28:00, 曾挺訪台捷克議長斯洛伐克總統再讓華為碰釘子202010122128, https://www.cna.com.tw/news/firstnews/202010120329.aspx
         >>> 找到關鍵字 "安全"; 文章資訊: 2020-10-12 21:40:00, 報名泰國賽拚年終賽門票戴資穎是否出戰待評估202010122140, https://www.cna.com.tw/news/aspt/202010120335.aspx
         >>> 找到關鍵字 "安全"; 文章資訊: 2020-10-12 21:35:00, 英藥廠獲美投資將展開第3階段武漢肺炎療法試驗202010122135, https://www.cna.com.tw/news/aopl/202010120331.aspx
         >>> 找到關鍵字 "安全"; 文章資訊: 2020-10-12 18:15:00, 東洋代理德國武漢肺炎疫苗指揮中心評估冷鏈保存採購202010121815, https://www.cna.com.tw/news/firstnews/202010120271.aspx
         >>> 找到關鍵字 "安全"; 文章資訊: 2020-10-12 21:05:00, 校園諾羅群聚頻傳教育部提醒勤洗手勿生飲生食202010122105, https://www.cna.com.tw/news/ahel/202010120325.aspx
         >>> 找到關鍵字 "安全"; 文章資訊: 2020-10-12 20:04:00, 全球首座等比例哥吉拉現身日本兵庫主題樂園影202010122004, https://www.cna.com.tw/news/aopl/202010120307.aspx
         >>> 找到關鍵字 "安全"; 文章資訊: 2020-10-12 20:14:00, 議員揭最危險公車路線北市府允檢討評比機制202010122014, https://www.cna.com.tw/news/aloc/202010120312.aspx
         >>> 找到關鍵字 "安全"; 文章資訊: 2020-10-12 19:25:00, 司法醫療界齊聚探討緩起訴戒癮治療制度202010121925, https://www.cna.com.tw/news/asoc/202010120298.aspx
         >>> 找到關鍵字 "安全"; 文章資訊: 2020-10-12 19:45:00, 疫情衝擊航空業英國航空執行長遭撤換202010121945, https://www.cna.com.tw/news/aopl/202010120304.aspx
         >>> 找到關鍵字 "安全"; 文章資訊: 2020-10-12 19:15:00, 時隔2年央視再播台諜案分析具警告意味202010121915, https://www.cna.com.tw/news/acn/202010120296.aspx
         >>> 找到關鍵字 "安全"; 文章資訊: 2020-10-12 19:14:00, 後疫情時代專家登機前快速篩檢恐成新常態202010121914, https://www.cna.com.tw/news/aopl/202010120295.aspx
         >>> 找到關鍵字 "安全"; 文章資訊: 2020-10-12 18:55:00, 韓製武漢肺炎治療劑取得第三期臨床試驗許可202010121855, https://www.cna.com.tw/news/aopl/202010120291.aspx
         >>> 找到關鍵字 "安全"; 文章資訊: 2020-10-12 16:14:00, 台中總站夜市違規營運葉姓負責人致歉宣布暫停營業202010121614, https://www.cna.com.tw/news/firstnews/202010120203.aspx
         >>> 找到關鍵字 "安全"; 文章資訊: 2020-10-12 18:53:00, 蘇貞昌13日立院施政報告國民黨團揚言繼續杯葛202010121853, https://www.cna.com.tw/news/aipl/202010120288.aspx
         >>> 找到關鍵字 "安全"; 文章資訊: 2020-10-12 17:28:00, 南投推動食品安全自治條例豬肉檢出瘦肉精要罰202010121728, https://www.cna.com.tw/news/ahel/202010120252.aspx
         >>> 找到關鍵字 "安全"; 文章資訊: 2020-10-12 16:04:00, 老翁提款機領錢遭搶犯嫌逃逸出車禍躲寺廟落網202010121604, https://www.cna.com.tw/news/asoc/202010120198.aspx
         >>> 找到關鍵字 "安全"; 文章資訊: 2020-10-12 18:27:00, Kona電動車電池恐起火現代汽車擴大召回51萬輛202010121827, https://www.cna.com.tw/news/aopl/202010120277.aspx
         >>> 找到關鍵字 "安全"; 文章資訊: 2020-10-12 15:17:00, 德國武漢肺炎疫苗東洋最快2021年首季到貨1000萬劑更新202010121517, https://www.cna.com.tw/news/firstnews/202010120184.aspx
         >>> 找到關鍵字 "安全"; 文章資訊: 2020-10-12 17:33:00, 期交所今年前11月交易量可望創歷史新高202010121733, https://www.cna.com.tw/news/afe/202010120255.aspx
         >>> 找到關鍵字 "安全"; 文章資訊: 2020-10-12 16:42:00, 越南洪災20死民眾逃生躲2樓泡麵度日202010121642, https://www.cna.com.tw/news/aopl/202010120221.aspx
         >>> 找到關鍵字 "安全"; 文章資訊: 2020-10-12 15:08:00, 打造社會安全網花蓮第5間社福中心啟用202010121508, https://www.cna.com.tw/news/aloc/202010120180.aspx
         >>> 找到關鍵字 "安全"; 文章資訊: 2020-10-12 16:41:00, 李孟居上央視認錯徐國勇在台絕不會發生202010121641, https://www.cna.com.tw/news/aipl/202010120220.aspx
         >>> 找到關鍵字 "安全"; 文章資訊: 2020-10-12 16:24:00, 萊劑美豬公聽會學者正反意見不一202010121624, https://www.cna.com.tw/news/aipl/202010120209.aspx
         >>> 找到關鍵字 "安全"; 文章資訊: 2020-10-12 16:24:00, 2歲以下幼童吃萊豬陳時中不鼓勵但沒禁止202010121624, https://www.cna.com.tw/news/aipl/202010120210.aspx
         >>> 找到關鍵字 "安全"; 文章資訊: 2020-10-12 16:17:00, 法國指派首位印太大使對中國施壓升級202010121617, https://www.cna.com.tw/news/acn/202010120204.aspx
         >>> 找到關鍵字 "安全"; 文章資訊: 2020-10-12 16:08:00, 維也納愛樂新版防疫計畫送審文化部就遭打槍202010121608, https://www.cna.com.tw/news/ahel/202010120201.aspx
         >>> 找到關鍵字 "安全"; 文章資訊: 2020-10-12 14:23:00, 維護托育安全民團籲修法強制幼兒園裝監視器202010121423, https://www.cna.com.tw/news/ahel/202010120154.aspx
         >>> 找到關鍵字 "安全"; 文章資訊: 2020-10-12 15:24:00, 黑鷹完成接收徐國勇慰勉空勤總隊202010121524, https://www.cna.com.tw/news/asoc/202010120188.aspx
         >>> 找到關鍵字 "安全"; 文章資訊: 2020-10-12 15:25:00, 楊志良批宣傳美豬沒人格陳時中人身攻擊不好202010121525, https://www.cna.com.tw/news/aipl/202010120189.aspx
         >>> 找到關鍵字 "安全"; 文章資訊: 2020-10-12 14:40:00, 不用萊豬黃偉哲加強散裝肉品產地標示源頭管理202010121440, https://www.cna.com.tw/news/aloc/202010120161.aspx
         >>> 找到關鍵字 "安全"; 文章資訊: 2020-10-12 14:52:00, 新一輪紓困卡關白宮急推縮小版方案救中小企業202010121452, https://www.cna.com.tw/news/aopl/202010120170.aspx
         >>> 找到關鍵字 "安全"; 文章資訊: 2020-10-12 14:46:00, 老研究員疑遭詐財中研院編審涉嫌處行政處分202010121446, https://www.cna.com.tw/news/ahel/202010120164.aspx
         >>> 找到關鍵字 "安全"; 文章資訊: 2020-10-12 14:01:00, 拜登民調領先擴大華郵選民已有定奪202010121401, https://www.cna.com.tw/news/aopl/202010120145.aspx
         >>> 找到關鍵字 "安全"; 文章資訊: 2020-10-12 13:51:00, 江啟臣改名議題不在國民黨改革內容中202010121351, https://www.cna.com.tw/news/aipl/202010120138.aspx
         >>> 找到關鍵字 "安全"; 文章資訊: 2020-10-12 13:56:00, 中國海警船逗留釣魚台海域日本政府嚴重抗議202010121356, https://www.cna.com.tw/news/aopl/202010120141.aspx
         >>> 找到關鍵字 "安全"; 文章資訊: 2020-10-12 13:35:00, 台灣人體生物資料庫整合平台傲視亞洲助防疫202010121335, https://www.cna.com.tw/news/ahel/202010120131.aspx
         >>> 找到關鍵字 "安全"; 文章資訊: 2020-10-12 12:44:00, 總統台灣索馬利蘭具戰略地位合作能發揮優勢202010121244, https://www.cna.com.tw/news/firstnews/202010120118.aspx
         >>> 找到關鍵字 "安全"; 文章資訊: 2020-10-12 13:00:00, 助尼泊爾災後重建賴清德印證台灣可幫忙202010121300, https://www.cna.com.tw/news/aipl/202010120122.aspx
         >>> 找到關鍵字 "安全"; 文章資訊: 2020-10-12 12:41:00, 疫情衝擊獲利美航空協會主要業者不會倒202010121241, https://www.cna.com.tw/news/aopl/202010120116.aspx
         >>> 找到關鍵字 "安全"; 文章資訊: 2020-10-12 11:01:00, 內政部前瞻經費補助完成483件公所集會所補強重建202010121101, https://www.cna.com.tw/news/aipl/202010120064.aspx
         >>> 找到關鍵字 "安全"; 文章資訊: 2020-10-12 10:18:00, 台中客運小客車碰撞4人輕傷送醫202010121018, https://www.cna.com.tw/news/asoc/202010120050.aspx
         >>> 找到關鍵字 "安全"; 文章資訊: 2020-10-12 10:16:00, 疫情衝擊賽季中斷縮減今年NBA與眾不同202010121016, https://www.cna.com.tw/news/aspt/202010120049.aspx
         >>> 找到關鍵字 "安全"; 文章資訊: 2020-10-12 09:57:00, 管轄網路犯罪五眼聯盟籲加密程式開後門202010120957, https://www.cna.com.tw/news/aopl/202010120039.aspx
         >>> 找到關鍵字 "安全"; 文章資訊: 2020-10-12 08:08:00, 桃園以北宜蘭降雨明顯中南部日夜溫差大202010120808, https://www.cna.com.tw/news/ahel/202010120013.aspx
         >>> 找到關鍵字 "安全"; 文章資訊: 2020-10-12 07:56:00, 早安世界捷克參院改選議長維特齊所屬在野陣營大勝202010120756, https://www.cna.com.tw/news/firstnews/202010125001.aspx
         <<< 2020-10-13 沒有更多 "安全" 相關的新聞 !!! >>>
  ------------------------------------------------------
    >> 搜尋關鍵字:"槽車"; 網址:"https://www.cna.com.tw/search/hysearchws.aspx?q=槽車"
         <<< 2020-10-13 沒有更多 "槽車" 相關的新聞 !!! >>>
       >> 檔案輸出
        ------------------------------------------------------
      >> 下載新聞內容
      >> 下載 https://www.cna.com.tw/news/aipl/202010120237.aspx, 鄭文燦李孟居案有設計的狀況202010121716
      >> 下載 https://www.cna.com.tw/news/afe/202010120106.aspx, 鈞興KY訂單能見度到年底第4季營運不看淡202010121217
      >> 下載 https://www.cna.com.tw/news/aopl/202010130002.aspx, 諾貝爾科學獎美國大學拿最多女性得獎比例攀升202010130000
      >> 下載 https://www.cna.com.tw/news/firstnews/202010125009.aspx, 諾貝爾經濟學獎史丹佛大學師生檔創新拍賣模式獲殊榮202010121753
      >> 下載 https://www.cna.com.tw/news/afe/202010120284.aspx, 崇越電訂單回溫9月營收創今年新高202010121838
      >> 下載 https://www.cna.com.tw/news/aopl/202010120277.aspx, Kona電動車電池恐起火現代汽車擴大召回51萬輛202010121827
      >> 下載 https://www.cna.com.tw/news/aspt/202010120214.aspx, 不只是球星巴特勒季後賽展現巨星風範202010121631
      >> 下載 https://www.cna.com.tw/news/aspt/202010120129.aspx, 10年9度闖總冠軍賽詹姆斯助湖人奪冠證明自己202010121328
      >> 下載 https://www.cna.com.tw/news/firstnews/202010120097.aspx, 澳洲研究武漢肺炎病毒在鈔票手機可活28天202010121158
      >> 下載 https://www.cna.com.tw/news/ahel/202010120252.aspx, 南投推動食品安全自治條例豬肉檢出瘦肉精要罰202010121728
      >> 下載 https://www.cna.com.tw/news/aipl/202010120209.aspx, 萊劑美豬公聽會學者正反意見不一202010121624
      >> 下載 https://www.cna.com.tw/news/aipl/202010120210.aspx, 2歲以下幼童吃萊豬陳時中不鼓勵但沒禁止202010121624
      >> 下載 https://www.cna.com.tw/news/ahel/202010120201.aspx, 維也納愛樂新版防疫計畫送審文化部就遭打槍202010121608
      >> 下載 https://www.cna.com.tw/news/aipl/202010120189.aspx, 楊志良批宣傳美豬沒人格陳時中人身攻擊不好202010121525
      >> 下載 https://www.cna.com.tw/news/aopl/202010120039.aspx, 管轄網路犯罪五眼聯盟籲加密程式開後門202010120957
      >> 下載 https://www.cna.com.tw/news/firstnews/202010125001.aspx, 早安世界捷克參院改選議長維特齊所屬在野陣營大勝202010120756
      >> 下載 https://www.cna.com.tw/news/aipl/202010120209.aspx, 萊劑美豬公聽會學者正反意見不一202010121624
      >> 下載 https://www.cna.com.tw/news/asoc/202010120159.aspx, 男涉潛入工廠偷走87萬返家睡夢中就被逮202010121428
      >> 下載 https://www.cna.com.tw/news/aopl/202010120060.aspx, 川普推文自稱免疫推特認有誤導之嫌加註警語202010121044
      >> 下載 https://www.cna.com.tw/news/ahel/202010120325.aspx, 校園諾羅群聚頻傳教育部提醒勤洗手勿生飲生食202010122105
      >> 下載 https://www.cna.com.tw/news/aipl/202010120209.aspx, 萊劑美豬公聽會學者正反意見不一202010121624
      >> 下載 https://www.cna.com.tw/news/asoc/202010120298.aspx, 司法醫療界齊聚探討緩起訴戒癮治療制度202010121925
      >> 下載 https://www.cna.com.tw/news/asoc/202010120270.aspx, 派出所前囂張滋事雲檢起訴暴力犯罪集團26人202010121813
      >> 下載 https://www.cna.com.tw/news/asoc/202010120159.aspx, 男涉潛入工廠偷走87萬返家睡夢中就被逮202010121428
      >> 下載 https://www.cna.com.tw/news/aipl/202010120210.aspx, 2歲以下幼童吃萊豬陳時中不鼓勵但沒禁止202010121624
      >> 下載 https://www.cna.com.tw/news/ahel/202010120325.aspx, 校園諾羅群聚頻傳教育部提醒勤洗手勿生飲生食202010122105
      >> 下載 https://www.cna.com.tw/news/aipl/202010120209.aspx, 萊劑美豬公聽會學者正反意見不一202010121624
      >> 下載 https://www.cna.com.tw/news/aloc/202010120161.aspx, 不用萊豬黃偉哲加強散裝肉品產地標示源頭管理202010121440
      >> 下載 https://www.cna.com.tw/news/aipl/202010120122.aspx, 助尼泊爾災後重建賴清德印證台灣可幫忙202010121300
      >> 下載 https://www.cna.com.tw/news/ahel/202010120306.aspx, 淨新違法生產口罩流入下游廠商高市發函要回收202010121947
      >> 下載 https://www.cna.com.tw/news/aloc/202010120318.aspx, 共享外送廚房公安疑慮北市府將會勘202010122032
      >> 下載 https://www.cna.com.tw/news/ahel/202010120166.aspx, 沈榮津嘉義縣浮力式太陽光電廠綠能防洪典範202010121447
      >> 下載 https://www.cna.com.tw/news/aopl/202010120222.aspx, 一解疫情苦悶澳航偽出國班機載客飽覽澳洲景點202010121645
      >> 下載 https://www.cna.com.tw/news/afe/202010120328.aspx, 東鹼請求國賠協商宜蘭縣府先了解理由再研議202010122119
      >> 下載 https://www.cna.com.tw/news/ahel/202010120325.aspx, 校園諾羅群聚頻傳教育部提醒勤洗手勿生飲生食202010122105
      >> 下載 https://www.cna.com.tw/news/ahel/202010120013.aspx, 桃園以北宜蘭降雨明顯中南部日夜溫差大202010120808
      >> 下載 https://www.cna.com.tw/news/aloc/202010120157.aspx, 陽明山六之六保變住案北市決議重辦環評202010121427
      >> 下載 https://www.cna.com.tw/news/ahel/202010120111.aspx, 南迴線火車廁所貼封條禁用乘客憋尿5小時怒批202010121229
      >> 下載 https://www.cna.com.tw/news/ahel/202010130004.aspx, 被指剽竊抗疫防護箱發明許秉毅不足處有改善202010130028
      >> 下載 https://www.cna.com.tw/news/aopl/202010120363.aspx, 德國加緊研發武漢肺炎疫苗BioNTech暫時領先202010122258
      >> 下載 https://www.cna.com.tw/news/firstnews/202010120354.aspx, 中國續炒台諜案陸委會再譴責202010122222
      >> 下載 https://www.cna.com.tw/news/firstnews/202010120326.aspx, 中國續炒台諜指捷克台籍學者鄭宇欽涉案被捕202010122113
      >> 下載 https://www.cna.com.tw/news/aopl/202010120341.aspx, 大馬疫情四起吉隆坡等地有條件行動管制兩週202010122147
      >> 下載 https://www.cna.com.tw/news/firstnews/202010120329.aspx, 曾挺訪台捷克議長斯洛伐克總統再讓華為碰釘子202010122128
      >> 下載 https://www.cna.com.tw/news/aspt/202010120335.aspx, 報名泰國賽拚年終賽門票戴資穎是否出戰待評估202010122140
      >> 下載 https://www.cna.com.tw/news/aopl/202010120331.aspx, 英藥廠獲美投資將展開第3階段武漢肺炎療法試驗202010122135
      >> 下載 https://www.cna.com.tw/news/firstnews/202010120271.aspx, 東洋代理德國武漢肺炎疫苗指揮中心評估冷鏈保存採購202010121815
      >> 下載 https://www.cna.com.tw/news/ahel/202010120325.aspx, 校園諾羅群聚頻傳教育部提醒勤洗手勿生飲生食202010122105
      >> 下載 https://www.cna.com.tw/news/aopl/202010120307.aspx, 全球首座等比例哥吉拉現身日本兵庫主題樂園影202010122004
      >> 下載 https://www.cna.com.tw/news/aloc/202010120312.aspx, 議員揭最危險公車路線北市府允檢討評比機制202010122014
      >> 下載 https://www.cna.com.tw/news/asoc/202010120298.aspx, 司法醫療界齊聚探討緩起訴戒癮治療制度202010121925
      >> 下載 https://www.cna.com.tw/news/aopl/202010120304.aspx, 疫情衝擊航空業英國航空執行長遭撤換202010121945
      >> 下載 https://www.cna.com.tw/news/acn/202010120296.aspx, 時隔2年央視再播台諜案分析具警告意味202010121915
      >> 下載 https://www.cna.com.tw/news/aopl/202010120295.aspx, 後疫情時代專家登機前快速篩檢恐成新常態202010121914
      >> 下載 https://www.cna.com.tw/news/aopl/202010120291.aspx, 韓製武漢肺炎治療劑取得第三期臨床試驗許可202010121855
      >> 下載 https://www.cna.com.tw/news/firstnews/202010120203.aspx, 台中總站夜市違規營運葉姓負責人致歉宣布暫停營業202010121614
      >> 下載 https://www.cna.com.tw/news/aipl/202010120288.aspx, 蘇貞昌13日立院施政報告國民黨團揚言繼續杯葛202010121853
      >> 下載 https://www.cna.com.tw/news/ahel/202010120252.aspx, 南投推動食品安全自治條例豬肉檢出瘦肉精要罰202010121728
      >> 下載 https://www.cna.com.tw/news/asoc/202010120198.aspx, 老翁提款機領錢遭搶犯嫌逃逸出車禍躲寺廟落網202010121604
      >> 下載 https://www.cna.com.tw/news/aopl/202010120277.aspx, Kona電動車電池恐起火現代汽車擴大召回51萬輛202010121827
      >> 下載 https://www.cna.com.tw/news/firstnews/202010120184.aspx, 德國武漢肺炎疫苗東洋最快2021年首季到貨1000萬劑更新202010121517
      >> 下載 https://www.cna.com.tw/news/afe/202010120255.aspx, 期交所今年前11月交易量可望創歷史新高202010121733
      >> 下載 https://www.cna.com.tw/news/aopl/202010120221.aspx, 越南洪災20死民眾逃生躲2樓泡麵度日202010121642
      >> 下載 https://www.cna.com.tw/news/aloc/202010120180.aspx, 打造社會安全網花蓮第5間社福中心啟用202010121508
      >> 下載 https://www.cna.com.tw/news/aipl/202010120220.aspx, 李孟居上央視認錯徐國勇在台絕不會發生202010121641
      >> 下載 https://www.cna.com.tw/news/aipl/202010120209.aspx, 萊劑美豬公聽會學者正反意見不一202010121624
      >> 下載 https://www.cna.com.tw/news/aipl/202010120210.aspx, 2歲以下幼童吃萊豬陳時中不鼓勵但沒禁止202010121624
      >> 下載 https://www.cna.com.tw/news/acn/202010120204.aspx, 法國指派首位印太大使對中國施壓升級202010121617
      >> 下載 https://www.cna.com.tw/news/ahel/202010120201.aspx, 維也納愛樂新版防疫計畫送審文化部就遭打槍202010121608
      >> 下載 https://www.cna.com.tw/news/ahel/202010120154.aspx, 維護托育安全民團籲修法強制幼兒園裝監視器202010121423
      >> 下載 https://www.cna.com.tw/news/asoc/202010120188.aspx, 黑鷹完成接收徐國勇慰勉空勤總隊202010121524
      >> 下載 https://www.cna.com.tw/news/aipl/202010120189.aspx, 楊志良批宣傳美豬沒人格陳時中人身攻擊不好202010121525
      >> 下載 https://www.cna.com.tw/news/aloc/202010120161.aspx, 不用萊豬黃偉哲加強散裝肉品產地標示源頭管理202010121440
      >> 下載 https://www.cna.com.tw/news/aopl/202010120170.aspx, 新一輪紓困卡關白宮急推縮小版方案救中小企業202010121452
      >> 下載 https://www.cna.com.tw/news/ahel/202010120164.aspx, 老研究員疑遭詐財中研院編審涉嫌處行政處分202010121446
      >> 下載 https://www.cna.com.tw/news/aopl/202010120145.aspx, 拜登民調領先擴大華郵選民已有定奪202010121401
      >> 下載 https://www.cna.com.tw/news/aipl/202010120138.aspx, 江啟臣改名議題不在國民黨改革內容中202010121351
      >> 下載 https://www.cna.com.tw/news/aopl/202010120141.aspx, 中國海警船逗留釣魚台海域日本政府嚴重抗議202010121356
      >> 下載 https://www.cna.com.tw/news/ahel/202010120131.aspx, 台灣人體生物資料庫整合平台傲視亞洲助防疫202010121335
      >> 下載 https://www.cna.com.tw/news/firstnews/202010120118.aspx, 總統台灣索馬利蘭具戰略地位合作能發揮優勢202010121244
      >> 下載 https://www.cna.com.tw/news/aipl/202010120122.aspx, 助尼泊爾災後重建賴清德印證台灣可幫忙202010121300
      >> 下載 https://www.cna.com.tw/news/aopl/202010120116.aspx, 疫情衝擊獲利美航空協會主要業者不會倒202010121241
      >> 下載 https://www.cna.com.tw/news/aipl/202010120064.aspx, 內政部前瞻經費補助完成483件公所集會所補強重建202010121101
      >> 下載 https://www.cna.com.tw/news/asoc/202010120050.aspx, 台中客運小客車碰撞4人輕傷送醫202010121018
      >> 下載 https://www.cna.com.tw/news/aspt/202010120049.aspx, 疫情衝擊賽季中斷縮減今年NBA與眾不同202010121016
      >> 下載 https://www.cna.com.tw/news/aopl/202010120039.aspx, 管轄網路犯罪五眼聯盟籲加密程式開後門202010120957
      >> 下載 https://www.cna.com.tw/news/ahel/202010120013.aspx, 桃園以北宜蘭降雨明顯中南部日夜溫差大202010120808
      >> 下載 https://www.cna.com.tw/news/firstnews/202010125001.aspx, 早安世界捷克參院改選議長維特齊所屬在野陣營大勝202010120756
