     -----> 新聞爬蟲：中央通訊社

           <<< 中央通訊社新聞搜尋 >>>
  ------------------------------------------------------
  ------------------------------------------------------
    >> 搜尋關鍵字:"工業用"; 網址:"https://www.cna.com.tw/search/hysearchws.aspx?q=工業用"
         >>> 找到關鍵字 "工業用"; 文章資訊: 2020-09-30 12:51:00, 台尼攜手辦產品發表會尼加拉瓜盼加速經濟振興202009301251, https://www.cna.com.tw/news/afe/202009300126.aspx
         <<< 2020-10-01 沒有更多 "工業用" 相關的新聞 !!! >>>
  ------------------------------------------------------
    >> 搜尋關鍵字:"化工"; 網址:"https://www.cna.com.tw/search/hysearchws.aspx?q=化工"
         >>> 找到關鍵字 "化工"; 文章資訊: 2020-09-30 16:25:00, 公利洋行內賊過水交易賺差價178萬警逮6嫌送辦202009301625, https://www.cna.com.tw/news/asoc/202009300246.aspx
         >>> 找到關鍵字 "化工"; 文章資訊: 2020-09-30 12:57:00, 工研院啟動校園徵才釋出40個職缺202009301257, https://www.cna.com.tw/news/ahel/202009300128.aspx
         >>> 找到關鍵字 "化工"; 文章資訊: 2020-09-30 15:41:00, 投審會通過8件投資案金額逾258億元202009301541, https://www.cna.com.tw/news/afe/202009300220.aspx
         >>> 找到關鍵字 "化工"; 文章資訊: 2020-09-30 11:45:00, 南鐵工程3戶拒遷中工處強制拆除勢在必行202009301145, https://www.cna.com.tw/news/aloc/202009300092.aspx
         <<< 2020-10-01 沒有更多 "化工" 相關的新聞 !!! >>>
  ------------------------------------------------------
    >> 搜尋關鍵字:"化災"; 網址:"https://www.cna.com.tw/search/hysearchws.aspx?q=化災"
         <<< 2020-10-01 沒有更多 "化災" 相關的新聞 !!! >>>
  ------------------------------------------------------
    >> 搜尋關鍵字:"化學"; 網址:"https://www.cna.com.tw/search/hysearchws.aspx?q=化學"
         >>> 找到關鍵字 "化學"; 文章資訊: 2020-09-30 16:25:00, 公利洋行內賊過水交易賺差價178萬警逮6嫌送辦202009301625, https://www.cna.com.tw/news/asoc/202009300246.aspx
         >>> 找到關鍵字 "化學"; 文章資訊: 2020-09-30 12:57:00, 工研院啟動校園徵才釋出40個職缺202009301257, https://www.cna.com.tw/news/ahel/202009300128.aspx
         >>> 找到關鍵字 "化學"; 文章資訊: 2020-09-30 15:41:00, 投審會通過8件投資案金額逾258億元202009301541, https://www.cna.com.tw/news/afe/202009300220.aspx
         >>> 找到關鍵字 "化學"; 文章資訊: 2020-09-30 12:51:00, 國美館加Google藝文計劃林玉山蓮池全球看得到202009301251, https://www.cna.com.tw/news/acul/202009300125.aspx
         >>> 找到關鍵字 "化學"; 文章資訊: 2020-09-30 10:52:00, 國道槽車撞匝道爆炸起火高公局初判道路結構安全202009301052, https://www.cna.com.tw/news/asoc/202009300063.aspx
         <<< 2020-10-01 沒有更多 "化學" 相關的新聞 !!! >>>
  ------------------------------------------------------
    >> 搜尋關鍵字:"外洩"; 網址:"https://www.cna.com.tw/search/hysearchws.aspx?q=外洩"
         >>> 找到關鍵字 "外洩"; 文章資訊: 2020-09-30 10:52:00, 國道槽車撞匝道爆炸起火高公局初判道路結構安全202009301052, https://www.cna.com.tw/news/asoc/202009300063.aspx
         <<< 2020-10-01 沒有更多 "外洩" 相關的新聞 !!! >>>
  ------------------------------------------------------
    >> 搜尋關鍵字:"危害"; 網址:"https://www.cna.com.tw/search/hysearchws.aspx?q=危害"
         >>> 找到關鍵字 "危害"; 文章資訊: 2020-09-30 17:49:00, 前槍擊要犯詹龍欄申請假釋34次服刑18年終出獄202009301749, https://www.cna.com.tw/news/firstnews/202009300295.aspx
         >>> 找到關鍵字 "危害"; 文章資訊: 2020-09-30 08:26:00, 巴西網購郵包夾帶不明種子當局展開調查202009300826, https://www.cna.com.tw/news/firstnews/202009300022.aspx
         <<< 2020-10-01 沒有更多 "危害" 相關的新聞 !!! >>>
  ------------------------------------------------------
    >> 搜尋關鍵字:"有毒"; 網址:"https://www.cna.com.tw/search/hysearchws.aspx?q=有毒"
         >>> 找到關鍵字 "有毒"; 文章資訊: 2020-09-30 08:26:00, 巴西網購郵包夾帶不明種子當局展開調查202009300826, https://www.cna.com.tw/news/firstnews/202009300022.aspx
         <<< 2020-10-01 沒有更多 "有毒" 相關的新聞 !!! >>>
  ------------------------------------------------------
    >> 搜尋關鍵字:"有害"; 網址:"https://www.cna.com.tw/search/hysearchws.aspx?q=有害"
         >>> 找到關鍵字 "有害"; 文章資訊: 2020-09-30 11:18:00, 結合盟友抗藍白可能合作陳時中沒時間想這事202009301118, https://www.cna.com.tw/news/aipl/202009300082.aspx
         <<< 2020-10-01 沒有更多 "有害" 相關的新聞 !!! >>>
  ------------------------------------------------------
    >> 搜尋關鍵字:"色料"; 網址:"https://www.cna.com.tw/search/hysearchws.aspx?q=色料"
         <<< 2020-10-01 沒有更多 "色料" 相關的新聞 !!! >>>
  ------------------------------------------------------
    >> 搜尋關鍵字:"色素"; 網址:"https://www.cna.com.tw/search/hysearchws.aspx?q=色素"
         >>> 找到關鍵字 "色素"; 文章資訊: 2020-09-30 18:29:00, 澎湖綠蠵龜產卵棲息保護區首見白化小龜202009301829, https://www.cna.com.tw/news/ahel/202009300317.aspx
         >>> 找到關鍵字 "色素"; 文章資訊: 2020-09-30 16:45:00, 新生兒黃疸延遲消退小心膽道閉鎖202009301645, https://www.cna.com.tw/news/ahel/202009300259.aspx
         <<< 2020-10-01 沒有更多 "色素" 相關的新聞 !!! >>>
  ------------------------------------------------------
    >> 搜尋關鍵字:"毒性"; 網址:"https://www.cna.com.tw/search/hysearchws.aspx?q=毒性"
         <<< 2020-10-01 沒有更多 "毒性" 相關的新聞 !!! >>>
  ------------------------------------------------------
    >> 搜尋關鍵字:"毒品"; 網址:"https://www.cna.com.tw/search/hysearchws.aspx?q=毒品"
         >>> 找到關鍵字 "毒品"; 文章資訊: 2020-09-30 17:02:00, 公車毒駕案發酵蔡清祥擬修刑法嚴厲處罰202009301702, https://www.cna.com.tw/news/asoc/202009300271.aspx
         <<< 2020-10-01 沒有更多 "毒品" 相關的新聞 !!! >>>
  ------------------------------------------------------
    >> 搜尋關鍵字:"致癌"; 網址:"https://www.cna.com.tw/search/hysearchws.aspx?q=致癌"
         <<< 2020-10-01 沒有更多 "致癌" 相關的新聞 !!! >>>
  ------------------------------------------------------
    >> 搜尋關鍵字:"重金屬"; 網址:"https://www.cna.com.tw/search/hysearchws.aspx?q=重金屬"
         <<< 2020-10-01 沒有更多 "重金屬" 相關的新聞 !!! >>>
  ------------------------------------------------------
    >> 搜尋關鍵字:"食安"; 網址:"https://www.cna.com.tw/search/hysearchws.aspx?q=食安"
         >>> 找到關鍵字 "食安"; 文章資訊: 2020-09-30 14:54:00, 美豬行政命令改審查江啟臣仍會強渡關山202009301454, https://www.cna.com.tw/news/aipl/202009300198.aspx
         >>> 找到關鍵字 "食安"; 文章資訊: 2020-09-30 16:39:00, 藍營疑食安會報未把關美豬蘇貞昌衛福部主導202009301639, https://www.cna.com.tw/news/aipl/202009300256.aspx
         >>> 找到關鍵字 "食安"; 文章資訊: 2020-09-30 16:30:00, 萊豬臨時提案攻防藍綠委員會首戰就採點名表決202009301630, https://www.cna.com.tw/news/aipl/202009300248.aspx
         >>> 找到關鍵字 "食安"; 文章資訊: 2020-09-30 13:35:00, 草根基金會民調6成3不贊成開放美豬進口202009301335, https://www.cna.com.tw/news/ahel/202009300150.aspx
         >>> 找到關鍵字 "食安"; 文章資訊: 2020-09-30 12:45:00, 美豬開徵食安健康捐挹注健保陳時中認為不適合202009301245, https://www.cna.com.tw/news/aipl/202009300119.aspx
         >>> 找到關鍵字 "食安"; 文章資訊: 2020-09-30 11:18:00, 結合盟友抗藍白可能合作陳時中沒時間想這事202009301118, https://www.cna.com.tw/news/aipl/202009300082.aspx
         >>> 找到關鍵字 "食安"; 文章資訊: 2020-09-30 10:19:00, 食安會報1年未開遭質疑陳時中為防疫考量202009301019, https://www.cna.com.tw/news/aipl/202009300043.aspx
         <<< 2020-10-01 沒有更多 "食安" 相關的新聞 !!! >>>
  ------------------------------------------------------
    >> 搜尋關鍵字:"香料"; 網址:"https://www.cna.com.tw/search/hysearchws.aspx?q=香料"
         <<< 2020-10-01 沒有更多 "香料" 相關的新聞 !!! >>>
  ------------------------------------------------------
    >> 搜尋關鍵字:"原料"; 網址:"https://www.cna.com.tw/search/hysearchws.aspx?q=原料"
         >>> 找到關鍵字 "原料"; 文章資訊: 2020-09-30 13:55:00, 台南文旦收購補助黃偉哲指示市庫先撥發202009301355, https://www.cna.com.tw/news/aloc/202009300160.aspx
         >>> 找到關鍵字 "原料"; 文章資訊: 2020-09-30 15:41:00, 投審會通過8件投資案金額逾258億元202009301541, https://www.cna.com.tw/news/afe/202009300220.aspx
         >>> 找到關鍵字 "原料"; 文章資訊: 2020-09-30 12:47:00, 口罩國家隊釩泰公司委託無許可廠商生產百萬片流市面202009301247, https://www.cna.com.tw/news/firstnews/202009300120.aspx
         >>> 找到關鍵字 "原料"; 文章資訊: 2020-09-30 13:35:00, 草根基金會民調6成3不贊成開放美豬進口202009301335, https://www.cna.com.tw/news/ahel/202009300150.aspx
         <<< 2020-10-01 沒有更多 "原料" 相關的新聞 !!! >>>
  ------------------------------------------------------
    >> 搜尋關鍵字:"氣爆"; 網址:"https://www.cna.com.tw/search/hysearchws.aspx?q=氣爆"
         <<< 2020-10-01 沒有更多 "氣爆" 相關的新聞 !!! >>>
  ------------------------------------------------------
    >> 搜尋關鍵字:"添加物"; 網址:"https://www.cna.com.tw/search/hysearchws.aspx?q=添加物"
         <<< 2020-10-01 沒有更多 "添加物" 相關的新聞 !!! >>>
  ------------------------------------------------------
    >> 搜尋關鍵字:"黑心"; 網址:"https://www.cna.com.tw/search/hysearchws.aspx?q=黑心"
         <<< 2020-10-01 沒有更多 "黑心" 相關的新聞 !!! >>>
  ------------------------------------------------------
    >> 搜尋關鍵字:"漂白"; 網址:"https://www.cna.com.tw/search/hysearchws.aspx?q=漂白"
         <<< 2020-10-01 沒有更多 "漂白" 相關的新聞 !!! >>>
  ------------------------------------------------------
    >> 搜尋關鍵字:"爆炸"; 網址:"https://www.cna.com.tw/search/hysearchws.aspx?q=爆炸"
         >>> 找到關鍵字 "爆炸"; 文章資訊: 2020-09-30 19:18:00, 八仙塵爆案2傷者獲判賠共1435萬餘元202009301918, https://www.cna.com.tw/news/asoc/202009300341.aspx
         >>> 找到關鍵字 "爆炸"; 文章資訊: 2020-09-30 10:52:00, 國道槽車撞匝道爆炸起火高公局初判道路結構安全202009301052, https://www.cna.com.tw/news/asoc/202009300063.aspx
         <<< 2020-10-01 沒有更多 "爆炸" 相關的新聞 !!! >>>
  ------------------------------------------------------
    >> 搜尋關鍵字:"新興"; 網址:"https://www.cna.com.tw/search/hysearchws.aspx?q=新興"
         >>> 找到關鍵字 "新興"; 文章資訊: 2020-09-30 15:42:00, 南投茶博會增新元素邀遊客品茗喝咖啡嘗巧克力202009301542, https://www.cna.com.tw/news/aloc/202009300221.aspx
         >>> 找到關鍵字 "新興"; 文章資訊: 2020-09-30 14:38:00, 刑案頻傳但破案快高市警表揚檢討雙管齊下202009301438, https://www.cna.com.tw/news/asoc/202009300184.aspx
         <<< 2020-10-01 沒有更多 "新興" 相關的新聞 !!! >>>
  ------------------------------------------------------
    >> 搜尋關鍵字:"爆裂物"; 網址:"https://www.cna.com.tw/search/hysearchws.aspx?q=爆裂物"
         <<< 2020-10-01 沒有更多 "爆裂物" 相關的新聞 !!! >>>
  ------------------------------------------------------
    >> 搜尋關鍵字:"IED"; 網址:"https://www.cna.com.tw/search/hysearchws.aspx?q=IED"
         <<< 2020-10-01 沒有更多 "IED" 相關的新聞 !!! >>>
  ------------------------------------------------------
    >> 搜尋關鍵字:"排放"; 網址:"https://www.cna.com.tw/search/hysearchws.aspx?q=排放"
         >>> 找到關鍵字 "排放"; 文章資訊: 2020-09-30 16:37:00, 台鐵減碳高雄機廠屋頂推太陽能發電202009301637, https://www.cna.com.tw/news/ahel/202009300255.aspx
         >>> 找到關鍵字 "排放"; 文章資訊: 2020-09-30 16:45:00, 新生兒黃疸延遲消退小心膽道閉鎖202009301645, https://www.cna.com.tw/news/ahel/202009300259.aspx
         >>> 找到關鍵字 "排放"; 文章資訊: 2020-09-30 15:55:00, 大坑溪遭工地廢水污染北市環保局罰營造商202009301555, https://www.cna.com.tw/news/aloc/202009300226.aspx
         <<< 2020-10-01 沒有更多 "排放" 相關的新聞 !!! >>>
  ------------------------------------------------------
    >> 搜尋關鍵字:"污染"; 網址:"https://www.cna.com.tw/search/hysearchws.aspx?q=污染"
         >>> 找到關鍵字 "污染"; 文章資訊: 2020-09-30 15:34:00, 保存傳統工藝嘉義創新學院展天赦庄竹編作品202009301534, https://www.cna.com.tw/news/aloc/202009300219.aspx
         >>> 找到關鍵字 "污染"; 文章資訊: 2020-09-30 15:55:00, 大坑溪遭工地廢水污染北市環保局罰營造商202009301555, https://www.cna.com.tw/news/aloc/202009300226.aspx
         >>> 找到關鍵字 "污染"; 文章資訊: 2020-09-30 13:23:00, 中秋出遊留意空氣品質中南部可能亮橘燈202009301323, https://www.cna.com.tw/news/ahel/202009300144.aspx
         <<< 2020-10-01 沒有更多 "污染" 相關的新聞 !!! >>>
  ------------------------------------------------------
    >> 搜尋關鍵字:"廢水"; 網址:"https://www.cna.com.tw/search/hysearchws.aspx?q=廢水"
         >>> 找到關鍵字 "廢水"; 文章資訊: 2020-09-30 15:55:00, 大坑溪遭工地廢水污染北市環保局罰營造商202009301555, https://www.cna.com.tw/news/aloc/202009300226.aspx
         <<< 2020-10-01 沒有更多 "廢水" 相關的新聞 !!! >>>
  ------------------------------------------------------
    >> 搜尋關鍵字:"污水"; 網址:"https://www.cna.com.tw/search/hysearchws.aspx?q=污水"
         >>> 找到關鍵字 "污水"; 文章資訊: 2020-09-30 15:55:00, 大坑溪遭工地廢水污染北市環保局罰營造商202009301555, https://www.cna.com.tw/news/aloc/202009300226.aspx
         <<< 2020-10-01 沒有更多 "污水" 相關的新聞 !!! >>>
  ------------------------------------------------------
    >> 搜尋關鍵字:"洩漏"; 網址:"https://www.cna.com.tw/search/hysearchws.aspx?q=洩漏"
         >>> 找到關鍵字 "洩漏"; 文章資訊: 2020-09-30 11:06:00, 李進誠涉股市禿鷹案更三審洩密罪獲輕判6月202009301106, https://www.cna.com.tw/news/asoc/202009300069.aspx
         <<< 2020-10-01 沒有更多 "洩漏" 相關的新聞 !!! >>>
  ------------------------------------------------------
    >> 搜尋關鍵字:"暗管"; 網址:"https://www.cna.com.tw/search/hysearchws.aspx?q=暗管"
         <<< 2020-10-01 沒有更多 "暗管" 相關的新聞 !!! >>>
  ------------------------------------------------------
    >> 搜尋關鍵字:"偷排"; 網址:"https://www.cna.com.tw/search/hysearchws.aspx?q=偷排"
         <<< 2020-10-01 沒有更多 "偷排" 相關的新聞 !!! >>>
  ------------------------------------------------------
    >> 搜尋關鍵字:"安全"; 網址:"https://www.cna.com.tw/search/hysearchws.aspx?q=安全"
         >>> 找到關鍵字 "安全"; 文章資訊: 2020-10-01 03:26:00, 台灣NGO女性代表國際發聲艱困蕭美琴抱不平202010010326, https://www.cna.com.tw/news/aipl/202010010008.aspx
         >>> 找到關鍵字 "安全"; 文章資訊: 2020-10-01 02:54:00, 美國會報告籲與台洽簽貿協允代表處以台灣命名202010010254, https://www.cna.com.tw/news/firstnews/202010010007.aspx
         >>> 找到關鍵字 "安全"; 文章資訊: 2020-10-01 02:31:00, 土耳其執政黨批新疆政策中國使館強烈抗議202010010231, https://www.cna.com.tw/news/aopl/202010010006.aspx
         >>> 找到關鍵字 "安全"; 文章資訊: 2020-10-01 00:51:00, 亞美尼亞與亞塞拜然交戰第4日國際籲協商遭拒202010010051, https://www.cna.com.tw/news/aopl/202010010003.aspx
         >>> 找到關鍵字 "安全"; 文章資訊: 2020-09-30 23:31:00, 日本新年度國防預算15兆元連8年創新高202009302331, https://www.cna.com.tw/news/aopl/202009300403.aspx
         >>> 找到關鍵字 "安全"; 文章資訊: 2020-09-30 23:29:00, 捕食農莊10隻羊南非野生動物園撲殺7頭獅202009302329, https://www.cna.com.tw/news/aopl/202009300402.aspx
         >>> 找到關鍵字 "安全"; 文章資訊: 2020-09-30 22:58:00, 李克強推進兩岸關係和平發展202009302258, https://www.cna.com.tw/news/acn/202009300398.aspx
         >>> 找到關鍵字 "安全"; 文章資訊: 2020-09-30 14:54:00, 美豬行政命令改審查江啟臣仍會強渡關山202009301454, https://www.cna.com.tw/news/aipl/202009300198.aspx
         >>> 找到關鍵字 "安全"; 文章資訊: 2020-09-30 17:52:00, 張書偉許孟哲挑戰男男吻我的婆婆籌備第2季202009301752, https://www.cna.com.tw/news/amov/202009300299.aspx
         >>> 找到關鍵字 "安全"; 文章資訊: 2020-09-30 20:48:00, 新北特殊優良教師鄭韋伶陪新住民學生圓夢202009302048, https://www.cna.com.tw/news/aloc/202009300368.aspx
         >>> 找到關鍵字 "安全"; 文章資訊: 2020-09-30 12:02:00, 防疫經費遭質疑私房錢國民黨要求行政院說清楚202009301202, https://www.cna.com.tw/news/aipl/202009300100.aspx
         >>> 找到關鍵字 "安全"; 文章資訊: 2020-09-30 19:13:00, 北韓稱找出防疫缺失隻字未提擊斃南韓公民202009301913, https://www.cna.com.tw/news/aopl/202009300339.aspx
         >>> 找到關鍵字 "安全"; 文章資訊: 2020-09-30 19:12:00, 推動太空產業科技部規劃提出太空發展法202009301912, https://www.cna.com.tw/news/aipl/202009300338.aspx
         >>> 找到關鍵字 "安全"; 文章資訊: 2020-09-30 18:56:00, 金門牛結節疹獲控制緊急應變小組10月撤除202009301856, https://www.cna.com.tw/news/ahel/202009300330.aspx
         >>> 找到關鍵字 "安全"; 文章資訊: 2020-09-30 17:49:00, 中芯國際傳遭美出口管制分析稱與實體清單不同202009301749, https://www.cna.com.tw/news/acn/202009300297.aspx
         >>> 找到關鍵字 "安全"; 文章資訊: 2020-09-30 17:32:00, 比利時死亡病例破1萬人烏克蘭前總統確診202009301732, https://www.cna.com.tw/news/aopl/202009300292.aspx
         >>> 找到關鍵字 "安全"; 文章資訊: 2020-09-30 17:02:00, 公車毒駕案發酵蔡清祥擬修刑法嚴厲處罰202009301702, https://www.cna.com.tw/news/asoc/202009300271.aspx
         >>> 找到關鍵字 "安全"; 文章資訊: 2020-09-30 17:16:00, 川普迴避譴責白人至上主義者僅說一邊待著202009301716, https://www.cna.com.tw/news/aopl/202009300284.aspx
         >>> 找到關鍵字 "安全"; 文章資訊: 2020-09-30 16:37:00, 台鐵減碳高雄機廠屋頂推太陽能發電202009301637, https://www.cna.com.tw/news/ahel/202009300255.aspx
         >>> 找到關鍵字 "安全"; 文章資訊: 2020-09-30 16:58:00, 林為洲兩岸關係緊張各黨參與國慶表現團結202009301658, https://www.cna.com.tw/news/aipl/202009300268.aspx
         >>> 找到關鍵字 "安全"; 文章資訊: 2020-09-30 16:36:00, 與空中加油機碰撞美軍F35B戰機墜毀202009301636, https://www.cna.com.tw/news/aopl/202009300252.aspx
         >>> 找到關鍵字 "安全"; 文章資訊: 2020-09-30 16:35:00, 12港人涉越境被捕港媒開船者刑期2至7年202009301635, https://www.cna.com.tw/news/acn/202009300251.aspx
         >>> 找到關鍵字 "安全"; 文章資訊: 2020-09-30 16:30:00, 萊豬臨時提案攻防藍綠委員會首戰就採點名表決202009301630, https://www.cna.com.tw/news/aipl/202009300248.aspx
         >>> 找到關鍵字 "安全"; 文章資訊: 2020-09-30 16:25:00, 公費流感疫苗105開打3廠牌防護效果類似202009301625, https://www.cna.com.tw/news/ahel/202009300245.aspx
         >>> 找到關鍵字 "安全"; 文章資訊: 2020-09-30 16:21:00, 捷克武漢肺炎新增1965例烏克蘭添4027例確診202009301621, https://www.cna.com.tw/news/aopl/202009300240.aspx
         >>> 找到關鍵字 "安全"; 文章資訊: 2020-09-30 14:38:00, 刑案頻傳但破案快高市警表揚檢討雙管齊下202009301438, https://www.cna.com.tw/news/asoc/202009300184.aspx
         >>> 找到關鍵字 "安全"; 文章資訊: 2020-09-30 15:30:00, 美國9月消費者信心大增17年來最大單月升幅202009301530, https://www.cna.com.tw/news/aopl/202009300218.aspx
         >>> 找到關鍵字 "安全"; 文章資訊: 2020-09-30 14:44:00, 駱惠寧聲稱香港避過墜入顏色革命深淵202009301444, https://www.cna.com.tw/news/acn/202009300191.aspx
         >>> 找到關鍵字 "安全"; 文章資訊: 2020-09-30 12:51:00, 國美館加Google藝文計劃林玉山蓮池全球看得到202009301251, https://www.cna.com.tw/news/acul/202009300125.aspx
         >>> 找到關鍵字 "安全"; 文章資訊: 2020-09-30 12:49:00, 台灣列斯洛伐克綠色國家名單101起入境免隔離202009301249, https://www.cna.com.tw/news/firstnews/202009300124.aspx
         >>> 找到關鍵字 "安全"; 文章資訊: 2020-09-30 13:59:00, 南海爭議中國大使盼日本明辨是非利害202009301359, https://www.cna.com.tw/news/aopl/202009300163.aspx
         >>> 找到關鍵字 "安全"; 文章資訊: 2020-09-30 13:50:00, 香港網友發起10月1日遊行警方會嚴正執法202009301350, https://www.cna.com.tw/news/acn/202009300157.aspx
         >>> 找到關鍵字 "安全"; 文章資訊: 2020-09-30 13:44:00, 幫派男成共諜刺探機密未得逞判刑1年6月202009301344, https://www.cna.com.tw/news/asoc/202009300154.aspx
         >>> 找到關鍵字 "安全"; 文章資訊: 2020-09-30 13:23:00, 國防部劍龍級潛艦戰鬥升級110年起執行裝備交運202009301323, https://www.cna.com.tw/news/firstnews/202009300143.aspx
         >>> 找到關鍵字 "安全"; 文章資訊: 2020-09-30 13:35:00, 草根基金會民調6成3不贊成開放美豬進口202009301335, https://www.cna.com.tw/news/ahel/202009300150.aspx
         >>> 找到關鍵字 "安全"; 文章資訊: 2020-09-30 13:33:00, 國土安全部涉改情資眾院委員會發傳票查爆料202009301333, https://www.cna.com.tw/news/aopl/202009300148.aspx
         >>> 找到關鍵字 "安全"; 文章資訊: 2020-09-30 10:41:00, 楊翠9份大法官釋憲檔案預計11月移交檔案局202009301041, https://www.cna.com.tw/news/aipl/202009300054.aspx
         >>> 找到關鍵字 "安全"; 文章資訊: 2020-09-30 13:07:00, 網路不實資訊泛濫澳洲智庫配合中共干擾美大選202009301307, https://www.cna.com.tw/news/aopl/202009300135.aspx
         >>> 找到關鍵字 "安全"; 文章資訊: 2020-09-30 13:01:00, 世界銀行擬再撥3480億元助窮國買COVID19疫苗202009301301, https://www.cna.com.tw/news/aopl/202009300130.aspx
         >>> 找到關鍵字 "安全"; 文章資訊: 2020-09-30 12:48:00, 抗疫紓困貸款美財政部與7大航空達協議202009301248, https://www.cna.com.tw/news/aopl/202009300123.aspx
         >>> 找到關鍵字 "安全"; 文章資訊: 2020-09-30 12:18:00, 南海局勢緊張中國增派萬噸海巡船巡視202009301218, https://www.cna.com.tw/news/acn/202009300110.aspx
         >>> 找到關鍵字 "安全"; 文章資訊: 2020-09-30 12:04:00, 美國務卿10月出訪日韓蒙古料聚焦中國北韓議題202009301204, https://www.cna.com.tw/news/aopl/202009300101.aspx
         >>> 找到關鍵字 "安全"; 文章資訊: 2020-09-30 11:57:00, 避免政府停擺美參院推進臨時開支法案202009301157, https://www.cna.com.tw/news/aopl/202009300097.aspx
         >>> 找到關鍵字 "安全"; 文章資訊: 2020-09-30 11:32:00, TikTok在美命運未定先推指南對抗選舉假消息202009301132, https://www.cna.com.tw/news/aopl/202009300089.aspx
         >>> 找到關鍵字 "安全"; 文章資訊: 2020-09-30 10:19:00, 食安會報1年未開遭質疑陳時中為防疫考量202009301019, https://www.cna.com.tw/news/aipl/202009300043.aspx
         >>> 找到關鍵字 "安全"; 文章資訊: 2020-09-30 10:52:00, 國道槽車撞匝道爆炸起火高公局初判道路結構安全202009301052, https://www.cna.com.tw/news/asoc/202009300063.aspx
         >>> 找到關鍵字 "安全"; 文章資訊: 2020-09-30 10:54:00, 乾燥季節森林火災好發期民眾舉發通報可拿獎金202009301054, https://www.cna.com.tw/news/ahel/202009300064.aspx
         >>> 找到關鍵字 "安全"; 文章資訊: 2020-09-30 10:26:00, 龍華科大發明安全針具醫護放心又可應用疫苗針202009301026, https://www.cna.com.tw/news/ahel/202009300049.aspx
         >>> 找到關鍵字 "安全"; 文章資訊: 2020-09-30 10:57:00, 北韓稱有可靠嚇阻力量將著重發展國內經濟202009301057, https://www.cna.com.tw/news/aopl/202009300066.aspx
         >>> 找到關鍵字 "安全"; 文章資訊: 2020-09-30 10:32:00, 普悠瑪事故近2年最終調查報告1021前出爐202009301032, https://www.cna.com.tw/news/ahel/202009300050.aspx
         >>> 找到關鍵字 "安全"; 文章資訊: 2020-09-30 08:26:00, 巴西網購郵包夾帶不明種子當局展開調查202009300826, https://www.cna.com.tw/news/firstnews/202009300022.aspx
         >>> 找到關鍵字 "安全"; 文章資訊: 2020-09-30 08:23:00, 美國務卿蓬佩奧104起出訪日本韓國和蒙古國202009300823, https://www.cna.com.tw/news/aopl/202009300021.aspx
         >>> 找到關鍵字 "安全"; 文章資訊: 2020-09-30 08:08:00, 東北風再增強北台灣稍轉涼202009300808, https://www.cna.com.tw/news/ahel/202009300018.aspx
         >>> 找到關鍵字 "安全"; 文章資訊: 2020-09-30 07:06:00, 早安世界育兒津貼倍增至5000元潘文忠明年分階段啟動202009300706, https://www.cna.com.tw/news/firstnews/202009305001.aspx
         <<< 2020-10-01 沒有更多 "安全" 相關的新聞 !!! >>>
  ------------------------------------------------------
    >> 搜尋關鍵字:"槽車"; 網址:"https://www.cna.com.tw/search/hysearchws.aspx?q=槽車"
         >>> 找到關鍵字 "槽車"; 文章資訊: 2020-09-30 10:52:00, 國道槽車撞匝道爆炸起火高公局初判道路結構安全202009301052, https://www.cna.com.tw/news/asoc/202009300063.aspx
         <<< 2020-10-01 沒有更多 "槽車" 相關的新聞 !!! >>>
       >> 檔案輸出
        ------------------------------------------------------
      >> 下載新聞內容
      >> 下載 https://www.cna.com.tw/news/afe/202009300126.aspx, 台尼攜手辦產品發表會尼加拉瓜盼加速經濟振興202009301251
      >> 下載 https://www.cna.com.tw/news/asoc/202009300246.aspx, 公利洋行內賊過水交易賺差價178萬警逮6嫌送辦202009301625
      >> 下載 https://www.cna.com.tw/news/ahel/202009300128.aspx, 工研院啟動校園徵才釋出40個職缺202009301257
      >> 下載 https://www.cna.com.tw/news/afe/202009300220.aspx, 投審會通過8件投資案金額逾258億元202009301541
      >> 下載 https://www.cna.com.tw/news/aloc/202009300092.aspx, 南鐵工程3戶拒遷中工處強制拆除勢在必行202009301145
      >> 下載 https://www.cna.com.tw/news/asoc/202009300246.aspx, 公利洋行內賊過水交易賺差價178萬警逮6嫌送辦202009301625
      >> 下載 https://www.cna.com.tw/news/ahel/202009300128.aspx, 工研院啟動校園徵才釋出40個職缺202009301257
      >> 下載 https://www.cna.com.tw/news/afe/202009300220.aspx, 投審會通過8件投資案金額逾258億元202009301541
      >> 下載 https://www.cna.com.tw/news/acul/202009300125.aspx, 國美館加Google藝文計劃林玉山蓮池全球看得到202009301251
      >> 下載 https://www.cna.com.tw/news/asoc/202009300063.aspx, 國道槽車撞匝道爆炸起火高公局初判道路結構安全202009301052
      >> 下載 https://www.cna.com.tw/news/asoc/202009300063.aspx, 國道槽車撞匝道爆炸起火高公局初判道路結構安全202009301052
      >> 下載 https://www.cna.com.tw/news/firstnews/202009300295.aspx, 前槍擊要犯詹龍欄申請假釋34次服刑18年終出獄202009301749
      >> 下載 https://www.cna.com.tw/news/firstnews/202009300022.aspx, 巴西網購郵包夾帶不明種子當局展開調查202009300826
      >> 下載 https://www.cna.com.tw/news/firstnews/202009300022.aspx, 巴西網購郵包夾帶不明種子當局展開調查202009300826
      >> 下載 https://www.cna.com.tw/news/aipl/202009300082.aspx, 結合盟友抗藍白可能合作陳時中沒時間想這事202009301118
      >> 下載 https://www.cna.com.tw/news/ahel/202009300317.aspx, 澎湖綠蠵龜產卵棲息保護區首見白化小龜202009301829
      >> 下載 https://www.cna.com.tw/news/ahel/202009300259.aspx, 新生兒黃疸延遲消退小心膽道閉鎖202009301645
      >> 下載 https://www.cna.com.tw/news/asoc/202009300271.aspx, 公車毒駕案發酵蔡清祥擬修刑法嚴厲處罰202009301702
      >> 下載 https://www.cna.com.tw/news/aipl/202009300198.aspx, 美豬行政命令改審查江啟臣仍會強渡關山202009301454
      >> 下載 https://www.cna.com.tw/news/aipl/202009300256.aspx, 藍營疑食安會報未把關美豬蘇貞昌衛福部主導202009301639
      >> 下載 https://www.cna.com.tw/news/aipl/202009300248.aspx, 萊豬臨時提案攻防藍綠委員會首戰就採點名表決202009301630
      >> 下載 https://www.cna.com.tw/news/ahel/202009300150.aspx, 草根基金會民調6成3不贊成開放美豬進口202009301335
      >> 下載 https://www.cna.com.tw/news/aipl/202009300119.aspx, 美豬開徵食安健康捐挹注健保陳時中認為不適合202009301245
      >> 下載 https://www.cna.com.tw/news/aipl/202009300082.aspx, 結合盟友抗藍白可能合作陳時中沒時間想這事202009301118
      >> 下載 https://www.cna.com.tw/news/aipl/202009300043.aspx, 食安會報1年未開遭質疑陳時中為防疫考量202009301019
      >> 下載 https://www.cna.com.tw/news/aloc/202009300160.aspx, 台南文旦收購補助黃偉哲指示市庫先撥發202009301355
      >> 下載 https://www.cna.com.tw/news/afe/202009300220.aspx, 投審會通過8件投資案金額逾258億元202009301541
      >> 下載 https://www.cna.com.tw/news/firstnews/202009300120.aspx, 口罩國家隊釩泰公司委託無許可廠商生產百萬片流市面202009301247
      >> 下載 https://www.cna.com.tw/news/ahel/202009300150.aspx, 草根基金會民調6成3不贊成開放美豬進口202009301335
      >> 下載 https://www.cna.com.tw/news/asoc/202009300341.aspx, 八仙塵爆案2傷者獲判賠共1435萬餘元202009301918
      >> 下載 https://www.cna.com.tw/news/asoc/202009300063.aspx, 國道槽車撞匝道爆炸起火高公局初判道路結構安全202009301052
      >> 下載 https://www.cna.com.tw/news/aloc/202009300221.aspx, 南投茶博會增新元素邀遊客品茗喝咖啡嘗巧克力202009301542
      >> 下載 https://www.cna.com.tw/news/asoc/202009300184.aspx, 刑案頻傳但破案快高市警表揚檢討雙管齊下202009301438
      >> 下載 https://www.cna.com.tw/news/ahel/202009300255.aspx, 台鐵減碳高雄機廠屋頂推太陽能發電202009301637
      >> 下載 https://www.cna.com.tw/news/ahel/202009300259.aspx, 新生兒黃疸延遲消退小心膽道閉鎖202009301645
      >> 下載 https://www.cna.com.tw/news/aloc/202009300226.aspx, 大坑溪遭工地廢水污染北市環保局罰營造商202009301555
      >> 下載 https://www.cna.com.tw/news/aloc/202009300219.aspx, 保存傳統工藝嘉義創新學院展天赦庄竹編作品202009301534
      >> 下載 https://www.cna.com.tw/news/aloc/202009300226.aspx, 大坑溪遭工地廢水污染北市環保局罰營造商202009301555
      >> 下載 https://www.cna.com.tw/news/ahel/202009300144.aspx, 中秋出遊留意空氣品質中南部可能亮橘燈202009301323
      >> 下載 https://www.cna.com.tw/news/aloc/202009300226.aspx, 大坑溪遭工地廢水污染北市環保局罰營造商202009301555
      >> 下載 https://www.cna.com.tw/news/aloc/202009300226.aspx, 大坑溪遭工地廢水污染北市環保局罰營造商202009301555
      >> 下載 https://www.cna.com.tw/news/asoc/202009300069.aspx, 李進誠涉股市禿鷹案更三審洩密罪獲輕判6月202009301106
      >> 下載 https://www.cna.com.tw/news/aipl/202010010008.aspx, 台灣NGO女性代表國際發聲艱困蕭美琴抱不平202010010326
      >> 下載 https://www.cna.com.tw/news/firstnews/202010010007.aspx, 美國會報告籲與台洽簽貿協允代表處以台灣命名202010010254
      >> 下載 https://www.cna.com.tw/news/aopl/202010010006.aspx, 土耳其執政黨批新疆政策中國使館強烈抗議202010010231
      >> 下載 https://www.cna.com.tw/news/aopl/202010010003.aspx, 亞美尼亞與亞塞拜然交戰第4日國際籲協商遭拒202010010051
      >> 下載 https://www.cna.com.tw/news/aopl/202009300403.aspx, 日本新年度國防預算15兆元連8年創新高202009302331
      >> 下載 https://www.cna.com.tw/news/aopl/202009300402.aspx, 捕食農莊10隻羊南非野生動物園撲殺7頭獅202009302329
      >> 下載 https://www.cna.com.tw/news/acn/202009300398.aspx, 李克強推進兩岸關係和平發展202009302258
      >> 下載 https://www.cna.com.tw/news/aipl/202009300198.aspx, 美豬行政命令改審查江啟臣仍會強渡關山202009301454
      >> 下載 https://www.cna.com.tw/news/amov/202009300299.aspx, 張書偉許孟哲挑戰男男吻我的婆婆籌備第2季202009301752
      >> 下載 https://www.cna.com.tw/news/aloc/202009300368.aspx, 新北特殊優良教師鄭韋伶陪新住民學生圓夢202009302048
      >> 下載 https://www.cna.com.tw/news/aipl/202009300100.aspx, 防疫經費遭質疑私房錢國民黨要求行政院說清楚202009301202
      >> 下載 https://www.cna.com.tw/news/aopl/202009300339.aspx, 北韓稱找出防疫缺失隻字未提擊斃南韓公民202009301913
      >> 下載 https://www.cna.com.tw/news/aipl/202009300338.aspx, 推動太空產業科技部規劃提出太空發展法202009301912
      >> 下載 https://www.cna.com.tw/news/ahel/202009300330.aspx, 金門牛結節疹獲控制緊急應變小組10月撤除202009301856
      >> 下載 https://www.cna.com.tw/news/acn/202009300297.aspx, 中芯國際傳遭美出口管制分析稱與實體清單不同202009301749
      >> 下載 https://www.cna.com.tw/news/aopl/202009300292.aspx, 比利時死亡病例破1萬人烏克蘭前總統確診202009301732
      >> 下載 https://www.cna.com.tw/news/asoc/202009300271.aspx, 公車毒駕案發酵蔡清祥擬修刑法嚴厲處罰202009301702
      >> 下載 https://www.cna.com.tw/news/aopl/202009300284.aspx, 川普迴避譴責白人至上主義者僅說一邊待著202009301716
      >> 下載 https://www.cna.com.tw/news/ahel/202009300255.aspx, 台鐵減碳高雄機廠屋頂推太陽能發電202009301637
      >> 下載 https://www.cna.com.tw/news/aipl/202009300268.aspx, 林為洲兩岸關係緊張各黨參與國慶表現團結202009301658
      >> 下載 https://www.cna.com.tw/news/aopl/202009300252.aspx, 與空中加油機碰撞美軍F35B戰機墜毀202009301636
      >> 下載 https://www.cna.com.tw/news/acn/202009300251.aspx, 12港人涉越境被捕港媒開船者刑期2至7年202009301635
      >> 下載 https://www.cna.com.tw/news/aipl/202009300248.aspx, 萊豬臨時提案攻防藍綠委員會首戰就採點名表決202009301630
      >> 下載 https://www.cna.com.tw/news/ahel/202009300245.aspx, 公費流感疫苗105開打3廠牌防護效果類似202009301625
      >> 下載 https://www.cna.com.tw/news/aopl/202009300240.aspx, 捷克武漢肺炎新增1965例烏克蘭添4027例確診202009301621
      >> 下載 https://www.cna.com.tw/news/asoc/202009300184.aspx, 刑案頻傳但破案快高市警表揚檢討雙管齊下202009301438
      >> 下載 https://www.cna.com.tw/news/aopl/202009300218.aspx, 美國9月消費者信心大增17年來最大單月升幅202009301530
      >> 下載 https://www.cna.com.tw/news/acn/202009300191.aspx, 駱惠寧聲稱香港避過墜入顏色革命深淵202009301444
      >> 下載 https://www.cna.com.tw/news/acul/202009300125.aspx, 國美館加Google藝文計劃林玉山蓮池全球看得到202009301251
      >> 下載 https://www.cna.com.tw/news/firstnews/202009300124.aspx, 台灣列斯洛伐克綠色國家名單101起入境免隔離202009301249
      >> 下載 https://www.cna.com.tw/news/aopl/202009300163.aspx, 南海爭議中國大使盼日本明辨是非利害202009301359
      >> 下載 https://www.cna.com.tw/news/acn/202009300157.aspx, 香港網友發起10月1日遊行警方會嚴正執法202009301350
      >> 下載 https://www.cna.com.tw/news/asoc/202009300154.aspx, 幫派男成共諜刺探機密未得逞判刑1年6月202009301344
      >> 下載 https://www.cna.com.tw/news/firstnews/202009300143.aspx, 國防部劍龍級潛艦戰鬥升級110年起執行裝備交運202009301323
      >> 下載 https://www.cna.com.tw/news/ahel/202009300150.aspx, 草根基金會民調6成3不贊成開放美豬進口202009301335
      >> 下載 https://www.cna.com.tw/news/aopl/202009300148.aspx, 國土安全部涉改情資眾院委員會發傳票查爆料202009301333
      >> 下載 https://www.cna.com.tw/news/aipl/202009300054.aspx, 楊翠9份大法官釋憲檔案預計11月移交檔案局202009301041
      >> 下載 https://www.cna.com.tw/news/aopl/202009300135.aspx, 網路不實資訊泛濫澳洲智庫配合中共干擾美大選202009301307
      >> 下載 https://www.cna.com.tw/news/aopl/202009300130.aspx, 世界銀行擬再撥3480億元助窮國買COVID19疫苗202009301301
      >> 下載 https://www.cna.com.tw/news/aopl/202009300123.aspx, 抗疫紓困貸款美財政部與7大航空達協議202009301248
      >> 下載 https://www.cna.com.tw/news/acn/202009300110.aspx, 南海局勢緊張中國增派萬噸海巡船巡視202009301218
      >> 下載 https://www.cna.com.tw/news/aopl/202009300101.aspx, 美國務卿10月出訪日韓蒙古料聚焦中國北韓議題202009301204
      >> 下載 https://www.cna.com.tw/news/aopl/202009300097.aspx, 避免政府停擺美參院推進臨時開支法案202009301157
      >> 下載 https://www.cna.com.tw/news/aopl/202009300089.aspx, TikTok在美命運未定先推指南對抗選舉假消息202009301132
      >> 下載 https://www.cna.com.tw/news/aipl/202009300043.aspx, 食安會報1年未開遭質疑陳時中為防疫考量202009301019
      >> 下載 https://www.cna.com.tw/news/asoc/202009300063.aspx, 國道槽車撞匝道爆炸起火高公局初判道路結構安全202009301052
      >> 下載 https://www.cna.com.tw/news/ahel/202009300064.aspx, 乾燥季節森林火災好發期民眾舉發通報可拿獎金202009301054
      >> 下載 https://www.cna.com.tw/news/ahel/202009300049.aspx, 龍華科大發明安全針具醫護放心又可應用疫苗針202009301026
      >> 下載 https://www.cna.com.tw/news/aopl/202009300066.aspx, 北韓稱有可靠嚇阻力量將著重發展國內經濟202009301057
      >> 下載 https://www.cna.com.tw/news/ahel/202009300050.aspx, 普悠瑪事故近2年最終調查報告1021前出爐202009301032
      >> 下載 https://www.cna.com.tw/news/firstnews/202009300022.aspx, 巴西網購郵包夾帶不明種子當局展開調查202009300826
      >> 下載 https://www.cna.com.tw/news/aopl/202009300021.aspx, 美國務卿蓬佩奧104起出訪日本韓國和蒙古國202009300823
      >> 下載 https://www.cna.com.tw/news/ahel/202009300018.aspx, 東北風再增強北台灣稍轉涼202009300808
      >> 下載 https://www.cna.com.tw/news/firstnews/202009305001.aspx, 早安世界育兒津貼倍增至5000元潘文忠明年分階段啟動202009300706
      >> 下載 https://www.cna.com.tw/news/asoc/202009300063.aspx, 國道槽車撞匝道爆炸起火高公局初判道路結構安全202009301052
