     -----> 新聞爬蟲：中央通訊社

           <<< 中央通訊社新聞搜尋 >>>
  ------------------------------------------------------
  ------------------------------------------------------
    >> 搜尋關鍵字:"工業用"; 網址:"https://www.cna.com.tw/search/hysearchws.aspx?q=工業用"
         <<< 2020-10-09 沒有更多 "工業用" 相關的新聞 !!! >>>
  ------------------------------------------------------
    >> 搜尋關鍵字:"化工"; 網址:"https://www.cna.com.tw/search/hysearchws.aspx?q=化工"
         >>> 找到關鍵字 "化工"; 文章資訊: 2020-10-08 21:01:00, 需求回補台塑四寶第4季表現看旺202010082101, https://www.cna.com.tw/news/afe/202010080352.aspx
         >>> 找到關鍵字 "化工"; 文章資訊: 2020-10-08 19:59:00, 10中小企投資台灣44億元成川鋼管加碼8億最高202010081959, https://www.cna.com.tw/news/afe/202010080335.aspx
         >>> 找到關鍵字 "化工"; 文章資訊: 2020-10-08 16:47:00, 台塑四寶第3季轉虧為盈大賺498億元202010081647, https://www.cna.com.tw/news/afe/202010080230.aspx
         >>> 找到關鍵字 "化工"; 文章資訊: 2020-10-08 12:35:00, 鴻海與SAP台灣策略結盟深化F20數位轉型202010081235, https://www.cna.com.tw/news/afe/202010080117.aspx
         <<< 2020-10-09 沒有更多 "化工" 相關的新聞 !!! >>>
  ------------------------------------------------------
    >> 搜尋關鍵字:"化災"; 網址:"https://www.cna.com.tw/search/hysearchws.aspx?q=化災"
         <<< 2020-10-09 沒有更多 "化災" 相關的新聞 !!! >>>
  ------------------------------------------------------
    >> 搜尋關鍵字:"化學"; 網址:"https://www.cna.com.tw/search/hysearchws.aspx?q=化學"
         >>> 找到關鍵字 "化學"; 文章資訊: 2020-10-08 19:07:00, 美國詩人葛綠珂奪諾貝爾文學獎創作靈感來自西洋神話202010081907, https://www.cna.com.tw/news/firstnews/202010085007.aspx
         >>> 找到關鍵字 "化學"; 文章資訊: 2020-10-08 19:59:00, 10中小企投資台灣44億元成川鋼管加碼8億最高202010081959, https://www.cna.com.tw/news/afe/202010080335.aspx
         >>> 找到關鍵字 "化學"; 文章資訊: 2020-10-08 16:17:00, 台日攜手開發光記憶體材料可應用於人工視網膜202010081617, https://www.cna.com.tw/news/ait/202010080215.aspx
         >>> 找到關鍵字 "化學"; 文章資訊: 2020-10-08 12:21:00, 諾貝爾化學獎得主莫里納逝世享壽77歲202010081221, https://www.cna.com.tw/news/aopl/202010080112.aspx
         >>> 找到關鍵字 "化學"; 文章資訊: 2020-10-08 12:44:00, 基因編輯獲諾貝爾化學獎日本發現學者與有榮焉202010081244, https://www.cna.com.tw/news/aopl/202010080124.aspx
         >>> 找到關鍵字 "化學"; 文章資訊: 2020-10-08 07:17:00, 早安世界3大水庫好渴桃竹苗台中14日起夜間減壓供水202010080717, https://www.cna.com.tw/news/firstnews/202010085001.aspx
         <<< 2020-10-09 沒有更多 "化學" 相關的新聞 !!! >>>
  ------------------------------------------------------
    >> 搜尋關鍵字:"外洩"; 網址:"https://www.cna.com.tw/search/hysearchws.aspx?q=外洩"
         <<< 2020-10-09 沒有更多 "外洩" 相關的新聞 !!! >>>
  ------------------------------------------------------
    >> 搜尋關鍵字:"危害"; 網址:"https://www.cna.com.tw/search/hysearchws.aspx?q=危害"
         >>> 找到關鍵字 "危害"; 文章資訊: 2020-10-08 20:20:00, 萊豬大戰下週登場立院委員會聯審9項行政命令202010082020, https://www.cna.com.tw/news/aipl/202010080340.aspx
         <<< 2020-10-09 沒有更多 "危害" 相關的新聞 !!! >>>
  ------------------------------------------------------
    >> 搜尋關鍵字:"有毒"; 網址:"https://www.cna.com.tw/search/hysearchws.aspx?q=有毒"
         <<< 2020-10-09 沒有更多 "有毒" 相關的新聞 !!! >>>
  ------------------------------------------------------
    >> 搜尋關鍵字:"有害"; 網址:"https://www.cna.com.tw/search/hysearchws.aspx?q=有害"
         <<< 2020-10-09 沒有更多 "有害" 相關的新聞 !!! >>>
  ------------------------------------------------------
    >> 搜尋關鍵字:"色料"; 網址:"https://www.cna.com.tw/search/hysearchws.aspx?q=色料"
         <<< 2020-10-09 沒有更多 "色料" 相關的新聞 !!! >>>
  ------------------------------------------------------
    >> 搜尋關鍵字:"色素"; 網址:"https://www.cna.com.tw/search/hysearchws.aspx?q=色素"
         <<< 2020-10-09 沒有更多 "色素" 相關的新聞 !!! >>>
  ------------------------------------------------------
    >> 搜尋關鍵字:"毒性"; 網址:"https://www.cna.com.tw/search/hysearchws.aspx?q=毒性"
         <<< 2020-10-09 沒有更多 "毒性" 相關的新聞 !!! >>>
  ------------------------------------------------------
    >> 搜尋關鍵字:"毒品"; 網址:"https://www.cna.com.tw/search/hysearchws.aspx?q=毒品"
         >>> 找到關鍵字 "毒品"; 文章資訊: 2020-10-08 11:41:00, 回歸社會恐有風險弒母斷頭案犯嫌羈押3個月202010081141, https://www.cna.com.tw/news/asoc/202010080094.aspx
         <<< 2020-10-09 沒有更多 "毒品" 相關的新聞 !!! >>>
  ------------------------------------------------------
    >> 搜尋關鍵字:"致癌"; 網址:"https://www.cna.com.tw/search/hysearchws.aspx?q=致癌"
         >>> 找到關鍵字 "致癌"; 文章資訊: 2020-10-08 15:26:00, 兩世代交集不斷線陳其邁陳致中議會交鋒202010081526, https://www.cna.com.tw/news/aloc/202010080185.aspx
         >>> 找到關鍵字 "致癌"; 文章資訊: 2020-10-08 07:17:00, 早安世界3大水庫好渴桃竹苗台中14日起夜間減壓供水202010080717, https://www.cna.com.tw/news/firstnews/202010085001.aspx
         <<< 2020-10-09 沒有更多 "致癌" 相關的新聞 !!! >>>
  ------------------------------------------------------
    >> 搜尋關鍵字:"重金屬"; 網址:"https://www.cna.com.tw/search/hysearchws.aspx?q=重金屬"
         <<< 2020-10-09 沒有更多 "重金屬" 相關的新聞 !!! >>>
  ------------------------------------------------------
    >> 搜尋關鍵字:"食安"; 網址:"https://www.cna.com.tw/search/hysearchws.aspx?q=食安"
         >>> 找到關鍵字 "食安"; 文章資訊: 2020-10-08 18:57:00, 含萊克多巴胺美豬可進口藍委舉牌要陳吉仲下台202010081857, https://www.cna.com.tw/news/aipl/202010080304.aspx
         >>> 找到關鍵字 "食安"; 文章資訊: 2020-10-08 18:09:00, 藍嗆為萊豬輸台道歉林飛帆口水仗無助食安把關202010081809, https://www.cna.com.tw/news/aipl/202010080280.aspx
         <<< 2020-10-09 沒有更多 "食安" 相關的新聞 !!! >>>
  ------------------------------------------------------
    >> 搜尋關鍵字:"香料"; 網址:"https://www.cna.com.tw/search/hysearchws.aspx?q=香料"
         <<< 2020-10-09 沒有更多 "香料" 相關的新聞 !!! >>>
  ------------------------------------------------------
    >> 搜尋關鍵字:"原料"; 網址:"https://www.cna.com.tw/search/hysearchws.aspx?q=原料"
         >>> 找到關鍵字 "原料"; 文章資訊: 2020-10-08 21:01:00, 需求回補台塑四寶第4季表現看旺202010082101, https://www.cna.com.tw/news/afe/202010080352.aspx
         >>> 找到關鍵字 "原料"; 文章資訊: 2020-10-08 20:20:00, 萊豬大戰下週登場立院委員會聯審9項行政命令202010082020, https://www.cna.com.tw/news/aipl/202010080340.aspx
         >>> 找到關鍵字 "原料"; 文章資訊: 2020-10-08 16:47:00, 台塑四寶第3季轉虧為盈大賺498億元202010081647, https://www.cna.com.tw/news/afe/202010080230.aspx
         >>> 找到關鍵字 "原料"; 文章資訊: 2020-10-08 12:21:00, 諾貝爾化學獎得主莫里納逝世享壽77歲202010081221, https://www.cna.com.tw/news/aopl/202010080112.aspx
         <<< 2020-10-09 沒有更多 "原料" 相關的新聞 !!! >>>
  ------------------------------------------------------
    >> 搜尋關鍵字:"氣爆"; 網址:"https://www.cna.com.tw/search/hysearchws.aspx?q=氣爆"
         <<< 2020-10-09 沒有更多 "氣爆" 相關的新聞 !!! >>>
  ------------------------------------------------------
    >> 搜尋關鍵字:"添加物"; 網址:"https://www.cna.com.tw/search/hysearchws.aspx?q=添加物"
         <<< 2020-10-09 沒有更多 "添加物" 相關的新聞 !!! >>>
  ------------------------------------------------------
    >> 搜尋關鍵字:"黑心"; 網址:"https://www.cna.com.tw/search/hysearchws.aspx?q=黑心"
         <<< 2020-10-09 沒有更多 "黑心" 相關的新聞 !!! >>>
  ------------------------------------------------------
    >> 搜尋關鍵字:"漂白"; 網址:"https://www.cna.com.tw/search/hysearchws.aspx?q=漂白"
         <<< 2020-10-09 沒有更多 "漂白" 相關的新聞 !!! >>>
  ------------------------------------------------------
    >> 搜尋關鍵字:"爆炸"; 網址:"https://www.cna.com.tw/search/hysearchws.aspx?q=爆炸"
         >>> 找到關鍵字 "爆炸"; 文章資訊: 2020-10-08 07:28:00, 敘利亞西南部傳爆炸聲響至少兩傷202010080728, https://www.cna.com.tw/news/aopl/202010080018.aspx
         <<< 2020-10-09 沒有更多 "爆炸" 相關的新聞 !!! >>>
  ------------------------------------------------------
    >> 搜尋關鍵字:"新興"; 網址:"https://www.cna.com.tw/search/hysearchws.aspx?q=新興"
         >>> 找到關鍵字 "新興"; 文章資訊: 2020-10-08 18:12:00, 副總統民主自由受中國威脅台灣會堅定維護202010081812, https://www.cna.com.tw/news/aipl/202010080283.aspx
         <<< 2020-10-09 沒有更多 "新興" 相關的新聞 !!! >>>
  ------------------------------------------------------
    >> 搜尋關鍵字:"爆裂物"; 網址:"https://www.cna.com.tw/search/hysearchws.aspx?q=爆裂物"
         <<< 2020-10-09 沒有更多 "爆裂物" 相關的新聞 !!! >>>
  ------------------------------------------------------
    >> 搜尋關鍵字:"IED"; 網址:"https://www.cna.com.tw/search/hysearchws.aspx?q=IED"
         <<< 2020-10-09 沒有更多 "IED" 相關的新聞 !!! >>>
  ------------------------------------------------------
    >> 搜尋關鍵字:"排放"; 網址:"https://www.cna.com.tw/search/hysearchws.aspx?q=排放"
         >>> 找到關鍵字 "排放"; 文章資訊: 2020-10-08 12:06:00, 溫管法修正草案張子敬預計110年送行政院202010081206, https://www.cna.com.tw/news/aipl/202010080106.aspx
         >>> 找到關鍵字 "排放"; 文章資訊: 2020-10-08 09:00:00, 東元2025年目標減碳排放20深耕太陽能發電202010080900, https://www.cna.com.tw/news/afe/202010080029.aspx
         <<< 2020-10-09 沒有更多 "排放" 相關的新聞 !!! >>>
  ------------------------------------------------------
    >> 搜尋關鍵字:"污染"; 網址:"https://www.cna.com.tw/search/hysearchws.aspx?q=污染"
         >>> 找到關鍵字 "污染"; 文章資訊: 2020-10-08 15:26:00, 兩世代交集不斷線陳其邁陳致中議會交鋒202010081526, https://www.cna.com.tw/news/aloc/202010080185.aspx
         >>> 找到關鍵字 "污染"; 文章資訊: 2020-10-08 12:21:00, 諾貝爾化學獎得主莫里納逝世享壽77歲202010081221, https://www.cna.com.tw/news/aopl/202010080112.aspx
         >>> 找到關鍵字 "污染"; 文章資訊: 2020-10-08 12:38:00, 立委要求研擬禁埋爐碴條款環保署可以討論202010081238, https://www.cna.com.tw/news/ahel/202010080118.aspx
         <<< 2020-10-09 沒有更多 "污染" 相關的新聞 !!! >>>
  ------------------------------------------------------
    >> 搜尋關鍵字:"廢水"; 網址:"https://www.cna.com.tw/search/hysearchws.aspx?q=廢水"
         <<< 2020-10-09 沒有更多 "廢水" 相關的新聞 !!! >>>
  ------------------------------------------------------
    >> 搜尋關鍵字:"污水"; 網址:"https://www.cna.com.tw/search/hysearchws.aspx?q=污水"
         >>> 找到關鍵字 "污水"; 文章資訊: 2020-10-08 12:58:00, 蘇貞昌旱象未解前掌握水情做好管制及調度202010081258, https://www.cna.com.tw/news/aipl/202010080129.aspx
         <<< 2020-10-09 沒有更多 "污水" 相關的新聞 !!! >>>
  ------------------------------------------------------
    >> 搜尋關鍵字:"洩漏"; 網址:"https://www.cna.com.tw/search/hysearchws.aspx?q=洩漏"
         <<< 2020-10-09 沒有更多 "洩漏" 相關的新聞 !!! >>>
  ------------------------------------------------------
    >> 搜尋關鍵字:"暗管"; 網址:"https://www.cna.com.tw/search/hysearchws.aspx?q=暗管"
         <<< 2020-10-09 沒有更多 "暗管" 相關的新聞 !!! >>>
  ------------------------------------------------------
    >> 搜尋關鍵字:"偷排"; 網址:"https://www.cna.com.tw/search/hysearchws.aspx?q=偷排"
         <<< 2020-10-09 沒有更多 "偷排" 相關的新聞 !!! >>>
  ------------------------------------------------------
    >> 搜尋關鍵字:"安全"; 網址:"https://www.cna.com.tw/search/hysearchws.aspx?q=安全"
         >>> 找到關鍵字 "安全"; 文章資訊: 2020-10-09 05:09:00, 涉密謀綁架美國密西根州長13人落網202010090509, https://www.cna.com.tw/news/aopl/202010090012.aspx
         >>> 找到關鍵字 "安全"; 文章資訊: 2020-10-09 03:52:00, 大選辯論喬不攏拜登川普陣營隔空交戰仍無共識202010090352, https://www.cna.com.tw/news/firstnews/202010090010.aspx
         >>> 找到關鍵字 "安全"; 文章資訊: 2020-10-09 01:19:00, 歐洲疫情升溫義大利新增確診突破4000例202010090119, https://www.cna.com.tw/news/aopl/202010090006.aspx
         >>> 找到關鍵字 "安全"; 文章資訊: 2020-10-08 23:53:00, 美媒白宮34人確診武漢肺炎比已知更多202010082353, https://www.cna.com.tw/news/aopl/202010080398.aspx
         >>> 找到關鍵字 "安全"; 文章資訊: 2020-10-08 21:08:00, 淡水違法操作直升機民航局掌握對象全案送法辦202010082108, https://www.cna.com.tw/news/firstnews/202010080355.aspx
         >>> 找到關鍵字 "安全"; 文章資訊: 2020-10-08 22:44:00, 習核心為何不安專家習近平高度不自信202010082244, https://www.cna.com.tw/news/acn/202010080386.aspx
         >>> 找到關鍵字 "安全"; 文章資訊: 2020-10-08 22:14:00, 2021世界經濟論壇擬5月在瑞士琉森市舉行202010082214, https://www.cna.com.tw/news/aopl/202010080379.aspx
         >>> 找到關鍵字 "安全"; 文章資訊: 2020-10-08 21:57:00, 歐洲疫情不平靜德法奧地利上緊發條202010082157, https://www.cna.com.tw/news/aopl/202010080367.aspx
         >>> 找到關鍵字 "安全"; 文章資訊: 2020-10-08 14:48:00, 前澳洲總理中共戰狼外交無建設性徒減籌碼202010081448, https://www.cna.com.tw/news/aipl/202010080175.aspx
         >>> 找到關鍵字 "安全"; 文章資訊: 2020-10-08 18:30:00, 前北約秘書長歐盟應優先與台灣簽署投資協定202010081830, https://www.cna.com.tw/news/firstnews/202010080288.aspx
         >>> 找到關鍵字 "安全"; 文章資訊: 2020-10-08 19:39:00, 前瑞典總理中國是戰狼外交最大受害者202010081939, https://www.cna.com.tw/news/aipl/202010080324.aspx
         >>> 找到關鍵字 "安全"; 文章資訊: 2020-10-08 18:59:00, 日商白皮書提6大建言盼廢除核食進口管制202010081859, https://www.cna.com.tw/news/afe/202010080306.aspx
         >>> 找到關鍵字 "安全"; 文章資訊: 2020-10-08 20:53:00, 美第2場總統大選辯論改虛擬形式川普拒絕參加202010082053, https://www.cna.com.tw/news/firstnews/202010080350.aspx
         >>> 找到關鍵字 "安全"; 文章資訊: 2020-10-08 20:51:00, 大學防疫物資核配到11月教育部有安全存量202010082051, https://www.cna.com.tw/news/ahel/202010080349.aspx
         >>> 找到關鍵字 "安全"; 文章資訊: 2020-10-08 20:04:00, 健保虧損擴大調查7成民眾贊成小病多付點202010082004, https://www.cna.com.tw/news/ahel/202010080336.aspx
         >>> 找到關鍵字 "安全"; 文章資訊: 2020-10-08 19:23:00, 憂支付系統威脅國安美考慮限制螞蟻集團和騰訊202010081923, https://www.cna.com.tw/news/firstnews/202010080315.aspx
         >>> 找到關鍵字 "安全"; 文章資訊: 2020-10-08 18:59:00, 國慶連假展開國道車潮湧現202010081859, https://www.cna.com.tw/news/firstnews/202010080305.aspx
         >>> 找到關鍵字 "安全"; 文章資訊: 2020-10-08 18:49:00, 國際運動賽事重啟周天成王冠閎出征202010081849, https://www.cna.com.tw/news/aspt/202010080301.aspx
         >>> 找到關鍵字 "安全"; 文章資訊: 2020-10-08 16:58:00, 古屋圭司日台美建立安全平台合作圍堵中國202010081658, https://www.cna.com.tw/news/aipl/202010080236.aspx
         >>> 找到關鍵字 "安全"; 文章資訊: 2020-10-08 18:09:00, 藍嗆為萊豬輸台道歉林飛帆口水仗無助食安把關202010081809, https://www.cna.com.tw/news/aipl/202010080280.aspx
         >>> 找到關鍵字 "安全"; 文章資訊: 2020-10-08 18:12:00, 內政部通過草案調降申請瓦斯容器認可規費202010081812, https://www.cna.com.tw/news/aipl/202010080282.aspx
         >>> 找到關鍵字 "安全"; 文章資訊: 2020-10-08 16:50:00, 國慶典禮預演亮點不斷空軍雷虎衝場掀高潮202010081650, https://www.cna.com.tw/news/aipl/202010080232.aspx
         >>> 找到關鍵字 "安全"; 文章資訊: 2020-10-08 15:24:00, 類出國解放旅遊癮新加坡11月試行郵輪海上漫遊202010081524, https://www.cna.com.tw/news/aopl/202010080184.aspx
         >>> 找到關鍵字 "安全"; 文章資訊: 2020-10-08 16:43:00, 台東491道鳳凰樹變禿頭專家小樹被修剪過度202010081643, https://www.cna.com.tw/news/aloc/202010080226.aspx
         >>> 找到關鍵字 "安全"; 文章資訊: 2020-10-08 17:14:00, 科偵法草案惹議法務部為保障人民非方便辦案202010081714, https://www.cna.com.tw/news/aipl/202010080245.aspx
         >>> 找到關鍵字 "安全"; 文章資訊: 2020-10-08 16:44:00, 香港再有慶祝雙十活動被迫取消又是國安法202010081644, https://www.cna.com.tw/news/acn/202010080227.aspx
         >>> 找到關鍵字 "安全"; 文章資訊: 2020-10-08 15:46:00, 國慶連假出遊新北市交通懶人包提供即時訊息202010081546, https://www.cna.com.tw/news/ahel/202010080199.aspx
         >>> 找到關鍵字 "安全"; 文章資訊: 2020-10-08 13:46:00, 美副總統辯論舌戰防疫經濟回正軌沒大亂鬥影202010081346, https://www.cna.com.tw/news/firstnews/202010080148.aspx
         >>> 找到關鍵字 "安全"; 文章資訊: 2020-10-08 15:29:00, 高中英聽考試須量體溫戴口罩故意不配戴恐零分202010081529, https://www.cna.com.tw/news/ahel/202010080188.aspx
         >>> 找到關鍵字 "安全"; 文章資訊: 2020-10-08 15:34:00, 健保虧損楊志良漲保費不等於投資健康202010081534, https://www.cna.com.tw/news/ahel/202010080190.aspx
         >>> 找到關鍵字 "安全"; 文章資訊: 2020-10-08 16:02:00, 錢櫃大火燒出公安漏洞北市擬修法防業者違規202010081602, https://www.cna.com.tw/news/aloc/202010080206.aspx
         >>> 找到關鍵字 "安全"; 文章資訊: 2020-10-08 14:34:00, 印日外長敲定網路安全協定力推供應鏈多元化202010081434, https://www.cna.com.tw/news/aopl/202010080169.aspx
         >>> 找到關鍵字 "安全"; 文章資訊: 2020-10-08 14:16:00, 國慶大會預演登場周邊道路交管至8日下午202010081416, https://www.cna.com.tw/news/ahel/202010080161.aspx
         >>> 找到關鍵字 "安全"; 文章資訊: 2020-10-08 13:56:00, 防重大火警公安北市擬修法要求裝火災警報器202010081356, https://www.cna.com.tw/news/aloc/202010080153.aspx
         >>> 找到關鍵字 "安全"; 文章資訊: 2020-10-08 09:01:00, 祝賀國慶美前聯合國大使台灣安全世界安全影202010080901, https://www.cna.com.tw/news/aipl/202010080030.aspx
         >>> 找到關鍵字 "安全"; 文章資訊: 2020-10-08 11:29:00, 總統台灣尋求加入CPTPP分享經驗做出貢獻202010081129, https://www.cna.com.tw/news/firstnews/202010080086.aspx
         >>> 找到關鍵字 "安全"; 文章資訊: 2020-10-08 09:53:00, 錢櫃大火6死董事長練台生等7人遭起訴202010080953, https://www.cna.com.tw/news/firstnews/202010085003.aspx
         >>> 找到關鍵字 "安全"; 文章資訊: 2020-10-08 12:41:00, 美國國安顧問警告中國切勿嘗試武力犯台202010081241, https://www.cna.com.tw/news/aopl/202010080120.aspx
         >>> 找到關鍵字 "安全"; 文章資訊: 2020-10-08 09:22:00, 澳洲參議員指中國侵犯人權籲杯葛北京冬奧202010080922, https://www.cna.com.tw/news/aopl/202010080038.aspx
         >>> 找到關鍵字 "安全"; 文章資訊: 2020-10-08 11:40:00, 台鐵24日改善苗栗豐富站曲線影響2列次區間車202010081140, https://www.cna.com.tw/news/ahel/202010080093.aspx
         >>> 找到關鍵字 "安全"; 文章資訊: 2020-10-08 11:23:00, 易普索調查疫情不影響巴西人幸福感202010081123, https://www.cna.com.tw/news/aopl/202010080082.aspx
         >>> 找到關鍵字 "安全"; 文章資訊: 2020-10-08 11:13:00, 傳白宮最高安全官員染疫病重川普未每天採檢202010081113, https://www.cna.com.tw/news/aopl/202010080070.aspx
         >>> 找到關鍵字 "安全"; 文章資訊: 2020-10-08 10:34:00, 面對新科技和中國崛起北約擬發展新戰略概念202010081034, https://www.cna.com.tw/news/aopl/202010080062.aspx
         >>> 找到關鍵字 "安全"; 文章資訊: 2020-10-08 09:25:00, 美國副總統辯論直播彭斯賀錦麗上台不握手202010080925, https://www.cna.com.tw/news/firstnews/202010080040.aspx
         >>> 找到關鍵字 "安全"; 文章資訊: 2020-10-08 08:14:00, 武漢肺炎全球最新情報108202010080814, https://www.cna.com.tw/news/firstnews/202010080024.aspx
         >>> 找到關鍵字 "安全"; 文章資訊: 2020-10-08 08:26:00, 美副總統辯論前連推文川普盼耶誕前撤駐阿美軍202010080826, https://www.cna.com.tw/news/aopl/202010080025.aspx
         >>> 找到關鍵字 "安全"; 文章資訊: 2020-10-08 08:06:00, 北部東部偶小雨沿海風強浪大留意長浪202010080806, https://www.cna.com.tw/news/ahel/202010080021.aspx
         <<< 2020-10-09 沒有更多 "安全" 相關的新聞 !!! >>>
  ------------------------------------------------------
    >> 搜尋關鍵字:"槽車"; 網址:"https://www.cna.com.tw/search/hysearchws.aspx?q=槽車"
         <<< 2020-10-09 沒有更多 "槽車" 相關的新聞 !!! >>>
       >> 檔案輸出
        ------------------------------------------------------
      >> 下載新聞內容
      >> 下載 https://www.cna.com.tw/news/afe/202010080352.aspx, 需求回補台塑四寶第4季表現看旺202010082101
      >> 下載 https://www.cna.com.tw/news/afe/202010080335.aspx, 10中小企投資台灣44億元成川鋼管加碼8億最高202010081959
      >> 下載 https://www.cna.com.tw/news/afe/202010080230.aspx, 台塑四寶第3季轉虧為盈大賺498億元202010081647
      >> 下載 https://www.cna.com.tw/news/afe/202010080117.aspx, 鴻海與SAP台灣策略結盟深化F20數位轉型202010081235
      >> 下載 https://www.cna.com.tw/news/firstnews/202010085007.aspx, 美國詩人葛綠珂奪諾貝爾文學獎創作靈感來自西洋神話202010081907
      >> 下載 https://www.cna.com.tw/news/afe/202010080335.aspx, 10中小企投資台灣44億元成川鋼管加碼8億最高202010081959
      >> 下載 https://www.cna.com.tw/news/ait/202010080215.aspx, 台日攜手開發光記憶體材料可應用於人工視網膜202010081617
      >> 下載 https://www.cna.com.tw/news/aopl/202010080112.aspx, 諾貝爾化學獎得主莫里納逝世享壽77歲202010081221
      >> 下載 https://www.cna.com.tw/news/aopl/202010080124.aspx, 基因編輯獲諾貝爾化學獎日本發現學者與有榮焉202010081244
      >> 下載 https://www.cna.com.tw/news/firstnews/202010085001.aspx, 早安世界3大水庫好渴桃竹苗台中14日起夜間減壓供水202010080717
      >> 下載 https://www.cna.com.tw/news/aipl/202010080340.aspx, 萊豬大戰下週登場立院委員會聯審9項行政命令202010082020
      >> 下載 https://www.cna.com.tw/news/asoc/202010080094.aspx, 回歸社會恐有風險弒母斷頭案犯嫌羈押3個月202010081141
      >> 下載 https://www.cna.com.tw/news/aloc/202010080185.aspx, 兩世代交集不斷線陳其邁陳致中議會交鋒202010081526
      >> 下載 https://www.cna.com.tw/news/firstnews/202010085001.aspx, 早安世界3大水庫好渴桃竹苗台中14日起夜間減壓供水202010080717
      >> 下載 https://www.cna.com.tw/news/aipl/202010080304.aspx, 含萊克多巴胺美豬可進口藍委舉牌要陳吉仲下台202010081857
      >> 下載 https://www.cna.com.tw/news/aipl/202010080280.aspx, 藍嗆為萊豬輸台道歉林飛帆口水仗無助食安把關202010081809
      >> 下載 https://www.cna.com.tw/news/afe/202010080352.aspx, 需求回補台塑四寶第4季表現看旺202010082101
      >> 下載 https://www.cna.com.tw/news/aipl/202010080340.aspx, 萊豬大戰下週登場立院委員會聯審9項行政命令202010082020
      >> 下載 https://www.cna.com.tw/news/afe/202010080230.aspx, 台塑四寶第3季轉虧為盈大賺498億元202010081647
      >> 下載 https://www.cna.com.tw/news/aopl/202010080112.aspx, 諾貝爾化學獎得主莫里納逝世享壽77歲202010081221
      >> 下載 https://www.cna.com.tw/news/aopl/202010080018.aspx, 敘利亞西南部傳爆炸聲響至少兩傷202010080728
      >> 下載 https://www.cna.com.tw/news/aipl/202010080283.aspx, 副總統民主自由受中國威脅台灣會堅定維護202010081812
      >> 下載 https://www.cna.com.tw/news/aipl/202010080106.aspx, 溫管法修正草案張子敬預計110年送行政院202010081206
      >> 下載 https://www.cna.com.tw/news/afe/202010080029.aspx, 東元2025年目標減碳排放20深耕太陽能發電202010080900
      >> 下載 https://www.cna.com.tw/news/aloc/202010080185.aspx, 兩世代交集不斷線陳其邁陳致中議會交鋒202010081526
      >> 下載 https://www.cna.com.tw/news/aopl/202010080112.aspx, 諾貝爾化學獎得主莫里納逝世享壽77歲202010081221
      >> 下載 https://www.cna.com.tw/news/ahel/202010080118.aspx, 立委要求研擬禁埋爐碴條款環保署可以討論202010081238
      >> 下載 https://www.cna.com.tw/news/aipl/202010080129.aspx, 蘇貞昌旱象未解前掌握水情做好管制及調度202010081258
      >> 下載 https://www.cna.com.tw/news/aopl/202010090012.aspx, 涉密謀綁架美國密西根州長13人落網202010090509
      >> 下載 https://www.cna.com.tw/news/firstnews/202010090010.aspx, 大選辯論喬不攏拜登川普陣營隔空交戰仍無共識202010090352
      >> 下載 https://www.cna.com.tw/news/aopl/202010090006.aspx, 歐洲疫情升溫義大利新增確診突破4000例202010090119
      >> 下載 https://www.cna.com.tw/news/aopl/202010080398.aspx, 美媒白宮34人確診武漢肺炎比已知更多202010082353
      >> 下載 https://www.cna.com.tw/news/firstnews/202010080355.aspx, 淡水違法操作直升機民航局掌握對象全案送法辦202010082108
      >> 下載 https://www.cna.com.tw/news/acn/202010080386.aspx, 習核心為何不安專家習近平高度不自信202010082244
      >> 下載 https://www.cna.com.tw/news/aopl/202010080379.aspx, 2021世界經濟論壇擬5月在瑞士琉森市舉行202010082214
      >> 下載 https://www.cna.com.tw/news/aopl/202010080367.aspx, 歐洲疫情不平靜德法奧地利上緊發條202010082157
      >> 下載 https://www.cna.com.tw/news/aipl/202010080175.aspx, 前澳洲總理中共戰狼外交無建設性徒減籌碼202010081448
      >> 下載 https://www.cna.com.tw/news/firstnews/202010080288.aspx, 前北約秘書長歐盟應優先與台灣簽署投資協定202010081830
      >> 下載 https://www.cna.com.tw/news/aipl/202010080324.aspx, 前瑞典總理中國是戰狼外交最大受害者202010081939
      >> 下載 https://www.cna.com.tw/news/afe/202010080306.aspx, 日商白皮書提6大建言盼廢除核食進口管制202010081859
      >> 下載 https://www.cna.com.tw/news/firstnews/202010080350.aspx, 美第2場總統大選辯論改虛擬形式川普拒絕參加202010082053
      >> 下載 https://www.cna.com.tw/news/ahel/202010080349.aspx, 大學防疫物資核配到11月教育部有安全存量202010082051
      >> 下載 https://www.cna.com.tw/news/ahel/202010080336.aspx, 健保虧損擴大調查7成民眾贊成小病多付點202010082004
      >> 下載 https://www.cna.com.tw/news/firstnews/202010080315.aspx, 憂支付系統威脅國安美考慮限制螞蟻集團和騰訊202010081923
      >> 下載 https://www.cna.com.tw/news/firstnews/202010080305.aspx, 國慶連假展開國道車潮湧現202010081859
      >> 下載 https://www.cna.com.tw/news/aspt/202010080301.aspx, 國際運動賽事重啟周天成王冠閎出征202010081849
      >> 下載 https://www.cna.com.tw/news/aipl/202010080236.aspx, 古屋圭司日台美建立安全平台合作圍堵中國202010081658
      >> 下載 https://www.cna.com.tw/news/aipl/202010080280.aspx, 藍嗆為萊豬輸台道歉林飛帆口水仗無助食安把關202010081809
      >> 下載 https://www.cna.com.tw/news/aipl/202010080282.aspx, 內政部通過草案調降申請瓦斯容器認可規費202010081812
      >> 下載 https://www.cna.com.tw/news/aipl/202010080232.aspx, 國慶典禮預演亮點不斷空軍雷虎衝場掀高潮202010081650
      >> 下載 https://www.cna.com.tw/news/aopl/202010080184.aspx, 類出國解放旅遊癮新加坡11月試行郵輪海上漫遊202010081524
      >> 下載 https://www.cna.com.tw/news/aloc/202010080226.aspx, 台東491道鳳凰樹變禿頭專家小樹被修剪過度202010081643
      >> 下載 https://www.cna.com.tw/news/aipl/202010080245.aspx, 科偵法草案惹議法務部為保障人民非方便辦案202010081714
      >> 下載 https://www.cna.com.tw/news/acn/202010080227.aspx, 香港再有慶祝雙十活動被迫取消又是國安法202010081644
      >> 下載 https://www.cna.com.tw/news/ahel/202010080199.aspx, 國慶連假出遊新北市交通懶人包提供即時訊息202010081546
      >> 下載 https://www.cna.com.tw/news/firstnews/202010080148.aspx, 美副總統辯論舌戰防疫經濟回正軌沒大亂鬥影202010081346
      >> 下載 https://www.cna.com.tw/news/ahel/202010080188.aspx, 高中英聽考試須量體溫戴口罩故意不配戴恐零分202010081529
      >> 下載 https://www.cna.com.tw/news/ahel/202010080190.aspx, 健保虧損楊志良漲保費不等於投資健康202010081534
      >> 下載 https://www.cna.com.tw/news/aloc/202010080206.aspx, 錢櫃大火燒出公安漏洞北市擬修法防業者違規202010081602
      >> 下載 https://www.cna.com.tw/news/aopl/202010080169.aspx, 印日外長敲定網路安全協定力推供應鏈多元化202010081434
      >> 下載 https://www.cna.com.tw/news/ahel/202010080161.aspx, 國慶大會預演登場周邊道路交管至8日下午202010081416
      >> 下載 https://www.cna.com.tw/news/aloc/202010080153.aspx, 防重大火警公安北市擬修法要求裝火災警報器202010081356
      >> 下載 https://www.cna.com.tw/news/aipl/202010080030.aspx, 祝賀國慶美前聯合國大使台灣安全世界安全影202010080901
      >> 下載 https://www.cna.com.tw/news/firstnews/202010080086.aspx, 總統台灣尋求加入CPTPP分享經驗做出貢獻202010081129
      >> 下載 https://www.cna.com.tw/news/firstnews/202010085003.aspx, 錢櫃大火6死董事長練台生等7人遭起訴202010080953
      >> 下載 https://www.cna.com.tw/news/aopl/202010080120.aspx, 美國國安顧問警告中國切勿嘗試武力犯台202010081241
      >> 下載 https://www.cna.com.tw/news/aopl/202010080038.aspx, 澳洲參議員指中國侵犯人權籲杯葛北京冬奧202010080922
      >> 下載 https://www.cna.com.tw/news/ahel/202010080093.aspx, 台鐵24日改善苗栗豐富站曲線影響2列次區間車202010081140
      >> 下載 https://www.cna.com.tw/news/aopl/202010080082.aspx, 易普索調查疫情不影響巴西人幸福感202010081123
      >> 下載 https://www.cna.com.tw/news/aopl/202010080070.aspx, 傳白宮最高安全官員染疫病重川普未每天採檢202010081113
      >> 下載 https://www.cna.com.tw/news/aopl/202010080062.aspx, 面對新科技和中國崛起北約擬發展新戰略概念202010081034
      >> 下載 https://www.cna.com.tw/news/firstnews/202010080040.aspx, 美國副總統辯論直播彭斯賀錦麗上台不握手202010080925
      >> 下載 https://www.cna.com.tw/news/firstnews/202010080024.aspx, 武漢肺炎全球最新情報108202010080814
      >> 下載 https://www.cna.com.tw/news/aopl/202010080025.aspx, 美副總統辯論前連推文川普盼耶誕前撤駐阿美軍202010080826
      >> 下載 https://www.cna.com.tw/news/ahel/202010080021.aspx, 北部東部偶小雨沿海風強浪大留意長浪202010080806
