     -----> 新聞爬蟲：食力

           <<< 食力新聞搜尋 >>>
  ------------------------------------------------------
  ------------------------------------------------------
    >> 搜尋關鍵字:"工業用"; 網址:"https://www.foodnext.net/search"
         <<< 2020-10-13 沒有更多 "工業用" 相關的新聞 !!! >>>
  ------------------------------------------------------
    >> 搜尋關鍵字:"化工"; 網址:"https://www.foodnext.net/search"
         <<< 2020-10-13 沒有更多 "化工" 相關的新聞 !!! >>>
  ------------------------------------------------------
    >> 搜尋關鍵字:"化災"; 網址:"https://www.foodnext.net/search"
  ------------------------------------------------------
    >> 搜尋關鍵字:"化學"; 網址:"https://www.foodnext.net/search"
         <<< 2020-10-13 沒有更多 "化學" 相關的新聞 !!! >>>
  ------------------------------------------------------
    >> 搜尋關鍵字:"外洩"; 網址:"https://www.foodnext.net/search"
         <<< 2020-10-13 沒有更多 "外洩" 相關的新聞 !!! >>>
  ------------------------------------------------------
    >> 搜尋關鍵字:"危害"; 網址:"https://www.foodnext.net/search"
         <<< 2020-10-13 沒有更多 "危害" 相關的新聞 !!! >>>
  ------------------------------------------------------
    >> 搜尋關鍵字:"有毒"; 網址:"https://www.foodnext.net/search"
         <<< 2020-10-13 沒有更多 "有毒" 相關的新聞 !!! >>>
  ------------------------------------------------------
    >> 搜尋關鍵字:"有害"; 網址:"https://www.foodnext.net/search"
         <<< 2020-10-13 沒有更多 "有害" 相關的新聞 !!! >>>
  ------------------------------------------------------
    >> 搜尋關鍵字:"色料"; 網址:"https://www.foodnext.net/search"
         <<< 2020-10-13 沒有更多 "色料" 相關的新聞 !!! >>>
  ------------------------------------------------------
    >> 搜尋關鍵字:"色素"; 網址:"https://www.foodnext.net/search"
         <<< 2020-10-13 沒有更多 "色素" 相關的新聞 !!! >>>
  ------------------------------------------------------
    >> 搜尋關鍵字:"毒性"; 網址:"https://www.foodnext.net/search"
         <<< 2020-10-13 沒有更多 "毒性" 相關的新聞 !!! >>>
  ------------------------------------------------------
    >> 搜尋關鍵字:"毒品"; 網址:"https://www.foodnext.net/search"
         <<< 2020-10-13 沒有更多 "毒品" 相關的新聞 !!! >>>
  ------------------------------------------------------
    >> 搜尋關鍵字:"致癌"; 網址:"https://www.foodnext.net/search"
         <<< 2020-10-13 沒有更多 "致癌" 相關的新聞 !!! >>>
  ------------------------------------------------------
    >> 搜尋關鍵字:"重金屬"; 網址:"https://www.foodnext.net/search"
         <<< 2020-10-13 沒有更多 "重金屬" 相關的新聞 !!! >>>
  ------------------------------------------------------
    >> 搜尋關鍵字:"食安"; 網址:"https://www.foodnext.net/search"
         >>> 找到關鍵字 "食安"; 文章資訊: 2020-10-13 00:00:00, 漢堡肉偷工減料含肉率低談食安前先來談談檢驗數值怎麼看, https://www.foodnext.net/column/columnist/paper/5593523676
         <<< 2020-10-13 沒有更多 "食安" 相關的新聞 !!! >>>
  ------------------------------------------------------
    >> 搜尋關鍵字:"香料"; 網址:"https://www.foodnext.net/search"
         <<< 2020-10-13 沒有更多 "香料" 相關的新聞 !!! >>>
  ------------------------------------------------------
    >> 搜尋關鍵字:"原料"; 網址:"https://www.foodnext.net/search"
         >>> 找到關鍵字 "原料"; 文章資訊: 2020-10-13 00:00:00, 維生素CBD中草藥什麼都能加2024年全球功能性飲料市場可望達2081億美元, https://www.foodnext.net/news/newsnation/paper/5357518398
         >>> 找到關鍵字 "原料"; 文章資訊: 2020-10-13 00:00:00, 別再誤會它從日本紅進台灣的生吐司不是真的生, https://www.foodnext.net/science/knowledge/paper/5470523783
         <<< 2020-10-13 沒有更多 "原料" 相關的新聞 !!! >>>
  ------------------------------------------------------
    >> 搜尋關鍵字:"氣爆"; 網址:"https://www.foodnext.net/search"
         <<< 2020-10-13 沒有更多 "氣爆" 相關的新聞 !!! >>>
  ------------------------------------------------------
    >> 搜尋關鍵字:"添加物"; 網址:"https://www.foodnext.net/search"
         <<< 2020-10-13 沒有更多 "添加物" 相關的新聞 !!! >>>
  ------------------------------------------------------
    >> 搜尋關鍵字:"黑心"; 網址:"https://www.foodnext.net/search"
         <<< 2020-10-13 沒有更多 "黑心" 相關的新聞 !!! >>>
  ------------------------------------------------------
    >> 搜尋關鍵字:"漂白"; 網址:"https://www.foodnext.net/search"
         <<< 2020-10-13 沒有更多 "漂白" 相關的新聞 !!! >>>
  ------------------------------------------------------
    >> 搜尋關鍵字:"爆炸"; 網址:"https://www.foodnext.net/search"
         <<< 2020-10-13 沒有更多 "爆炸" 相關的新聞 !!! >>>
  ------------------------------------------------------
    >> 搜尋關鍵字:"新興"; 網址:"https://www.foodnext.net/search"
         <<< 2020-10-13 沒有更多 "新興" 相關的新聞 !!! >>>
  ------------------------------------------------------
    >> 搜尋關鍵字:"爆裂物"; 網址:"https://www.foodnext.net/search"
  ------------------------------------------------------
    >> 搜尋關鍵字:"IED"; 網址:"https://www.foodnext.net/search"
         <<< 2020-10-13 沒有更多 "IED" 相關的新聞 !!! >>>
  ------------------------------------------------------
    >> 搜尋關鍵字:"排放"; 網址:"https://www.foodnext.net/search"
         <<< 2020-10-13 沒有更多 "排放" 相關的新聞 !!! >>>
  ------------------------------------------------------
    >> 搜尋關鍵字:"污染"; 網址:"https://www.foodnext.net/search"
         >>> 找到關鍵字 "污染"; 文章資訊: 2020-10-13 00:00:00, 海洋保護協會塑膠食品包裝首次超越煙蒂成為最常見的海灘垃圾, https://www.foodnext.net/news/newstrack/paper/5593523076
         <<< 2020-10-13 沒有更多 "污染" 相關的新聞 !!! >>>
  ------------------------------------------------------
    >> 搜尋關鍵字:"廢水"; 網址:"https://www.foodnext.net/search"
         <<< 2020-10-13 沒有更多 "廢水" 相關的新聞 !!! >>>
  ------------------------------------------------------
    >> 搜尋關鍵字:"污水"; 網址:"https://www.foodnext.net/search"
         <<< 2020-10-13 沒有更多 "污水" 相關的新聞 !!! >>>
  ------------------------------------------------------
    >> 搜尋關鍵字:"洩漏"; 網址:"https://www.foodnext.net/search"
         <<< 2020-10-13 沒有更多 "洩漏" 相關的新聞 !!! >>>
  ------------------------------------------------------
    >> 搜尋關鍵字:"暗管"; 網址:"https://www.foodnext.net/search"
  ------------------------------------------------------
    >> 搜尋關鍵字:"偷排"; 網址:"https://www.foodnext.net/search"
         <<< 2020-10-13 沒有更多 "偷排" 相關的新聞 !!! >>>
  ------------------------------------------------------
    >> 搜尋關鍵字:"安全"; 網址:"https://www.foodnext.net/search"
         >>> 找到關鍵字 "安全"; 文章資訊: 2020-10-13 00:00:00, 維生素CBD中草藥什麼都能加2024年全球功能性飲料市場可望達2081億美元, https://www.foodnext.net/news/newsnation/paper/5357518398
         <<< 2020-10-13 沒有更多 "安全" 相關的新聞 !!! >>>
  ------------------------------------------------------
    >> 搜尋關鍵字:"槽車"; 網址:"https://www.foodnext.net/search"
         <<< 2020-10-13 沒有更多 "槽車" 相關的新聞 !!! >>>
       >> 檔案輸出
        ------------------------------------------------------
      >> 下載新聞內容
      >> 下載 https://www.foodnext.net/column/columnist/paper/5593523676, 漢堡肉偷工減料含肉率低談食安前先來談談檢驗數值怎麼看
      >> 下載 https://www.foodnext.net/news/newsnation/paper/5357518398, 維生素CBD中草藥什麼都能加2024年全球功能性飲料市場可望達2081億美元
      >> 下載 https://www.foodnext.net/science/knowledge/paper/5470523783, 別再誤會它從日本紅進台灣的生吐司不是真的生
      >> 下載 https://www.foodnext.net/news/newstrack/paper/5593523076, 海洋保護協會塑膠食品包裝首次超越煙蒂成為最常見的海灘垃圾
      >> 下載 https://www.foodnext.net/news/newsnation/paper/5357518398, 維生素CBD中草藥什麼都能加2024年全球功能性飲料市場可望達2081億美元
