     -----> 新聞爬蟲：自由時報電子報

           <<< 自由時報電子報新聞搜尋 >>>
        ------------------------------------------------------
        ------------------------------------------------------
       >> 搜尋關鍵字:"工業用"; 網址:"https://news.ltn.com.tw/search?keyword=工業用&conditions=and&start_time=2020-09-30&end_time=2020-10-01&page=1"
      >> get more than 1 element. Please confirm.
        ------------------------------------------------------
       >> 搜尋關鍵字:"化工"; 網址:"https://news.ltn.com.tw/search?keyword=化工&conditions=and&start_time=2020-09-30&end_time=2020-10-01&page=1"
      >> Every thing goes well
         >>> 找到關鍵字 "化工"; 文章資訊: 2020-10-01 00:00:00, 後疫時代供應鏈分流台馬產業結盟互補, https://news.ltn.com.tw/news/business/paper/1403228
         >>> 找到關鍵字 "化工"; 文章資訊: 2020-10-01 00:00:00, 促進循環經濟桃園21廢棄物處理機構列A級, https://news.ltn.com.tw/news/life/paper/1403151
         >>> 找到關鍵字 "化工"; 文章資訊: 2020-09-30 15:17:00, 南寶樹脂供貨商有鬼內賊過水交易賺價差A逾百萬元, https://news.ltn.com.tw/news/society/breakingnews/3307974
         >>> 找到關鍵字 "化工"; 文章資訊: 2020-09-30 14:59:00, 桃市21家績優機構獲環保局A級評鑑促進循環經濟有功, https://news.ltn.com.tw/news/life/breakingnews/3307927
         <<< 2020-10-01 沒有更多 "化工" 相關的新聞 !!! >>>
        ------------------------------------------------------
       >> 搜尋關鍵字:"化災"; 網址:"https://news.ltn.com.tw/search?keyword=化災&conditions=and&start_time=2020-09-30&end_time=2020-10-01&page=1"
      >> get more than 1 element. Please confirm.
        ------------------------------------------------------
       >> 搜尋關鍵字:"化學"; 網址:"https://news.ltn.com.tw/search?keyword=化學&conditions=and&start_time=2020-09-30&end_time=2020-10-01&page=1"
      >> Every thing goes well
         >>> 找到關鍵字 "化學"; 文章資訊: 2020-10-01 00:00:00, 烤肉防吸入煙霧避免干擾藥物代謝, https://news.ltn.com.tw/news/health/paper/1403239
         >>> 找到關鍵字 "化學"; 文章資訊: 2020-10-01 00:00:00, 20公尺高國道摔落化學桶槽爆炸司機慘死, https://news.ltn.com.tw/news/society/paper/1403197
         >>> 找到關鍵字 "化學"; 文章資訊: 2020-10-01 00:00:00, 彰化國3化學槽車摔落籲增跳動路面, https://news.ltn.com.tw/news/society/paper/1403138
         >>> 找到關鍵字 "化學"; 文章資訊: 2020-10-01 00:00:00, 週年慶買正貨送正貨超狂美妝組買好買滿, https://news.ltn.com.tw/news/entertainment/breakingnews/3308543
         >>> 找到關鍵字 "化學"; 文章資訊: 2020-09-30 17:55:00, 淪北韓進口石油轉口站台中港務公司匯僑不改善就中止契約, https://news.ltn.com.tw/news/business/breakingnews/3308161
         >>> 找到關鍵字 "化學"; 文章資訊: 2020-09-30 16:27:00, NBA盛讚一眉哥是詹皇完美搭檔湖人主帥點出主因, https://news.ltn.com.tw/news/sports/breakingnews/3308033
         >>> 找到關鍵字 "化學"; 文章資訊: 2020-09-30 15:18:00, 國道3號南下196K再添亡魂路段危險被稱死亡彎道, https://news.ltn.com.tw/news/society/breakingnews/3307972
         >>> 找到關鍵字 "化學"; 文章資訊: 2020-09-30 11:07:00, 化學槽車國道車禍墜地爆炸駕駛繫安全帶仍逃不過死劫, https://news.ltn.com.tw/news/society/breakingnews/3307583
         >>> 找到關鍵字 "化學"; 文章資訊: 2020-09-30 09:02:00, 氫氣槽車從國道匝道墜落20公尺地面爆炸司機慘死, https://news.ltn.com.tw/news/society/breakingnews/3307395
         <<< 2020-10-01 沒有更多 "化學" 相關的新聞 !!! >>>
        ------------------------------------------------------
       >> 搜尋關鍵字:"外洩"; 網址:"https://news.ltn.com.tw/search?keyword=外洩&conditions=and&start_time=2020-09-30&end_time=2020-10-01&page=1"
      >> Every thing goes well
         >>> 找到關鍵字 "外洩"; 文章資訊: 2020-10-01 00:00:00, 20公尺高國道摔落化學桶槽爆炸司機慘死, https://news.ltn.com.tw/news/society/paper/1403197
         >>> 找到關鍵字 "外洩"; 文章資訊: 2020-10-01 00:00:00, 台中市民公車免費要綁卡綠議員怎不用花博卡, https://news.ltn.com.tw/news/life/paper/1403096
         >>> 找到關鍵字 "外洩"; 文章資訊: 2020-09-30 19:44:00, 中市市府不用花博卡做市民卡議員批兩套標準, https://news.ltn.com.tw/news/life/breakingnews/3308322
         >>> 找到關鍵字 "外洩"; 文章資訊: 2020-09-30 15:21:00, NBA柯比法案通過加州嚴禁執法人員外流事故現場影像, https://news.ltn.com.tw/news/sports/breakingnews/3308006
         >>> 找到關鍵字 "外洩"; 文章資訊: 2020-09-30 09:02:00, 氫氣槽車從國道匝道墜落20公尺地面爆炸司機慘死, https://news.ltn.com.tw/news/society/breakingnews/3307395
        ------------------------------------------------------
       >> 搜尋關鍵字:"危害"; 網址:"https://news.ltn.com.tw/search?keyword=危害&conditions=and&start_time=2020-09-30&end_time=2020-10-01&page=1"
      >> Every thing goes well
         >>> 找到關鍵字 "危害"; 文章資訊: 2020-10-01 00:00:00, 他山之石美10州英對列管毒品毒駕零容忍, https://news.ltn.com.tw/news/society/paper/1403191
         >>> 找到關鍵字 "危害"; 文章資訊: 2020-10-01 00:00:00, 自由廣場長照法應有強制檢查法源, https://news.ltn.com.tw/news/opinion/paper/1403186
         >>> 找到關鍵字 "危害"; 文章資訊: 2020-10-01 00:00:00, 昔日頭號要犯穿山甲詹龍欄出獄, https://news.ltn.com.tw/news/society/paper/1403080
         >>> 找到關鍵字 "危害"; 文章資訊: 2020-09-30 23:59:00, 香港裔YouTuber介紹逆統戰大讚神預言堪比推背圖, https://news.ltn.com.tw/news/world/breakingnews/3308443
         >>> 找到關鍵字 "危害"; 文章資訊: 2020-09-30 20:27:00, 疫情下的藍天掰了印度農民開始火耕新德里空污再現, https://news.ltn.com.tw/news/world/breakingnews/3308338
         >>> 找到關鍵字 "危害"; 文章資訊: 2020-09-30 15:17:00, 南寶樹脂供貨商有鬼內賊過水交易賺價差A逾百萬元, https://news.ltn.com.tw/news/society/breakingnews/3307974
         >>> 找到關鍵字 "危害"; 文章資訊: 2020-09-30 14:56:00, 歷經34次申請獲假釋出獄穿山甲詹龍欄搭計程車低調離監, https://news.ltn.com.tw/news/society/breakingnews/3307917
         >>> 找到關鍵字 "危害"; 文章資訊: 2020-09-30 11:37:00, 攔檢發現腳踏墊鼓鼓的警掀開看竟是把斧頭, https://news.ltn.com.tw/news/society/breakingnews/3307638
         <<< 2020-10-01 沒有更多 "危害" 相關的新聞 !!! >>>
        ------------------------------------------------------
       >> 搜尋關鍵字:"有毒"; 網址:"https://news.ltn.com.tw/search?keyword=有毒&conditions=and&start_time=2020-09-30&end_time=2020-10-01&page=1"
      >> Every thing goes well
         >>> 找到關鍵字 "有毒"; 文章資訊: 2020-10-01 00:00:00, 川拜辯論首役超亂觀眾嚇傻, https://news.ltn.com.tw/news/world/paper/1403243
         >>> 找到關鍵字 "有毒"; 文章資訊: 2020-10-01 00:00:00, 他山之石美10州英對列管毒品毒駕零容忍, https://news.ltn.com.tw/news/society/paper/1403191
         >>> 找到關鍵字 "有毒"; 文章資訊: 2020-09-30 22:53:00, 反毒成效全國制霸法務部長首選台南開球, https://news.ltn.com.tw/news/society/breakingnews/3308336
         >>> 找到關鍵字 "有毒"; 文章資訊: 2020-09-30 19:55:00, 不是鳳蝶幼蟲他發現這隻肥蟲比館長還粗, https://news.ltn.com.tw/news/life/breakingnews/3308315
        ------------------------------------------------------
       >> 搜尋關鍵字:"有害"; 網址:"https://news.ltn.com.tw/search?keyword=有害&conditions=and&start_time=2020-09-30&end_time=2020-10-01&page=1"
      >> Every thing goes well
         >>> 找到關鍵字 "有害"; 文章資訊: 2020-09-30 20:22:00, 女星泣訴遭經紀人長期性侵飛機上脫褲逼吞吐, https://news.ltn.com.tw/news/entertainment/breakingnews/3308400
         >>> 找到關鍵字 "有害"; 文章資訊: 2020-09-30 16:57:00, 味全龍教練進口嚼菸未標示尼古丁等含量判罰百萬確定, https://news.ltn.com.tw/news/society/breakingnews/3308082
         >>> 找到關鍵字 "有害"; 文章資訊: 2020-09-30 15:06:00, 怕酒駕被逮飆速逃逸酒測值一出他直呼虧大了, https://news.ltn.com.tw/news/society/breakingnews/3307934
         >>> 找到關鍵字 "有害"; 文章資訊: 2020-09-30 12:10:00, 中職洋將帶進嚼菸文化大聯盟逾半數球場已禁止, https://news.ltn.com.tw/news/sports/breakingnews/3307696
         <<< 2020-10-01 沒有更多 "有害" 相關的新聞 !!! >>>
        ------------------------------------------------------
       >> 搜尋關鍵字:"色料"; 網址:"https://news.ltn.com.tw/search?keyword=色料&conditions=and&start_time=2020-09-30&end_time=2020-10-01&page=1"
      >> get more than 1 element. Please confirm.
        ------------------------------------------------------
       >> 搜尋關鍵字:"色素"; 網址:"https://news.ltn.com.tw/search?keyword=色素&conditions=and&start_time=2020-09-30&end_time=2020-10-01&page=1"
      >> Every thing goes well
         >>> 找到關鍵字 "色素"; 文章資訊: 2020-10-01 00:00:00, 烤肉防吸入煙霧避免干擾藥物代謝, https://news.ltn.com.tw/news/health/paper/1403239
         >>> 找到關鍵字 "色素"; 文章資訊: 2020-10-01 00:00:00, 望安白子綠蠵龜雙胞胎一死一活, https://news.ltn.com.tw/news/life/paper/1403160
         >>> 找到關鍵字 "色素"; 文章資訊: 2020-09-30 13:05:00, 獨家世界級珍貴影像曝光望安誕生白子綠蠵龜寶寶全都錄, https://news.ltn.com.tw/news/life/breakingnews/3307778
         <<< 2020-10-01 沒有更多 "色素" 相關的新聞 !!! >>>
        ------------------------------------------------------
       >> 搜尋關鍵字:"毒性"; 網址:"https://news.ltn.com.tw/search?keyword=毒性&conditions=and&start_time=2020-09-30&end_time=2020-10-01&page=1"
      >> Every thing goes well
         <<< 2020-10-01 沒有更多 "毒性" 相關的新聞 !!! >>>
        ------------------------------------------------------
       >> 搜尋關鍵字:"毒品"; 網址:"https://news.ltn.com.tw/search?keyword=毒品&conditions=and&start_time=2020-09-30&end_time=2020-10-01&page=1"
      >> Every thing goes well
         >>> 找到關鍵字 "毒品"; 文章資訊: 2020-10-01 00:00:00, 弒母斷頭案更審庭出爐合議庭審判長劉興浪, https://news.ltn.com.tw/news/society/paper/1403193
         >>> 找到關鍵字 "毒品"; 文章資訊: 2020-10-01 00:00:00, 他山之石美10州英對列管毒品毒駕零容忍, https://news.ltn.com.tw/news/society/paper/1403191
         >>> 找到關鍵字 "毒品"; 文章資訊: 2020-10-01 00:00:00, 毒駕公車害命修法嚴罰嚇阻, https://news.ltn.com.tw/news/society/paper/1403190
         >>> 找到關鍵字 "毒品"; 文章資訊: 2020-10-01 00:00:00, 自由廣場長照法應有強制檢查法源, https://news.ltn.com.tw/news/opinion/paper/1403186
         >>> 找到關鍵字 "毒品"; 文章資訊: 2020-10-01 00:00:00, 高雄警拚治安刑案發生率降破案率升, https://news.ltn.com.tw/news/society/paper/1403161
         >>> 找到關鍵字 "毒品"; 文章資訊: 2020-09-30 22:53:00, 反毒成效全國制霸法務部長首選台南開球, https://news.ltn.com.tw/news/society/breakingnews/3308336
         >>> 找到關鍵字 "毒品"; 文章資訊: 2020-09-30 19:58:00, 霜降未到彰化意外頻傳順義宮王爺警示失準民俗專家解釋, https://news.ltn.com.tw/news/life/breakingnews/3308381
         >>> 找到關鍵字 "毒品"; 文章資訊: 2020-09-30 18:33:00, 沒牙齒的烏克麗麗樂團終於敢開口說話了, https://news.ltn.com.tw/news/society/breakingnews/3308233
         >>> 找到關鍵字 "毒品"; 文章資訊: 2020-09-30 17:44:00, 逆子弒母剁頭無罪遭撤銷高院火速分案組成更一審合議庭, https://news.ltn.com.tw/news/society/breakingnews/3308208
         >>> 找到關鍵字 "毒品"; 文章資訊: 2020-09-30 16:30:00, 公車司機疑毒駕害死人蔡清祥修法以最嚴格規範處罰, https://news.ltn.com.tw/news/society/breakingnews/3308070
         >>> 找到關鍵字 "毒品"; 文章資訊: 2020-09-30 16:10:00, 唱紅女權名曲澳洲歌后海倫芮迪逝世享壽78歲, https://news.ltn.com.tw/news/entertainment/breakingnews/3308061
         >>> 找到關鍵字 "毒品"; 文章資訊: 2020-09-30 12:37:00, 美大選辯論川普猛轟拜登次子嗑藥在中國發大財拜登氣到跳針, https://news.ltn.com.tw/news/world/breakingnews/3307633
         >>> 找到關鍵字 "毒品"; 文章資訊: 2020-09-30 12:34:00, 高中女暈倒驗出毒品反應送減肥藥的母親被送辦結果大逆轉, https://news.ltn.com.tw/news/society/breakingnews/3307722
         <<< 2020-10-01 沒有更多 "毒品" 相關的新聞 !!! >>>
        ------------------------------------------------------
       >> 搜尋關鍵字:"致癌"; 網址:"https://news.ltn.com.tw/search?keyword=致癌&conditions=and&start_time=2020-09-30&end_time=2020-10-01&page=1"
      >> Every thing goes well
         >>> 找到關鍵字 "致癌"; 文章資訊: 2020-10-01 00:00:00, 烤肉防吸入煙霧避免干擾藥物代謝, https://news.ltn.com.tw/news/health/paper/1403239
        ------------------------------------------------------
       >> 搜尋關鍵字:"重金屬"; 網址:"https://news.ltn.com.tw/search?keyword=重金屬&conditions=and&start_time=2020-09-30&end_time=2020-10-01&page=1"
      >> get more than 1 element. Please confirm.
        ------------------------------------------------------
       >> 搜尋關鍵字:"食安"; 網址:"https://news.ltn.com.tw/search?keyword=食安&conditions=and&start_time=2020-09-30&end_time=2020-10-01&page=1"
      >> Every thing goes well
         >>> 找到關鍵字 "食安"; 文章資訊: 2020-10-01 00:00:00, 毒駕公車害命修法嚴罰嚇阻, https://news.ltn.com.tw/news/society/paper/1403190
         >>> 找到關鍵字 "食安"; 文章資訊: 2020-10-01 00:00:00, 自由廣場不要為開會而開會, https://news.ltn.com.tw/news/opinion/paper/1403185
         >>> 找到關鍵字 "食安"; 文章資訊: 2020-09-30 22:51:00, 柯文哲邀宴蔣萬安被拒民眾黨發言人護主轟秦慧珠蹭聲量, https://news.ltn.com.tw/news/politics/breakingnews/3308460
         >>> 找到關鍵字 "食安"; 文章資訊: 2020-09-30 22:37:00, 南市營養午餐肉品把關萊克多巴胺檢驗改1學期5劑, https://news.ltn.com.tw/news/life/breakingnews/3308428
         >>> 找到關鍵字 "食安"; 文章資訊: 2020-09-30 15:26:00, 國民黨議員憂中市萊豬零檢出擋不住中央壓力盧秀燕市民是後盾, https://news.ltn.com.tw/news/politics/breakingnews/3307984
         >>> 找到關鍵字 "食安"; 文章資訊: 2020-09-30 14:56:00, 鄭運鵬適合選桃園市長蘇貞昌他如何安排前途要自己努力, https://news.ltn.com.tw/news/politics/breakingnews/3307953
         >>> 找到關鍵字 "食安"; 文章資訊: 2020-09-30 14:46:00, 江啟臣開放美豬行政命令審查前應在國會召開足夠公聽會場次, https://news.ltn.com.tw/news/politics/breakingnews/3307910
         >>> 找到關鍵字 "食安"; 文章資訊: 2020-09-30 12:00:00, 不肖業者販售果乾謊稱梨山玫瑰李滯銷農委會要求農糧署查處, https://news.ltn.com.tw/news/life/breakingnews/3307664
         >>> 找到關鍵字 "食安"; 文章資訊: 2020-09-30 11:22:00, 草根文教公布美豬進口民調63不贊成開放, https://news.ltn.com.tw/news/politics/breakingnews/3307590
         >>> 找到關鍵字 "食安"; 文章資訊: 2020-09-30 11:05:00, 江啟臣質疑蔡政府逾一年未召開食安會報, https://news.ltn.com.tw/news/politics/breakingnews/3307383
         >>> 找到關鍵字 "食安"; 文章資訊: 2020-09-30 09:42:00, 被問可能與蔣萬安對決北市長選舉陳時中淡回我沒時間講政治, https://news.ltn.com.tw/news/politics/breakingnews/3307438
         <<< 2020-10-01 沒有更多 "食安" 相關的新聞 !!! >>>
        ------------------------------------------------------
       >> 搜尋關鍵字:"香料"; 網址:"https://news.ltn.com.tw/search?keyword=香料&conditions=and&start_time=2020-09-30&end_time=2020-10-01&page=1"
      >> Every thing goes well
         >>> 找到關鍵字 "香料"; 文章資訊: 2020-09-30 23:51:00, 軟Ｑ他獨創蒜香椒鹽小鱉引發網友熱議, https://news.ltn.com.tw/news/life/breakingnews/3308354
         >>> 找到關鍵字 "香料"; 文章資訊: 2020-09-30 10:07:00, 中秋小心鹽脂爆表營養師教健康烤肉２部曲, https://news.ltn.com.tw/news/health/breakingnews/3307366
         <<< 2020-10-01 沒有更多 "香料" 相關的新聞 !!! >>>
        ------------------------------------------------------
       >> 搜尋關鍵字:"原料"; 網址:"https://news.ltn.com.tw/search?keyword=原料&conditions=and&start_time=2020-09-30&end_time=2020-10-01&page=1"
      >> Every thing goes well
         >>> 找到關鍵字 "原料"; 文章資訊: 2020-10-01 00:00:00, 自由廣場長照法應有強制檢查法源, https://news.ltn.com.tw/news/opinion/paper/1403186
         >>> 找到關鍵字 "原料"; 文章資訊: 2020-10-01 00:00:00, 促進循環經濟桃園21廢棄物處理機構列A級, https://news.ltn.com.tw/news/life/paper/1403151
         >>> 找到關鍵字 "原料"; 文章資訊: 2020-10-01 00:00:00, 上週才加入國家隊釩泰違法委外代製口罩170萬片流市面, https://news.ltn.com.tw/news/life/paper/1403084
         >>> 找到關鍵字 "原料"; 文章資訊: 2020-09-30 22:37:00, 南市營養午餐肉品把關萊克多巴胺檢驗改1學期5劑, https://news.ltn.com.tw/news/life/breakingnews/3308428
         >>> 找到關鍵字 "原料"; 文章資訊: 2020-09-30 14:59:00, 桃市21家績優機構獲環保局A級評鑑促進循環經濟有功, https://news.ltn.com.tw/news/life/breakingnews/3307927
         >>> 找到關鍵字 "原料"; 文章資訊: 2020-09-30 13:33:00, 國家隊又出包釩泰找醫材公司製造170萬片非法醫用口罩, https://news.ltn.com.tw/news/life/breakingnews/3307820
         >>> 找到關鍵字 "原料"; 文章資訊: 2020-09-30 11:41:00, 韋恩的食農生活能幫助睡眠的必需胺基酸, https://news.ltn.com.tw/news/opinion/breakingnews/3307652
         <<< 2020-10-01 沒有更多 "原料" 相關的新聞 !!! >>>
        ------------------------------------------------------
       >> 搜尋關鍵字:"氣爆"; 網址:"https://news.ltn.com.tw/search?keyword=氣爆&conditions=and&start_time=2020-09-30&end_time=2020-10-01&page=1"
      >> get more than 1 element. Please confirm.
        ------------------------------------------------------
       >> 搜尋關鍵字:"添加物"; 網址:"https://news.ltn.com.tw/search?keyword=添加物&conditions=and&start_time=2020-09-30&end_time=2020-10-01&page=1"
      >> get more than 1 element. Please confirm.
        ------------------------------------------------------
       >> 搜尋關鍵字:"黑心"; 網址:"https://news.ltn.com.tw/search?keyword=黑心&conditions=and&start_time=2020-09-30&end_time=2020-10-01&page=1"
      >> Every thing goes well
         >>> 找到關鍵字 "黑心"; 文章資訊: 2020-09-30 12:00:00, 不肖業者販售果乾謊稱梨山玫瑰李滯銷農委會要求農糧署查處, https://news.ltn.com.tw/news/life/breakingnews/3307664
         <<< 2020-10-01 沒有更多 "黑心" 相關的新聞 !!! >>>
        ------------------------------------------------------
       >> 搜尋關鍵字:"漂白"; 網址:"https://news.ltn.com.tw/search?keyword=漂白&conditions=and&start_time=2020-09-30&end_time=2020-10-01&page=1"
      >> get more than 1 element. Please confirm.
        ------------------------------------------------------
       >> 搜尋關鍵字:"爆炸"; 網址:"https://news.ltn.com.tw/search?keyword=爆炸&conditions=and&start_time=2020-09-30&end_time=2020-10-01&page=1"
      >> Every thing goes well
         >>> 找到關鍵字 "爆炸"; 文章資訊: 2020-10-01 07:13:00, 小S領軍高級臉3女兒登封面自爆許老三想割雙眼皮怒火中燒, https://news.ltn.com.tw/news/entertainment/breakingnews/3308571
         >>> 找到關鍵字 "爆炸"; 文章資訊: 2020-10-01 00:00:00, 20公尺高國道摔落化學桶槽爆炸司機慘死, https://news.ltn.com.tw/news/society/paper/1403197
         >>> 找到關鍵字 "爆炸"; 文章資訊: 2020-09-30 19:16:00, 軍情動態飆風戰機緊急起飛巴黎爆巨響警方電話被打爆, https://news.ltn.com.tw/news/world/breakingnews/3308268
         >>> 找到關鍵字 "爆炸"; 文章資訊: 2020-09-30 18:50:00, 影片曝光彰化社頭泡綿工廠大火黑煙竄天15公里外雲林都可見, https://news.ltn.com.tw/news/society/breakingnews/3308069
         >>> 找到關鍵字 "爆炸"; 文章資訊: 2020-09-30 17:45:00, 中職昨丟隊史最慘烈先發兄弟雷艾斯失常有特殊原因, https://news.ltn.com.tw/news/sports/breakingnews/3308230
         >>> 找到關鍵字 "爆炸"; 文章資訊: 2020-09-30 17:18:00, 自由限時批美大選誰上誰下沒差但十月驚奇是中共的生死關, https://news.ltn.com.tw/news/opinion/breakingnews/3308173
         >>> 找到關鍵字 "爆炸"; 文章資訊: 2020-09-30 17:04:00, 日產救世主高恩新工作將推領袖培訓重建黎巴嫩, https://news.ltn.com.tw/news/business/breakingnews/3308079
         >>> 找到關鍵字 "爆炸"; 文章資訊: 2020-09-30 15:10:00, 林濁水觀點新自由主義叛逆嫡子和寵壞養子民粹主義和武漢瘟疫, https://news.ltn.com.tw/news/opinion/breakingnews/3307731
         >>> 找到關鍵字 "爆炸"; 文章資訊: 2020-09-30 13:46:00, 中職兄弟1指陳琥大爆炸冠軍戰先發0局遭味全龍痛打退場, https://news.ltn.com.tw/news/sports/breakingnews/3307838
         >>> 找到關鍵字 "爆炸"; 文章資訊: 2020-09-30 11:29:00, MLB季賽防禦率王季後賽陰陽畢伯創史詩級悲劇表現, https://news.ltn.com.tw/news/sports/breakingnews/3307581
         >>> 找到關鍵字 "爆炸"; 文章資訊: 2020-09-30 11:07:00, 化學槽車國道車禍墜地爆炸駕駛繫安全帶仍逃不過死劫, https://news.ltn.com.tw/news/society/breakingnews/3307583
         >>> 找到關鍵字 "爆炸"; 文章資訊: 2020-09-30 09:02:00, 氫氣槽車從國道匝道墜落20公尺地面爆炸司機慘死, https://news.ltn.com.tw/news/society/breakingnews/3307395
         >>> 找到關鍵字 "爆炸"; 文章資訊: 2020-09-30 07:19:00, 彰化深夜驚爆槽車國道車禍氣體槽墜落爆炸1死, https://news.ltn.com.tw/news/society/breakingnews/3307348
         <<< 2020-10-01 沒有更多 "爆炸" 相關的新聞 !!! >>>
        ------------------------------------------------------
       >> 搜尋關鍵字:"新興"; 網址:"https://news.ltn.com.tw/search?keyword=新興&conditions=and&start_time=2020-09-30&end_time=2020-10-01&page=1"
      >> Every thing goes well
         >>> 找到關鍵字 "新興"; 文章資訊: 2020-10-01 00:00:00, 後疫時代供應鏈分流台馬產業結盟互補, https://news.ltn.com.tw/news/business/paper/1403228
         >>> 找到關鍵字 "新興"; 文章資訊: 2020-10-01 00:00:00, TLAC資金缺口10兆中國4大銀被盯, https://news.ltn.com.tw/news/business/paper/1403222
         >>> 找到關鍵字 "新興"; 文章資訊: 2020-10-01 00:00:00, 台美簽MOU共同投資印太等地基建, https://news.ltn.com.tw/news/politics/paper/1403205
         >>> 找到關鍵字 "新興"; 文章資訊: 2020-10-01 00:00:00, 自由廣場民意領土認同為台澎金馬正是修憲時刻, https://news.ltn.com.tw/news/opinion/paper/1403180
         >>> 找到關鍵字 "新興"; 文章資訊: 2020-10-01 00:00:00, 高雄警拚治安刑案發生率降破案率升, https://news.ltn.com.tw/news/society/paper/1403161
         >>> 找到關鍵字 "新興"; 文章資訊: 2020-09-30 22:53:00, 反毒成效全國制霸法務部長首選台南開球, https://news.ltn.com.tw/news/society/breakingnews/3308336
         >>> 找到關鍵字 "新興"; 文章資訊: 2020-09-30 12:45:00, 中秋送暖她與愛心企業連10年捐助13校弱勢生, https://news.ltn.com.tw/news/life/breakingnews/3307747
         >>> 找到關鍵字 "新興"; 文章資訊: 2020-09-30 11:37:00, 攔檢發現腳踏墊鼓鼓的警掀開看竟是把斧頭, https://news.ltn.com.tw/news/society/breakingnews/3307638
         <<< 2020-10-01 沒有更多 "新興" 相關的新聞 !!! >>>
        ------------------------------------------------------
       >> 搜尋關鍵字:"爆裂物"; 網址:"https://news.ltn.com.tw/search?keyword=爆裂物&conditions=and&start_time=2020-09-30&end_time=2020-10-01&page=1"
      >> get more than 1 element. Please confirm.
        ------------------------------------------------------
       >> 搜尋關鍵字:"IED"; 網址:"https://news.ltn.com.tw/search?keyword=IED&conditions=and&start_time=2020-09-30&end_time=2020-10-01&page=1"
      >> Every thing goes well
         >>> 找到關鍵字 "IED"; 文章資訊: 2020-10-01 03:00:00, TAIPEITIMESJapaneseYouTuberssuspendedoverTaiwantalk, https://news.ltn.com.tw/news/focus/breakingnews/3308540
         >>> 找到關鍵字 "IED"; 文章資訊: 2020-09-30 23:05:00, 網球阿薩母怎麼了美網東山再起法網卻爆冷出局, https://news.ltn.com.tw/news/sports/breakingnews/3308534
         <<< 2020-10-01 沒有更多 "IED" 相關的新聞 !!! >>>
        ------------------------------------------------------
       >> 搜尋關鍵字:"排放"; 網址:"https://news.ltn.com.tw/search?keyword=排放&conditions=and&start_time=2020-09-30&end_time=2020-10-01&page=1"
      >> Every thing goes well
         >>> 找到關鍵字 "排放"; 文章資訊: 2020-09-30 15:50:00, 疫情迫使業務重組殼牌宣佈裁員最多9000人, https://news.ltn.com.tw/news/business/breakingnews/3307924
         >>> 找到關鍵字 "排放"; 文章資訊: 2020-09-30 15:25:00, 大坑溪遭工地廢水污染環保局開罰要求立即改善, https://news.ltn.com.tw/news/life/breakingnews/3308009
         >>> 找到關鍵字 "排放"; 文章資訊: 2020-09-30 14:00:00, 創全球最高木建築紀錄日建商計畫打造70公尺木造大樓, https://news.ltn.com.tw/news/world/breakingnews/3307611
         >>> 找到關鍵字 "排放"; 文章資訊: 2020-09-30 12:58:00, 預測中秋連假空品環保局台南良好至普通, https://news.ltn.com.tw/news/life/breakingnews/3307777
         >>> 找到關鍵字 "排放"; 文章資訊: 2020-09-30 10:43:00, 美大選辯論川普稱森林管理要更好拜登盼重回巴黎氣候協議, https://news.ltn.com.tw/news/world/breakingnews/3307532
         >>> 找到關鍵字 "排放"; 文章資訊: 2020-09-30 10:41:00, 台鐵選定高雄機廠屋頂推太陽光電發電上網公告招商, https://news.ltn.com.tw/news/business/breakingnews/3307539
         >>> 找到關鍵字 "排放"; 文章資訊: 2020-09-30 10:36:00, 垃圾問題有解了科學家創造超級幾天內吃掉塑膠, https://news.ltn.com.tw/news/world/breakingnews/3307413
         <<< 2020-10-01 沒有更多 "排放" 相關的新聞 !!! >>>
        ------------------------------------------------------
       >> 搜尋關鍵字:"污染"; 網址:"https://news.ltn.com.tw/search?keyword=污染&conditions=and&start_time=2020-09-30&end_time=2020-10-01&page=1"
      >> Every thing goes well
         >>> 找到關鍵字 "污染"; 文章資訊: 2020-10-01 00:00:00, 自由廣場長照法應有強制檢查法源, https://news.ltn.com.tw/news/opinion/paper/1403186
         >>> 找到關鍵字 "污染"; 文章資訊: 2020-10-01 00:00:00, 守護母親河林內辦濁水溪淨堤, https://news.ltn.com.tw/news/life/paper/1403164
         >>> 找到關鍵字 "污染"; 文章資訊: 2020-10-01 00:00:00, 促進循環經濟桃園21廢棄物處理機構列A級, https://news.ltn.com.tw/news/life/paper/1403151
         >>> 找到關鍵字 "污染"; 文章資訊: 2020-10-01 00:00:00, 台南牡蠣今年歉收產地價1斤60元, https://news.ltn.com.tw/news/life/paper/1403121
         >>> 找到關鍵字 "污染"; 文章資訊: 2020-10-01 00:00:00, 省錢又環保國光客運往返宜花祭優惠, https://news.ltn.com.tw/news/life/paper/1403089
         >>> 找到關鍵字 "污染"; 文章資訊: 2020-09-30 20:27:00, 疫情下的藍天掰了印度農民開始火耕新德里空污再現, https://news.ltn.com.tw/news/world/breakingnews/3308338
         >>> 找到關鍵字 "污染"; 文章資訊: 2020-09-30 18:47:00, 中秋烤肉需求大台南牡蠣歉收價格略漲, https://news.ltn.com.tw/news/life/breakingnews/3308303
         >>> 找到關鍵字 "污染"; 文章資訊: 2020-09-30 15:25:00, 大坑溪遭工地廢水污染環保局開罰要求立即改善, https://news.ltn.com.tw/news/life/breakingnews/3308009
         >>> 找到關鍵字 "污染"; 文章資訊: 2020-09-30 14:59:00, 桃市21家績優機構獲環保局A級評鑑促進循環經濟有功, https://news.ltn.com.tw/news/life/breakingnews/3307927
         >>> 找到關鍵字 "污染"; 文章資訊: 2020-09-30 13:37:00, 一張圖看懂中秋連假空品環保署中南部易有污染累積, https://news.ltn.com.tw/news/life/breakingnews/3307826
         >>> 找到關鍵字 "污染"; 文章資訊: 2020-09-30 12:58:00, 預測中秋連假空品環保局台南良好至普通, https://news.ltn.com.tw/news/life/breakingnews/3307777
         >>> 找到關鍵字 "污染"; 文章資訊: 2020-09-30 11:37:00, 湖內岡山興達電廠回饋金2029年歸零邱志偉促修法留舊制, https://news.ltn.com.tw/news/life/breakingnews/3307644
         <<< 2020-10-01 沒有更多 "污染" 相關的新聞 !!! >>>
        ------------------------------------------------------
       >> 搜尋關鍵字:"廢水"; 網址:"https://news.ltn.com.tw/search?keyword=廢水&conditions=and&start_time=2020-09-30&end_time=2020-10-01&page=1"
      >> Every thing goes well
         >>> 找到關鍵字 "廢水"; 文章資訊: 2020-09-30 15:25:00, 大坑溪遭工地廢水污染環保局開罰要求立即改善, https://news.ltn.com.tw/news/life/breakingnews/3308009
        ------------------------------------------------------
       >> 搜尋關鍵字:"污水"; 網址:"https://news.ltn.com.tw/search?keyword=污水&conditions=and&start_time=2020-09-30&end_time=2020-10-01&page=1"
      >> Every thing goes well
         >>> 找到關鍵字 "污水"; 文章資訊: 2020-09-30 15:25:00, 大坑溪遭工地廢水污染環保局開罰要求立即改善, https://news.ltn.com.tw/news/life/breakingnews/3308009
         <<< 2020-10-01 沒有更多 "污水" 相關的新聞 !!! >>>
        ------------------------------------------------------
       >> 搜尋關鍵字:"洩漏"; 網址:"https://news.ltn.com.tw/search?keyword=洩漏&conditions=and&start_time=2020-09-30&end_time=2020-10-01&page=1"
      >> Every thing goes well
         >>> 找到關鍵字 "洩漏"; 文章資訊: 2020-09-30 12:55:00, 股市禿鷹案纏訟15年前金檢局長李進誠判刑10年變6月, https://news.ltn.com.tw/news/society/breakingnews/3307761
         >>> 找到關鍵字 "洩漏"; 文章資訊: 2020-09-30 09:02:00, 氫氣槽車從國道匝道墜落20公尺地面爆炸司機慘死, https://news.ltn.com.tw/news/society/breakingnews/3307395
         <<< 2020-10-01 沒有更多 "洩漏" 相關的新聞 !!! >>>
        ------------------------------------------------------
       >> 搜尋關鍵字:"暗管"; 網址:"https://news.ltn.com.tw/search?keyword=暗管&conditions=and&start_time=2020-09-30&end_time=2020-10-01&page=1"
      >> get more than 1 element. Please confirm.
        ------------------------------------------------------
       >> 搜尋關鍵字:"偷排"; 網址:"https://news.ltn.com.tw/search?keyword=偷排&conditions=and&start_time=2020-09-30&end_time=2020-10-01&page=1"
      >> get more than 1 element. Please confirm.
        ------------------------------------------------------
       >> 搜尋關鍵字:"安全"; 網址:"https://news.ltn.com.tw/search?keyword=安全&conditions=and&start_time=2020-09-30&end_time=2020-10-01&page=1"
      >> Every thing goes well
         >>> 找到關鍵字 "安全"; 文章資訊: 2020-10-01 07:10:00, 美眾院報告抗中挺台籲允許駐美代表處更名台灣代表處, https://news.ltn.com.tw/news/politics/breakingnews/3308610
         >>> 找到關鍵字 "安全"; 文章資訊: 2020-10-01 00:00:00, 高加索領土爭議亞塞拜然亞美尼亞戰火再起, https://news.ltn.com.tw/news/world/paper/1403249
         >>> 找到關鍵字 "安全"; 文章資訊: 2020-10-01 00:00:00, 臉書反川假訊息隨疫情瘋傳, https://news.ltn.com.tw/news/world/paper/1403246
         >>> 找到關鍵字 "安全"; 文章資訊: 2020-10-01 00:00:00, 主持人捲入辯論川普諷一打二, https://news.ltn.com.tw/news/world/paper/1403244
         >>> 找到關鍵字 "安全"; 文章資訊: 2020-10-01 00:00:00, 總統府國慶典禮江馬吳都參加, https://news.ltn.com.tw/news/politics/paper/1403211
         >>> 找到關鍵字 "安全"; 文章資訊: 2020-10-01 00:00:00, 民進黨立委提修憲案邁向國家正常化, https://news.ltn.com.tw/news/politics/paper/1403209
         >>> 找到關鍵字 "安全"; 文章資訊: 2020-10-01 00:00:00, 因應台美新合作我已設四工作小組, https://news.ltn.com.tw/news/politics/paper/1403206
         >>> 找到關鍵字 "安全"; 文章資訊: 2020-10-01 00:00:00, 恢復徵兵退將嘆大家都不願做壞人, https://news.ltn.com.tw/news/politics/paper/1403203
         >>> 找到關鍵字 "安全"; 文章資訊: 2020-10-01 00:00:00, 20公尺高國道摔落化學桶槽爆炸司機慘死, https://news.ltn.com.tw/news/society/paper/1403197
         >>> 找到關鍵字 "安全"; 文章資訊: 2020-10-01 00:00:00, 他山之石美10州英對列管毒品毒駕零容忍, https://news.ltn.com.tw/news/society/paper/1403191
         >>> 找到關鍵字 "安全"; 文章資訊: 2020-10-01 00:00:00, 毒駕公車害命修法嚴罰嚇阻, https://news.ltn.com.tw/news/society/paper/1403190
         >>> 找到關鍵字 "安全"; 文章資訊: 2020-10-01 00:00:00, 自由廣場不要為開會而開會, https://news.ltn.com.tw/news/opinion/paper/1403185
         >>> 找到關鍵字 "安全"; 文章資訊: 2020-10-01 00:00:00, 義竹公所105封市場攤商將提告, https://news.ltn.com.tw/news/life/paper/1403169
         >>> 找到關鍵字 "安全"; 文章資訊: 2020-10-01 00:00:00, 封9個月整修達娜伊谷吊橋重新啟用, https://news.ltn.com.tw/news/life/paper/1403168
         >>> 找到關鍵字 "安全"; 文章資訊: 2020-10-01 00:00:00, 公費流感疫苗雲嘉嘉首度納入教職員, https://news.ltn.com.tw/news/life/paper/1403167
        ------------------------------------------------------
       >> 搜尋關鍵字:"槽車"; 網址:"https://news.ltn.com.tw/search?keyword=槽車&conditions=and&start_time=2020-09-30&end_time=2020-10-01&page=1"
      >> Every thing goes well
         >>> 找到關鍵字 "槽車"; 文章資訊: 2020-10-01 00:00:00, 20公尺高國道摔落化學桶槽爆炸司機慘死, https://news.ltn.com.tw/news/society/paper/1403197
         >>> 找到關鍵字 "槽車"; 文章資訊: 2020-10-01 00:00:00, 彰化國3化學槽車摔落籲增跳動路面, https://news.ltn.com.tw/news/society/paper/1403138
         >>> 找到關鍵字 "槽車"; 文章資訊: 2020-09-30 15:18:00, 國道3號南下196K再添亡魂路段危險被稱死亡彎道, https://news.ltn.com.tw/news/society/breakingnews/3307972
         >>> 找到關鍵字 "槽車"; 文章資訊: 2020-09-30 11:07:00, 化學槽車國道車禍墜地爆炸駕駛繫安全帶仍逃不過死劫, https://news.ltn.com.tw/news/society/breakingnews/3307583
         >>> 找到關鍵字 "槽車"; 文章資訊: 2020-09-30 09:02:00, 氫氣槽車從國道匝道墜落20公尺地面爆炸司機慘死, https://news.ltn.com.tw/news/society/breakingnews/3307395
         >>> 找到關鍵字 "槽車"; 文章資訊: 2020-09-30 07:19:00, 彰化深夜驚爆槽車國道車禍氣體槽墜落爆炸1死, https://news.ltn.com.tw/news/society/breakingnews/3307348
       >> 檔案輸出
        ------------------------------------------------------
      >> 下載新聞內容
      >> 下載 https://news.ltn.com.tw/news/business/paper/1403228, 後疫時代供應鏈分流台馬產業結盟互補
      >> 找不到新聞內容，可能是新聞的格式不同所致。
      >> 下載 https://news.ltn.com.tw/news/life/paper/1403151, 促進循環經濟桃園21廢棄物處理機構列A級
      >> 下載 https://news.ltn.com.tw/news/society/breakingnews/3307974, 南寶樹脂供貨商有鬼內賊過水交易賺價差A逾百萬元
      >> 下載 https://news.ltn.com.tw/news/life/breakingnews/3307927, 桃市21家績優機構獲環保局A級評鑑促進循環經濟有功
      >> 下載 https://news.ltn.com.tw/news/health/paper/1403239, 烤肉防吸入煙霧避免干擾藥物代謝
      >> 找不到新聞內容，可能是新聞的格式不同所致。
      >> 下載 https://news.ltn.com.tw/news/society/paper/1403197, 20公尺高國道摔落化學桶槽爆炸司機慘死
      >> 下載 https://news.ltn.com.tw/news/society/paper/1403138, 彰化國3化學槽車摔落籲增跳動路面
      >> 下載 https://news.ltn.com.tw/news/entertainment/breakingnews/3308543, 週年慶買正貨送正貨超狂美妝組買好買滿
      >> 找不到新聞內容，可能是新聞的格式不同所致。
      >> 下載 https://news.ltn.com.tw/news/business/breakingnews/3308161, 淪北韓進口石油轉口站台中港務公司匯僑不改善就中止契約
      >> 找不到新聞內容，可能是新聞的格式不同所致。
      >> 下載 https://news.ltn.com.tw/news/sports/breakingnews/3308033, NBA盛讚一眉哥是詹皇完美搭檔湖人主帥點出主因
      >> 找不到新聞內容，可能是新聞的格式不同所致。
      >> 下載 https://news.ltn.com.tw/news/society/breakingnews/3307972, 國道3號南下196K再添亡魂路段危險被稱死亡彎道
      >> 下載 https://news.ltn.com.tw/news/society/breakingnews/3307583, 化學槽車國道車禍墜地爆炸駕駛繫安全帶仍逃不過死劫
      >> 下載 https://news.ltn.com.tw/news/society/breakingnews/3307395, 氫氣槽車從國道匝道墜落20公尺地面爆炸司機慘死
      >> 下載 https://news.ltn.com.tw/news/society/paper/1403197, 20公尺高國道摔落化學桶槽爆炸司機慘死
      >> 下載 https://news.ltn.com.tw/news/life/paper/1403096, 台中市民公車免費要綁卡綠議員怎不用花博卡
      >> 下載 https://news.ltn.com.tw/news/life/breakingnews/3308322, 中市市府不用花博卡做市民卡議員批兩套標準
      >> 下載 https://news.ltn.com.tw/news/sports/breakingnews/3308006, NBA柯比法案通過加州嚴禁執法人員外流事故現場影像
      >> 找不到新聞內容，可能是新聞的格式不同所致。
      >> 下載 https://news.ltn.com.tw/news/society/breakingnews/3307395, 氫氣槽車從國道匝道墜落20公尺地面爆炸司機慘死
      >> 下載 https://news.ltn.com.tw/news/society/paper/1403191, 他山之石美10州英對列管毒品毒駕零容忍
      >> 下載 https://news.ltn.com.tw/news/opinion/paper/1403186, 自由廣場長照法應有強制檢查法源
      >> 下載 https://news.ltn.com.tw/news/society/paper/1403080, 昔日頭號要犯穿山甲詹龍欄出獄
      >> 下載 https://news.ltn.com.tw/news/world/breakingnews/3308443, 香港裔YouTuber介紹逆統戰大讚神預言堪比推背圖
      >> 下載 https://news.ltn.com.tw/news/world/breakingnews/3308338, 疫情下的藍天掰了印度農民開始火耕新德里空污再現
      >> 下載 https://news.ltn.com.tw/news/society/breakingnews/3307974, 南寶樹脂供貨商有鬼內賊過水交易賺價差A逾百萬元
      >> 下載 https://news.ltn.com.tw/news/society/breakingnews/3307917, 歷經34次申請獲假釋出獄穿山甲詹龍欄搭計程車低調離監
      >> 下載 https://news.ltn.com.tw/news/society/breakingnews/3307638, 攔檢發現腳踏墊鼓鼓的警掀開看竟是把斧頭
      >> 下載 https://news.ltn.com.tw/news/world/paper/1403243, 川拜辯論首役超亂觀眾嚇傻
      >> 下載 https://news.ltn.com.tw/news/society/paper/1403191, 他山之石美10州英對列管毒品毒駕零容忍
      >> 下載 https://news.ltn.com.tw/news/society/breakingnews/3308336, 反毒成效全國制霸法務部長首選台南開球
      >> 下載 https://news.ltn.com.tw/news/life/breakingnews/3308315, 不是鳳蝶幼蟲他發現這隻肥蟲比館長還粗
      >> 下載 https://news.ltn.com.tw/news/entertainment/breakingnews/3308400, 女星泣訴遭經紀人長期性侵飛機上脫褲逼吞吐
      >> 找不到新聞內容，可能是新聞的格式不同所致。
      >> 下載 https://news.ltn.com.tw/news/society/breakingnews/3308082, 味全龍教練進口嚼菸未標示尼古丁等含量判罰百萬確定
      >> 下載 https://news.ltn.com.tw/news/society/breakingnews/3307934, 怕酒駕被逮飆速逃逸酒測值一出他直呼虧大了
      >> 下載 https://news.ltn.com.tw/news/sports/breakingnews/3307696, 中職洋將帶進嚼菸文化大聯盟逾半數球場已禁止
      >> 下載 https://news.ltn.com.tw/news/health/paper/1403239, 烤肉防吸入煙霧避免干擾藥物代謝
      >> 找不到新聞內容，可能是新聞的格式不同所致。
      >> 下載 https://news.ltn.com.tw/news/life/paper/1403160, 望安白子綠蠵龜雙胞胎一死一活
      >> 下載 https://news.ltn.com.tw/news/life/breakingnews/3307778, 獨家世界級珍貴影像曝光望安誕生白子綠蠵龜寶寶全都錄
      >> 下載 https://news.ltn.com.tw/news/society/paper/1403193, 弒母斷頭案更審庭出爐合議庭審判長劉興浪
      >> 下載 https://news.ltn.com.tw/news/society/paper/1403191, 他山之石美10州英對列管毒品毒駕零容忍
      >> 下載 https://news.ltn.com.tw/news/society/paper/1403190, 毒駕公車害命修法嚴罰嚇阻
      >> 下載 https://news.ltn.com.tw/news/opinion/paper/1403186, 自由廣場長照法應有強制檢查法源
      >> 下載 https://news.ltn.com.tw/news/society/paper/1403161, 高雄警拚治安刑案發生率降破案率升
      >> 下載 https://news.ltn.com.tw/news/society/breakingnews/3308336, 反毒成效全國制霸法務部長首選台南開球
      >> 下載 https://news.ltn.com.tw/news/life/breakingnews/3308381, 霜降未到彰化意外頻傳順義宮王爺警示失準民俗專家解釋
      >> 下載 https://news.ltn.com.tw/news/society/breakingnews/3308233, 沒牙齒的烏克麗麗樂團終於敢開口說話了
      >> 下載 https://news.ltn.com.tw/news/society/breakingnews/3308208, 逆子弒母剁頭無罪遭撤銷高院火速分案組成更一審合議庭
      >> 下載 https://news.ltn.com.tw/news/society/breakingnews/3308070, 公車司機疑毒駕害死人蔡清祥修法以最嚴格規範處罰
      >> 下載 https://news.ltn.com.tw/news/entertainment/breakingnews/3308061, 唱紅女權名曲澳洲歌后海倫芮迪逝世享壽78歲
      >> 找不到新聞內容，可能是新聞的格式不同所致。
      >> 下載 https://news.ltn.com.tw/news/world/breakingnews/3307633, 美大選辯論川普猛轟拜登次子嗑藥在中國發大財拜登氣到跳針
      >> 下載 https://news.ltn.com.tw/news/society/breakingnews/3307722, 高中女暈倒驗出毒品反應送減肥藥的母親被送辦結果大逆轉
      >> 下載 https://news.ltn.com.tw/news/health/paper/1403239, 烤肉防吸入煙霧避免干擾藥物代謝
      >> 找不到新聞內容，可能是新聞的格式不同所致。
      >> 下載 https://news.ltn.com.tw/news/society/paper/1403190, 毒駕公車害命修法嚴罰嚇阻
      >> 下載 https://news.ltn.com.tw/news/opinion/paper/1403185, 自由廣場不要為開會而開會
      >> 下載 https://news.ltn.com.tw/news/politics/breakingnews/3308460, 柯文哲邀宴蔣萬安被拒民眾黨發言人護主轟秦慧珠蹭聲量
      >> 下載 https://news.ltn.com.tw/news/life/breakingnews/3308428, 南市營養午餐肉品把關萊克多巴胺檢驗改1學期5劑
      >> 下載 https://news.ltn.com.tw/news/politics/breakingnews/3307984, 國民黨議員憂中市萊豬零檢出擋不住中央壓力盧秀燕市民是後盾
      >> 下載 https://news.ltn.com.tw/news/politics/breakingnews/3307953, 鄭運鵬適合選桃園市長蘇貞昌他如何安排前途要自己努力
      >> 下載 https://news.ltn.com.tw/news/politics/breakingnews/3307910, 江啟臣開放美豬行政命令審查前應在國會召開足夠公聽會場次
      >> 下載 https://news.ltn.com.tw/news/life/breakingnews/3307664, 不肖業者販售果乾謊稱梨山玫瑰李滯銷農委會要求農糧署查處
      >> 下載 https://news.ltn.com.tw/news/politics/breakingnews/3307590, 草根文教公布美豬進口民調63不贊成開放
      >> 下載 https://news.ltn.com.tw/news/politics/breakingnews/3307383, 江啟臣質疑蔡政府逾一年未召開食安會報
      >> 下載 https://news.ltn.com.tw/news/politics/breakingnews/3307438, 被問可能與蔣萬安對決北市長選舉陳時中淡回我沒時間講政治
      >> 下載 https://news.ltn.com.tw/news/life/breakingnews/3308354, 軟Ｑ他獨創蒜香椒鹽小鱉引發網友熱議
      >> 下載 https://news.ltn.com.tw/news/health/breakingnews/3307366, 中秋小心鹽脂爆表營養師教健康烤肉２部曲
      >> 下載 https://news.ltn.com.tw/news/opinion/paper/1403186, 自由廣場長照法應有強制檢查法源
      >> 下載 https://news.ltn.com.tw/news/life/paper/1403151, 促進循環經濟桃園21廢棄物處理機構列A級
      >> 下載 https://news.ltn.com.tw/news/life/paper/1403084, 上週才加入國家隊釩泰違法委外代製口罩170萬片流市面
      >> 下載 https://news.ltn.com.tw/news/life/breakingnews/3308428, 南市營養午餐肉品把關萊克多巴胺檢驗改1學期5劑
      >> 下載 https://news.ltn.com.tw/news/life/breakingnews/3307927, 桃市21家績優機構獲環保局A級評鑑促進循環經濟有功
      >> 下載 https://news.ltn.com.tw/news/life/breakingnews/3307820, 國家隊又出包釩泰找醫材公司製造170萬片非法醫用口罩
      >> 下載 https://news.ltn.com.tw/news/opinion/breakingnews/3307652, 韋恩的食農生活能幫助睡眠的必需胺基酸
      >> 下載 https://news.ltn.com.tw/news/life/breakingnews/3307664, 不肖業者販售果乾謊稱梨山玫瑰李滯銷農委會要求農糧署查處
      >> 下載 https://news.ltn.com.tw/news/entertainment/breakingnews/3308571, 小S領軍高級臉3女兒登封面自爆許老三想割雙眼皮怒火中燒
      >> 找不到新聞內容，可能是新聞的格式不同所致。
      >> 下載 https://news.ltn.com.tw/news/society/paper/1403197, 20公尺高國道摔落化學桶槽爆炸司機慘死
      >> 下載 https://news.ltn.com.tw/news/world/breakingnews/3308268, 軍情動態飆風戰機緊急起飛巴黎爆巨響警方電話被打爆
      >> 下載 https://news.ltn.com.tw/news/society/breakingnews/3308069, 影片曝光彰化社頭泡綿工廠大火黑煙竄天15公里外雲林都可見
      >> 下載 https://news.ltn.com.tw/news/sports/breakingnews/3308230, 中職昨丟隊史最慘烈先發兄弟雷艾斯失常有特殊原因
      >> 找不到新聞內容，可能是新聞的格式不同所致。
      >> 下載 https://news.ltn.com.tw/news/opinion/breakingnews/3308173, 自由限時批美大選誰上誰下沒差但十月驚奇是中共的生死關
      >> 下載 https://news.ltn.com.tw/news/business/breakingnews/3308079, 日產救世主高恩新工作將推領袖培訓重建黎巴嫩
      >> 找不到新聞內容，可能是新聞的格式不同所致。
      >> 下載 https://news.ltn.com.tw/news/opinion/breakingnews/3307731, 林濁水觀點新自由主義叛逆嫡子和寵壞養子民粹主義和武漢瘟疫
      >> 下載 https://news.ltn.com.tw/news/sports/breakingnews/3307838, 中職兄弟1指陳琥大爆炸冠軍戰先發0局遭味全龍痛打退場
      >> 找不到新聞內容，可能是新聞的格式不同所致。
      >> 下載 https://news.ltn.com.tw/news/sports/breakingnews/3307581, MLB季賽防禦率王季後賽陰陽畢伯創史詩級悲劇表現
      >> 找不到新聞內容，可能是新聞的格式不同所致。
      >> 下載 https://news.ltn.com.tw/news/society/breakingnews/3307583, 化學槽車國道車禍墜地爆炸駕駛繫安全帶仍逃不過死劫
      >> 下載 https://news.ltn.com.tw/news/society/breakingnews/3307395, 氫氣槽車從國道匝道墜落20公尺地面爆炸司機慘死
      >> 下載 https://news.ltn.com.tw/news/society/breakingnews/3307348, 彰化深夜驚爆槽車國道車禍氣體槽墜落爆炸1死
      >> 下載 https://news.ltn.com.tw/news/business/paper/1403228, 後疫時代供應鏈分流台馬產業結盟互補
      >> 找不到新聞內容，可能是新聞的格式不同所致。
      >> 下載 https://news.ltn.com.tw/news/business/paper/1403222, TLAC資金缺口10兆中國4大銀被盯
      >> 找不到新聞內容，可能是新聞的格式不同所致。
      >> 下載 https://news.ltn.com.tw/news/politics/paper/1403205, 台美簽MOU共同投資印太等地基建
      >> 下載 https://news.ltn.com.tw/news/opinion/paper/1403180, 自由廣場民意領土認同為台澎金馬正是修憲時刻
      >> 下載 https://news.ltn.com.tw/news/society/paper/1403161, 高雄警拚治安刑案發生率降破案率升
      >> 下載 https://news.ltn.com.tw/news/society/breakingnews/3308336, 反毒成效全國制霸法務部長首選台南開球
      >> 下載 https://news.ltn.com.tw/news/life/breakingnews/3307747, 中秋送暖她與愛心企業連10年捐助13校弱勢生
      >> 下載 https://news.ltn.com.tw/news/society/breakingnews/3307638, 攔檢發現腳踏墊鼓鼓的警掀開看竟是把斧頭
      >> 下載 https://news.ltn.com.tw/news/focus/breakingnews/3308540, TAIPEITIMESJapaneseYouTuberssuspendedoverTaiwantalk
      >> 下載 https://news.ltn.com.tw/news/sports/breakingnews/3308534, 網球阿薩母怎麼了美網東山再起法網卻爆冷出局
      >> 找不到新聞內容，可能是新聞的格式不同所致。
      >> 下載 https://news.ltn.com.tw/news/business/breakingnews/3307924, 疫情迫使業務重組殼牌宣佈裁員最多9000人
      >> 找不到新聞內容，可能是新聞的格式不同所致。
      >> 下載 https://news.ltn.com.tw/news/life/breakingnews/3308009, 大坑溪遭工地廢水污染環保局開罰要求立即改善
      >> 下載 https://news.ltn.com.tw/news/world/breakingnews/3307611, 創全球最高木建築紀錄日建商計畫打造70公尺木造大樓
      >> 下載 https://news.ltn.com.tw/news/life/breakingnews/3307777, 預測中秋連假空品環保局台南良好至普通
      >> 下載 https://news.ltn.com.tw/news/world/breakingnews/3307532, 美大選辯論川普稱森林管理要更好拜登盼重回巴黎氣候協議
      >> 下載 https://news.ltn.com.tw/news/business/breakingnews/3307539, 台鐵選定高雄機廠屋頂推太陽光電發電上網公告招商
      >> 找不到新聞內容，可能是新聞的格式不同所致。
      >> 下載 https://news.ltn.com.tw/news/world/breakingnews/3307413, 垃圾問題有解了科學家創造超級幾天內吃掉塑膠
      >> 下載 https://news.ltn.com.tw/news/opinion/paper/1403186, 自由廣場長照法應有強制檢查法源
      >> 下載 https://news.ltn.com.tw/news/life/paper/1403164, 守護母親河林內辦濁水溪淨堤
      >> 下載 https://news.ltn.com.tw/news/life/paper/1403151, 促進循環經濟桃園21廢棄物處理機構列A級
      >> 下載 https://news.ltn.com.tw/news/life/paper/1403121, 台南牡蠣今年歉收產地價1斤60元
      >> 下載 https://news.ltn.com.tw/news/life/paper/1403089, 省錢又環保國光客運往返宜花祭優惠
      >> 下載 https://news.ltn.com.tw/news/world/breakingnews/3308338, 疫情下的藍天掰了印度農民開始火耕新德里空污再現
      >> 下載 https://news.ltn.com.tw/news/life/breakingnews/3308303, 中秋烤肉需求大台南牡蠣歉收價格略漲
      >> 下載 https://news.ltn.com.tw/news/life/breakingnews/3308009, 大坑溪遭工地廢水污染環保局開罰要求立即改善
      >> 下載 https://news.ltn.com.tw/news/life/breakingnews/3307927, 桃市21家績優機構獲環保局A級評鑑促進循環經濟有功
      >> 下載 https://news.ltn.com.tw/news/life/breakingnews/3307826, 一張圖看懂中秋連假空品環保署中南部易有污染累積
      >> 下載 https://news.ltn.com.tw/news/life/breakingnews/3307777, 預測中秋連假空品環保局台南良好至普通
      >> 下載 https://news.ltn.com.tw/news/life/breakingnews/3307644, 湖內岡山興達電廠回饋金2029年歸零邱志偉促修法留舊制
      >> 下載 https://news.ltn.com.tw/news/life/breakingnews/3308009, 大坑溪遭工地廢水污染環保局開罰要求立即改善
      >> 下載 https://news.ltn.com.tw/news/life/breakingnews/3308009, 大坑溪遭工地廢水污染環保局開罰要求立即改善
      >> 下載 https://news.ltn.com.tw/news/society/breakingnews/3307761, 股市禿鷹案纏訟15年前金檢局長李進誠判刑10年變6月
      >> 下載 https://news.ltn.com.tw/news/society/breakingnews/3307395, 氫氣槽車從國道匝道墜落20公尺地面爆炸司機慘死
      >> 下載 https://news.ltn.com.tw/news/politics/breakingnews/3308610, 美眾院報告抗中挺台籲允許駐美代表處更名台灣代表處
      >> 下載 https://news.ltn.com.tw/news/world/paper/1403249, 高加索領土爭議亞塞拜然亞美尼亞戰火再起
      >> 下載 https://news.ltn.com.tw/news/world/paper/1403246, 臉書反川假訊息隨疫情瘋傳
      >> 下載 https://news.ltn.com.tw/news/world/paper/1403244, 主持人捲入辯論川普諷一打二
      >> 下載 https://news.ltn.com.tw/news/politics/paper/1403211, 總統府國慶典禮江馬吳都參加
      >> 下載 https://news.ltn.com.tw/news/politics/paper/1403209, 民進黨立委提修憲案邁向國家正常化
      >> 下載 https://news.ltn.com.tw/news/politics/paper/1403206, 因應台美新合作我已設四工作小組
      >> 下載 https://news.ltn.com.tw/news/politics/paper/1403203, 恢復徵兵退將嘆大家都不願做壞人
      >> 下載 https://news.ltn.com.tw/news/society/paper/1403197, 20公尺高國道摔落化學桶槽爆炸司機慘死
      >> 下載 https://news.ltn.com.tw/news/society/paper/1403191, 他山之石美10州英對列管毒品毒駕零容忍
      >> 下載 https://news.ltn.com.tw/news/society/paper/1403190, 毒駕公車害命修法嚴罰嚇阻
      >> 下載 https://news.ltn.com.tw/news/opinion/paper/1403185, 自由廣場不要為開會而開會
      >> 下載 https://news.ltn.com.tw/news/life/paper/1403169, 義竹公所105封市場攤商將提告
      >> 下載 https://news.ltn.com.tw/news/life/paper/1403168, 封9個月整修達娜伊谷吊橋重新啟用
      >> 下載 https://news.ltn.com.tw/news/life/paper/1403167, 公費流感疫苗雲嘉嘉首度納入教職員
      >> 下載 https://news.ltn.com.tw/news/society/paper/1403197, 20公尺高國道摔落化學桶槽爆炸司機慘死
      >> 下載 https://news.ltn.com.tw/news/society/paper/1403138, 彰化國3化學槽車摔落籲增跳動路面
      >> 下載 https://news.ltn.com.tw/news/society/breakingnews/3307972, 國道3號南下196K再添亡魂路段危險被稱死亡彎道
      >> 下載 https://news.ltn.com.tw/news/society/breakingnews/3307583, 化學槽車國道車禍墜地爆炸駕駛繫安全帶仍逃不過死劫
      >> 下載 https://news.ltn.com.tw/news/society/breakingnews/3307395, 氫氣槽車從國道匝道墜落20公尺地面爆炸司機慘死
      >> 下載 https://news.ltn.com.tw/news/society/breakingnews/3307348, 彰化深夜驚爆槽車國道車禍氣體槽墜落爆炸1死
