     -----> 新聞爬蟲：食力

           <<< 食力新聞搜尋 >>>
  ------------------------------------------------------
  ------------------------------------------------------
    >> 搜尋關鍵字:"工業用"; 網址:"https://www.foodnext.net/search"
         <<< 2020-10-10 沒有更多 "工業用" 相關的新聞 !!! >>>
  ------------------------------------------------------
    >> 搜尋關鍵字:"化工"; 網址:"https://www.foodnext.net/search"
         <<< 2020-10-10 沒有更多 "化工" 相關的新聞 !!! >>>
  ------------------------------------------------------
    >> 搜尋關鍵字:"化災"; 網址:"https://www.foodnext.net/search"
  ------------------------------------------------------
    >> 搜尋關鍵字:"化學"; 網址:"https://www.foodnext.net/search"
         >>> 找到關鍵字 "化學"; 文章資訊: 2020-10-10 00:00:00, 正餐點心化讓你攝取更多熱量小心有些健康零食一點也不健康, https://www.foodnext.net/life/health2/paper/5098510429
         <<< 2020-10-10 沒有更多 "化學" 相關的新聞 !!! >>>
  ------------------------------------------------------
    >> 搜尋關鍵字:"外洩"; 網址:"https://www.foodnext.net/search"
         <<< 2020-10-10 沒有更多 "外洩" 相關的新聞 !!! >>>
  ------------------------------------------------------
    >> 搜尋關鍵字:"危害"; 網址:"https://www.foodnext.net/search"
         <<< 2020-10-10 沒有更多 "危害" 相關的新聞 !!! >>>
  ------------------------------------------------------
    >> 搜尋關鍵字:"有毒"; 網址:"https://www.foodnext.net/search"
         <<< 2020-10-10 沒有更多 "有毒" 相關的新聞 !!! >>>
  ------------------------------------------------------
    >> 搜尋關鍵字:"有害"; 網址:"https://www.foodnext.net/search"
         <<< 2020-10-10 沒有更多 "有害" 相關的新聞 !!! >>>
  ------------------------------------------------------
    >> 搜尋關鍵字:"色料"; 網址:"https://www.foodnext.net/search"
         <<< 2020-10-10 沒有更多 "色料" 相關的新聞 !!! >>>
  ------------------------------------------------------
    >> 搜尋關鍵字:"色素"; 網址:"https://www.foodnext.net/search"
         <<< 2020-10-10 沒有更多 "色素" 相關的新聞 !!! >>>
  ------------------------------------------------------
    >> 搜尋關鍵字:"毒性"; 網址:"https://www.foodnext.net/search"
         <<< 2020-10-10 沒有更多 "毒性" 相關的新聞 !!! >>>
  ------------------------------------------------------
    >> 搜尋關鍵字:"毒品"; 網址:"https://www.foodnext.net/search"
         <<< 2020-10-10 沒有更多 "毒品" 相關的新聞 !!! >>>
  ------------------------------------------------------
    >> 搜尋關鍵字:"致癌"; 網址:"https://www.foodnext.net/search"
         <<< 2020-10-10 沒有更多 "致癌" 相關的新聞 !!! >>>
  ------------------------------------------------------
    >> 搜尋關鍵字:"重金屬"; 網址:"https://www.foodnext.net/search"
         <<< 2020-10-10 沒有更多 "重金屬" 相關的新聞 !!! >>>
  ------------------------------------------------------
    >> 搜尋關鍵字:"食安"; 網址:"https://www.foodnext.net/search"
         <<< 2020-10-10 沒有更多 "食安" 相關的新聞 !!! >>>
  ------------------------------------------------------
    >> 搜尋關鍵字:"香料"; 網址:"https://www.foodnext.net/search"
         <<< 2020-10-10 沒有更多 "香料" 相關的新聞 !!! >>>
  ------------------------------------------------------
    >> 搜尋關鍵字:"原料"; 網址:"https://www.foodnext.net/search"
         >>> 找到關鍵字 "原料"; 文章資訊: 2020-10-10 00:00:00, 維他命B群掌控著你的大腦情緒變化常飲酒的人更要注意補充, https://www.foodnext.net/life/health2/paper/5098499124
         <<< 2020-10-10 沒有更多 "原料" 相關的新聞 !!! >>>
  ------------------------------------------------------
    >> 搜尋關鍵字:"氣爆"; 網址:"https://www.foodnext.net/search"
         <<< 2020-10-10 沒有更多 "氣爆" 相關的新聞 !!! >>>
  ------------------------------------------------------
    >> 搜尋關鍵字:"添加物"; 網址:"https://www.foodnext.net/search"
         <<< 2020-10-10 沒有更多 "添加物" 相關的新聞 !!! >>>
  ------------------------------------------------------
    >> 搜尋關鍵字:"黑心"; 網址:"https://www.foodnext.net/search"
         <<< 2020-10-10 沒有更多 "黑心" 相關的新聞 !!! >>>
  ------------------------------------------------------
    >> 搜尋關鍵字:"漂白"; 網址:"https://www.foodnext.net/search"
         <<< 2020-10-10 沒有更多 "漂白" 相關的新聞 !!! >>>
  ------------------------------------------------------
    >> 搜尋關鍵字:"爆炸"; 網址:"https://www.foodnext.net/search"
         <<< 2020-10-10 沒有更多 "爆炸" 相關的新聞 !!! >>>
  ------------------------------------------------------
    >> 搜尋關鍵字:"新興"; 網址:"https://www.foodnext.net/search"
         <<< 2020-10-10 沒有更多 "新興" 相關的新聞 !!! >>>
  ------------------------------------------------------
    >> 搜尋關鍵字:"爆裂物"; 網址:"https://www.foodnext.net/search"
  ------------------------------------------------------
    >> 搜尋關鍵字:"IED"; 網址:"https://www.foodnext.net/search"
         <<< 2020-10-10 沒有更多 "IED" 相關的新聞 !!! >>>
  ------------------------------------------------------
    >> 搜尋關鍵字:"排放"; 網址:"https://www.foodnext.net/search"
         <<< 2020-10-10 沒有更多 "排放" 相關的新聞 !!! >>>
  ------------------------------------------------------
    >> 搜尋關鍵字:"污染"; 網址:"https://www.foodnext.net/search"
         <<< 2020-10-10 沒有更多 "污染" 相關的新聞 !!! >>>
  ------------------------------------------------------
    >> 搜尋關鍵字:"廢水"; 網址:"https://www.foodnext.net/search"
         <<< 2020-10-10 沒有更多 "廢水" 相關的新聞 !!! >>>
  ------------------------------------------------------
    >> 搜尋關鍵字:"污水"; 網址:"https://www.foodnext.net/search"
         <<< 2020-10-10 沒有更多 "污水" 相關的新聞 !!! >>>
  ------------------------------------------------------
    >> 搜尋關鍵字:"洩漏"; 網址:"https://www.foodnext.net/search"
         <<< 2020-10-10 沒有更多 "洩漏" 相關的新聞 !!! >>>
  ------------------------------------------------------
    >> 搜尋關鍵字:"暗管"; 網址:"https://www.foodnext.net/search"
  ------------------------------------------------------
    >> 搜尋關鍵字:"偷排"; 網址:"https://www.foodnext.net/search"
         <<< 2020-10-10 沒有更多 "偷排" 相關的新聞 !!! >>>
  ------------------------------------------------------
    >> 搜尋關鍵字:"安全"; 網址:"https://www.foodnext.net/search"
         <<< 2020-10-10 沒有更多 "安全" 相關的新聞 !!! >>>
  ------------------------------------------------------
    >> 搜尋關鍵字:"槽車"; 網址:"https://www.foodnext.net/search"
         <<< 2020-10-10 沒有更多 "槽車" 相關的新聞 !!! >>>
       >> 檔案輸出
        ------------------------------------------------------
      >> 下載新聞內容
      >> 下載 https://www.foodnext.net/life/health2/paper/5098510429, 正餐點心化讓你攝取更多熱量小心有些健康零食一點也不健康
      >> 下載 https://www.foodnext.net/life/health2/paper/5098499124, 維他命B群掌控著你的大腦情緒變化常飲酒的人更要注意補充
