     -----> 新聞爬蟲：蘋果日報

           <<< 蘋果日報新聞搜尋 >>>
  ------------------------------------------------------
  ------------------------------------------------------
    >> 搜尋關鍵字:"工業用"; 網址:"https://tw.appledaily.com/search/工業用/"
         >>> 找到關鍵字 "工業用"; 文章資訊: 2020-10-06 18:57:00, 首例彰化重金屬污染農地砸85億變身太陽能供電場, https://tw.appledaily.com/life/20201006/2UO2X5FBR5ATLBDXP67GF24FH4/
         >>> 找到關鍵字 "工業用"; 文章資訊: 2020-10-06 12:15:00, 人造絲完勝鋼鐵國家輻射中心開發高強度纖維深具產業競爭力, https://tw.appledaily.com/life/20201006/UFCENFJQV5AQJPLMMZI4DG2YPU/
         <<< 2020-10-07 沒有更多 "工業用" 相關的新聞 !!! >>>
  ------------------------------------------------------
    >> 搜尋關鍵字:"化工"; 網址:"https://tw.appledaily.com/search/化工/"
         >>> 找到關鍵字 "化工"; 文章資訊: 2020-10-06 15:09:00, 讓學生提早與產業接軌台科大打造智能化工實驗室, https://tw.appledaily.com/life/20201006/2B5COGND6FE7XOG5M7KFXIP2C4/
         <<< 2020-10-07 沒有更多 "化工" 相關的新聞 !!! >>>
  ------------------------------------------------------
    >> 搜尋關鍵字:"化災"; 網址:"https://tw.appledaily.com/search/化災/"
         <<< 2020-10-07 沒有更多 "化災" 相關的新聞 !!! >>>
  ------------------------------------------------------
    >> 搜尋關鍵字:"化學"; 網址:"https://tw.appledaily.com/search/化學/"
      **** something wrong!! Restart it!! ****
  ------------------------------------------------------
    >> 搜尋關鍵字:"外洩"; 網址:"https://tw.appledaily.com/search/外洩/"
         >>> 找到關鍵字 "外洩"; 文章資訊: 2020-10-06 17:51:00, 汐止中興路瓦斯外洩警消封路查外洩源, https://tw.appledaily.com/local/20201006/M6MM4SKHSZG5XG66YQHF65YOIE/
         <<< 2020-10-07 沒有更多 "外洩" 相關的新聞 !!! >>>
  ------------------------------------------------------
    >> 搜尋關鍵字:"危害"; 網址:"https://tw.appledaily.com/search/危害/"
         >>> 找到關鍵字 "危害"; 文章資訊: 2020-10-06 11:31:00, 憂牴觸菸害防制法修法北市電子煙自治條例卡議會, https://tw.appledaily.com/life/20201006/FD5IESF3E5DYJODXIQJASJ6YJU/
         >>> 找到關鍵字 "危害"; 文章資訊: 2020-10-06 11:59:00, 弒母剁頭逆子下周出獄高院8日急開庭可能結果曝光, https://tw.appledaily.com/local/20201006/BAMNMM7BCJA65GRD64LKNF73GM/
         <<< 2020-10-07 沒有更多 "危害" 相關的新聞 !!! >>>
  ------------------------------------------------------
    >> 搜尋關鍵字:"有毒"; 網址:"https://tw.appledaily.com/search/有毒/"
         <<< 2020-10-07 沒有更多 "有毒" 相關的新聞 !!! >>>
  ------------------------------------------------------
    >> 搜尋關鍵字:"有害"; 網址:"https://tw.appledaily.com/search/有害/"
         >>> 找到關鍵字 "有害"; 文章資訊: 2020-10-07 03:05:00, 不斷更新白宮醫師川普出院後沒再出現症狀美核按鈕手提箱護衛確診, https://tw.appledaily.com/international/20201007/5IRL5JX7QVHYXJN7RUQ7VINWQA/
         >>> 找到關鍵字 "有害"; 文章資訊: 2020-10-07 00:05:00, 桃園COZZIBlu千元爽吃夯肉無限暢飲假日加贈半隻龍蝦, https://tw.appledaily.com/supplement/20201007/BN5YV5JLLFBUTG7T6VSXF7OXIQ/
         >>> 找到關鍵字 "有害"; 文章資訊: 2020-10-06 16:20:00, 港國安法反對北京限制活動美領館違一國兩制有害無利, https://tw.appledaily.com/international/20201006/SSPIB52SGZC7TCCBTKPJJR7INY/
         >>> 找到關鍵字 "有害"; 文章資訊: 2020-10-06 11:31:00, 憂牴觸菸害防制法修法北市電子煙自治條例卡議會, https://tw.appledaily.com/life/20201006/FD5IESF3E5DYJODXIQJASJ6YJU/
         <<< 2020-10-07 沒有更多 "有害" 相關的新聞 !!! >>>
  ------------------------------------------------------
    >> 搜尋關鍵字:"色料"; 網址:"https://tw.appledaily.com/search/色料/"
         <<< 2020-10-07 沒有更多 "色料" 相關的新聞 !!! >>>
  ------------------------------------------------------
    >> 搜尋關鍵字:"色素"; 網址:"https://tw.appledaily.com/search/色素/"
         <<< 2020-10-07 沒有更多 "色素" 相關的新聞 !!! >>>
  ------------------------------------------------------
    >> 搜尋關鍵字:"毒性"; 網址:"https://tw.appledaily.com/search/毒性/"
      **** something wrong!! Restart it!! ****
  ------------------------------------------------------
    >> 搜尋關鍵字:"毒品"; 網址:"https://tw.appledaily.com/search/毒品/"
         >>> 找到關鍵字 "毒品"; 文章資訊: 2020-10-07 00:00:00, 尖筷挾持管理員2人犯越獄未遂, https://tw.appledaily.com/headline/20201007/MRFC4AIM7BBMDFOUYRSCUGMEQA/
         >>> 找到關鍵字 "毒品"; 文章資訊: 2020-10-07 00:00:00, 殯葬少東遭轟頭命危, https://tw.appledaily.com/headline/20201007/3GVU6F6ZRJHXRKBYBBGROK4YBE/
         >>> 找到關鍵字 "毒品"; 文章資訊: 2020-10-06 23:52:00, 獨家南投看守所秋節驚傳越獄2人犯持尖筷挾持管理員釀4傷, https://tw.appledaily.com/local/20201006/PFBXQY4AIBEWZMQHMOEUQ7DOTA/
         >>> 找到關鍵字 "毒品"; 文章資訊: 2020-10-06 16:44:00, 國際同濟會台灣總會長交接蔡英文出席嘉許創造國家經濟動力, https://tw.appledaily.com/politics/20201006/3HXFER5VXVBL7I7ZMECCG3M2ZE/
         <<< 2020-10-07 沒有更多 "毒品" 相關的新聞 !!! >>>
  ------------------------------------------------------
    >> 搜尋關鍵字:"致癌"; 網址:"https://tw.appledaily.com/search/致癌/"
         <<< 2020-10-07 沒有更多 "致癌" 相關的新聞 !!! >>>
  ------------------------------------------------------
    >> 搜尋關鍵字:"重金屬"; 網址:"https://tw.appledaily.com/search/重金屬/"
         >>> 找到關鍵字 "重金屬"; 文章資訊: 2020-10-06 18:57:00, 首例彰化重金屬污染農地砸85億變身太陽能供電場, https://tw.appledaily.com/life/20201006/2UO2X5FBR5ATLBDXP67GF24FH4/
         <<< 2020-10-07 沒有更多 "重金屬" 相關的新聞 !!! >>>
  ------------------------------------------------------
    >> 搜尋關鍵字:"食安"; 網址:"https://tw.appledaily.com/search/食安/"
         >>> 找到關鍵字 "食安"; 文章資訊: 2020-10-06 19:20:00, 江啟臣率黨團訪雲林張麗善吐苦水前瞻要6億給1千4百萬, https://tw.appledaily.com/politics/20201006/ACKLYNR4RFBIJCC7V6S24YAO4M/
         >>> 找到關鍵字 "食安"; 文章資訊: 2020-10-06 16:40:00, 扯國中生團膳便當噁吞7cm塑膠條老師竟當開玩笑吃案不理, https://tw.appledaily.com/life/20201006/QWIYEJWED5CJ7EUSY6TNP6PFI4/
         >>> 找到關鍵字 "食安"; 文章資訊: 2020-10-06 16:02:00, 台灣豬標章不老氣認明金豬綠底全店用國產豬下月起可申請, https://tw.appledaily.com/life/20201006/5WL7FIPZGRC77EOTUPQTGFAVW4/
         >>> 找到關鍵字 "食安"; 文章資訊: 2020-10-06 15:37:00, 讓民眾有選擇權議員提案北市府製作不含瘦肉精肉品標章供業者張貼, https://tw.appledaily.com/life/20201006/VC4NYWM6RZEXLI2E5VOWRWHI6E/
         <<< 2020-10-07 沒有更多 "食安" 相關的新聞 !!! >>>
  ------------------------------------------------------
    >> 搜尋關鍵字:"香料"; 網址:"https://tw.appledaily.com/search/香料/"
         >>> 找到關鍵字 "香料"; 文章資訊: 2020-10-06 19:24:00, 限量首席調酒師精選三國領袖限定版威士忌禮盒精裝上市, https://tw.appledaily.com/supplement/20201006/Z6JK2KDIM5F5ZMNCOLKYXYCQFM/
         >>> 找到關鍵字 "香料"; 文章資訊: 2020-10-06 10:21:00, 大廚教做滷雞翅香嫩關鍵小火慢煮更入味, https://tw.appledaily.com/supplement/20201006/DVUPV4MRRBGGRG6JNNSSBMH5LY/
         <<< 2020-10-07 沒有更多 "香料" 相關的新聞 !!! >>>
  ------------------------------------------------------
    >> 搜尋關鍵字:"原料"; 網址:"https://tw.appledaily.com/search/原料/"
      **** something wrong!! Restart it!! ****
  ------------------------------------------------------
    >> 搜尋關鍵字:"氣爆"; 網址:"https://tw.appledaily.com/search/氣爆/"
         >>> 找到關鍵字 "氣爆"; 文章資訊: 2020-10-06 10:46:00, 不滿小額政治獻金遭調查羅智強赴監院嗆陳菊要不要查陳明文丁允恭, https://tw.appledaily.com/politics/20201006/BLF55UBMQNEW5IVOOIJM3F4JAI/
         <<< 2020-10-07 沒有更多 "氣爆" 相關的新聞 !!! >>>
  ------------------------------------------------------
    >> 搜尋關鍵字:"添加物"; 網址:"https://tw.appledaily.com/search/添加物/"
         <<< 2020-10-07 沒有更多 "添加物" 相關的新聞 !!! >>>
  ------------------------------------------------------
    >> 搜尋關鍵字:"黑心"; 網址:"https://tw.appledaily.com/search/黑心/"
      **** something wrong!! Restart it!! ****
  ------------------------------------------------------
    >> 搜尋關鍵字:"漂白"; 網址:"https://tw.appledaily.com/search/漂白/"
         <<< 2020-10-07 沒有更多 "漂白" 相關的新聞 !!! >>>
  ------------------------------------------------------
    >> 搜尋關鍵字:"爆炸"; 網址:"https://tw.appledaily.com/search/爆炸/"
         <<< 2020-10-07 沒有更多 "爆炸" 相關的新聞 !!! >>>
  ------------------------------------------------------
    >> 搜尋關鍵字:"新興"; 網址:"https://tw.appledaily.com/search/新興/"
      **** something wrong!! Restart it!! ****
  ------------------------------------------------------
    >> 搜尋關鍵字:"爆裂物"; 網址:"https://tw.appledaily.com/search/爆裂物/"
         <<< 2020-10-07 沒有更多 "爆裂物" 相關的新聞 !!! >>>
  ------------------------------------------------------
    >> 搜尋關鍵字:"IED"; 網址:"https://tw.appledaily.com/search/IED/"
         <<< 2020-10-07 沒有更多 "IED" 相關的新聞 !!! >>>
  ------------------------------------------------------
    >> 搜尋關鍵字:"排放"; 網址:"https://tw.appledaily.com/search/排放/"
      **** something wrong!! Restart it!! ****
  ------------------------------------------------------
    >> 搜尋關鍵字:"污染"; 網址:"https://tw.appledaily.com/search/污染/"
         >>> 找到關鍵字 "污染"; 文章資訊: 2020-10-07 00:00:00, 新北設空品維護區, https://tw.appledaily.com/headline/20201007/24PWHBQGZ5AODPYMJTEYN5LTPE/
         >>> 找到關鍵字 "污染"; 文章資訊: 2020-10-06 19:53:00, 經美國國務院審核台灣農委會家衛所加入全球非洲豬瘟研究聯盟, https://tw.appledaily.com/life/20201006/AWIWUBH7WZFJZOBVEBHVLOYSPE/
         >>> 找到關鍵字 "污染"; 文章資訊: 2020-10-06 18:57:00, 首例彰化重金屬污染農地砸85億變身太陽能供電場, https://tw.appledaily.com/life/20201006/2UO2X5FBR5ATLBDXP67GF24FH4/
         <<< 2020-10-07 沒有更多 "污染" 相關的新聞 !!! >>>
  ------------------------------------------------------
    >> 搜尋關鍵字:"廢水"; 網址:"https://tw.appledaily.com/search/廢水/"
         <<< 2020-10-07 沒有更多 "廢水" 相關的新聞 !!! >>>
  ------------------------------------------------------
    >> 搜尋關鍵字:"污水"; 網址:"https://tw.appledaily.com/search/污水/"
      **** something wrong!! Restart it!! ****
  ------------------------------------------------------
    >> 搜尋關鍵字:"洩漏"; 網址:"https://tw.appledaily.com/search/洩漏/"
         >>> 找到關鍵字 "洩漏"; 文章資訊: 2020-10-07 00:00:00, 保護揭弊吹哨者新北1個月內推草案, https://tw.appledaily.com/headline/20201007/KRSJDCCFGJHA5AUZDWSKZ2HZAI/
         >>> 找到關鍵字 "洩漏"; 文章資訊: 2020-10-06 19:00:00, 康軒吹哨者無保障勞團催立法新北允擬吹哨者保護法草案, https://tw.appledaily.com/life/20201006/35V5MKD36FBXTJ42LAI5WWVK6I/
         >>> 找到關鍵字 "洩漏"; 文章資訊: 2020-10-06 17:51:00, 汐止中興路瓦斯外洩警消封路查外洩源, https://tw.appledaily.com/local/20201006/M6MM4SKHSZG5XG66YQHF65YOIE/
         <<< 2020-10-07 沒有更多 "洩漏" 相關的新聞 !!! >>>
  ------------------------------------------------------
    >> 搜尋關鍵字:"暗管"; 網址:"https://tw.appledaily.com/search/暗管/"
         <<< 2020-10-07 沒有更多 "暗管" 相關的新聞 !!! >>>
  ------------------------------------------------------
    >> 搜尋關鍵字:"偷排"; 網址:"https://tw.appledaily.com/search/偷排/"
      **** something wrong!! Restart it!! ****
  ------------------------------------------------------
    >> 搜尋關鍵字:"安全"; 網址:"https://tw.appledaily.com/search/安全/"
         >>> 找到關鍵字 "安全"; 文章資訊: 2020-10-07 08:05:00, 獨家中共導彈搭北斗衛星威懾美軍國軍兩秘密武器備戰, https://tw.appledaily.com/politics/20201007/SXJQB536MNBSBB2UYHZHND7SD4/
         >>> 找到關鍵字 "安全"; 文章資訊: 2020-10-07 08:00:00, 國道10車撞白目騎士傷重昏迷恐與聯結車揹百萬元賠償, https://tw.appledaily.com/local/20201007/TZKKWRERBRDUZEEF3LJYCV5B74/
         >>> 找到關鍵字 "安全"; 文章資訊: 2020-10-07 07:23:00, 微軟新創加速器前瞻成果吸引國內外101家企業探尋商機, https://tw.appledaily.com/property/20201007/HQMYSBMARBDJJF37LRKUQR4BAE/
         >>> 找到關鍵字 "安全"; 文章資訊: 2020-10-07 05:10:00, 港國安法呼籲德國為香港發聲德學者長遠可影響習近平連任, https://tw.appledaily.com/international/20201007/VQNMNB5UWVBL7A3IGL5LYQN2OU/
         >>> 找到關鍵字 "安全"; 文章資訊: 2020-10-07 00:00:00, 川普新冠肺炎治療再現10月驚奇蘇益仁, https://tw.appledaily.com/forum/20201007/H3IT6HWRCBCRHDWW4GH4GAIC7Q/
         >>> 找到關鍵字 "安全"; 文章資訊: 2020-10-07 00:00:00, 私立時雨中學辦學績效卓越升學率佳, https://tw.appledaily.com/lifestyle/20201007/O5W4MGIGBNDBXC6AOTGNOST354/
         >>> 找到關鍵字 "安全"; 文章資訊: 2020-10-07 00:00:00, 商秧變法盤活5噸小貨車, https://tw.appledaily.com/lifestyle/20201007/LVZE2IN3WBG7PO2XBL5KVDEWIY/
         >>> 找到關鍵字 "安全"; 文章資訊: 2020-10-07 00:00:00, 向陽森林遊樂區下周一開始休園, https://tw.appledaily.com/headline/20201007/OFTUO5NENZHYXMQWEQTJ2LIJ4U/
         >>> 找到關鍵字 "安全"; 文章資訊: 2020-10-07 00:00:00, 真日本不只不賣關東煮了劉黎兒, https://tw.appledaily.com/forum/20201007/BR5Z64SZYBFJZEWEABPUQY7WIY/
         >>> 找到關鍵字 "安全"; 文章資訊: 2020-10-07 00:00:00, 專家評析系列6之3加強台美戰略與經濟夥伴連結周鉅原, https://tw.appledaily.com/forum/20201007/4FGAYGDFU5GM3NNHCOGRT2BK2I/
         >>> 找到關鍵字 "安全"; 文章資訊: 2020-10-07 00:00:00, 保德信人壽第九度獲金管會認可模範壽險公司, https://tw.appledaily.com/lifestyle/20201007/US75TITK2VH3TDPIGC7UYVRZ3U/
         >>> 找到關鍵字 "安全"; 文章資訊: 2020-10-07 00:00:00, 蘋論人民須展現意志扛起台灣安全, https://tw.appledaily.com/headline/20201007/UIV4Y75LWJDBPMCCCU5XW3FZTI/
         >>> 找到關鍵字 "安全"; 文章資訊: 2020-10-07 00:00:00, 立院朝野一致通過推動台美復交, https://tw.appledaily.com/headline/20201007/2YE27VY4ZJDWREW6I5HXP2LHJE/
         >>> 找到關鍵字 "安全"; 文章資訊: 2020-10-07 00:00:00, 台灣豬標章出爐金豬綠底下月申請, https://tw.appledaily.com/headline/20201007/6NHR6XCZXJBSBM6QWP42G66VJE/
         >>> 找到關鍵字 "安全"; 文章資訊: 2020-10-07 00:00:00, 白目騎士國道蛇行檢追究公共危險罪, https://tw.appledaily.com/headline/20201007/Q5N2AX2EYFHR3KQXSDUXJINOIY/
         >>> 找到關鍵字 "安全"; 文章資訊: 2020-10-07 00:00:00, 美女發言人無罩開講記者團驚嚇篩檢, https://tw.appledaily.com/headline/20201007/SFEHQTRMA5DV7KASTR3K7EZ45A/
         >>> 找到關鍵字 "安全"; 文章資訊: 2020-10-07 00:00:00, 頂著居檢質疑潘斯奔波代打, https://tw.appledaily.com/headline/20201007/BT5TTY3MLZB7NOHJH5OU4YXCAE/
         >>> 找到關鍵字 "安全"; 文章資訊: 2020-10-07 00:00:00, 保護揭弊吹哨者新北1個月內推草案, https://tw.appledaily.com/headline/20201007/KRSJDCCFGJHA5AUZDWSKZ2HZAI/
         >>> 找到關鍵字 "安全"; 文章資訊: 2020-10-07 00:00:00, 中國若攻打台灣龐皮歐美會緩和區域緊張, https://tw.appledaily.com/headline/20201007/YDGNYPNDWBGWPHO4AFGDQRC5PY/
         >>> 找到關鍵字 "安全"; 文章資訊: 2020-10-07 00:00:00, 蘋果知識家東奧達標積分雙軌制台灣雙陳拼門票, https://tw.appledaily.com/sports/20201007/3WOD4NDXAJAQZCCMTIFBVNTH7E/
  ------------------------------------------------------
    >> 搜尋關鍵字:"槽車"; 網址:"https://tw.appledaily.com/search/槽車/"
         <<< 2020-10-07 沒有更多 "槽車" 相關的新聞 !!! >>>
       >> 檔案輸出
        ------------------------------------------------------
      >> 下載新聞內容
      >> 下載 https://tw.appledaily.com/life/20201006/2UO2X5FBR5ATLBDXP67GF24FH4/, 首例彰化重金屬污染農地砸85億變身太陽能供電場
      >> 下載 https://tw.appledaily.com/life/20201006/UFCENFJQV5AQJPLMMZI4DG2YPU/, 人造絲完勝鋼鐵國家輻射中心開發高強度纖維深具產業競爭力
      >> 下載 https://tw.appledaily.com/life/20201006/2B5COGND6FE7XOG5M7KFXIP2C4/, 讓學生提早與產業接軌台科大打造智能化工實驗室
      >> 下載 https://tw.appledaily.com/local/20201006/M6MM4SKHSZG5XG66YQHF65YOIE/, 汐止中興路瓦斯外洩警消封路查外洩源
      >> 下載 https://tw.appledaily.com/life/20201006/FD5IESF3E5DYJODXIQJASJ6YJU/, 憂牴觸菸害防制法修法北市電子煙自治條例卡議會
      >> 下載 https://tw.appledaily.com/local/20201006/BAMNMM7BCJA65GRD64LKNF73GM/, 弒母剁頭逆子下周出獄高院8日急開庭可能結果曝光
      >> 下載 https://tw.appledaily.com/international/20201007/5IRL5JX7QVHYXJN7RUQ7VINWQA/, 不斷更新白宮醫師川普出院後沒再出現症狀美核按鈕手提箱護衛確診
      >> 下載 https://tw.appledaily.com/supplement/20201007/BN5YV5JLLFBUTG7T6VSXF7OXIQ/, 桃園COZZIBlu千元爽吃夯肉無限暢飲假日加贈半隻龍蝦
      >> 下載 https://tw.appledaily.com/international/20201006/SSPIB52SGZC7TCCBTKPJJR7INY/, 港國安法反對北京限制活動美領館違一國兩制有害無利
      >> 下載 https://tw.appledaily.com/life/20201006/FD5IESF3E5DYJODXIQJASJ6YJU/, 憂牴觸菸害防制法修法北市電子煙自治條例卡議會
      >> 下載 https://tw.appledaily.com/headline/20201007/MRFC4AIM7BBMDFOUYRSCUGMEQA/, 尖筷挾持管理員2人犯越獄未遂
      >> 下載 https://tw.appledaily.com/headline/20201007/3GVU6F6ZRJHXRKBYBBGROK4YBE/, 殯葬少東遭轟頭命危
      >> 下載 https://tw.appledaily.com/local/20201006/PFBXQY4AIBEWZMQHMOEUQ7DOTA/, 獨家南投看守所秋節驚傳越獄2人犯持尖筷挾持管理員釀4傷
      >> 下載 https://tw.appledaily.com/politics/20201006/3HXFER5VXVBL7I7ZMECCG3M2ZE/, 國際同濟會台灣總會長交接蔡英文出席嘉許創造國家經濟動力
      >> 下載 https://tw.appledaily.com/life/20201006/2UO2X5FBR5ATLBDXP67GF24FH4/, 首例彰化重金屬污染農地砸85億變身太陽能供電場
      >> 下載 https://tw.appledaily.com/politics/20201006/ACKLYNR4RFBIJCC7V6S24YAO4M/, 江啟臣率黨團訪雲林張麗善吐苦水前瞻要6億給1千4百萬
      >> 下載 https://tw.appledaily.com/life/20201006/QWIYEJWED5CJ7EUSY6TNP6PFI4/, 扯國中生團膳便當噁吞7cm塑膠條老師竟當開玩笑吃案不理
      >> 下載 https://tw.appledaily.com/life/20201006/5WL7FIPZGRC77EOTUPQTGFAVW4/, 台灣豬標章不老氣認明金豬綠底全店用國產豬下月起可申請
      >> 下載 https://tw.appledaily.com/life/20201006/VC4NYWM6RZEXLI2E5VOWRWHI6E/, 讓民眾有選擇權議員提案北市府製作不含瘦肉精肉品標章供業者張貼
      >> 下載 https://tw.appledaily.com/supplement/20201006/Z6JK2KDIM5F5ZMNCOLKYXYCQFM/, 限量首席調酒師精選三國領袖限定版威士忌禮盒精裝上市
      >> 下載 https://tw.appledaily.com/supplement/20201006/DVUPV4MRRBGGRG6JNNSSBMH5LY/, 大廚教做滷雞翅香嫩關鍵小火慢煮更入味
      >> 下載 https://tw.appledaily.com/politics/20201006/BLF55UBMQNEW5IVOOIJM3F4JAI/, 不滿小額政治獻金遭調查羅智強赴監院嗆陳菊要不要查陳明文丁允恭
      >> 下載 https://tw.appledaily.com/headline/20201007/24PWHBQGZ5AODPYMJTEYN5LTPE/, 新北設空品維護區
      >> 下載 https://tw.appledaily.com/life/20201006/AWIWUBH7WZFJZOBVEBHVLOYSPE/, 經美國國務院審核台灣農委會家衛所加入全球非洲豬瘟研究聯盟
      >> 下載 https://tw.appledaily.com/life/20201006/2UO2X5FBR5ATLBDXP67GF24FH4/, 首例彰化重金屬污染農地砸85億變身太陽能供電場
      >> 下載 https://tw.appledaily.com/headline/20201007/KRSJDCCFGJHA5AUZDWSKZ2HZAI/, 保護揭弊吹哨者新北1個月內推草案
      >> 下載 https://tw.appledaily.com/life/20201006/35V5MKD36FBXTJ42LAI5WWVK6I/, 康軒吹哨者無保障勞團催立法新北允擬吹哨者保護法草案
      >> 下載 https://tw.appledaily.com/local/20201006/M6MM4SKHSZG5XG66YQHF65YOIE/, 汐止中興路瓦斯外洩警消封路查外洩源
      >> 下載 https://tw.appledaily.com/politics/20201007/SXJQB536MNBSBB2UYHZHND7SD4/, 獨家中共導彈搭北斗衛星威懾美軍國軍兩秘密武器備戰
      >> 下載 https://tw.appledaily.com/local/20201007/TZKKWRERBRDUZEEF3LJYCV5B74/, 國道10車撞白目騎士傷重昏迷恐與聯結車揹百萬元賠償
      >> 下載 https://tw.appledaily.com/property/20201007/HQMYSBMARBDJJF37LRKUQR4BAE/, 微軟新創加速器前瞻成果吸引國內外101家企業探尋商機
      >> 下載 https://tw.appledaily.com/international/20201007/VQNMNB5UWVBL7A3IGL5LYQN2OU/, 港國安法呼籲德國為香港發聲德學者長遠可影響習近平連任
      >> 下載 https://tw.appledaily.com/forum/20201007/H3IT6HWRCBCRHDWW4GH4GAIC7Q/, 川普新冠肺炎治療再現10月驚奇蘇益仁
      >> 下載 https://tw.appledaily.com/lifestyle/20201007/O5W4MGIGBNDBXC6AOTGNOST354/, 私立時雨中學辦學績效卓越升學率佳
      >> 下載 https://tw.appledaily.com/lifestyle/20201007/LVZE2IN3WBG7PO2XBL5KVDEWIY/, 商秧變法盤活5噸小貨車
      >> 下載 https://tw.appledaily.com/headline/20201007/OFTUO5NENZHYXMQWEQTJ2LIJ4U/, 向陽森林遊樂區下周一開始休園
      >> 下載 https://tw.appledaily.com/forum/20201007/BR5Z64SZYBFJZEWEABPUQY7WIY/, 真日本不只不賣關東煮了劉黎兒
      >> 下載 https://tw.appledaily.com/forum/20201007/4FGAYGDFU5GM3NNHCOGRT2BK2I/, 專家評析系列6之3加強台美戰略與經濟夥伴連結周鉅原
      >> 下載 https://tw.appledaily.com/lifestyle/20201007/US75TITK2VH3TDPIGC7UYVRZ3U/, 保德信人壽第九度獲金管會認可模範壽險公司
      >> 下載 https://tw.appledaily.com/headline/20201007/UIV4Y75LWJDBPMCCCU5XW3FZTI/, 蘋論人民須展現意志扛起台灣安全
      >> 下載 https://tw.appledaily.com/headline/20201007/2YE27VY4ZJDWREW6I5HXP2LHJE/, 立院朝野一致通過推動台美復交
      >> 下載 https://tw.appledaily.com/headline/20201007/6NHR6XCZXJBSBM6QWP42G66VJE/, 台灣豬標章出爐金豬綠底下月申請
      >> 下載 https://tw.appledaily.com/headline/20201007/Q5N2AX2EYFHR3KQXSDUXJINOIY/, 白目騎士國道蛇行檢追究公共危險罪
      >> 下載 https://tw.appledaily.com/headline/20201007/SFEHQTRMA5DV7KASTR3K7EZ45A/, 美女發言人無罩開講記者團驚嚇篩檢
      >> 下載 https://tw.appledaily.com/headline/20201007/BT5TTY3MLZB7NOHJH5OU4YXCAE/, 頂著居檢質疑潘斯奔波代打
      >> 下載 https://tw.appledaily.com/headline/20201007/KRSJDCCFGJHA5AUZDWSKZ2HZAI/, 保護揭弊吹哨者新北1個月內推草案
      >> 下載 https://tw.appledaily.com/headline/20201007/YDGNYPNDWBGWPHO4AFGDQRC5PY/, 中國若攻打台灣龐皮歐美會緩和區域緊張
      >> 下載 https://tw.appledaily.com/sports/20201007/3WOD4NDXAJAQZCCMTIFBVNTH7E/, 蘋果知識家東奧達標積分雙軌制台灣雙陳拼門票
