     -----> 新聞爬蟲：聯合新聞網

           <<< 聯合新聞網新聞搜尋 >>>
        ------------------------------------------------------
        ------------------------------------------------------
       >> 搜尋關鍵字:"工業用"; 網址:"https://udn.com/search/word/2/工業用"
         >>> 找到關鍵字 "工業用"; 文章資訊: 2020-10-06 01:39:33, 我國製造業PMI連三升六產業全熱, https://udn.com/news/story/7238/4912892
         >>> 找到關鍵字 "工業用"; 文章資訊: 2020-10-06 00:33:57, 貿聯增1出貨持穩, https://udn.com/news/story/7253/4912384
         >>> 找到關鍵字 "工業用"; 文章資訊: 2020-10-05 17:47:08, 貿聯9月營收2043億元月增188今年新高, https://udn.com/news/story/7253/4912048
         >>> 找到關鍵字 "工業用"; 文章資訊: 2020-10-05 10:23:24, 順德第4季車用導線架回溫法人估明年獲利倍增, https://udn.com/news/story/7240/4910748
         <<< 2020-10-06 沒有更多 "工業用" 相關的新聞 !!! >>>
        ------------------------------------------------------
       >> 搜尋關鍵字:"化工"; 網址:"https://udn.com/search/word/2/化工"
         >>> 找到關鍵字 "化工"; 文章資訊: 2020-10-06 02:17:00, 染料敏化電池創能界新星, https://udn.com/news/story/7240/4912721
         >>> 找到關鍵字 "化工"; 文章資訊: 2020-10-05 18:40:20, 淡水立委會勘清除路障年底有望電桿地下化, https://udn.com/news/story/7323/4912038
         >>> 找到關鍵字 "化工"; 文章資訊: 2020-10-05 13:09:06, 台灣首家富邦壽全力響應偕荒野啟動三年川廢快篩, https://udn.com/news/story/7239/4911243
         >>> 找到關鍵字 "化工"; 文章資訊: 2020-10-05 13:01:11, 綠空鐵道北段龍燕較勁議員進度落後雙方要溝通, https://udn.com/news/story/7325/4911207
         <<< 2020-10-06 沒有更多 "化工" 相關的新聞 !!! >>>
        ------------------------------------------------------
       >> 搜尋關鍵字:"化災"; 網址:"https://udn.com/search/word/2/化災"
         <<< 2020-10-06 沒有更多 "化災" 相關的新聞 !!! >>>
        ------------------------------------------------------
       >> 搜尋關鍵字:"化學"; 網址:"https://udn.com/search/word/2/化學"
         >>> 找到關鍵字 "化學"; 文章資訊: 2020-10-06 07:00:00, 輕忽歐林尼克不包夾巴特勒湖人怎能不輸球, https://udn.com/news/story/7002/4912232
         >>> 找到關鍵字 "化學"; 文章資訊: 2020-10-06 06:26:06, 川普即將出院激勵道瓊漲逾460點能源科技類領漲, https://udn.com/news/story/6811/4913203
         >>> 找到關鍵字 "化學"; 文章資訊: 2020-10-06 03:05:05, 女性得主不到6諾貝爾獎各項之最一次看, https://udn.com/news/story/120764/4913163
         >>> 找到關鍵字 "化學"; 文章資訊: 2020-10-06 02:31:00, 全球企業併購熱一天四起, https://udn.com/news/story/6811/4912957
         >>> 找到關鍵字 "化學"; 文章資訊: 2020-10-06 02:26:00, 寧德重返電動車電池龍頭相關產品銷量超越LG化學, https://udn.com/news/story/7333/4912647
         >>> 找到關鍵字 "化學"; 文章資訊: 2020-10-06 02:23:00, 諾貝爾醫學獎三人共享, https://udn.com/news/story/120764/4912973
         >>> 找到關鍵字 "化學"; 文章資訊: 2020-10-06 02:17:00, 染料敏化電池創能界新星, https://udn.com/news/story/7240/4912721
         >>> 找到關鍵字 "化學"; 文章資訊: 2020-10-06 01:38:45, 無薪假人數又多了一周內增加近千人, https://udn.com/news/story/7238/4912810
         >>> 找到關鍵字 "化學"; 文章資訊: 2020-10-06 00:47:00, 心血管疾病問題多醫師教日常保養血管這樣做, https://health.udn.com/health/story/5977/4911926
         >>> 找到關鍵字 "化學"; 文章資訊: 2020-10-06 00:45:00, 慢性鉛中毒會有這些症狀生活常見5種重金屬暴露教你該如何發現, https://health.udn.com/health/story/6008/4911918
         >>> 找到關鍵字 "化學"; 文章資訊: 2020-10-05 18:14:08, 三學者發現並確立C肝病毒致肝病今同獲諾貝爾生醫獎, https://udn.com/news/story/120764/4912111
         >>> 找到關鍵字 "化學"; 文章資訊: 2020-10-05 17:26:10, 三峽五寮筍園登革熱群聚持續擴大再闖管制區最高罰30萬, https://udn.com/news/story/7266/4911992
         >>> 找到關鍵字 "化學"; 文章資訊: 2020-10-05 17:25:02, 三峽五寮筍園登革熱群聚持續擴大再闖管制區最高罰30萬, https://health.udn.com/health/story/5961/4911992
         >>> 找到關鍵字 "化學"; 文章資訊: 2020-10-05 15:13:07, IBM預測未來五年五大創新趨勢, https://udn.com/news/story/7240/4911671
         >>> 找到關鍵字 "化學"; 文章資訊: 2020-10-05 14:19:07, 產學合作教學成果併進文化大學拚出畢業生即戰力, https://udn.com/news/story/6928/4911470
         >>> 找到關鍵字 "化學"; 文章資訊: 2020-10-05 14:18:05, 諾貝爾醫學獎落誰家衛生和免疫學領域受關注, https://udn.com/news/story/120764/4911398
         >>> 找到關鍵字 "化學"; 文章資訊: 2020-10-05 13:45:55, 多吃油能減肥日男高脂斷糖減肥法兩個月暴瘦32公斤, https://udn.com/news/story/7266/4911180
         >>> 找到關鍵字 "化學"; 文章資訊: 2020-10-05 11:48:45, 剛開封的茶怎麼判斷品質優劣專家教你一個分辨關鍵, https://health.udn.com/health/story/6037/4910968
         >>> 找到關鍵字 "化學"; 文章資訊: 2020-10-05 11:43:06, 無薪假17萬人勞動部長期趨勢看已連3個月下降, https://udn.com/news/story/7238/4910949
         >>> 找到關鍵字 "化學"; 文章資訊: 2020-10-05 11:19:06, 集邦中芯遭美制裁影響大於對華為晉華出手, https://udn.com/news/story/7240/4910888
        ------------------------------------------------------
       >> 搜尋關鍵字:"外洩"; 網址:"https://udn.com/search/word/2/外洩"
         >>> 找到關鍵字 "外洩"; 文章資訊: 2020-10-05 16:47:21, 科技戰開打專家台灣人才個資成駭客垂涎目標, https://udn.com/news/story/7269/4911877
         >>> 找到關鍵字 "外洩"; 文章資訊: 2020-10-05 16:41:09, LINE瘋傳肯德基送零食桶連結官方急澄清勿點, https://udn.com/news/story/7193/4911908
         >>> 找到關鍵字 "外洩"; 文章資訊: 2020-10-05 16:41:09, LINE瘋傳肯德基送零食桶連結官方急澄清勿點, https://udn.com/news/story/7270/4911908
         >>> 找到關鍵字 "外洩"; 文章資訊: 2020-10-05 16:41:02, LINE瘋傳肯德基送零食桶連結官方急澄清勿點, https://style.udn.com/style/story/11350/4911908
         >>> 找到關鍵字 "外洩"; 文章資訊: 2020-10-05 12:45:08, 避免求職個資外洩KPMG找到工作後要求刪除求職資料, https://udn.com/news/story/7240/4911161
         >>> 找到關鍵字 "外洩"; 文章資訊: 2020-10-05 12:42:08, 碧潭風景區餐廳氣爆幸當時未開店無人傷, https://udn.com/news/story/7320/4911130
         <<< 2020-10-06 沒有更多 "外洩" 相關的新聞 !!! >>>
        ------------------------------------------------------
       >> 搜尋關鍵字:"危害"; 網址:"https://udn.com/search/word/2/危害"
         >>> 找到關鍵字 "危害"; 文章資訊: 2020-10-06 06:12:09, ESG商品市場新寵, https://udn.com/news/story/121591/4912920
         >>> 找到關鍵字 "危害"; 文章資訊: 2020-10-06 00:35:22, 周行一川普的病情對全球經濟的影響, https://udn.com/news/story/7340/4913024
         >>> 找到關鍵字 "危害"; 文章資訊: 2020-10-06 00:33:04, 外快3個月20萬摘葉子真有那麼好賺, https://udn.com/news/story/120887/4913092
         >>> 找到關鍵字 "危害"; 文章資訊: 2020-10-06 00:31:29, 高市納管電子煙最高罰10萬, https://udn.com/news/story/7327/4913043
         >>> 找到關鍵字 "危害"; 文章資訊: 2020-10-05 23:25:10, ESG商品市場新寵, https://fund.udn.com/fund/story/5858/4912920
         >>> 找到關鍵字 "危害"; 文章資訊: 2020-10-05 16:39:11, 高雄自治條例率先開跑賣電子菸給兒少及孕婦要開罰, https://udn.com/news/story/7327/4911901
         >>> 找到關鍵字 "危害"; 文章資訊: 2020-10-05 16:31:04, 民團籲修自治條例反美豬高市府重申三大作為把關, https://udn.com/news/story/9750/4911855
         >>> 找到關鍵字 "危害"; 文章資訊: 2020-10-05 12:54:04, 拒絕瘦肉精民團籲高雄市修自治條例把關, https://udn.com/news/story/9750/4911184
         <<< 2020-10-06 沒有更多 "危害" 相關的新聞 !!! >>>
        ------------------------------------------------------
       >> 搜尋關鍵字:"有毒"; 網址:"https://udn.com/search/word/2/有毒"
         >>> 找到關鍵字 "有毒"; 文章資訊: 2020-10-05 20:13:45, 哥倫比亞女海上漂流8小時獲救被揭曾遭虐待失蹤2年身世坎坷, https://udn.com/news/story/6812/4912160
         >>> 找到關鍵字 "有毒"; 文章資訊: 2020-10-05 18:22:11, 違法車輛想偷倒廢棄物剛好遇公所視察當場抓包, https://udn.com/news/story/7326/4912121
         >>> 找到關鍵字 "有毒"; 文章資訊: 2020-10-05 16:49:55, 怒吼黑幫寡頭治國保加利亞不被聽見的全國大起義, https://global.udn.com/global_vision/story/8663/4887688
         >>> 找到關鍵字 "有毒"; 文章資訊: 2020-10-05 16:39:59, 知道你盤中海產何處來嗎拯救海洋從吃對魚開始, https://ubrand.udn.com/ubrand/story/12116/4911913
         <<< 2020-10-06 沒有更多 "有毒" 相關的新聞 !!! >>>
        ------------------------------------------------------
       >> 搜尋關鍵字:"有害"; 網址:"https://udn.com/search/word/2/有害"
         >>> 找到關鍵字 "有害"; 文章資訊: 2020-10-05 18:22:11, 違法車輛想偷倒廢棄物剛好遇公所視察當場抓包, https://udn.com/news/story/7326/4912121
         >>> 找到關鍵字 "有害"; 文章資訊: 2020-10-05 17:32:01, 川普在危險期就要強行出院三種療法催落去醫生傻爆眼, https://udn.com/news/story/120883/4911893
         >>> 找到關鍵字 "有害"; 文章資訊: 2020-10-05 08:56:11, 綠鬣蜥飼養申請登記實施1個月屏東5名飼主登記, https://udn.com/news/story/7327/4910643
         >>> 找到關鍵字 "有害"; 文章資訊: 2020-10-05 07:10:00, 疫情是騙局為何歐洲人盲信科學家也講不聽, https://udn.com/news/story/120883/4910529
         <<< 2020-10-06 沒有更多 "有害" 相關的新聞 !!! >>>
        ------------------------------------------------------
       >> 搜尋關鍵字:"色料"; 網址:"https://udn.com/search/word/2/色料"
         <<< 2020-10-06 沒有更多 "色料" 相關的新聞 !!! >>>
        ------------------------------------------------------
       >> 搜尋關鍵字:"色素"; 網址:"https://udn.com/search/word/2/色素"
         >>> 找到關鍵字 "色素"; 文章資訊: 2020-10-06 00:47:00, 心血管疾病問題多醫師教日常保養血管這樣做, https://health.udn.com/health/story/5977/4911926
         >>> 找到關鍵字 "色素"; 文章資訊: 2020-10-06 00:33:56, 緯創深耕智慧醫療系統, https://udn.com/news/story/7253/4912389
         >>> 找到關鍵字 "色素"; 文章資訊: 2020-10-05 21:17:04, 揮別免洗手遊2020真正手遊大作月光雕刻師在異世界當英雄也能很浪漫, https://game.udn.com/game/story/10453/4912412
         >>> 找到關鍵字 "色素"; 文章資訊: 2020-10-05 14:45:08, 緯創攜手高醫大打造南台灣智慧照護健康生態圈, https://udn.com/news/story/7240/4911556
         >>> 找到關鍵字 "色素"; 文章資訊: 2020-10-05 14:23:06, 緯創醫學攜手高醫打造南臺灣智慧照護在地健康生態圈, https://udn.com/news/story/7240/4911485
         <<< 2020-10-06 沒有更多 "色素" 相關的新聞 !!! >>>
        ------------------------------------------------------
       >> 搜尋關鍵字:"毒性"; 網址:"https://udn.com/search/word/2/毒性"
         >>> 找到關鍵字 "毒性"; 文章資訊: 2020-10-06 02:23:00, 諾貝爾醫學獎三人共享, https://udn.com/news/story/120764/4912973
         >>> 找到關鍵字 "毒性"; 文章資訊: 2020-10-06 00:45:00, 慢性鉛中毒會有這些症狀生活常見5種重金屬暴露教你該如何發現, https://health.udn.com/health/story/6008/4911918
         >>> 找到關鍵字 "毒性"; 文章資訊: 2020-10-05 12:54:04, 拒絕瘦肉精民團籲高雄市修自治條例把關, https://udn.com/news/story/9750/4911184
         >>> 找到關鍵字 "毒性"; 文章資訊: 2020-10-05 07:10:00, 疫情是騙局為何歐洲人盲信科學家也講不聽, https://udn.com/news/story/120883/4910529
         <<< 2020-10-06 沒有更多 "毒性" 相關的新聞 !!! >>>
        ------------------------------------------------------
       >> 搜尋關鍵字:"毒品"; 網址:"https://udn.com/search/word/2/毒品"
         >>> 找到關鍵字 "毒品"; 文章資訊: 2020-10-05 22:03:07, 苗縣詭異工寮成毛孩墳場警追查飼主到案說明, https://udn.com/news/story/7320/4912415
         >>> 找到關鍵字 "毒品"; 文章資訊: 2020-10-05 17:27:06, 防漏接弒母斷頭男13日將出監高院更一審8日先開庭, https://udn.com/news/story/7315/4911997
         >>> 找到關鍵字 "毒品"; 文章資訊: 2020-10-05 16:39:11, 高雄自治條例率先開跑賣電子菸給兒少及孕婦要開罰, https://udn.com/news/story/7327/4911901
         >>> 找到關鍵字 "毒品"; 文章資訊: 2020-10-05 15:22:08, 客運毒駕引關注北市議員要求智慧控管工時資料, https://udn.com/news/story/7323/4911682
         >>> 找到關鍵字 "毒品"; 文章資訊: 2020-10-05 10:56:24, 阿公當家當愛爾老男人大戰當家小鬼頭, https://udn.com/umedia/story/12760/4910837
         >>> 找到關鍵字 "毒品"; 文章資訊: 2020-10-05 10:41:12, 私人土地遍布狗骨頭愛狗團體質疑虐待動物, https://udn.com/news/story/7324/4910797
         <<< 2020-10-06 沒有更多 "毒品" 相關的新聞 !!! >>>
        ------------------------------------------------------
       >> 搜尋關鍵字:"致癌"; 網址:"https://udn.com/search/word/2/致癌"
         >>> 找到關鍵字 "致癌"; 文章資訊: 2020-10-06 00:31:29, 高市納管電子煙最高罰10萬, https://udn.com/news/story/7327/4913043
         >>> 找到關鍵字 "致癌"; 文章資訊: 2020-10-05 16:39:11, 高雄自治條例率先開跑賣電子菸給兒少及孕婦要開罰, https://udn.com/news/story/7327/4911901
         <<< 2020-10-06 沒有更多 "致癌" 相關的新聞 !!! >>>
        ------------------------------------------------------
       >> 搜尋關鍵字:"重金屬"; 網址:"https://udn.com/search/word/2/重金屬"
         >>> 找到關鍵字 "重金屬"; 文章資訊: 2020-10-06 00:45:00, 慢性鉛中毒會有這些症狀生活常見5種重金屬暴露教你該如何發現, https://health.udn.com/health/story/6008/4911918
         <<< 2020-10-06 沒有更多 "重金屬" 相關的新聞 !!! >>>
        ------------------------------------------------------
       >> 搜尋關鍵字:"食安"; 網址:"https://udn.com/search/word/2/食安"
         >>> 找到關鍵字 "食安"; 文章資訊: 2020-10-06 00:58:30, 明年新制上路手搖飲須標示總糖量總熱量, https://udn.com/news/story/7266/4913126
         >>> 找到關鍵字 "食安"; 文章資訊: 2020-10-06 00:33:46, 政策行銷未註明農委會最嚴重, https://udn.com/news/story/9750/4913000
         >>> 找到關鍵字 "食安"; 文章資訊: 2020-10-05 22:25:52, 農地工廠問題多中央被批打假球, https://udn.com/news/story/7325/4912429
         >>> 找到關鍵字 "食安"; 文章資訊: 2020-10-05 22:24:09, 中市12外生檢疫中腹瀉發燒99排除新冠肺炎, https://udn.com/news/story/7325/4912445
         >>> 找到關鍵字 "食安"; 文章資訊: 2020-10-05 22:07:09, 買科學人廣告惹議遭審計長點名農委會使用符合規定, https://udn.com/news/story/9750/4912529
         >>> 找到關鍵字 "食安"; 文章資訊: 2020-10-05 16:58:06, 12名外籍生檢疫所上吐下潟疑染疫中市衛局食物中毒, https://udn.com/news/story/7325/4911937
         >>> 找到關鍵字 "食安"; 文章資訊: 2020-10-05 16:39:59, 知道你盤中海產何處來嗎拯救海洋從吃對魚開始, https://ubrand.udn.com/ubrand/story/12116/4911913
         >>> 找到關鍵字 "食安"; 文章資訊: 2020-10-05 16:31:04, 民團籲修自治條例反美豬高市府重申三大作為把關, https://udn.com/news/story/9750/4911855
         >>> 找到關鍵字 "食安"; 文章資訊: 2020-10-05 16:10:13, 買代購香港老行家月餅卻發霉台中民代氣權益難保障, https://udn.com/news/story/7325/4911827
         >>> 找到關鍵字 "食安"; 文章資訊: 2020-10-05 14:28:14, 高市議會開議國民黨把關預算擬萊豬零檢出, https://udn.com/news/story/7327/4911377
         >>> 找到關鍵字 "食安"; 文章資訊: 2020-10-05 13:16:07, 農地高汙染工廠多中市議員轟經濟部打假球, https://udn.com/news/story/7325/4911262
         >>> 找到關鍵字 "食安"; 文章資訊: 2020-10-05 12:56:15, 農田水利署石門管理處揭牌鄭文燦盼龍潭納灌區, https://udn.com/news/story/7324/4911191
         >>> 找到關鍵字 "食安"; 文章資訊: 2020-10-05 12:54:04, 拒絕瘦肉精民團籲高雄市修自治條例把關, https://udn.com/news/story/9750/4911184
         >>> 找到關鍵字 "食安"; 文章資訊: 2020-10-05 12:34:09, 萊豬來台外送平台菜單未標示肉品來源國最高罰300萬, https://udn.com/news/story/7266/4911098
         >>> 找到關鍵字 "食安"; 文章資訊: 2020-10-05 12:15:35, 審查放寬美豬行政命令蔣萬安規劃先開公聽會, https://udn.com/news/story/9750/4910936
         >>> 找到關鍵字 "食安"; 文章資訊: 2020-10-05 12:07:08, 新制明年元旦上路手搖飲要標總糖量和總熱量珍珠芋圓也要算, https://udn.com/news/story/7193/4911043
         >>> 找到關鍵字 "食安"; 文章資訊: 2020-10-05 12:07:08, 新制明年元旦上路手搖飲要標總糖量和總熱量珍珠芋圓也要算, https://udn.com/news/story/7266/4911043
         <<< 2020-10-06 沒有更多 "食安" 相關的新聞 !!! >>>
        ------------------------------------------------------
       >> 搜尋關鍵字:"香料"; 網址:"https://udn.com/search/word/2/香料"
         <<< 2020-10-06 沒有更多 "香料" 相關的新聞 !!! >>>
        ------------------------------------------------------
       >> 搜尋關鍵字:"原料"; 網址:"https://udn.com/search/word/2/原料"
         >>> 找到關鍵字 "原料"; 文章資訊: 2020-10-06 00:46:06, 銅價修正長多不變, https://udn.com/news/story/6811/4912813
         >>> 找到關鍵字 "原料"; 文章資訊: 2020-10-05 16:46:08, 材料KY擴產效益發威9月營收創新高, https://udn.com/news/story/7252/4911923
         >>> 找到關鍵字 "原料"; 文章資訊: 2020-10-05 16:31:04, 民團籲修自治條例反美豬高市府重申三大作為把關, https://udn.com/news/story/9750/4911855
         >>> 找到關鍵字 "原料"; 文章資訊: 2020-10-05 14:58:19, 你回收他請飲料ECOCO用回收兌換小確幸, https://ubrand.udn.com/ubrand/story/11817/4911630
         >>> 找到關鍵字 "原料"; 文章資訊: 2020-10-05 13:37:11, 淡水河流域清出18萬公升垃圾關渡蘆洲最嚴重, https://udn.com/news/story/7323/4911302
         >>> 找到關鍵字 "原料"; 文章資訊: 2020-10-05 12:11:26, 命理師指點買房三原則女看高富帥男看九字訣, https://house.udn.com/house/story/5887/4911055
         >>> 找到關鍵字 "原料"; 文章資訊: 2020-10-05 11:06:08, 正隆打造跨國循環經濟獲BCCT企業社會責任獎, https://udn.com/news/story/7241/4910862
         >>> 找到關鍵字 "原料"; 文章資訊: 2020-10-05 10:23:24, 順德第4季車用導線架回溫法人估明年獲利倍增, https://udn.com/news/story/7240/4910748
         >>> 找到關鍵字 "原料"; 文章資訊: 2020-10-05 08:33:06, 美政府入股電動車電池金屬公司降低對大陸鎳鈷依賴, https://udn.com/news/story/6811/4910629
         <<< 2020-10-06 沒有更多 "原料" 相關的新聞 !!! >>>
        ------------------------------------------------------
       >> 搜尋關鍵字:"氣爆"; 網址:"https://udn.com/search/word/2/氣爆"
         >>> 找到關鍵字 "氣爆"; 文章資訊: 2020-10-05 12:42:08, 碧潭風景區餐廳氣爆幸當時未開店無人傷, https://udn.com/news/story/7320/4911130
         >>> 找到關鍵字 "氣爆"; 文章資訊: 2020-10-05 12:12:15, 新北碧潭店家氣爆巨響老鼠咬破管線釀禍, https://udn.com/news/story/7320/4911039
         >>> 找到關鍵字 "氣爆"; 文章資訊: 2020-10-05 09:00:00, 醫病平台面臨生死關卡家屬的萬般艱難仰賴醫療端的用心與智慧來紓解, https://health.udn.com/health/story/6001/4907444
         <<< 2020-10-06 沒有更多 "氣爆" 相關的新聞 !!! >>>
        ------------------------------------------------------
       >> 搜尋關鍵字:"添加物"; 網址:"https://udn.com/search/word/2/添加物"
         <<< 2020-10-06 沒有更多 "添加物" 相關的新聞 !!! >>>
        ------------------------------------------------------
       >> 搜尋關鍵字:"黑心"; 網址:"https://udn.com/search/word/2/黑心"
         >>> 找到關鍵字 "黑心"; 文章資訊: 2020-10-06 00:05:19, 聯合報黑白集國王的口罩, https://udn.com/news/story/7338/4912994
         <<< 2020-10-06 沒有更多 "黑心" 相關的新聞 !!! >>>
        ------------------------------------------------------
       >> 搜尋關鍵字:"漂白"; 網址:"https://udn.com/search/word/2/漂白"
         >>> 找到關鍵字 "漂白"; 文章資訊: 2020-10-05 17:01:05, 小心洗澡玩具水噴到眼睛2歲寶寶得蜂窩性組織炎險失明, https://udn.com/news/story/6810/4911888
         <<< 2020-10-06 沒有更多 "漂白" 相關的新聞 !!! >>>
        ------------------------------------------------------
       >> 搜尋關鍵字:"爆炸"; 網址:"https://udn.com/search/word/2/爆炸"
         >>> 找到關鍵字 "爆炸"; 文章資訊: 2020-10-06 01:11:04, 遺失逾半世紀越戰老兵金屬身分識別牌回歸遺孀, https://udn.com/news/story/6813/4913133
         >>> 找到關鍵字 "爆炸"; 文章資訊: 2020-10-06 00:31:29, 高市納管電子煙最高罰10萬, https://udn.com/news/story/7327/4913043
         >>> 找到關鍵字 "爆炸"; 文章資訊: 2020-10-05 21:03:11, 炸裂愛吃懂吃的舌頭米其林餐盤推薦無菜單料理餐廳TheTavernist, https://udn.com/news/story/7193/4896350
         >>> 找到關鍵字 "爆炸"; 文章資訊: 2020-10-05 18:45:16, 社會檔案沉重的2200萬獎金警方假消息保護當年麥當勞爆炸案證人, https://udn.com/news/story/7320/4912161
         >>> 找到關鍵字 "爆炸"; 文章資訊: 2020-10-05 16:39:11, 高雄自治條例率先開跑賣電子菸給兒少及孕婦要開罰, https://udn.com/news/story/7327/4911901
         >>> 找到關鍵字 "爆炸"; 文章資訊: 2020-10-05 12:49:07, 社會檔案沉重的2200萬獎金警方假消息保護當年麥當勞爆炸案證人, https://udn.com/news/story/120887/4911005
         >>> 找到關鍵字 "爆炸"; 文章資訊: 2020-10-05 10:59:30, 烤肉吃土虱的蛋拉肚子急診醫師傻眼這什麼, https://udn.com/news/story/11474/4910813
         >>> 找到關鍵字 "爆炸"; 文章資訊: 2020-10-05 09:25:05, 高加索衝突紅十字會譴責無差別砲擊違反國際法, https://udn.com/news/story/6809/4910647
         <<< 2020-10-06 沒有更多 "爆炸" 相關的新聞 !!! >>>
        ------------------------------------------------------
       >> 搜尋關鍵字:"新興"; 網址:"https://udn.com/search/word/2/新興"
         >>> 找到關鍵字 "新興"; 文章資訊: 2020-10-06 06:12:09, 越南基金題材紅火, https://udn.com/news/story/121591/4912923
         >>> 找到關鍵字 "新興"; 文章資訊: 2020-10-06 01:57:12, 小浪底工程世界壩工史最大挑戰, https://udn.com/news/story/7332/4912681
         >>> 找到關鍵字 "新興"; 文章資訊: 2020-10-06 00:45:07, 新興國救市通膨問題難解, https://udn.com/news/story/6811/4912831
         >>> 找到關鍵字 "新興"; 文章資訊: 2020-10-06 00:33:59, 精誠代理監測網路產品, https://udn.com/news/story/7253/4912321
         >>> 找到關鍵字 "新興"; 文章資訊: 2020-10-06 00:33:46, 政策行銷未註明農委會最嚴重, https://udn.com/news/story/9750/4913000
         >>> 找到關鍵字 "新興"; 文章資訊: 2020-10-06 00:31:29, 高市納管電子煙最高罰10萬, https://udn.com/news/story/7327/4913043
         >>> 找到關鍵字 "新興"; 文章資訊: 2020-10-06 00:27:22, 共機挑釁我已戰巡4132架次, https://udn.com/news/story/10930/4913002
         >>> 找到關鍵字 "新興"; 文章資訊: 2020-10-06 00:23:48, 創新實戰訂閱制神秘箱開創藍海, https://udn.com/news/story/7241/4912410
         >>> 找到關鍵字 "新興"; 文章資訊: 2020-10-05 23:28:10, 爛醉執意騎車大學生撞桿亡, https://udn.com/news/story/7320/4912840
         >>> 找到關鍵字 "新興"; 文章資訊: 2020-10-05 23:26:14, 越南基金題材紅火, https://fund.udn.com/fund/story/5857/4912923
         >>> 找到關鍵字 "新興"; 文章資訊: 2020-10-05 21:13:03, 美股基金資金青睞, https://fund.udn.com/fund/story/5858/4912408
         >>> 找到關鍵字 "新興"; 文章資訊: 2020-10-05 20:46:48, 諾貝爾獎落C肝研究者致力研發疫苗20年不輟, https://udn.com/news/story/120764/4912359
         >>> 找到關鍵字 "新興"; 文章資訊: 2020-10-05 20:17:07, 科技部推跨世代年輕學者方案最高補助千萬, https://udn.com/news/story/7240/4912315
         >>> 找到關鍵字 "新興"; 文章資訊: 2020-10-05 18:50:07, 勞動基金8月再賺489億勞動部9月表現恐差強人意, https://udn.com/news/story/7238/4912172
         >>> 找到關鍵字 "新興"; 文章資訊: 2020-10-05 18:23:11, 影差一點來賓齊拉道具險倒地官員伸手急擋, https://udn.com/news/story/7325/4912126
         >>> 找到關鍵字 "新興"; 文章資訊: 2020-10-05 17:00:00, 低利環境收益投資成主流聯博兩大收益策略掌收益平衡風險, https://fund.udn.com/fund/story/5869/4910904
         >>> 找到關鍵字 "新興"; 文章資訊: 2020-10-05 16:54:09, 勞動基金截至8月底累計收益7714億, https://udn.com/news/story/7238/4911878
         >>> 找到關鍵字 "新興"; 文章資訊: 2020-10-05 16:39:11, 高雄自治條例率先開跑賣電子菸給兒少及孕婦要開罰, https://udn.com/news/story/7327/4911901
         >>> 找到關鍵字 "新興"; 文章資訊: 2020-10-05 15:53:07, 美國總統染疫凱基投信風險性資產中長期仍偏正向, https://udn.com/news/story/7251/4911771
         >>> 找到關鍵字 "新興"; 文章資訊: 2020-10-05 15:28:06, 疫後調查工總大陸台企受創深恐引發台灣經濟海嘯式衝擊, https://udn.com/news/story/7238/4911712
        ------------------------------------------------------
       >> 搜尋關鍵字:"爆裂物"; 網址:"https://udn.com/search/word/2/爆裂物"
         >>> 找到關鍵字 "爆裂物"; 文章資訊: 2020-10-05 12:49:07, 社會檔案沉重的2200萬獎金警方假消息保護當年麥當勞爆炸案證人, https://udn.com/news/story/120887/4911005
         <<< 2020-10-06 沒有更多 "爆裂物" 相關的新聞 !!! >>>
        ------------------------------------------------------
       >> 搜尋關鍵字:"IED"; 網址:"https://udn.com/search/word/2/IED"
         <<< 2020-10-06 沒有更多 "IED" 相關的新聞 !!! >>>
        ------------------------------------------------------
       >> 搜尋關鍵字:"排放"; 網址:"https://udn.com/search/word/2/排放"
         >>> 找到關鍵字 "排放"; 文章資訊: 2020-10-06 06:12:09, ESG商品市場新寵, https://udn.com/news/story/121591/4912920
         >>> 找到關鍵字 "排放"; 文章資訊: 2020-10-05 23:25:10, ESG商品市場新寵, https://fund.udn.com/fund/story/5858/4912920
         >>> 找到關鍵字 "排放"; 文章資訊: 2020-10-05 22:33:47, 竹北水資源回收中心二期開工, https://udn.com/news/story/7324/4912437
         >>> 找到關鍵字 "排放"; 文章資訊: 2020-10-05 17:37:09, 超萌感造型戚風蛋糕自己做迷你可可熊融化少女心, https://udn.com/news/story/7471/4912016
         >>> 找到關鍵字 "排放"; 文章資訊: 2020-10-05 17:37:09, 超萌感造型戚風蛋糕自己做迷你可可熊融化少女心, https://udn.com/news/story/7270/4912016
         >>> 找到關鍵字 "排放"; 文章資訊: 2020-10-05 16:39:59, 知道你盤中海產何處來嗎拯救海洋從吃對魚開始, https://ubrand.udn.com/ubrand/story/12116/4911913
         >>> 找到關鍵字 "排放"; 文章資訊: 2020-10-05 15:47:14, 北大研究人體呼吸是新冠病毒重要傳播方式, https://udn.com/news/story/120944/4911759
         >>> 找到關鍵字 "排放"; 文章資訊: 2020-10-05 15:13:07, IBM預測未來五年五大創新趨勢, https://udn.com/news/story/7240/4911671
         >>> 找到關鍵字 "排放"; 文章資訊: 2020-10-05 14:43:08, 阿克蘇諾貝爾塗料中壢廠動土加碼桃園創30億年產值, https://udn.com/news/story/7324/4911540
         >>> 找到關鍵字 "排放"; 文章資訊: 2020-10-05 13:31:10, 人口成長污水量增加竹北水資源回收中心二期擴建開工, https://udn.com/news/story/7324/4911296
         >>> 找到關鍵字 "排放"; 文章資訊: 2020-10-05 13:16:07, 農地高汙染工廠多中市議員轟經濟部打假球, https://udn.com/news/story/7325/4911262
         >>> 找到關鍵字 "排放"; 文章資訊: 2020-10-05 11:06:08, 正隆打造跨國循環經濟獲BCCT企業社會責任獎, https://udn.com/news/story/7241/4910862
         >>> 找到關鍵字 "排放"; 文章資訊: 2020-10-05 09:15:11, 4天連假後上班日中午過後空品漸轉差, https://udn.com/news/story/7327/4910661
         <<< 2020-10-06 沒有更多 "排放" 相關的新聞 !!! >>>
        ------------------------------------------------------
       >> 搜尋關鍵字:"污染"; 網址:"https://udn.com/search/word/2/污染"
         >>> 找到關鍵字 "污染"; 文章資訊: 2020-10-06 00:45:00, 慢性鉛中毒會有這些症狀生活常見5種重金屬暴露教你該如何發現, https://health.udn.com/health/story/6008/4911918
         >>> 找到關鍵字 "污染"; 文章資訊: 2020-10-05 18:44:08, 漫畫宣導環保概念捐書汐止區圖書館學校, https://udn.com/news/story/6885/4912059
         >>> 找到關鍵字 "污染"; 文章資訊: 2020-10-05 14:43:08, 阿克蘇諾貝爾塗料中壢廠動土加碼桃園創30億年產值, https://udn.com/news/story/7324/4911540
         >>> 找到關鍵字 "污染"; 文章資訊: 2020-10-05 14:30:00, 她為省錢少換胸罩惹病上身醫出現5種情況就該換胸罩, https://health.udn.com/health/story/5971/4911509
         >>> 找到關鍵字 "污染"; 文章資訊: 2020-10-05 13:31:10, 人口成長污水量增加竹北水資源回收中心二期擴建開工, https://udn.com/news/story/7324/4911296
         >>> 找到關鍵字 "污染"; 文章資訊: 2020-10-05 13:16:07, 農地高汙染工廠多中市議員轟經濟部打假球, https://udn.com/news/story/7325/4911262
         >>> 找到關鍵字 "污染"; 文章資訊: 2020-10-05 11:47:11, 公費流感疫苗開打首日柯文哲帶頭接種防禍不單行, https://udn.com/news/story/7323/4910961
         <<< 2020-10-06 沒有更多 "污染" 相關的新聞 !!! >>>
        ------------------------------------------------------
       >> 搜尋關鍵字:"廢水"; 網址:"https://udn.com/search/word/2/廢水"
         >>> 找到關鍵字 "廢水"; 文章資訊: 2020-10-05 16:39:59, 知道你盤中海產何處來嗎拯救海洋從吃對魚開始, https://ubrand.udn.com/ubrand/story/12116/4911913
         >>> 找到關鍵字 "廢水"; 文章資訊: 2020-10-05 14:43:08, 阿克蘇諾貝爾塗料中壢廠動土加碼桃園創30億年產值, https://udn.com/news/story/7324/4911540
         >>> 找到關鍵字 "廢水"; 文章資訊: 2020-10-05 13:16:07, 農地高汙染工廠多中市議員轟經濟部打假球, https://udn.com/news/story/7325/4911262
         <<< 2020-10-06 沒有更多 "廢水" 相關的新聞 !!! >>>
        ------------------------------------------------------
       >> 搜尋關鍵字:"污水"; 網址:"https://udn.com/search/word/2/污水"
         >>> 找到關鍵字 "污水"; 文章資訊: 2020-10-05 18:14:08, 三學者發現並確立C肝病毒致肝病今同獲諾貝爾生醫獎, https://udn.com/news/story/120764/4912111
         >>> 找到關鍵字 "污水"; 文章資訊: 2020-10-05 14:30:00, 她為省錢少換胸罩惹病上身醫出現5種情況就該換胸罩, https://health.udn.com/health/story/5971/4911509
         >>> 找到關鍵字 "污水"; 文章資訊: 2020-10-05 13:31:10, 人口成長污水量增加竹北水資源回收中心二期擴建開工, https://udn.com/news/story/7324/4911296
         <<< 2020-10-06 沒有更多 "污水" 相關的新聞 !!! >>>
        ------------------------------------------------------
       >> 搜尋關鍵字:"洩漏"; 網址:"https://udn.com/search/word/2/洩漏"
         >>> 找到關鍵字 "洩漏"; 文章資訊: 2020-10-05 16:47:21, 科技戰開打專家台灣人才個資成駭客垂涎目標, https://udn.com/news/story/7269/4911877
         >>> 找到關鍵字 "洩漏"; 文章資訊: 2020-10-05 16:10:05, 硬派操控的Lotus也要向市場低頭推出SUV了, https://autos.udn.com/autos/story/7826/4911830
         >>> 找到關鍵字 "洩漏"; 文章資訊: 2020-10-05 12:45:08, 避免求職個資外洩KPMG找到工作後要求刪除求職資料, https://udn.com/news/story/7240/4911161
         <<< 2020-10-06 沒有更多 "洩漏" 相關的新聞 !!! >>>
        ------------------------------------------------------
       >> 搜尋關鍵字:"暗管"; 網址:"https://udn.com/search/word/2/暗管"
         <<< 2020-10-06 沒有更多 "暗管" 相關的新聞 !!! >>>
        ------------------------------------------------------
       >> 搜尋關鍵字:"偷排"; 網址:"https://udn.com/search/word/2/偷排"
         <<< 2020-10-06 沒有更多 "偷排" 相關的新聞 !!! >>>
        ------------------------------------------------------
       >> 搜尋關鍵字:"安全"; 網址:"https://udn.com/search/word/2/安全"
         >>> 找到關鍵字 "安全"; 文章資訊: 2020-10-06 07:10:00, 養毛小孩快比養孩子多寵物保母該不該有證照, https://udn.com/news/story/120887/4913042
         >>> 找到關鍵字 "安全"; 文章資訊: 2020-10-06 07:02:00, 川普出院返白宮健康狀況將成大選新焦點, https://udn.com/news/story/121687/4913214
         >>> 找到關鍵字 "安全"; 文章資訊: 2020-10-06 06:59:47, 地中海的東西風暴惹火法國加希臘土耳其如何試探歐盟底線, https://global.udn.com/global_vision/story/8663/4911757
         >>> 找到關鍵字 "安全"; 文章資訊: 2020-10-06 06:55:06, 川普自行步出醫院搭機回白宮, https://udn.com/news/story/121707/4913211
         >>> 找到關鍵字 "安全"; 文章資訊: 2020-10-06 06:12:09, ESG商品市場新寵, https://udn.com/news/story/121591/4912920
         >>> 找到關鍵字 "安全"; 文章資訊: 2020-10-06 05:59:06, 川普拜登都將參加15日的第二場總統辯論, https://udn.com/news/story/121687/4913191
         >>> 找到關鍵字 "安全"; 文章資訊: 2020-10-06 05:30:08, 美國務卿抵日訪問取消順道訪蒙韓行程, https://udn.com/news/story/6813/4913183
         >>> 找到關鍵字 "安全"; 文章資訊: 2020-10-06 04:50:06, 未完全脫離險境白宮醫師川普的臨床表現可出院, https://udn.com/news/story/121707/4913181
         >>> 找到關鍵字 "安全"; 文章資訊: 2020-10-06 04:05:05, 白宮醫師雖未完全脫離險境川普符合出院標準, https://udn.com/news/story/121707/4913172
         >>> 找到關鍵字 "安全"; 文章資訊: 2020-10-06 03:47:06, 住院還趴趴走遭批川普反擊我不去就會被批沒禮貌, https://udn.com/news/story/121707/4913169
         >>> 找到關鍵字 "安全"; 文章資訊: 2020-10-06 03:38:06, 乘車現身醫院外惹議川普推文辯護, https://udn.com/news/story/121707/4913167
         >>> 找到關鍵字 "安全"; 文章資訊: 2020-10-06 02:17:00, 科技奧斯卡經部法人奪六獎, https://udn.com/news/story/7240/4912714
         >>> 找到關鍵字 "安全"; 文章資訊: 2020-10-06 02:15:00, 經濟日報社論大陸半導體的商機與風險, https://udn.com/news/story/7338/4913004
         >>> 找到關鍵字 "安全"; 文章資訊: 2020-10-06 01:54:14, 石獅食品城出口閩南味, https://udn.com/news/story/7333/4913089
         >>> 找到關鍵字 "安全"; 文章資訊: 2020-10-06 01:32:36, 專家若認定安全無虞拜登下週願與川普辯論, https://udn.com/news/story/121687/4913130
         >>> 找到關鍵字 "安全"; 文章資訊: 2020-10-06 01:06:04, 江啟臣美台國防工業會議演講籲與美擴大軍事情報合作, https://udn.com/news/story/10930/4913129
         >>> 找到關鍵字 "安全"; 文章資訊: 2020-10-06 00:59:37, 南方澳新橋動土總統後年10月前完工, https://udn.com/news/story/7328/4912518
         >>> 找到關鍵字 "安全"; 文章資訊: 2020-10-06 00:55:47, 職場求生術職災截肢訴願和解金50萬變120萬, https://udn.com/news/story/7269/4912522
         >>> 找到關鍵字 "安全"; 文章資訊: 2020-10-06 00:48:43, 金正恩怎麼了下令停止造神還向民眾道歉, https://udn.com/news/story/120883/4913095
         >>> 找到關鍵字 "安全"; 文章資訊: 2020-10-06 00:41:29, 共機擾台拿我周邊空域操兵, https://udn.com/news/story/7339/4913034
        ------------------------------------------------------
       >> 搜尋關鍵字:"槽車"; 網址:"https://udn.com/search/word/2/槽車"
         <<< 2020-10-06 沒有更多 "槽車" 相關的新聞 !!! >>>
       >> 檔案輸出
        ------------------------------------------------------
      >> 下載新聞內容
      >> 下載 https://udn.com/news/story/7238/4912892, 我國製造業PMI連三升六產業全熱
      >> 下載 https://udn.com/news/story/7253/4912384, 貿聯增1出貨持穩
      >> 下載 https://udn.com/news/story/7253/4912048, 貿聯9月營收2043億元月增188今年新高
      >> 下載 https://udn.com/news/story/7240/4910748, 順德第4季車用導線架回溫法人估明年獲利倍增
      >> 下載 https://udn.com/news/story/7240/4912721, 染料敏化電池創能界新星
      >> 下載 https://udn.com/news/story/7323/4912038, 淡水立委會勘清除路障年底有望電桿地下化
      >> 下載 https://udn.com/news/story/7239/4911243, 台灣首家富邦壽全力響應偕荒野啟動三年川廢快篩
      >> 下載 https://udn.com/news/story/7325/4911207, 綠空鐵道北段龍燕較勁議員進度落後雙方要溝通
      >> 下載 https://udn.com/news/story/7002/4912232, 輕忽歐林尼克不包夾巴特勒湖人怎能不輸球
      >> 下載 https://udn.com/news/story/6811/4913203, 川普即將出院激勵道瓊漲逾460點能源科技類領漲
      >> 下載 https://udn.com/news/story/120764/4913163, 女性得主不到6諾貝爾獎各項之最一次看
      >> 下載 https://udn.com/news/story/6811/4912957, 全球企業併購熱一天四起
      >> 下載 https://udn.com/news/story/7333/4912647, 寧德重返電動車電池龍頭相關產品銷量超越LG化學
      >> 下載 https://udn.com/news/story/120764/4912973, 諾貝爾醫學獎三人共享
      >> 下載 https://udn.com/news/story/7240/4912721, 染料敏化電池創能界新星
      >> 下載 https://udn.com/news/story/7238/4912810, 無薪假人數又多了一周內增加近千人
      >> 下載 https://health.udn.com/health/story/5977/4911926, 心血管疾病問題多醫師教日常保養血管這樣做
      >> 下載 https://health.udn.com/health/story/6008/4911918, 慢性鉛中毒會有這些症狀生活常見5種重金屬暴露教你該如何發現
      >> 下載 https://udn.com/news/story/120764/4912111, 三學者發現並確立C肝病毒致肝病今同獲諾貝爾生醫獎
      >> 下載 https://udn.com/news/story/7266/4911992, 三峽五寮筍園登革熱群聚持續擴大再闖管制區最高罰30萬
      >> 下載 https://health.udn.com/health/story/5961/4911992, 三峽五寮筍園登革熱群聚持續擴大再闖管制區最高罰30萬
      >> 下載 https://udn.com/news/story/7240/4911671, IBM預測未來五年五大創新趨勢
      >> 下載 https://udn.com/news/story/6928/4911470, 產學合作教學成果併進文化大學拚出畢業生即戰力
      >> 下載 https://udn.com/news/story/120764/4911398, 諾貝爾醫學獎落誰家衛生和免疫學領域受關注
      >> 下載 https://udn.com/news/story/7266/4911180, 多吃油能減肥日男高脂斷糖減肥法兩個月暴瘦32公斤
      >> 下載 https://health.udn.com/health/story/6037/4910968, 剛開封的茶怎麼判斷品質優劣專家教你一個分辨關鍵
      >> 下載 https://udn.com/news/story/7238/4910949, 無薪假17萬人勞動部長期趨勢看已連3個月下降
      >> 下載 https://udn.com/news/story/7240/4910888, 集邦中芯遭美制裁影響大於對華為晉華出手
      >> 下載 https://udn.com/news/story/7269/4911877, 科技戰開打專家台灣人才個資成駭客垂涎目標
      >> 下載 https://udn.com/news/story/7193/4911908, LINE瘋傳肯德基送零食桶連結官方急澄清勿點
      >> 下載 https://udn.com/news/story/7270/4911908, LINE瘋傳肯德基送零食桶連結官方急澄清勿點
      >> 下載 https://style.udn.com/style/story/11350/4911908, LINE瘋傳肯德基送零食桶連結官方急澄清勿點
      >> 下載 https://udn.com/news/story/7240/4911161, 避免求職個資外洩KPMG找到工作後要求刪除求職資料
      >> 下載 https://udn.com/news/story/7320/4911130, 碧潭風景區餐廳氣爆幸當時未開店無人傷
      >> 下載 https://udn.com/news/story/121591/4912920, ESG商品市場新寵
      >> 下載 https://udn.com/news/story/7340/4913024, 周行一川普的病情對全球經濟的影響
      >> 下載 https://udn.com/news/story/120887/4913092, 外快3個月20萬摘葉子真有那麼好賺
      >> 下載 https://udn.com/news/story/7327/4913043, 高市納管電子煙最高罰10萬
      >> 下載 https://fund.udn.com/fund/story/5858/4912920, ESG商品市場新寵
      >> 下載 https://udn.com/news/story/7327/4911901, 高雄自治條例率先開跑賣電子菸給兒少及孕婦要開罰
      >> 下載 https://udn.com/news/story/9750/4911855, 民團籲修自治條例反美豬高市府重申三大作為把關
      >> 下載 https://udn.com/news/story/9750/4911184, 拒絕瘦肉精民團籲高雄市修自治條例把關
      >> 下載 https://udn.com/news/story/6812/4912160, 哥倫比亞女海上漂流8小時獲救被揭曾遭虐待失蹤2年身世坎坷
      >> 下載 https://udn.com/news/story/7326/4912121, 違法車輛想偷倒廢棄物剛好遇公所視察當場抓包
      >> 下載 https://global.udn.com/global_vision/story/8663/4887688, 怒吼黑幫寡頭治國保加利亞不被聽見的全國大起義
      >> 下載 https://ubrand.udn.com/ubrand/story/12116/4911913, 知道你盤中海產何處來嗎拯救海洋從吃對魚開始
      >> 下載 https://udn.com/news/story/7326/4912121, 違法車輛想偷倒廢棄物剛好遇公所視察當場抓包
      >> 下載 https://udn.com/news/story/120883/4911893, 川普在危險期就要強行出院三種療法催落去醫生傻爆眼
      >> 下載 https://udn.com/news/story/7327/4910643, 綠鬣蜥飼養申請登記實施1個月屏東5名飼主登記
      >> 下載 https://udn.com/news/story/120883/4910529, 疫情是騙局為何歐洲人盲信科學家也講不聽
      >> 下載 https://health.udn.com/health/story/5977/4911926, 心血管疾病問題多醫師教日常保養血管這樣做
      >> 下載 https://udn.com/news/story/7253/4912389, 緯創深耕智慧醫療系統
      >> 下載 https://game.udn.com/game/story/10453/4912412, 揮別免洗手遊2020真正手遊大作月光雕刻師在異世界當英雄也能很浪漫
      >> 下載 https://udn.com/news/story/7240/4911556, 緯創攜手高醫大打造南台灣智慧照護健康生態圈
      >> 下載 https://udn.com/news/story/7240/4911485, 緯創醫學攜手高醫打造南臺灣智慧照護在地健康生態圈
      >> 下載 https://udn.com/news/story/120764/4912973, 諾貝爾醫學獎三人共享
      >> 下載 https://health.udn.com/health/story/6008/4911918, 慢性鉛中毒會有這些症狀生活常見5種重金屬暴露教你該如何發現
      >> 下載 https://udn.com/news/story/9750/4911184, 拒絕瘦肉精民團籲高雄市修自治條例把關
      >> 下載 https://udn.com/news/story/120883/4910529, 疫情是騙局為何歐洲人盲信科學家也講不聽
      >> 下載 https://udn.com/news/story/7320/4912415, 苗縣詭異工寮成毛孩墳場警追查飼主到案說明
      >> 下載 https://udn.com/news/story/7315/4911997, 防漏接弒母斷頭男13日將出監高院更一審8日先開庭
      >> 下載 https://udn.com/news/story/7327/4911901, 高雄自治條例率先開跑賣電子菸給兒少及孕婦要開罰
      >> 下載 https://udn.com/news/story/7323/4911682, 客運毒駕引關注北市議員要求智慧控管工時資料
      >> 下載 https://udn.com/umedia/story/12760/4910837, 阿公當家當愛爾老男人大戰當家小鬼頭
      >> 找不到新聞內容，可能是新聞的格式不同所致。
      >> 下載 https://udn.com/news/story/7324/4910797, 私人土地遍布狗骨頭愛狗團體質疑虐待動物
      >> 下載 https://udn.com/news/story/7327/4913043, 高市納管電子煙最高罰10萬
      >> 下載 https://udn.com/news/story/7327/4911901, 高雄自治條例率先開跑賣電子菸給兒少及孕婦要開罰
      >> 下載 https://health.udn.com/health/story/6008/4911918, 慢性鉛中毒會有這些症狀生活常見5種重金屬暴露教你該如何發現
      >> 下載 https://udn.com/news/story/7266/4913126, 明年新制上路手搖飲須標示總糖量總熱量
      >> 下載 https://udn.com/news/story/9750/4913000, 政策行銷未註明農委會最嚴重
      >> 下載 https://udn.com/news/story/7325/4912429, 農地工廠問題多中央被批打假球
      >> 下載 https://udn.com/news/story/7325/4912445, 中市12外生檢疫中腹瀉發燒99排除新冠肺炎
      >> 下載 https://udn.com/news/story/9750/4912529, 買科學人廣告惹議遭審計長點名農委會使用符合規定
      >> 下載 https://udn.com/news/story/7325/4911937, 12名外籍生檢疫所上吐下潟疑染疫中市衛局食物中毒
      >> 下載 https://ubrand.udn.com/ubrand/story/12116/4911913, 知道你盤中海產何處來嗎拯救海洋從吃對魚開始
      >> 下載 https://udn.com/news/story/9750/4911855, 民團籲修自治條例反美豬高市府重申三大作為把關
      >> 下載 https://udn.com/news/story/7325/4911827, 買代購香港老行家月餅卻發霉台中民代氣權益難保障
      >> 下載 https://udn.com/news/story/7327/4911377, 高市議會開議國民黨把關預算擬萊豬零檢出
      >> 下載 https://udn.com/news/story/7325/4911262, 農地高汙染工廠多中市議員轟經濟部打假球
      >> 下載 https://udn.com/news/story/7324/4911191, 農田水利署石門管理處揭牌鄭文燦盼龍潭納灌區
      >> 下載 https://udn.com/news/story/9750/4911184, 拒絕瘦肉精民團籲高雄市修自治條例把關
      >> 下載 https://udn.com/news/story/7266/4911098, 萊豬來台外送平台菜單未標示肉品來源國最高罰300萬
      >> 下載 https://udn.com/news/story/9750/4910936, 審查放寬美豬行政命令蔣萬安規劃先開公聽會
      >> 下載 https://udn.com/news/story/7193/4911043, 新制明年元旦上路手搖飲要標總糖量和總熱量珍珠芋圓也要算
      >> 下載 https://udn.com/news/story/7266/4911043, 新制明年元旦上路手搖飲要標總糖量和總熱量珍珠芋圓也要算
      >> 下載 https://udn.com/news/story/6811/4912813, 銅價修正長多不變
      >> 下載 https://udn.com/news/story/7252/4911923, 材料KY擴產效益發威9月營收創新高
      >> 下載 https://udn.com/news/story/9750/4911855, 民團籲修自治條例反美豬高市府重申三大作為把關
      >> 下載 https://ubrand.udn.com/ubrand/story/11817/4911630, 你回收他請飲料ECOCO用回收兌換小確幸
      >> 下載 https://udn.com/news/story/7323/4911302, 淡水河流域清出18萬公升垃圾關渡蘆洲最嚴重
      >> 下載 https://house.udn.com/house/story/5887/4911055, 命理師指點買房三原則女看高富帥男看九字訣
      >> 下載 https://udn.com/news/story/7241/4910862, 正隆打造跨國循環經濟獲BCCT企業社會責任獎
      >> 下載 https://udn.com/news/story/7240/4910748, 順德第4季車用導線架回溫法人估明年獲利倍增
      >> 下載 https://udn.com/news/story/6811/4910629, 美政府入股電動車電池金屬公司降低對大陸鎳鈷依賴
      >> 下載 https://udn.com/news/story/7320/4911130, 碧潭風景區餐廳氣爆幸當時未開店無人傷
      >> 下載 https://udn.com/news/story/7320/4911039, 新北碧潭店家氣爆巨響老鼠咬破管線釀禍
      >> 下載 https://health.udn.com/health/story/6001/4907444, 醫病平台面臨生死關卡家屬的萬般艱難仰賴醫療端的用心與智慧來紓解
      >> 下載 https://udn.com/news/story/7338/4912994, 聯合報黑白集國王的口罩
      >> 下載 https://udn.com/news/story/6810/4911888, 小心洗澡玩具水噴到眼睛2歲寶寶得蜂窩性組織炎險失明
      >> 下載 https://udn.com/news/story/6813/4913133, 遺失逾半世紀越戰老兵金屬身分識別牌回歸遺孀
      >> 下載 https://udn.com/news/story/7327/4913043, 高市納管電子煙最高罰10萬
      >> 下載 https://udn.com/news/story/7193/4896350, 炸裂愛吃懂吃的舌頭米其林餐盤推薦無菜單料理餐廳TheTavernist
      >> 下載 https://udn.com/news/story/7320/4912161, 社會檔案沉重的2200萬獎金警方假消息保護當年麥當勞爆炸案證人
      >> 找不到新聞內容，可能是新聞的格式不同所致。
      >> 下載 https://udn.com/news/story/7327/4911901, 高雄自治條例率先開跑賣電子菸給兒少及孕婦要開罰
      >> 下載 https://udn.com/news/story/120887/4911005, 社會檔案沉重的2200萬獎金警方假消息保護當年麥當勞爆炸案證人
      >> 下載 https://udn.com/news/story/11474/4910813, 烤肉吃土虱的蛋拉肚子急診醫師傻眼這什麼
      >> 下載 https://udn.com/news/story/6809/4910647, 高加索衝突紅十字會譴責無差別砲擊違反國際法
      >> 下載 https://udn.com/news/story/121591/4912923, 越南基金題材紅火
      >> 下載 https://udn.com/news/story/7332/4912681, 小浪底工程世界壩工史最大挑戰
      >> 下載 https://udn.com/news/story/6811/4912831, 新興國救市通膨問題難解
      >> 下載 https://udn.com/news/story/7253/4912321, 精誠代理監測網路產品
      >> 下載 https://udn.com/news/story/9750/4913000, 政策行銷未註明農委會最嚴重
      >> 下載 https://udn.com/news/story/7327/4913043, 高市納管電子煙最高罰10萬
      >> 下載 https://udn.com/news/story/10930/4913002, 共機挑釁我已戰巡4132架次
      >> 下載 https://udn.com/news/story/7241/4912410, 創新實戰訂閱制神秘箱開創藍海
      >> 下載 https://udn.com/news/story/7320/4912840, 爛醉執意騎車大學生撞桿亡
      >> 下載 https://fund.udn.com/fund/story/5857/4912923, 越南基金題材紅火
      >> 下載 https://fund.udn.com/fund/story/5858/4912408, 美股基金資金青睞
      >> 下載 https://udn.com/news/story/120764/4912359, 諾貝爾獎落C肝研究者致力研發疫苗20年不輟
      >> 下載 https://udn.com/news/story/7240/4912315, 科技部推跨世代年輕學者方案最高補助千萬
      >> 下載 https://udn.com/news/story/7238/4912172, 勞動基金8月再賺489億勞動部9月表現恐差強人意
      >> 下載 https://udn.com/news/story/7325/4912126, 影差一點來賓齊拉道具險倒地官員伸手急擋
      >> 下載 https://fund.udn.com/fund/story/5869/4910904, 低利環境收益投資成主流聯博兩大收益策略掌收益平衡風險
      >> 下載 https://udn.com/news/story/7238/4911878, 勞動基金截至8月底累計收益7714億
      >> 下載 https://udn.com/news/story/7327/4911901, 高雄自治條例率先開跑賣電子菸給兒少及孕婦要開罰
      >> 下載 https://udn.com/news/story/7251/4911771, 美國總統染疫凱基投信風險性資產中長期仍偏正向
      >> 下載 https://udn.com/news/story/7238/4911712, 疫後調查工總大陸台企受創深恐引發台灣經濟海嘯式衝擊
      >> 下載 https://udn.com/news/story/120887/4911005, 社會檔案沉重的2200萬獎金警方假消息保護當年麥當勞爆炸案證人
      >> 下載 https://udn.com/news/story/121591/4912920, ESG商品市場新寵
      >> 下載 https://fund.udn.com/fund/story/5858/4912920, ESG商品市場新寵
      >> 下載 https://udn.com/news/story/7324/4912437, 竹北水資源回收中心二期開工
      >> 下載 https://udn.com/news/story/7471/4912016, 超萌感造型戚風蛋糕自己做迷你可可熊融化少女心
      >> 下載 https://udn.com/news/story/7270/4912016, 超萌感造型戚風蛋糕自己做迷你可可熊融化少女心
      >> 下載 https://ubrand.udn.com/ubrand/story/12116/4911913, 知道你盤中海產何處來嗎拯救海洋從吃對魚開始
      >> 下載 https://udn.com/news/story/120944/4911759, 北大研究人體呼吸是新冠病毒重要傳播方式
      >> 下載 https://udn.com/news/story/7240/4911671, IBM預測未來五年五大創新趨勢
      >> 下載 https://udn.com/news/story/7324/4911540, 阿克蘇諾貝爾塗料中壢廠動土加碼桃園創30億年產值
      >> 下載 https://udn.com/news/story/7324/4911296, 人口成長污水量增加竹北水資源回收中心二期擴建開工
      >> 下載 https://udn.com/news/story/7325/4911262, 農地高汙染工廠多中市議員轟經濟部打假球
      >> 下載 https://udn.com/news/story/7241/4910862, 正隆打造跨國循環經濟獲BCCT企業社會責任獎
      >> 下載 https://udn.com/news/story/7327/4910661, 4天連假後上班日中午過後空品漸轉差
      >> 下載 https://health.udn.com/health/story/6008/4911918, 慢性鉛中毒會有這些症狀生活常見5種重金屬暴露教你該如何發現
      >> 下載 https://udn.com/news/story/6885/4912059, 漫畫宣導環保概念捐書汐止區圖書館學校
      >> 下載 https://udn.com/news/story/7324/4911540, 阿克蘇諾貝爾塗料中壢廠動土加碼桃園創30億年產值
      >> 下載 https://health.udn.com/health/story/5971/4911509, 她為省錢少換胸罩惹病上身醫出現5種情況就該換胸罩
      >> 下載 https://udn.com/news/story/7324/4911296, 人口成長污水量增加竹北水資源回收中心二期擴建開工
      >> 下載 https://udn.com/news/story/7325/4911262, 農地高汙染工廠多中市議員轟經濟部打假球
      >> 下載 https://udn.com/news/story/7323/4910961, 公費流感疫苗開打首日柯文哲帶頭接種防禍不單行
      >> 下載 https://ubrand.udn.com/ubrand/story/12116/4911913, 知道你盤中海產何處來嗎拯救海洋從吃對魚開始
      >> 下載 https://udn.com/news/story/7324/4911540, 阿克蘇諾貝爾塗料中壢廠動土加碼桃園創30億年產值
      >> 下載 https://udn.com/news/story/7325/4911262, 農地高汙染工廠多中市議員轟經濟部打假球
      >> 下載 https://udn.com/news/story/120764/4912111, 三學者發現並確立C肝病毒致肝病今同獲諾貝爾生醫獎
      >> 下載 https://health.udn.com/health/story/5971/4911509, 她為省錢少換胸罩惹病上身醫出現5種情況就該換胸罩
      >> 下載 https://udn.com/news/story/7324/4911296, 人口成長污水量增加竹北水資源回收中心二期擴建開工
      >> 下載 https://udn.com/news/story/7269/4911877, 科技戰開打專家台灣人才個資成駭客垂涎目標
      >> 下載 https://autos.udn.com/autos/story/7826/4911830, 硬派操控的Lotus也要向市場低頭推出SUV了
      >> 下載 https://udn.com/news/story/7240/4911161, 避免求職個資外洩KPMG找到工作後要求刪除求職資料
      >> 下載 https://udn.com/news/story/120887/4913042, 養毛小孩快比養孩子多寵物保母該不該有證照
      >> 下載 https://udn.com/news/story/121687/4913214, 川普出院返白宮健康狀況將成大選新焦點
      >> 下載 https://global.udn.com/global_vision/story/8663/4911757, 地中海的東西風暴惹火法國加希臘土耳其如何試探歐盟底線
      >> 下載 https://udn.com/news/story/121707/4913211, 川普自行步出醫院搭機回白宮
      >> 下載 https://udn.com/news/story/121591/4912920, ESG商品市場新寵
      >> 下載 https://udn.com/news/story/121687/4913191, 川普拜登都將參加15日的第二場總統辯論
      >> 下載 https://udn.com/news/story/6813/4913183, 美國務卿抵日訪問取消順道訪蒙韓行程
      >> 下載 https://udn.com/news/story/121707/4913181, 未完全脫離險境白宮醫師川普的臨床表現可出院
      >> 下載 https://udn.com/news/story/121707/4913172, 白宮醫師雖未完全脫離險境川普符合出院標準
      >> 下載 https://udn.com/news/story/121707/4913169, 住院還趴趴走遭批川普反擊我不去就會被批沒禮貌
      >> 下載 https://udn.com/news/story/121707/4913167, 乘車現身醫院外惹議川普推文辯護
      >> 下載 https://udn.com/news/story/7240/4912714, 科技奧斯卡經部法人奪六獎
      >> 下載 https://udn.com/news/story/7338/4913004, 經濟日報社論大陸半導體的商機與風險
      >> 下載 https://udn.com/news/story/7333/4913089, 石獅食品城出口閩南味
      >> 下載 https://udn.com/news/story/121687/4913130, 專家若認定安全無虞拜登下週願與川普辯論
      >> 下載 https://udn.com/news/story/10930/4913129, 江啟臣美台國防工業會議演講籲與美擴大軍事情報合作
      >> 下載 https://udn.com/news/story/7328/4912518, 南方澳新橋動土總統後年10月前完工
      >> 下載 https://udn.com/news/story/7269/4912522, 職場求生術職災截肢訴願和解金50萬變120萬
      >> 下載 https://udn.com/news/story/120883/4913095, 金正恩怎麼了下令停止造神還向民眾道歉
      >> 下載 https://udn.com/news/story/7339/4913034, 共機擾台拿我周邊空域操兵
