     -----> 新聞爬蟲：中央通訊社

           <<< 中央通訊社新聞搜尋 >>>
  ------------------------------------------------------
  ------------------------------------------------------
    >> 搜尋關鍵字:"工業用"; 網址:"https://www.cna.com.tw/search/hysearchws.aspx?q=工業用"
         <<< 2020-10-07 沒有更多 "工業用" 相關的新聞 !!! >>>
  ------------------------------------------------------
    >> 搜尋關鍵字:"化工"; 網址:"https://www.cna.com.tw/search/hysearchws.aspx?q=化工"
         >>> 找到關鍵字 "化工"; 文章資訊: 2020-10-06 10:56:00, 台科大打造智能化工廠半導體製程廢棄物再利用202010061056, https://www.cna.com.tw/news/ait/202010060054.aspx
         <<< 2020-10-07 沒有更多 "化工" 相關的新聞 !!! >>>
  ------------------------------------------------------
    >> 搜尋關鍵字:"化災"; 網址:"https://www.cna.com.tw/search/hysearchws.aspx?q=化災"
         <<< 2020-10-07 沒有更多 "化災" 相關的新聞 !!! >>>
  ------------------------------------------------------
    >> 搜尋關鍵字:"化學"; 網址:"https://www.cna.com.tw/search/hysearchws.aspx?q=化學"
         >>> 找到關鍵字 "化學"; 文章資訊: 2020-10-06 18:09:00, 諾貝爾物理學獎英美德3學者探索黑洞奧秘獲殊榮202010061809, https://www.cna.com.tw/news/firstnews/202010065006.aspx
         >>> 找到關鍵字 "化學"; 文章資訊: 2020-10-06 17:19:00, 調查局贈印太7國奈米毒品快篩試劑共打犯罪202010061719, https://www.cna.com.tw/news/asoc/202010060228.aspx
         >>> 找到關鍵字 "化學"; 文章資訊: 2020-10-06 10:56:00, 台科大打造智能化工廠半導體製程廢棄物再利用202010061056, https://www.cna.com.tw/news/ait/202010060054.aspx
         <<< 2020-10-07 沒有更多 "化學" 相關的新聞 !!! >>>
  ------------------------------------------------------
    >> 搜尋關鍵字:"外洩"; 網址:"https://www.cna.com.tw/search/hysearchws.aspx?q=外洩"
         >>> 找到關鍵字 "外洩"; 文章資訊: 2020-10-06 18:11:00, 汐止中興路飄濃濃瓦斯味警消封鎖找到洩漏點202010061811, https://www.cna.com.tw/news/asoc/202010060269.aspx
         <<< 2020-10-07 沒有更多 "外洩" 相關的新聞 !!! >>>
  ------------------------------------------------------
    >> 搜尋關鍵字:"危害"; 網址:"https://www.cna.com.tw/search/hysearchws.aspx?q=危害"
         >>> 找到關鍵字 "危害"; 文章資訊: 2020-10-06 22:57:00, 水源爭議未決衣索比亞禁航班飛越大壩上空202010062257, https://www.cna.com.tw/news/aopl/202010060382.aspx
         >>> 找到關鍵字 "危害"; 文章資訊: 2020-10-06 20:38:00, 日本擬增加捕撈黑鮪魚配額多國有意見202010062038, https://www.cna.com.tw/news/aopl/202010060336.aspx
         >>> 找到關鍵字 "危害"; 文章資訊: 2020-10-06 18:13:00, 立委憂中國產品危害台灣資安蘇貞昌汰換處理202010061813, https://www.cna.com.tw/news/aipl/202010060273.aspx
         >>> 找到關鍵字 "危害"; 文章資訊: 2020-10-06 13:47:00, 臉書揭捍衛台灣選舉公正報告減8成不實內容觸及202010061347, https://www.cna.com.tw/news/firstnews/202010060127.aspx
         <<< 2020-10-07 沒有更多 "危害" 相關的新聞 !!! >>>
  ------------------------------------------------------
    >> 搜尋關鍵字:"有毒"; 網址:"https://www.cna.com.tw/search/hysearchws.aspx?q=有毒"
         >>> 找到關鍵字 "有毒"; 文章資訊: 2020-10-06 12:32:00, 男冒充大姐姐誘兒童拍猥褻影片台南地院裁定續押202010061232, https://www.cna.com.tw/news/asoc/202010060101.aspx
         <<< 2020-10-07 沒有更多 "有毒" 相關的新聞 !!! >>>
  ------------------------------------------------------
    >> 搜尋關鍵字:"有害"; 網址:"https://www.cna.com.tw/search/hysearchws.aspx?q=有害"
         >>> 找到關鍵字 "有害"; 文章資訊: 2020-10-06 08:51:00, 川普服地塞米松抗疫專家警告有神經精神副作用202010060851, https://www.cna.com.tw/news/aopl/202010060022.aspx
         <<< 2020-10-07 沒有更多 "有害" 相關的新聞 !!! >>>
  ------------------------------------------------------
    >> 搜尋關鍵字:"色料"; 網址:"https://www.cna.com.tw/search/hysearchws.aspx?q=色料"
         <<< 2020-10-07 沒有更多 "色料" 相關的新聞 !!! >>>
  ------------------------------------------------------
    >> 搜尋關鍵字:"色素"; 網址:"https://www.cna.com.tw/search/hysearchws.aspx?q=色素"
         <<< 2020-10-07 沒有更多 "色素" 相關的新聞 !!! >>>
  ------------------------------------------------------
    >> 搜尋關鍵字:"毒性"; 網址:"https://www.cna.com.tw/search/hysearchws.aspx?q=毒性"
         >>> 找到關鍵字 "毒性"; 文章資訊: 2020-10-06 14:54:00, 單純皰疹病毒性腦炎作祟女子突高燒失語險喪命202010061454, https://www.cna.com.tw/news/ahel/202010060157.aspx
         <<< 2020-10-07 沒有更多 "毒性" 相關的新聞 !!! >>>
  ------------------------------------------------------
    >> 搜尋關鍵字:"毒品"; 網址:"https://www.cna.com.tw/search/hysearchws.aspx?q=毒品"
         >>> 找到關鍵字 "毒品"; 文章資訊: 2020-10-06 17:19:00, 調查局贈印太7國奈米毒品快篩試劑共打犯罪202010061719, https://www.cna.com.tw/news/asoc/202010060228.aspx
         >>> 找到關鍵字 "毒品"; 文章資訊: 2020-10-06 17:16:00, 南投看守所收容人企圖逃獄疑因中秋思親202010061716, https://www.cna.com.tw/news/asoc/202010060226.aspx
         >>> 找到關鍵字 "毒品"; 文章資訊: 2020-10-06 12:32:00, 男冒充大姐姐誘兒童拍猥褻影片台南地院裁定續押202010061232, https://www.cna.com.tw/news/asoc/202010060101.aspx
         <<< 2020-10-07 沒有更多 "毒品" 相關的新聞 !!! >>>
  ------------------------------------------------------
    >> 搜尋關鍵字:"致癌"; 網址:"https://www.cna.com.tw/search/hysearchws.aspx?q=致癌"
         <<< 2020-10-07 沒有更多 "致癌" 相關的新聞 !!! >>>
  ------------------------------------------------------
    >> 搜尋關鍵字:"重金屬"; 網址:"https://www.cna.com.tw/search/hysearchws.aspx?q=重金屬"
         <<< 2020-10-07 沒有更多 "重金屬" 相關的新聞 !!! >>>
  ------------------------------------------------------
    >> 搜尋關鍵字:"食安"; 網址:"https://www.cna.com.tw/search/hysearchws.aspx?q=食安"
         >>> 找到關鍵字 "食安"; 文章資訊: 2020-10-06 22:57:00, 水源爭議未決衣索比亞禁航班飛越大壩上空202010062257, https://www.cna.com.tw/news/aopl/202010060382.aspx
         >>> 找到關鍵字 "食安"; 文章資訊: 2020-10-06 20:00:00, 澳洲撥68億元推動抗疫外交澳媒抗衡中國202010062000, https://www.cna.com.tw/news/firstnews/202010060316.aspx
         >>> 找到關鍵字 "食安"; 文章資訊: 2020-10-06 16:42:00, 台灣豬標章出爐估首批逾萬家餐飲通路使用202010061642, https://www.cna.com.tw/news/firstnews/202010060207.aspx
         >>> 找到關鍵字 "食安"; 文章資訊: 2020-10-06 16:40:00, 遭指食品安全打假球綠委藍提案誤導社會認知202010061640, https://www.cna.com.tw/news/aipl/202010060205.aspx
         >>> 找到關鍵字 "食安"; 文章資訊: 2020-10-06 15:35:00, 台中12名印尼外籍生發燒腹瀉仍住院2人二採陰性202010061535, https://www.cna.com.tw/news/ahel/202010060177.aspx
         >>> 找到關鍵字 "食安"; 文章資訊: 2020-10-06 13:53:00, 使用國產牛豬教保業促托嬰中心採相同規範202010061353, https://www.cna.com.tw/news/ahel/202010060131.aspx
         >>> 找到關鍵字 "食安"; 文章資訊: 2020-10-06 10:16:00, 台中12名居家檢疫外籍生發燒腹瀉2人仍待二採陰影202010061016, https://www.cna.com.tw/news/ahel/202010060044.aspx
         <<< 2020-10-07 沒有更多 "食安" 相關的新聞 !!! >>>
  ------------------------------------------------------
    >> 搜尋關鍵字:"香料"; 網址:"https://www.cna.com.tw/search/hysearchws.aspx?q=香料"
         <<< 2020-10-07 沒有更多 "香料" 相關的新聞 !!! >>>
  ------------------------------------------------------
    >> 搜尋關鍵字:"原料"; 網址:"https://www.cna.com.tw/search/hysearchws.aspx?q=原料"
         >>> 找到關鍵字 "原料"; 文章資訊: 2020-10-06 21:04:00, 實名制口罩結構遭指3缺1新北轉衛福部調查202010062104, https://www.cna.com.tw/news/firstnews/202010060347.aspx
         >>> 找到關鍵字 "原料"; 文章資訊: 2020-10-06 13:49:00, 盼口罩成循環經濟曾文生材質單純是學問202010061349, https://www.cna.com.tw/news/ahel/202010060129.aspx
         >>> 找到關鍵字 "原料"; 文章資訊: 2020-10-06 14:35:00, 支持循環經濟友達彭浪一滴水使用11次202010061435, https://www.cna.com.tw/news/afe/202010060149.aspx
         >>> 找到關鍵字 "原料"; 文章資訊: 2020-10-06 12:34:00, 國際原料漲跌互見豐興鋼鐵開平盤202010061234, https://www.cna.com.tw/news/afe/202010060105.aspx
         <<< 2020-10-07 沒有更多 "原料" 相關的新聞 !!! >>>
  ------------------------------------------------------
    >> 搜尋關鍵字:"氣爆"; 網址:"https://www.cna.com.tw/search/hysearchws.aspx?q=氣爆"
         >>> 找到關鍵字 "氣爆"; 文章資訊: 2020-10-06 18:07:00, 降低交通肇事傷亡高市提解方車道要瘦身202010061807, https://www.cna.com.tw/news/aloc/202010060266.aspx
         <<< 2020-10-07 沒有更多 "氣爆" 相關的新聞 !!! >>>
  ------------------------------------------------------
    >> 搜尋關鍵字:"添加物"; 網址:"https://www.cna.com.tw/search/hysearchws.aspx?q=添加物"
         <<< 2020-10-07 沒有更多 "添加物" 相關的新聞 !!! >>>
  ------------------------------------------------------
    >> 搜尋關鍵字:"黑心"; 網址:"https://www.cna.com.tw/search/hysearchws.aspx?q=黑心"
         <<< 2020-10-07 沒有更多 "黑心" 相關的新聞 !!! >>>
  ------------------------------------------------------
    >> 搜尋關鍵字:"漂白"; 網址:"https://www.cna.com.tw/search/hysearchws.aspx?q=漂白"
         <<< 2020-10-07 沒有更多 "漂白" 相關的新聞 !!! >>>
  ------------------------------------------------------
    >> 搜尋關鍵字:"爆炸"; 網址:"https://www.cna.com.tw/search/hysearchws.aspx?q=爆炸"
         >>> 找到關鍵字 "爆炸"; 文章資訊: 2020-10-06 20:20:00, 全球百大綠色旅遊地日月潭東北角雙上榜202010062020, https://www.cna.com.tw/news/ahel/202010060331.aspx
         >>> 找到關鍵字 "爆炸"; 文章資訊: 2020-10-06 19:34:00, 阿聯酋集結旅客捐贈救援貝魯特台灣445人參與202010061934, https://www.cna.com.tw/news/ahel/202010060302.aspx
         <<< 2020-10-07 沒有更多 "爆炸" 相關的新聞 !!! >>>
  ------------------------------------------------------
    >> 搜尋關鍵字:"新興"; 網址:"https://www.cna.com.tw/search/hysearchws.aspx?q=新興"
         >>> 找到關鍵字 "新興"; 文章資訊: 2020-10-06 17:19:00, 調查局贈印太7國奈米毒品快篩試劑共打犯罪202010061719, https://www.cna.com.tw/news/asoc/202010060228.aspx
         >>> 找到關鍵字 "新興"; 文章資訊: 2020-10-06 17:20:00, 研調明年筆電出貨估持平2024年迎換機潮202010061720, https://www.cna.com.tw/news/afe/202010060229.aspx
         >>> 找到關鍵字 "新興"; 文章資訊: 2020-10-06 12:57:00, 外資看旺5G商機喊買台光電早盤股價勁揚202010061257, https://www.cna.com.tw/news/afe/202010060116.aspx
         <<< 2020-10-07 沒有更多 "新興" 相關的新聞 !!! >>>
  ------------------------------------------------------
    >> 搜尋關鍵字:"爆裂物"; 網址:"https://www.cna.com.tw/search/hysearchws.aspx?q=爆裂物"
         <<< 2020-10-07 沒有更多 "爆裂物" 相關的新聞 !!! >>>
  ------------------------------------------------------
    >> 搜尋關鍵字:"IED"; 網址:"https://www.cna.com.tw/search/hysearchws.aspx?q=IED"
         <<< 2020-10-07 沒有更多 "IED" 相關的新聞 !!! >>>
  ------------------------------------------------------
    >> 搜尋關鍵字:"排放"; 網址:"https://www.cna.com.tw/search/hysearchws.aspx?q=排放"
         >>> 找到關鍵字 "排放"; 文章資訊: 2020-10-06 18:24:00, 風機減量數據未更新台泥綠能風電環評補件再審202010061824, https://www.cna.com.tw/news/ahel/202010060278.aspx
         <<< 2020-10-07 沒有更多 "排放" 相關的新聞 !!! >>>
  ------------------------------------------------------
    >> 搜尋關鍵字:"污染"; 網址:"https://www.cna.com.tw/search/hysearchws.aspx?q=污染"
         >>> 找到關鍵字 "污染"; 文章資訊: 2020-10-06 15:50:00, 遭污染農地改種太陽能光電彰化創全國首例202010061550, https://www.cna.com.tw/news/aloc/202010060185.aspx
         >>> 找到關鍵字 "污染"; 文章資訊: 2020-10-06 14:35:00, 支持循環經濟友達彭浪一滴水使用11次202010061435, https://www.cna.com.tw/news/afe/202010060149.aspx
         >>> 找到關鍵字 "污染"; 文章資訊: 2020-10-06 13:51:00, 拜會國民黨團陳其邁沒做好會虛心受教202010061351, https://www.cna.com.tw/news/aloc/202010060130.aspx
         <<< 2020-10-07 沒有更多 "污染" 相關的新聞 !!! >>>
  ------------------------------------------------------
    >> 搜尋關鍵字:"廢水"; 網址:"https://www.cna.com.tw/search/hysearchws.aspx?q=廢水"
         <<< 2020-10-07 沒有更多 "廢水" 相關的新聞 !!! >>>
  ------------------------------------------------------
    >> 搜尋關鍵字:"污水"; 網址:"https://www.cna.com.tw/search/hysearchws.aspx?q=污水"
         <<< 2020-10-07 沒有更多 "污水" 相關的新聞 !!! >>>
  ------------------------------------------------------
    >> 搜尋關鍵字:"洩漏"; 網址:"https://www.cna.com.tw/search/hysearchws.aspx?q=洩漏"
         >>> 找到關鍵字 "洩漏"; 文章資訊: 2020-10-06 18:11:00, 汐止中興路飄濃濃瓦斯味警消封鎖找到洩漏點202010061811, https://www.cna.com.tw/news/asoc/202010060269.aspx
         <<< 2020-10-07 沒有更多 "洩漏" 相關的新聞 !!! >>>
  ------------------------------------------------------
    >> 搜尋關鍵字:"暗管"; 網址:"https://www.cna.com.tw/search/hysearchws.aspx?q=暗管"
         <<< 2020-10-07 沒有更多 "暗管" 相關的新聞 !!! >>>
  ------------------------------------------------------
    >> 搜尋關鍵字:"偷排"; 網址:"https://www.cna.com.tw/search/hysearchws.aspx?q=偷排"
         <<< 2020-10-07 沒有更多 "偷排" 相關的新聞 !!! >>>
  ------------------------------------------------------
    >> 搜尋關鍵字:"安全"; 網址:"https://www.cna.com.tw/search/hysearchws.aspx?q=安全"
         >>> 找到關鍵字 "安全"; 文章資訊: 2020-10-07 00:20:00, 日本女星廣瀨鈴確診武漢肺炎無症狀202010070020, https://www.cna.com.tw/news/amov/202010070004.aspx
         >>> 找到關鍵字 "安全"; 文章資訊: 2020-10-06 23:26:00, 美日澳印外長四方安全對話談合作加強抗中202010062326, https://www.cna.com.tw/news/aopl/202010060385.aspx
         >>> 找到關鍵字 "安全"; 文章資訊: 2020-10-06 22:57:00, 水源爭議未決衣索比亞禁航班飛越大壩上空202010062257, https://www.cna.com.tw/news/aopl/202010060382.aspx
         >>> 找到關鍵字 "安全"; 文章資訊: 2020-10-06 22:51:00, AIT主席中對台威脅日增美台強化國防合作202010062251, https://www.cna.com.tw/news/aipl/202010060381.aspx
         >>> 找到關鍵字 "安全"; 文章資訊: 2020-10-06 20:19:00, 蓬佩奧痛批中國脅迫行動呼籲亞太盟國聯合對抗202010062019, https://www.cna.com.tw/news/firstnews/202010060329.aspx
         >>> 找到關鍵字 "安全"; 文章資訊: 2020-10-06 17:34:00, 吉爾吉斯情勢動盪選委會宣布國會大選結果無效202010061734, https://www.cna.com.tw/news/firstnews/202010060239.aspx
         >>> 找到關鍵字 "安全"; 文章資訊: 2020-10-06 22:09:00, 若中國攻打台灣蓬佩奧美會設法緩和區域緊張202010062209, https://www.cna.com.tw/news/firstnews/202010060367.aspx
         >>> 找到關鍵字 "安全"; 文章資訊: 2020-10-06 21:34:00, 四方安全對話印度外長籲尊重領土主權202010062134, https://www.cna.com.tw/news/aopl/202010060352.aspx
         >>> 找到關鍵字 "安全"; 文章資訊: 2020-10-06 20:20:00, 全球百大綠色旅遊地日月潭東北角雙上榜202010062020, https://www.cna.com.tw/news/ahel/202010060331.aspx
         >>> 找到關鍵字 "安全"; 文章資訊: 2020-10-06 21:35:00, 張麗善指前瞻補助少內政部雲林實為全國之冠202010062135, https://www.cna.com.tw/news/aipl/202010060354.aspx
         >>> 找到關鍵字 "安全"; 文章資訊: 2020-10-06 21:22:00, 歐盟法院裁決國家情治單位大規模監聽有限制202010062122, https://www.cna.com.tw/news/aopl/202010060351.aspx
         >>> 找到關鍵字 "安全"; 文章資訊: 2020-10-06 18:21:00, 裕日車新車上市加持第4季銷售拚逾萬台202010061821, https://www.cna.com.tw/news/afe/202010060276.aspx
         >>> 找到關鍵字 "安全"; 文章資訊: 2020-10-06 20:00:00, 澳洲撥68億元推動抗疫外交澳媒抗衡中國202010062000, https://www.cna.com.tw/news/firstnews/202010060316.aspx
         >>> 找到關鍵字 "安全"; 文章資訊: 2020-10-06 20:00:00, 機車闖國道2天3起老翁騎上國10稱路況不熟202010062000, https://www.cna.com.tw/news/firstnews/202010060317.aspx
         >>> 找到關鍵字 "安全"; 文章資訊: 2020-10-06 19:59:00, 濁水溪堤防變漂亮了南投水里再增親水環境202010061959, https://www.cna.com.tw/news/aloc/202010060315.aspx
         >>> 找到關鍵字 "安全"; 文章資訊: 2020-10-06 20:09:00, 中天新聞台換照案首場聽證會26日舉行202010062009, https://www.cna.com.tw/news/ahel/202010060322.aspx
         >>> 找到關鍵字 "安全"; 文章資訊: 2020-10-06 19:17:00, 宣揚港獨不能任教官員不符香港憲制地位202010061917, https://www.cna.com.tw/news/acn/202010060298.aspx
         >>> 找到關鍵字 "安全"; 文章資訊: 2020-10-06 15:26:00, 國慶大會預演8日登場總統府周邊交管202010061526, https://www.cna.com.tw/news/aloc/202010060171.aspx
         >>> 找到關鍵字 "安全"; 文章資訊: 2020-10-06 18:27:00, 山西吉林重大事故頻傳被指形式主義官僚主義202010061827, https://www.cna.com.tw/news/acn/202010060281.aspx
         >>> 找到關鍵字 "安全"; 文章資訊: 2020-10-06 18:26:00, 談兩岸問題蘇貞昌做萬全準備才不會被覬覦併吞202010061826, https://www.cna.com.tw/news/aipl/202010060280.aspx
         >>> 找到關鍵字 "安全"; 文章資訊: 2020-10-06 18:13:00, 立委憂中國產品危害台灣資安蘇貞昌汰換處理202010061813, https://www.cna.com.tw/news/aipl/202010060273.aspx
         >>> 找到關鍵字 "安全"; 文章資訊: 2020-10-06 18:10:00, 勞工遇職災勞動部不論有無勞保皆可申請補助202010061810, https://www.cna.com.tw/news/ahel/202010060268.aspx
         >>> 找到關鍵字 "安全"; 文章資訊: 2020-10-06 18:07:00, 降低交通肇事傷亡高市提解方車道要瘦身202010061807, https://www.cna.com.tw/news/aloc/202010060266.aspx
         >>> 找到關鍵字 "安全"; 文章資訊: 2020-10-06 17:06:00, 雙十國慶勤務吃重警政署長慰勉基層辛勞202010061706, https://www.cna.com.tw/news/asoc/202010060220.aspx
         >>> 找到關鍵字 "安全"; 文章資訊: 2020-10-06 17:16:00, 南投看守所收容人企圖逃獄疑因中秋思親202010061716, https://www.cna.com.tw/news/asoc/202010060226.aspx
         >>> 找到關鍵字 "安全"; 文章資訊: 2020-10-06 16:38:00, 慣犯酒駕害死騎士男子二審判8年8月202010061638, https://www.cna.com.tw/news/asoc/202010060203.aspx
         >>> 找到關鍵字 "安全"; 文章資訊: 2020-10-06 16:42:00, 台灣豬標章出爐估首批逾萬家餐飲通路使用202010061642, https://www.cna.com.tw/news/firstnews/202010060207.aspx
         >>> 找到關鍵字 "安全"; 文章資訊: 2020-10-06 16:40:00, 遭指食品安全打假球綠委藍提案誤導社會認知202010061640, https://www.cna.com.tw/news/aipl/202010060205.aspx
         >>> 找到關鍵字 "安全"; 文章資訊: 2020-10-06 16:18:00, 重機闖國道遭警攔停開罰騎士稱導航設定錯誤202010061618, https://www.cna.com.tw/news/firstnews/202010060195.aspx
         >>> 找到關鍵字 "安全"; 文章資訊: 2020-10-06 15:24:00, 美日澳印外相會談齊力抗中蓬佩奧讚菅義偉正道力量202010061524, https://www.cna.com.tw/news/firstnews/202010060170.aspx
         >>> 找到關鍵字 "安全"; 文章資訊: 2020-10-06 16:23:00, 奇力新第3季營收衝次高遠端應用需求達第4季202010061623, https://www.cna.com.tw/news/afe/202010060198.aspx
         >>> 找到關鍵字 "安全"; 文章資訊: 2020-10-06 16:13:00, 男子性侵小模姊妹逃亡時強暴鄰居母女判無期202010061613, https://www.cna.com.tw/news/asoc/202010060191.aspx
         >>> 找到關鍵字 "安全"; 文章資訊: 2020-10-06 13:19:00, 追思偉大老師花蓮箭瑛第二代橋乘載希望202010061319, https://www.cna.com.tw/news/aloc/202010060121.aspx
         >>> 找到關鍵字 "安全"; 文章資訊: 2020-10-06 12:49:00, 蔡總統視導六聯隊籲以精實表現破中共不實言論202010061249, https://www.cna.com.tw/news/aipl/202010060111.aspx
         >>> 找到關鍵字 "安全"; 文章資訊: 2020-10-06 13:38:00, 機車上國道引發連環撞律師可判5年附帶民事賠償影202010061338, https://www.cna.com.tw/news/firstnews/202010060125.aspx
         <<< 2020-10-07 沒有更多 "安全" 相關的新聞 !!! >>>
  ------------------------------------------------------
    >> 搜尋關鍵字:"槽車"; 網址:"https://www.cna.com.tw/search/hysearchws.aspx?q=槽車"
         <<< 2020-10-07 沒有更多 "槽車" 相關的新聞 !!! >>>
       >> 檔案輸出
        ------------------------------------------------------
      >> 下載新聞內容
      >> 下載 https://www.cna.com.tw/news/ait/202010060054.aspx, 台科大打造智能化工廠半導體製程廢棄物再利用202010061056
      >> 下載 https://www.cna.com.tw/news/firstnews/202010065006.aspx, 諾貝爾物理學獎英美德3學者探索黑洞奧秘獲殊榮202010061809
      >> 下載 https://www.cna.com.tw/news/asoc/202010060228.aspx, 調查局贈印太7國奈米毒品快篩試劑共打犯罪202010061719
      >> 下載 https://www.cna.com.tw/news/ait/202010060054.aspx, 台科大打造智能化工廠半導體製程廢棄物再利用202010061056
      >> 下載 https://www.cna.com.tw/news/asoc/202010060269.aspx, 汐止中興路飄濃濃瓦斯味警消封鎖找到洩漏點202010061811
      >> 下載 https://www.cna.com.tw/news/aopl/202010060382.aspx, 水源爭議未決衣索比亞禁航班飛越大壩上空202010062257
      >> 下載 https://www.cna.com.tw/news/aopl/202010060336.aspx, 日本擬增加捕撈黑鮪魚配額多國有意見202010062038
      >> 下載 https://www.cna.com.tw/news/aipl/202010060273.aspx, 立委憂中國產品危害台灣資安蘇貞昌汰換處理202010061813
      >> 下載 https://www.cna.com.tw/news/firstnews/202010060127.aspx, 臉書揭捍衛台灣選舉公正報告減8成不實內容觸及202010061347
      >> 下載 https://www.cna.com.tw/news/asoc/202010060101.aspx, 男冒充大姐姐誘兒童拍猥褻影片台南地院裁定續押202010061232
      >> 下載 https://www.cna.com.tw/news/aopl/202010060022.aspx, 川普服地塞米松抗疫專家警告有神經精神副作用202010060851
      >> 下載 https://www.cna.com.tw/news/ahel/202010060157.aspx, 單純皰疹病毒性腦炎作祟女子突高燒失語險喪命202010061454
      >> 下載 https://www.cna.com.tw/news/asoc/202010060228.aspx, 調查局贈印太7國奈米毒品快篩試劑共打犯罪202010061719
      >> 下載 https://www.cna.com.tw/news/asoc/202010060226.aspx, 南投看守所收容人企圖逃獄疑因中秋思親202010061716
      >> 下載 https://www.cna.com.tw/news/asoc/202010060101.aspx, 男冒充大姐姐誘兒童拍猥褻影片台南地院裁定續押202010061232
      >> 下載 https://www.cna.com.tw/news/aopl/202010060382.aspx, 水源爭議未決衣索比亞禁航班飛越大壩上空202010062257
      >> 下載 https://www.cna.com.tw/news/firstnews/202010060316.aspx, 澳洲撥68億元推動抗疫外交澳媒抗衡中國202010062000
      >> 下載 https://www.cna.com.tw/news/firstnews/202010060207.aspx, 台灣豬標章出爐估首批逾萬家餐飲通路使用202010061642
      >> 下載 https://www.cna.com.tw/news/aipl/202010060205.aspx, 遭指食品安全打假球綠委藍提案誤導社會認知202010061640
      >> 下載 https://www.cna.com.tw/news/ahel/202010060177.aspx, 台中12名印尼外籍生發燒腹瀉仍住院2人二採陰性202010061535
      >> 下載 https://www.cna.com.tw/news/ahel/202010060131.aspx, 使用國產牛豬教保業促托嬰中心採相同規範202010061353
      >> 下載 https://www.cna.com.tw/news/ahel/202010060044.aspx, 台中12名居家檢疫外籍生發燒腹瀉2人仍待二採陰影202010061016
      >> 下載 https://www.cna.com.tw/news/firstnews/202010060347.aspx, 實名制口罩結構遭指3缺1新北轉衛福部調查202010062104
      >> 下載 https://www.cna.com.tw/news/ahel/202010060129.aspx, 盼口罩成循環經濟曾文生材質單純是學問202010061349
      >> 下載 https://www.cna.com.tw/news/afe/202010060149.aspx, 支持循環經濟友達彭浪一滴水使用11次202010061435
      >> 下載 https://www.cna.com.tw/news/afe/202010060105.aspx, 國際原料漲跌互見豐興鋼鐵開平盤202010061234
      >> 下載 https://www.cna.com.tw/news/aloc/202010060266.aspx, 降低交通肇事傷亡高市提解方車道要瘦身202010061807
      >> 下載 https://www.cna.com.tw/news/ahel/202010060331.aspx, 全球百大綠色旅遊地日月潭東北角雙上榜202010062020
      >> 下載 https://www.cna.com.tw/news/ahel/202010060302.aspx, 阿聯酋集結旅客捐贈救援貝魯特台灣445人參與202010061934
      >> 下載 https://www.cna.com.tw/news/asoc/202010060228.aspx, 調查局贈印太7國奈米毒品快篩試劑共打犯罪202010061719
      >> 下載 https://www.cna.com.tw/news/afe/202010060229.aspx, 研調明年筆電出貨估持平2024年迎換機潮202010061720
      >> 下載 https://www.cna.com.tw/news/afe/202010060116.aspx, 外資看旺5G商機喊買台光電早盤股價勁揚202010061257
      >> 下載 https://www.cna.com.tw/news/ahel/202010060278.aspx, 風機減量數據未更新台泥綠能風電環評補件再審202010061824
      >> 下載 https://www.cna.com.tw/news/aloc/202010060185.aspx, 遭污染農地改種太陽能光電彰化創全國首例202010061550
      >> 下載 https://www.cna.com.tw/news/afe/202010060149.aspx, 支持循環經濟友達彭浪一滴水使用11次202010061435
      >> 下載 https://www.cna.com.tw/news/aloc/202010060130.aspx, 拜會國民黨團陳其邁沒做好會虛心受教202010061351
      >> 下載 https://www.cna.com.tw/news/asoc/202010060269.aspx, 汐止中興路飄濃濃瓦斯味警消封鎖找到洩漏點202010061811
      >> 下載 https://www.cna.com.tw/news/amov/202010070004.aspx, 日本女星廣瀨鈴確診武漢肺炎無症狀202010070020
      >> 下載 https://www.cna.com.tw/news/aopl/202010060385.aspx, 美日澳印外長四方安全對話談合作加強抗中202010062326
      >> 下載 https://www.cna.com.tw/news/aopl/202010060382.aspx, 水源爭議未決衣索比亞禁航班飛越大壩上空202010062257
      >> 下載 https://www.cna.com.tw/news/aipl/202010060381.aspx, AIT主席中對台威脅日增美台強化國防合作202010062251
      >> 下載 https://www.cna.com.tw/news/firstnews/202010060329.aspx, 蓬佩奧痛批中國脅迫行動呼籲亞太盟國聯合對抗202010062019
      >> 下載 https://www.cna.com.tw/news/firstnews/202010060239.aspx, 吉爾吉斯情勢動盪選委會宣布國會大選結果無效202010061734
      >> 下載 https://www.cna.com.tw/news/firstnews/202010060367.aspx, 若中國攻打台灣蓬佩奧美會設法緩和區域緊張202010062209
      >> 下載 https://www.cna.com.tw/news/aopl/202010060352.aspx, 四方安全對話印度外長籲尊重領土主權202010062134
      >> 下載 https://www.cna.com.tw/news/ahel/202010060331.aspx, 全球百大綠色旅遊地日月潭東北角雙上榜202010062020
      >> 下載 https://www.cna.com.tw/news/aipl/202010060354.aspx, 張麗善指前瞻補助少內政部雲林實為全國之冠202010062135
      >> 下載 https://www.cna.com.tw/news/aopl/202010060351.aspx, 歐盟法院裁決國家情治單位大規模監聽有限制202010062122
      >> 下載 https://www.cna.com.tw/news/afe/202010060276.aspx, 裕日車新車上市加持第4季銷售拚逾萬台202010061821
      >> 下載 https://www.cna.com.tw/news/firstnews/202010060316.aspx, 澳洲撥68億元推動抗疫外交澳媒抗衡中國202010062000
      >> 下載 https://www.cna.com.tw/news/firstnews/202010060317.aspx, 機車闖國道2天3起老翁騎上國10稱路況不熟202010062000
      >> 下載 https://www.cna.com.tw/news/aloc/202010060315.aspx, 濁水溪堤防變漂亮了南投水里再增親水環境202010061959
      >> 下載 https://www.cna.com.tw/news/ahel/202010060322.aspx, 中天新聞台換照案首場聽證會26日舉行202010062009
      >> 下載 https://www.cna.com.tw/news/acn/202010060298.aspx, 宣揚港獨不能任教官員不符香港憲制地位202010061917
      >> 下載 https://www.cna.com.tw/news/aloc/202010060171.aspx, 國慶大會預演8日登場總統府周邊交管202010061526
      >> 下載 https://www.cna.com.tw/news/acn/202010060281.aspx, 山西吉林重大事故頻傳被指形式主義官僚主義202010061827
      >> 下載 https://www.cna.com.tw/news/aipl/202010060280.aspx, 談兩岸問題蘇貞昌做萬全準備才不會被覬覦併吞202010061826
      >> 下載 https://www.cna.com.tw/news/aipl/202010060273.aspx, 立委憂中國產品危害台灣資安蘇貞昌汰換處理202010061813
      >> 下載 https://www.cna.com.tw/news/ahel/202010060268.aspx, 勞工遇職災勞動部不論有無勞保皆可申請補助202010061810
      >> 下載 https://www.cna.com.tw/news/aloc/202010060266.aspx, 降低交通肇事傷亡高市提解方車道要瘦身202010061807
      >> 下載 https://www.cna.com.tw/news/asoc/202010060220.aspx, 雙十國慶勤務吃重警政署長慰勉基層辛勞202010061706
      >> 下載 https://www.cna.com.tw/news/asoc/202010060226.aspx, 南投看守所收容人企圖逃獄疑因中秋思親202010061716
      >> 下載 https://www.cna.com.tw/news/asoc/202010060203.aspx, 慣犯酒駕害死騎士男子二審判8年8月202010061638
      >> 下載 https://www.cna.com.tw/news/firstnews/202010060207.aspx, 台灣豬標章出爐估首批逾萬家餐飲通路使用202010061642
      >> 下載 https://www.cna.com.tw/news/aipl/202010060205.aspx, 遭指食品安全打假球綠委藍提案誤導社會認知202010061640
      >> 下載 https://www.cna.com.tw/news/firstnews/202010060195.aspx, 重機闖國道遭警攔停開罰騎士稱導航設定錯誤202010061618
      >> 下載 https://www.cna.com.tw/news/firstnews/202010060170.aspx, 美日澳印外相會談齊力抗中蓬佩奧讚菅義偉正道力量202010061524
      >> 下載 https://www.cna.com.tw/news/afe/202010060198.aspx, 奇力新第3季營收衝次高遠端應用需求達第4季202010061623
      >> 下載 https://www.cna.com.tw/news/asoc/202010060191.aspx, 男子性侵小模姊妹逃亡時強暴鄰居母女判無期202010061613
      >> 下載 https://www.cna.com.tw/news/aloc/202010060121.aspx, 追思偉大老師花蓮箭瑛第二代橋乘載希望202010061319
      >> 下載 https://www.cna.com.tw/news/aipl/202010060111.aspx, 蔡總統視導六聯隊籲以精實表現破中共不實言論202010061249
      >> 下載 https://www.cna.com.tw/news/firstnews/202010060125.aspx, 機車上國道引發連環撞律師可判5年附帶民事賠償影202010061338
