     -----> 國際新聞爬蟲：紐約時報

 >> 搜尋關鍵字: Industrial
    網址：https://www.nytimes.com/search?dropmab=true&endDate=TE&query=KEYWORD&sort=newest&startDate=TS
  >> 網址: https://www.nytimes.com/search?dropmab=true&endDate=20201013&query=Industrial&sort=newest&startDate=20201013
     < 網頁擷取正常 >

 >> 搜尋關鍵字: Chemical industry
    網址：https://www.nytimes.com/search?dropmab=true&endDate=TE&query=KEYWORD&sort=newest&startDate=TS
  >> 網址: https://www.nytimes.com/search?dropmab=true&endDate=20201013&query=Chemical industry&sort=newest&startDate=20201013
     < 網頁擷取正常 >

 >> 搜尋關鍵字: Disaster
    網址：https://www.nytimes.com/search?dropmab=true&endDate=TE&query=KEYWORD&sort=newest&startDate=TS
  >> 網址: https://www.nytimes.com/search?dropmab=true&endDate=20201013&query=Disaster&sort=newest&startDate=20201013
     < 網頁擷取正常 >
      1. title: Reimagining Community in Rapidly Changing Times
           url: https://www.nytimes.com/interactive/2020/10/12/style/from-here-moving-forward.html?searchResultPosition=1

 >> 搜尋關鍵字: Chemistry
    網址：https://www.nytimes.com/search?dropmab=true&endDate=TE&query=KEYWORD&sort=newest&startDate=TS
  >> 網址: https://www.nytimes.com/search?dropmab=true&endDate=20201013&query=Chemistry&sort=newest&startDate=20201013
     < 網頁擷取正常 >

 >> 搜尋關鍵字: Leak
    網址：https://www.nytimes.com/search?dropmab=true&endDate=TE&query=KEYWORD&sort=newest&startDate=TS
  >> 網址: https://www.nytimes.com/search?dropmab=true&endDate=20201013&query=Leak&sort=newest&startDate=20201013
     < 網頁擷取正常 >

 >> 搜尋關鍵字: harm
    網址：https://www.nytimes.com/search?dropmab=true&endDate=TE&query=KEYWORD&sort=newest&startDate=TS
  >> 網址: https://www.nytimes.com/search?dropmab=true&endDate=20201013&query=harm&sort=newest&startDate=20201013
     < 網頁擷取正常 >

 >> 搜尋關鍵字: poisonous
    網址：https://www.nytimes.com/search?dropmab=true&endDate=TE&query=KEYWORD&sort=newest&startDate=TS
  >> 網址: https://www.nytimes.com/search?dropmab=true&endDate=20201013&query=poisonous&sort=newest&startDate=20201013
     < 網頁擷取正常 >

 >> 搜尋關鍵字: harmful
    網址：https://www.nytimes.com/search?dropmab=true&endDate=TE&query=KEYWORD&sort=newest&startDate=TS
  >> 網址: https://www.nytimes.com/search?dropmab=true&endDate=20201013&query=harmful&sort=newest&startDate=20201013
     < 網頁擷取正常 >

 >> 搜尋關鍵字: Pigment
    網址：https://www.nytimes.com/search?dropmab=true&endDate=TE&query=KEYWORD&sort=newest&startDate=TS
  >> 網址: https://www.nytimes.com/search?dropmab=true&endDate=20201013&query=Pigment&sort=newest&startDate=20201013
     < 網頁擷取正常 >

 >> 搜尋關鍵字: pigment
    網址：https://www.nytimes.com/search?dropmab=true&endDate=TE&query=KEYWORD&sort=newest&startDate=TS
  >> 網址: https://www.nytimes.com/search?dropmab=true&endDate=20201013&query=pigment&sort=newest&startDate=20201013
     < 網頁擷取正常 >

 >> 搜尋關鍵字: toxicity
    網址：https://www.nytimes.com/search?dropmab=true&endDate=TE&query=KEYWORD&sort=newest&startDate=TS
  >> 網址: https://www.nytimes.com/search?dropmab=true&endDate=20201013&query=toxicity&sort=newest&startDate=20201013
     < 網頁擷取正常 >

 >> 搜尋關鍵字: drug
    網址：https://www.nytimes.com/search?dropmab=true&endDate=TE&query=KEYWORD&sort=newest&startDate=TS
  >> 網址: https://www.nytimes.com/search?dropmab=true&endDate=20201013&query=drug&sort=newest&startDate=20201013
     < 網頁擷取正常 >

 >> 搜尋關鍵字: Carcinogenic
    網址：https://www.nytimes.com/search?dropmab=true&endDate=TE&query=KEYWORD&sort=newest&startDate=TS
  >> 網址: https://www.nytimes.com/search?dropmab=true&endDate=20201013&query=Carcinogenic&sort=newest&startDate=20201013
     < 網頁擷取正常 >

 >> 搜尋關鍵字: Heavy metal
    網址：https://www.nytimes.com/search?dropmab=true&endDate=TE&query=KEYWORD&sort=newest&startDate=TS
  >> 網址: https://www.nytimes.com/search?dropmab=true&endDate=20201013&query=Heavy metal&sort=newest&startDate=20201013
     < 網頁擷取正常 >
      1. title: California Republican Party Admits It Placed Misleading Ballot Boxes Around State
           url: https://www.nytimes.com/2020/10/12/us/politics/california-gop-drop-boxes.html?searchResultPosition=1

 >> 搜尋關鍵字: Food safety
    網址：https://www.nytimes.com/search?dropmab=true&endDate=TE&query=KEYWORD&sort=newest&startDate=TS
  >> 網址: https://www.nytimes.com/search?dropmab=true&endDate=20201013&query=Food safety&sort=newest&startDate=20201013
     < 網頁擷取正常 >

 >> 搜尋關鍵字: spices
    網址：https://www.nytimes.com/search?dropmab=true&endDate=TE&query=KEYWORD&sort=newest&startDate=TS
  >> 網址: https://www.nytimes.com/search?dropmab=true&endDate=20201013&query=spices&sort=newest&startDate=20201013
     < 網頁擷取正常 >

 >> 搜尋關鍵字: raw material
    網址：https://www.nytimes.com/search?dropmab=true&endDate=TE&query=KEYWORD&sort=newest&startDate=TS
  >> 網址: https://www.nytimes.com/search?dropmab=true&endDate=20201013&query=raw material&sort=newest&startDate=20201013
     < 網頁擷取正常 >

 >> 搜尋關鍵字: Gas explosion
    網址：https://www.nytimes.com/search?dropmab=true&endDate=TE&query=KEYWORD&sort=newest&startDate=TS
  >> 網址: https://www.nytimes.com/search?dropmab=true&endDate=20201013&query=Gas explosion&sort=newest&startDate=20201013
     < 網頁擷取正常 >

 >> 搜尋關鍵字: Additives
    網址：https://www.nytimes.com/search?dropmab=true&endDate=TE&query=KEYWORD&sort=newest&startDate=TS
  >> 網址: https://www.nytimes.com/search?dropmab=true&endDate=20201013&query=Additives&sort=newest&startDate=20201013
     < 網頁擷取正常 >

 >> 搜尋關鍵字: Black heart
    網址：https://www.nytimes.com/search?dropmab=true&endDate=TE&query=KEYWORD&sort=newest&startDate=TS
  >> 網址: https://www.nytimes.com/search?dropmab=true&endDate=20201013&query=Black heart&sort=newest&startDate=20201013
     < 網頁擷取正常 >

 >> 搜尋關鍵字: bleach
    網址：https://www.nytimes.com/search?dropmab=true&endDate=TE&query=KEYWORD&sort=newest&startDate=TS
  >> 網址: https://www.nytimes.com/search?dropmab=true&endDate=20201013&query=bleach&sort=newest&startDate=20201013
     < 網頁擷取正常 >

 >> 搜尋關鍵字: explosion
    網址：https://www.nytimes.com/search?dropmab=true&endDate=TE&query=KEYWORD&sort=newest&startDate=TS
  >> 網址: https://www.nytimes.com/search?dropmab=true&endDate=20201013&query=explosion&sort=newest&startDate=20201013
     < 網頁擷取正常 >

 >> 搜尋關鍵字: new
    網址：https://www.nytimes.com/search?dropmab=true&endDate=TE&query=KEYWORD&sort=newest&startDate=TS
  >> 網址: https://www.nytimes.com/search?dropmab=true&endDate=20201013&query=new&sort=newest&startDate=20201013
     < 網頁擷取正常 >
      1. title: The World Has Changed. Where Do We Go From Here?
           url: https://www.nytimes.com/interactive/2020/10/12/style/from-here.html?searchResultPosition=1
      2. title: Reimagining Community in Rapidly Changing Times
           url: https://www.nytimes.com/interactive/2020/10/12/style/from-here-moving-forward.html?searchResultPosition=2
      3. title: N.W.H.L. Prioritizes Independent Team Ownership in New Model
           url: https://www.nytimes.com/2020/10/12/sports/hockey/nwhl-prioritizes-independent-team-ownership-in-new-model.html?searchResultPosition=3
      4. title: It’s a Cinch
           url: https://www.nytimes.com/2020/10/12/crosswords/daily-puzzle-2020-10-13.html?searchResultPosition=4
      5. title: California, Reject Prop 22
           url: https://www.nytimes.com/2020/10/12/opinion/california-prop-22-uber-lyft.html?searchResultPosition=5

 >> 搜尋關鍵字: Explosive
    網址：https://www.nytimes.com/search?dropmab=true&endDate=TE&query=KEYWORD&sort=newest&startDate=TS
  >> 網址: https://www.nytimes.com/search?dropmab=true&endDate=20201013&query=Explosive&sort=newest&startDate=20201013
     < 網頁擷取正常 >

 >> 搜尋關鍵字: IED
    網址：https://www.nytimes.com/search?dropmab=true&endDate=TE&query=KEYWORD&sort=newest&startDate=TS
  >> 網址: https://www.nytimes.com/search?dropmab=true&endDate=20201013&query=IED&sort=newest&startDate=20201013
     < 網頁擷取正常 >

 >> 搜尋關鍵字: emission
    網址：https://www.nytimes.com/search?dropmab=true&endDate=TE&query=KEYWORD&sort=newest&startDate=TS
  >> 網址: https://www.nytimes.com/search?dropmab=true&endDate=20201013&query=emission&sort=newest&startDate=20201013
     < 網頁擷取正常 >

 >> 搜尋關鍵字: Pollution
    網址：https://www.nytimes.com/search?dropmab=true&endDate=TE&query=KEYWORD&sort=newest&startDate=TS
  >> 網址: https://www.nytimes.com/search?dropmab=true&endDate=20201013&query=Pollution&sort=newest&startDate=20201013
     < 網頁擷取正常 >

 >> 搜尋關鍵字: Waste water
    網址：https://www.nytimes.com/search?dropmab=true&endDate=TE&query=KEYWORD&sort=newest&startDate=TS
  >> 網址: https://www.nytimes.com/search?dropmab=true&endDate=20201013&query=Waste water&sort=newest&startDate=20201013
     < 網頁擷取正常 >

 >> 搜尋關鍵字: Sewage
    網址：https://www.nytimes.com/search?dropmab=true&endDate=TE&query=KEYWORD&sort=newest&startDate=TS
  >> 網址: https://www.nytimes.com/search?dropmab=true&endDate=20201013&query=Sewage&sort=newest&startDate=20201013
     < 網頁擷取正常 >

 >> 搜尋關鍵字: leakage
    網址：https://www.nytimes.com/search?dropmab=true&endDate=TE&query=KEYWORD&sort=newest&startDate=TS
  >> 網址: https://www.nytimes.com/search?dropmab=true&endDate=20201013&query=leakage&sort=newest&startDate=20201013
     < 網頁擷取正常 >

 >> 搜尋關鍵字: Concealed tube
    網址：https://www.nytimes.com/search?dropmab=true&endDate=TE&query=KEYWORD&sort=newest&startDate=TS
  >> 網址: https://www.nytimes.com/search?dropmab=true&endDate=20201013&query=Concealed tube&sort=newest&startDate=20201013
     < 網頁擷取正常 >

 >> 搜尋關鍵字: Steal
    網址：https://www.nytimes.com/search?dropmab=true&endDate=TE&query=KEYWORD&sort=newest&startDate=TS
  >> 網址: https://www.nytimes.com/search?dropmab=true&endDate=20201013&query=Steal&sort=newest&startDate=20201013
     < 網頁擷取正常 >
      1. title: Reimagining Community in Rapidly Changing Times
           url: https://www.nytimes.com/interactive/2020/10/12/style/from-here-moving-forward.html?searchResultPosition=1

 >> 搜尋關鍵字: Safety
    網址：https://www.nytimes.com/search?dropmab=true&endDate=TE&query=KEYWORD&sort=newest&startDate=TS
  >> 網址: https://www.nytimes.com/search?dropmab=true&endDate=20201013&query=Safety&sort=newest&startDate=20201013
     < 網頁擷取正常 >

 >> 搜尋關鍵字: Tank truck
    網址：https://www.nytimes.com/search?dropmab=true&endDate=TE&query=KEYWORD&sort=newest&startDate=TS
  >> 網址: https://www.nytimes.com/search?dropmab=true&endDate=20201013&query=Tank truck&sort=newest&startDate=20201013
     < 網頁擷取正常 >
完成，擷取資料如下
       keyword     ...      news_content
0     Disaster     ...                  
0  Heavy metal     ...                  
0          new     ...                  
1          new     ...                  
2          new     ...                  
3          new     ...                  
4          new     ...                  
0        Steal     ...                  

[8 rows x 6 columns]
      >> 下載 https://www.nytimes.com/interactive/2020/10/12/style/from-here-moving-forward.html?searchResultPosition=1, Reimagining Community in Rapidly Changing Times
        >>> 等待時間:3.5135884928967682
       >> **** something wrong!! Pass it!! ****
      >> 下載 https://www.nytimes.com/2020/10/12/us/politics/california-gop-drop-boxes.html?searchResultPosition=1, California Republican Party Admits It Placed Misleading Ballot Boxes Around State
        >>> 等待時間:4.654870751017782
      >> 下載 https://www.nytimes.com/interactive/2020/10/12/style/from-here.html?searchResultPosition=1, The World Has Changed. Where Do We Go From Here?
        >>> 等待時間:4.696732867314312
       >> **** something wrong!! Pass it!! ****
      >> 下載 https://www.nytimes.com/2020/10/12/sports/hockey/nwhl-prioritizes-independent-team-ownership-in-new-model.html?searchResultPosition=3, N.W.H.L. Prioritizes Independent Team Ownership in New Model
        >>> 等待時間:4.81854314115799
      >> 下載 https://www.nytimes.com/2020/10/12/crosswords/daily-puzzle-2020-10-13.html?searchResultPosition=4, It’s a Cinch
        >>> 等待時間:4.038282933894873
      >> 下載 https://www.nytimes.com/2020/10/12/opinion/california-prop-22-uber-lyft.html?searchResultPosition=5, California, Reject Prop 22
        >>> 等待時間:3.257005114194426
完成，擷取資料如下
       keyword     ...      news_content
0     Disaster     ...                  
0  Heavy metal     ...                  
0          new     ...                  
1          new     ...                  
2          new     ...                  
3          new     ...                  
4          new     ...                  
0        Steal     ...                  

[8 rows x 6 columns]
