     -----> 新聞爬蟲：中國時報電子報

           <<< 中國時報電子報新聞搜尋 >>>
        ------------------------------------------------------
        ------------------------------------------------------
       >> 搜尋關鍵字:"工業用"; 網址:"https://www.chinatimes.com/search/工業用?page=1&chdtv"
         <<< 2020-10-08 沒有更多 "工業用" 相關的新聞 !!! >>>
        ------------------------------------------------------
       >> 搜尋關鍵字:"化工"; 網址:"https://www.chinatimes.com/search/化工?page=1&chdtv"
         <<< 2020-10-08 沒有更多 "化工" 相關的新聞 !!! >>>
        ------------------------------------------------------
       >> 搜尋關鍵字:"化災"; 網址:"https://www.chinatimes.com/search/化災?page=1&chdtv"
         <<< 2020-10-08 沒有更多 "化災" 相關的新聞 !!! >>>
        ------------------------------------------------------
       >> 搜尋關鍵字:"化學"; 網址:"https://www.chinatimes.com/search/化學?page=1&chdtv"
         >>> 找到關鍵字 "化學"; 文章資訊: 2020-10-07 20:54:00, 開發基因編輯技術美法女學者摘諾貝爾化學獎, https://www.chinatimes.com/realtimenews/20201007006021-260410
         >>> 找到關鍵字 "化學"; 文章資訊: 2020-10-07 17:17:00, 諾貝爾化學獎女性當家2美法學者研究編輯基因有成獲殊榮, https://www.chinatimes.com/realtimenews/20201007004697-260408
         >>> 找到關鍵字 "化學"; 文章資訊: 2020-10-07 17:51:00, 諾貝爾化學獎美法學者獲獎兩女也是2016年唐獎得獎人, https://www.chinatimes.com/realtimenews/20201007005023-260408
         >>> 找到關鍵字 "化學"; 文章資訊: 2020-10-07 19:11:00, 唐獎慧眼識英雌4年前表彰2諾貝爾化學獎得主, https://www.chinatimes.com/realtimenews/20201007005512-260408
         >>> 找到關鍵字 "化學"; 文章資訊: 2020-10-07 19:45:00, 唐獎得主夏彭提耶道納再摘諾貝爾化學獎, https://www.chinatimes.com/realtimenews/20201007005714-260405
         <<< 2020-10-08 沒有更多 "化學" 相關的新聞 !!! >>>
        ------------------------------------------------------
       >> 搜尋關鍵字:"外洩"; 網址:"https://www.chinatimes.com/search/外洩?page=1&chdtv"
         <<< 2020-10-08 沒有更多 "外洩" 相關的新聞 !!! >>>
        ------------------------------------------------------
       >> 搜尋關鍵字:"危害"; 網址:"https://www.chinatimes.com/search/危害?page=1&chdtv"
         <<< 2020-10-08 沒有更多 "危害" 相關的新聞 !!! >>>
        ------------------------------------------------------
       >> 搜尋關鍵字:"有毒"; 網址:"https://www.chinatimes.com/search/有毒?page=1&chdtv"
         <<< 2020-10-08 沒有更多 "有毒" 相關的新聞 !!! >>>
        ------------------------------------------------------
       >> 搜尋關鍵字:"有害"; 網址:"https://www.chinatimes.com/search/有害?page=1&chdtv"
         <<< 2020-10-08 沒有更多 "有害" 相關的新聞 !!! >>>
        ------------------------------------------------------
       >> 搜尋關鍵字:"色料"; 網址:"https://www.chinatimes.com/search/色料?page=1&chdtv"
         <<< 2020-10-08 沒有更多 "色料" 相關的新聞 !!! >>>
        ------------------------------------------------------
       >> 搜尋關鍵字:"色素"; 網址:"https://www.chinatimes.com/search/色素?page=1&chdtv"
         <<< 2020-10-08 沒有更多 "色素" 相關的新聞 !!! >>>
        ------------------------------------------------------
       >> 搜尋關鍵字:"毒性"; 網址:"https://www.chinatimes.com/search/毒性?page=1&chdtv"
         >>> 找到關鍵字 "毒性"; 文章資訊: 2020-10-07 12:53:00, 蘆薈怕引發肝腎毒性食藥署限定2品種食用, https://www.chinatimes.com/realtimenews/20201007003099-260405
         <<< 2020-10-08 沒有更多 "毒性" 相關的新聞 !!! >>>
        ------------------------------------------------------
       >> 搜尋關鍵字:"毒品"; 網址:"https://www.chinatimes.com/search/毒品?page=1&chdtv"
         <<< 2020-10-08 沒有更多 "毒品" 相關的新聞 !!! >>>
        ------------------------------------------------------
       >> 搜尋關鍵字:"致癌"; 網址:"https://www.chinatimes.com/search/致癌?page=1&chdtv"
         >>> 找到關鍵字 "致癌"; 文章資訊: 2020-10-07 10:35:00, NDMA致癌事件頻傳正和糖尿病藥4300萬顆全下架, https://www.chinatimes.com/realtimenews/20201007002060-260405
         <<< 2020-10-08 沒有更多 "致癌" 相關的新聞 !!! >>>
        ------------------------------------------------------
       >> 搜尋關鍵字:"重金屬"; 網址:"https://www.chinatimes.com/search/重金屬?page=1&chdtv"
         <<< 2020-10-08 沒有更多 "重金屬" 相關的新聞 !!! >>>
        ------------------------------------------------------
       >> 搜尋關鍵字:"食安"; 網址:"https://www.chinatimes.com/search/食安?page=1&chdtv"
         >>> 找到關鍵字 "食安"; 文章資訊: 2020-10-07 12:23:00, 中台灣7縣市首長簽署反對萊豬進口聲明維持瘦肉精零檢出捍衛食安, https://www.chinatimes.com/realtimenews/20201007002925-260407
         >>> 找到關鍵字 "食安"; 文章資訊: 2020-10-07 11:42:00, 瘦肉精美豬明年進口江啟臣示警面臨的挑戰超乎想像, https://www.chinatimes.com/realtimenews/20201007002612-260407
         >>> 找到關鍵字 "食安"; 文章資訊: 2020-10-07 21:19:00, 中部七縣市父母官站出來聲明反瘦肉精豬肉捍衛食安, https://www.chinatimes.com/realtimenews/20201007006096-260410
         <<< 2020-10-08 沒有更多 "食安" 相關的新聞 !!! >>>
        ------------------------------------------------------
       >> 搜尋關鍵字:"香料"; 網址:"https://www.chinatimes.com/search/香料?page=1&chdtv"
         <<< 2020-10-08 沒有更多 "香料" 相關的新聞 !!! >>>
        ------------------------------------------------------
       >> 搜尋關鍵字:"原料"; 網址:"https://www.chinatimes.com/search/原料?page=1&chdtv"
         >>> 找到關鍵字 "原料"; 文章資訊: 2020-10-07 12:53:00, 蘆薈怕引發肝腎毒性食藥署限定2品種食用, https://www.chinatimes.com/realtimenews/20201007003099-260405
         >>> 找到關鍵字 "原料"; 文章資訊: 2020-10-07 12:06:00, 乳膠手套原料短缺衛福部以含粉手套替代惹議, https://www.chinatimes.com/realtimenews/20201007002744-260405
         <<< 2020-10-08 沒有更多 "原料" 相關的新聞 !!! >>>
        ------------------------------------------------------
       >> 搜尋關鍵字:"氣爆"; 網址:"https://www.chinatimes.com/search/氣爆?page=1&chdtv"
         <<< 2020-10-08 沒有更多 "氣爆" 相關的新聞 !!! >>>
        ------------------------------------------------------
       >> 搜尋關鍵字:"添加物"; 網址:"https://www.chinatimes.com/search/添加物?page=1&chdtv"
         <<< 2020-10-08 沒有更多 "添加物" 相關的新聞 !!! >>>
        ------------------------------------------------------
       >> 搜尋關鍵字:"黑心"; 網址:"https://www.chinatimes.com/search/黑心?page=1&chdtv"
         <<< 2020-10-08 沒有更多 "黑心" 相關的新聞 !!! >>>
        ------------------------------------------------------
       >> 搜尋關鍵字:"漂白"; 網址:"https://www.chinatimes.com/search/漂白?page=1&chdtv"
         <<< 2020-10-08 沒有更多 "漂白" 相關的新聞 !!! >>>
        ------------------------------------------------------
       >> 搜尋關鍵字:"爆炸"; 網址:"https://www.chinatimes.com/search/爆炸?page=1&chdtv"
         >>> 找到關鍵字 "爆炸"; 文章資訊: 2020-10-07 19:45:00, 北市東湖變電箱驚傳爆炸3361住戶大停電, https://www.chinatimes.com/realtimenews/20201007005713-260402
         <<< 2020-10-08 沒有更多 "爆炸" 相關的新聞 !!! >>>
        ------------------------------------------------------
       >> 搜尋關鍵字:"新興"; 網址:"https://www.chinatimes.com/search/新興?page=1&chdtv"
         >>> 找到關鍵字 "新興"; 文章資訊: 2020-10-07 10:07:00, 月薪9萬不用負管理責任金控職缺掀氣象界暴動, https://www.chinatimes.com/realtimenews/20201007001905-260405
         >>> 找到關鍵字 "新興"; 文章資訊: 2020-10-07 18:22:00, 世界職業安全衛生大會線上會議勞動部職安署不缺席, https://www.chinatimes.com/realtimenews/20201007005212-260410
         >>> 找到關鍵字 "新興"; 文章資訊: 2020-10-07 09:34:00, 針對設計師輝達Ampere架構GPU提升資料中心及雲端環境效能, https://www.chinatimes.com/realtimenews/20201007001684-260410
         <<< 2020-10-08 沒有更多 "新興" 相關的新聞 !!! >>>
        ------------------------------------------------------
       >> 搜尋關鍵字:"爆裂物"; 網址:"https://www.chinatimes.com/search/爆裂物?page=1&chdtv"
         <<< 2020-10-08 沒有更多 "爆裂物" 相關的新聞 !!! >>>
        ------------------------------------------------------
       >> 搜尋關鍵字:"IED"; 網址:"https://www.chinatimes.com/search/IED?page=1&chdtv"
        ------------------------------------------------------
       >> 搜尋關鍵字:"IED"; 網址:"https://www.chinatimes.com/search/IED?page=2&chdtv"
        ------------------------------------------------------
       >> 搜尋關鍵字:"IED"; 網址:"https://www.chinatimes.com/search/IED?page=3&chdtv"
        ------------------------------------------------------
       >> 搜尋關鍵字:"IED"; 網址:"https://www.chinatimes.com/search/IED?page=4&chdtv"
        ------------------------------------------------------
       >> 搜尋關鍵字:"IED"; 網址:"https://www.chinatimes.com/search/IED?page=5&chdtv"
        ------------------------------------------------------
       >> 搜尋關鍵字:"IED"; 網址:"https://www.chinatimes.com/search/IED?page=6&chdtv"
        ------------------------------------------------------
       >> 搜尋關鍵字:"IED"; 網址:"https://www.chinatimes.com/search/IED?page=7&chdtv"
        ------------------------------------------------------
       >> 搜尋關鍵字:"IED"; 網址:"https://www.chinatimes.com/search/IED?page=8&chdtv"
        ------------------------------------------------------
       >> 搜尋關鍵字:"IED"; 網址:"https://www.chinatimes.com/search/IED?page=9&chdtv"
        ------------------------------------------------------
       >> 搜尋關鍵字:"排放"; 網址:"https://www.chinatimes.com/search/排放?page=1&chdtv"
         <<< 2020-10-08 沒有更多 "排放" 相關的新聞 !!! >>>
        ------------------------------------------------------
       >> 搜尋關鍵字:"污染"; 網址:"https://www.chinatimes.com/search/污染?page=1&chdtv"
         <<< 2020-10-08 沒有更多 "污染" 相關的新聞 !!! >>>
        ------------------------------------------------------
       >> 搜尋關鍵字:"廢水"; 網址:"https://www.chinatimes.com/search/廢水?page=1&chdtv"
         <<< 2020-10-08 沒有更多 "廢水" 相關的新聞 !!! >>>
        ------------------------------------------------------
       >> 搜尋關鍵字:"污水"; 網址:"https://www.chinatimes.com/search/污水?page=1&chdtv"
         <<< 2020-10-08 沒有更多 "污水" 相關的新聞 !!! >>>
        ------------------------------------------------------
       >> 搜尋關鍵字:"洩漏"; 網址:"https://www.chinatimes.com/search/洩漏?page=1&chdtv"
         <<< 2020-10-08 沒有更多 "洩漏" 相關的新聞 !!! >>>
        ------------------------------------------------------
       >> 搜尋關鍵字:"暗管"; 網址:"https://www.chinatimes.com/search/暗管?page=1&chdtv"
         <<< 2020-10-08 沒有更多 "暗管" 相關的新聞 !!! >>>
        ------------------------------------------------------
       >> 搜尋關鍵字:"偷排"; 網址:"https://www.chinatimes.com/search/偷排?page=1&chdtv"
         <<< 2020-10-08 沒有更多 "偷排" 相關的新聞 !!! >>>
        ------------------------------------------------------
       >> 搜尋關鍵字:"安全"; 網址:"https://www.chinatimes.com/search/安全?page=1&chdtv"
         >>> 找到關鍵字 "安全"; 文章資訊: 2020-10-07 18:22:00, 世界職業安全衛生大會線上會議勞動部職安署不缺席, https://www.chinatimes.com/realtimenews/20201007005212-260410
         >>> 找到關鍵字 "安全"; 文章資訊: 2020-10-07 09:38:00, 澳門司法警察局新增保安廳專責國安及反恐工作, https://www.chinatimes.com/realtimenews/20201007001725-260409
         >>> 找到關鍵字 "安全"; 文章資訊: 2020-10-07 20:05:00, 中時社論這個國家有守法嗎, https://www.chinatimes.com/opinion/20201007005758-262101
         >>> 找到關鍵字 "安全"; 文章資訊: 2020-10-07 11:25:00, 通信網路遠傳加山計畫守護山友安全, https://www.chinatimes.com/realtimenews/20201007002518-260410
         >>> 找到關鍵字 "安全"; 文章資訊: 2020-10-07 17:34:00, 螺絲帽散落一地湖內警民迅速排除, https://www.chinatimes.com/realtimenews/20201007004760-260421
         >>> 找到關鍵字 "安全"; 文章資訊: 2020-10-07 20:40:00, 美大改H1B簽證規定13申請者恐被拒, https://www.chinatimes.com/realtimenews/20201007005965-260410
         >>> 找到關鍵字 "安全"; 文章資訊: 2020-10-07 14:38:00, 酒駕又度估高雄男自撞安全島, https://www.chinatimes.com/realtimenews/20201007003666-260402
         <<< 2020-10-08 沒有更多 "安全" 相關的新聞 !!! >>>
        ------------------------------------------------------
       >> 搜尋關鍵字:"槽車"; 網址:"https://www.chinatimes.com/search/槽車?page=1&chdtv"
         <<< 2020-10-08 沒有更多 "槽車" 相關的新聞 !!! >>>
       >> 檔案輸出
        ------------------------------------------------------
      >> 下載新聞內容
      >> 下載 https://www.chinatimes.com/realtimenews/20201007006021-260410, 開發基因編輯技術美法女學者摘諾貝爾化學獎
      >> 下載 https://www.chinatimes.com/realtimenews/20201007004697-260408, 諾貝爾化學獎女性當家2美法學者研究編輯基因有成獲殊榮
      >> 下載 https://www.chinatimes.com/realtimenews/20201007005023-260408, 諾貝爾化學獎美法學者獲獎兩女也是2016年唐獎得獎人
      >> 下載 https://www.chinatimes.com/realtimenews/20201007005512-260408, 唐獎慧眼識英雌4年前表彰2諾貝爾化學獎得主
      >> 下載 https://www.chinatimes.com/realtimenews/20201007005714-260405, 唐獎得主夏彭提耶道納再摘諾貝爾化學獎
      >> 下載 https://www.chinatimes.com/realtimenews/20201007003099-260405, 蘆薈怕引發肝腎毒性食藥署限定2品種食用
      >> 下載 https://www.chinatimes.com/realtimenews/20201007002060-260405, NDMA致癌事件頻傳正和糖尿病藥4300萬顆全下架
      >> 下載 https://www.chinatimes.com/realtimenews/20201007002925-260407, 中台灣7縣市首長簽署反對萊豬進口聲明維持瘦肉精零檢出捍衛食安
      >> 下載 https://www.chinatimes.com/realtimenews/20201007002612-260407, 瘦肉精美豬明年進口江啟臣示警面臨的挑戰超乎想像
      >> 下載 https://www.chinatimes.com/realtimenews/20201007006096-260410, 中部七縣市父母官站出來聲明反瘦肉精豬肉捍衛食安
      >> 下載 https://www.chinatimes.com/realtimenews/20201007003099-260405, 蘆薈怕引發肝腎毒性食藥署限定2品種食用
      >> 下載 https://www.chinatimes.com/realtimenews/20201007002744-260405, 乳膠手套原料短缺衛福部以含粉手套替代惹議
      >> 下載 https://www.chinatimes.com/realtimenews/20201007005713-260402, 北市東湖變電箱驚傳爆炸3361住戶大停電
      >> 下載 https://www.chinatimes.com/realtimenews/20201007001905-260405, 月薪9萬不用負管理責任金控職缺掀氣象界暴動
      >> 下載 https://www.chinatimes.com/realtimenews/20201007005212-260410, 世界職業安全衛生大會線上會議勞動部職安署不缺席
      >> 下載 https://www.chinatimes.com/realtimenews/20201007001684-260410, 針對設計師輝達Ampere架構GPU提升資料中心及雲端環境效能
      >> 下載 https://www.chinatimes.com/realtimenews/20201007005212-260410, 世界職業安全衛生大會線上會議勞動部職安署不缺席
      >> 下載 https://www.chinatimes.com/realtimenews/20201007001725-260409, 澳門司法警察局新增保安廳專責國安及反恐工作
      >> 下載 https://www.chinatimes.com/opinion/20201007005758-262101, 中時社論這個國家有守法嗎
      >> 下載 https://www.chinatimes.com/realtimenews/20201007002518-260410, 通信網路遠傳加山計畫守護山友安全
      >> 下載 https://www.chinatimes.com/realtimenews/20201007004760-260421, 螺絲帽散落一地湖內警民迅速排除
      >> 下載 https://www.chinatimes.com/realtimenews/20201007005965-260410, 美大改H1B簽證規定13申請者恐被拒
      >> 下載 https://www.chinatimes.com/realtimenews/20201007003666-260402, 酒駕又度估高雄男自撞安全島
