     -----> 新聞爬蟲：蘋果日報

           <<< 蘋果日報新聞搜尋 >>>
  ------------------------------------------------------
  ------------------------------------------------------
    >> 搜尋關鍵字:"工業用"; 網址:"https://tw.appledaily.com/search/工業用/"
         <<< 2020-10-05 沒有更多 "工業用" 相關的新聞 !!! >>>
  ------------------------------------------------------
    >> 搜尋關鍵字:"化工"; 網址:"https://tw.appledaily.com/search/化工/"
      **** something wrong!! Restart it!! ****
  ------------------------------------------------------
    >> 搜尋關鍵字:"化災"; 網址:"https://tw.appledaily.com/search/化災/"
         <<< 2020-10-05 沒有更多 "化災" 相關的新聞 !!! >>>
  ------------------------------------------------------
    >> 搜尋關鍵字:"化學"; 網址:"https://tw.appledaily.com/search/化學/"
         >>> 找到關鍵字 "化學"; 文章資訊: 2020-10-05 00:00:00, 降低人為干預自然酒釀出純正風味, https://tw.appledaily.com/lifestyle/20201005/AHTNPNJ5SVCMVPM2BPSWIFEO7M/
         >>> 找到關鍵字 "化學"; 文章資訊: 2020-10-05 00:00:00, 專家講評總冠軍3連霸OK連線勝一籌, https://tw.appledaily.com/sports/20201005/LURZFGUMFBCX7IP5MT5W5PYCLA/
         >>> 找到關鍵字 "化學"; 文章資訊: 2020-10-05 00:00:00, 紅白酒特性兼具自然派橘酒崛起, https://tw.appledaily.com/lifestyle/20201005/R5G23OYVJVBFVJ7PN7YJUCAG5A/
         >>> 找到關鍵字 "化學"; 文章資訊: 2020-10-04 21:58:00, 中芯證實遭美國制裁研調中國半導體產業受嚴重衝擊, https://tw.appledaily.com/property/20201004/DZWNCADBBZAOHM32OL77DX6QTI/
         >>> 找到關鍵字 "化學"; 文章資訊: 2020-10-04 22:20:00, 中芯國際今證實遭美國制裁供應商供貨須取得許可, https://tw.appledaily.com/property/20201004/YNYYX722RJHKNFUZFST444O3EA/
         >>> 找到關鍵字 "化學"; 文章資訊: 2020-10-04 18:00:00, 諾貝爾明起陸續揭曉得獎名單疫情可能影響評審方向, https://tw.appledaily.com/international/20201004/YHPRJTSY6FFBHA5K7TL6QLACOI/
         <<< 2020-10-05 沒有更多 "化學" 相關的新聞 !!! >>>
  ------------------------------------------------------
    >> 搜尋關鍵字:"外洩"; 網址:"https://tw.appledaily.com/search/外洩/"
         >>> 找到關鍵字 "外洩"; 文章資訊: 2020-10-04 21:35:00, 中共政府管控文件外洩震動中央嚴審教會人士捉洩密者, https://tw.appledaily.com/international/20201004/IHXYJH4VOVA7ROWXYGAZ6PSQRA/
         >>> 找到關鍵字 "外洩"; 文章資訊: 2020-10-05 00:00:00, 駭客竊個資售暗網104已報案清查中, https://tw.appledaily.com/headline/20201005/YSA6577RF5FYRCT73GJCON4VKQ/
         >>> 找到關鍵字 "外洩"; 文章資訊: 2020-10-04 20:18:00, 求職個資傳遭駭104人力銀行已報案清查中, https://tw.appledaily.com/local/20201004/C2A4TDXZ5FBNZLBSM6AQVQ73LU/
         <<< 2020-10-05 沒有更多 "外洩" 相關的新聞 !!! >>>
  ------------------------------------------------------
    >> 搜尋關鍵字:"危害"; 網址:"https://tw.appledaily.com/search/危害/"
         >>> 找到關鍵字 "危害"; 文章資訊: 2020-10-04 16:40:00, 收假日口罩戴好今午後西半部空品不佳全台28測站達危害等級, https://tw.appledaily.com/life/20201004/3X4G72T4EFBONGOST2PJJCUDGE/
         >>> 找到關鍵字 "危害"; 文章資訊: 2020-10-05 00:00:00, 香港淪陷中共全面管制以維穩曾建元, https://tw.appledaily.com/forum/20201005/I4M3NS5NEVDQ7KEEBFEQ5LZ6MA/
         <<< 2020-10-05 沒有更多 "危害" 相關的新聞 !!! >>>
  ------------------------------------------------------
    >> 搜尋關鍵字:"有毒"; 網址:"https://tw.appledaily.com/search/有毒/"
         <<< 2020-10-05 沒有更多 "有毒" 相關的新聞 !!! >>>
  ------------------------------------------------------
    >> 搜尋關鍵字:"有害"; 網址:"https://tw.appledaily.com/search/有害/"
         >>> 找到關鍵字 "有害"; 文章資訊: 2020-10-05 00:10:00, 水果手搖飲酸甜解膩鳳梨葡萄讓美味UPUP, https://tw.appledaily.com/supplement/20201005/BJQS5K2HOZHODA264Q4XXU443A/
         <<< 2020-10-05 沒有更多 "有害" 相關的新聞 !!! >>>
  ------------------------------------------------------
    >> 搜尋關鍵字:"色料"; 網址:"https://tw.appledaily.com/search/色料/"
         <<< 2020-10-05 沒有更多 "色料" 相關的新聞 !!! >>>
  ------------------------------------------------------
    >> 搜尋關鍵字:"色素"; 網址:"https://tw.appledaily.com/search/色素/"
         <<< 2020-10-05 沒有更多 "色素" 相關的新聞 !!! >>>
  ------------------------------------------------------
    >> 搜尋關鍵字:"毒性"; 網址:"https://tw.appledaily.com/search/毒性/"
         >>> 找到關鍵字 "毒性"; 文章資訊: 2020-10-04 21:00:00, 獨家說好的性交易卻提告小模冏了百億外商餵毒性侵全無罪台語片, https://tw.appledaily.com/local/20201004/SR25BDCHZ5AEHMW2GU23LSDGGA/
         >>> 找到關鍵字 "毒性"; 文章資訊: 2020-10-05 00:00:00, 富商性交易小模反咬性侵, https://tw.appledaily.com/headline/20201005/MRDU43CY5NFDRJNZCNMKN5KJLQ/
         <<< 2020-10-05 沒有更多 "毒性" 相關的新聞 !!! >>>
  ------------------------------------------------------
    >> 搜尋關鍵字:"毒品"; 網址:"https://tw.appledaily.com/search/毒品/"
         >>> 找到關鍵字 "毒品"; 文章資訊: 2020-10-05 00:00:00, 富商性交易小模反咬性侵, https://tw.appledaily.com/headline/20201005/MRDU43CY5NFDRJNZCNMKN5KJLQ/
         >>> 找到關鍵字 "毒品"; 文章資訊: 2020-10-04 21:00:00, 獨家說好的性交易卻提告小模冏了百億外商餵毒性侵全無罪台語片, https://tw.appledaily.com/local/20201004/SR25BDCHZ5AEHMW2GU23LSDGGA/
         <<< 2020-10-05 沒有更多 "毒品" 相關的新聞 !!! >>>
  ------------------------------------------------------
    >> 搜尋關鍵字:"致癌"; 網址:"https://tw.appledaily.com/search/致癌/"
         <<< 2020-10-05 沒有更多 "致癌" 相關的新聞 !!! >>>
  ------------------------------------------------------
    >> 搜尋關鍵字:"重金屬"; 網址:"https://tw.appledaily.com/search/重金屬/"
      **** something wrong!! Restart it!! ****
  ------------------------------------------------------
    >> 搜尋關鍵字:"食安"; 網址:"https://tw.appledaily.com/search/食安/"
         <<< 2020-10-05 沒有更多 "食安" 相關的新聞 !!! >>>
  ------------------------------------------------------
    >> 搜尋關鍵字:"香料"; 網址:"https://tw.appledaily.com/search/香料/"
         <<< 2020-10-05 沒有更多 "香料" 相關的新聞 !!! >>>
  ------------------------------------------------------
    >> 搜尋關鍵字:"原料"; 網址:"https://tw.appledaily.com/search/原料/"
         >>> 找到關鍵字 "原料"; 文章資訊: 2020-10-05 00:00:00, 降低人為干預自然酒釀出純正風味, https://tw.appledaily.com/lifestyle/20201005/AHTNPNJ5SVCMVPM2BPSWIFEO7M/
         >>> 找到關鍵字 "原料"; 文章資訊: 2020-10-05 00:00:00, 狗來富實例35歲毛媽年收5000萬, https://tw.appledaily.com/finance/20201005/PPIFHYBP25FTNLOAGBW3LNVRAI/
         >>> 找到關鍵字 "原料"; 文章資訊: 2020-10-05 00:00:00, 紅白酒特性兼具自然派橘酒崛起, https://tw.appledaily.com/lifestyle/20201005/R5G23OYVJVBFVJ7PN7YJUCAG5A/
         >>> 找到關鍵字 "原料"; 文章資訊: 2020-10-04 20:50:00, 杏輝等3廠製藥造假不安全列嚴重違反GMP年度最劣黑名單, https://tw.appledaily.com/life/20201004/V5DMZ5FTOBCETGC2QSVQJCGK5M/
         >>> 找到關鍵字 "原料"; 文章資訊: 2020-10-05 00:15:00, 新竹摩鐵30版總套如私人別墅K歌房麻將間一應俱全, https://tw.appledaily.com/supplement/20201005/CYA7OTD6QZE3RLGKRCRZQ36XA4/
         <<< 2020-10-05 沒有更多 "原料" 相關的新聞 !!! >>>
  ------------------------------------------------------
    >> 搜尋關鍵字:"氣爆"; 網址:"https://tw.appledaily.com/search/氣爆/"
      **** something wrong!! Restart it!! ****
  ------------------------------------------------------
    >> 搜尋關鍵字:"添加物"; 網址:"https://tw.appledaily.com/search/添加物/"
         <<< 2020-10-05 沒有更多 "添加物" 相關的新聞 !!! >>>
  ------------------------------------------------------
    >> 搜尋關鍵字:"黑心"; 網址:"https://tw.appledaily.com/search/黑心/"
         <<< 2020-10-05 沒有更多 "黑心" 相關的新聞 !!! >>>
  ------------------------------------------------------
    >> 搜尋關鍵字:"漂白"; 網址:"https://tw.appledaily.com/search/漂白/"
      **** something wrong!! Restart it!! ****
  ------------------------------------------------------
    >> 搜尋關鍵字:"爆炸"; 網址:"https://tw.appledaily.com/search/爆炸/"
         <<< 2020-10-05 沒有更多 "爆炸" 相關的新聞 !!! >>>
  ------------------------------------------------------
    >> 搜尋關鍵字:"新興"; 網址:"https://tw.appledaily.com/search/新興/"
         >>> 找到關鍵字 "新興"; 文章資訊: 2020-10-05 06:00:00, 川普確診台股開盤有壓法人短線事件拉回即買點, https://tw.appledaily.com/property/20201005/K7EUC6LUHBFNVLIA3KIVLANCFM/
         >>> 找到關鍵字 "新興"; 文章資訊: 2020-10-05 05:38:00, 財富保值靠它比特幣價位今年來大漲5成和黃金走勢相關性增, https://tw.appledaily.com/property/20201005/Q2Q2MOG63BHVRNFVPCSCNWKI4M/
         <<< 2020-10-05 沒有更多 "新興" 相關的新聞 !!! >>>
  ------------------------------------------------------
    >> 搜尋關鍵字:"爆裂物"; 網址:"https://tw.appledaily.com/search/爆裂物/"
         <<< 2020-10-05 沒有更多 "爆裂物" 相關的新聞 !!! >>>
  ------------------------------------------------------
    >> 搜尋關鍵字:"IED"; 網址:"https://tw.appledaily.com/search/IED/"
      **** something wrong!! Restart it!! ****
  ------------------------------------------------------
    >> 搜尋關鍵字:"排放"; 網址:"https://tw.appledaily.com/search/排放/"
         <<< 2020-10-05 沒有更多 "排放" 相關的新聞 !!! >>>
  ------------------------------------------------------
    >> 搜尋關鍵字:"污染"; 網址:"https://tw.appledaily.com/search/污染/"
         <<< 2020-10-05 沒有更多 "污染" 相關的新聞 !!! >>>
  ------------------------------------------------------
    >> 搜尋關鍵字:"廢水"; 網址:"https://tw.appledaily.com/search/廢水/"
         <<< 2020-10-05 沒有更多 "廢水" 相關的新聞 !!! >>>
  ------------------------------------------------------
    >> 搜尋關鍵字:"污水"; 網址:"https://tw.appledaily.com/search/污水/"
         <<< 2020-10-05 沒有更多 "污水" 相關的新聞 !!! >>>
  ------------------------------------------------------
    >> 搜尋關鍵字:"洩漏"; 網址:"https://tw.appledaily.com/search/洩漏/"
      **** something wrong!! Restart it!! ****
  ------------------------------------------------------
    >> 搜尋關鍵字:"暗管"; 網址:"https://tw.appledaily.com/search/暗管/"
         <<< 2020-10-05 沒有更多 "暗管" 相關的新聞 !!! >>>
  ------------------------------------------------------
    >> 搜尋關鍵字:"偷排"; 網址:"https://tw.appledaily.com/search/偷排/"
         <<< 2020-10-05 沒有更多 "偷排" 相關的新聞 !!! >>>
  ------------------------------------------------------
    >> 搜尋關鍵字:"安全"; 網址:"https://tw.appledaily.com/search/安全/"
      **** something wrong!! Restart it!! ****
  ------------------------------------------------------
    >> 搜尋關鍵字:"槽車"; 網址:"https://tw.appledaily.com/search/槽車/"
         <<< 2020-10-05 沒有更多 "槽車" 相關的新聞 !!! >>>
       >> 檔案輸出
        ------------------------------------------------------
      >> 下載新聞內容
      >> 下載 https://tw.appledaily.com/lifestyle/20201005/AHTNPNJ5SVCMVPM2BPSWIFEO7M/, 降低人為干預自然酒釀出純正風味
      >> 下載 https://tw.appledaily.com/sports/20201005/LURZFGUMFBCX7IP5MT5W5PYCLA/, 專家講評總冠軍3連霸OK連線勝一籌
      >> 下載 https://tw.appledaily.com/lifestyle/20201005/R5G23OYVJVBFVJ7PN7YJUCAG5A/, 紅白酒特性兼具自然派橘酒崛起
      >> 下載 https://tw.appledaily.com/property/20201004/DZWNCADBBZAOHM32OL77DX6QTI/, 中芯證實遭美國制裁研調中國半導體產業受嚴重衝擊
      >> 下載 https://tw.appledaily.com/property/20201004/YNYYX722RJHKNFUZFST444O3EA/, 中芯國際今證實遭美國制裁供應商供貨須取得許可
      >> 下載 https://tw.appledaily.com/international/20201004/YHPRJTSY6FFBHA5K7TL6QLACOI/, 諾貝爾明起陸續揭曉得獎名單疫情可能影響評審方向
      >> 下載 https://tw.appledaily.com/international/20201004/IHXYJH4VOVA7ROWXYGAZ6PSQRA/, 中共政府管控文件外洩震動中央嚴審教會人士捉洩密者
      >> 下載 https://tw.appledaily.com/headline/20201005/YSA6577RF5FYRCT73GJCON4VKQ/, 駭客竊個資售暗網104已報案清查中
      >> 下載 https://tw.appledaily.com/local/20201004/C2A4TDXZ5FBNZLBSM6AQVQ73LU/, 求職個資傳遭駭104人力銀行已報案清查中
      >> 下載 https://tw.appledaily.com/life/20201004/3X4G72T4EFBONGOST2PJJCUDGE/, 收假日口罩戴好今午後西半部空品不佳全台28測站達危害等級
      >> 下載 https://tw.appledaily.com/forum/20201005/I4M3NS5NEVDQ7KEEBFEQ5LZ6MA/, 香港淪陷中共全面管制以維穩曾建元
      >> 下載 https://tw.appledaily.com/supplement/20201005/BJQS5K2HOZHODA264Q4XXU443A/, 水果手搖飲酸甜解膩鳳梨葡萄讓美味UPUP
      >> 下載 https://tw.appledaily.com/local/20201004/SR25BDCHZ5AEHMW2GU23LSDGGA/, 獨家說好的性交易卻提告小模冏了百億外商餵毒性侵全無罪台語片
      >> 下載 https://tw.appledaily.com/headline/20201005/MRDU43CY5NFDRJNZCNMKN5KJLQ/, 富商性交易小模反咬性侵
      >> 下載 https://tw.appledaily.com/headline/20201005/MRDU43CY5NFDRJNZCNMKN5KJLQ/, 富商性交易小模反咬性侵
      >> 下載 https://tw.appledaily.com/local/20201004/SR25BDCHZ5AEHMW2GU23LSDGGA/, 獨家說好的性交易卻提告小模冏了百億外商餵毒性侵全無罪台語片
      >> 下載 https://tw.appledaily.com/lifestyle/20201005/AHTNPNJ5SVCMVPM2BPSWIFEO7M/, 降低人為干預自然酒釀出純正風味
      >> 下載 https://tw.appledaily.com/finance/20201005/PPIFHYBP25FTNLOAGBW3LNVRAI/, 狗來富實例35歲毛媽年收5000萬
      >> 下載 https://tw.appledaily.com/lifestyle/20201005/R5G23OYVJVBFVJ7PN7YJUCAG5A/, 紅白酒特性兼具自然派橘酒崛起
      >> 下載 https://tw.appledaily.com/life/20201004/V5DMZ5FTOBCETGC2QSVQJCGK5M/, 杏輝等3廠製藥造假不安全列嚴重違反GMP年度最劣黑名單
      >> 下載 https://tw.appledaily.com/supplement/20201005/CYA7OTD6QZE3RLGKRCRZQ36XA4/, 新竹摩鐵30版總套如私人別墅K歌房麻將間一應俱全
      >> 下載 https://tw.appledaily.com/property/20201005/K7EUC6LUHBFNVLIA3KIVLANCFM/, 川普確診台股開盤有壓法人短線事件拉回即買點
      >> 下載 https://tw.appledaily.com/property/20201005/Q2Q2MOG63BHVRNFVPCSCNWKI4M/, 財富保值靠它比特幣價位今年來大漲5成和黃金走勢相關性增
