     -----> 新聞爬蟲：東森新聞報

           <<< 東森新聞報新聞搜尋 >>>
        ------------------------------------------------------
        ------------------------------------------------------
       >> 搜尋關鍵字:"工業用"; 網址:"https://www.ettoday.net/news_search/doSearch.php?keywords=工業用&idx=1&page=1"
         >>> 找到關鍵字 "工業用"; 文章資訊: 2020-10-12 10:33:00, 鈞興KY9月營收衝201億元連續三月刷新歷史新高, https://www.ettoday.net/news/20201012/1829429.htm
         <<< 2020-10-13 沒有更多 "工業用" 相關的新聞 !!! >>>
        ------------------------------------------------------
       >> 搜尋關鍵字:"化工"; 網址:"https://www.ettoday.net/news_search/doSearch.php?keywords=化工&idx=1&page=1"
         <<< 2020-10-13 沒有更多 "化工" 相關的新聞 !!! >>>
        ------------------------------------------------------
       >> 搜尋關鍵字:"化災"; 網址:"https://www.ettoday.net/news_search/doSearch.php?keywords=化災&idx=1&page=1"
         <<< 2020-10-13 沒有更多 "化災" 相關的新聞 !!! >>>
        ------------------------------------------------------
       >> 搜尋關鍵字:"化學"; 網址:"https://www.ettoday.net/news_search/doSearch.php?keywords=化學&idx=1&page=1"
         >>> 找到關鍵字 "化學"; 文章資訊: 2020-10-12 22:28:00, 豆中之王益處多專家曝超高營養價值重振男人雄風也靠它, https://www.ettoday.net/news/20201012/1829808.htm
         >>> 找到關鍵字 "化學"; 文章資訊: 2020-10-12 17:49:00, 快訊諾貝爾經濟學獎出爐2美學者改善拍賣形式共獲殊榮, https://www.ettoday.net/news/20201012/1829307.htm
         >>> 找到關鍵字 "化學"; 文章資訊: 2020-10-12 12:35:00, 最年輕諾貝爾經濟學獎今登場培育出上屆得主美學者呼聲高, https://www.ettoday.net/news/20201012/1829305.htm
         >>> 找到關鍵字 "化學"; 文章資訊: 2020-10-12 08:03:00, 戶外抽菸不會影響其他人大錯特錯醫師揭嚴重性, https://www.ettoday.net/news/20201012/1800475.htm
         <<< 2020-10-13 沒有更多 "化學" 相關的新聞 !!! >>>
        ------------------------------------------------------
       >> 搜尋關鍵字:"外洩"; 網址:"https://www.ettoday.net/news_search/doSearch.php?keywords=外洩&idx=1&page=1"
         >>> 找到關鍵字 "外洩"; 文章資訊: 2020-10-12 11:47:00, 資誠發布報告明年全球釋出350萬網路安全職缺, https://www.ettoday.net/news/20201012/1829512.htm
         <<< 2020-10-13 沒有更多 "外洩" 相關的新聞 !!! >>>
        ------------------------------------------------------
       >> 搜尋關鍵字:"危害"; 網址:"https://www.ettoday.net/news_search/doSearch.php?keywords=危害&idx=1&page=1"
         >>> 找到關鍵字 "危害"; 文章資訊: 2020-10-13 00:03:00, 瘦肉精使牛隻死亡率增加91果蠅攀爬能力受損, https://www.ettoday.net/news/20201013/1829504.htm
         >>> 找到關鍵字 "危害"; 文章資訊: 2020-10-12 22:32:00, 2歲以下幼童可吃萊豬陳時中不鼓勵但沒禁止, https://www.ettoday.net/news/20201012/1830002.htm
         >>> 找到關鍵字 "危害"; 文章資訊: 2020-10-12 22:06:00, 修車廠老闆馬路擺刀片入獄兒子繼承父業也被逮監獄裡團圓, https://www.ettoday.net/news/20201012/1829991.htm
         >>> 找到關鍵字 "危害"; 文章資訊: 2020-10-12 20:05:00, 拒公開孟晚舟美加機密郵件趙立堅反問有不可告人的秘密嗎, https://www.ettoday.net/news/20201012/1829875.htm
         >>> 找到關鍵字 "危害"; 文章資訊: 2020-10-12 15:57:00, 好大官威桃園賓士貼議員助理證停斑馬線網警見有證不敢動, https://www.ettoday.net/news/20201012/1829733.htm
         >>> 找到關鍵字 "危害"; 文章資訊: 2020-10-12 15:03:00, 地方臉書社團赫見賣安毒1克3000已觸法警方追查中, https://www.ettoday.net/news/20201012/1829673.htm
         >>> 找到關鍵字 "危害"; 文章資訊: 2020-10-12 14:38:00, 畢殿龍國民黨重返執政陷死循環對前景越來越焦慮, https://www.ettoday.net/news/20201012/1829592.htm
         >>> 找到關鍵字 "危害"; 文章資訊: 2020-10-12 11:26:00, 美豬開放倒數民團不爽國民健康被出賣要上街頭嗆政府狂妄傲慢, https://www.ettoday.net/news/20201012/1829487.htm
         >>> 找到關鍵字 "危害"; 文章資訊: 2020-10-12 11:00:00, 跑到國小脫褲子台南男3個月去2次廁所前公然猛搓, https://www.ettoday.net/news/20201012/1829414.htm
         >>> 找到關鍵字 "危害"; 文章資訊: 2020-10-12 08:03:00, 戶外抽菸不會影響其他人大錯特錯醫師揭嚴重性, https://www.ettoday.net/news/20201012/1800475.htm
        ------------------------------------------------------
       >> 搜尋關鍵字:"有毒"; 網址:"https://www.ettoday.net/news_search/doSearch.php?keywords=有毒&idx=1&page=1"
         >>> 找到關鍵字 "有毒"; 文章資訊: 2020-10-12 12:04:00, 70歲媽吃隔夜菜中毒爆腹膜炎錦雯勸不聽怒你是要丟菜還是丟命, https://www.ettoday.net/news/20201012/1829548.htm
         <<< 2020-10-13 沒有更多 "有毒" 相關的新聞 !!! >>>
        ------------------------------------------------------
       >> 搜尋關鍵字:"有害"; 網址:"https://www.ettoday.net/news_search/doSearch.php?keywords=有害&idx=1&page=1"
         >>> 找到關鍵字 "有害"; 文章資訊: 2020-10-12 11:54:00, 拍攝美麗送子鳥驚大嘴遭垃圾纏住鳥友群組瘋傳快救牠, https://www.ettoday.net/news/20201012/1829413.htm
         >>> 找到關鍵字 "有害"; 文章資訊: 2020-10-12 08:03:00, 戶外抽菸不會影響其他人大錯特錯醫師揭嚴重性, https://www.ettoday.net/news/20201012/1800475.htm
         <<< 2020-10-13 沒有更多 "有害" 相關的新聞 !!! >>>
        ------------------------------------------------------
       >> 搜尋關鍵字:"色料"; 網址:"https://www.ettoday.net/news_search/doSearch.php?keywords=色料&idx=1&page=1"
         <<< 2020-10-13 沒有更多 "色料" 相關的新聞 !!! >>>
        ------------------------------------------------------
       >> 搜尋關鍵字:"色素"; 網址:"https://www.ettoday.net/news_search/doSearch.php?keywords=色素&idx=1&page=1"
         >>> 找到關鍵字 "色素"; 文章資訊: 2020-10-12 15:00:00, 彩虹雲朵飄在湯上全台首創夢幻火鍋手工餃咬下爆乳酪太邪惡, https://www.ettoday.net/news/20201012/1826404.htm
         >>> 找到關鍵字 "色素"; 文章資訊: 2020-10-12 08:09:00, 養成光滑美腿必須維持4個好習慣多吃薏仁預防橘皮要泡澡, https://www.ettoday.net/news/20201012/1827439.htm
         <<< 2020-10-13 沒有更多 "色素" 相關的新聞 !!! >>>
        ------------------------------------------------------
       >> 搜尋關鍵字:"毒性"; 網址:"https://www.ettoday.net/news_search/doSearch.php?keywords=毒性&idx=1&page=1"
         >>> 找到關鍵字 "毒性"; 文章資訊: 2020-10-13 00:03:00, 瘦肉精使牛隻死亡率增加91果蠅攀爬能力受損, https://www.ettoday.net/news/20201013/1829504.htm
         >>> 找到關鍵字 "毒性"; 文章資訊: 2020-10-12 22:28:00, 豆中之王益處多專家曝超高營養價值重振男人雄風也靠它, https://www.ettoday.net/news/20201012/1829808.htm
         >>> 找到關鍵字 "毒性"; 文章資訊: 2020-10-12 11:26:00, 美豬開放倒數民團不爽國民健康被出賣要上街頭嗆政府狂妄傲慢, https://www.ettoday.net/news/20201012/1829487.htm
         <<< 2020-10-13 沒有更多 "毒性" 相關的新聞 !!! >>>
        ------------------------------------------------------
       >> 搜尋關鍵字:"毒品"; 網址:"https://www.ettoday.net/news_search/doSearch.php?keywords=毒品&idx=1&page=1"
         >>> 找到關鍵字 "毒品"; 文章資訊: 2020-10-13 00:12:00, 約翰藍儂為何鍾情小野洋子兒子解答因為她不是披頭四的歌迷, https://www.ettoday.net/news/20201013/1830031.htm
         >>> 找到關鍵字 "毒品"; 文章資訊: 2020-10-12 21:31:00, 台南市藍軍怒批防疫津貼至今一毛都拿不到警消要增加基層人力, https://www.ettoday.net/news/20201012/1829984.htm
         >>> 找到關鍵字 "毒品"; 文章資訊: 2020-10-12 21:26:00, 醫法社工攜手反毒跨界聚焦幫施毒者戒癮治療, https://www.ettoday.net/news/20201012/1829986.htm
         >>> 找到關鍵字 "毒品"; 文章資訊: 2020-10-12 15:03:00, 地方臉書社團赫見賣安毒1克3000已觸法警方追查中, https://www.ettoday.net/news/20201012/1829673.htm
         >>> 找到關鍵字 "毒品"; 文章資訊: 2020-10-12 14:30:00, 打小弟押人妻黑吃黑雲林鄭太吉今起訴裁定延押, https://www.ettoday.net/news/20201012/1829620.htm
         >>> 找到關鍵字 "毒品"; 文章資訊: 2020-10-12 10:26:00, 公路坦克撞殺影片曝無照開車衝百貨2人遭高速撞飛慘死, https://www.ettoday.net/news/20201012/1829377.htm
         <<< 2020-10-13 沒有更多 "毒品" 相關的新聞 !!! >>>
        ------------------------------------------------------
       >> 搜尋關鍵字:"致癌"; 網址:"https://www.ettoday.net/news_search/doSearch.php?keywords=致癌&idx=1&page=1"
         >>> 找到關鍵字 "致癌"; 文章資訊: 2020-10-12 22:32:00, 2歲以下幼童可吃萊豬陳時中不鼓勵但沒禁止, https://www.ettoday.net/news/20201012/1830002.htm
         >>> 找到關鍵字 "致癌"; 文章資訊: 2020-10-12 12:04:00, 70歲媽吃隔夜菜中毒爆腹膜炎錦雯勸不聽怒你是要丟菜還是丟命, https://www.ettoday.net/news/20201012/1829548.htm
         <<< 2020-10-13 沒有更多 "致癌" 相關的新聞 !!! >>>
        ------------------------------------------------------
       >> 搜尋關鍵字:"重金屬"; 網址:"https://www.ettoday.net/news_search/doSearch.php?keywords=重金屬&idx=1&page=1"
         <<< 2020-10-13 沒有更多 "重金屬" 相關的新聞 !!! >>>
        ------------------------------------------------------
       >> 搜尋關鍵字:"食安"; 網址:"https://www.ettoday.net/news_search/doSearch.php?keywords=食安&idx=1&page=1"
         >>> 找到關鍵字 "食安"; 文章資訊: 2020-10-13 00:03:00, 瘦肉精使牛隻死亡率增加91果蠅攀爬能力受損, https://www.ettoday.net/news/20201013/1829504.htm
         >>> 找到關鍵字 "食安"; 文章資訊: 2020-10-12 20:23:00, 陽光主廚陳德烈現炒回鍋肉大讚新北深坑黑豬肉完勝進口豬, https://www.ettoday.net/news/20201012/1829945.htm
         >>> 找到關鍵字 "食安"; 文章資訊: 2020-10-12 20:05:00, 新北參與第6屆ALGOA峰會全球直播推動有機營養午餐經驗, https://www.ettoday.net/news/20201012/1829926.htm
         >>> 找到關鍵字 "食安"; 文章資訊: 2020-10-12 14:28:00, 黃偉哲視察黑橋牌企業宣示使用國產豬肉製作肉類加工品, https://www.ettoday.net/news/20201012/1829653.htm
         >>> 找到關鍵字 "食安"; 文章資訊: 2020-10-12 13:41:00, 開放美萊豬進口國人愛吃內臟進補醫師蘇清泉痛批何等殘忍, https://www.ettoday.net/news/20201012/1829514.htm
         >>> 找到關鍵字 "食安"; 文章資訊: 2020-10-12 12:20:00, 民眾黨發起標萊豬公民連署籲民進黨勿犧牲國人換取政黨利益, https://www.ettoday.net/news/20201012/1829501.htm
         >>> 找到關鍵字 "食安"; 文章資訊: 2020-10-12 11:26:00, 美豬開放倒數民團不爽國民健康被出賣要上街頭嗆政府狂妄傲慢, https://www.ettoday.net/news/20201012/1829487.htm
         >>> 找到關鍵字 "食安"; 文章資訊: 2020-10-12 11:07:00, 新北營養午餐全面禁瘦肉精侯友宜嚴重違規不排除永不續約, https://www.ettoday.net/news/20201012/1829434.htm
         >>> 找到關鍵字 "食安"; 文章資訊: 2020-10-12 09:23:00, 醫師怒譙開放美豬何不吃蟑螂陳時中請用科學角度, https://www.ettoday.net/news/20201012/1825329.htm
         <<< 2020-10-13 沒有更多 "食安" 相關的新聞 !!! >>>
        ------------------------------------------------------
       >> 搜尋關鍵字:"香料"; 網址:"https://www.ettoday.net/news_search/doSearch.php?keywords=香料&idx=1&page=1"
         >>> 找到關鍵字 "香料"; 文章資訊: 2020-10-12 20:23:00, 陽光主廚陳德烈現炒回鍋肉大讚新北深坑黑豬肉完勝進口豬, https://www.ettoday.net/news/20201012/1829945.htm
         >>> 找到關鍵字 "香料"; 文章資訊: 2020-10-12 15:00:00, 彩虹雲朵飄在湯上全台首創夢幻火鍋手工餃咬下爆乳酪太邪惡, https://www.ettoday.net/news/20201012/1826404.htm
         >>> 找到關鍵字 "香料"; 文章資訊: 2020-10-12 12:00:00, 老派約會風隱身士林西服一條街老屋必吃超濃郁印度咖哩飯, https://www.ettoday.net/news/20201012/1826273.htm
         <<< 2020-10-13 沒有更多 "香料" 相關的新聞 !!! >>>
        ------------------------------------------------------
       >> 搜尋關鍵字:"原料"; 網址:"https://www.ettoday.net/news_search/doSearch.php?keywords=原料&idx=1&page=1"
         >>> 找到關鍵字 "原料"; 文章資訊: 2020-10-12 11:08:00, 具荷拉家保險箱被偷監視器畫面曝光嫌犯知道家門密碼疑為熟人, https://www.ettoday.net/news/20201012/1829471.htm
         <<< 2020-10-13 沒有更多 "原料" 相關的新聞 !!! >>>
        ------------------------------------------------------
       >> 搜尋關鍵字:"氣爆"; 網址:"https://www.ettoday.net/news_search/doSearch.php?keywords=氣爆&idx=1&page=1"
         >>> 找到關鍵字 "氣爆"; 文章資訊: 2020-10-12 23:55:00, 蘆洲宮廟仙女禮生神到了絕美甜笑激似楊冪本業竟是老師, https://www.ettoday.net/news/20201012/1830024.htm
         >>> 找到關鍵字 "氣爆"; 文章資訊: 2020-10-12 23:53:00, 週年慶買氣爆發高單價家電加持GlobalMall業績成長一成, https://www.ettoday.net/news/20201012/1830033.htm
         >>> 找到關鍵字 "氣爆"; 文章資訊: 2020-10-12 20:00:00, 出門前一個動作女孩變女神AnnaSui童話粉紅獨角獸淡香水甜美花香一聞難忘, https://www.ettoday.net/news/20201012/1826382.htm
         >>> 找到關鍵字 "氣爆"; 文章資訊: 2020-10-12 10:01:00, 影湖人勇奪隊史第17冠詹皇大三元領軍4勝2敗封王, https://www.ettoday.net/news/20201012/1829275.htm
         >>> 找到關鍵字 "氣爆"; 文章資訊: 2020-10-12 09:40:00, 快訊淫教主少龍猥褻6仙女遭起訴自己不舉怪被害人陰氣重, https://www.ettoday.net/news/20201012/1829367.htm
         <<< 2020-10-13 沒有更多 "氣爆" 相關的新聞 !!! >>>
        ------------------------------------------------------
       >> 搜尋關鍵字:"添加物"; 網址:"https://www.ettoday.net/news_search/doSearch.php?keywords=添加物&idx=1&page=1"
         >>> 找到關鍵字 "添加物"; 文章資訊: 2020-10-12 12:20:00, 民眾黨發起標萊豬公民連署籲民進黨勿犧牲國人換取政黨利益, https://www.ettoday.net/news/20201012/1829501.htm
         >>> 找到關鍵字 "添加物"; 文章資訊: 2020-10-12 11:28:00, 媽媽以茶代水1個月後身體抗議了她求助水喝不下去, https://www.ettoday.net/news/20201012/1829417.htm
         <<< 2020-10-13 沒有更多 "添加物" 相關的新聞 !!! >>>
        ------------------------------------------------------
       >> 搜尋關鍵字:"黑心"; 網址:"https://www.ettoday.net/news_search/doSearch.php?keywords=黑心&idx=1&page=1"
         >>> 找到關鍵字 "黑心"; 文章資訊: 2020-10-12 16:05:00, 水蜜桃1顆300元整箱發霉爛掉他怒在蘆洲網曝背後黑暗, https://www.ettoday.net/news/20201012/1829396.htm
         >>> 找到關鍵字 "黑心"; 文章資訊: 2020-10-12 12:19:00, 賣山寨口罩標示一般醫用合康連鎖藥局營運長等5人被起訴, https://www.ettoday.net/news/20201012/1829448.htm
         <<< 2020-10-13 沒有更多 "黑心" 相關的新聞 !!! >>>
        ------------------------------------------------------
       >> 搜尋關鍵字:"漂白"; 網址:"https://www.ettoday.net/news_search/doSearch.php?keywords=漂白&idx=1&page=1"
         <<< 2020-10-13 沒有更多 "漂白" 相關的新聞 !!! >>>
        ------------------------------------------------------
       >> 搜尋關鍵字:"爆炸"; 網址:"https://www.ettoday.net/news_search/doSearch.php?keywords=爆炸&idx=1&page=1"
         >>> 找到關鍵字 "爆炸"; 文章資訊: 2020-10-12 17:22:00, 網紅欠債潑汽油搶銀行謊稱要引爆炸彈5分鐘得手274萬, https://www.ettoday.net/news/20201012/1829838.htm
         >>> 找到關鍵字 "爆炸"; 文章資訊: 2020-10-12 12:18:00, 正妹黃沐妍迷上健身脫衣秀超狂肌肉全場傻眼, https://www.ettoday.net/news/20201012/1829561.htm
         <<< 2020-10-13 沒有更多 "爆炸" 相關的新聞 !!! >>>
        ------------------------------------------------------
       >> 搜尋關鍵字:"新興"; 網址:"https://www.ettoday.net/news_search/doSearch.php?keywords=新興&idx=1&page=1"
         >>> 找到關鍵字 "新興"; 文章資訊: 2020-10-12 22:38:00, Google東亞獎學金台灣學生成大資工博士生首次獲獎, https://www.ettoday.net/news/20201012/1830013.htm
         >>> 找到關鍵字 "新興"; 文章資訊: 2020-10-12 21:44:00, 風險情緒謹慎樂觀投資專家亞歐及新興股市受青睞, https://www.ettoday.net/news/20201012/1829683.htm
         >>> 找到關鍵字 "新興"; 文章資訊: 2020-10-12 18:34:00, 31個廚房塞大安地下室爐火24小時運作簡舒培憂公安明年就營運, https://www.ettoday.net/news/20201012/1829749.htm
         >>> 找到關鍵字 "新興"; 文章資訊: 2020-10-12 17:16:00, 影鴻海科技日震撼倒數預告片揭秘未來33藍圖, https://www.ettoday.net/news/20201012/1829848.htm
         >>> 找到關鍵字 "新興"; 文章資訊: 2020-10-12 15:00:00, 彩虹雲朵飄在湯上全台首創夢幻火鍋手工餃咬下爆乳酪太邪惡, https://www.ettoday.net/news/20201012/1826404.htm
         >>> 找到關鍵字 "新興"; 文章資訊: 2020-10-12 12:35:00, 最年輕諾貝爾經濟學獎今登場培育出上屆得主美學者呼聲高, https://www.ettoday.net/news/20201012/1829305.htm
         <<< 2020-10-13 沒有更多 "新興" 相關的新聞 !!! >>>
        ------------------------------------------------------
       >> 搜尋關鍵字:"爆裂物"; 網址:"https://www.ettoday.net/news_search/doSearch.php?keywords=爆裂物&idx=1&page=1"
         >>> 找到關鍵字 "爆裂物"; 文章資訊: 2020-10-12 22:14:00, 桃園警方緝捕7起縱火案嫌犯到案檢方聲請羈押, https://www.ettoday.net/news/20201012/1829994.htm
         <<< 2020-10-13 沒有更多 "爆裂物" 相關的新聞 !!! >>>
        ------------------------------------------------------
       >> 搜尋關鍵字:"IED"; 網址:"https://www.ettoday.net/news_search/doSearch.php?keywords=IED&idx=1&page=1"
         <<< 2020-10-13 沒有更多 "IED" 相關的新聞 !!! >>>
        ------------------------------------------------------
       >> 搜尋關鍵字:"排放"; 網址:"https://www.ettoday.net/news_search/doSearch.php?keywords=排放&idx=1&page=1"
         >>> 找到關鍵字 "排放"; 文章資訊: 2020-10-12 20:05:00, 雷諾開發即時空汙偵測棒棒糖改善怠速運轉壞習慣, https://www.ettoday.net/news/20201012/1829892.htm
         >>> 找到關鍵字 "排放"; 文章資訊: 2020-10-12 09:05:00, 賓士不賣手排車了未來就連汽柴油引擎數量都將砍7成, https://www.ettoday.net/news/20201012/1829209.htm
         <<< 2020-10-13 沒有更多 "排放" 相關的新聞 !!! >>>
        ------------------------------------------------------
       >> 搜尋關鍵字:"污染"; 網址:"https://www.ettoday.net/news_search/doSearch.php?keywords=污染&idx=1&page=1"
         <<< 2020-10-13 沒有更多 "污染" 相關的新聞 !!! >>>
        ------------------------------------------------------
       >> 搜尋關鍵字:"廢水"; 網址:"https://www.ettoday.net/news_search/doSearch.php?keywords=廢水&idx=1&page=1"
         <<< 2020-10-13 沒有更多 "廢水" 相關的新聞 !!! >>>
        ------------------------------------------------------
       >> 搜尋關鍵字:"污水"; 網址:"https://www.ettoday.net/news_search/doSearch.php?keywords=污水&idx=1&page=1"
         <<< 2020-10-13 沒有更多 "污水" 相關的新聞 !!! >>>
        ------------------------------------------------------
       >> 搜尋關鍵字:"洩漏"; 網址:"https://www.ettoday.net/news_search/doSearch.php?keywords=洩漏&idx=1&page=1"
         <<< 2020-10-13 沒有更多 "洩漏" 相關的新聞 !!! >>>
        ------------------------------------------------------
       >> 搜尋關鍵字:"暗管"; 網址:"https://www.ettoday.net/news_search/doSearch.php?keywords=暗管&idx=1&page=1"
         <<< 2020-10-13 沒有更多 "暗管" 相關的新聞 !!! >>>
        ------------------------------------------------------
       >> 搜尋關鍵字:"偷排"; 網址:"https://www.ettoday.net/news_search/doSearch.php?keywords=偷排&idx=1&page=1"
         <<< 2020-10-13 沒有更多 "偷排" 相關的新聞 !!! >>>
        ------------------------------------------------------
       >> 搜尋關鍵字:"安全"; 網址:"https://www.ettoday.net/news_search/doSearch.php?keywords=安全&idx=1&page=1"
         >>> 找到關鍵字 "安全"; 文章資訊: 2020-10-13 07:00:00, 楊聰財情緒障礙家長混入學校攻擊自閉症學生校園安全拉警報, https://www.ettoday.net/news/20201013/1829792.htm
         >>> 找到關鍵字 "安全"; 文章資訊: 2020-10-13 00:03:00, 瘦肉精使牛隻死亡率增加91果蠅攀爬能力受損, https://www.ettoday.net/news/20201013/1829504.htm
         >>> 找到關鍵字 "安全"; 文章資訊: 2020-10-12 23:12:00, 罷免王浩宇二階連署書達安全存量13日送件審核罷王粉太狂了, https://www.ettoday.net/news/20201012/1830019.htm
         >>> 找到關鍵字 "安全"; 文章資訊: 2020-10-12 22:38:00, Google東亞獎學金台灣學生成大資工博士生首次獲獎, https://www.ettoday.net/news/20201012/1830013.htm
         >>> 找到關鍵字 "安全"; 文章資訊: 2020-10-12 22:32:00, 2歲以下幼童可吃萊豬陳時中不鼓勵但沒禁止, https://www.ettoday.net/news/20201012/1830002.htm
         >>> 找到關鍵字 "安全"; 文章資訊: 2020-10-12 22:26:00, 前助理成台諜遭陸逮捕卓榮泰駁斥不識此人, https://www.ettoday.net/news/20201012/1830004.htm
         >>> 找到關鍵字 "安全"; 文章資訊: 2020-10-12 22:06:00, 修車廠老闆馬路擺刀片入獄兒子繼承父業也被逮監獄裡團圓, https://www.ettoday.net/news/20201012/1829991.htm
         >>> 找到關鍵字 "安全"; 文章資訊: 2020-10-12 21:31:00, 台南市藍軍怒批防疫津貼至今一毛都拿不到警消要增加基層人力, https://www.ettoday.net/news/20201012/1829984.htm
         >>> 找到關鍵字 "安全"; 文章資訊: 2020-10-12 21:26:00, 醫法社工攜手反毒跨界聚焦幫施毒者戒癮治療, https://www.ettoday.net/news/20201012/1829986.htm
         >>> 找到關鍵字 "安全"; 文章資訊: 2020-10-12 21:17:00, 央視再曝最新台諜案卓榮泰前助理去年被捕試圖策反陸人員, https://www.ettoday.net/news/20201012/1829975.htm
        ------------------------------------------------------
       >> 搜尋關鍵字:"槽車"; 網址:"https://www.ettoday.net/news_search/doSearch.php?keywords=槽車&idx=1&page=1"
         <<< 2020-10-13 沒有更多 "槽車" 相關的新聞 !!! >>>
       >> 檔案輸出
        ------------------------------------------------------
      >> 下載新聞內容
      >> 下載 https://www.ettoday.net/news/20201012/1829429.htm, 鈞興KY9月營收衝201億元連續三月刷新歷史新高
      >> 下載 https://www.ettoday.net/news/20201012/1829808.htm, 豆中之王益處多專家曝超高營養價值重振男人雄風也靠它
      >> 下載 https://www.ettoday.net/news/20201012/1829307.htm, 快訊諾貝爾經濟學獎出爐2美學者改善拍賣形式共獲殊榮
      >> 下載 https://www.ettoday.net/news/20201012/1829305.htm, 最年輕諾貝爾經濟學獎今登場培育出上屆得主美學者呼聲高
      >> 下載 https://www.ettoday.net/news/20201012/1800475.htm, 戶外抽菸不會影響其他人大錯特錯醫師揭嚴重性
      >> 下載 https://www.ettoday.net/news/20201012/1829512.htm, 資誠發布報告明年全球釋出350萬網路安全職缺
      >> 下載 https://www.ettoday.net/news/20201013/1829504.htm, 瘦肉精使牛隻死亡率增加91果蠅攀爬能力受損
      >> 下載 https://www.ettoday.net/news/20201012/1830002.htm, 2歲以下幼童可吃萊豬陳時中不鼓勵但沒禁止
      >> 下載 https://www.ettoday.net/news/20201012/1829991.htm, 修車廠老闆馬路擺刀片入獄兒子繼承父業也被逮監獄裡團圓
      >> 下載 https://www.ettoday.net/news/20201012/1829875.htm, 拒公開孟晚舟美加機密郵件趙立堅反問有不可告人的秘密嗎
      >> 下載 https://www.ettoday.net/news/20201012/1829733.htm, 好大官威桃園賓士貼議員助理證停斑馬線網警見有證不敢動
      >> 下載 https://www.ettoday.net/news/20201012/1829673.htm, 地方臉書社團赫見賣安毒1克3000已觸法警方追查中
      >> 下載 https://www.ettoday.net/news/20201012/1829592.htm, 畢殿龍國民黨重返執政陷死循環對前景越來越焦慮
      >> 下載 https://www.ettoday.net/news/20201012/1829487.htm, 美豬開放倒數民團不爽國民健康被出賣要上街頭嗆政府狂妄傲慢
      >> 下載 https://www.ettoday.net/news/20201012/1829414.htm, 跑到國小脫褲子台南男3個月去2次廁所前公然猛搓
      >> 下載 https://www.ettoday.net/news/20201012/1800475.htm, 戶外抽菸不會影響其他人大錯特錯醫師揭嚴重性
      >> 下載 https://www.ettoday.net/news/20201012/1829548.htm, 70歲媽吃隔夜菜中毒爆腹膜炎錦雯勸不聽怒你是要丟菜還是丟命
      >> 下載 https://www.ettoday.net/news/20201012/1829413.htm, 拍攝美麗送子鳥驚大嘴遭垃圾纏住鳥友群組瘋傳快救牠
      >> 下載 https://www.ettoday.net/news/20201012/1800475.htm, 戶外抽菸不會影響其他人大錯特錯醫師揭嚴重性
      >> 下載 https://www.ettoday.net/news/20201012/1826404.htm, 彩虹雲朵飄在湯上全台首創夢幻火鍋手工餃咬下爆乳酪太邪惡
      >> 下載 https://www.ettoday.net/news/20201012/1827439.htm, 養成光滑美腿必須維持4個好習慣多吃薏仁預防橘皮要泡澡
      >> 下載 https://www.ettoday.net/news/20201013/1829504.htm, 瘦肉精使牛隻死亡率增加91果蠅攀爬能力受損
      >> 下載 https://www.ettoday.net/news/20201012/1829808.htm, 豆中之王益處多專家曝超高營養價值重振男人雄風也靠它
      >> 下載 https://www.ettoday.net/news/20201012/1829487.htm, 美豬開放倒數民團不爽國民健康被出賣要上街頭嗆政府狂妄傲慢
      >> 下載 https://www.ettoday.net/news/20201013/1830031.htm, 約翰藍儂為何鍾情小野洋子兒子解答因為她不是披頭四的歌迷
      >> 下載 https://www.ettoday.net/news/20201012/1829984.htm, 台南市藍軍怒批防疫津貼至今一毛都拿不到警消要增加基層人力
      >> 下載 https://www.ettoday.net/news/20201012/1829986.htm, 醫法社工攜手反毒跨界聚焦幫施毒者戒癮治療
      >> 下載 https://www.ettoday.net/news/20201012/1829673.htm, 地方臉書社團赫見賣安毒1克3000已觸法警方追查中
      >> 下載 https://www.ettoday.net/news/20201012/1829620.htm, 打小弟押人妻黑吃黑雲林鄭太吉今起訴裁定延押
      >> 下載 https://www.ettoday.net/news/20201012/1829377.htm, 公路坦克撞殺影片曝無照開車衝百貨2人遭高速撞飛慘死
      >> 下載 https://www.ettoday.net/news/20201012/1830002.htm, 2歲以下幼童可吃萊豬陳時中不鼓勵但沒禁止
      >> 下載 https://www.ettoday.net/news/20201012/1829548.htm, 70歲媽吃隔夜菜中毒爆腹膜炎錦雯勸不聽怒你是要丟菜還是丟命
      >> 下載 https://www.ettoday.net/news/20201013/1829504.htm, 瘦肉精使牛隻死亡率增加91果蠅攀爬能力受損
      >> 下載 https://www.ettoday.net/news/20201012/1829945.htm, 陽光主廚陳德烈現炒回鍋肉大讚新北深坑黑豬肉完勝進口豬
      >> 下載 https://www.ettoday.net/news/20201012/1829926.htm, 新北參與第6屆ALGOA峰會全球直播推動有機營養午餐經驗
      >> 下載 https://www.ettoday.net/news/20201012/1829653.htm, 黃偉哲視察黑橋牌企業宣示使用國產豬肉製作肉類加工品
      >> 下載 https://www.ettoday.net/news/20201012/1829514.htm, 開放美萊豬進口國人愛吃內臟進補醫師蘇清泉痛批何等殘忍
      >> 下載 https://www.ettoday.net/news/20201012/1829501.htm, 民眾黨發起標萊豬公民連署籲民進黨勿犧牲國人換取政黨利益
      >> 下載 https://www.ettoday.net/news/20201012/1829487.htm, 美豬開放倒數民團不爽國民健康被出賣要上街頭嗆政府狂妄傲慢
      >> 下載 https://www.ettoday.net/news/20201012/1829434.htm, 新北營養午餐全面禁瘦肉精侯友宜嚴重違規不排除永不續約
      >> 下載 https://www.ettoday.net/news/20201012/1825329.htm, 醫師怒譙開放美豬何不吃蟑螂陳時中請用科學角度
      >> 下載 https://www.ettoday.net/news/20201012/1829945.htm, 陽光主廚陳德烈現炒回鍋肉大讚新北深坑黑豬肉完勝進口豬
      >> 下載 https://www.ettoday.net/news/20201012/1826404.htm, 彩虹雲朵飄在湯上全台首創夢幻火鍋手工餃咬下爆乳酪太邪惡
      >> 下載 https://www.ettoday.net/news/20201012/1826273.htm, 老派約會風隱身士林西服一條街老屋必吃超濃郁印度咖哩飯
      >> 下載 https://www.ettoday.net/news/20201012/1829471.htm, 具荷拉家保險箱被偷監視器畫面曝光嫌犯知道家門密碼疑為熟人
      >> 下載 https://www.ettoday.net/news/20201012/1830024.htm, 蘆洲宮廟仙女禮生神到了絕美甜笑激似楊冪本業竟是老師
      >> 下載 https://www.ettoday.net/news/20201012/1830033.htm, 週年慶買氣爆發高單價家電加持GlobalMall業績成長一成
      >> 下載 https://www.ettoday.net/news/20201012/1826382.htm, 出門前一個動作女孩變女神AnnaSui童話粉紅獨角獸淡香水甜美花香一聞難忘
      >> 下載 https://www.ettoday.net/news/20201012/1829275.htm, 影湖人勇奪隊史第17冠詹皇大三元領軍4勝2敗封王
      >> 下載 https://www.ettoday.net/news/20201012/1829367.htm, 快訊淫教主少龍猥褻6仙女遭起訴自己不舉怪被害人陰氣重
      >> 下載 https://www.ettoday.net/news/20201012/1829501.htm, 民眾黨發起標萊豬公民連署籲民進黨勿犧牲國人換取政黨利益
      >> 下載 https://www.ettoday.net/news/20201012/1829417.htm, 媽媽以茶代水1個月後身體抗議了她求助水喝不下去
      >> 下載 https://www.ettoday.net/news/20201012/1829396.htm, 水蜜桃1顆300元整箱發霉爛掉他怒在蘆洲網曝背後黑暗
      >> 下載 https://www.ettoday.net/news/20201012/1829448.htm, 賣山寨口罩標示一般醫用合康連鎖藥局營運長等5人被起訴
      >> 下載 https://www.ettoday.net/news/20201012/1829838.htm, 網紅欠債潑汽油搶銀行謊稱要引爆炸彈5分鐘得手274萬
      >> 下載 https://www.ettoday.net/news/20201012/1829561.htm, 正妹黃沐妍迷上健身脫衣秀超狂肌肉全場傻眼
      >> 下載 https://www.ettoday.net/news/20201012/1830013.htm, Google東亞獎學金台灣學生成大資工博士生首次獲獎
      >> 下載 https://www.ettoday.net/news/20201012/1829683.htm, 風險情緒謹慎樂觀投資專家亞歐及新興股市受青睞
      >> 下載 https://www.ettoday.net/news/20201012/1829749.htm, 31個廚房塞大安地下室爐火24小時運作簡舒培憂公安明年就營運
      >> 下載 https://www.ettoday.net/news/20201012/1829848.htm, 影鴻海科技日震撼倒數預告片揭秘未來33藍圖
      >> 下載 https://www.ettoday.net/news/20201012/1826404.htm, 彩虹雲朵飄在湯上全台首創夢幻火鍋手工餃咬下爆乳酪太邪惡
      >> 下載 https://www.ettoday.net/news/20201012/1829305.htm, 最年輕諾貝爾經濟學獎今登場培育出上屆得主美學者呼聲高
      >> 下載 https://www.ettoday.net/news/20201012/1829994.htm, 桃園警方緝捕7起縱火案嫌犯到案檢方聲請羈押
      >> 下載 https://www.ettoday.net/news/20201012/1829892.htm, 雷諾開發即時空汙偵測棒棒糖改善怠速運轉壞習慣
      >> 下載 https://www.ettoday.net/news/20201012/1829209.htm, 賓士不賣手排車了未來就連汽柴油引擎數量都將砍7成
      >> 下載 https://www.ettoday.net/news/20201013/1829792.htm, 楊聰財情緒障礙家長混入學校攻擊自閉症學生校園安全拉警報
      >> 下載 https://www.ettoday.net/news/20201013/1829504.htm, 瘦肉精使牛隻死亡率增加91果蠅攀爬能力受損
      >> 下載 https://www.ettoday.net/news/20201012/1830019.htm, 罷免王浩宇二階連署書達安全存量13日送件審核罷王粉太狂了
      >> 下載 https://www.ettoday.net/news/20201012/1830013.htm, Google東亞獎學金台灣學生成大資工博士生首次獲獎
      >> 下載 https://www.ettoday.net/news/20201012/1830002.htm, 2歲以下幼童可吃萊豬陳時中不鼓勵但沒禁止
      >> 下載 https://www.ettoday.net/news/20201012/1830004.htm, 前助理成台諜遭陸逮捕卓榮泰駁斥不識此人
      >> 下載 https://www.ettoday.net/news/20201012/1829991.htm, 修車廠老闆馬路擺刀片入獄兒子繼承父業也被逮監獄裡團圓
      >> 下載 https://www.ettoday.net/news/20201012/1829984.htm, 台南市藍軍怒批防疫津貼至今一毛都拿不到警消要增加基層人力
      >> 下載 https://www.ettoday.net/news/20201012/1829986.htm, 醫法社工攜手反毒跨界聚焦幫施毒者戒癮治療
      >> 下載 https://www.ettoday.net/news/20201012/1829975.htm, 央視再曝最新台諜案卓榮泰前助理去年被捕試圖策反陸人員
