     -----> 新聞爬蟲：中國時報電子報

           <<< 中國時報電子報新聞搜尋 >>>
        ------------------------------------------------------
        ------------------------------------------------------
       >> 搜尋關鍵字:"工業用"; 網址:"https://www.chinatimes.com/search/工業用?page=1&chdtv"
         <<< 2020-10-09 沒有更多 "工業用" 相關的新聞 !!! >>>
        ------------------------------------------------------
       >> 搜尋關鍵字:"化工"; 網址:"https://www.chinatimes.com/search/化工?page=1&chdtv"
         <<< 2020-10-09 沒有更多 "化工" 相關的新聞 !!! >>>
        ------------------------------------------------------
       >> 搜尋關鍵字:"化災"; 網址:"https://www.chinatimes.com/search/化災?page=1&chdtv"
         <<< 2020-10-09 沒有更多 "化災" 相關的新聞 !!! >>>
        ------------------------------------------------------
       >> 搜尋關鍵字:"化學"; 網址:"https://www.chinatimes.com/search/化學?page=1&chdtv"
         <<< 2020-10-09 沒有更多 "化學" 相關的新聞 !!! >>>
        ------------------------------------------------------
       >> 搜尋關鍵字:"外洩"; 網址:"https://www.chinatimes.com/search/外洩?page=1&chdtv"
         >>> 找到關鍵字 "外洩"; 文章資訊: 2020-10-08 21:10:00, 劉亦菲打碼私照外洩登熱搜0死角美貌電暈粉, https://www.chinatimes.com/realtimenews/20201008005883-260404
         <<< 2020-10-09 沒有更多 "外洩" 相關的新聞 !!! >>>
        ------------------------------------------------------
       >> 搜尋關鍵字:"危害"; 網址:"https://www.chinatimes.com/search/危害?page=1&chdtv"
         <<< 2020-10-09 沒有更多 "危害" 相關的新聞 !!! >>>
        ------------------------------------------------------
       >> 搜尋關鍵字:"有毒"; 網址:"https://www.chinatimes.com/search/有毒?page=1&chdtv"
         <<< 2020-10-09 沒有更多 "有毒" 相關的新聞 !!! >>>
        ------------------------------------------------------
       >> 搜尋關鍵字:"有害"; 網址:"https://www.chinatimes.com/search/有害?page=1&chdtv"
         <<< 2020-10-09 沒有更多 "有害" 相關的新聞 !!! >>>
        ------------------------------------------------------
       >> 搜尋關鍵字:"色料"; 網址:"https://www.chinatimes.com/search/色料?page=1&chdtv"
         <<< 2020-10-09 沒有更多 "色料" 相關的新聞 !!! >>>
        ------------------------------------------------------
       >> 搜尋關鍵字:"色素"; 網址:"https://www.chinatimes.com/search/色素?page=1&chdtv"
         <<< 2020-10-09 沒有更多 "色素" 相關的新聞 !!! >>>
        ------------------------------------------------------
       >> 搜尋關鍵字:"毒性"; 網址:"https://www.chinatimes.com/search/毒性?page=1&chdtv"
         <<< 2020-10-09 沒有更多 "毒性" 相關的新聞 !!! >>>
        ------------------------------------------------------
       >> 搜尋關鍵字:"毒品"; 網址:"https://www.chinatimes.com/search/毒品?page=1&chdtv"
         >>> 找到關鍵字 "毒品"; 文章資訊: 2020-10-08 11:15:00, 警勸違規停車意外查獲妙齡女持安毒, https://www.chinatimes.com/realtimenews/20201008002227-260402
         >>> 找到關鍵字 "毒品"; 文章資訊: 2020-10-08 09:49:00, 街頭驚傳砸車事件原來是警破窗逮毒蟲, https://www.chinatimes.com/realtimenews/20201008001658-260402
         <<< 2020-10-09 沒有更多 "毒品" 相關的新聞 !!! >>>
        ------------------------------------------------------
       >> 搜尋關鍵字:"致癌"; 網址:"https://www.chinatimes.com/search/致癌?page=1&chdtv"
         <<< 2020-10-09 沒有更多 "致癌" 相關的新聞 !!! >>>
        ------------------------------------------------------
       >> 搜尋關鍵字:"重金屬"; 網址:"https://www.chinatimes.com/search/重金屬?page=1&chdtv"
         <<< 2020-10-09 沒有更多 "重金屬" 相關的新聞 !!! >>>
        ------------------------------------------------------
       >> 搜尋關鍵字:"食安"; 網址:"https://www.chinatimes.com/search/食安?page=1&chdtv"
         <<< 2020-10-09 沒有更多 "食安" 相關的新聞 !!! >>>
        ------------------------------------------------------
       >> 搜尋關鍵字:"香料"; 網址:"https://www.chinatimes.com/search/香料?page=1&chdtv"
         <<< 2020-10-09 沒有更多 "香料" 相關的新聞 !!! >>>
        ------------------------------------------------------
       >> 搜尋關鍵字:"原料"; 網址:"https://www.chinatimes.com/search/原料?page=1&chdtv"
         <<< 2020-10-09 沒有更多 "原料" 相關的新聞 !!! >>>
        ------------------------------------------------------
       >> 搜尋關鍵字:"氣爆"; 網址:"https://www.chinatimes.com/search/氣爆?page=1&chdtv"
         <<< 2020-10-09 沒有更多 "氣爆" 相關的新聞 !!! >>>
        ------------------------------------------------------
       >> 搜尋關鍵字:"添加物"; 網址:"https://www.chinatimes.com/search/添加物?page=1&chdtv"
         <<< 2020-10-09 沒有更多 "添加物" 相關的新聞 !!! >>>
        ------------------------------------------------------
       >> 搜尋關鍵字:"黑心"; 網址:"https://www.chinatimes.com/search/黑心?page=1&chdtv"
         <<< 2020-10-09 沒有更多 "黑心" 相關的新聞 !!! >>>
        ------------------------------------------------------
       >> 搜尋關鍵字:"漂白"; 網址:"https://www.chinatimes.com/search/漂白?page=1&chdtv"
         <<< 2020-10-09 沒有更多 "漂白" 相關的新聞 !!! >>>
        ------------------------------------------------------
       >> 搜尋關鍵字:"爆炸"; 網址:"https://www.chinatimes.com/search/爆炸?page=1&chdtv"
         >>> 找到關鍵字 "爆炸"; 文章資訊: 2020-10-08 17:02:00, 影俄國彈藥庫失火每10秒連環爆2300人撤離, https://www.chinatimes.com/realtimenews/20201008004497-260408
         >>> 找到關鍵字 "爆炸"; 文章資訊: 2020-10-08 15:04:00, 他引爆白宮新冠大爆炸首席安全官病重9月底就住院, https://www.chinatimes.com/realtimenews/20201008003531-260408
         <<< 2020-10-09 沒有更多 "爆炸" 相關的新聞 !!! >>>
        ------------------------------------------------------
       >> 搜尋關鍵字:"新興"; 網址:"https://www.chinatimes.com/search/新興?page=1&chdtv"
         >>> 找到關鍵字 "新興"; 文章資訊: 2020-10-08 21:21:00, 大型專案驗收認列精誠9月營收月增逾兩成, https://www.chinatimes.com/realtimenews/20201008005924-260410
         <<< 2020-10-09 沒有更多 "新興" 相關的新聞 !!! >>>
        ------------------------------------------------------
       >> 搜尋關鍵字:"爆裂物"; 網址:"https://www.chinatimes.com/search/爆裂物?page=1&chdtv"
         <<< 2020-10-09 沒有更多 "爆裂物" 相關的新聞 !!! >>>
        ------------------------------------------------------
       >> 搜尋關鍵字:"IED"; 網址:"https://www.chinatimes.com/search/IED?page=1&chdtv"
        ------------------------------------------------------
       >> 搜尋關鍵字:"IED"; 網址:"https://www.chinatimes.com/search/IED?page=2&chdtv"
        ------------------------------------------------------
       >> 搜尋關鍵字:"IED"; 網址:"https://www.chinatimes.com/search/IED?page=3&chdtv"
        ------------------------------------------------------
       >> 搜尋關鍵字:"IED"; 網址:"https://www.chinatimes.com/search/IED?page=4&chdtv"
        ------------------------------------------------------
       >> 搜尋關鍵字:"IED"; 網址:"https://www.chinatimes.com/search/IED?page=5&chdtv"
        ------------------------------------------------------
       >> 搜尋關鍵字:"IED"; 網址:"https://www.chinatimes.com/search/IED?page=6&chdtv"
        ------------------------------------------------------
       >> 搜尋關鍵字:"IED"; 網址:"https://www.chinatimes.com/search/IED?page=7&chdtv"
        ------------------------------------------------------
       >> 搜尋關鍵字:"IED"; 網址:"https://www.chinatimes.com/search/IED?page=8&chdtv"
        ------------------------------------------------------
       >> 搜尋關鍵字:"IED"; 網址:"https://www.chinatimes.com/search/IED?page=9&chdtv"
        ------------------------------------------------------
       >> 搜尋關鍵字:"排放"; 網址:"https://www.chinatimes.com/search/排放?page=1&chdtv"
         <<< 2020-10-09 沒有更多 "排放" 相關的新聞 !!! >>>
        ------------------------------------------------------
       >> 搜尋關鍵字:"污染"; 網址:"https://www.chinatimes.com/search/污染?page=1&chdtv"
         <<< 2020-10-09 沒有更多 "污染" 相關的新聞 !!! >>>
        ------------------------------------------------------
       >> 搜尋關鍵字:"廢水"; 網址:"https://www.chinatimes.com/search/廢水?page=1&chdtv"
         <<< 2020-10-09 沒有更多 "廢水" 相關的新聞 !!! >>>
        ------------------------------------------------------
       >> 搜尋關鍵字:"污水"; 網址:"https://www.chinatimes.com/search/污水?page=1&chdtv"
         <<< 2020-10-09 沒有更多 "污水" 相關的新聞 !!! >>>
        ------------------------------------------------------
       >> 搜尋關鍵字:"洩漏"; 網址:"https://www.chinatimes.com/search/洩漏?page=1&chdtv"
         <<< 2020-10-09 沒有更多 "洩漏" 相關的新聞 !!! >>>
        ------------------------------------------------------
       >> 搜尋關鍵字:"暗管"; 網址:"https://www.chinatimes.com/search/暗管?page=1&chdtv"
         <<< 2020-10-09 沒有更多 "暗管" 相關的新聞 !!! >>>
        ------------------------------------------------------
       >> 搜尋關鍵字:"偷排"; 網址:"https://www.chinatimes.com/search/偷排?page=1&chdtv"
         <<< 2020-10-09 沒有更多 "偷排" 相關的新聞 !!! >>>
        ------------------------------------------------------
       >> 搜尋關鍵字:"安全"; 網址:"https://www.chinatimes.com/search/安全?page=1&chdtv"
         >>> 找到關鍵字 "安全"; 文章資訊: 2020-10-08 15:04:00, 他引爆白宮新冠大爆炸首席安全官病重9月底就住院, https://www.chinatimes.com/realtimenews/20201008003531-260408
         <<< 2020-10-09 沒有更多 "安全" 相關的新聞 !!! >>>
        ------------------------------------------------------
       >> 搜尋關鍵字:"槽車"; 網址:"https://www.chinatimes.com/search/槽車?page=1&chdtv"
         <<< 2020-10-09 沒有更多 "槽車" 相關的新聞 !!! >>>
       >> 檔案輸出
        ------------------------------------------------------
      >> 下載新聞內容
      >> 下載 https://www.chinatimes.com/realtimenews/20201008005883-260404, 劉亦菲打碼私照外洩登熱搜0死角美貌電暈粉
      >> 下載 https://www.chinatimes.com/realtimenews/20201008002227-260402, 警勸違規停車意外查獲妙齡女持安毒
      >> 下載 https://www.chinatimes.com/realtimenews/20201008001658-260402, 街頭驚傳砸車事件原來是警破窗逮毒蟲
      >> 下載 https://www.chinatimes.com/realtimenews/20201008004497-260408, 影俄國彈藥庫失火每10秒連環爆2300人撤離
      >> 下載 https://www.chinatimes.com/realtimenews/20201008003531-260408, 他引爆白宮新冠大爆炸首席安全官病重9月底就住院
      >> 下載 https://www.chinatimes.com/realtimenews/20201008005924-260410, 大型專案驗收認列精誠9月營收月增逾兩成
      >> 下載 https://www.chinatimes.com/realtimenews/20201008003531-260408, 他引爆白宮新冠大爆炸首席安全官病重9月底就住院
