     -----> 新聞爬蟲：東森新聞報

           <<< 東森新聞報新聞搜尋 >>>
        ------------------------------------------------------
        ------------------------------------------------------
       >> 搜尋關鍵字:"工業用"; 網址:"https://www.ettoday.net/news_search/doSearch.php?keywords=工業用&idx=1&page=1"
         >>> 找到關鍵字 "工業用"; 文章資訊: 2020-10-01 17:50:00, 中油宣布102日起桶裝瓦斯每公斤漲04元天然氣價格不調整, https://www.ettoday.net/news/20201001/1822531.htm
         <<< 2020-10-02 沒有更多 "工業用" 相關的新聞 !!! >>>
        ------------------------------------------------------
       >> 搜尋關鍵字:"化工"; 網址:"https://www.ettoday.net/news_search/doSearch.php?keywords=化工&idx=1&page=1"
         >>> 找到關鍵字 "化工"; 文章資訊: 2020-10-01 22:09:00, 中秋連假首日尖石拉庫山2組登山客迷失方向, https://www.ettoday.net/news/20201001/1822611.htm
         >>> 找到關鍵字 "化工"; 文章資訊: 2020-10-01 20:17:00, Checkin新竹人來風開幕首日見紅一家3口遭磁磚砸傷送醫, https://www.ettoday.net/news/20201001/1822589.htm
         >>> 找到關鍵字 "化工"; 文章資訊: 2020-10-01 15:29:00, 台鐵推設計展限定便當客家小炒野薑花粽3款好客菜單曝光, https://www.ettoday.net/news/20201001/1822444.htm
         <<< 2020-10-02 沒有更多 "化工" 相關的新聞 !!! >>>
        ------------------------------------------------------
       >> 搜尋關鍵字:"化災"; 網址:"https://www.ettoday.net/news_search/doSearch.php?keywords=化災&idx=1&page=1"
         <<< 2020-10-02 沒有更多 "化災" 相關的新聞 !!! >>>
        ------------------------------------------------------
       >> 搜尋關鍵字:"化學"; 網址:"https://www.ettoday.net/news_search/doSearch.php?keywords=化學&idx=1&page=1"
         >>> 找到關鍵字 "化學"; 文章資訊: 2020-10-01 16:01:00, 麥當勞薯條可治禿頭川普自爆不禿頭秘訣就是愛吃它, https://www.ettoday.net/news/20201001/1822405.htm
         >>> 找到關鍵字 "化學"; 文章資訊: 2020-10-01 14:46:00, 2020日本優良設計獎揭曉這支牙膏代表台灣獲選Best100, https://www.ettoday.net/news/20201001/1822428.htm
         <<< 2020-10-02 沒有更多 "化學" 相關的新聞 !!! >>>
        ------------------------------------------------------
       >> 搜尋關鍵字:"外洩"; 網址:"https://www.ettoday.net/news_search/doSearch.php?keywords=外洩&idx=1&page=1"
         >>> 找到關鍵字 "外洩"; 文章資訊: 2020-10-01 20:24:00, 前世情人出嫁老爸斜眼1表情暗藏殺氣萬人笑翻他很火, https://www.ettoday.net/news/20201001/1822514.htm
         <<< 2020-10-02 沒有更多 "外洩" 相關的新聞 !!! >>>
        ------------------------------------------------------
       >> 搜尋關鍵字:"危害"; 網址:"https://www.ettoday.net/news_search/doSearch.php?keywords=危害&idx=1&page=1"
         >>> 找到關鍵字 "危害"; 文章資訊: 2020-10-01 23:01:00, 出遊野菜別亂採有毒二株藏低海拔山區年年有人中鏢, https://www.ettoday.net/news/20201001/1822247.htm
         >>> 找到關鍵字 "危害"; 文章資訊: 2020-10-01 16:55:00, 大黑熊脫困了鋼索深陷左掌繞血圈獸醫檢傷不用截肢, https://www.ettoday.net/news/20201001/1822492.htm
         >>> 找到關鍵字 "危害"; 文章資訊: 2020-10-01 15:05:00, 救援畫面曝光台灣黑熊遭鋼索死纏徹夜痛號20hrs力盡癱地, https://www.ettoday.net/news/20201001/1822434.htm
         >>> 找到關鍵字 "危害"; 文章資訊: 2020-10-01 13:28:00, 連假前夕緝毒犬夜襲KTV高雄毒防局超前部署防護罩, https://www.ettoday.net/news/20201001/1822293.htm
         <<< 2020-10-02 沒有更多 "危害" 相關的新聞 !!! >>>
        ------------------------------------------------------
       >> 搜尋關鍵字:"有毒"; 網址:"https://www.ettoday.net/news_search/doSearch.php?keywords=有毒&idx=1&page=1"
         >>> 找到關鍵字 "有毒"; 文章資訊: 2020-10-01 23:01:00, 出遊野菜別亂採有毒二株藏低海拔山區年年有人中鏢, https://www.ettoday.net/news/20201001/1822247.htm
         <<< 2020-10-02 沒有更多 "有毒" 相關的新聞 !!! >>>
        ------------------------------------------------------
       >> 搜尋關鍵字:"有害"; 網址:"https://www.ettoday.net/news_search/doSearch.php?keywords=有害&idx=1&page=1"
         >>> 找到關鍵字 "有害"; 文章資訊: 2020-10-01 11:02:00, 中秋聚餐必看精選5間台菜餐廳銷魂麻油燜鴨飄濃郁酒香, https://www.ettoday.net/news/20201001/1819978.htm
         <<< 2020-10-02 沒有更多 "有害" 相關的新聞 !!! >>>
        ------------------------------------------------------
       >> 搜尋關鍵字:"色料"; 網址:"https://www.ettoday.net/news_search/doSearch.php?keywords=色料&idx=1&page=1"
         <<< 2020-10-02 沒有更多 "色料" 相關的新聞 !!! >>>
        ------------------------------------------------------
       >> 搜尋關鍵字:"色素"; 網址:"https://www.ettoday.net/news_search/doSearch.php?keywords=色素&idx=1&page=1"
         >>> 找到關鍵字 "色素"; 文章資訊: 2020-10-02 07:12:00, 痘痘肌必收Dcard狂推15款卸妝水搭配一招還能代謝淺層粉刺, https://www.ettoday.net/news/20201002/1820784.htm
         <<< 2020-10-02 沒有更多 "色素" 相關的新聞 !!! >>>
        ------------------------------------------------------
       >> 搜尋關鍵字:"毒性"; 網址:"https://www.ettoday.net/news_search/doSearch.php?keywords=毒性&idx=1&page=1"
         >>> 找到關鍵字 "毒性"; 文章資訊: 2020-10-02 02:16:00, 人面蜘蛛翹鬍子撞臉品客網暴動莫名可愛, https://www.ettoday.net/news/20201002/1822653.htm
         >>> 找到關鍵字 "毒性"; 文章資訊: 2020-10-01 23:01:00, 出遊野菜別亂採有毒二株藏低海拔山區年年有人中鏢, https://www.ettoday.net/news/20201001/1822247.htm
         <<< 2020-10-02 沒有更多 "毒性" 相關的新聞 !!! >>>
        ------------------------------------------------------
       >> 搜尋關鍵字:"毒品"; 網址:"https://www.ettoday.net/news_search/doSearch.php?keywords=毒品&idx=1&page=1"
         >>> 找到關鍵字 "毒品"; 文章資訊: 2020-10-01 14:36:00, 中秋前夕攻進販毒集團老巢宅配哥進苦窯大嘆沒肉烤了, https://www.ettoday.net/news/20201001/1822302.htm
         >>> 找到關鍵字 "毒品"; 文章資訊: 2020-10-01 13:28:00, 連假前夕緝毒犬夜襲KTV高雄毒防局超前部署防護罩, https://www.ettoday.net/news/20201001/1822293.htm
         <<< 2020-10-02 沒有更多 "毒品" 相關的新聞 !!! >>>
        ------------------------------------------------------
       >> 搜尋關鍵字:"致癌"; 網址:"https://www.ettoday.net/news_search/doSearch.php?keywords=致癌&idx=1&page=1"
         >>> 找到關鍵字 "致癌"; 文章資訊: 2020-10-01 21:28:00, 4種烤肉法慘吞一堆毒營養師曝致癌關鍵邊烤邊擠檸檬慘了, https://www.ettoday.net/news/20201001/1820390.htm
         <<< 2020-10-02 沒有更多 "致癌" 相關的新聞 !!! >>>
        ------------------------------------------------------
       >> 搜尋關鍵字:"重金屬"; 網址:"https://www.ettoday.net/news_search/doSearch.php?keywords=重金屬&idx=1&page=1"
         >>> 找到關鍵字 "重金屬"; 文章資訊: 2020-10-01 21:28:00, 4種烤肉法慘吞一堆毒營養師曝致癌關鍵邊烤邊擠檸檬慘了, https://www.ettoday.net/news/20201001/1820390.htm
         <<< 2020-10-02 沒有更多 "重金屬" 相關的新聞 !!! >>>
        ------------------------------------------------------
       >> 搜尋關鍵字:"食安"; 網址:"https://www.ettoday.net/news_search/doSearch.php?keywords=食安&idx=1&page=1"
         >>> 找到關鍵字 "食安"; 文章資訊: 2020-10-01 18:20:00, 祝賀佳節快樂不忘批美豬國民黨今年恐是最後一個安全的中秋節, https://www.ettoday.net/news/20201001/1822558.htm
         <<< 2020-10-02 沒有更多 "食安" 相關的新聞 !!! >>>
        ------------------------------------------------------
       >> 搜尋關鍵字:"香料"; 網址:"https://www.ettoday.net/news_search/doSearch.php?keywords=香料&idx=1&page=1"
         >>> 找到關鍵字 "香料"; 文章資訊: 2020-10-01 21:28:00, 4種烤肉法慘吞一堆毒營養師曝致癌關鍵邊烤邊擠檸檬慘了, https://www.ettoday.net/news/20201001/1820390.htm
         >>> 找到關鍵字 "香料"; 文章資訊: 2020-10-01 18:31:00, 烤肉加它能燃脂7食材吸油狂瘦營養師激推第1名完全沒熱量, https://www.ettoday.net/news/20201001/1821808.htm
         >>> 找到關鍵字 "香料"; 文章資訊: 2020-10-01 10:33:00, 每逢中秋胖一圈營養師解密月餅烤肉NG款迴避就可安心吃, https://www.ettoday.net/news/20201001/1818775.htm
         <<< 2020-10-02 沒有更多 "香料" 相關的新聞 !!! >>>
        ------------------------------------------------------
       >> 搜尋關鍵字:"原料"; 網址:"https://www.ettoday.net/news_search/doSearch.php?keywords=原料&idx=1&page=1"
         >>> 找到關鍵字 "原料"; 文章資訊: 2020-10-01 14:46:00, 2020日本優良設計獎揭曉這支牙膏代表台灣獲選Best100, https://www.ettoday.net/news/20201001/1822428.htm
         <<< 2020-10-02 沒有更多 "原料" 相關的新聞 !!! >>>
        ------------------------------------------------------
       >> 搜尋關鍵字:"氣爆"; 網址:"https://www.ettoday.net/news_search/doSearch.php?keywords=氣爆&idx=1&page=1"
         >>> 找到關鍵字 "氣爆"; 文章資訊: 2020-10-01 17:21:00, 中職周思齊快滿39歲拿月MVP還不是史上最老, https://www.ettoday.net/news/20201001/1822520.htm
         <<< 2020-10-02 沒有更多 "氣爆" 相關的新聞 !!! >>>
        ------------------------------------------------------
       >> 搜尋關鍵字:"添加物"; 網址:"https://www.ettoday.net/news_search/doSearch.php?keywords=添加物&idx=1&page=1"
         >>> 找到關鍵字 "添加物"; 文章資訊: 2020-10-01 12:24:00, 大自然的限量雲林虎頭蜂月餅白蛹入餡一窩僅可做30顆, https://www.ettoday.net/news/20201001/1822296.htm
         <<< 2020-10-02 沒有更多 "添加物" 相關的新聞 !!! >>>
        ------------------------------------------------------
       >> 搜尋關鍵字:"黑心"; 網址:"https://www.ettoday.net/news_search/doSearch.php?keywords=黑心&idx=1&page=1"
         >>> 找到關鍵字 "黑心"; 文章資訊: 2020-10-01 13:05:00, 獨武界壩4死究責資深配線師打臉台電絕緣不良不可能開啟馬達, https://www.ettoday.net/news/20201001/1821603.htm
         <<< 2020-10-02 沒有更多 "黑心" 相關的新聞 !!! >>>
        ------------------------------------------------------
       >> 搜尋關鍵字:"漂白"; 網址:"https://www.ettoday.net/news_search/doSearch.php?keywords=漂白&idx=1&page=1"
         <<< 2020-10-02 沒有更多 "漂白" 相關的新聞 !!! >>>
        ------------------------------------------------------
       >> 搜尋關鍵字:"爆炸"; 網址:"https://www.ettoday.net/news_search/doSearch.php?keywords=爆炸&idx=1&page=1"
         >>> 找到關鍵字 "爆炸"; 文章資訊: 2020-10-01 20:39:00, 恭喜3億網紅ChiaraFerragni宣布懷二胎露超平坦小腹報喜, https://www.ettoday.net/news/20201001/1822590.htm
         >>> 找到關鍵字 "爆炸"; 文章資訊: 2020-10-01 19:34:00, 護理之家犯怒高壓氧裸裝社區樓梯間衛生局無使照不能開業, https://www.ettoday.net/news/20201001/1822569.htm
         >>> 找到關鍵字 "爆炸"; 文章資訊: 2020-10-01 18:39:00, 天王愛妻血流一個月胎死腹中抱兒遺體痛喊寶寶沒了, https://www.ettoday.net/news/20201001/1822562.htm
         >>> 找到關鍵字 "爆炸"; 文章資訊: 2020-10-01 17:37:00, 莉莉柯林斯視訊男友壞壞嗨玩按摩棒電流一通全公寓都驚醒了, https://www.ettoday.net/news/20201001/1822516.htm
         >>> 找到關鍵字 "爆炸"; 文章資訊: 2020-10-01 16:02:00, 快訊桃園透天厝電動車充電爆炸釀3傷1命危4月大女嬰驚險逃死, https://www.ettoday.net/news/20201001/1822462.htm
         >>> 找到關鍵字 "爆炸"; 文章資訊: 2020-10-01 14:34:00, 大谷翔平明年還能繼續雙刀流天使總裁掛保證, https://www.ettoday.net/news/20201001/1822423.htm
         >>> 找到關鍵字 "爆炸"; 文章資訊: 2020-10-01 11:43:00, 女兒青春期常被氣到小S自責是失敗的媽媽, https://www.ettoday.net/news/20201001/1822308.htm
         <<< 2020-10-02 沒有更多 "爆炸" 相關的新聞 !!! >>>
        ------------------------------------------------------
       >> 搜尋關鍵字:"新興"; 網址:"https://www.ettoday.net/news_search/doSearch.php?keywords=新興&idx=1&page=1"
         >>> 找到關鍵字 "新興"; 文章資訊: 2020-10-01 13:28:00, 連假前夕緝毒犬夜襲KTV高雄毒防局超前部署防護罩, https://www.ettoday.net/news/20201001/1822293.htm
         >>> 找到關鍵字 "新興"; 文章資訊: 2020-10-01 12:24:00, 大自然的限量雲林虎頭蜂月餅白蛹入餡一窩僅可做30顆, https://www.ettoday.net/news/20201001/1822296.htm
         >>> 找到關鍵字 "新興"; 文章資訊: 2020-10-01 07:00:00, 富人都住哪新北最富里藏新店山間守備森嚴進出山路全名車, https://www.ettoday.net/news/20201001/1820591.htm
         <<< 2020-10-02 沒有更多 "新興" 相關的新聞 !!! >>>
        ------------------------------------------------------
       >> 搜尋關鍵字:"爆裂物"; 網址:"https://www.ettoday.net/news_search/doSearch.php?keywords=爆裂物&idx=1&page=1"
         <<< 2020-10-02 沒有更多 "爆裂物" 相關的新聞 !!! >>>
        ------------------------------------------------------
       >> 搜尋關鍵字:"IED"; 網址:"https://www.ettoday.net/news_search/doSearch.php?keywords=IED&idx=1&page=1"
         <<< 2020-10-02 沒有更多 "IED" 相關的新聞 !!! >>>
        ------------------------------------------------------
       >> 搜尋關鍵字:"排放"; 網址:"https://www.ettoday.net/news_search/doSearch.php?keywords=排放&idx=1&page=1"
         >>> 找到關鍵字 "排放"; 文章資訊: 2020-10-02 01:26:00, 台中河道頻傳死魚環保局設水盒子監控11處熱點, https://www.ettoday.net/news/20201002/1822623.htm
         >>> 找到關鍵字 "排放"; 文章資訊: 2020-10-01 11:05:00, 堅決不用渦輪電動馬達藍寶堅尼選擇死守自然進氣引擎, https://www.ettoday.net/news/20201001/1820990.htm
         <<< 2020-10-02 沒有更多 "排放" 相關的新聞 !!! >>>
        ------------------------------------------------------
       >> 搜尋關鍵字:"污染"; 網址:"https://www.ettoday.net/news_search/doSearch.php?keywords=污染&idx=1&page=1"
         >>> 找到關鍵字 "污染"; 文章資訊: 2020-10-02 01:26:00, 台中河道頻傳死魚環保局設水盒子監控11處熱點, https://www.ettoday.net/news/20201002/1822623.htm
         >>> 找到關鍵字 "污染"; 文章資訊: 2020-10-01 21:28:00, 4種烤肉法慘吞一堆毒營養師曝致癌關鍵邊烤邊擠檸檬慘了, https://www.ettoday.net/news/20201001/1820390.htm
         >>> 找到關鍵字 "污染"; 文章資訊: 2020-10-01 12:38:00, 農田水利署揭牌首任署長揭3大任務陳吉仲擴大至68萬公頃農地, https://www.ettoday.net/news/20201001/1822368.htm
         >>> 找到關鍵字 "污染"; 文章資訊: 2020-10-01 12:08:00, 綠色採購模範生中國人壽花7173萬元愛地球新建案大量採用綠建材, https://www.ettoday.net/news/20201001/1822338.htm
         >>> 找到關鍵字 "污染"; 文章資訊: 2020-10-01 11:23:00, 連假首日竹苗以北空品佳中南部午後臭氧濃度上升, https://www.ettoday.net/news/20201001/1822299.htm
         >>> 找到關鍵字 "污染"; 文章資訊: 2020-10-01 09:00:00, 中秋5地雷烤肉月餅和柚子來者不拒小心鬧肚子還可能食物中毒, https://www.ettoday.net/news/20201001/1532883.htm
         <<< 2020-10-02 沒有更多 "污染" 相關的新聞 !!! >>>
        ------------------------------------------------------
       >> 搜尋關鍵字:"廢水"; 網址:"https://www.ettoday.net/news_search/doSearch.php?keywords=廢水&idx=1&page=1"
         >>> 找到關鍵字 "廢水"; 文章資訊: 2020-10-02 01:26:00, 台中河道頻傳死魚環保局設水盒子監控11處熱點, https://www.ettoday.net/news/20201002/1822623.htm
         >>> 找到關鍵字 "廢水"; 文章資訊: 2020-10-01 19:34:00, 護理之家犯怒高壓氧裸裝社區樓梯間衛生局無使照不能開業, https://www.ettoday.net/news/20201001/1822569.htm
         <<< 2020-10-02 沒有更多 "廢水" 相關的新聞 !!! >>>
        ------------------------------------------------------
       >> 搜尋關鍵字:"污水"; 網址:"https://www.ettoday.net/news_search/doSearch.php?keywords=污水&idx=1&page=1"
         <<< 2020-10-02 沒有更多 "污水" 相關的新聞 !!! >>>
        ------------------------------------------------------
       >> 搜尋關鍵字:"洩漏"; 網址:"https://www.ettoday.net/news_search/doSearch.php?keywords=洩漏&idx=1&page=1"
         >>> 找到關鍵字 "洩漏"; 文章資訊: 2020-10-01 22:13:00, 簡廷芮朋友變情人今年剛交往就嫁男友超浪漫求婚秒收服她, https://www.ettoday.net/news/20201001/1822612.htm
         >>> 找到關鍵字 "洩漏"; 文章資訊: 2020-10-01 22:04:00, SM女練習生罵EXOBTS長得醜抱怨公司只捧NCT早知道去BigHit, https://www.ettoday.net/news/20201001/1822610.htm
         >>> 找到關鍵字 "洩漏"; 文章資訊: 2020-10-01 10:29:00, 驚國際太空站發生氣體洩漏太空人正在搜尋缺口, https://www.ettoday.net/news/20201001/1822246.htm
         <<< 2020-10-02 沒有更多 "洩漏" 相關的新聞 !!! >>>
        ------------------------------------------------------
       >> 搜尋關鍵字:"暗管"; 網址:"https://www.ettoday.net/news_search/doSearch.php?keywords=暗管&idx=1&page=1"
         <<< 2020-10-02 沒有更多 "暗管" 相關的新聞 !!! >>>
        ------------------------------------------------------
       >> 搜尋關鍵字:"偷排"; 網址:"https://www.ettoday.net/news_search/doSearch.php?keywords=偷排&idx=1&page=1"
         <<< 2020-10-02 沒有更多 "偷排" 相關的新聞 !!! >>>
        ------------------------------------------------------
       >> 搜尋關鍵字:"安全"; 網址:"https://www.ettoday.net/news_search/doSearch.php?keywords=安全&idx=1&page=1"
         >>> 找到關鍵字 "安全"; 文章資訊: 2020-10-02 07:03:00, 鉛暴露恐致骨鬆頸動脈硬化台大醫列生活10條建議, https://www.ettoday.net/news/20201002/1797617.htm
         >>> 找到關鍵字 "安全"; 文章資訊: 2020-10-02 06:00:00, 俄軍兩節式未來坦克採用電熱主砲垂直短程飛彈可射12公里, https://www.ettoday.net/news/20201002/1821291.htm
         >>> 找到關鍵字 "安全"; 文章資訊: 2020-10-02 05:17:00, 半數美參議員致函貿易代表籲啟動美台BTA談判, https://www.ettoday.net/news/20201002/1822661.htm
         >>> 找到關鍵字 "安全"; 文章資訊: 2020-10-02 05:12:00, 反對川普連任56名共和黨前國安官員為拜登背書, https://www.ettoday.net/news/20201002/1822660.htm
         >>> 找到關鍵字 "安全"; 文章資訊: 2020-10-02 05:09:00, 美眾院外委會通過法案供在美港人臨時保護身分, https://www.ettoday.net/news/20201002/1822659.htm
         >>> 找到關鍵字 "安全"; 文章資訊: 2020-10-02 05:00:00, 地層健檢大突破中正大學研發三維斷層掃描技術應用工程建設, https://www.ettoday.net/news/20201002/1822337.htm
         >>> 找到關鍵字 "安全"; 文章資訊: 2020-10-02 02:23:00, 80歲翁卡路中交通中心見狀為他多亮97秒綠燈駕駛全停下, https://www.ettoday.net/news/20201002/1822116.htm
         >>> 找到關鍵字 "安全"; 文章資訊: 2020-10-02 01:08:00, 野柳夜訪女王頭人潮灌爆連假首日塞3200人遊客氣到報警, https://www.ettoday.net/news/20201002/1822646.htm
         >>> 找到關鍵字 "安全"; 文章資訊: 2020-10-02 00:48:00, 阿公陪詐騙集團聊天一個高端操作網笑噴小姐被玩弄股掌間, https://www.ettoday.net/news/20201002/1822115.htm
         >>> 找到關鍵字 "安全"; 文章資訊: 2020-10-02 00:15:00, 黑白配晉升氣質小仙女單調兩色衣櫃也能穿出百變風格, https://www.ettoday.net/news/20201002/1818374.htm
        ------------------------------------------------------
       >> 搜尋關鍵字:"槽車"; 網址:"https://www.ettoday.net/news_search/doSearch.php?keywords=槽車&idx=1&page=1"
         <<< 2020-10-02 沒有更多 "槽車" 相關的新聞 !!! >>>
       >> 檔案輸出
        ------------------------------------------------------
      >> 下載新聞內容
      >> 下載 https://www.ettoday.net/news/20201001/1822531.htm, 中油宣布102日起桶裝瓦斯每公斤漲04元天然氣價格不調整
      >> 下載 https://www.ettoday.net/news/20201001/1822611.htm, 中秋連假首日尖石拉庫山2組登山客迷失方向
      >> 下載 https://www.ettoday.net/news/20201001/1822589.htm, Checkin新竹人來風開幕首日見紅一家3口遭磁磚砸傷送醫
      >> 下載 https://www.ettoday.net/news/20201001/1822444.htm, 台鐵推設計展限定便當客家小炒野薑花粽3款好客菜單曝光
      >> 下載 https://www.ettoday.net/news/20201001/1822405.htm, 麥當勞薯條可治禿頭川普自爆不禿頭秘訣就是愛吃它
      >> 下載 https://www.ettoday.net/news/20201001/1822428.htm, 2020日本優良設計獎揭曉這支牙膏代表台灣獲選Best100
      >> 下載 https://www.ettoday.net/news/20201001/1822514.htm, 前世情人出嫁老爸斜眼1表情暗藏殺氣萬人笑翻他很火
      >> 下載 https://www.ettoday.net/news/20201001/1822247.htm, 出遊野菜別亂採有毒二株藏低海拔山區年年有人中鏢
      >> 下載 https://www.ettoday.net/news/20201001/1822492.htm, 大黑熊脫困了鋼索深陷左掌繞血圈獸醫檢傷不用截肢
      >> 下載 https://www.ettoday.net/news/20201001/1822434.htm, 救援畫面曝光台灣黑熊遭鋼索死纏徹夜痛號20hrs力盡癱地
      >> 下載 https://www.ettoday.net/news/20201001/1822293.htm, 連假前夕緝毒犬夜襲KTV高雄毒防局超前部署防護罩
      >> 下載 https://www.ettoday.net/news/20201001/1822247.htm, 出遊野菜別亂採有毒二株藏低海拔山區年年有人中鏢
      >> 下載 https://www.ettoday.net/news/20201001/1819978.htm, 中秋聚餐必看精選5間台菜餐廳銷魂麻油燜鴨飄濃郁酒香
      >> 下載 https://www.ettoday.net/news/20201002/1820784.htm, 痘痘肌必收Dcard狂推15款卸妝水搭配一招還能代謝淺層粉刺
      >> 下載 https://www.ettoday.net/news/20201002/1822653.htm, 人面蜘蛛翹鬍子撞臉品客網暴動莫名可愛
      >> 下載 https://www.ettoday.net/news/20201001/1822247.htm, 出遊野菜別亂採有毒二株藏低海拔山區年年有人中鏢
      >> 下載 https://www.ettoday.net/news/20201001/1822302.htm, 中秋前夕攻進販毒集團老巢宅配哥進苦窯大嘆沒肉烤了
      >> 下載 https://www.ettoday.net/news/20201001/1822293.htm, 連假前夕緝毒犬夜襲KTV高雄毒防局超前部署防護罩
      >> 下載 https://www.ettoday.net/news/20201001/1820390.htm, 4種烤肉法慘吞一堆毒營養師曝致癌關鍵邊烤邊擠檸檬慘了
      >> 下載 https://www.ettoday.net/news/20201001/1820390.htm, 4種烤肉法慘吞一堆毒營養師曝致癌關鍵邊烤邊擠檸檬慘了
      >> 下載 https://www.ettoday.net/news/20201001/1822558.htm, 祝賀佳節快樂不忘批美豬國民黨今年恐是最後一個安全的中秋節
      >> 下載 https://www.ettoday.net/news/20201001/1820390.htm, 4種烤肉法慘吞一堆毒營養師曝致癌關鍵邊烤邊擠檸檬慘了
      >> 下載 https://www.ettoday.net/news/20201001/1821808.htm, 烤肉加它能燃脂7食材吸油狂瘦營養師激推第1名完全沒熱量
      >> 下載 https://www.ettoday.net/news/20201001/1818775.htm, 每逢中秋胖一圈營養師解密月餅烤肉NG款迴避就可安心吃
      >> 下載 https://www.ettoday.net/news/20201001/1822428.htm, 2020日本優良設計獎揭曉這支牙膏代表台灣獲選Best100
      >> 下載 https://www.ettoday.net/news/20201001/1822520.htm, 中職周思齊快滿39歲拿月MVP還不是史上最老
      >> 下載 https://www.ettoday.net/news/20201001/1822296.htm, 大自然的限量雲林虎頭蜂月餅白蛹入餡一窩僅可做30顆
      >> 下載 https://www.ettoday.net/news/20201001/1821603.htm, 獨武界壩4死究責資深配線師打臉台電絕緣不良不可能開啟馬達
      >> 下載 https://www.ettoday.net/news/20201001/1822590.htm, 恭喜3億網紅ChiaraFerragni宣布懷二胎露超平坦小腹報喜
      >> 下載 https://www.ettoday.net/news/20201001/1822569.htm, 護理之家犯怒高壓氧裸裝社區樓梯間衛生局無使照不能開業
      >> 下載 https://www.ettoday.net/news/20201001/1822562.htm, 天王愛妻血流一個月胎死腹中抱兒遺體痛喊寶寶沒了
      >> 下載 https://www.ettoday.net/news/20201001/1822516.htm, 莉莉柯林斯視訊男友壞壞嗨玩按摩棒電流一通全公寓都驚醒了
      >> 下載 https://www.ettoday.net/news/20201001/1822462.htm, 快訊桃園透天厝電動車充電爆炸釀3傷1命危4月大女嬰驚險逃死
      >> 下載 https://www.ettoday.net/news/20201001/1822423.htm, 大谷翔平明年還能繼續雙刀流天使總裁掛保證
      >> 下載 https://www.ettoday.net/news/20201001/1822308.htm, 女兒青春期常被氣到小S自責是失敗的媽媽
      >> 下載 https://www.ettoday.net/news/20201001/1822293.htm, 連假前夕緝毒犬夜襲KTV高雄毒防局超前部署防護罩
      >> 下載 https://www.ettoday.net/news/20201001/1822296.htm, 大自然的限量雲林虎頭蜂月餅白蛹入餡一窩僅可做30顆
      >> 下載 https://www.ettoday.net/news/20201001/1820591.htm, 富人都住哪新北最富里藏新店山間守備森嚴進出山路全名車
      >> 下載 https://www.ettoday.net/news/20201002/1822623.htm, 台中河道頻傳死魚環保局設水盒子監控11處熱點
      >> 下載 https://www.ettoday.net/news/20201001/1820990.htm, 堅決不用渦輪電動馬達藍寶堅尼選擇死守自然進氣引擎
      >> 下載 https://www.ettoday.net/news/20201002/1822623.htm, 台中河道頻傳死魚環保局設水盒子監控11處熱點
      >> 下載 https://www.ettoday.net/news/20201001/1820390.htm, 4種烤肉法慘吞一堆毒營養師曝致癌關鍵邊烤邊擠檸檬慘了
      >> 下載 https://www.ettoday.net/news/20201001/1822368.htm, 農田水利署揭牌首任署長揭3大任務陳吉仲擴大至68萬公頃農地
      >> 下載 https://www.ettoday.net/news/20201001/1822338.htm, 綠色採購模範生中國人壽花7173萬元愛地球新建案大量採用綠建材
      >> 下載 https://www.ettoday.net/news/20201001/1822299.htm, 連假首日竹苗以北空品佳中南部午後臭氧濃度上升
      >> 下載 https://www.ettoday.net/news/20201001/1532883.htm, 中秋5地雷烤肉月餅和柚子來者不拒小心鬧肚子還可能食物中毒
      >> 下載 https://www.ettoday.net/news/20201002/1822623.htm, 台中河道頻傳死魚環保局設水盒子監控11處熱點
      >> 下載 https://www.ettoday.net/news/20201001/1822569.htm, 護理之家犯怒高壓氧裸裝社區樓梯間衛生局無使照不能開業
      >> 下載 https://www.ettoday.net/news/20201001/1822612.htm, 簡廷芮朋友變情人今年剛交往就嫁男友超浪漫求婚秒收服她
      >> 下載 https://www.ettoday.net/news/20201001/1822610.htm, SM女練習生罵EXOBTS長得醜抱怨公司只捧NCT早知道去BigHit
      >> 下載 https://www.ettoday.net/news/20201001/1822246.htm, 驚國際太空站發生氣體洩漏太空人正在搜尋缺口
      >> 下載 https://www.ettoday.net/news/20201002/1797617.htm, 鉛暴露恐致骨鬆頸動脈硬化台大醫列生活10條建議
      >> 下載 https://www.ettoday.net/news/20201002/1821291.htm, 俄軍兩節式未來坦克採用電熱主砲垂直短程飛彈可射12公里
      >> 下載 https://www.ettoday.net/news/20201002/1822661.htm, 半數美參議員致函貿易代表籲啟動美台BTA談判
      >> 下載 https://www.ettoday.net/news/20201002/1822660.htm, 反對川普連任56名共和黨前國安官員為拜登背書
      >> 下載 https://www.ettoday.net/news/20201002/1822659.htm, 美眾院外委會通過法案供在美港人臨時保護身分
      >> 下載 https://www.ettoday.net/news/20201002/1822337.htm, 地層健檢大突破中正大學研發三維斷層掃描技術應用工程建設
      >> 下載 https://www.ettoday.net/news/20201002/1822116.htm, 80歲翁卡路中交通中心見狀為他多亮97秒綠燈駕駛全停下
      >> 下載 https://www.ettoday.net/news/20201002/1822646.htm, 野柳夜訪女王頭人潮灌爆連假首日塞3200人遊客氣到報警
      >> 下載 https://www.ettoday.net/news/20201002/1822115.htm, 阿公陪詐騙集團聊天一個高端操作網笑噴小姐被玩弄股掌間
      >> 下載 https://www.ettoday.net/news/20201002/1818374.htm, 黑白配晉升氣質小仙女單調兩色衣櫃也能穿出百變風格
