     -----> 新聞爬蟲：中央通訊社

           <<< 中央通訊社新聞搜尋 >>>
  ------------------------------------------------------
  ------------------------------------------------------
    >> 搜尋關鍵字:"工業用"; 網址:"https://www.cna.com.tw/search/hysearchws.aspx?q=工業用"
         >>> 找到關鍵字 "工業用"; 文章資訊: 2020-10-05 10:06:00, 順德第4季車用導線架回溫法人估明年獲利倍增202010051006, https://www.cna.com.tw/news/afe/202010050033.aspx
         <<< 2020-10-06 沒有更多 "工業用" 相關的新聞 !!! >>>
  ------------------------------------------------------
    >> 搜尋關鍵字:"化工"; 網址:"https://www.cna.com.tw/search/hysearchws.aspx?q=化工"
         <<< 2020-10-06 沒有更多 "化工" 相關的新聞 !!! >>>
  ------------------------------------------------------
    >> 搜尋關鍵字:"化災"; 網址:"https://www.cna.com.tw/search/hysearchws.aspx?q=化災"
         <<< 2020-10-06 沒有更多 "化災" 相關的新聞 !!! >>>
  ------------------------------------------------------
    >> 搜尋關鍵字:"化學"; 網址:"https://www.cna.com.tw/search/hysearchws.aspx?q=化學"
         >>> 找到關鍵字 "化學"; 文章資訊: 2020-10-05 17:39:00, 諾貝爾醫學獎英美3學者發現C型肝炎獲殊榮202010051739, https://www.cna.com.tw/news/firstnews/202010055007.aspx
         >>> 找到關鍵字 "化學"; 文章資訊: 2020-10-05 13:57:00, 諾貝爾醫學獎落誰家衛生和免疫學領域受關注202010051357, https://www.cna.com.tw/news/aopl/202010050139.aspx
         >>> 找到關鍵字 "化學"; 文章資訊: 2020-10-05 12:25:00, 9月PMI續揚至577創下2年半最快擴張速度202010051225, https://www.cna.com.tw/news/afe/202010050098.aspx
         <<< 2020-10-06 沒有更多 "化學" 相關的新聞 !!! >>>
  ------------------------------------------------------
    >> 搜尋關鍵字:"外洩"; 網址:"https://www.cna.com.tw/search/hysearchws.aspx?q=外洩"
         >>> 找到關鍵字 "外洩"; 文章資訊: 2020-10-05 16:27:00, 科技戰開打專家台灣人才個資成駭客垂涎目標202010051627, https://www.cna.com.tw/news/firstnews/202010055005.aspx
         <<< 2020-10-06 沒有更多 "外洩" 相關的新聞 !!! >>>
  ------------------------------------------------------
    >> 搜尋關鍵字:"危害"; 網址:"https://www.cna.com.tw/search/hysearchws.aspx?q=危害"
         <<< 2020-10-06 沒有更多 "危害" 相關的新聞 !!! >>>
  ------------------------------------------------------
    >> 搜尋關鍵字:"有毒"; 網址:"https://www.cna.com.tw/search/hysearchws.aspx?q=有毒"
         <<< 2020-10-06 沒有更多 "有毒" 相關的新聞 !!! >>>
  ------------------------------------------------------
    >> 搜尋關鍵字:"有害"; 網址:"https://www.cna.com.tw/search/hysearchws.aspx?q=有害"
         <<< 2020-10-06 沒有更多 "有害" 相關的新聞 !!! >>>
  ------------------------------------------------------
    >> 搜尋關鍵字:"色料"; 網址:"https://www.cna.com.tw/search/hysearchws.aspx?q=色料"
         <<< 2020-10-06 沒有更多 "色料" 相關的新聞 !!! >>>
  ------------------------------------------------------
    >> 搜尋關鍵字:"色素"; 網址:"https://www.cna.com.tw/search/hysearchws.aspx?q=色素"
         >>> 找到關鍵字 "色素"; 文章資訊: 2020-10-05 15:05:00, 緯創醫學攜手高醫大擴展智慧照護場域202010051505, https://www.cna.com.tw/news/ahel/202010050174.aspx
         <<< 2020-10-06 沒有更多 "色素" 相關的新聞 !!! >>>
  ------------------------------------------------------
    >> 搜尋關鍵字:"毒性"; 網址:"https://www.cna.com.tw/search/hysearchws.aspx?q=毒性"
         <<< 2020-10-06 沒有更多 "毒性" 相關的新聞 !!! >>>
  ------------------------------------------------------
    >> 搜尋關鍵字:"毒品"; 網址:"https://www.cna.com.tw/search/hysearchws.aspx?q=毒品"
         >>> 找到關鍵字 "毒品"; 文章資訊: 2020-10-05 21:15:00, 苗縣詭異工寮成毛孩墳場警追查飼主到案說明202010052115, https://www.cna.com.tw/news/asoc/202010050339.aspx
         >>> 找到關鍵字 "毒品"; 文章資訊: 2020-10-05 10:27:00, 苗栗私人土地遍布狗骨頭愛狗團體質疑虐待動物影202010051027, https://www.cna.com.tw/news/asoc/202010050041.aspx
         <<< 2020-10-06 沒有更多 "毒品" 相關的新聞 !!! >>>
  ------------------------------------------------------
    >> 搜尋關鍵字:"致癌"; 網址:"https://www.cna.com.tw/search/hysearchws.aspx?q=致癌"
         <<< 2020-10-06 沒有更多 "致癌" 相關的新聞 !!! >>>
  ------------------------------------------------------
    >> 搜尋關鍵字:"重金屬"; 網址:"https://www.cna.com.tw/search/hysearchws.aspx?q=重金屬"
         <<< 2020-10-06 沒有更多 "重金屬" 相關的新聞 !!! >>>
  ------------------------------------------------------
    >> 搜尋關鍵字:"食安"; 網址:"https://www.cna.com.tw/search/hysearchws.aspx?q=食安"
         >>> 找到關鍵字 "食安"; 文章資訊: 2020-10-05 16:58:00, 香港進口月餅賞味期內發霉中市府將協助申訴202010051658, https://www.cna.com.tw/news/ahel/202010050233.aspx
         >>> 找到關鍵字 "食安"; 文章資訊: 2020-10-05 22:46:00, 台中12印尼生發燒腹瀉初步採檢均陰性202010052246, https://www.cna.com.tw/news/ahel/202010050366.aspx
         >>> 找到關鍵字 "食安"; 文章資訊: 2020-10-05 17:36:00, 台中防疫旅館傳食物中毒12名印尼籍大學生送醫202010051736, https://www.cna.com.tw/news/firstnews/202010050265.aspx
         >>> 找到關鍵字 "食安"; 文章資訊: 2020-10-05 16:56:00, 高市府落實標示溯源及抽驗加強把關美豬202010051656, https://www.cna.com.tw/news/ahel/202010050229.aspx
         >>> 找到關鍵字 "食安"; 文章資訊: 2020-10-05 12:44:00, 農田水利署石門管理處揭牌鄭文燦盼龍潭納灌區202010051244, https://www.cna.com.tw/news/aloc/202010050112.aspx
         >>> 找到關鍵字 "食安"; 文章資訊: 2020-10-05 13:45:00, 高市議會開議國民黨把關預算擬萊豬零檢出202010051345, https://www.cna.com.tw/news/aloc/202010050132.aspx
         >>> 找到關鍵字 "食安"; 文章資訊: 2020-10-05 12:51:00, 落實學校膳食用國產豬教長修訂契約納入罰則202010051251, https://www.cna.com.tw/news/ahel/202010050114.aspx
         >>> 找到關鍵字 "食安"; 文章資訊: 2020-10-05 11:27:00, 審查放寬美豬行政命令蔣萬安規劃先開公聽會202010051127, https://www.cna.com.tw/news/aipl/202010050062.aspx
         <<< 2020-10-06 沒有更多 "食安" 相關的新聞 !!! >>>
  ------------------------------------------------------
    >> 搜尋關鍵字:"香料"; 網址:"https://www.cna.com.tw/search/hysearchws.aspx?q=香料"
         <<< 2020-10-06 沒有更多 "香料" 相關的新聞 !!! >>>
  ------------------------------------------------------
    >> 搜尋關鍵字:"原料"; 網址:"https://www.cna.com.tw/search/hysearchws.aspx?q=原料"
         >>> 找到關鍵字 "原料"; 文章資訊: 2020-10-05 13:24:00, 淡水河流域清出18萬公升垃圾關渡蘆洲最嚴重202010051324, https://www.cna.com.tw/news/ahel/202010050126.aspx
         >>> 找到關鍵字 "原料"; 文章資訊: 2020-10-05 16:56:00, 高市府落實標示溯源及抽驗加強把關美豬202010051656, https://www.cna.com.tw/news/ahel/202010050229.aspx
         >>> 找到關鍵字 "原料"; 文章資訊: 2020-10-05 12:18:00, 立委憂外送成漏洞衛福部要求標示肉品產地202010051218, https://www.cna.com.tw/news/ahel/202010050095.aspx
         >>> 找到關鍵字 "原料"; 文章資訊: 2020-10-05 10:06:00, 順德第4季車用導線架回溫法人估明年獲利倍增202010051006, https://www.cna.com.tw/news/afe/202010050033.aspx
         >>> 找到關鍵字 "原料"; 文章資訊: 2020-10-05 07:53:00, 早安世界公費流感疫苗今開打半歲內嬰兒父母50歲以上民眾可接種202010050753, https://www.cna.com.tw/news/firstnews/202010055001.aspx
         <<< 2020-10-06 沒有更多 "原料" 相關的新聞 !!! >>>
  ------------------------------------------------------
    >> 搜尋關鍵字:"氣爆"; 網址:"https://www.cna.com.tw/search/hysearchws.aspx?q=氣爆"
         >>> 找到關鍵字 "氣爆"; 文章資訊: 2020-10-05 11:58:00, 新北碧潭店家氣爆巨響老鼠咬破管線釀禍202010051158, https://www.cna.com.tw/news/firstnews/202010050088.aspx
         <<< 2020-10-06 沒有更多 "氣爆" 相關的新聞 !!! >>>
  ------------------------------------------------------
    >> 搜尋關鍵字:"添加物"; 網址:"https://www.cna.com.tw/search/hysearchws.aspx?q=添加物"
         <<< 2020-10-06 沒有更多 "添加物" 相關的新聞 !!! >>>
  ------------------------------------------------------
    >> 搜尋關鍵字:"黑心"; 網址:"https://www.cna.com.tw/search/hysearchws.aspx?q=黑心"
         <<< 2020-10-06 沒有更多 "黑心" 相關的新聞 !!! >>>
  ------------------------------------------------------
    >> 搜尋關鍵字:"漂白"; 網址:"https://www.cna.com.tw/search/hysearchws.aspx?q=漂白"
         <<< 2020-10-06 沒有更多 "漂白" 相關的新聞 !!! >>>
  ------------------------------------------------------
    >> 搜尋關鍵字:"爆炸"; 網址:"https://www.cna.com.tw/search/hysearchws.aspx?q=爆炸"
         >>> 找到關鍵字 "爆炸"; 文章資訊: 2020-10-05 08:50:00, 高加索衝突紅十字會譴責無差別砲擊違反國際法202010050850, https://www.cna.com.tw/news/aopl/202010050017.aspx
         <<< 2020-10-06 沒有更多 "爆炸" 相關的新聞 !!! >>>
  ------------------------------------------------------
    >> 搜尋關鍵字:"新興"; 網址:"https://www.cna.com.tw/search/hysearchws.aspx?q=新興"
         >>> 找到關鍵字 "新興"; 文章資訊: 2020-10-05 20:26:00, 諾貝爾獎落C肝研究者致力研發疫苗20年不輟202010052026, https://www.cna.com.tw/news/firstnews/202010050325.aspx
         >>> 找到關鍵字 "新興"; 文章資訊: 2020-10-05 14:52:00, 因應共機擾台109年空中戰巡已4132架次202010051452, https://www.cna.com.tw/news/firstnews/202010050165.aspx
         >>> 找到關鍵字 "新興"; 文章資訊: 2020-10-05 20:09:00, 科技部推跨世代年輕學者方案最高補助千萬202010052009, https://www.cna.com.tw/news/afe/202010050319.aspx
         >>> 找到關鍵字 "新興"; 文章資訊: 2020-10-05 18:44:00, 工總調查受疫情衝擊逾8成在陸台企衰退202010051844, https://www.cna.com.tw/news/afe/202010050295.aspx
         >>> 找到關鍵字 "新興"; 文章資訊: 2020-10-05 12:33:00, 防疫津貼請領惹爭議高市警依法作業未獨吞202010051233, https://www.cna.com.tw/news/aloc/202010050106.aspx
         <<< 2020-10-06 沒有更多 "新興" 相關的新聞 !!! >>>
  ------------------------------------------------------
    >> 搜尋關鍵字:"爆裂物"; 網址:"https://www.cna.com.tw/search/hysearchws.aspx?q=爆裂物"
         <<< 2020-10-06 沒有更多 "爆裂物" 相關的新聞 !!! >>>
  ------------------------------------------------------
    >> 搜尋關鍵字:"IED"; 網址:"https://www.cna.com.tw/search/hysearchws.aspx?q=IED"
         <<< 2020-10-06 沒有更多 "IED" 相關的新聞 !!! >>>
  ------------------------------------------------------
    >> 搜尋關鍵字:"排放"; 網址:"https://www.cna.com.tw/search/hysearchws.aspx?q=排放"
         >>> 找到關鍵字 "排放"; 文章資訊: 2020-10-05 18:15:00, 解決竹北污水問題竹縣府擴建水資源回收中心202010051815, https://www.cna.com.tw/news/aloc/202010050282.aspx
         <<< 2020-10-06 沒有更多 "排放" 相關的新聞 !!! >>>
  ------------------------------------------------------
    >> 搜尋關鍵字:"污染"; 網址:"https://www.cna.com.tw/search/hysearchws.aspx?q=污染"
         >>> 找到關鍵字 "污染"; 文章資訊: 2020-10-05 18:15:00, 解決竹北污水問題竹縣府擴建水資源回收中心202010051815, https://www.cna.com.tw/news/aloc/202010050282.aspx
         <<< 2020-10-06 沒有更多 "污染" 相關的新聞 !!! >>>
  ------------------------------------------------------
    >> 搜尋關鍵字:"廢水"; 網址:"https://www.cna.com.tw/search/hysearchws.aspx?q=廢水"
         <<< 2020-10-06 沒有更多 "廢水" 相關的新聞 !!! >>>
  ------------------------------------------------------
    >> 搜尋關鍵字:"污水"; 網址:"https://www.cna.com.tw/search/hysearchws.aspx?q=污水"
         >>> 找到關鍵字 "污水"; 文章資訊: 2020-10-05 18:15:00, 解決竹北污水問題竹縣府擴建水資源回收中心202010051815, https://www.cna.com.tw/news/aloc/202010050282.aspx
         <<< 2020-10-06 沒有更多 "污水" 相關的新聞 !!! >>>
  ------------------------------------------------------
    >> 搜尋關鍵字:"洩漏"; 網址:"https://www.cna.com.tw/search/hysearchws.aspx?q=洩漏"
         >>> 找到關鍵字 "洩漏"; 文章資訊: 2020-10-05 16:27:00, 科技戰開打專家台灣人才個資成駭客垂涎目標202010051627, https://www.cna.com.tw/news/firstnews/202010055005.aspx
         <<< 2020-10-06 沒有更多 "洩漏" 相關的新聞 !!! >>>
  ------------------------------------------------------
    >> 搜尋關鍵字:"暗管"; 網址:"https://www.cna.com.tw/search/hysearchws.aspx?q=暗管"
         <<< 2020-10-06 沒有更多 "暗管" 相關的新聞 !!! >>>
  ------------------------------------------------------
    >> 搜尋關鍵字:"偷排"; 網址:"https://www.cna.com.tw/search/hysearchws.aspx?q=偷排"
         <<< 2020-10-06 沒有更多 "偷排" 相關的新聞 !!! >>>
  ------------------------------------------------------
    >> 搜尋關鍵字:"安全"; 網址:"https://www.cna.com.tw/search/hysearchws.aspx?q=安全"
         >>> 找到關鍵字 "安全"; 文章資訊: 2020-10-06 04:46:00, 美國務卿抵日訪問取消順道訪蒙韓行程202010060446, https://www.cna.com.tw/news/aopl/202010060010.aspx
         >>> 找到關鍵字 "安全"; 文章資訊: 2020-10-06 03:52:00, 白宮醫師雖未完全脫離險境川普符合出院標準202010060352, https://www.cna.com.tw/news/aopl/202010060009.aspx
         >>> 找到關鍵字 "安全"; 文章資訊: 2020-10-06 03:33:00, 乘車現身醫院外惹議川普推文辯護202010060333, https://www.cna.com.tw/news/aopl/202010060008.aspx
         >>> 找到關鍵字 "安全"; 文章資訊: 2020-10-06 00:57:00, 專家若認定安全無虞拜登下週願與川普辯論202010060057, https://www.cna.com.tw/news/aopl/202010060003.aspx
         >>> 找到關鍵字 "安全"; 文章資訊: 2020-10-05 23:17:00, 印度反潛大突破飛彈輔助魚雷試射成功202010052317, https://www.cna.com.tw/news/aopl/202010050371.aspx
         >>> 找到關鍵字 "安全"; 文章資訊: 2020-10-05 16:58:00, 香港進口月餅賞味期內發霉中市府將協助申訴202010051658, https://www.cna.com.tw/news/ahel/202010050233.aspx
         >>> 找到關鍵字 "安全"; 文章資訊: 2020-10-05 23:10:00, 男子騎機車國道蛇行不排除公共危險罪送辦202010052310, https://www.cna.com.tw/news/asoc/202010050370.aspx
         >>> 找到關鍵字 "安全"; 文章資訊: 2020-10-05 22:32:00, 愛爾蘭駐處線上國慶朗誦英譯台灣詩作202010052232, https://www.cna.com.tw/news/aipl/202010050362.aspx
         >>> 找到關鍵字 "安全"; 文章資訊: 2020-10-05 23:07:00, 印度賤民女子性侵案北方省警方宣稱國際陰謀202010052307, https://www.cna.com.tw/news/aopl/202010050369.aspx
         >>> 找到關鍵字 "安全"; 文章資訊: 2020-10-05 21:01:00, 中梵協議關鍵主教郭希錦辭職先前已被迫讓位202010052101, https://www.cna.com.tw/news/acn/202010050337.aspx
         >>> 找到關鍵字 "安全"; 文章資訊: 2020-10-05 22:51:00, 英媒前中國外交官曾任TikTok內容審查主管202010052251, https://www.cna.com.tw/news/aopl/202010050367.aspx
         >>> 找到關鍵字 "安全"; 文章資訊: 2020-10-05 20:09:00, 感謝北市捐口罩菲律賓奎松市長期待訪台交流202010052009, https://www.cna.com.tw/news/aipl/202010050318.aspx
         >>> 找到關鍵字 "安全"; 文章資訊: 2020-10-05 22:14:00, 川普染疫日本經團連會長自作自受202010052214, https://www.cna.com.tw/news/aopl/202010050356.aspx
         >>> 找到關鍵字 "安全"; 文章資訊: 2020-10-05 14:00:00, 數位身分證110年7月全面換發3縣市先試辦202010051400, https://www.cna.com.tw/news/firstnews/202010055004.aspx
         >>> 找到關鍵字 "安全"; 文章資訊: 2020-10-05 14:52:00, 因應共機擾台109年空中戰巡已4132架次202010051452, https://www.cna.com.tw/news/firstnews/202010050165.aspx
         >>> 找到關鍵字 "安全"; 文章資訊: 2020-10-05 21:04:00, 自家訓練中心安檢未過消防署年底前改善202010052104, https://www.cna.com.tw/news/asoc/202010050338.aspx
         >>> 找到關鍵字 "安全"; 文章資訊: 2020-10-05 21:00:00, 立院6日院會藍將提台美復交及助台抗中決議202010052100, https://www.cna.com.tw/news/aipl/202010050336.aspx
         >>> 找到關鍵字 "安全"; 文章資訊: 2020-10-05 17:20:00, 金門Kbike系統停擺逾一年更新10日起恢復收費202010051720, https://www.cna.com.tw/news/aloc/202010050245.aspx
         >>> 找到關鍵字 "安全"; 文章資訊: 2020-10-05 13:06:00, 男子騎機車上國道蛇行釀10車連環撞警救人受傷影202010051306, https://www.cna.com.tw/news/firstnews/202010055003.aspx
         >>> 找到關鍵字 "安全"; 文章資訊: 2020-10-05 19:08:00, 基隆學童掉落坑洞復原返校林右昌獻上祝福202010051908, https://www.cna.com.tw/news/aloc/202010050303.aspx
         >>> 找到關鍵字 "安全"; 文章資訊: 2020-10-05 19:04:00, 新加坡疫情持續趨緩將擴大開放經濟及社交活動202010051904, https://www.cna.com.tw/news/aopl/202010050300.aspx
         >>> 找到關鍵字 "安全"; 文章資訊: 2020-10-05 17:36:00, 台中防疫旅館傳食物中毒12名印尼籍大學生送醫202010051736, https://www.cna.com.tw/news/firstnews/202010050265.aspx
         >>> 找到關鍵字 "安全"; 文章資訊: 2020-10-05 11:38:00, 南方澳跨港大橋重建動土力拚111年8月前完工202010051138, https://www.cna.com.tw/news/ahel/202010050070.aspx
         >>> 找到關鍵字 "安全"; 文章資訊: 2020-10-05 17:18:00, 公費流感疫苗開打接種對象地點查詢QA一篇看懂202010051718, https://www.cna.com.tw/news/firstnews/202010055006.aspx
         >>> 找到關鍵字 "安全"; 文章資訊: 2020-10-05 18:43:00, 駐土耳其代表鄭泰祥接受專訪籲支持民主台灣202010051843, https://www.cna.com.tw/news/aipl/202010050294.aspx
         >>> 找到關鍵字 "安全"; 文章資訊: 2020-10-05 18:10:00, 中國前副外長與澳貿易互補脫鉤不符雙方利益202010051810, https://www.cna.com.tw/news/aopl/202010050281.aspx
         >>> 找到關鍵字 "安全"; 文章資訊: 2020-10-05 17:52:00, 無通行證大車橫行每年2000件北市警加強取締202010051752, https://www.cna.com.tw/news/asoc/202010050275.aspx
         >>> 找到關鍵字 "安全"; 文章資訊: 2020-10-05 16:56:00, 台中工人換燈管觸電昏倒送醫搶救仍不治202010051656, https://www.cna.com.tw/news/asoc/202010050228.aspx
         >>> 找到關鍵字 "安全"; 文章資訊: 2020-10-05 16:58:00, 全球調查近6成女孩經歷網路騷擾202010051658, https://www.cna.com.tw/news/aopl/202010050232.aspx
         >>> 找到關鍵字 "安全"; 文章資訊: 2020-10-05 16:56:00, 高市府落實標示溯源及抽驗加強把關美豬202010051656, https://www.cna.com.tw/news/ahel/202010050229.aspx
         >>> 找到關鍵字 "安全"; 文章資訊: 2020-10-05 16:27:00, 科技戰開打專家台灣人才個資成駭客垂涎目標202010051627, https://www.cna.com.tw/news/firstnews/202010055005.aspx
         >>> 找到關鍵字 "安全"; 文章資訊: 2020-10-05 12:44:00, 農田水利署石門管理處揭牌鄭文燦盼龍潭納灌區202010051244, https://www.cna.com.tw/news/aloc/202010050112.aspx
         >>> 找到關鍵字 "安全"; 文章資訊: 2020-10-05 15:15:00, 美台國防工業會議晚間視訊進行202010051515, https://www.cna.com.tw/news/aipl/202010050182.aspx
         >>> 找到關鍵字 "安全"; 文章資訊: 2020-10-05 15:20:00, 高屏部分地區6日停水4小時影響逾萬戶202010051520, https://www.cna.com.tw/news/ahel/202010050184.aspx
         >>> 找到關鍵字 "安全"; 文章資訊: 2020-10-05 15:07:00, 美印22對話將簽地理協定助印無人機精準打擊202010051507, https://www.cna.com.tw/news/aopl/202010050175.aspx
         >>> 找到關鍵字 "安全"; 文章資訊: 2020-10-05 12:33:00, 避免和武漢肺炎分不清李秉穎籲打流感疫苗202010051233, https://www.cna.com.tw/news/ahel/202010050105.aspx
         >>> 找到關鍵字 "安全"; 文章資訊: 2020-10-05 13:45:00, 高市議會開議國民黨把關預算擬萊豬零檢出202010051345, https://www.cna.com.tw/news/aloc/202010050132.aspx
         >>> 找到關鍵字 "安全"; 文章資訊: 2020-10-05 11:49:00, 手搖飲熱量糖量強制標示110年上路粉圓布丁須一併計算202010051149, https://www.cna.com.tw/news/firstnews/202010050084.aspx
         >>> 找到關鍵字 "安全"; 文章資訊: 2020-10-05 11:58:00, 新北碧潭店家氣爆巨響老鼠咬破管線釀禍202010051158, https://www.cna.com.tw/news/firstnews/202010050088.aspx
         >>> 找到關鍵字 "安全"; 文章資訊: 2020-10-05 11:05:00, 精誠攜手資安新創公司瞄準政府金融電信市場202010051105, https://www.cna.com.tw/news/afe/202010050056.aspx
         >>> 找到關鍵字 "安全"; 文章資訊: 2020-10-05 12:24:00, 美方加強出口管制中芯近期大量採購關鍵設備202010051224, https://www.cna.com.tw/news/aopl/202010050097.aspx
         >>> 找到關鍵字 "安全"; 文章資訊: 2020-10-05 11:46:00, 患有慢性肺疾墨西哥103歲人瑞嬤戰勝武漢肺炎202010051146, https://www.cna.com.tw/news/aopl/202010050076.aspx
         >>> 找到關鍵字 "安全"; 文章資訊: 2020-10-05 12:18:00, 立委憂外送成漏洞衛福部要求標示肉品產地202010051218, https://www.cna.com.tw/news/ahel/202010050095.aspx
         >>> 找到關鍵字 "安全"; 文章資訊: 2020-10-05 11:03:00, 中國央企生產澳洲列車涉新疆奴工並威脅網路安全202010051103, https://www.cna.com.tw/news/firstnews/202010050055.aspx
         >>> 找到關鍵字 "安全"; 文章資訊: 2020-10-05 10:52:00, 川普搭車外出遭醫界抨擊傳早知首篩確診但保密影202010051052, https://www.cna.com.tw/news/firstnews/202010050050.aspx
         >>> 找到關鍵字 "安全"; 文章資訊: 2020-10-05 10:51:00, 消防訓練中心安檢連續5年不合格徐國勇漏氣202010051051, https://www.cna.com.tw/news/aipl/202010050049.aspx
         >>> 找到關鍵字 "安全"; 文章資訊: 2020-10-05 10:42:00, 中芯禁令陸CIS估轉單台積電後段台廠封測訂單穩202010051042, https://www.cna.com.tw/news/afe/202010050046.aspx
         >>> 找到關鍵字 "安全"; 文章資訊: 2020-10-05 10:36:00, 美國指責港警濫捕港府表達強烈不滿202010051036, https://www.cna.com.tw/news/acn/202010050045.aspx
         >>> 找到關鍵字 "安全"; 文章資訊: 2020-10-05 08:05:00, 東北風增強北台灣濕涼202010050805, https://www.cna.com.tw/news/ahel/202010050013.aspx
         <<< 2020-10-06 沒有更多 "安全" 相關的新聞 !!! >>>
  ------------------------------------------------------
    >> 搜尋關鍵字:"槽車"; 網址:"https://www.cna.com.tw/search/hysearchws.aspx?q=槽車"
         <<< 2020-10-06 沒有更多 "槽車" 相關的新聞 !!! >>>
       >> 檔案輸出
        ------------------------------------------------------
      >> 下載新聞內容
      >> 下載 https://www.cna.com.tw/news/afe/202010050033.aspx, 順德第4季車用導線架回溫法人估明年獲利倍增202010051006
      >> 下載 https://www.cna.com.tw/news/firstnews/202010055007.aspx, 諾貝爾醫學獎英美3學者發現C型肝炎獲殊榮202010051739
      >> 下載 https://www.cna.com.tw/news/aopl/202010050139.aspx, 諾貝爾醫學獎落誰家衛生和免疫學領域受關注202010051357
      >> 下載 https://www.cna.com.tw/news/afe/202010050098.aspx, 9月PMI續揚至577創下2年半最快擴張速度202010051225
      >> 下載 https://www.cna.com.tw/news/firstnews/202010055005.aspx, 科技戰開打專家台灣人才個資成駭客垂涎目標202010051627
      >> 下載 https://www.cna.com.tw/news/ahel/202010050174.aspx, 緯創醫學攜手高醫大擴展智慧照護場域202010051505
      >> 下載 https://www.cna.com.tw/news/asoc/202010050339.aspx, 苗縣詭異工寮成毛孩墳場警追查飼主到案說明202010052115
      >> 下載 https://www.cna.com.tw/news/asoc/202010050041.aspx, 苗栗私人土地遍布狗骨頭愛狗團體質疑虐待動物影202010051027
      >> 下載 https://www.cna.com.tw/news/ahel/202010050233.aspx, 香港進口月餅賞味期內發霉中市府將協助申訴202010051658
      >> 下載 https://www.cna.com.tw/news/ahel/202010050366.aspx, 台中12印尼生發燒腹瀉初步採檢均陰性202010052246
      >> 下載 https://www.cna.com.tw/news/firstnews/202010050265.aspx, 台中防疫旅館傳食物中毒12名印尼籍大學生送醫202010051736
      >> 下載 https://www.cna.com.tw/news/ahel/202010050229.aspx, 高市府落實標示溯源及抽驗加強把關美豬202010051656
      >> 下載 https://www.cna.com.tw/news/aloc/202010050112.aspx, 農田水利署石門管理處揭牌鄭文燦盼龍潭納灌區202010051244
      >> 下載 https://www.cna.com.tw/news/aloc/202010050132.aspx, 高市議會開議國民黨把關預算擬萊豬零檢出202010051345
      >> 下載 https://www.cna.com.tw/news/ahel/202010050114.aspx, 落實學校膳食用國產豬教長修訂契約納入罰則202010051251
      >> 下載 https://www.cna.com.tw/news/aipl/202010050062.aspx, 審查放寬美豬行政命令蔣萬安規劃先開公聽會202010051127
      >> 下載 https://www.cna.com.tw/news/ahel/202010050126.aspx, 淡水河流域清出18萬公升垃圾關渡蘆洲最嚴重202010051324
      >> 下載 https://www.cna.com.tw/news/ahel/202010050229.aspx, 高市府落實標示溯源及抽驗加強把關美豬202010051656
      >> 下載 https://www.cna.com.tw/news/ahel/202010050095.aspx, 立委憂外送成漏洞衛福部要求標示肉品產地202010051218
      >> 下載 https://www.cna.com.tw/news/afe/202010050033.aspx, 順德第4季車用導線架回溫法人估明年獲利倍增202010051006
      >> 下載 https://www.cna.com.tw/news/firstnews/202010055001.aspx, 早安世界公費流感疫苗今開打半歲內嬰兒父母50歲以上民眾可接種202010050753
      >> 下載 https://www.cna.com.tw/news/firstnews/202010050088.aspx, 新北碧潭店家氣爆巨響老鼠咬破管線釀禍202010051158
      >> 下載 https://www.cna.com.tw/news/aopl/202010050017.aspx, 高加索衝突紅十字會譴責無差別砲擊違反國際法202010050850
      >> 下載 https://www.cna.com.tw/news/firstnews/202010050325.aspx, 諾貝爾獎落C肝研究者致力研發疫苗20年不輟202010052026
      >> 下載 https://www.cna.com.tw/news/firstnews/202010050165.aspx, 因應共機擾台109年空中戰巡已4132架次202010051452
      >> 下載 https://www.cna.com.tw/news/afe/202010050319.aspx, 科技部推跨世代年輕學者方案最高補助千萬202010052009
      >> 下載 https://www.cna.com.tw/news/afe/202010050295.aspx, 工總調查受疫情衝擊逾8成在陸台企衰退202010051844
      >> 下載 https://www.cna.com.tw/news/aloc/202010050106.aspx, 防疫津貼請領惹爭議高市警依法作業未獨吞202010051233
      >> 下載 https://www.cna.com.tw/news/aloc/202010050282.aspx, 解決竹北污水問題竹縣府擴建水資源回收中心202010051815
      >> 下載 https://www.cna.com.tw/news/aloc/202010050282.aspx, 解決竹北污水問題竹縣府擴建水資源回收中心202010051815
      >> 下載 https://www.cna.com.tw/news/aloc/202010050282.aspx, 解決竹北污水問題竹縣府擴建水資源回收中心202010051815
      >> 下載 https://www.cna.com.tw/news/firstnews/202010055005.aspx, 科技戰開打專家台灣人才個資成駭客垂涎目標202010051627
      >> 下載 https://www.cna.com.tw/news/aopl/202010060010.aspx, 美國務卿抵日訪問取消順道訪蒙韓行程202010060446
      >> 下載 https://www.cna.com.tw/news/aopl/202010060009.aspx, 白宮醫師雖未完全脫離險境川普符合出院標準202010060352
      >> 下載 https://www.cna.com.tw/news/aopl/202010060008.aspx, 乘車現身醫院外惹議川普推文辯護202010060333
      >> 下載 https://www.cna.com.tw/news/aopl/202010060003.aspx, 專家若認定安全無虞拜登下週願與川普辯論202010060057
      >> 下載 https://www.cna.com.tw/news/aopl/202010050371.aspx, 印度反潛大突破飛彈輔助魚雷試射成功202010052317
      >> 下載 https://www.cna.com.tw/news/ahel/202010050233.aspx, 香港進口月餅賞味期內發霉中市府將協助申訴202010051658
      >> 下載 https://www.cna.com.tw/news/asoc/202010050370.aspx, 男子騎機車國道蛇行不排除公共危險罪送辦202010052310
      >> 下載 https://www.cna.com.tw/news/aipl/202010050362.aspx, 愛爾蘭駐處線上國慶朗誦英譯台灣詩作202010052232
      >> 下載 https://www.cna.com.tw/news/aopl/202010050369.aspx, 印度賤民女子性侵案北方省警方宣稱國際陰謀202010052307
      >> 下載 https://www.cna.com.tw/news/acn/202010050337.aspx, 中梵協議關鍵主教郭希錦辭職先前已被迫讓位202010052101
      >> 下載 https://www.cna.com.tw/news/aopl/202010050367.aspx, 英媒前中國外交官曾任TikTok內容審查主管202010052251
      >> 下載 https://www.cna.com.tw/news/aipl/202010050318.aspx, 感謝北市捐口罩菲律賓奎松市長期待訪台交流202010052009
      >> 下載 https://www.cna.com.tw/news/aopl/202010050356.aspx, 川普染疫日本經團連會長自作自受202010052214
      >> 下載 https://www.cna.com.tw/news/firstnews/202010055004.aspx, 數位身分證110年7月全面換發3縣市先試辦202010051400
      >> 下載 https://www.cna.com.tw/news/firstnews/202010050165.aspx, 因應共機擾台109年空中戰巡已4132架次202010051452
      >> 下載 https://www.cna.com.tw/news/asoc/202010050338.aspx, 自家訓練中心安檢未過消防署年底前改善202010052104
      >> 下載 https://www.cna.com.tw/news/aipl/202010050336.aspx, 立院6日院會藍將提台美復交及助台抗中決議202010052100
      >> 下載 https://www.cna.com.tw/news/aloc/202010050245.aspx, 金門Kbike系統停擺逾一年更新10日起恢復收費202010051720
      >> 下載 https://www.cna.com.tw/news/firstnews/202010055003.aspx, 男子騎機車上國道蛇行釀10車連環撞警救人受傷影202010051306
      >> 下載 https://www.cna.com.tw/news/aloc/202010050303.aspx, 基隆學童掉落坑洞復原返校林右昌獻上祝福202010051908
      >> 下載 https://www.cna.com.tw/news/aopl/202010050300.aspx, 新加坡疫情持續趨緩將擴大開放經濟及社交活動202010051904
      >> 下載 https://www.cna.com.tw/news/firstnews/202010050265.aspx, 台中防疫旅館傳食物中毒12名印尼籍大學生送醫202010051736
      >> 下載 https://www.cna.com.tw/news/ahel/202010050070.aspx, 南方澳跨港大橋重建動土力拚111年8月前完工202010051138
      >> 下載 https://www.cna.com.tw/news/firstnews/202010055006.aspx, 公費流感疫苗開打接種對象地點查詢QA一篇看懂202010051718
      >> 下載 https://www.cna.com.tw/news/aipl/202010050294.aspx, 駐土耳其代表鄭泰祥接受專訪籲支持民主台灣202010051843
      >> 下載 https://www.cna.com.tw/news/aopl/202010050281.aspx, 中國前副外長與澳貿易互補脫鉤不符雙方利益202010051810
      >> 下載 https://www.cna.com.tw/news/asoc/202010050275.aspx, 無通行證大車橫行每年2000件北市警加強取締202010051752
      >> 下載 https://www.cna.com.tw/news/asoc/202010050228.aspx, 台中工人換燈管觸電昏倒送醫搶救仍不治202010051656
      >> 下載 https://www.cna.com.tw/news/aopl/202010050232.aspx, 全球調查近6成女孩經歷網路騷擾202010051658
      >> 下載 https://www.cna.com.tw/news/ahel/202010050229.aspx, 高市府落實標示溯源及抽驗加強把關美豬202010051656
      >> 下載 https://www.cna.com.tw/news/firstnews/202010055005.aspx, 科技戰開打專家台灣人才個資成駭客垂涎目標202010051627
      >> 下載 https://www.cna.com.tw/news/aloc/202010050112.aspx, 農田水利署石門管理處揭牌鄭文燦盼龍潭納灌區202010051244
      >> 下載 https://www.cna.com.tw/news/aipl/202010050182.aspx, 美台國防工業會議晚間視訊進行202010051515
      >> 下載 https://www.cna.com.tw/news/ahel/202010050184.aspx, 高屏部分地區6日停水4小時影響逾萬戶202010051520
      >> 下載 https://www.cna.com.tw/news/aopl/202010050175.aspx, 美印22對話將簽地理協定助印無人機精準打擊202010051507
      >> 下載 https://www.cna.com.tw/news/ahel/202010050105.aspx, 避免和武漢肺炎分不清李秉穎籲打流感疫苗202010051233
      >> 下載 https://www.cna.com.tw/news/aloc/202010050132.aspx, 高市議會開議國民黨把關預算擬萊豬零檢出202010051345
      >> 下載 https://www.cna.com.tw/news/firstnews/202010050084.aspx, 手搖飲熱量糖量強制標示110年上路粉圓布丁須一併計算202010051149
      >> 下載 https://www.cna.com.tw/news/firstnews/202010050088.aspx, 新北碧潭店家氣爆巨響老鼠咬破管線釀禍202010051158
      >> 下載 https://www.cna.com.tw/news/afe/202010050056.aspx, 精誠攜手資安新創公司瞄準政府金融電信市場202010051105
      >> 下載 https://www.cna.com.tw/news/aopl/202010050097.aspx, 美方加強出口管制中芯近期大量採購關鍵設備202010051224
      >> 下載 https://www.cna.com.tw/news/aopl/202010050076.aspx, 患有慢性肺疾墨西哥103歲人瑞嬤戰勝武漢肺炎202010051146
      >> 下載 https://www.cna.com.tw/news/ahel/202010050095.aspx, 立委憂外送成漏洞衛福部要求標示肉品產地202010051218
      >> 下載 https://www.cna.com.tw/news/firstnews/202010050055.aspx, 中國央企生產澳洲列車涉新疆奴工並威脅網路安全202010051103
      >> 下載 https://www.cna.com.tw/news/firstnews/202010050050.aspx, 川普搭車外出遭醫界抨擊傳早知首篩確診但保密影202010051052
      >> 下載 https://www.cna.com.tw/news/aipl/202010050049.aspx, 消防訓練中心安檢連續5年不合格徐國勇漏氣202010051051
      >> 下載 https://www.cna.com.tw/news/afe/202010050046.aspx, 中芯禁令陸CIS估轉單台積電後段台廠封測訂單穩202010051042
      >> 下載 https://www.cna.com.tw/news/acn/202010050045.aspx, 美國指責港警濫捕港府表達強烈不滿202010051036
      >> 下載 https://www.cna.com.tw/news/ahel/202010050013.aspx, 東北風增強北台灣濕涼202010050805
