     -----> 新聞爬蟲：東森新聞報

           <<< 東森新聞報新聞搜尋 >>>
        ------------------------------------------------------
        ------------------------------------------------------
       >> 搜尋關鍵字:"工業用"; 網址:"https://www.ettoday.net/news_search/doSearch.php?keywords=工業用&idx=1&page=1"
         >>> 找到關鍵字 "工業用"; 文章資訊: 2020-09-30 20:37:00, 買蛋黃酥只顧色澤嘉義環保局抽驗蛋鴨場防紅蛋黃流入市面, https://www.ettoday.net/news/20200930/1819989.htm
         <<< 2020-10-01 沒有更多 "工業用" 相關的新聞 !!! >>>
        ------------------------------------------------------
       >> 搜尋關鍵字:"化工"; 網址:"https://www.ettoday.net/news_search/doSearch.php?keywords=化工&idx=1&page=1"
         >>> 找到關鍵字 "化工"; 文章資訊: 2020-09-30 20:37:00, 買蛋黃酥只顧色澤嘉義環保局抽驗蛋鴨場防紅蛋黃流入市面, https://www.ettoday.net/news/20200930/1819989.htm
         >>> 找到關鍵字 "化工"; 文章資訊: 2020-09-30 20:06:00, 誠信至上嘉義地檢署公共工程施工論壇產官學實務交流, https://www.ettoday.net/news/20200930/1814461.htm
         >>> 找到關鍵字 "化工"; 文章資訊: 2020-09-30 18:29:00, 嘉義長庚夜間災害演練加護病房模擬火水災等災害, https://www.ettoday.net/news/20200930/1821830.htm
         >>> 找到關鍵字 "化工"; 文章資訊: 2020-09-30 18:10:00, Checkin新竹人來風正式開幕蔡英文帶20國使團搶先體驗, https://www.ettoday.net/news/20200930/1821895.htm
         <<< 2020-10-01 沒有更多 "化工" 相關的新聞 !!! >>>
        ------------------------------------------------------
       >> 搜尋關鍵字:"化災"; 網址:"https://www.ettoday.net/news_search/doSearch.php?keywords=化災&idx=1&page=1"
         >>> 找到關鍵字 "化災"; 文章資訊: 2020-09-30 16:18:00, 抗議中央漠視桃園統籌補助款不公三黨議員齊聲拒當二等公民, https://www.ettoday.net/news/20200930/1821777.htm
         >>> 找到關鍵字 "化災"; 文章資訊: 2020-09-30 14:32:00, 快訊機捷旅客環北終站昏睡未下車疑心肌梗塞送醫不治, https://www.ettoday.net/news/20200930/1821648.htm
         >>> 找到關鍵字 "化災"; 文章資訊: 2020-09-30 12:32:00, 桃園消防局採購敵腐靈六氟靈全面配發化災防備添利器, https://www.ettoday.net/news/20200930/1821512.htm
         <<< 2020-10-01 沒有更多 "化災" 相關的新聞 !!! >>>
        ------------------------------------------------------
       >> 搜尋關鍵字:"化學"; 網址:"https://www.ettoday.net/news_search/doSearch.php?keywords=化學&idx=1&page=1"
         >>> 找到關鍵字 "化學"; 文章資訊: 2020-09-30 21:28:00, 肉烤焦別吃4種常見一級致癌物恐怖曝光網友所愛超級毒, https://www.ettoday.net/news/20200930/1816056.htm
         >>> 找到關鍵字 "化學"; 文章資訊: 2020-09-30 20:37:00, 買蛋黃酥只顧色澤嘉義環保局抽驗蛋鴨場防紅蛋黃流入市面, https://www.ettoday.net/news/20200930/1819989.htm
         >>> 找到關鍵字 "化學"; 文章資訊: 2020-09-30 18:44:00, 侯友宜首次挑戰購物專家王令麟力挺回饋東森農場金山地瓜秒殺500組, https://www.ettoday.net/news/20200930/1821870.htm
         >>> 找到關鍵字 "化學"; 文章資訊: 2020-09-30 18:23:00, 新北登革熱群聚擴大增4例五寮里筍園相關病例總計23人確診, https://www.ettoday.net/news/20200930/1821917.htm
         >>> 找到關鍵字 "化學"; 文章資訊: 2020-09-30 16:55:00, 18歲女高中生教師夢碎診斷出大腸癌4個月淚別心愛男友, https://www.ettoday.net/news/20200930/1820652.htm
         >>> 找到關鍵字 "化學"; 文章資訊: 2020-09-30 12:32:00, 桃園消防局採購敵腐靈六氟靈全面配發化災防備添利器, https://www.ettoday.net/news/20200930/1821512.htm
         >>> 找到關鍵字 "化學"; 文章資訊: 2020-09-30 11:20:00, 才到職半年槽車國道自撞爆炸駕駛慘死留2子老父悲兒很孝順, https://www.ettoday.net/news/20200930/1821423.htm
         >>> 找到關鍵字 "化學"; 文章資訊: 2020-09-30 10:28:00, 歐美5國熱銷高階乾糧品牌懶人包大公開就是要給毛小孩最好的, https://www.ettoday.net/news/20200930/1819845.htm
         >>> 找到關鍵字 "化學"; 文章資訊: 2020-09-30 09:08:00, 氫氣槽車國道失控墜20m高架多次爆炸駕駛骨折慘死, https://www.ettoday.net/news/20200930/1821256.htm
         <<< 2020-10-01 沒有更多 "化學" 相關的新聞 !!! >>>
        ------------------------------------------------------
       >> 搜尋關鍵字:"外洩"; 網址:"https://www.ettoday.net/news_search/doSearch.php?keywords=外洩&idx=1&page=1"
         >>> 找到關鍵字 "外洩"; 文章資訊: 2020-09-30 18:00:00, 理財周刊國際銀行洗錢風暴歐美股暴跌, https://www.ettoday.net/news/20200930/1820935.htm
         >>> 找到關鍵字 "外洩"; 文章資訊: 2020-09-30 11:20:00, 才到職半年槽車國道自撞爆炸駕駛慘死留2子老父悲兒很孝順, https://www.ettoday.net/news/20200930/1821423.htm
         >>> 找到關鍵字 "外洩"; 文章資訊: 2020-09-30 09:08:00, 氫氣槽車國道失控墜20m高架多次爆炸駕駛骨折慘死, https://www.ettoday.net/news/20200930/1821256.htm
         <<< 2020-10-01 沒有更多 "外洩" 相關的新聞 !!! >>>
        ------------------------------------------------------
       >> 搜尋關鍵字:"危害"; 網址:"https://www.ettoday.net/news_search/doSearch.php?keywords=危害&idx=1&page=1"
         >>> 找到關鍵字 "危害"; 文章資訊: 2020-09-30 21:28:00, 肉烤焦別吃4種常見一級致癌物恐怖曝光網友所愛超級毒, https://www.ettoday.net/news/20200930/1816056.htm
         >>> 找到關鍵字 "危害"; 文章資訊: 2020-09-30 20:37:00, 買蛋黃酥只顧色澤嘉義環保局抽驗蛋鴨場防紅蛋黃流入市面, https://www.ettoday.net/news/20200930/1819989.htm
         >>> 找到關鍵字 "危害"; 文章資訊: 2020-09-30 20:12:00, 台南統一獅棒賽法務部長蔡清祥親自開球反毒, https://www.ettoday.net/news/20200930/1822010.htm
         >>> 找到關鍵字 "危害"; 文章資訊: 2020-09-30 17:03:00, 趁連假幫毛孩全身SPA洗香香寵物雲人氣網購5大類清潔用品推薦, https://www.ettoday.net/news/20200930/1819851.htm
         >>> 找到關鍵字 "危害"; 文章資訊: 2020-09-30 12:53:00, 4個月前被認嚴重危害社會治安拒假釋詹龍欄蹲18年苦牢終出獄, https://www.ettoday.net/news/20200930/1821535.htm
         >>> 找到關鍵字 "危害"; 文章資訊: 2020-09-30 11:07:00, 遭4人打到肋骨斷塞後車廂逼關鐵籠衰男一天只准出來3次, https://www.ettoday.net/news/20200930/1821380.htm
         <<< 2020-10-01 沒有更多 "危害" 相關的新聞 !!! >>>
        ------------------------------------------------------
       >> 搜尋關鍵字:"有毒"; 網址:"https://www.ettoday.net/news_search/doSearch.php?keywords=有毒&idx=1&page=1"
         >>> 找到關鍵字 "有毒"; 文章資訊: 2020-09-30 21:28:00, 肉烤焦別吃4種常見一級致癌物恐怖曝光網友所愛超級毒, https://www.ettoday.net/news/20200930/1816056.htm
         >>> 找到關鍵字 "有毒"; 文章資訊: 2020-09-30 12:30:00, 高中女昏倒2天前吃減肥藥美魔女媽媽冤遭法辦真相大白, https://www.ettoday.net/news/20200930/1821462.htm
         <<< 2020-10-01 沒有更多 "有毒" 相關的新聞 !!! >>>
        ------------------------------------------------------
       >> 搜尋關鍵字:"有害"; 網址:"https://www.ettoday.net/news_search/doSearch.php?keywords=有害&idx=1&page=1"
         >>> 找到關鍵字 "有害"; 文章資訊: 2020-09-30 17:35:00, 中秋烤肉小心癌風險國健署提9點注意別吃進致癌物, https://www.ettoday.net/news/20200930/1821715.htm
         <<< 2020-10-01 沒有更多 "有害" 相關的新聞 !!! >>>
        ------------------------------------------------------
       >> 搜尋關鍵字:"色料"; 網址:"https://www.ettoday.net/news_search/doSearch.php?keywords=色料&idx=1&page=1"
         <<< 2020-10-01 沒有更多 "色料" 相關的新聞 !!! >>>
        ------------------------------------------------------
       >> 搜尋關鍵字:"色素"; 網址:"https://www.ettoday.net/news_search/doSearch.php?keywords=色素&idx=1&page=1"
         >>> 找到關鍵字 "色素"; 文章資訊: 2020-09-30 20:37:00, 買蛋黃酥只顧色澤嘉義環保局抽驗蛋鴨場防紅蛋黃流入市面, https://www.ettoday.net/news/20200930/1819989.htm
         >>> 找到關鍵字 "色素"; 文章資訊: 2020-09-30 10:06:00, 好市多神款抹布出包一下水滲出黃汁染皮膚網驚從沒遇過, https://www.ettoday.net/news/20200930/1821287.htm
         <<< 2020-10-01 沒有更多 "色素" 相關的新聞 !!! >>>
        ------------------------------------------------------
       >> 搜尋關鍵字:"毒性"; 網址:"https://www.ettoday.net/news_search/doSearch.php?keywords=毒性&idx=1&page=1"
         >>> 找到關鍵字 "毒性"; 文章資訊: 2020-09-30 21:28:00, 肉烤焦別吃4種常見一級致癌物恐怖曝光網友所愛超級毒, https://www.ettoday.net/news/20200930/1816056.htm
         >>> 找到關鍵字 "毒性"; 文章資訊: 2020-09-30 20:37:00, 買蛋黃酥只顧色澤嘉義環保局抽驗蛋鴨場防紅蛋黃流入市面, https://www.ettoday.net/news/20200930/1819989.htm
         >>> 找到關鍵字 "毒性"; 文章資訊: 2020-09-30 17:03:00, 趁連假幫毛孩全身SPA洗香香寵物雲人氣網購5大類清潔用品推薦, https://www.ettoday.net/news/20200930/1819851.htm
         <<< 2020-10-01 沒有更多 "毒性" 相關的新聞 !!! >>>
        ------------------------------------------------------
       >> 搜尋關鍵字:"毒品"; 網址:"https://www.ettoday.net/news_search/doSearch.php?keywords=毒品&idx=1&page=1"
         >>> 找到關鍵字 "毒品"; 文章資訊: 2020-09-30 20:12:00, 台南統一獅棒賽法務部長蔡清祥親自開球反毒, https://www.ettoday.net/news/20200930/1822010.htm
         >>> 找到關鍵字 "毒品"; 文章資訊: 2020-09-30 16:59:00, 沙場老將的幸福結局海巡署長陳國恩退休後回歸家庭, https://www.ettoday.net/news/20200930/1821810.htm
         >>> 找到關鍵字 "毒品"; 文章資訊: 2020-09-30 16:36:00, 辣妹空姐交友軟體遇毒蟲疫情害失業沒房為愛淪販毒車手, https://www.ettoday.net/news/20200930/1821477.htm
         >>> 找到關鍵字 "毒品"; 文章資訊: 2020-09-30 12:30:00, 高中女昏倒2天前吃減肥藥美魔女媽媽冤遭法辦真相大白, https://www.ettoday.net/news/20200930/1821462.htm
         <<< 2020-10-01 沒有更多 "毒品" 相關的新聞 !!! >>>
        ------------------------------------------------------
       >> 搜尋關鍵字:"致癌"; 網址:"https://www.ettoday.net/news_search/doSearch.php?keywords=致癌&idx=1&page=1"
         >>> 找到關鍵字 "致癌"; 文章資訊: 2020-09-30 21:28:00, 肉烤焦別吃4種常見一級致癌物恐怖曝光網友所愛超級毒, https://www.ettoday.net/news/20200930/1816056.htm
         >>> 找到關鍵字 "致癌"; 文章資訊: 2020-09-30 20:37:00, 買蛋黃酥只顧色澤嘉義環保局抽驗蛋鴨場防紅蛋黃流入市面, https://www.ettoday.net/news/20200930/1819989.htm
         <<< 2020-10-01 沒有更多 "致癌" 相關的新聞 !!! >>>
        ------------------------------------------------------
       >> 搜尋關鍵字:"重金屬"; 網址:"https://www.ettoday.net/news_search/doSearch.php?keywords=重金屬&idx=1&page=1"
         >>> 找到關鍵字 "重金屬"; 文章資訊: 2020-09-30 19:31:00, 生氣就像慢性中毒孩子頂嘴爆炸性發洩3頭痛情緒父母必補救, https://www.ettoday.net/news/20200930/1820125.htm
         >>> 找到關鍵字 "重金屬"; 文章資訊: 2020-09-30 15:09:00, 萊豬換國際地位盧秀燕沒這種政治理論籲全民拒接受, https://www.ettoday.net/news/20200930/1821649.htm
         <<< 2020-10-01 沒有更多 "重金屬" 相關的新聞 !!! >>>
        ------------------------------------------------------
       >> 搜尋關鍵字:"食安"; 網址:"https://www.ettoday.net/news_search/doSearch.php?keywords=食安&idx=1&page=1"
         >>> 找到關鍵字 "食安"; 文章資訊: 2020-10-01 00:11:00, 中華醫大學生王禹璁蔡銘洋獲頒全國大專優秀青年獎, https://www.ettoday.net/news/20201001/1822090.htm
         >>> 找到關鍵字 "食安"; 文章資訊: 2020-09-30 20:37:00, 買蛋黃酥只顧色澤嘉義環保局抽驗蛋鴨場防紅蛋黃流入市面, https://www.ettoday.net/news/20200930/1819989.htm
         >>> 找到關鍵字 "食安"; 文章資訊: 2020-09-30 18:44:00, 侯友宜首次挑戰購物專家王令麟力挺回饋東森農場金山地瓜秒殺500組, https://www.ettoday.net/news/20200930/1821870.htm
         >>> 找到關鍵字 "食安"; 文章資訊: 2020-09-30 17:34:00, 陳時中稱防疫考量沒開食安會報葉元之代言觀光都不怕了, https://www.ettoday.net/news/20200930/1821861.htm
         >>> 找到關鍵字 "食安"; 文章資訊: 2020-09-30 16:46:00, 陳時中稱疫情未開食安會報羅智強批他不是去萬人演唱會嗎, https://www.ettoday.net/news/20200930/1821811.htm
         >>> 找到關鍵字 "食安"; 文章資訊: 2020-09-30 16:44:00, 單厚之江啟臣幫蔣萬安報仇蘇貞昌被問到答不上話, https://www.ettoday.net/news/20200930/1821726.htm
         >>> 找到關鍵字 "食安"; 文章資訊: 2020-09-30 15:09:00, 萊豬換國際地位盧秀燕沒這種政治理論籲全民拒接受, https://www.ettoday.net/news/20200930/1821649.htm
         >>> 找到關鍵字 "食安"; 文章資訊: 2020-09-30 14:55:00, 江啟臣105美台國防工業會議演講以實力換取和平以備戰來避戰, https://www.ettoday.net/news/20200930/1821671.htm
         >>> 找到關鍵字 "食安"; 文章資訊: 2020-09-30 14:34:00, 國民黨質疑沒開食安會報蘇貞昌美豬牛不在這個會報討論, https://www.ettoday.net/news/20200930/1821658.htm
         >>> 找到關鍵字 "食安"; 文章資訊: 2020-09-30 12:10:00, 羅智強控陳菊查300元政治獻金怒批怎不查陳明文300萬, https://www.ettoday.net/news/20200930/1821358.htm
        ------------------------------------------------------
       >> 搜尋關鍵字:"香料"; 網址:"https://www.ettoday.net/news_search/doSearch.php?keywords=香料&idx=1&page=1"
         >>> 找到關鍵字 "香料"; 文章資訊: 2020-10-01 06:00:00, 星巴克黑貓戴南瓜面具扮吸血鬼比去年更Ｑ萬聖節系列此時開搶, https://www.ettoday.net/news/20201001/1821967.htm
         >>> 找到關鍵字 "香料"; 文章資訊: 2020-09-30 20:49:00, 正統伊善菜米其林泰式餐廳頌丹樂101開幕首7天滿千送200, https://www.ettoday.net/news/20200930/1822006.htm
         <<< 2020-10-01 沒有更多 "香料" 相關的新聞 !!! >>>
        ------------------------------------------------------
       >> 搜尋關鍵字:"原料"; 網址:"https://www.ettoday.net/news_search/doSearch.php?keywords=原料&idx=1&page=1"
         >>> 找到關鍵字 "原料"; 文章資訊: 2020-09-30 20:37:00, 買蛋黃酥只顧色澤嘉義環保局抽驗蛋鴨場防紅蛋黃流入市面, https://www.ettoday.net/news/20200930/1819989.htm
         >>> 找到關鍵字 "原料"; 文章資訊: 2020-09-30 20:29:00, 烤肉熱量排行營養師認證第1名70都油網秒傻買了一整包, https://www.ettoday.net/news/20200930/1821401.htm
         >>> 找到關鍵字 "原料"; 文章資訊: 2020-09-30 15:45:00, 南寶樹脂供貨商爆內鬼黑心業務低買高賣賺178萬檢警拘提6人, https://www.ettoday.net/news/20200930/1821725.htm
         >>> 找到關鍵字 "原料"; 文章資訊: 2020-09-30 15:03:00, 宋兆文七問蘇貞昌若都會區被轟炸大量死傷你要如何處置, https://www.ettoday.net/news/20200930/1821640.htm
         >>> 找到關鍵字 "原料"; 文章資訊: 2020-09-30 13:42:00, 口罩國家隊再出包正牌釩泰竟找地下廠代工百萬片黑心貨流市面, https://www.ettoday.net/news/20200930/1821586.htm
         >>> 找到關鍵字 "原料"; 文章資訊: 2020-09-30 10:28:00, 歐美5國熱銷高階乾糧品牌懶人包大公開就是要給毛小孩最好的, https://www.ettoday.net/news/20200930/1819845.htm
         >>> 找到關鍵字 "原料"; 文章資訊: 2020-09-30 10:05:00, 嘉義市深化食安作為加強肉品標示稽查及抽驗, https://www.ettoday.net/news/20200930/1803585.htm
         <<< 2020-10-01 沒有更多 "原料" 相關的新聞 !!! >>>
        ------------------------------------------------------
       >> 搜尋關鍵字:"氣爆"; 網址:"https://www.ettoday.net/news_search/doSearch.php?keywords=氣爆&idx=1&page=1"
         >>> 找到關鍵字 "氣爆"; 文章資訊: 2020-09-30 12:10:00, 羅智強控陳菊查300元政治獻金怒批怎不查陳明文300萬, https://www.ettoday.net/news/20200930/1821358.htm
         <<< 2020-10-01 沒有更多 "氣爆" 相關的新聞 !!! >>>
        ------------------------------------------------------
       >> 搜尋關鍵字:"添加物"; 網址:"https://www.ettoday.net/news_search/doSearch.php?keywords=添加物&idx=1&page=1"
         >>> 找到關鍵字 "添加物"; 文章資訊: 2020-09-30 21:28:00, 肉烤焦別吃4種常見一級致癌物恐怖曝光網友所愛超級毒, https://www.ettoday.net/news/20200930/1816056.htm
         >>> 找到關鍵字 "添加物"; 文章資訊: 2020-09-30 10:28:00, 歐美5國熱銷高階乾糧品牌懶人包大公開就是要給毛小孩最好的, https://www.ettoday.net/news/20200930/1819845.htm
         <<< 2020-10-01 沒有更多 "添加物" 相關的新聞 !!! >>>
        ------------------------------------------------------
       >> 搜尋關鍵字:"黑心"; 網址:"https://www.ettoday.net/news_search/doSearch.php?keywords=黑心&idx=1&page=1"
         >>> 找到關鍵字 "黑心"; 文章資訊: 2020-09-30 16:18:00, 運將撞傷鬼切女騎士判無罪法官否則交通規則如同虛設, https://www.ettoday.net/news/20200930/1821790.htm
         >>> 找到關鍵字 "黑心"; 文章資訊: 2020-09-30 15:45:00, 南寶樹脂供貨商爆內鬼黑心業務低買高賣賺178萬檢警拘提6人, https://www.ettoday.net/news/20200930/1821725.htm
         >>> 找到關鍵字 "黑心"; 文章資訊: 2020-09-30 14:31:00, 辱正妹直播主百人斬統神哥國動判拘30天還得登道歉啟事, https://www.ettoday.net/news/20200930/1821657.htm
         >>> 找到關鍵字 "黑心"; 文章資訊: 2020-09-30 13:42:00, 口罩國家隊再出包正牌釩泰竟找地下廠代工百萬片黑心貨流市面, https://www.ettoday.net/news/20200930/1821586.htm
         <<< 2020-10-01 沒有更多 "黑心" 相關的新聞 !!! >>>
        ------------------------------------------------------
       >> 搜尋關鍵字:"漂白"; 網址:"https://www.ettoday.net/news_search/doSearch.php?keywords=漂白&idx=1&page=1"
         >>> 找到關鍵字 "漂白"; 文章資訊: 2020-09-30 10:06:00, 好市多神款抹布出包一下水滲出黃汁染皮膚網驚從沒遇過, https://www.ettoday.net/news/20200930/1821287.htm
         <<< 2020-10-01 沒有更多 "漂白" 相關的新聞 !!! >>>
        ------------------------------------------------------
       >> 搜尋關鍵字:"爆炸"; 網址:"https://www.ettoday.net/news_search/doSearch.php?keywords=爆炸&idx=1&page=1"
         >>> 找到關鍵字 "爆炸"; 文章資訊: 2020-09-30 21:48:00, 妻懷疑養小三宜蘭員警睡一半慘遭剪生殖器剪刀捅進膝蓋, https://www.ettoday.net/news/20200930/1822053.htm
         >>> 找到關鍵字 "爆炸"; 文章資訊: 2020-09-30 20:13:00, 唱紅女權主義名曲傳奇歌手海倫瑞迪逝世享壽78歲, https://www.ettoday.net/news/20200930/1822007.htm
         >>> 找到關鍵字 "爆炸"; 文章資訊: 2020-09-30 19:31:00, 生氣就像慢性中毒孩子頂嘴爆炸性發洩3頭痛情緒父母必補救, https://www.ettoday.net/news/20200930/1820125.htm
         >>> 找到關鍵字 "爆炸"; 文章資訊: 2020-09-30 19:20:00, 川普唇戰拜登太荒謬鄉民狂TAG美國隊長拜託出來選總統, https://www.ettoday.net/news/20200930/1821975.htm
         >>> 找到關鍵字 "爆炸"; 文章資訊: 2020-09-30 18:11:00, 快訊巴黎區傳巨大爆炸聲警秒出面澄清是戰機飛過, https://www.ettoday.net/news/20200930/1821915.htm
         >>> 找到關鍵字 "爆炸"; 文章資訊: 2020-09-30 18:10:00, 獨台中檳榔大媽黑白摸被抓包秒吐紅汁高中儀隊正妹回應了, https://www.ettoday.net/news/20200930/1821913.htm
         >>> 找到關鍵字 "爆炸"; 文章資訊: 2020-09-30 16:51:00, 生活大爆炸謝爾頓確診新冠肺炎老公也中鏢味覺全喪失, https://www.ettoday.net/news/20200930/1821821.htm
         >>> 找到關鍵字 "爆炸"; 文章資訊: 2020-09-30 16:43:00, 彰化泡棉廠陷火海目擊者聽爆炸聲嚇壞起火前見電線掉落, https://www.ettoday.net/news/20200930/1821817.htm
         >>> 找到關鍵字 "爆炸"; 文章資訊: 2020-09-30 15:23:00, 快訊彰化社頭變電箱疑爆炸下秒陷火海濃煙竄天警消急灌救, https://www.ettoday.net/news/20200930/1821722.htm
         >>> 找到關鍵字 "爆炸"; 文章資訊: 2020-09-30 12:00:00, 炒蟹排骨酥湯無限嗑台南超狂牛排吃到飽雞腿排咬下噴汁, https://www.ettoday.net/news/20200930/1815920.htm
        ------------------------------------------------------
       >> 搜尋關鍵字:"新興"; 網址:"https://www.ettoday.net/news_search/doSearch.php?keywords=新興&idx=1&page=1"
         >>> 找到關鍵字 "新興"; 文章資訊: 2020-10-01 07:00:00, 富人都住哪新北最富里藏新店山間守備森嚴進出山路全名車, https://www.ettoday.net/news/20201001/1820591.htm
         >>> 找到關鍵字 "新興"; 文章資訊: 2020-09-30 21:33:00, 有感弱勢學童人數不減反增蔡淑惠10年來整合資源中秋持續送暖, https://www.ettoday.net/news/20200930/1822044.htm
         >>> 找到關鍵字 "新興"; 文章資訊: 2020-09-30 20:21:00, 湧言會18成員傾巢而出趙天麟阮昭雄林楚茵強攻社群, https://www.ettoday.net/news/20200930/1822012.htm
         >>> 找到關鍵字 "新興"; 文章資訊: 2020-09-30 20:12:00, 台南統一獅棒賽法務部長蔡清祥親自開球反毒, https://www.ettoday.net/news/20200930/1822010.htm
         >>> 找到關鍵字 "新興"; 文章資訊: 2020-09-30 18:30:00, 高雄警局搭迷因炫風吉卜力梗圖說故事地檢署傷人案長這樣, https://www.ettoday.net/news/20200930/1821588.htm
         >>> 找到關鍵字 "新興"; 文章資訊: 2020-09-30 17:03:00, 高市眷村變身新興重劃區再加一鄰近1字頭軍宅鍍金有望, https://www.ettoday.net/news/20200930/1821768.htm
         >>> 找到關鍵字 "新興"; 文章資訊: 2020-09-30 16:24:00, 鴻海科技日重磅技術登場預告EV平台發表會, https://www.ettoday.net/news/20200930/1821796.htm
         >>> 找到關鍵字 "新興"; 文章資訊: 2020-09-30 13:03:00, 水岸生態溫泉莊園一橋之隔即抵台北, https://www.ettoday.net/news/20200930/1821517.htm
         <<< 2020-10-01 沒有更多 "新興" 相關的新聞 !!! >>>
        ------------------------------------------------------
       >> 搜尋關鍵字:"爆裂物"; 網址:"https://www.ettoday.net/news_search/doSearch.php?keywords=爆裂物&idx=1&page=1"
         <<< 2020-10-01 沒有更多 "爆裂物" 相關的新聞 !!! >>>
        ------------------------------------------------------
       >> 搜尋關鍵字:"IED"; 網址:"https://www.ettoday.net/news_search/doSearch.php?keywords=IED&idx=1&page=1"
         <<< 2020-10-01 沒有更多 "IED" 相關的新聞 !!! >>>
        ------------------------------------------------------
       >> 搜尋關鍵字:"排放"; 網址:"https://www.ettoday.net/news_search/doSearch.php?keywords=排放&idx=1&page=1"
         >>> 找到關鍵字 "排放"; 文章資訊: 2020-09-30 10:32:00, 李沃牆美總統大選辯論登場經濟議題成攻防主軸, https://www.ettoday.net/news/20200930/1821304.htm
         <<< 2020-10-01 沒有更多 "排放" 相關的新聞 !!! >>>
        ------------------------------------------------------
       >> 搜尋關鍵字:"污染"; 網址:"https://www.ettoday.net/news_search/doSearch.php?keywords=污染&idx=1&page=1"
         >>> 找到關鍵字 "污染"; 文章資訊: 2020-10-01 09:00:00, 中秋5地雷烤肉月餅和柚子來者不拒小心鬧肚子還可能食物中毒, https://www.ettoday.net/news/20201001/1532883.htm
         >>> 找到關鍵字 "污染"; 文章資訊: 2020-09-30 14:16:00, 買禮盒不是買包裝中秋送禮一多三少包裝過頭小心被罰, https://www.ettoday.net/news/20200930/1821610.htm
         >>> 找到關鍵字 "污染"; 文章資訊: 2020-09-30 12:13:00, 中秋節髒空氣籠罩中南部一張圖看4天連假空品變化, https://www.ettoday.net/news/20200930/1821505.htm
         >>> 找到關鍵字 "污染"; 文章資訊: 2020-09-30 10:05:00, 韓妞人人必備的神級B5精華登台超強保濕力每6秒賣出一罐, https://www.ettoday.net/news/20200930/1820616.htm
         <<< 2020-10-01 沒有更多 "污染" 相關的新聞 !!! >>>
        ------------------------------------------------------
       >> 搜尋關鍵字:"廢水"; 網址:"https://www.ettoday.net/news_search/doSearch.php?keywords=廢水&idx=1&page=1"
         <<< 2020-10-01 沒有更多 "廢水" 相關的新聞 !!! >>>
        ------------------------------------------------------
       >> 搜尋關鍵字:"污水"; 網址:"https://www.ettoday.net/news_search/doSearch.php?keywords=污水&idx=1&page=1"
         >>> 找到關鍵字 "污水"; 文章資訊: 2020-09-30 17:26:00, 洗鍋水噴到奶瓶廚房準妯娌大戰開打小叔勸架傻眼只想吃泡麵, https://www.ettoday.net/news/20200930/1821864.htm
         >>> 找到關鍵字 "污水"; 文章資訊: 2020-09-30 16:23:00, 趁疫情搞定羅東夜市攤商污水接管宜縣府獲奧斯卡級金擘獎, https://www.ettoday.net/news/20200930/1821771.htm
         <<< 2020-10-01 沒有更多 "污水" 相關的新聞 !!! >>>
        ------------------------------------------------------
       >> 搜尋關鍵字:"洩漏"; 網址:"https://www.ettoday.net/news_search/doSearch.php?keywords=洩漏&idx=1&page=1"
         >>> 找到關鍵字 "洩漏"; 文章資訊: 2020-09-30 10:44:00, 股市禿鷹案更三審前金管會檢查局長李進誠獲輕判6月, https://www.ettoday.net/news/20200930/1821402.htm
         >>> 找到關鍵字 "洩漏"; 文章資訊: 2020-09-30 07:53:00, 蔡依林組蔡幫定下2宗旨瘋傳男星洩漏聚會行蹤慘遭逐出, https://www.ettoday.net/news/20200930/1821208.htm
         <<< 2020-10-01 沒有更多 "洩漏" 相關的新聞 !!! >>>
        ------------------------------------------------------
       >> 搜尋關鍵字:"暗管"; 網址:"https://www.ettoday.net/news_search/doSearch.php?keywords=暗管&idx=1&page=1"
         <<< 2020-10-01 沒有更多 "暗管" 相關的新聞 !!! >>>
        ------------------------------------------------------
       >> 搜尋關鍵字:"偷排"; 網址:"https://www.ettoday.net/news_search/doSearch.php?keywords=偷排&idx=1&page=1"
         <<< 2020-10-01 沒有更多 "偷排" 相關的新聞 !!! >>>
        ------------------------------------------------------
       >> 搜尋關鍵字:"安全"; 網址:"https://www.ettoday.net/news_search/doSearch.php?keywords=安全&idx=1&page=1"
         >>> 找到關鍵字 "安全"; 文章資訊: 2020-10-01 06:36:00, 王爺警示鹿港順義宮公告這2節氣間注意行車安全庚子年有大變動, https://www.ettoday.net/news/20201001/1822136.htm
         >>> 找到關鍵字 "安全"; 文章資訊: 2020-10-01 05:54:00, 7獅組隊捕食農莊10隻羊南非野生動物園出動直升機全數撲殺, https://www.ettoday.net/news/20201001/1822132.htm
         >>> 找到關鍵字 "安全"; 文章資訊: 2020-10-01 05:13:00, 美國會報告籲與台洽簽貿協允代表處以台灣命名, https://www.ettoday.net/news/20201001/1822127.htm
         >>> 找到關鍵字 "安全"; 文章資訊: 2020-10-01 03:58:00, 影中職觸殺踩壘順序不對統一獅錯失雙殺而輸球, https://www.ettoday.net/news/20201001/1822126.htm
         >>> 找到關鍵字 "安全"; 文章資訊: 2020-10-01 03:13:00, Uber外送員戲精上身超可愛勇者扮演釣出本人結局神展開, https://www.ettoday.net/news/20201001/1822123.htm
         >>> 找到關鍵字 "安全"; 文章資訊: 2020-10-01 02:35:00, 亞美尼亞與亞塞拜然交戰第4日兩國都拒絕國際調停, https://www.ettoday.net/news/20201001/1822118.htm
         >>> 找到關鍵字 "安全"; 文章資訊: 2020-10-01 02:14:00, 撞傷鬼切女三寶駕駛2原因獲無罪法官否則交通法規就是虛設, https://www.ettoday.net/news/20201001/1822114.htm
         >>> 找到關鍵字 "安全"; 文章資訊: 2020-09-30 23:26:00, 影陸8天長假料現報復性出遊上海外灘燈光秀搶先登場, https://www.ettoday.net/news/20200930/1822069.htm
         >>> 找到關鍵字 "安全"; 文章資訊: 2020-09-30 22:44:00, 堅持一中原則九二共識李克強堅決反對台獨分裂行徑, https://www.ettoday.net/news/20200930/1822051.htm
         >>> 找到關鍵字 "安全"; 文章資訊: 2020-09-30 21:28:00, 肉烤焦別吃4種常見一級致癌物恐怖曝光網友所愛超級毒, https://www.ettoday.net/news/20200930/1816056.htm
        ------------------------------------------------------
       >> 搜尋關鍵字:"槽車"; 網址:"https://www.ettoday.net/news_search/doSearch.php?keywords=槽車&idx=1&page=1"
         >>> 找到關鍵字 "槽車"; 文章資訊: 2020-09-30 21:48:00, 妻懷疑養小三宜蘭員警睡一半慘遭剪生殖器剪刀捅進膝蓋, https://www.ettoday.net/news/20200930/1822053.htm
         >>> 找到關鍵字 "槽車"; 文章資訊: 2020-09-30 11:20:00, 才到職半年槽車國道自撞爆炸駕駛慘死留2子老父悲兒很孝順, https://www.ettoday.net/news/20200930/1821423.htm
         >>> 找到關鍵字 "槽車"; 文章資訊: 2020-09-30 09:41:00, 國3196K槽車爆炸駕駛亡隔1小時國1同公里處火燒車烈焰沖天, https://www.ettoday.net/news/20200930/1821306.htm
         >>> 找到關鍵字 "槽車"; 文章資訊: 2020-09-30 09:08:00, 氫氣槽車國道失控墜20m高架多次爆炸駕駛骨折慘死, https://www.ettoday.net/news/20200930/1821256.htm
         <<< 2020-10-01 沒有更多 "槽車" 相關的新聞 !!! >>>
       >> 檔案輸出
        ------------------------------------------------------
      >> 下載新聞內容
      >> 下載 https://www.ettoday.net/news/20200930/1819989.htm, 買蛋黃酥只顧色澤嘉義環保局抽驗蛋鴨場防紅蛋黃流入市面
      >> 下載 https://www.ettoday.net/news/20200930/1819989.htm, 買蛋黃酥只顧色澤嘉義環保局抽驗蛋鴨場防紅蛋黃流入市面
      >> 下載 https://www.ettoday.net/news/20200930/1814461.htm, 誠信至上嘉義地檢署公共工程施工論壇產官學實務交流
      >> 下載 https://www.ettoday.net/news/20200930/1821830.htm, 嘉義長庚夜間災害演練加護病房模擬火水災等災害
      >> 下載 https://www.ettoday.net/news/20200930/1821895.htm, Checkin新竹人來風正式開幕蔡英文帶20國使團搶先體驗
      >> 下載 https://www.ettoday.net/news/20200930/1821777.htm, 抗議中央漠視桃園統籌補助款不公三黨議員齊聲拒當二等公民
      >> 下載 https://www.ettoday.net/news/20200930/1821648.htm, 快訊機捷旅客環北終站昏睡未下車疑心肌梗塞送醫不治
      >> 下載 https://www.ettoday.net/news/20200930/1821512.htm, 桃園消防局採購敵腐靈六氟靈全面配發化災防備添利器
      >> 下載 https://www.ettoday.net/news/20200930/1816056.htm, 肉烤焦別吃4種常見一級致癌物恐怖曝光網友所愛超級毒
      >> 下載 https://www.ettoday.net/news/20200930/1819989.htm, 買蛋黃酥只顧色澤嘉義環保局抽驗蛋鴨場防紅蛋黃流入市面
      >> 下載 https://www.ettoday.net/news/20200930/1821870.htm, 侯友宜首次挑戰購物專家王令麟力挺回饋東森農場金山地瓜秒殺500組
      >> 下載 https://www.ettoday.net/news/20200930/1821917.htm, 新北登革熱群聚擴大增4例五寮里筍園相關病例總計23人確診
      >> 下載 https://www.ettoday.net/news/20200930/1820652.htm, 18歲女高中生教師夢碎診斷出大腸癌4個月淚別心愛男友
      >> 下載 https://www.ettoday.net/news/20200930/1821512.htm, 桃園消防局採購敵腐靈六氟靈全面配發化災防備添利器
      >> 下載 https://www.ettoday.net/news/20200930/1821423.htm, 才到職半年槽車國道自撞爆炸駕駛慘死留2子老父悲兒很孝順
      >> 下載 https://www.ettoday.net/news/20200930/1819845.htm, 歐美5國熱銷高階乾糧品牌懶人包大公開就是要給毛小孩最好的
      >> 下載 https://www.ettoday.net/news/20200930/1821256.htm, 氫氣槽車國道失控墜20m高架多次爆炸駕駛骨折慘死
      >> 下載 https://www.ettoday.net/news/20200930/1820935.htm, 理財周刊國際銀行洗錢風暴歐美股暴跌
      >> 下載 https://www.ettoday.net/news/20200930/1821423.htm, 才到職半年槽車國道自撞爆炸駕駛慘死留2子老父悲兒很孝順
      >> 下載 https://www.ettoday.net/news/20200930/1821256.htm, 氫氣槽車國道失控墜20m高架多次爆炸駕駛骨折慘死
      >> 下載 https://www.ettoday.net/news/20200930/1816056.htm, 肉烤焦別吃4種常見一級致癌物恐怖曝光網友所愛超級毒
      >> 下載 https://www.ettoday.net/news/20200930/1819989.htm, 買蛋黃酥只顧色澤嘉義環保局抽驗蛋鴨場防紅蛋黃流入市面
      >> 下載 https://www.ettoday.net/news/20200930/1822010.htm, 台南統一獅棒賽法務部長蔡清祥親自開球反毒
      >> 下載 https://www.ettoday.net/news/20200930/1819851.htm, 趁連假幫毛孩全身SPA洗香香寵物雲人氣網購5大類清潔用品推薦
      >> 下載 https://www.ettoday.net/news/20200930/1821535.htm, 4個月前被認嚴重危害社會治安拒假釋詹龍欄蹲18年苦牢終出獄
      >> 下載 https://www.ettoday.net/news/20200930/1821380.htm, 遭4人打到肋骨斷塞後車廂逼關鐵籠衰男一天只准出來3次
      >> 下載 https://www.ettoday.net/news/20200930/1816056.htm, 肉烤焦別吃4種常見一級致癌物恐怖曝光網友所愛超級毒
      >> 下載 https://www.ettoday.net/news/20200930/1821462.htm, 高中女昏倒2天前吃減肥藥美魔女媽媽冤遭法辦真相大白
      >> 下載 https://www.ettoday.net/news/20200930/1821715.htm, 中秋烤肉小心癌風險國健署提9點注意別吃進致癌物
      >> 下載 https://www.ettoday.net/news/20200930/1819989.htm, 買蛋黃酥只顧色澤嘉義環保局抽驗蛋鴨場防紅蛋黃流入市面
      >> 下載 https://www.ettoday.net/news/20200930/1821287.htm, 好市多神款抹布出包一下水滲出黃汁染皮膚網驚從沒遇過
      >> 下載 https://www.ettoday.net/news/20200930/1816056.htm, 肉烤焦別吃4種常見一級致癌物恐怖曝光網友所愛超級毒
      >> 下載 https://www.ettoday.net/news/20200930/1819989.htm, 買蛋黃酥只顧色澤嘉義環保局抽驗蛋鴨場防紅蛋黃流入市面
      >> 下載 https://www.ettoday.net/news/20200930/1819851.htm, 趁連假幫毛孩全身SPA洗香香寵物雲人氣網購5大類清潔用品推薦
      >> 下載 https://www.ettoday.net/news/20200930/1822010.htm, 台南統一獅棒賽法務部長蔡清祥親自開球反毒
      >> 下載 https://www.ettoday.net/news/20200930/1821810.htm, 沙場老將的幸福結局海巡署長陳國恩退休後回歸家庭
      >> 下載 https://www.ettoday.net/news/20200930/1821477.htm, 辣妹空姐交友軟體遇毒蟲疫情害失業沒房為愛淪販毒車手
      >> 下載 https://www.ettoday.net/news/20200930/1821462.htm, 高中女昏倒2天前吃減肥藥美魔女媽媽冤遭法辦真相大白
      >> 下載 https://www.ettoday.net/news/20200930/1816056.htm, 肉烤焦別吃4種常見一級致癌物恐怖曝光網友所愛超級毒
      >> 下載 https://www.ettoday.net/news/20200930/1819989.htm, 買蛋黃酥只顧色澤嘉義環保局抽驗蛋鴨場防紅蛋黃流入市面
      >> 下載 https://www.ettoday.net/news/20200930/1820125.htm, 生氣就像慢性中毒孩子頂嘴爆炸性發洩3頭痛情緒父母必補救
      >> 下載 https://www.ettoday.net/news/20200930/1821649.htm, 萊豬換國際地位盧秀燕沒這種政治理論籲全民拒接受
      >> 下載 https://www.ettoday.net/news/20201001/1822090.htm, 中華醫大學生王禹璁蔡銘洋獲頒全國大專優秀青年獎
      >> 下載 https://www.ettoday.net/news/20200930/1819989.htm, 買蛋黃酥只顧色澤嘉義環保局抽驗蛋鴨場防紅蛋黃流入市面
      >> 找不到新聞內容，可能是新聞的格式不同所致。
      >> 下載 https://www.ettoday.net/news/20200930/1821870.htm, 侯友宜首次挑戰購物專家王令麟力挺回饋東森農場金山地瓜秒殺500組
      >> 下載 https://www.ettoday.net/news/20200930/1821861.htm, 陳時中稱防疫考量沒開食安會報葉元之代言觀光都不怕了
      >> 下載 https://www.ettoday.net/news/20200930/1821811.htm, 陳時中稱疫情未開食安會報羅智強批他不是去萬人演唱會嗎
      >> 下載 https://www.ettoday.net/news/20200930/1821726.htm, 單厚之江啟臣幫蔣萬安報仇蘇貞昌被問到答不上話
      >> 下載 https://www.ettoday.net/news/20200930/1821649.htm, 萊豬換國際地位盧秀燕沒這種政治理論籲全民拒接受
      >> 下載 https://www.ettoday.net/news/20200930/1821671.htm, 江啟臣105美台國防工業會議演講以實力換取和平以備戰來避戰
      >> 下載 https://www.ettoday.net/news/20200930/1821658.htm, 國民黨質疑沒開食安會報蘇貞昌美豬牛不在這個會報討論
      >> 下載 https://www.ettoday.net/news/20200930/1821358.htm, 羅智強控陳菊查300元政治獻金怒批怎不查陳明文300萬
      >> 下載 https://www.ettoday.net/news/20201001/1821967.htm, 星巴克黑貓戴南瓜面具扮吸血鬼比去年更Ｑ萬聖節系列此時開搶
      >> 下載 https://www.ettoday.net/news/20200930/1822006.htm, 正統伊善菜米其林泰式餐廳頌丹樂101開幕首7天滿千送200
      >> 下載 https://www.ettoday.net/news/20200930/1819989.htm, 買蛋黃酥只顧色澤嘉義環保局抽驗蛋鴨場防紅蛋黃流入市面
      >> 下載 https://www.ettoday.net/news/20200930/1821401.htm, 烤肉熱量排行營養師認證第1名70都油網秒傻買了一整包
      >> 下載 https://www.ettoday.net/news/20200930/1821725.htm, 南寶樹脂供貨商爆內鬼黑心業務低買高賣賺178萬檢警拘提6人
      >> 下載 https://www.ettoday.net/news/20200930/1821640.htm, 宋兆文七問蘇貞昌若都會區被轟炸大量死傷你要如何處置
      >> 下載 https://www.ettoday.net/news/20200930/1821586.htm, 口罩國家隊再出包正牌釩泰竟找地下廠代工百萬片黑心貨流市面
      >> 下載 https://www.ettoday.net/news/20200930/1819845.htm, 歐美5國熱銷高階乾糧品牌懶人包大公開就是要給毛小孩最好的
      >> 下載 https://www.ettoday.net/news/20200930/1803585.htm, 嘉義市深化食安作為加強肉品標示稽查及抽驗
      >> 下載 https://www.ettoday.net/news/20200930/1821358.htm, 羅智強控陳菊查300元政治獻金怒批怎不查陳明文300萬
      >> 下載 https://www.ettoday.net/news/20200930/1816056.htm, 肉烤焦別吃4種常見一級致癌物恐怖曝光網友所愛超級毒
      >> 下載 https://www.ettoday.net/news/20200930/1819845.htm, 歐美5國熱銷高階乾糧品牌懶人包大公開就是要給毛小孩最好的
      >> 下載 https://www.ettoday.net/news/20200930/1821790.htm, 運將撞傷鬼切女騎士判無罪法官否則交通規則如同虛設
      >> 下載 https://www.ettoday.net/news/20200930/1821725.htm, 南寶樹脂供貨商爆內鬼黑心業務低買高賣賺178萬檢警拘提6人
      >> 下載 https://www.ettoday.net/news/20200930/1821657.htm, 辱正妹直播主百人斬統神哥國動判拘30天還得登道歉啟事
      >> 下載 https://www.ettoday.net/news/20200930/1821586.htm, 口罩國家隊再出包正牌釩泰竟找地下廠代工百萬片黑心貨流市面
      >> 下載 https://www.ettoday.net/news/20200930/1821287.htm, 好市多神款抹布出包一下水滲出黃汁染皮膚網驚從沒遇過
      >> 下載 https://www.ettoday.net/news/20200930/1822053.htm, 妻懷疑養小三宜蘭員警睡一半慘遭剪生殖器剪刀捅進膝蓋
      >> 下載 https://www.ettoday.net/news/20200930/1822007.htm, 唱紅女權主義名曲傳奇歌手海倫瑞迪逝世享壽78歲
      >> 下載 https://www.ettoday.net/news/20200930/1820125.htm, 生氣就像慢性中毒孩子頂嘴爆炸性發洩3頭痛情緒父母必補救
      >> 下載 https://www.ettoday.net/news/20200930/1821975.htm, 川普唇戰拜登太荒謬鄉民狂TAG美國隊長拜託出來選總統
      >> 下載 https://www.ettoday.net/news/20200930/1821915.htm, 快訊巴黎區傳巨大爆炸聲警秒出面澄清是戰機飛過
      >> 下載 https://www.ettoday.net/news/20200930/1821913.htm, 獨台中檳榔大媽黑白摸被抓包秒吐紅汁高中儀隊正妹回應了
      >> 下載 https://www.ettoday.net/news/20200930/1821821.htm, 生活大爆炸謝爾頓確診新冠肺炎老公也中鏢味覺全喪失
      >> 下載 https://www.ettoday.net/news/20200930/1821817.htm, 彰化泡棉廠陷火海目擊者聽爆炸聲嚇壞起火前見電線掉落
      >> 下載 https://www.ettoday.net/news/20200930/1821722.htm, 快訊彰化社頭變電箱疑爆炸下秒陷火海濃煙竄天警消急灌救
      >> 下載 https://www.ettoday.net/news/20200930/1815920.htm, 炒蟹排骨酥湯無限嗑台南超狂牛排吃到飽雞腿排咬下噴汁
      >> 下載 https://www.ettoday.net/news/20201001/1820591.htm, 富人都住哪新北最富里藏新店山間守備森嚴進出山路全名車
      >> 下載 https://www.ettoday.net/news/20200930/1822044.htm, 有感弱勢學童人數不減反增蔡淑惠10年來整合資源中秋持續送暖
      >> 下載 https://www.ettoday.net/news/20200930/1822012.htm, 湧言會18成員傾巢而出趙天麟阮昭雄林楚茵強攻社群
      >> 下載 https://www.ettoday.net/news/20200930/1822010.htm, 台南統一獅棒賽法務部長蔡清祥親自開球反毒
      >> 下載 https://www.ettoday.net/news/20200930/1821588.htm, 高雄警局搭迷因炫風吉卜力梗圖說故事地檢署傷人案長這樣
      >> 下載 https://www.ettoday.net/news/20200930/1821768.htm, 高市眷村變身新興重劃區再加一鄰近1字頭軍宅鍍金有望
      >> 下載 https://www.ettoday.net/news/20200930/1821796.htm, 鴻海科技日重磅技術登場預告EV平台發表會
      >> 下載 https://www.ettoday.net/news/20200930/1821517.htm, 水岸生態溫泉莊園一橋之隔即抵台北
      >> 下載 https://www.ettoday.net/news/20200930/1821304.htm, 李沃牆美總統大選辯論登場經濟議題成攻防主軸
      >> 下載 https://www.ettoday.net/news/20201001/1532883.htm, 中秋5地雷烤肉月餅和柚子來者不拒小心鬧肚子還可能食物中毒
      >> 下載 https://www.ettoday.net/news/20200930/1821610.htm, 買禮盒不是買包裝中秋送禮一多三少包裝過頭小心被罰
      >> 下載 https://www.ettoday.net/news/20200930/1821505.htm, 中秋節髒空氣籠罩中南部一張圖看4天連假空品變化
      >> 下載 https://www.ettoday.net/news/20200930/1820616.htm, 韓妞人人必備的神級B5精華登台超強保濕力每6秒賣出一罐
      >> 下載 https://www.ettoday.net/news/20200930/1821864.htm, 洗鍋水噴到奶瓶廚房準妯娌大戰開打小叔勸架傻眼只想吃泡麵
      >> 下載 https://www.ettoday.net/news/20200930/1821771.htm, 趁疫情搞定羅東夜市攤商污水接管宜縣府獲奧斯卡級金擘獎
      >> 下載 https://www.ettoday.net/news/20200930/1821402.htm, 股市禿鷹案更三審前金管會檢查局長李進誠獲輕判6月
      >> 下載 https://www.ettoday.net/news/20200930/1821208.htm, 蔡依林組蔡幫定下2宗旨瘋傳男星洩漏聚會行蹤慘遭逐出
      >> 下載 https://www.ettoday.net/news/20201001/1822136.htm, 王爺警示鹿港順義宮公告這2節氣間注意行車安全庚子年有大變動
      >> 下載 https://www.ettoday.net/news/20201001/1822132.htm, 7獅組隊捕食農莊10隻羊南非野生動物園出動直升機全數撲殺
      >> 下載 https://www.ettoday.net/news/20201001/1822127.htm, 美國會報告籲與台洽簽貿協允代表處以台灣命名
      >> 下載 https://www.ettoday.net/news/20201001/1822126.htm, 影中職觸殺踩壘順序不對統一獅錯失雙殺而輸球
      >> 下載 https://www.ettoday.net/news/20201001/1822123.htm, Uber外送員戲精上身超可愛勇者扮演釣出本人結局神展開
      >> 下載 https://www.ettoday.net/news/20201001/1822118.htm, 亞美尼亞與亞塞拜然交戰第4日兩國都拒絕國際調停
      >> 下載 https://www.ettoday.net/news/20201001/1822114.htm, 撞傷鬼切女三寶駕駛2原因獲無罪法官否則交通法規就是虛設
      >> 下載 https://www.ettoday.net/news/20200930/1822069.htm, 影陸8天長假料現報復性出遊上海外灘燈光秀搶先登場
      >> 下載 https://www.ettoday.net/news/20200930/1822051.htm, 堅持一中原則九二共識李克強堅決反對台獨分裂行徑
      >> 下載 https://www.ettoday.net/news/20200930/1816056.htm, 肉烤焦別吃4種常見一級致癌物恐怖曝光網友所愛超級毒
      >> 下載 https://www.ettoday.net/news/20200930/1822053.htm, 妻懷疑養小三宜蘭員警睡一半慘遭剪生殖器剪刀捅進膝蓋
      >> 下載 https://www.ettoday.net/news/20200930/1821423.htm, 才到職半年槽車國道自撞爆炸駕駛慘死留2子老父悲兒很孝順
      >> 下載 https://www.ettoday.net/news/20200930/1821306.htm, 國3196K槽車爆炸駕駛亡隔1小時國1同公里處火燒車烈焰沖天
      >> 下載 https://www.ettoday.net/news/20200930/1821256.htm, 氫氣槽車國道失控墜20m高架多次爆炸駕駛骨折慘死
