     -----> 新聞爬蟲：中央通訊社

           <<< 中央通訊社新聞搜尋 >>>
  ------------------------------------------------------
  ------------------------------------------------------
    >> 搜尋關鍵字:"工業用"; 網址:"https://www.cna.com.tw/search/hysearchws.aspx?q=工業用"
         >>> 找到關鍵字 "工業用"; 文章資訊: 2020-10-01 16:50:00, 10月天然氣價格不調整桶裝瓦斯一桶漲8元202010011650, https://www.cna.com.tw/news/ahel/202010010184.aspx
         <<< 2020-10-02 沒有更多 "工業用" 相關的新聞 !!! >>>
  ------------------------------------------------------
    >> 搜尋關鍵字:"化工"; 網址:"https://www.cna.com.tw/search/hysearchws.aspx?q=化工"
         >>> 找到關鍵字 "化工"; 文章資訊: 2020-10-02 01:05:00, 英法股市收盤小漲德股遭拜耳拖累收跌202010020105, https://www.cna.com.tw/news/afe/202010020002.aspx
         >>> 找到關鍵字 "化工"; 文章資訊: 2020-10-01 12:24:00, 研究中資收購歐洲企業背後常有政府影子202010011224, https://www.cna.com.tw/news/aopl/202010010093.aspx
         <<< 2020-10-02 沒有更多 "化工" 相關的新聞 !!! >>>
  ------------------------------------------------------
    >> 搜尋關鍵字:"化災"; 網址:"https://www.cna.com.tw/search/hysearchws.aspx?q=化災"
         <<< 2020-10-02 沒有更多 "化災" 相關的新聞 !!! >>>
  ------------------------------------------------------
    >> 搜尋關鍵字:"化學"; 網址:"https://www.cna.com.tw/search/hysearchws.aspx?q=化學"
         >>> 找到關鍵字 "化學"; 文章資訊: 2020-10-01 17:24:00, 三峽五寮里登革熱群聚再增2例累計25人確診202010011724, https://www.cna.com.tw/news/ahel/202010010195.aspx
         <<< 2020-10-02 沒有更多 "化學" 相關的新聞 !!! >>>
  ------------------------------------------------------
    >> 搜尋關鍵字:"外洩"; 網址:"https://www.cna.com.tw/search/hysearchws.aspx?q=外洩"
         <<< 2020-10-02 沒有更多 "外洩" 相關的新聞 !!! >>>
  ------------------------------------------------------
    >> 搜尋關鍵字:"危害"; 網址:"https://www.cna.com.tw/search/hysearchws.aspx?q=危害"
         >>> 找到關鍵字 "危害"; 文章資訊: 2020-10-01 17:12:00, 港人十一示威高喊口號警方舉旗警告違國安法202010011712, https://www.cna.com.tw/news/acn/202010010191.aspx
         >>> 找到關鍵字 "危害"; 文章資訊: 2020-10-01 16:45:00, 誤傷台灣黑熊頻傳保育協會籲改進套索管理使用202010011645, https://www.cna.com.tw/news/ahel/202010010181.aspx
         >>> 找到關鍵字 "危害"; 文章資訊: 2020-10-01 14:53:00, 毒品摻咖啡包宅配到府高雄警破獲集團逮5藥頭202010011453, https://www.cna.com.tw/news/asoc/202010010151.aspx
         >>> 找到關鍵字 "危害"; 文章資訊: 2020-10-01 15:08:00, 美國防長訪突尼西亞簽10年軍事合作協議202010011508, https://www.cna.com.tw/news/aopl/202010010154.aspx
         <<< 2020-10-02 沒有更多 "危害" 相關的新聞 !!! >>>
  ------------------------------------------------------
    >> 搜尋關鍵字:"有毒"; 網址:"https://www.cna.com.tw/search/hysearchws.aspx?q=有毒"
         <<< 2020-10-02 沒有更多 "有毒" 相關的新聞 !!! >>>
  ------------------------------------------------------
    >> 搜尋關鍵字:"有害"; 網址:"https://www.cna.com.tw/search/hysearchws.aspx?q=有害"
         <<< 2020-10-02 沒有更多 "有害" 相關的新聞 !!! >>>
  ------------------------------------------------------
    >> 搜尋關鍵字:"色料"; 網址:"https://www.cna.com.tw/search/hysearchws.aspx?q=色料"
         <<< 2020-10-02 沒有更多 "色料" 相關的新聞 !!! >>>
  ------------------------------------------------------
    >> 搜尋關鍵字:"色素"; 網址:"https://www.cna.com.tw/search/hysearchws.aspx?q=色素"
         <<< 2020-10-02 沒有更多 "色素" 相關的新聞 !!! >>>
  ------------------------------------------------------
    >> 搜尋關鍵字:"毒性"; 網址:"https://www.cna.com.tw/search/hysearchws.aspx?q=毒性"
         <<< 2020-10-02 沒有更多 "毒性" 相關的新聞 !!! >>>
  ------------------------------------------------------
    >> 搜尋關鍵字:"毒品"; 網址:"https://www.cna.com.tw/search/hysearchws.aspx?q=毒品"
         >>> 找到關鍵字 "毒品"; 文章資訊: 2020-10-01 14:53:00, 毒品摻咖啡包宅配到府高雄警破獲集團逮5藥頭202010011453, https://www.cna.com.tw/news/asoc/202010010151.aspx
         <<< 2020-10-02 沒有更多 "毒品" 相關的新聞 !!! >>>
  ------------------------------------------------------
    >> 搜尋關鍵字:"致癌"; 網址:"https://www.cna.com.tw/search/hysearchws.aspx?q=致癌"
         <<< 2020-10-02 沒有更多 "致癌" 相關的新聞 !!! >>>
  ------------------------------------------------------
    >> 搜尋關鍵字:"重金屬"; 網址:"https://www.cna.com.tw/search/hysearchws.aspx?q=重金屬"
         <<< 2020-10-02 沒有更多 "重金屬" 相關的新聞 !!! >>>
  ------------------------------------------------------
    >> 搜尋關鍵字:"食安"; 網址:"https://www.cna.com.tw/search/hysearchws.aspx?q=食安"
         >>> 找到關鍵字 "食安"; 文章資訊: 2020-10-01 11:38:00, 農田水利署揭牌首任署長蔡昇甫揭3大任務202010011138, https://www.cna.com.tw/news/firstnews/202010010073.aspx
         <<< 2020-10-02 沒有更多 "食安" 相關的新聞 !!! >>>
  ------------------------------------------------------
    >> 搜尋關鍵字:"香料"; 網址:"https://www.cna.com.tw/search/hysearchws.aspx?q=香料"
         >>> 找到關鍵字 "香料"; 文章資訊: 2020-10-01 13:17:00, 中秋烤肉聰明減油教育部提醒學子4飲食策略202010011317, https://www.cna.com.tw/news/ahel/202010010113.aspx
         <<< 2020-10-02 沒有更多 "香料" 相關的新聞 !!! >>>
  ------------------------------------------------------
    >> 搜尋關鍵字:"原料"; 網址:"https://www.cna.com.tw/search/hysearchws.aspx?q=原料"
         <<< 2020-10-02 沒有更多 "原料" 相關的新聞 !!! >>>
  ------------------------------------------------------
    >> 搜尋關鍵字:"氣爆"; 網址:"https://www.cna.com.tw/search/hysearchws.aspx?q=氣爆"
         <<< 2020-10-02 沒有更多 "氣爆" 相關的新聞 !!! >>>
  ------------------------------------------------------
    >> 搜尋關鍵字:"添加物"; 網址:"https://www.cna.com.tw/search/hysearchws.aspx?q=添加物"
         <<< 2020-10-02 沒有更多 "添加物" 相關的新聞 !!! >>>
  ------------------------------------------------------
    >> 搜尋關鍵字:"黑心"; 網址:"https://www.cna.com.tw/search/hysearchws.aspx?q=黑心"
         >>> 找到關鍵字 "黑心"; 文章資訊: 2020-10-01 16:46:00, 委託代工口罩觸法釩泰負責人哽咽致歉不熟法令202010011646, https://www.cna.com.tw/news/firstnews/202010010182.aspx
         <<< 2020-10-02 沒有更多 "黑心" 相關的新聞 !!! >>>
  ------------------------------------------------------
    >> 搜尋關鍵字:"漂白"; 網址:"https://www.cna.com.tw/search/hysearchws.aspx?q=漂白"
         <<< 2020-10-02 沒有更多 "漂白" 相關的新聞 !!! >>>
  ------------------------------------------------------
    >> 搜尋關鍵字:"爆炸"; 網址:"https://www.cna.com.tw/search/hysearchws.aspx?q=爆炸"
         >>> 找到關鍵字 "爆炸"; 文章資訊: 2020-10-01 18:06:00, 烈嶼華南汽水廠重生丸樂世界蛻變成文創基地202010011806, https://www.cna.com.tw/news/acul/202010010219.aspx
         <<< 2020-10-02 沒有更多 "爆炸" 相關的新聞 !!! >>>
  ------------------------------------------------------
    >> 搜尋關鍵字:"新興"; 網址:"https://www.cna.com.tw/search/hysearchws.aspx?q=新興"
         >>> 找到關鍵字 "新興"; 文章資訊: 2020-10-01 21:41:00, 美封殺TikTok歐洲卻照瘋英國挪威尤甚202010012141, https://www.cna.com.tw/news/aopl/202010010265.aspx
         >>> 找到關鍵字 "新興"; 文章資訊: 2020-10-01 13:06:00, 東京證交所系統異常首度全天停盤名古屋福岡札幌也停止交易202010011306, https://www.cna.com.tw/news/firstnews/202010010108.aspx
         >>> 找到關鍵字 "新興"; 文章資訊: 2020-10-01 13:26:00, 化合物半導體具戰略性業者台灣供應鏈待串聯202010011326, https://www.cna.com.tw/news/afe/202010010116.aspx
         >>> 找到關鍵字 "新興"; 文章資訊: 2020-10-01 11:29:00, 飛車衝破廣告看板墜草叢女駕駛幸運毫髮無傷202010011129, https://www.cna.com.tw/news/asoc/202010010071.aspx
         >>> 找到關鍵字 "新興"; 文章資訊: 2020-10-01 10:59:00, 東京福岡等4證交所停擺逾2小時搶修中3700日企受影響202010011059, https://www.cna.com.tw/news/firstnews/202010010051.aspx
         >>> 找到關鍵字 "新興"; 文章資訊: 2020-10-01 10:42:00, 招商論壇7日登場美商記憶體大廠擬加碼台灣202010011042, https://www.cna.com.tw/news/afe/202010010049.aspx
         <<< 2020-10-02 沒有更多 "新興" 相關的新聞 !!! >>>
  ------------------------------------------------------
    >> 搜尋關鍵字:"爆裂物"; 網址:"https://www.cna.com.tw/search/hysearchws.aspx?q=爆裂物"
         <<< 2020-10-02 沒有更多 "爆裂物" 相關的新聞 !!! >>>
  ------------------------------------------------------
    >> 搜尋關鍵字:"IED"; 網址:"https://www.cna.com.tw/search/hysearchws.aspx?q=IED"
         <<< 2020-10-02 沒有更多 "IED" 相關的新聞 !!! >>>
  ------------------------------------------------------
    >> 搜尋關鍵字:"排放"; 網址:"https://www.cna.com.tw/search/hysearchws.aspx?q=排放"
         <<< 2020-10-02 沒有更多 "排放" 相關的新聞 !!! >>>
  ------------------------------------------------------
    >> 搜尋關鍵字:"污染"; 網址:"https://www.cna.com.tw/search/hysearchws.aspx?q=污染"
         >>> 找到關鍵字 "污染"; 文章資訊: 2020-10-01 15:03:00, 環團與藝術家跨界合作盼留泥土地味道給未來202010011503, https://www.cna.com.tw/news/ahel/202010010153.aspx
         >>> 找到關鍵字 "污染"; 文章資訊: 2020-10-01 11:38:00, 農田水利署揭牌首任署長蔡昇甫揭3大任務202010011138, https://www.cna.com.tw/news/firstnews/202010010073.aspx
         <<< 2020-10-02 沒有更多 "污染" 相關的新聞 !!! >>>
  ------------------------------------------------------
    >> 搜尋關鍵字:"廢水"; 網址:"https://www.cna.com.tw/search/hysearchws.aspx?q=廢水"
         <<< 2020-10-02 沒有更多 "廢水" 相關的新聞 !!! >>>
  ------------------------------------------------------
    >> 搜尋關鍵字:"污水"; 網址:"https://www.cna.com.tw/search/hysearchws.aspx?q=污水"
         <<< 2020-10-02 沒有更多 "污水" 相關的新聞 !!! >>>
  ------------------------------------------------------
    >> 搜尋關鍵字:"洩漏"; 網址:"https://www.cna.com.tw/search/hysearchws.aspx?q=洩漏"
         <<< 2020-10-02 沒有更多 "洩漏" 相關的新聞 !!! >>>
  ------------------------------------------------------
    >> 搜尋關鍵字:"暗管"; 網址:"https://www.cna.com.tw/search/hysearchws.aspx?q=暗管"
         <<< 2020-10-02 沒有更多 "暗管" 相關的新聞 !!! >>>
  ------------------------------------------------------
    >> 搜尋關鍵字:"偷排"; 網址:"https://www.cna.com.tw/search/hysearchws.aspx?q=偷排"
         <<< 2020-10-02 沒有更多 "偷排" 相關的新聞 !!! >>>
  ------------------------------------------------------
    >> 搜尋關鍵字:"安全"; 網址:"https://www.cna.com.tw/search/hysearchws.aspx?q=安全"
         >>> 找到關鍵字 "安全"; 文章資訊: 2020-10-02 04:58:00, 半數美參議員致函貿易代表籲啟動美台BTA談判202010020458, https://www.cna.com.tw/news/firstnews/202010020006.aspx
         >>> 找到關鍵字 "安全"; 文章資訊: 2020-10-02 03:31:00, 反對川普連任56名共和黨前國安官員為拜登背書202010020331, https://www.cna.com.tw/news/aopl/202010020005.aspx
         >>> 找到關鍵字 "安全"; 文章資訊: 2020-10-02 01:50:00, 美眾院外委會通過法案供在美港人臨時保護身分202010020150, https://www.cna.com.tw/news/firstnews/202010020003.aspx
         >>> 找到關鍵字 "安全"; 文章資訊: 2020-10-01 23:34:00, 美神秘大數據公司帕蘭泰爾上市市值飆6000多億202010012334, https://www.cna.com.tw/news/aopl/202010010285.aspx
         >>> 找到關鍵字 "安全"; 文章資訊: 2020-10-01 22:55:00, 印度再傳女子遭性侵喪命警方指欠證據202010012255, https://www.cna.com.tw/news/aopl/202010010279.aspx
         >>> 找到關鍵字 "安全"; 文章資訊: 2020-10-01 22:54:00, 香港反送中街頭示威重現獅子山頭燈光再起202010012254, https://www.cna.com.tw/news/acn/202010010278.aspx
         >>> 找到關鍵字 "安全"; 文章資訊: 2020-10-01 22:07:00, 野柳夜訪女王頭爆人潮遊客氣到報警202010012207, https://www.cna.com.tw/news/aloc/202010010272.aspx
         >>> 找到關鍵字 "安全"; 文章資訊: 2020-10-01 22:38:00, 川普要失望了莫德納稱疫苗無法在選前備妥待用202010012238, https://www.cna.com.tw/news/aopl/202010010277.aspx
         >>> 找到關鍵字 "安全"; 文章資訊: 2020-10-01 17:51:00, 疫情衝擊中國鮭魚市場業者寄望黃金週促消費202010011751, https://www.cna.com.tw/news/acn/202010010213.aspx
         >>> 找到關鍵字 "安全"; 文章資訊: 2020-10-01 19:26:00, 香港十一再現反送中示威近70人被捕影202010011926, https://www.cna.com.tw/news/firstnews/202010010243.aspx
         >>> 找到關鍵字 "安全"; 文章資訊: 2020-10-01 21:47:00, 指英國違反脫歐誠信條款歐盟即將提告202010012147, https://www.cna.com.tw/news/aopl/202010010266.aspx
         >>> 找到關鍵字 "安全"; 文章資訊: 2020-10-01 18:10:00, 台灣黑熊又誤觸陷阱黑熊媽媽發起1人1信護生存202010011810, https://www.cna.com.tw/news/firstnews/202010010221.aspx
         >>> 找到關鍵字 "安全"; 文章資訊: 2020-10-01 19:39:00, 亞塞拜然矢志解放失土外高加索衝突恐軍事解決影202010011939, https://www.cna.com.tw/news/firstnews/202010010248.aspx
         >>> 找到關鍵字 "安全"; 文章資訊: 2020-10-01 21:02:00, TikTok攜手法新社查證事實遏止假消息散播202010012102, https://www.cna.com.tw/news/aopl/202010010260.aspx
         >>> 找到關鍵字 "安全"; 文章資訊: 2020-10-01 17:12:00, 港人十一示威高喊口號警方舉旗警告違國安法202010011712, https://www.cna.com.tw/news/acn/202010010191.aspx
         >>> 找到關鍵字 "安全"; 文章資訊: 2020-10-01 19:23:00, 下個賽季別再重返泡泡了NBA總裁盼回歸正常202010011923, https://www.cna.com.tw/news/aspt/202010010241.aspx
         >>> 找到關鍵字 "安全"; 文章資訊: 2020-10-01 16:40:00, 中秋遊覽金瓜石九份警方將視流量交通管制202010011640, https://www.cna.com.tw/news/aloc/202010010180.aspx
         >>> 找到關鍵字 "安全"; 文章資訊: 2020-10-01 13:14:00, 切麥克風或砍發言時間美選辯論擬改規則防亂鬥202010011314, https://www.cna.com.tw/news/aopl/202010010111.aspx
         >>> 找到關鍵字 "安全"; 文章資訊: 2020-10-01 16:16:00, 藏台連線金門發聲最近距離抗議中國霸凌202010011616, https://www.cna.com.tw/news/aipl/202010010176.aspx
         >>> 找到關鍵字 "安全"; 文章資訊: 2020-10-01 16:02:00, 蓬佩奧籲教廷對北京堅定中使館必遭風暴202010011602, https://www.cna.com.tw/news/aopl/202010010174.aspx
         >>> 找到關鍵字 "安全"; 文章資訊: 2020-10-01 15:21:00, 山友體力不支掉隊失聯南投警消尋獲6人無恙202010011521, https://www.cna.com.tw/news/asoc/202010010159.aspx
         >>> 找到關鍵字 "安全"; 文章資訊: 2020-10-01 15:08:00, 美國防長訪突尼西亞簽10年軍事合作協議202010011508, https://www.cna.com.tw/news/aopl/202010010154.aspx
         >>> 找到關鍵字 "安全"; 文章資訊: 2020-10-01 14:30:00, 海巡署長陳國恩退休臉書貼感謝文告別202010011430, https://www.cna.com.tw/news/aipl/202010010141.aspx
         >>> 找到關鍵字 "安全"; 文章資訊: 2020-10-01 14:13:00, 美國會支持駐美代表處更名外交部積極聯繫202010011413, https://www.cna.com.tw/news/aipl/202010010130.aspx
         >>> 找到關鍵字 "安全"; 文章資訊: 2020-10-01 14:23:00, 染疫人數遽增加拿大延長外國旅客入境限制202010011423, https://www.cna.com.tw/news/aopl/202010010137.aspx
         >>> 找到關鍵字 "安全"; 文章資訊: 2020-10-01 13:27:00, MLB取得許可國聯冠軍戰世界大賽開放萬名觀眾入場202010011327, https://www.cna.com.tw/news/firstnews/202010010118.aspx
         >>> 找到關鍵字 "安全"; 文章資訊: 2020-10-01 12:25:00, 勸導預防勝於取締高市警有效降低死亡車禍202010011225, https://www.cna.com.tw/news/aloc/202010010094.aspx
         >>> 找到關鍵字 "安全"; 文章資訊: 2020-10-01 11:38:00, 農田水利署揭牌首任署長蔡昇甫揭3大任務202010011138, https://www.cna.com.tw/news/firstnews/202010010073.aspx
         >>> 找到關鍵字 "安全"; 文章資訊: 2020-10-01 11:44:00, 共軍頻頻侵擾台灣空軍飛行架次時數增20202010011144, https://www.cna.com.tw/news/aipl/202010010077.aspx
         >>> 找到關鍵字 "安全"; 文章資訊: 2020-10-01 11:56:00, 柯文哲台海開打很危險但不能擺出我怕你202010011156, https://www.cna.com.tw/news/aipl/202010010081.aspx
         >>> 找到關鍵字 "安全"; 文章資訊: 2020-10-01 11:29:00, 飛車衝破廣告看板墜草叢女駕駛幸運毫髮無傷202010011129, https://www.cna.com.tw/news/asoc/202010010071.aspx
         >>> 找到關鍵字 "安全"; 文章資訊: 2020-10-01 12:24:00, 研究中資收購歐洲企業背後常有政府影子202010011224, https://www.cna.com.tw/news/aopl/202010010093.aspx
         >>> 找到關鍵字 "安全"; 文章資訊: 2020-10-01 12:07:00, 路口大執法取締18萬件闖紅燈及紅燈右轉最多202010011207, https://www.cna.com.tw/news/ahel/202010010088.aspx
         >>> 找到關鍵字 "安全"; 文章資訊: 2020-10-01 11:58:00, 40萬中國學生在美白宮官員稱僅1涉安全風險202010011158, https://www.cna.com.tw/news/aopl/202010010082.aspx
         >>> 找到關鍵字 "安全"; 文章資訊: 2020-10-01 11:33:00, 中國干預威脅增加澳洲聯邦警察增聘中文探員202010011133, https://www.cna.com.tw/news/aopl/202010010072.aspx
         >>> 找到關鍵字 "安全"; 文章資訊: 2020-10-01 10:25:00, 中秋連假展開徐國勇慰勞值勤鐵路警察202010011025, https://www.cna.com.tw/news/asoc/202010010043.aspx
         >>> 找到關鍵字 "安全"; 文章資訊: 2020-10-01 07:54:00, 武漢肺炎全球最新情報101202010010754, https://www.cna.com.tw/news/firstnews/202010010015.aspx
         >>> 找到關鍵字 "安全"; 文章資訊: 2020-10-01 11:17:00, 聯大峰會發言巴西總統將環境犯罪歸咎NGO202010011117, https://www.cna.com.tw/news/aopl/202010010056.aspx
         >>> 找到關鍵字 "安全"; 文章資訊: 2020-10-01 10:59:00, 香港特首將堅定維護國家安全202010011059, https://www.cna.com.tw/news/acn/202010010050.aspx
         <<< 2020-10-02 沒有更多 "安全" 相關的新聞 !!! >>>
  ------------------------------------------------------
    >> 搜尋關鍵字:"槽車"; 網址:"https://www.cna.com.tw/search/hysearchws.aspx?q=槽車"
         <<< 2020-10-02 沒有更多 "槽車" 相關的新聞 !!! >>>
       >> 檔案輸出
        ------------------------------------------------------
      >> 下載新聞內容
      >> 下載 https://www.cna.com.tw/news/ahel/202010010184.aspx, 10月天然氣價格不調整桶裝瓦斯一桶漲8元202010011650
      >> 下載 https://www.cna.com.tw/news/afe/202010020002.aspx, 英法股市收盤小漲德股遭拜耳拖累收跌202010020105
      >> 下載 https://www.cna.com.tw/news/aopl/202010010093.aspx, 研究中資收購歐洲企業背後常有政府影子202010011224
      >> 下載 https://www.cna.com.tw/news/ahel/202010010195.aspx, 三峽五寮里登革熱群聚再增2例累計25人確診202010011724
      >> 下載 https://www.cna.com.tw/news/acn/202010010191.aspx, 港人十一示威高喊口號警方舉旗警告違國安法202010011712
      >> 下載 https://www.cna.com.tw/news/ahel/202010010181.aspx, 誤傷台灣黑熊頻傳保育協會籲改進套索管理使用202010011645
      >> 下載 https://www.cna.com.tw/news/asoc/202010010151.aspx, 毒品摻咖啡包宅配到府高雄警破獲集團逮5藥頭202010011453
      >> 下載 https://www.cna.com.tw/news/aopl/202010010154.aspx, 美國防長訪突尼西亞簽10年軍事合作協議202010011508
      >> 下載 https://www.cna.com.tw/news/asoc/202010010151.aspx, 毒品摻咖啡包宅配到府高雄警破獲集團逮5藥頭202010011453
      >> 下載 https://www.cna.com.tw/news/firstnews/202010010073.aspx, 農田水利署揭牌首任署長蔡昇甫揭3大任務202010011138
      >> 下載 https://www.cna.com.tw/news/ahel/202010010113.aspx, 中秋烤肉聰明減油教育部提醒學子4飲食策略202010011317
      >> 下載 https://www.cna.com.tw/news/firstnews/202010010182.aspx, 委託代工口罩觸法釩泰負責人哽咽致歉不熟法令202010011646
      >> 下載 https://www.cna.com.tw/news/acul/202010010219.aspx, 烈嶼華南汽水廠重生丸樂世界蛻變成文創基地202010011806
      >> 下載 https://www.cna.com.tw/news/aopl/202010010265.aspx, 美封殺TikTok歐洲卻照瘋英國挪威尤甚202010012141
      >> 下載 https://www.cna.com.tw/news/firstnews/202010010108.aspx, 東京證交所系統異常首度全天停盤名古屋福岡札幌也停止交易202010011306
      >> 下載 https://www.cna.com.tw/news/afe/202010010116.aspx, 化合物半導體具戰略性業者台灣供應鏈待串聯202010011326
      >> 下載 https://www.cna.com.tw/news/asoc/202010010071.aspx, 飛車衝破廣告看板墜草叢女駕駛幸運毫髮無傷202010011129
      >> 下載 https://www.cna.com.tw/news/firstnews/202010010051.aspx, 東京福岡等4證交所停擺逾2小時搶修中3700日企受影響202010011059
      >> 下載 https://www.cna.com.tw/news/afe/202010010049.aspx, 招商論壇7日登場美商記憶體大廠擬加碼台灣202010011042
      >> 下載 https://www.cna.com.tw/news/ahel/202010010153.aspx, 環團與藝術家跨界合作盼留泥土地味道給未來202010011503
      >> 下載 https://www.cna.com.tw/news/firstnews/202010010073.aspx, 農田水利署揭牌首任署長蔡昇甫揭3大任務202010011138
      >> 下載 https://www.cna.com.tw/news/firstnews/202010020006.aspx, 半數美參議員致函貿易代表籲啟動美台BTA談判202010020458
      >> 下載 https://www.cna.com.tw/news/aopl/202010020005.aspx, 反對川普連任56名共和黨前國安官員為拜登背書202010020331
      >> 下載 https://www.cna.com.tw/news/firstnews/202010020003.aspx, 美眾院外委會通過法案供在美港人臨時保護身分202010020150
      >> 下載 https://www.cna.com.tw/news/aopl/202010010285.aspx, 美神秘大數據公司帕蘭泰爾上市市值飆6000多億202010012334
      >> 下載 https://www.cna.com.tw/news/aopl/202010010279.aspx, 印度再傳女子遭性侵喪命警方指欠證據202010012255
      >> 下載 https://www.cna.com.tw/news/acn/202010010278.aspx, 香港反送中街頭示威重現獅子山頭燈光再起202010012254
      >> 下載 https://www.cna.com.tw/news/aloc/202010010272.aspx, 野柳夜訪女王頭爆人潮遊客氣到報警202010012207
      >> 下載 https://www.cna.com.tw/news/aopl/202010010277.aspx, 川普要失望了莫德納稱疫苗無法在選前備妥待用202010012238
      >> 下載 https://www.cna.com.tw/news/acn/202010010213.aspx, 疫情衝擊中國鮭魚市場業者寄望黃金週促消費202010011751
      >> 下載 https://www.cna.com.tw/news/firstnews/202010010243.aspx, 香港十一再現反送中示威近70人被捕影202010011926
      >> 下載 https://www.cna.com.tw/news/aopl/202010010266.aspx, 指英國違反脫歐誠信條款歐盟即將提告202010012147
      >> 下載 https://www.cna.com.tw/news/firstnews/202010010221.aspx, 台灣黑熊又誤觸陷阱黑熊媽媽發起1人1信護生存202010011810
      >> 下載 https://www.cna.com.tw/news/firstnews/202010010248.aspx, 亞塞拜然矢志解放失土外高加索衝突恐軍事解決影202010011939
      >> 下載 https://www.cna.com.tw/news/aopl/202010010260.aspx, TikTok攜手法新社查證事實遏止假消息散播202010012102
      >> 下載 https://www.cna.com.tw/news/acn/202010010191.aspx, 港人十一示威高喊口號警方舉旗警告違國安法202010011712
      >> 下載 https://www.cna.com.tw/news/aspt/202010010241.aspx, 下個賽季別再重返泡泡了NBA總裁盼回歸正常202010011923
      >> 下載 https://www.cna.com.tw/news/aloc/202010010180.aspx, 中秋遊覽金瓜石九份警方將視流量交通管制202010011640
      >> 下載 https://www.cna.com.tw/news/aopl/202010010111.aspx, 切麥克風或砍發言時間美選辯論擬改規則防亂鬥202010011314
      >> 下載 https://www.cna.com.tw/news/aipl/202010010176.aspx, 藏台連線金門發聲最近距離抗議中國霸凌202010011616
      >> 下載 https://www.cna.com.tw/news/aopl/202010010174.aspx, 蓬佩奧籲教廷對北京堅定中使館必遭風暴202010011602
      >> 下載 https://www.cna.com.tw/news/asoc/202010010159.aspx, 山友體力不支掉隊失聯南投警消尋獲6人無恙202010011521
      >> 下載 https://www.cna.com.tw/news/aopl/202010010154.aspx, 美國防長訪突尼西亞簽10年軍事合作協議202010011508
      >> 下載 https://www.cna.com.tw/news/aipl/202010010141.aspx, 海巡署長陳國恩退休臉書貼感謝文告別202010011430
      >> 下載 https://www.cna.com.tw/news/aipl/202010010130.aspx, 美國會支持駐美代表處更名外交部積極聯繫202010011413
      >> 下載 https://www.cna.com.tw/news/aopl/202010010137.aspx, 染疫人數遽增加拿大延長外國旅客入境限制202010011423
      >> 下載 https://www.cna.com.tw/news/firstnews/202010010118.aspx, MLB取得許可國聯冠軍戰世界大賽開放萬名觀眾入場202010011327
      >> 下載 https://www.cna.com.tw/news/aloc/202010010094.aspx, 勸導預防勝於取締高市警有效降低死亡車禍202010011225
      >> 下載 https://www.cna.com.tw/news/firstnews/202010010073.aspx, 農田水利署揭牌首任署長蔡昇甫揭3大任務202010011138
      >> 下載 https://www.cna.com.tw/news/aipl/202010010077.aspx, 共軍頻頻侵擾台灣空軍飛行架次時數增20202010011144
      >> 下載 https://www.cna.com.tw/news/aipl/202010010081.aspx, 柯文哲台海開打很危險但不能擺出我怕你202010011156
      >> 下載 https://www.cna.com.tw/news/asoc/202010010071.aspx, 飛車衝破廣告看板墜草叢女駕駛幸運毫髮無傷202010011129
      >> 下載 https://www.cna.com.tw/news/aopl/202010010093.aspx, 研究中資收購歐洲企業背後常有政府影子202010011224
      >> 下載 https://www.cna.com.tw/news/ahel/202010010088.aspx, 路口大執法取締18萬件闖紅燈及紅燈右轉最多202010011207
      >> 下載 https://www.cna.com.tw/news/aopl/202010010082.aspx, 40萬中國學生在美白宮官員稱僅1涉安全風險202010011158
      >> 下載 https://www.cna.com.tw/news/aopl/202010010072.aspx, 中國干預威脅增加澳洲聯邦警察增聘中文探員202010011133
      >> 下載 https://www.cna.com.tw/news/asoc/202010010043.aspx, 中秋連假展開徐國勇慰勞值勤鐵路警察202010011025
      >> 下載 https://www.cna.com.tw/news/firstnews/202010010015.aspx, 武漢肺炎全球最新情報101202010010754
      >> 下載 https://www.cna.com.tw/news/aopl/202010010056.aspx, 聯大峰會發言巴西總統將環境犯罪歸咎NGO202010011117
      >> 下載 https://www.cna.com.tw/news/acn/202010010050.aspx, 香港特首將堅定維護國家安全202010011059
