     -----> 新聞爬蟲：東森新聞報

           <<< 東森新聞報新聞搜尋 >>>
        ------------------------------------------------------
        ------------------------------------------------------
       >> 搜尋關鍵字:"工業用"; 網址:"https://www.ettoday.net/news_search/doSearch.php?keywords=工業用&idx=1&page=1"
         <<< 2020-10-07 沒有更多 "工業用" 相關的新聞 !!! >>>
        ------------------------------------------------------
       >> 搜尋關鍵字:"化工"; 網址:"https://www.ettoday.net/news_search/doSearch.php?keywords=化工&idx=1&page=1"
         >>> 找到關鍵字 "化工"; 文章資訊: 2020-10-06 12:21:00, 第三期前瞻2300億舉債支應741億城鄉建設最大宗, https://www.ettoday.net/news/20201006/1825381.htm
         <<< 2020-10-07 沒有更多 "化工" 相關的新聞 !!! >>>
        ------------------------------------------------------
       >> 搜尋關鍵字:"化災"; 網址:"https://www.ettoday.net/news_search/doSearch.php?keywords=化災&idx=1&page=1"
         <<< 2020-10-07 沒有更多 "化災" 相關的新聞 !!! >>>
        ------------------------------------------------------
       >> 搜尋關鍵字:"化學"; 網址:"https://www.ettoday.net/news_search/doSearch.php?keywords=化學&idx=1&page=1"
         >>> 找到關鍵字 "化學"; 文章資訊: 2020-10-06 18:05:00, 快訊諾貝爾物理學獎揭曉英德美3學者研究黑洞共享殊榮, https://www.ettoday.net/news/20201006/1825228.htm
         >>> 找到關鍵字 "化學"; 文章資訊: 2020-10-06 11:54:00, 諾貝爾物理學獎今揭曉最多3名得主再引熱議量子力學呼聲高, https://www.ettoday.net/news/20201006/1825146.htm
         >>> 找到關鍵字 "化學"; 文章資訊: 2020-10-06 10:59:00, 國民黨提案學校幼兒園禁用美豬遭封殺怒轟民進黨暗渡瘦肉精, https://www.ettoday.net/news/20201006/1825284.htm
         >>> 找到關鍵字 "化學"; 文章資訊: 2020-10-06 09:52:00, 中芯禁令衝擊秒懂TrendForce8吋晶圓代工供不應求漲價到2021年, https://www.ettoday.net/news/20201006/1825210.htm
         <<< 2020-10-07 沒有更多 "化學" 相關的新聞 !!! >>>
        ------------------------------------------------------
       >> 搜尋關鍵字:"外洩"; 網址:"https://www.ettoday.net/news_search/doSearch.php?keywords=外洩&idx=1&page=1"
         >>> 找到關鍵字 "外洩"; 文章資訊: 2020-10-06 21:16:00, 宮廟氣爆燒死2老1少幽靈瓦斯桶釀禍沒人須負責, https://www.ettoday.net/news/20201006/1825838.htm
         >>> 找到關鍵字 "外洩"; 文章資訊: 2020-10-06 19:12:00, 南韓議員大嘴巴曝公務員案細節害情蒐技術全外洩軍方傻眼, https://www.ettoday.net/news/20201006/1825681.htm
         >>> 找到關鍵字 "外洩"; 文章資訊: 2020-10-06 17:42:00, 快訊汐止中興路飄濃厚瓦斯味消防局拉封鎖線急call工程人員, https://www.ettoday.net/news/20201006/1825721.htm
         <<< 2020-10-07 沒有更多 "外洩" 相關的新聞 !!! >>>
        ------------------------------------------------------
       >> 搜尋關鍵字:"危害"; 網址:"https://www.ettoday.net/news_search/doSearch.php?keywords=危害&idx=1&page=1"
         >>> 找到關鍵字 "危害"; 文章資訊: 2020-10-06 22:36:00, 防止山豬吊危害台灣黑熊林務局強推廣電網僅設精準式陷阱, https://www.ettoday.net/news/20201006/1825872.htm
         >>> 找到關鍵字 "危害"; 文章資訊: 2020-10-06 15:30:00, 妻躲進房鎖門恐怖人夫雙刀插門傳訊恐嚇下場曝, https://www.ettoday.net/news/20201006/1825546.htm
         >>> 找到關鍵字 "危害"; 文章資訊: 2020-10-06 14:52:00, 鄭明典PO圖卡門渦旋出現了氣象局解釋成因對建築物有危害, https://www.ettoday.net/news/20201006/1825512.htm
         >>> 找到關鍵字 "危害"; 文章資訊: 2020-10-06 11:58:00, 幼托禁瘦肉精遭否決民團怒批6綠委是投票部隊, https://www.ettoday.net/news/20201006/1825344.htm
         >>> 找到關鍵字 "危害"; 文章資訊: 2020-10-06 11:55:00, 陳國祥川普傲慢面對病毒減損美國政府抗疫能力, https://www.ettoday.net/news/20201006/1825320.htm
         >>> 找到關鍵字 "危害"; 文章資訊: 2020-10-06 11:51:00, 惡龍張錫銘聲請假釋12次遭駁提行政訴訟移交台南地院, https://www.ettoday.net/news/20201006/1825346.htm
         >>> 找到關鍵字 "危害"; 文章資訊: 2020-10-06 10:59:00, 國民黨提案學校幼兒園禁用美豬遭封殺怒轟民進黨暗渡瘦肉精, https://www.ettoday.net/news/20201006/1825284.htm
         >>> 找到關鍵字 "危害"; 文章資訊: 2020-10-06 07:42:00, 剁下媽媽頭丟窗外桃園逆子弒母37刀下周將獲釋高院急開庭押人, https://www.ettoday.net/news/20201006/1825106.htm
         <<< 2020-10-07 沒有更多 "危害" 相關的新聞 !!! >>>
        ------------------------------------------------------
       >> 搜尋關鍵字:"有毒"; 網址:"https://www.ettoday.net/news_search/doSearch.php?keywords=有毒&idx=1&page=1"
         <<< 2020-10-07 沒有更多 "有毒" 相關的新聞 !!! >>>
        ------------------------------------------------------
       >> 搜尋關鍵字:"有害"; 網址:"https://www.ettoday.net/news_search/doSearch.php?keywords=有害&idx=1&page=1"
         >>> 找到關鍵字 "有害"; 文章資訊: 2020-10-06 18:33:00, 瑪奇回奶了手遊廣告特寫動漫女角胸部晃動3電視台挨罰, https://www.ettoday.net/news/20201006/1825759.htm
         >>> 找到關鍵字 "有害"; 文章資訊: 2020-10-06 10:56:00, 苦苓川普染疫對台灣有何影響, https://www.ettoday.net/news/20201006/1825254.htm
         <<< 2020-10-07 沒有更多 "有害" 相關的新聞 !!! >>>
        ------------------------------------------------------
       >> 搜尋關鍵字:"色料"; 網址:"https://www.ettoday.net/news_search/doSearch.php?keywords=色料&idx=1&page=1"
         <<< 2020-10-07 沒有更多 "色料" 相關的新聞 !!! >>>
        ------------------------------------------------------
       >> 搜尋關鍵字:"色素"; 網址:"https://www.ettoday.net/news_search/doSearch.php?keywords=色素&idx=1&page=1"
         <<< 2020-10-07 沒有更多 "色素" 相關的新聞 !!! >>>
        ------------------------------------------------------
       >> 搜尋關鍵字:"毒性"; 網址:"https://www.ettoday.net/news_search/doSearch.php?keywords=毒性&idx=1&page=1"
         <<< 2020-10-07 沒有更多 "毒性" 相關的新聞 !!! >>>
        ------------------------------------------------------
       >> 搜尋關鍵字:"毒品"; 網址:"https://www.ettoday.net/news_search/doSearch.php?keywords=毒品&idx=1&page=1"
         >>> 找到關鍵字 "毒品"; 文章資訊: 2020-10-06 19:11:00, 行刑手身藏17顆子彈曝殯葬少東遭爆頭瀕腦死傷心妻擬大愛器捐, https://www.ettoday.net/news/20201006/1825767.htm
         >>> 找到關鍵字 "毒品"; 文章資訊: 2020-10-06 17:49:00, 南投看守所管理員險遭挾持矯正署處置得宜迅速弭平, https://www.ettoday.net/news/20201006/1825734.htm
         >>> 找到關鍵字 "毒品"; 文章資訊: 2020-10-06 15:50:00, 大毒梟躲追捕30年來多次削骨整容母見面淚喊你還活著嗎, https://www.ettoday.net/news/20201006/1825443.htm
         >>> 找到關鍵字 "毒品"; 文章資訊: 2020-10-06 15:12:00, 割頸畫面曝南投看守所2男越獄互毆誘管理員尖筷抵喉挾持, https://www.ettoday.net/news/20201006/1825511.htm
         >>> 找到關鍵字 "毒品"; 文章資訊: 2020-10-06 11:35:00, 台南版N號房噁男扮大姊姊誘10童自慰開直播猥褻友人女兒自拍, https://www.ettoday.net/news/20201006/1825322.htm
         <<< 2020-10-07 沒有更多 "毒品" 相關的新聞 !!! >>>
        ------------------------------------------------------
       >> 搜尋關鍵字:"致癌"; 網址:"https://www.ettoday.net/news_search/doSearch.php?keywords=致癌&idx=1&page=1"
         <<< 2020-10-07 沒有更多 "致癌" 相關的新聞 !!! >>>
        ------------------------------------------------------
       >> 搜尋關鍵字:"重金屬"; 網址:"https://www.ettoday.net/news_search/doSearch.php?keywords=重金屬&idx=1&page=1"
         >>> 找到關鍵字 "重金屬"; 文章資訊: 2020-10-07 06:03:00, 快訊咽喉癌病逝美國傳奇搖滾吉他手艾迪范海倫享年65歲, https://www.ettoday.net/news/20201007/1825934.htm
         <<< 2020-10-07 沒有更多 "重金屬" 相關的新聞 !!! >>>
        ------------------------------------------------------
       >> 搜尋關鍵字:"食安"; 網址:"https://www.ettoday.net/news_search/doSearch.php?keywords=食安&idx=1&page=1"
         >>> 找到關鍵字 "食安"; 文章資訊: 2020-10-06 20:07:00, 大里阿伯來買比雅久發票中千萬創紀錄車行店員羨慕忌妒恨, https://www.ettoday.net/news/20201006/1825802.htm
         >>> 找到關鍵字 "食安"; 文章資訊: 2020-10-06 17:23:00, 國中生吃團膳便當蒸蛋嘔出7cm塑膠條老師竟當玩笑不通報, https://www.ettoday.net/news/20201006/1825696.htm
         >>> 找到關鍵字 "食安"; 文章資訊: 2020-10-06 16:33:00, 李貴敏挺羅智強批陳菊領軍監察院東廠精神淋漓盡致, https://www.ettoday.net/news/20201006/1825632.htm
         >>> 找到關鍵字 "食安"; 文章資訊: 2020-10-06 14:08:00, 中市獨居男多日未出現鄰居聞屍臭味胞姊找警察驚見孤獨死, https://www.ettoday.net/news/20201006/1825454.htm
         >>> 找到關鍵字 "食安"; 文章資訊: 2020-10-06 11:58:00, 幼托禁瘦肉精遭否決民團怒批6綠委是投票部隊, https://www.ettoday.net/news/20201006/1825344.htm
         >>> 找到關鍵字 "食安"; 文章資訊: 2020-10-06 11:24:00, 染疫或食物中毒12印尼學生2人仍留院二採陰即可出院, https://www.ettoday.net/news/20201006/1825303.htm
         >>> 找到關鍵字 "食安"; 文章資訊: 2020-10-06 10:59:00, 國民黨提案學校幼兒園禁用美豬遭封殺怒轟民進黨暗渡瘦肉精, https://www.ettoday.net/news/20201006/1825284.htm
         <<< 2020-10-07 沒有更多 "食安" 相關的新聞 !!! >>>
        ------------------------------------------------------
       >> 搜尋關鍵字:"香料"; 網址:"https://www.ettoday.net/news_search/doSearch.php?keywords=香料&idx=1&page=1"
         >>> 找到關鍵字 "香料"; 文章資訊: 2020-10-06 17:09:00, 咖啡控新選擇超商也喝得到植物奶拿鐵了每一口都有豆奶香, https://www.ettoday.net/news/20201006/1825614.htm
         >>> 找到關鍵字 "香料"; 文章資訊: 2020-10-06 16:03:00, 網傳3個方法延長香水香氣原來吃什麼大有關係, https://www.ettoday.net/news/20201006/1825070.htm
         >>> 找到關鍵字 "香料"; 文章資訊: 2020-10-06 08:03:00, 天熱久戴安全帽會悶壞頭皮這些NG行為你正在做嗎, https://www.ettoday.net/news/20201006/1798672.htm
         <<< 2020-10-07 沒有更多 "香料" 相關的新聞 !!! >>>
        ------------------------------------------------------
       >> 搜尋關鍵字:"原料"; 網址:"https://www.ettoday.net/news_search/doSearch.php?keywords=原料&idx=1&page=1"
         >>> 找到關鍵字 "原料"; 文章資訊: 2020-10-07 00:57:00, 國家級榮譽加持東森自然美獲玉山獎傑出企業最佳產品獎, https://www.ettoday.net/news/20201007/1825905.htm
         >>> 找到關鍵字 "原料"; 文章資訊: 2020-10-06 07:01:00, 加料手搖飲明年起標示總熱量總糖量業者措手不及但配合, https://www.ettoday.net/news/20201006/1824957.htm
         <<< 2020-10-07 沒有更多 "原料" 相關的新聞 !!! >>>
        ------------------------------------------------------
       >> 搜尋關鍵字:"氣爆"; 網址:"https://www.ettoday.net/news_search/doSearch.php?keywords=氣爆&idx=1&page=1"
         >>> 找到關鍵字 "氣爆"; 文章資訊: 2020-10-07 06:46:00, 不是小廢包2020爆款迷你包TOP7總評這幾咖值得投資, https://www.ettoday.net/news/20201007/1821926.htm
         >>> 找到關鍵字 "氣爆"; 文章資訊: 2020-10-06 21:16:00, 宮廟氣爆燒死2老1少幽靈瓦斯桶釀禍沒人須負責, https://www.ettoday.net/news/20201006/1825838.htm
         >>> 找到關鍵字 "氣爆"; 文章資訊: 2020-10-06 16:53:00, 低利率吸自住客買房西屯逢甲商圈由租轉買客明顯增加, https://www.ettoday.net/news/20201006/1825317.htm
         <<< 2020-10-07 沒有更多 "氣爆" 相關的新聞 !!! >>>
        ------------------------------------------------------
       >> 搜尋關鍵字:"添加物"; 網址:"https://www.ettoday.net/news_search/doSearch.php?keywords=添加物&idx=1&page=1"
         <<< 2020-10-07 沒有更多 "添加物" 相關的新聞 !!! >>>
        ------------------------------------------------------
       >> 搜尋關鍵字:"黑心"; 網址:"https://www.ettoday.net/news_search/doSearch.php?keywords=黑心&idx=1&page=1"
         <<< 2020-10-07 沒有更多 "黑心" 相關的新聞 !!! >>>
        ------------------------------------------------------
       >> 搜尋關鍵字:"漂白"; 網址:"https://www.ettoday.net/news_search/doSearch.php?keywords=漂白&idx=1&page=1"
         >>> 找到關鍵字 "漂白"; 文章資訊: 2020-10-06 13:14:00, 洗澡被玩具噴到水2歲兒變火紅兔眼眼白恐怖凸出差點失明, https://www.ettoday.net/news/20201006/1825244.htm
         <<< 2020-10-07 沒有更多 "漂白" 相關的新聞 !!! >>>
        ------------------------------------------------------
       >> 搜尋關鍵字:"爆炸"; 網址:"https://www.ettoday.net/news_search/doSearch.php?keywords=爆炸&idx=1&page=1"
         >>> 找到關鍵字 "爆炸"; 文章資訊: 2020-10-06 21:16:00, 宮廟氣爆燒死2老1少幽靈瓦斯桶釀禍沒人須負責, https://www.ettoday.net/news/20201006/1825838.htm
         >>> 找到關鍵字 "爆炸"; 文章資訊: 2020-10-06 15:30:00, 妻躲進房鎖門恐怖人夫雙刀插門傳訊恐嚇下場曝, https://www.ettoday.net/news/20201006/1825546.htm
         >>> 找到關鍵字 "爆炸"; 文章資訊: 2020-10-06 15:07:00, 宋兆文聯合水雷作戰可大幅提升防衛戰力, https://www.ettoday.net/news/20201006/1825468.htm
         >>> 找到關鍵字 "爆炸"; 文章資訊: 2020-10-06 11:43:00, 阿聯酋航空運送160噸救援物資至貝魯特台灣是主要捐贈者之一, https://www.ettoday.net/news/20201006/1825339.htm
         <<< 2020-10-07 沒有更多 "爆炸" 相關的新聞 !!! >>>
        ------------------------------------------------------
       >> 搜尋關鍵字:"新興"; 網址:"https://www.ettoday.net/news_search/doSearch.php?keywords=新興&idx=1&page=1"
         >>> 找到關鍵字 "新興"; 文章資訊: 2020-10-07 05:42:00, 昌鴻估今轉中颱周五大轉彎定格外海2天災害預報士吐擔憂, https://www.ettoday.net/news/20201007/1825927.htm
         >>> 找到關鍵字 "新興"; 文章資訊: 2020-10-06 20:03:00, 快訊高雄救護車搶命挨撞側門被撞出大凹陷車上1男隊員受傷送醫, https://www.ettoday.net/news/20201006/1825813.htm
         >>> 找到關鍵字 "新興"; 文章資訊: 2020-10-06 19:38:00, 超前佈署北台5大重劃區新校跟著夯僅1區房價倒退嚕, https://www.ettoday.net/news/20201006/1824393.htm
         >>> 找到關鍵字 "新興"; 文章資訊: 2020-10-06 14:48:00, 北富銀ATM網銀將停機48小時籌備5年系統升級但信用卡可照常使用, https://www.ettoday.net/news/20201006/1825477.htm
         >>> 找到關鍵字 "新興"; 文章資訊: 2020-10-06 12:21:00, 第三期前瞻2300億舉債支應741億城鄉建設最大宗, https://www.ettoday.net/news/20201006/1825381.htm
         <<< 2020-10-07 沒有更多 "新興" 相關的新聞 !!! >>>
        ------------------------------------------------------
       >> 搜尋關鍵字:"爆裂物"; 網址:"https://www.ettoday.net/news_search/doSearch.php?keywords=爆裂物&idx=1&page=1"
         <<< 2020-10-07 沒有更多 "爆裂物" 相關的新聞 !!! >>>
        ------------------------------------------------------
       >> 搜尋關鍵字:"IED"; 網址:"https://www.ettoday.net/news_search/doSearch.php?keywords=IED&idx=1&page=1"
         <<< 2020-10-07 沒有更多 "IED" 相關的新聞 !!! >>>
        ------------------------------------------------------
       >> 搜尋關鍵字:"排放"; 網址:"https://www.ettoday.net/news_search/doSearch.php?keywords=排放&idx=1&page=1"
         >>> 找到關鍵字 "排放"; 文章資訊: 2020-10-06 19:05:00, 車頭造型帥炸全新美式長頭重型卡車瘦身150公斤更強壯, https://www.ettoday.net/news/20201006/1825423.htm
         >>> 找到關鍵字 "排放"; 文章資訊: 2020-10-06 09:05:00, 養藍寶堅尼跟Bugatti太燒錢福斯計畫縮減集團品牌, https://www.ettoday.net/news/20201006/1824815.htm
         <<< 2020-10-07 沒有更多 "排放" 相關的新聞 !!! >>>
        ------------------------------------------------------
       >> 搜尋關鍵字:"污染"; 網址:"https://www.ettoday.net/news_search/doSearch.php?keywords=污染&idx=1&page=1"
         >>> 找到關鍵字 "污染"; 文章資訊: 2020-10-06 20:25:00, 不動產亂貼廣告台中市府開罰6萬元, https://www.ettoday.net/news/20201006/1825827.htm
         >>> 找到關鍵字 "污染"; 文章資訊: 2020-10-06 15:20:00, 冷空氣報到氣喘患者做好3件事防發作避免刺激呼吸道, https://www.ettoday.net/news/20201006/1825540.htm
         >>> 找到關鍵字 "污染"; 文章資訊: 2020-10-06 14:26:00, 拿10年藥酒招待客人爸驚見藥材變超人力霸王兒一旁裝無辜, https://www.ettoday.net/news/20201006/1825483.htm
         >>> 找到關鍵字 "污染"; 文章資訊: 2020-10-06 13:36:00, 民生社區旁建污水處理廠里長民眾竟全不知王鴻薇到底怕什麼, https://www.ettoday.net/news/20201006/1825325.htm
         <<< 2020-10-07 沒有更多 "污染" 相關的新聞 !!! >>>
        ------------------------------------------------------
       >> 搜尋關鍵字:"廢水"; 網址:"https://www.ettoday.net/news_search/doSearch.php?keywords=廢水&idx=1&page=1"
         >>> 找到關鍵字 "廢水"; 文章資訊: 2020-10-06 18:09:00, 國人平均壽命80歲日勝生三芝不老莊園可租可買年底公開, https://www.ettoday.net/news/20201006/1825589.htm
         <<< 2020-10-07 沒有更多 "廢水" 相關的新聞 !!! >>>
        ------------------------------------------------------
       >> 搜尋關鍵字:"污水"; 網址:"https://www.ettoday.net/news_search/doSearch.php?keywords=污水&idx=1&page=1"
         >>> 找到關鍵字 "污水"; 文章資訊: 2020-10-06 18:09:00, 國人平均壽命80歲日勝生三芝不老莊園可租可買年底公開, https://www.ettoday.net/news/20201006/1825589.htm
         >>> 找到關鍵字 "污水"; 文章資訊: 2020-10-06 13:36:00, 民生社區旁建污水處理廠里長民眾竟全不知王鴻薇到底怕什麼, https://www.ettoday.net/news/20201006/1825325.htm
         >>> 找到關鍵字 "污水"; 文章資訊: 2020-10-06 12:41:00, 營建署將採土地分級管理加速東港大鵬灣開發, https://www.ettoday.net/news/20201006/1825341.htm
         <<< 2020-10-07 沒有更多 "污水" 相關的新聞 !!! >>>
        ------------------------------------------------------
       >> 搜尋關鍵字:"洩漏"; 網址:"https://www.ettoday.net/news_search/doSearch.php?keywords=洩漏&idx=1&page=1"
         >>> 找到關鍵字 "洩漏"; 文章資訊: 2020-10-06 21:16:00, 宮廟氣爆燒死2老1少幽靈瓦斯桶釀禍沒人須負責, https://www.ettoday.net/news/20201006/1825838.htm
         >>> 找到關鍵字 "洩漏"; 文章資訊: 2020-10-06 20:20:00, 快訊高雄岡山住宅起大火烈焰濃煙隔鐵門狂竄9車19人灌救, https://www.ettoday.net/news/20201006/1825825.htm
         >>> 找到關鍵字 "洩漏"; 文章資訊: 2020-10-06 19:12:00, 南韓議員大嘴巴曝公務員案細節害情蒐技術全外洩軍方傻眼, https://www.ettoday.net/news/20201006/1825681.htm
         >>> 找到關鍵字 "洩漏"; 文章資訊: 2020-10-06 17:55:00, 羅巧倫暴瘦凍卵不斷扎針自拍驚見皮包骨很想好好活著, https://www.ettoday.net/news/20201006/1825735.htm
         >>> 找到關鍵字 "洩漏"; 文章資訊: 2020-10-06 17:42:00, 快訊汐止中興路飄濃厚瓦斯味消防局拉封鎖線急call工程人員, https://www.ettoday.net/news/20201006/1825721.htm
         <<< 2020-10-07 沒有更多 "洩漏" 相關的新聞 !!! >>>
        ------------------------------------------------------
       >> 搜尋關鍵字:"暗管"; 網址:"https://www.ettoday.net/news_search/doSearch.php?keywords=暗管&idx=1&page=1"
         <<< 2020-10-07 沒有更多 "暗管" 相關的新聞 !!! >>>
        ------------------------------------------------------
       >> 搜尋關鍵字:"偷排"; 網址:"https://www.ettoday.net/news_search/doSearch.php?keywords=偷排&idx=1&page=1"
         >>> 找到關鍵字 "偷排"; 文章資訊: 2020-10-06 13:36:00, 民生社區旁建污水處理廠里長民眾竟全不知王鴻薇到底怕什麼, https://www.ettoday.net/news/20201006/1825325.htm
         <<< 2020-10-07 沒有更多 "偷排" 相關的新聞 !!! >>>
        ------------------------------------------------------
       >> 搜尋關鍵字:"安全"; 網址:"https://www.ettoday.net/news_search/doSearch.php?keywords=安全&idx=1&page=1"
         >>> 找到關鍵字 "安全"; 文章資訊: 2020-10-07 07:03:00, 長時間午睡與身體發炎有關歐洲心臟學會超過1小時恐增致命風險, https://www.ettoday.net/news/20201007/1799179.htm
         >>> 找到關鍵字 "安全"; 文章資訊: 2020-10-07 06:12:00, 兩岸開戰美軍幫台灣他曝美國不會管原因在國會親耳聽到, https://www.ettoday.net/news/20201007/1825935.htm
         >>> 找到關鍵字 "安全"; 文章資訊: 2020-10-07 05:42:00, 昌鴻估今轉中颱周五大轉彎定格外海2天災害預報士吐擔憂, https://www.ettoday.net/news/20201007/1825927.htm
         >>> 找到關鍵字 "安全"; 文章資訊: 2020-10-07 00:36:00, 如果中國攻打台灣蓬佩奧美國會設法緩和區域緊張, https://www.ettoday.net/news/20201007/1825909.htm
         >>> 找到關鍵字 "安全"; 文章資訊: 2020-10-06 23:42:00, 川普推特稱感覺超級棒期待15日到邁阿密參加辯論, https://www.ettoday.net/news/20201006/1825890.htm
         >>> 找到關鍵字 "安全"; 文章資訊: 2020-10-06 23:09:00, 路人打招呼千萬別回全台第一陰屍路在陽明山3件事不准做, https://www.ettoday.net/news/20201006/1825880.htm
         >>> 找到關鍵字 "安全"; 文章資訊: 2020-10-06 22:18:00, 新莊河濱公園新景點逾1千坪彩虹直排輪場108對外開放, https://www.ettoday.net/news/20201006/1825867.htm
         >>> 找到關鍵字 "安全"; 文章資訊: 2020-10-06 21:58:00, Smart智富用7法則極大化獲利風險比, https://www.ettoday.net/news/20201006/1825844.htm
         >>> 找到關鍵字 "安全"; 文章資訊: 2020-10-06 21:34:00, 洛杉磯時報台灣若想阻止中國侵略先解決以當兵為恥的問題, https://www.ettoday.net/news/20201006/1825795.htm
         >>> 找到關鍵字 "安全"; 文章資訊: 2020-10-06 21:33:00, GoogleWorkspace提供全新體驗多項功能一次看, https://www.ettoday.net/news/20201006/1825853.htm
        ------------------------------------------------------
       >> 搜尋關鍵字:"槽車"; 網址:"https://www.ettoday.net/news_search/doSearch.php?keywords=槽車&idx=1&page=1"
         <<< 2020-10-07 沒有更多 "槽車" 相關的新聞 !!! >>>
       >> 檔案輸出
        ------------------------------------------------------
      >> 下載新聞內容
      >> 下載 https://www.ettoday.net/news/20201006/1825381.htm, 第三期前瞻2300億舉債支應741億城鄉建設最大宗
      >> 下載 https://www.ettoday.net/news/20201006/1825228.htm, 快訊諾貝爾物理學獎揭曉英德美3學者研究黑洞共享殊榮
      >> 下載 https://www.ettoday.net/news/20201006/1825146.htm, 諾貝爾物理學獎今揭曉最多3名得主再引熱議量子力學呼聲高
      >> 下載 https://www.ettoday.net/news/20201006/1825284.htm, 國民黨提案學校幼兒園禁用美豬遭封殺怒轟民進黨暗渡瘦肉精
      >> 下載 https://www.ettoday.net/news/20201006/1825210.htm, 中芯禁令衝擊秒懂TrendForce8吋晶圓代工供不應求漲價到2021年
      >> 下載 https://www.ettoday.net/news/20201006/1825838.htm, 宮廟氣爆燒死2老1少幽靈瓦斯桶釀禍沒人須負責
      >> 下載 https://www.ettoday.net/news/20201006/1825681.htm, 南韓議員大嘴巴曝公務員案細節害情蒐技術全外洩軍方傻眼
      >> 下載 https://www.ettoday.net/news/20201006/1825721.htm, 快訊汐止中興路飄濃厚瓦斯味消防局拉封鎖線急call工程人員
      >> 下載 https://www.ettoday.net/news/20201006/1825872.htm, 防止山豬吊危害台灣黑熊林務局強推廣電網僅設精準式陷阱
      >> 下載 https://www.ettoday.net/news/20201006/1825546.htm, 妻躲進房鎖門恐怖人夫雙刀插門傳訊恐嚇下場曝
      >> 下載 https://www.ettoday.net/news/20201006/1825512.htm, 鄭明典PO圖卡門渦旋出現了氣象局解釋成因對建築物有危害
      >> 下載 https://www.ettoday.net/news/20201006/1825344.htm, 幼托禁瘦肉精遭否決民團怒批6綠委是投票部隊
      >> 下載 https://www.ettoday.net/news/20201006/1825320.htm, 陳國祥川普傲慢面對病毒減損美國政府抗疫能力
      >> 下載 https://www.ettoday.net/news/20201006/1825346.htm, 惡龍張錫銘聲請假釋12次遭駁提行政訴訟移交台南地院
      >> 下載 https://www.ettoday.net/news/20201006/1825284.htm, 國民黨提案學校幼兒園禁用美豬遭封殺怒轟民進黨暗渡瘦肉精
      >> 下載 https://www.ettoday.net/news/20201006/1825106.htm, 剁下媽媽頭丟窗外桃園逆子弒母37刀下周將獲釋高院急開庭押人
      >> 下載 https://www.ettoday.net/news/20201006/1825759.htm, 瑪奇回奶了手遊廣告特寫動漫女角胸部晃動3電視台挨罰
      >> 下載 https://www.ettoday.net/news/20201006/1825254.htm, 苦苓川普染疫對台灣有何影響
      >> 下載 https://www.ettoday.net/news/20201006/1825767.htm, 行刑手身藏17顆子彈曝殯葬少東遭爆頭瀕腦死傷心妻擬大愛器捐
      >> 下載 https://www.ettoday.net/news/20201006/1825734.htm, 南投看守所管理員險遭挾持矯正署處置得宜迅速弭平
      >> 下載 https://www.ettoday.net/news/20201006/1825443.htm, 大毒梟躲追捕30年來多次削骨整容母見面淚喊你還活著嗎
      >> 下載 https://www.ettoday.net/news/20201006/1825511.htm, 割頸畫面曝南投看守所2男越獄互毆誘管理員尖筷抵喉挾持
      >> 下載 https://www.ettoday.net/news/20201006/1825322.htm, 台南版N號房噁男扮大姊姊誘10童自慰開直播猥褻友人女兒自拍
      >> 下載 https://www.ettoday.net/news/20201007/1825934.htm, 快訊咽喉癌病逝美國傳奇搖滾吉他手艾迪范海倫享年65歲
      >> 下載 https://www.ettoday.net/news/20201006/1825802.htm, 大里阿伯來買比雅久發票中千萬創紀錄車行店員羨慕忌妒恨
      >> 下載 https://www.ettoday.net/news/20201006/1825696.htm, 國中生吃團膳便當蒸蛋嘔出7cm塑膠條老師竟當玩笑不通報
      >> 下載 https://www.ettoday.net/news/20201006/1825632.htm, 李貴敏挺羅智強批陳菊領軍監察院東廠精神淋漓盡致
      >> 下載 https://www.ettoday.net/news/20201006/1825454.htm, 中市獨居男多日未出現鄰居聞屍臭味胞姊找警察驚見孤獨死
      >> 下載 https://www.ettoday.net/news/20201006/1825344.htm, 幼托禁瘦肉精遭否決民團怒批6綠委是投票部隊
      >> 下載 https://www.ettoday.net/news/20201006/1825303.htm, 染疫或食物中毒12印尼學生2人仍留院二採陰即可出院
      >> 下載 https://www.ettoday.net/news/20201006/1825284.htm, 國民黨提案學校幼兒園禁用美豬遭封殺怒轟民進黨暗渡瘦肉精
      >> 下載 https://www.ettoday.net/news/20201006/1825614.htm, 咖啡控新選擇超商也喝得到植物奶拿鐵了每一口都有豆奶香
      >> 下載 https://www.ettoday.net/news/20201006/1825070.htm, 網傳3個方法延長香水香氣原來吃什麼大有關係
      >> 下載 https://www.ettoday.net/news/20201006/1798672.htm, 天熱久戴安全帽會悶壞頭皮這些NG行為你正在做嗎
      >> 下載 https://www.ettoday.net/news/20201007/1825905.htm, 國家級榮譽加持東森自然美獲玉山獎傑出企業最佳產品獎
      >> 下載 https://www.ettoday.net/news/20201006/1824957.htm, 加料手搖飲明年起標示總熱量總糖量業者措手不及但配合
      >> 下載 https://www.ettoday.net/news/20201007/1821926.htm, 不是小廢包2020爆款迷你包TOP7總評這幾咖值得投資
      >> 下載 https://www.ettoday.net/news/20201006/1825838.htm, 宮廟氣爆燒死2老1少幽靈瓦斯桶釀禍沒人須負責
      >> 下載 https://www.ettoday.net/news/20201006/1825317.htm, 低利率吸自住客買房西屯逢甲商圈由租轉買客明顯增加
      >> 下載 https://www.ettoday.net/news/20201006/1825244.htm, 洗澡被玩具噴到水2歲兒變火紅兔眼眼白恐怖凸出差點失明
      >> 下載 https://www.ettoday.net/news/20201006/1825838.htm, 宮廟氣爆燒死2老1少幽靈瓦斯桶釀禍沒人須負責
      >> 下載 https://www.ettoday.net/news/20201006/1825546.htm, 妻躲進房鎖門恐怖人夫雙刀插門傳訊恐嚇下場曝
      >> 下載 https://www.ettoday.net/news/20201006/1825468.htm, 宋兆文聯合水雷作戰可大幅提升防衛戰力
      >> 下載 https://www.ettoday.net/news/20201006/1825339.htm, 阿聯酋航空運送160噸救援物資至貝魯特台灣是主要捐贈者之一
      >> 下載 https://www.ettoday.net/news/20201007/1825927.htm, 昌鴻估今轉中颱周五大轉彎定格外海2天災害預報士吐擔憂
      >> 下載 https://www.ettoday.net/news/20201006/1825813.htm, 快訊高雄救護車搶命挨撞側門被撞出大凹陷車上1男隊員受傷送醫
      >> 下載 https://www.ettoday.net/news/20201006/1824393.htm, 超前佈署北台5大重劃區新校跟著夯僅1區房價倒退嚕
      >> 下載 https://www.ettoday.net/news/20201006/1825477.htm, 北富銀ATM網銀將停機48小時籌備5年系統升級但信用卡可照常使用
      >> 下載 https://www.ettoday.net/news/20201006/1825381.htm, 第三期前瞻2300億舉債支應741億城鄉建設最大宗
      >> 下載 https://www.ettoday.net/news/20201006/1825423.htm, 車頭造型帥炸全新美式長頭重型卡車瘦身150公斤更強壯
      >> 下載 https://www.ettoday.net/news/20201006/1824815.htm, 養藍寶堅尼跟Bugatti太燒錢福斯計畫縮減集團品牌
      >> 下載 https://www.ettoday.net/news/20201006/1825827.htm, 不動產亂貼廣告台中市府開罰6萬元
      >> 下載 https://www.ettoday.net/news/20201006/1825540.htm, 冷空氣報到氣喘患者做好3件事防發作避免刺激呼吸道
      >> 下載 https://www.ettoday.net/news/20201006/1825483.htm, 拿10年藥酒招待客人爸驚見藥材變超人力霸王兒一旁裝無辜
      >> 下載 https://www.ettoday.net/news/20201006/1825325.htm, 民生社區旁建污水處理廠里長民眾竟全不知王鴻薇到底怕什麼
      >> 下載 https://www.ettoday.net/news/20201006/1825589.htm, 國人平均壽命80歲日勝生三芝不老莊園可租可買年底公開
      >> 下載 https://www.ettoday.net/news/20201006/1825589.htm, 國人平均壽命80歲日勝生三芝不老莊園可租可買年底公開
      >> 下載 https://www.ettoday.net/news/20201006/1825325.htm, 民生社區旁建污水處理廠里長民眾竟全不知王鴻薇到底怕什麼
      >> 下載 https://www.ettoday.net/news/20201006/1825341.htm, 營建署將採土地分級管理加速東港大鵬灣開發
      >> 下載 https://www.ettoday.net/news/20201006/1825838.htm, 宮廟氣爆燒死2老1少幽靈瓦斯桶釀禍沒人須負責
      >> 下載 https://www.ettoday.net/news/20201006/1825825.htm, 快訊高雄岡山住宅起大火烈焰濃煙隔鐵門狂竄9車19人灌救
      >> 下載 https://www.ettoday.net/news/20201006/1825681.htm, 南韓議員大嘴巴曝公務員案細節害情蒐技術全外洩軍方傻眼
      >> 下載 https://www.ettoday.net/news/20201006/1825735.htm, 羅巧倫暴瘦凍卵不斷扎針自拍驚見皮包骨很想好好活著
      >> 下載 https://www.ettoday.net/news/20201006/1825721.htm, 快訊汐止中興路飄濃厚瓦斯味消防局拉封鎖線急call工程人員
      >> 下載 https://www.ettoday.net/news/20201006/1825325.htm, 民生社區旁建污水處理廠里長民眾竟全不知王鴻薇到底怕什麼
      >> 下載 https://www.ettoday.net/news/20201007/1799179.htm, 長時間午睡與身體發炎有關歐洲心臟學會超過1小時恐增致命風險
      >> 下載 https://www.ettoday.net/news/20201007/1825935.htm, 兩岸開戰美軍幫台灣他曝美國不會管原因在國會親耳聽到
      >> 下載 https://www.ettoday.net/news/20201007/1825927.htm, 昌鴻估今轉中颱周五大轉彎定格外海2天災害預報士吐擔憂
      >> 下載 https://www.ettoday.net/news/20201007/1825909.htm, 如果中國攻打台灣蓬佩奧美國會設法緩和區域緊張
      >> 下載 https://www.ettoday.net/news/20201006/1825890.htm, 川普推特稱感覺超級棒期待15日到邁阿密參加辯論
      >> 下載 https://www.ettoday.net/news/20201006/1825880.htm, 路人打招呼千萬別回全台第一陰屍路在陽明山3件事不准做
      >> 下載 https://www.ettoday.net/news/20201006/1825867.htm, 新莊河濱公園新景點逾1千坪彩虹直排輪場108對外開放
      >> 下載 https://www.ettoday.net/news/20201006/1825844.htm, Smart智富用7法則極大化獲利風險比
      >> 下載 https://www.ettoday.net/news/20201006/1825795.htm, 洛杉磯時報台灣若想阻止中國侵略先解決以當兵為恥的問題
      >> 下載 https://www.ettoday.net/news/20201006/1825853.htm, GoogleWorkspace提供全新體驗多項功能一次看
