     -----> 新聞爬蟲：聯合新聞網

           <<< 聯合新聞網新聞搜尋 >>>
        ------------------------------------------------------
        ------------------------------------------------------
       >> 搜尋關鍵字:"工業用"; 網址:"https://udn.com/search/word/2/工業用"
         >>> 找到關鍵字 "工業用"; 文章資訊: 2020-10-10 14:50:35, 缺水危機又起政府不該再讓百姓看天吃飯, https://udn.com/news/story/120888/4924900
         >>> 找到關鍵字 "工業用"; 文章資訊: 2020-10-10 12:49:10, 水情吃緊全民抗旱中市供應取用水資中心回收放流水, https://udn.com/news/story/7325/4924868
         <<< 2020-10-11 沒有更多 "工業用" 相關的新聞 !!! >>>
        ------------------------------------------------------
       >> 搜尋關鍵字:"化工"; 網址:"https://udn.com/search/word/2/化工"
         >>> 找到關鍵字 "化工"; 文章資訊: 2020-10-10 16:07:09, 台科大打造智能化工廠半導體製程廢棄物再利用, https://udn.com/news/story/6929/4925320
         >>> 找到關鍵字 "化工"; 文章資訊: 2020-10-10 14:31:11, 影超重量迎娶台南青農6部引機當禮車迎親隊伍吸睛, https://udn.com/news/story/7326/4925132
         <<< 2020-10-11 沒有更多 "化工" 相關的新聞 !!! >>>
        ------------------------------------------------------
       >> 搜尋關鍵字:"化災"; 網址:"https://udn.com/search/word/2/化災"
         <<< 2020-10-11 沒有更多 "化災" 相關的新聞 !!! >>>
        ------------------------------------------------------
       >> 搜尋關鍵字:"化學"; 網址:"https://udn.com/search/word/2/化學"
         >>> 找到關鍵字 "化學"; 文章資訊: 2020-10-11 04:18:10, 指考連2年入題獲諾貝爾獎的基因編輯是什麼, https://udn.com/news/story/6925/4926284
         >>> 找到關鍵字 "化學"; 文章資訊: 2020-10-10 18:00:00, 微笑憂鬱症患者住院日記我們不是想太多只是生病了, https://udn.com/umedia/story/12908/4889462
         >>> 找到關鍵字 "化學"; 文章資訊: 2020-10-10 17:04:10, 台大與日本開發新元件記憶體儲存密度有望提升, https://udn.com/news/story/6928/4925386
         >>> 找到關鍵字 "化學"; 文章資訊: 2020-10-10 16:07:09, 台科大打造智能化工廠半導體製程廢棄物再利用, https://udn.com/news/story/6929/4925320
         >>> 找到關鍵字 "化學"; 文章資訊: 2020-10-10 15:00:00, 空靈女王裴斗娜的專情穿衣指南, https://style.udn.com/style/story/8067/4899700
         >>> 找到關鍵字 "化學"; 文章資訊: 2020-10-10 14:26:12, 男子當街朝女潑灑硫酸判賠202萬元, https://udn.com/news/story/7321/4924916
         >>> 找到關鍵字 "化學"; 文章資訊: 2020-10-10 11:35:35, 友善耕作與農民和平共處石虎米為國慶禮盒之一, https://udn.com/news/story/10474/4924600
         >>> 找到關鍵字 "化學"; 文章資訊: 2020-10-10 10:39:10, 新北果菜公司新引入質譜檢測儀9天檢出19件違規蔬果, https://udn.com/news/story/7323/4924494
         >>> 找到關鍵字 "化學"; 文章資訊: 2020-10-10 10:38:02, 新北果菜公司新引入質譜檢測儀9天檢出19件違規蔬果, https://health.udn.com/health/story/6010/4924494
         >>> 找到關鍵字 "化學"; 文章資訊: 2020-10-10 08:56:13, 一筊定案北斗奠安宮新媽祖答應請軟身媽祖回正殿視事, https://udn.com/news/story/7325/4924364
         <<< 2020-10-11 沒有更多 "化學" 相關的新聞 !!! >>>
        ------------------------------------------------------
       >> 搜尋關鍵字:"外洩"; 網址:"https://udn.com/search/word/2/外洩"
         >>> 找到關鍵字 "外洩"; 文章資訊: 2020-10-10 23:31:53, 金正恩凌晨閱兵新洲際飛彈亮相, https://udn.com/news/story/6809/4926067
         >>> 找到關鍵字 "外洩"; 文章資訊: 2020-10-10 23:09:06, 北韓破天荒凌晨閱兵葫蘆裡賣什麼藥, https://udn.com/news/story/6809/4925986
         >>> 找到關鍵字 "外洩"; 文章資訊: 2020-10-10 15:23:05, 伊朗地鐵站起火疑瓦斯外洩引起, https://udn.com/news/story/6809/4925247
         <<< 2020-10-11 沒有更多 "外洩" 相關的新聞 !!! >>>
        ------------------------------------------------------
       >> 搜尋關鍵字:"危害"; 網址:"https://udn.com/search/word/2/危害"
         >>> 找到關鍵字 "危害"; 文章資訊: 2020-10-11 00:07:28, 不顧對方載女嬰馬路狂逼車, https://udn.com/news/story/7320/4926128
         >>> 找到關鍵字 "危害"; 文章資訊: 2020-10-10 23:55:39, 萊豬3矛盾未解專家代謝物毒性恐被低估, https://udn.com/news/story/9750/4925915
         >>> 找到關鍵字 "危害"; 文章資訊: 2020-10-10 22:07:10, 高級防疫專車接送太空人返地表也要居家檢疫14天, https://udn.com/news/story/120944/4925766
         >>> 找到關鍵字 "危害"; 文章資訊: 2020-10-10 17:51:11, 桃園市龜山區山鶯路一帶13日將停水8小時, https://udn.com/news/story/7324/4925426
         >>> 找到關鍵字 "危害"; 文章資訊: 2020-10-10 17:43:34, 今日精摘蔡英文總統發表國慶談話明年中央長債破6兆, https://udn.com/news/story/120884/4925409
         >>> 找到關鍵字 "危害"; 文章資訊: 2020-10-10 16:59:05, 美軍研發狗用AR護目鏡人不在旁也可執行搜救任務, https://udn.com/news/story/6813/4925375
         >>> 找到關鍵字 "危害"; 文章資訊: 2020-10-10 15:28:41, 兒童餐超商狂送塑膠玩具難再利用成環境悲歌, https://udn.com/news/story/120887/4925004
         >>> 找到關鍵字 "危害"; 文章資訊: 2020-10-10 13:49:51, 澳籍作家楊恆均遭控間諜傳近期將於北京受審, https://udn.com/news/story/6809/4924997
         >>> 找到關鍵字 "危害"; 文章資訊: 2020-10-10 13:09:04, 萊劑豬牛風險評估未納代謝物專家毒性恐被低估, https://udn.com/news/story/9750/4924909
         >>> 找到關鍵字 "危害"; 文章資訊: 2020-10-10 13:08:02, 萊劑豬牛風險評估未納代謝物專家毒性恐被低估, https://health.udn.com/health/story/6010/4924909
         >>> 找到關鍵字 "危害"; 文章資訊: 2020-10-10 11:39:06, 行車糾紛竟逼車衝撞4分鐘把道路作為競技場洩憤判刑, https://udn.com/news/story/7320/4924622
         <<< 2020-10-11 沒有更多 "危害" 相關的新聞 !!! >>>
        ------------------------------------------------------
       >> 搜尋關鍵字:"有毒"; 網址:"https://udn.com/search/word/2/有毒"
         >>> 找到關鍵字 "有毒"; 文章資訊: 2020-10-10 14:09:06, 他騎機車上國道囂張抽菸釀大禍3天前拿大石頭幹了這事, https://udn.com/news/story/7315/4925081
         <<< 2020-10-11 沒有更多 "有毒" 相關的新聞 !!! >>>
        ------------------------------------------------------
       >> 搜尋關鍵字:"有害"; 網址:"https://udn.com/search/word/2/有害"
         <<< 2020-10-11 沒有更多 "有害" 相關的新聞 !!! >>>
        ------------------------------------------------------
       >> 搜尋關鍵字:"色料"; 網址:"https://udn.com/search/word/2/色料"
         >>> 找到關鍵字 "色料"; 文章資訊: 2020-10-10 23:09:26, 暖暖公園新跑道橡膠粒掉滿地, https://udn.com/news/story/7328/4925792
         >>> 找到關鍵字 "色料"; 文章資訊: 2020-10-10 12:45:14, 獨基隆公園PU跑道掉漆大量橡膠顆粒流水溝民憂汙染, https://udn.com/news/story/7328/4924843
         >>> 找到關鍵字 "色料"; 文章資訊: 2020-10-10 08:25:12, 穩定虱目魚價嘉義縣虱王爭霸賽美味品嘗體驗開放報名, https://udn.com/news/story/7326/4924340
         <<< 2020-10-11 沒有更多 "色料" 相關的新聞 !!! >>>
        ------------------------------------------------------
       >> 搜尋關鍵字:"色素"; 網址:"https://udn.com/search/word/2/色素"
         <<< 2020-10-11 沒有更多 "色素" 相關的新聞 !!! >>>
        ------------------------------------------------------
       >> 搜尋關鍵字:"毒性"; 網址:"https://udn.com/search/word/2/毒性"
         >>> 找到關鍵字 "毒性"; 文章資訊: 2020-10-10 23:55:39, 萊豬3矛盾未解專家代謝物毒性恐被低估, https://udn.com/news/story/9750/4925915
         >>> 找到關鍵字 "毒性"; 文章資訊: 2020-10-10 17:43:34, 今日精摘蔡英文總統發表國慶談話明年中央長債破6兆, https://udn.com/news/story/120884/4925409
         >>> 找到關鍵字 "毒性"; 文章資訊: 2020-10-10 13:09:04, 萊劑豬牛風險評估未納代謝物專家毒性恐被低估, https://udn.com/news/story/9750/4924909
         >>> 找到關鍵字 "毒性"; 文章資訊: 2020-10-10 13:08:02, 萊劑豬牛風險評估未納代謝物專家毒性恐被低估, https://health.udn.com/health/story/6010/4924909
         <<< 2020-10-11 沒有更多 "毒性" 相關的新聞 !!! >>>
        ------------------------------------------------------
       >> 搜尋關鍵字:"毒品"; 網址:"https://udn.com/search/word/2/毒品"
         >>> 找到關鍵字 "毒品"; 文章資訊: 2020-10-11 01:21:52, 中壢鬧區囂張擄走人警大陣仗圍捕, https://udn.com/news/story/7315/4926196
         >>> 找到關鍵字 "毒品"; 文章資訊: 2020-10-10 15:33:51, 空姐走私海洛因練習胯下帶毒走路背後有心酸原因, https://udn.com/news/story/6812/4925273
         >>> 找到關鍵字 "毒品"; 文章資訊: 2020-10-10 14:09:06, 他騎機車上國道囂張抽菸釀大禍3天前拿大石頭幹了這事, https://udn.com/news/story/7315/4925081
         >>> 找到關鍵字 "毒品"; 文章資訊: 2020-10-10 10:14:06, 疑似直銷債務糾紛當街擄人中壢大量警力圍捕引起關注, https://udn.com/news/story/7315/4924451
         <<< 2020-10-11 沒有更多 "毒品" 相關的新聞 !!! >>>
        ------------------------------------------------------
       >> 搜尋關鍵字:"致癌"; 網址:"https://udn.com/search/word/2/致癌"
         >>> 找到關鍵字 "致癌"; 文章資訊: 2020-10-10 23:55:39, 萊豬3矛盾未解專家代謝物毒性恐被低估, https://udn.com/news/story/9750/4925915
         >>> 找到關鍵字 "致癌"; 文章資訊: 2020-10-10 14:26:09, 蔡政府掛保證吃萊豬不會死醫何不提倡吃蟑螂, https://udn.com/news/story/9750/4925127
         >>> 找到關鍵字 "致癌"; 文章資訊: 2020-10-10 14:26:02, 蔡政府掛保證吃萊豬不會死醫何不提倡吃蟑螂, https://health.udn.com/health/story/6010/4925127
         >>> 找到關鍵字 "致癌"; 文章資訊: 2020-10-10 13:09:04, 萊劑豬牛風險評估未納代謝物專家毒性恐被低估, https://udn.com/news/story/9750/4924909
         >>> 找到關鍵字 "致癌"; 文章資訊: 2020-10-10 13:08:02, 萊劑豬牛風險評估未納代謝物專家毒性恐被低估, https://health.udn.com/health/story/6010/4924909
         <<< 2020-10-11 沒有更多 "致癌" 相關的新聞 !!! >>>
        ------------------------------------------------------
       >> 搜尋關鍵字:"重金屬"; 網址:"https://udn.com/search/word/2/重金屬"
         <<< 2020-10-11 沒有更多 "重金屬" 相關的新聞 !!! >>>
        ------------------------------------------------------
       >> 搜尋關鍵字:"食安"; 網址:"https://udn.com/search/word/2/食安"
         >>> 找到關鍵字 "食安"; 文章資訊: 2020-10-11 00:54:30, 林為洲拋黨名去中國黨內掀波, https://udn.com/news/story/6656/4926198
         >>> 找到關鍵字 "食安"; 文章資訊: 2020-10-10 23:59:00, 學者食安淪政治民眾冷眼旁觀, https://udn.com/news/story/9750/4925922
         >>> 找到關鍵字 "食安"; 文章資訊: 2020-10-10 23:57:21, 政院不會因萊豬要陳吉仲下台, https://udn.com/news/story/9750/4925923
         >>> 找到關鍵字 "食安"; 文章資訊: 2020-10-10 23:56:24, 新聞眼稽查無力民眾自求多福吧, https://udn.com/news/story/9750/4925921
         >>> 找到關鍵字 "食安"; 文章資訊: 2020-10-10 23:55:39, 萊豬3矛盾未解專家代謝物毒性恐被低估, https://udn.com/news/story/9750/4925915
         >>> 找到關鍵字 "食安"; 文章資訊: 2020-10-10 18:15:04, 林為洲拋國民黨名去中國民黨重心是改革非改名, https://udn.com/news/story/6656/4925469
         >>> 找到關鍵字 "食安"; 文章資訊: 2020-10-10 17:43:07, 美豬解禁未納公民參與專家批風險評估別只為政治背書, https://udn.com/news/story/9750/4925422
         >>> 找到關鍵字 "食安"; 文章資訊: 2020-10-10 17:03:16, 雲林農機展魯肉飯呷免驚兩位縣長共同宣誓反萊豬, https://udn.com/news/story/7326/4925383
         >>> 找到關鍵字 "食安"; 文章資訊: 2020-10-10 16:24:04, 萊豬進口掀波行政院不會因爭議要陳吉仲下台, https://udn.com/news/story/9750/4925342
         >>> 找到關鍵字 "食安"; 文章資訊: 2020-10-10 16:06:09, 世界糧食計畫署獲諾貝爾獎農委會祭3目標讓國人不挨餓, https://udn.com/news/story/7266/4925321
         >>> 找到關鍵字 "食安"; 文章資訊: 2020-10-10 15:28:41, 兒童餐超商狂送塑膠玩具難再利用成環境悲歌, https://udn.com/news/story/120887/4925004
         >>> 找到關鍵字 "食安"; 文章資訊: 2020-10-10 14:26:09, 蔡政府掛保證吃萊豬不會死醫何不提倡吃蟑螂, https://udn.com/news/story/9750/4925127
         >>> 找到關鍵字 "食安"; 文章資訊: 2020-10-10 14:26:02, 蔡政府掛保證吃萊豬不會死醫何不提倡吃蟑螂, https://health.udn.com/health/story/6010/4925127
         >>> 找到關鍵字 "食安"; 文章資訊: 2020-10-10 12:18:04, 穩住疫情未守食安邱淑媞批陳時中小時了了大未必佳, https://udn.com/news/story/9750/4924767
         >>> 找到關鍵字 "食安"; 文章資訊: 2020-10-10 12:17:02, 穩住疫情未守食安邱淑媞批陳時中小時了了大未必佳, https://health.udn.com/health/story/6010/4924767
         >>> 找到關鍵字 "食安"; 文章資訊: 2020-10-10 09:14:04, 新竹縣議長國慶典禮上痛批蔡政府獨裁霸道一意孤行, https://udn.com/news/story/10474/4924384
         <<< 2020-10-11 沒有更多 "食安" 相關的新聞 !!! >>>
        ------------------------------------------------------
       >> 搜尋關鍵字:"香料"; 網址:"https://udn.com/search/word/2/香料"
         >>> 找到關鍵字 "香料"; 文章資訊: 2020-10-10 20:32:10, BAR春花二店THY桃花源前進西門瞄準年輕世代, https://udn.com/news/story/7270/4925636
         >>> 找到關鍵字 "香料"; 文章資訊: 2020-10-10 20:31:04, BAR春花二店THY桃花源前進西門瞄準年輕世代, https://style.udn.com/style/story/11350/4925636
         >>> 找到關鍵字 "香料"; 文章資訊: 2020-10-10 08:00:00, 習近平稱為熱乾麵加油比熱乾麵更火紅的武漢特產是它, https://health.udn.com/health/story/6037/4894980
         <<< 2020-10-11 沒有更多 "香料" 相關的新聞 !!! >>>
        ------------------------------------------------------
       >> 搜尋關鍵字:"原料"; 網址:"https://udn.com/search/word/2/原料"
         >>> 找到關鍵字 "原料"; 文章資訊: 2020-10-11 00:08:54, 餅乾界LV欠稅被查封老闆暴走, https://udn.com/news/story/7321/4926120
         >>> 找到關鍵字 "原料"; 文章資訊: 2020-10-10 13:49:10, 南投巧克力產業日漸成熟參加國際大賽拿下好成績, https://udn.com/news/story/7325/4925020
         >>> 找到關鍵字 "原料"; 文章資訊: 2020-10-10 13:37:07, 台北紡織展13日登場聚焦五大主軸, https://udn.com/news/story/7241/4924849
         >>> 找到關鍵字 "原料"; 文章資訊: 2020-10-10 12:11:08, 扭轉危機成轉機紡織業搶進防疫品市場, https://udn.com/news/story/7241/4924701
         >>> 找到關鍵字 "原料"; 文章資訊: 2020-10-10 09:36:02, 超商聯名新貨到老虎堂甜點燒丼鮮食大份量松包子吃一波, https://udn.com/news/story/7186/4923401
         >>> 找到關鍵字 "原料"; 文章資訊: 2020-10-10 09:33:12, 看準龐大素食人口卜蜂大成鴨子划水布局植物肉, https://udn.com/news/story/7241/4924391
         >>> 找到關鍵字 "原料"; 文章資訊: 2020-10-10 09:27:07, 植物肉商機夯超商餐飲業搶食600億商機, https://udn.com/news/story/7241/4924380
         <<< 2020-10-11 沒有更多 "原料" 相關的新聞 !!! >>>
        ------------------------------------------------------
       >> 搜尋關鍵字:"氣爆"; 網址:"https://udn.com/search/word/2/氣爆"
         >>> 找到關鍵字 "氣爆"; 文章資訊: 2020-10-11 00:17:34, 氣爆燒傷截肢過失刑責不追究, https://udn.com/news/story/7321/4926140
         >>> 找到關鍵字 "氣爆"; 文章資訊: 2020-10-10 11:10:14, 下雨仍爆滿宜蘭清水地熱遊客爆量啟動總量管制, https://udn.com/news/story/7328/4924551
         >>> 找到關鍵字 "氣爆"; 文章資訊: 2020-10-10 10:03:07, 美髮店女老闆點煙釀氣爆她遭火焚截肢重創獲不起訴, https://udn.com/news/story/7320/4924440
         <<< 2020-10-11 沒有更多 "氣爆" 相關的新聞 !!! >>>
        ------------------------------------------------------
       >> 搜尋關鍵字:"添加物"; 網址:"https://udn.com/search/word/2/添加物"
         >>> 找到關鍵字 "添加物"; 文章資訊: 2020-10-10 17:12:04, 昔社運人士替萊豬護航陳佩琪勸直接承認因生計考量, https://udn.com/news/story/9750/4925395
         >>> 找到關鍵字 "添加物"; 文章資訊: 2020-10-10 13:09:04, 萊劑豬牛風險評估未納代謝物專家毒性恐被低估, https://udn.com/news/story/9750/4924909
         >>> 找到關鍵字 "添加物"; 文章資訊: 2020-10-10 13:08:02, 萊劑豬牛風險評估未納代謝物專家毒性恐被低估, https://health.udn.com/health/story/6010/4924909
         <<< 2020-10-11 沒有更多 "添加物" 相關的新聞 !!! >>>
        ------------------------------------------------------
       >> 搜尋關鍵字:"黑心"; 網址:"https://udn.com/search/word/2/黑心"
         <<< 2020-10-11 沒有更多 "黑心" 相關的新聞 !!! >>>
        ------------------------------------------------------
       >> 搜尋關鍵字:"漂白"; 網址:"https://udn.com/search/word/2/漂白"
         >>> 找到關鍵字 "漂白"; 文章資訊: 2020-10-10 19:52:04, 水洗乾洗都不准麥當勞限量抱枕標籤網看傻免責聲明無誤, https://udn.com/news/story/7193/4923115
         <<< 2020-10-11 沒有更多 "漂白" 相關的新聞 !!! >>>
        ------------------------------------------------------
       >> 搜尋關鍵字:"爆炸"; 網址:"https://udn.com/search/word/2/爆炸"
         >>> 找到關鍵字 "爆炸"; 文章資訊: 2020-10-11 07:00:00, 在成為明星之前要經過多少試煉Jessica首部小說Shine揭露練習生之間的明爭暗算, https://style.udn.com/style/story/12457/4911484
         >>> 找到關鍵字 "爆炸"; 文章資訊: 2020-10-11 00:17:34, 氣爆燒傷截肢過失刑責不追究, https://udn.com/news/story/7321/4926140
         >>> 找到關鍵字 "爆炸"; 文章資訊: 2020-10-10 15:10:35, 出殯隊伍疑放煙花爆竹驚動黃蜂窩四川逾10村民遭蜇1人死亡, https://udn.com/news/story/7332/4925154
         >>> 找到關鍵字 "爆炸"; 文章資訊: 2020-10-10 13:42:05, 共和黨夢魘巴維理杜然報告選前不公布, https://udn.com/news/story/121687/4924957
         >>> 找到關鍵字 "爆炸"; 文章資訊: 2020-10-10 11:36:05, 黎巴嫩首都貝魯特再傳油槽爆炸4死逾30傷, https://udn.com/news/story/6809/4924562
         >>> 找到關鍵字 "爆炸"; 文章資訊: 2020-10-10 10:03:07, 美髮店女老闆點煙釀氣爆她遭火焚截肢重創獲不起訴, https://udn.com/news/story/7320/4924440
         <<< 2020-10-11 沒有更多 "爆炸" 相關的新聞 !!! >>>
        ------------------------------------------------------
       >> 搜尋關鍵字:"新興"; 網址:"https://udn.com/search/word/2/新興"
         >>> 找到關鍵字 "新興"; 文章資訊: 2020-10-11 02:00:00, 產業追蹤斷鏈風險驅動兩需求, https://udn.com/news/story/7241/4925589
         >>> 找到關鍵字 "新興"; 文章資訊: 2020-10-11 01:23:11, 八方雲集買丹堤收購價6500萬元, https://udn.com/news/story/7241/4926119
         >>> 找到關鍵字 "新興"; 文章資訊: 2020-10-10 23:19:02, 投信教戰Q4投資股優於債, https://fund.udn.com/fund/story/5858/4926056
         >>> 找到關鍵字 "新興"; 文章資訊: 2020-10-10 18:12:07, 答案揭曉八方雲集以這個價格收購丹堤咖啡, https://udn.com/news/story/7254/4925464
         >>> 找到關鍵字 "新興"; 文章資訊: 2020-10-10 10:03:11, 桃市國慶升旗典禮鄭文燦盼疫情退散台灣平安, https://udn.com/news/story/10474/4924436
         >>> 找到關鍵字 "新興"; 文章資訊: 2020-10-10 09:27:07, 植物肉商機夯超商餐飲業搶食600億商機, https://udn.com/news/story/7241/4924380
         <<< 2020-10-11 沒有更多 "新興" 相關的新聞 !!! >>>
        ------------------------------------------------------
       >> 搜尋關鍵字:"爆裂物"; 網址:"https://udn.com/search/word/2/爆裂物"
         >>> 找到關鍵字 "爆裂物"; 文章資訊: 2020-10-10 16:59:05, 美軍研發狗用AR護目鏡人不在旁也可執行搜救任務, https://udn.com/news/story/6813/4925375
         <<< 2020-10-11 沒有更多 "爆裂物" 相關的新聞 !!! >>>
        ------------------------------------------------------
       >> 搜尋關鍵字:"IED"; 網址:"https://udn.com/search/word/2/IED"
         <<< 2020-10-11 沒有更多 "IED" 相關的新聞 !!! >>>
        ------------------------------------------------------
       >> 搜尋關鍵字:"排放"; 網址:"https://udn.com/search/word/2/排放"
         >>> 找到關鍵字 "排放"; 文章資訊: 2020-10-10 11:00:00, 宜蘭009小吃部烤鴨肉嚼勁帶著香氣, https://udn.com/umedia/story/12751/4914251
         <<< 2020-10-11 沒有更多 "排放" 相關的新聞 !!! >>>
        ------------------------------------------------------
       >> 搜尋關鍵字:"污染"; 網址:"https://udn.com/search/word/2/污染"
         >>> 找到關鍵字 "污染"; 文章資訊: 2020-10-10 13:37:07, 台北紡織展13日登場聚焦五大主軸, https://udn.com/news/story/7241/4924849
         >>> 找到關鍵字 "污染"; 文章資訊: 2020-10-10 12:11:06, OB話題莫言晚期風格的開始王德威談晚熟的人, https://udn.com/news/story/12681/4923591
         >>> 找到關鍵字 "污染"; 文章資訊: 2020-10-10 08:00:00, 台中谷關松鶴美食旅遊泡湯一日遊, https://udn.com/umedia/story/12749/4914242
         <<< 2020-10-11 沒有更多 "污染" 相關的新聞 !!! >>>
        ------------------------------------------------------
       >> 搜尋關鍵字:"廢水"; 網址:"https://udn.com/search/word/2/廢水"
         >>> 找到關鍵字 "廢水"; 文章資訊: 2020-10-10 12:49:10, 水情吃緊全民抗旱中市供應取用水資中心回收放流水, https://udn.com/news/story/7325/4924868
         <<< 2020-10-11 沒有更多 "廢水" 相關的新聞 !!! >>>
        ------------------------------------------------------
       >> 搜尋關鍵字:"污水"; 網址:"https://udn.com/search/word/2/污水"
         <<< 2020-10-11 沒有更多 "污水" 相關的新聞 !!! >>>
        ------------------------------------------------------
       >> 搜尋關鍵字:"洩漏"; 網址:"https://udn.com/search/word/2/洩漏"
         >>> 找到關鍵字 "洩漏"; 文章資訊: 2020-10-11 00:17:34, 氣爆燒傷截肢過失刑責不追究, https://udn.com/news/story/7321/4926140
         >>> 找到關鍵字 "洩漏"; 文章資訊: 2020-10-10 10:03:07, 美髮店女老闆點煙釀氣爆她遭火焚截肢重創獲不起訴, https://udn.com/news/story/7320/4924440
         <<< 2020-10-11 沒有更多 "洩漏" 相關的新聞 !!! >>>
        ------------------------------------------------------
       >> 搜尋關鍵字:"暗管"; 網址:"https://udn.com/search/word/2/暗管"
         <<< 2020-10-11 沒有更多 "暗管" 相關的新聞 !!! >>>
        ------------------------------------------------------
       >> 搜尋關鍵字:"偷排"; 網址:"https://udn.com/search/word/2/偷排"
         <<< 2020-10-11 沒有更多 "偷排" 相關的新聞 !!! >>>
        ------------------------------------------------------
       >> 搜尋關鍵字:"安全"; 網址:"https://udn.com/search/word/2/安全"
         >>> 找到關鍵字 "安全"; 文章資訊: 2020-10-11 06:43:35, 聯合報一周大事10041010, https://udn.com/news/story/7314/4926309
         >>> 找到關鍵字 "安全"; 文章資訊: 2020-10-11 04:22:18, 川普染疫後白宮辦首場公開活動數百人聚集出席, https://udn.com/news/story/121687/4926281
         >>> 找到關鍵字 "安全"; 文章資訊: 2020-10-11 02:24:07, AIT主席賀雙十續推動美台關係助台灣提升國防, https://udn.com/news/story/6813/4926212
         >>> 找到關鍵字 "安全"; 文章資訊: 2020-10-11 02:00:00, 產業追蹤美抵制陸企台鏈三路突圍, https://udn.com/news/story/7241/4925591
         >>> 找到關鍵字 "安全"; 文章資訊: 2020-10-11 02:00:00, 總統願與陸促成有意義對話, https://udn.com/news/story/10474/4926118
         >>> 找到關鍵字 "安全"; 文章資訊: 2020-10-11 02:00:00, TikTok又中箭巴基斯坦封殺, https://udn.com/news/story/7333/4925987
         >>> 找到關鍵字 "安全"; 文章資訊: 2020-10-11 01:39:46, 大屋頂下場所的悲哀國葬李登輝, https://udn.com/news/story/7339/4926218
         >>> 找到關鍵字 "安全"; 文章資訊: 2020-10-11 01:11:13, 圓美人魚夢美照背後綁鉛塊忍眼痛最怕你不笑, https://udn.com/news/story/120887/4925572
         >>> 找到關鍵字 "安全"; 文章資訊: 2020-10-11 00:59:45, 藍2避戰決議案宋批花巧戰術, https://udn.com/news/story/6656/4926200
         >>> 找到關鍵字 "安全"; 文章資訊: 2020-10-11 00:49:47, 無家母女夜宿府前廣場國慶遭驅離, https://udn.com/news/story/7320/4926202
         >>> 找到關鍵字 "安全"; 文章資訊: 2020-10-11 00:43:04, 蔡總統國慶演說獲學者肯定北京是否接橄欖枝持保留, https://udn.com/news/story/10474/4926145
         >>> 找到關鍵字 "安全"; 文章資訊: 2020-10-11 00:28:27, 蔡能讓人回想2020嗎, https://udn.com/news/story/7339/4926153
         >>> 找到關鍵字 "安全"; 文章資訊: 2020-10-11 00:10:46, 故宮南院化身蒙古大草原, https://udn.com/news/story/7314/4925765
         >>> 找到關鍵字 "安全"; 文章資訊: 2020-10-11 00:08:00, 除了流感疫苗專家提醒成人這9種疫苗也要接種, https://health.udn.com/health/story/5961/4920466
         >>> 找到關鍵字 "安全"; 文章資訊: 2020-10-11 00:07:28, 不顧對方載女嬰馬路狂逼車, https://udn.com/news/story/7320/4926128
         >>> 找到關鍵字 "安全"; 文章資訊: 2020-10-11 00:06:14, 蔡總統國慶喊話基於尊重理解願與北京對話, https://udn.com/news/story/10474/4926150
         >>> 找到關鍵字 "安全"; 文章資訊: 2020-10-11 00:00:00, 殺破狼周運勢雙子小心陷桃色糾紛射手職場內暗潮洶湧, https://udn.com/news/story/7268/4916187
         >>> 找到關鍵字 "安全"; 文章資訊: 2020-10-10 23:59:12, 染疫第10天白宮2千人造勢川普挨批, https://udn.com/news/story/121687/4926152
         >>> 找到關鍵字 "安全"; 文章資訊: 2020-10-10 23:59:00, 學者食安淪政治民眾冷眼旁觀, https://udn.com/news/story/9750/4925922
         >>> 找到關鍵字 "安全"; 文章資訊: 2020-10-10 23:56:24, 新聞眼稽查無力民眾自求多福吧, https://udn.com/news/story/9750/4925921
        ------------------------------------------------------
       >> 搜尋關鍵字:"槽車"; 網址:"https://udn.com/search/word/2/槽車"
         <<< 2020-10-11 沒有更多 "槽車" 相關的新聞 !!! >>>
       >> 檔案輸出
        ------------------------------------------------------
      >> 下載新聞內容
      >> 下載 https://udn.com/news/story/120888/4924900, 缺水危機又起政府不該再讓百姓看天吃飯
      >> 下載 https://udn.com/news/story/7325/4924868, 水情吃緊全民抗旱中市供應取用水資中心回收放流水
      >> 下載 https://udn.com/news/story/6929/4925320, 台科大打造智能化工廠半導體製程廢棄物再利用
      >> 下載 https://udn.com/news/story/7326/4925132, 影超重量迎娶台南青農6部引機當禮車迎親隊伍吸睛
      >> 下載 https://udn.com/news/story/6925/4926284, 指考連2年入題獲諾貝爾獎的基因編輯是什麼
      >> 下載 https://udn.com/umedia/story/12908/4889462, 微笑憂鬱症患者住院日記我們不是想太多只是生病了
      >> 找不到新聞內容，可能是新聞的格式不同所致。
      >> 下載 https://udn.com/news/story/6928/4925386, 台大與日本開發新元件記憶體儲存密度有望提升
      >> 下載 https://udn.com/news/story/6929/4925320, 台科大打造智能化工廠半導體製程廢棄物再利用
      >> 下載 https://style.udn.com/style/story/8067/4899700, 空靈女王裴斗娜的專情穿衣指南
      >> 下載 https://udn.com/news/story/7321/4924916, 男子當街朝女潑灑硫酸判賠202萬元
      >> 下載 https://udn.com/news/story/10474/4924600, 友善耕作與農民和平共處石虎米為國慶禮盒之一
      >> 下載 https://udn.com/news/story/7323/4924494, 新北果菜公司新引入質譜檢測儀9天檢出19件違規蔬果
      >> 下載 https://health.udn.com/health/story/6010/4924494, 新北果菜公司新引入質譜檢測儀9天檢出19件違規蔬果
      >> 下載 https://udn.com/news/story/7325/4924364, 一筊定案北斗奠安宮新媽祖答應請軟身媽祖回正殿視事
      >> 下載 https://udn.com/news/story/6809/4926067, 金正恩凌晨閱兵新洲際飛彈亮相
      >> 下載 https://udn.com/news/story/6809/4925986, 北韓破天荒凌晨閱兵葫蘆裡賣什麼藥
      >> 下載 https://udn.com/news/story/6809/4925247, 伊朗地鐵站起火疑瓦斯外洩引起
      >> 下載 https://udn.com/news/story/7320/4926128, 不顧對方載女嬰馬路狂逼車
      >> 下載 https://udn.com/news/story/9750/4925915, 萊豬3矛盾未解專家代謝物毒性恐被低估
      >> 下載 https://udn.com/news/story/120944/4925766, 高級防疫專車接送太空人返地表也要居家檢疫14天
      >> 下載 https://udn.com/news/story/7324/4925426, 桃園市龜山區山鶯路一帶13日將停水8小時
      >> 下載 https://udn.com/news/story/120884/4925409, 今日精摘蔡英文總統發表國慶談話明年中央長債破6兆
      >> 下載 https://udn.com/news/story/6813/4925375, 美軍研發狗用AR護目鏡人不在旁也可執行搜救任務
      >> 下載 https://udn.com/news/story/120887/4925004, 兒童餐超商狂送塑膠玩具難再利用成環境悲歌
      >> 下載 https://udn.com/news/story/6809/4924997, 澳籍作家楊恆均遭控間諜傳近期將於北京受審
      >> 下載 https://udn.com/news/story/9750/4924909, 萊劑豬牛風險評估未納代謝物專家毒性恐被低估
      >> 下載 https://health.udn.com/health/story/6010/4924909, 萊劑豬牛風險評估未納代謝物專家毒性恐被低估
      >> 下載 https://udn.com/news/story/7320/4924622, 行車糾紛竟逼車衝撞4分鐘把道路作為競技場洩憤判刑
      >> 下載 https://udn.com/news/story/7315/4925081, 他騎機車上國道囂張抽菸釀大禍3天前拿大石頭幹了這事
      >> 下載 https://udn.com/news/story/7328/4925792, 暖暖公園新跑道橡膠粒掉滿地
      >> 下載 https://udn.com/news/story/7328/4924843, 獨基隆公園PU跑道掉漆大量橡膠顆粒流水溝民憂汙染
      >> 下載 https://udn.com/news/story/7326/4924340, 穩定虱目魚價嘉義縣虱王爭霸賽美味品嘗體驗開放報名
      >> 下載 https://udn.com/news/story/9750/4925915, 萊豬3矛盾未解專家代謝物毒性恐被低估
      >> 下載 https://udn.com/news/story/120884/4925409, 今日精摘蔡英文總統發表國慶談話明年中央長債破6兆
      >> 下載 https://udn.com/news/story/9750/4924909, 萊劑豬牛風險評估未納代謝物專家毒性恐被低估
      >> 下載 https://health.udn.com/health/story/6010/4924909, 萊劑豬牛風險評估未納代謝物專家毒性恐被低估
      >> 下載 https://udn.com/news/story/7315/4926196, 中壢鬧區囂張擄走人警大陣仗圍捕
      >> 下載 https://udn.com/news/story/6812/4925273, 空姐走私海洛因練習胯下帶毒走路背後有心酸原因
      >> 下載 https://udn.com/news/story/7315/4925081, 他騎機車上國道囂張抽菸釀大禍3天前拿大石頭幹了這事
      >> 下載 https://udn.com/news/story/7315/4924451, 疑似直銷債務糾紛當街擄人中壢大量警力圍捕引起關注
      >> 下載 https://udn.com/news/story/9750/4925915, 萊豬3矛盾未解專家代謝物毒性恐被低估
      >> 下載 https://udn.com/news/story/9750/4925127, 蔡政府掛保證吃萊豬不會死醫何不提倡吃蟑螂
      >> 下載 https://health.udn.com/health/story/6010/4925127, 蔡政府掛保證吃萊豬不會死醫何不提倡吃蟑螂
      >> 下載 https://udn.com/news/story/9750/4924909, 萊劑豬牛風險評估未納代謝物專家毒性恐被低估
      >> 下載 https://health.udn.com/health/story/6010/4924909, 萊劑豬牛風險評估未納代謝物專家毒性恐被低估
      >> 下載 https://udn.com/news/story/6656/4926198, 林為洲拋黨名去中國黨內掀波
      >> 下載 https://udn.com/news/story/9750/4925922, 學者食安淪政治民眾冷眼旁觀
      >> 下載 https://udn.com/news/story/9750/4925923, 政院不會因萊豬要陳吉仲下台
      >> 下載 https://udn.com/news/story/9750/4925921, 新聞眼稽查無力民眾自求多福吧
      >> 下載 https://udn.com/news/story/9750/4925915, 萊豬3矛盾未解專家代謝物毒性恐被低估
      >> 下載 https://udn.com/news/story/6656/4925469, 林為洲拋國民黨名去中國民黨重心是改革非改名
      >> 下載 https://udn.com/news/story/9750/4925422, 美豬解禁未納公民參與專家批風險評估別只為政治背書
      >> 下載 https://udn.com/news/story/7326/4925383, 雲林農機展魯肉飯呷免驚兩位縣長共同宣誓反萊豬
      >> 下載 https://udn.com/news/story/9750/4925342, 萊豬進口掀波行政院不會因爭議要陳吉仲下台
      >> 下載 https://udn.com/news/story/7266/4925321, 世界糧食計畫署獲諾貝爾獎農委會祭3目標讓國人不挨餓
      >> 下載 https://udn.com/news/story/120887/4925004, 兒童餐超商狂送塑膠玩具難再利用成環境悲歌
      >> 下載 https://udn.com/news/story/9750/4925127, 蔡政府掛保證吃萊豬不會死醫何不提倡吃蟑螂
      >> 下載 https://health.udn.com/health/story/6010/4925127, 蔡政府掛保證吃萊豬不會死醫何不提倡吃蟑螂
      >> 下載 https://udn.com/news/story/9750/4924767, 穩住疫情未守食安邱淑媞批陳時中小時了了大未必佳
      >> 下載 https://health.udn.com/health/story/6010/4924767, 穩住疫情未守食安邱淑媞批陳時中小時了了大未必佳
      >> 下載 https://udn.com/news/story/10474/4924384, 新竹縣議長國慶典禮上痛批蔡政府獨裁霸道一意孤行
      >> 下載 https://udn.com/news/story/7270/4925636, BAR春花二店THY桃花源前進西門瞄準年輕世代
      >> 下載 https://style.udn.com/style/story/11350/4925636, BAR春花二店THY桃花源前進西門瞄準年輕世代
      >> 下載 https://health.udn.com/health/story/6037/4894980, 習近平稱為熱乾麵加油比熱乾麵更火紅的武漢特產是它
      >> 下載 https://udn.com/news/story/7321/4926120, 餅乾界LV欠稅被查封老闆暴走
      >> 下載 https://udn.com/news/story/7325/4925020, 南投巧克力產業日漸成熟參加國際大賽拿下好成績
      >> 下載 https://udn.com/news/story/7241/4924849, 台北紡織展13日登場聚焦五大主軸
      >> 下載 https://udn.com/news/story/7241/4924701, 扭轉危機成轉機紡織業搶進防疫品市場
      >> 下載 https://udn.com/news/story/7186/4923401, 超商聯名新貨到老虎堂甜點燒丼鮮食大份量松包子吃一波
      >> 下載 https://udn.com/news/story/7241/4924391, 看準龐大素食人口卜蜂大成鴨子划水布局植物肉
      >> 下載 https://udn.com/news/story/7241/4924380, 植物肉商機夯超商餐飲業搶食600億商機
      >> 下載 https://udn.com/news/story/7321/4926140, 氣爆燒傷截肢過失刑責不追究
      >> 下載 https://udn.com/news/story/7328/4924551, 下雨仍爆滿宜蘭清水地熱遊客爆量啟動總量管制
      >> 下載 https://udn.com/news/story/7320/4924440, 美髮店女老闆點煙釀氣爆她遭火焚截肢重創獲不起訴
      >> 下載 https://udn.com/news/story/9750/4925395, 昔社運人士替萊豬護航陳佩琪勸直接承認因生計考量
      >> 下載 https://udn.com/news/story/9750/4924909, 萊劑豬牛風險評估未納代謝物專家毒性恐被低估
      >> 下載 https://health.udn.com/health/story/6010/4924909, 萊劑豬牛風險評估未納代謝物專家毒性恐被低估
      >> 下載 https://udn.com/news/story/7193/4923115, 水洗乾洗都不准麥當勞限量抱枕標籤網看傻免責聲明無誤
      >> 下載 https://style.udn.com/style/story/12457/4911484, 在成為明星之前要經過多少試煉Jessica首部小說Shine揭露練習生之間的明爭暗算
      >> 下載 https://udn.com/news/story/7321/4926140, 氣爆燒傷截肢過失刑責不追究
      >> 下載 https://udn.com/news/story/7332/4925154, 出殯隊伍疑放煙花爆竹驚動黃蜂窩四川逾10村民遭蜇1人死亡
      >> 下載 https://udn.com/news/story/121687/4924957, 共和黨夢魘巴維理杜然報告選前不公布
      >> 下載 https://udn.com/news/story/6809/4924562, 黎巴嫩首都貝魯特再傳油槽爆炸4死逾30傷
      >> 下載 https://udn.com/news/story/7320/4924440, 美髮店女老闆點煙釀氣爆她遭火焚截肢重創獲不起訴
      >> 下載 https://udn.com/news/story/7241/4925589, 產業追蹤斷鏈風險驅動兩需求
      >> 下載 https://udn.com/news/story/7241/4926119, 八方雲集買丹堤收購價6500萬元
      >> 下載 https://fund.udn.com/fund/story/5858/4926056, 投信教戰Q4投資股優於債
      >> 下載 https://udn.com/news/story/7254/4925464, 答案揭曉八方雲集以這個價格收購丹堤咖啡
      >> 下載 https://udn.com/news/story/10474/4924436, 桃市國慶升旗典禮鄭文燦盼疫情退散台灣平安
      >> 下載 https://udn.com/news/story/7241/4924380, 植物肉商機夯超商餐飲業搶食600億商機
      >> 下載 https://udn.com/news/story/6813/4925375, 美軍研發狗用AR護目鏡人不在旁也可執行搜救任務
      >> 下載 https://udn.com/umedia/story/12751/4914251, 宜蘭009小吃部烤鴨肉嚼勁帶著香氣
      >> 找不到新聞內容，可能是新聞的格式不同所致。
      >> 下載 https://udn.com/news/story/7241/4924849, 台北紡織展13日登場聚焦五大主軸
      >> 下載 https://udn.com/news/story/12681/4923591, OB話題莫言晚期風格的開始王德威談晚熟的人
      >> 下載 https://udn.com/umedia/story/12749/4914242, 台中谷關松鶴美食旅遊泡湯一日遊
      >> 找不到新聞內容，可能是新聞的格式不同所致。
      >> 下載 https://udn.com/news/story/7325/4924868, 水情吃緊全民抗旱中市供應取用水資中心回收放流水
      >> 下載 https://udn.com/news/story/7321/4926140, 氣爆燒傷截肢過失刑責不追究
      >> 下載 https://udn.com/news/story/7320/4924440, 美髮店女老闆點煙釀氣爆她遭火焚截肢重創獲不起訴
      >> 下載 https://udn.com/news/story/7314/4926309, 聯合報一周大事10041010
      >> 下載 https://udn.com/news/story/121687/4926281, 川普染疫後白宮辦首場公開活動數百人聚集出席
      >> 下載 https://udn.com/news/story/6813/4926212, AIT主席賀雙十續推動美台關係助台灣提升國防
      >> 下載 https://udn.com/news/story/7241/4925591, 產業追蹤美抵制陸企台鏈三路突圍
      >> 下載 https://udn.com/news/story/10474/4926118, 總統願與陸促成有意義對話
      >> 下載 https://udn.com/news/story/7333/4925987, TikTok又中箭巴基斯坦封殺
      >> 下載 https://udn.com/news/story/7339/4926218, 大屋頂下場所的悲哀國葬李登輝
      >> 下載 https://udn.com/news/story/120887/4925572, 圓美人魚夢美照背後綁鉛塊忍眼痛最怕你不笑
      >> 下載 https://udn.com/news/story/6656/4926200, 藍2避戰決議案宋批花巧戰術
      >> 下載 https://udn.com/news/story/7320/4926202, 無家母女夜宿府前廣場國慶遭驅離
      >> 下載 https://udn.com/news/story/10474/4926145, 蔡總統國慶演說獲學者肯定北京是否接橄欖枝持保留
      >> 下載 https://udn.com/news/story/7339/4926153, 蔡能讓人回想2020嗎
      >> 下載 https://udn.com/news/story/7314/4925765, 故宮南院化身蒙古大草原
      >> 下載 https://health.udn.com/health/story/5961/4920466, 除了流感疫苗專家提醒成人這9種疫苗也要接種
      >> 下載 https://udn.com/news/story/7320/4926128, 不顧對方載女嬰馬路狂逼車
      >> 下載 https://udn.com/news/story/10474/4926150, 蔡總統國慶喊話基於尊重理解願與北京對話
      >> 下載 https://udn.com/news/story/7268/4916187, 殺破狼周運勢雙子小心陷桃色糾紛射手職場內暗潮洶湧
      >> 下載 https://udn.com/news/story/121687/4926152, 染疫第10天白宮2千人造勢川普挨批
      >> 下載 https://udn.com/news/story/9750/4925922, 學者食安淪政治民眾冷眼旁觀
      >> 下載 https://udn.com/news/story/9750/4925921, 新聞眼稽查無力民眾自求多福吧
