     -----> 新聞爬蟲：蘋果日報

           <<< 蘋果日報新聞搜尋 >>>
  ------------------------------------------------------
  ------------------------------------------------------
    >> 搜尋關鍵字:"工業用"; 網址:"https://tw.appledaily.com/search/工業用/"
         <<< 2020-10-06 沒有更多 "工業用" 相關的新聞 !!! >>>
  ------------------------------------------------------
    >> 搜尋關鍵字:"化工"; 網址:"https://tw.appledaily.com/search/化工/"
         >>> 找到關鍵字 "化工"; 文章資訊: 2020-10-05 15:50:00, 台灣首家富邦人壽偕荒野保護協會啟動3年川廢快篩調查, https://tw.appledaily.com/property/20201005/3PL74LX5JZE3ZKVJZCZALOIXBA/
         <<< 2020-10-06 沒有更多 "化工" 相關的新聞 !!! >>>
  ------------------------------------------------------
    >> 搜尋關鍵字:"化災"; 網址:"https://tw.appledaily.com/search/化災/"
         <<< 2020-10-06 沒有更多 "化災" 相關的新聞 !!! >>>
  ------------------------------------------------------
    >> 搜尋關鍵字:"化學"; 網址:"https://tw.appledaily.com/search/化學/"
         >>> 找到關鍵字 "化學"; 文章資訊: 2020-10-05 12:55:00, 韓廠超日趕中樂金化學EV電池市佔全球第1, https://tw.appledaily.com/property/20201005/URZJ3S2HIJDILKKVRHNXRNHLEI/
         >>> 找到關鍵字 "化學"; 文章資訊: 2020-10-06 00:00:00, 運輸製造業慘澹增近千人放無薪假, https://tw.appledaily.com/headline/20201006/4YKEVIF5KNBFFN4DPP77IZ2V6E/
         >>> 找到關鍵字 "化學"; 文章資訊: 2020-10-05 22:26:00, 諾貝爾生醫獎今揭曉英美3學者發現C肝病毒共獲殊榮, https://tw.appledaily.com/international/20201005/ASRRWBLUI5FR5EA525S5KPM4XQ/
         >>> 找到關鍵字 "化學"; 文章資訊: 2020-10-05 12:14:00, 武肺續衝擊最新無薪統計出爐17萬人放無薪假增近千人, https://tw.appledaily.com/life/20201005/JDUXSQAMIZCCTI22Z2SK7UXTHY/
         >>> 找到關鍵字 "化學"; 文章資訊: 2020-10-05 17:53:00, 新北登革熱群聚燒不停今再添3例累計42人染疫, https://tw.appledaily.com/life/20201005/QXNFDNXKJRAA7KSF6NHT5XI6JM/
         >>> 找到關鍵字 "化學"; 文章資訊: 2020-10-05 13:36:00, 9月PMINMI同步擴張中經院景氣技術性復甦, https://tw.appledaily.com/property/20201005/HSIRCI2UYJHRTGS26CQDXR7QVI/
         <<< 2020-10-06 沒有更多 "化學" 相關的新聞 !!! >>>
  ------------------------------------------------------
    >> 搜尋關鍵字:"外洩"; 網址:"https://tw.appledaily.com/search/外洩/"
         <<< 2020-10-06 沒有更多 "外洩" 相關的新聞 !!! >>>
  ------------------------------------------------------
    >> 搜尋關鍵字:"危害"; 網址:"https://tw.appledaily.com/search/危害/"
         >>> 找到關鍵字 "危害"; 文章資訊: 2020-10-06 00:00:00, 遭大陸不肖業者盜用賣假貨江宏恩喊告, https://tw.appledaily.com/headline/20201006/QVTJQF4MIBBDBPCA3JBSM5D7PA/
         <<< 2020-10-06 沒有更多 "危害" 相關的新聞 !!! >>>
  ------------------------------------------------------
    >> 搜尋關鍵字:"有毒"; 網址:"https://tw.appledaily.com/search/有毒/"
         <<< 2020-10-06 沒有更多 "有毒" 相關的新聞 !!! >>>
  ------------------------------------------------------
    >> 搜尋關鍵字:"有害"; 網址:"https://tw.appledaily.com/search/有害/"
         >>> 找到關鍵字 "有害"; 文章資訊: 2020-10-06 00:00:00, 狗仔直擊信跑腿洗千萬麥拉倫愛女專機貼胸, https://tw.appledaily.com/entertainment/20201006/Q4UU45CYWJGUJHT3TWJU46FZ4E/
         >>> 找到關鍵字 "有害"; 文章資訊: 2020-10-06 00:05:00, 在美福飯店環遊世界4款特製茶點配手沖咖啡超搭, https://tw.appledaily.com/supplement/20201006/TSAO4PRYSNGHNJGNOP6AD2LNJA/
         >>> 找到關鍵字 "有害"; 文章資訊: 2020-10-06 00:12:00, 防疫有成Hold住名廚駐台米其林餐盤餐廳TheTavernist揭新貌, https://tw.appledaily.com/supplement/20201006/PXKKGP5OQFEKVBFA5CJ4KTHXJU/
         >>> 找到關鍵字 "有害"; 文章資訊: 2020-10-05 19:51:00, 攜帶超量菸品入境遭逮明年起罰鍰加倍, https://tw.appledaily.com/property/20201005/4NWWKSI7JJHF3ECKU72ZODJRMI/
         >>> 找到關鍵字 "有害"; 文章資訊: 2020-10-05 15:46:00, 武漢肺炎香港連5天出現源頭不明本土病例專家憂再現第4波疫情, https://tw.appledaily.com/international/20201005/P27CONUHP5GWZDW4XFDZN6SWNU/
         <<< 2020-10-06 沒有更多 "有害" 相關的新聞 !!! >>>
  ------------------------------------------------------
    >> 搜尋關鍵字:"色料"; 網址:"https://tw.appledaily.com/search/色料/"
         <<< 2020-10-06 沒有更多 "色料" 相關的新聞 !!! >>>
  ------------------------------------------------------
    >> 搜尋關鍵字:"色素"; 網址:"https://tw.appledaily.com/search/色素/"
         <<< 2020-10-06 沒有更多 "色素" 相關的新聞 !!! >>>
  ------------------------------------------------------
    >> 搜尋關鍵字:"毒性"; 網址:"https://tw.appledaily.com/search/毒性/"
      **** something wrong!! Restart it!! ****
  ------------------------------------------------------
    >> 搜尋關鍵字:"毒品"; 網址:"https://tw.appledaily.com/search/毒品/"
         >>> 找到關鍵字 "毒品"; 文章資訊: 2020-10-06 00:00:00, 元旦起手搖飲要標總熱量, https://tw.appledaily.com/headline/20201006/5BITJUISL5FGJCMNA4SXV3ZBMU/
         >>> 找到關鍵字 "毒品"; 文章資訊: 2020-10-05 16:39:00, 爆卡超甜珍珠躲不了元旦上路手搖飲強制標示總熱量糖量, https://tw.appledaily.com/life/20201005/JRHG4UDOGNCOFHYQESLCW4N2YQ/
         <<< 2020-10-06 沒有更多 "毒品" 相關的新聞 !!! >>>
  ------------------------------------------------------
    >> 搜尋關鍵字:"致癌"; 網址:"https://tw.appledaily.com/search/致癌/"
         <<< 2020-10-06 沒有更多 "致癌" 相關的新聞 !!! >>>
  ------------------------------------------------------
    >> 搜尋關鍵字:"重金屬"; 網址:"https://tw.appledaily.com/search/重金屬/"
      **** something wrong!! Restart it!! ****
  ------------------------------------------------------
    >> 搜尋關鍵字:"食安"; 網址:"https://tw.appledaily.com/search/食安/"
         >>> 找到關鍵字 "食安"; 文章資訊: 2020-10-06 00:00:00, 外送平台菜單須標豬肉來源, https://tw.appledaily.com/headline/20201006/JSW7C6PQAVDOBO3IPTN3ELYQJU/
         >>> 找到關鍵字 "食安"; 文章資訊: 2020-10-05 22:26:00, 團購價6顆1380元香港老行家空運燕窩月餅還未拆封驚見黑霉, https://tw.appledaily.com/life/20201005/ZXP4JGNCC5AVNGNEJX2TV7MA3A/
         >>> 找到關鍵字 "食安"; 文章資訊: 2020-10-05 22:27:00, 獨家台中12名外籍大學生檢疫驚現武肺症狀4生發燒快篩結果出爐, https://tw.appledaily.com/life/20201005/HB6YH4FCWBBL5BJBKQ675JFWWE/
         >>> 找到關鍵字 "食安"; 文章資訊: 2020-10-05 19:39:00, 中國國家糧倉混入2000噸毒米4奸商僅判監15年, https://tw.appledaily.com/international/20201005/VIURB5EOFNHRJF7TMZDB44FJQQ/
         <<< 2020-10-06 沒有更多 "食安" 相關的新聞 !!! >>>
  ------------------------------------------------------
    >> 搜尋關鍵字:"香料"; 網址:"https://tw.appledaily.com/search/香料/"
         >>> 找到關鍵字 "香料"; 文章資訊: 2020-10-06 00:14:00, 大廚教做滷雞翅香嫩關鍵小火慢煮更入味, https://tw.appledaily.com/supplement/20201006/DVUPV4MRRBGGRG6JNNSSBMH5LY/
         >>> 找到關鍵字 "香料"; 文章資訊: 2020-10-06 00:03:00, 王品搶宅經濟商機聚石二鍋7款商品全聯獨賣, https://tw.appledaily.com/supplement/20201006/RKPUURSTVJBVVLIWY5JRYH5WNQ/
         <<< 2020-10-06 沒有更多 "香料" 相關的新聞 !!! >>>
  ------------------------------------------------------
    >> 搜尋關鍵字:"原料"; 網址:"https://tw.appledaily.com/search/原料/"
         >>> 找到關鍵字 "原料"; 文章資訊: 2020-10-06 00:00:00, 外送平台菜單須標豬肉來源, https://tw.appledaily.com/headline/20201006/JSW7C6PQAVDOBO3IPTN3ELYQJU/
         >>> 找到關鍵字 "原料"; 文章資訊: 2020-10-06 00:00:00, 暢遊新竹老景點大翻轉公園火車站變身網紅景點, https://tw.appledaily.com/lifestyle/20201006/E67YYCUM7RGLVDRN3EAEJ7CAYI/
         >>> 找到關鍵字 "原料"; 文章資訊: 2020-10-05 20:05:00, 外送平台強制標示豬肉來源元旦起實施衛福部未標或不實最重罰4百萬, https://tw.appledaily.com/life/20201005/JVZDNGJ6X5B43D7DLD3JKP27UU/
         <<< 2020-10-06 沒有更多 "原料" 相關的新聞 !!! >>>
  ------------------------------------------------------
    >> 搜尋關鍵字:"氣爆"; 網址:"https://tw.appledaily.com/search/氣爆/"
         >>> 找到關鍵字 "氣爆"; 文章資訊: 2020-10-05 10:31:00, 碧潭商店街氣爆竟是老鼠惹的禍, https://tw.appledaily.com/local/20201005/QDCJK4RA4JARZM3B4GRPS6A66I/
         <<< 2020-10-06 沒有更多 "氣爆" 相關的新聞 !!! >>>
  ------------------------------------------------------
    >> 搜尋關鍵字:"添加物"; 網址:"https://tw.appledaily.com/search/添加物/"
         <<< 2020-10-06 沒有更多 "添加物" 相關的新聞 !!! >>>
  ------------------------------------------------------
    >> 搜尋關鍵字:"黑心"; 網址:"https://tw.appledaily.com/search/黑心/"
         >>> 找到關鍵字 "黑心"; 文章資訊: 2020-10-06 00:00:00, 遭大陸不肖業者盜用賣假貨江宏恩喊告, https://tw.appledaily.com/headline/20201006/QVTJQF4MIBBDBPCA3JBSM5D7PA/
         <<< 2020-10-06 沒有更多 "黑心" 相關的新聞 !!! >>>
  ------------------------------------------------------
    >> 搜尋關鍵字:"漂白"; 網址:"https://tw.appledaily.com/search/漂白/"
         <<< 2020-10-06 沒有更多 "漂白" 相關的新聞 !!! >>>
  ------------------------------------------------------
    >> 搜尋關鍵字:"爆炸"; 網址:"https://tw.appledaily.com/search/爆炸/"
         <<< 2020-10-06 沒有更多 "爆炸" 相關的新聞 !!! >>>
  ------------------------------------------------------
    >> 搜尋關鍵字:"新興"; 網址:"https://tw.appledaily.com/search/新興/"
         >>> 找到關鍵字 "新興"; 文章資訊: 2020-10-06 06:00:00, 外資回頭連買2周台股上周外資淨流入稱冠亞股, https://tw.appledaily.com/property/20201006/W6K4YCPSNFEFHM3L4ZL6KDK2VE/
         >>> 找到關鍵字 "新興"; 文章資訊: 2020-10-06 00:00:00, 肇逃追兇逆轉醉男自撞亡, https://tw.appledaily.com/headline/20201006/ING7TA4THNFTTEUNSACBMYLG5A/
         >>> 找到關鍵字 "新興"; 文章資訊: 2020-10-06 00:00:00, 2902元台幣躍升9年新高, https://tw.appledaily.com/finance/20201006/SZGOONZZZBEVLKUNP2DFVCA3YQ/
         >>> 找到關鍵字 "新興"; 文章資訊: 2020-10-06 00:00:00, 和服花卉70年代巴黎掀亞洲瘋潮高田賢三成就KENZO時尚王國, https://tw.appledaily.com/entertainment/20201006/VN2WLAJUAZDKRHJJ7AK3FRJIDY/
         >>> 找到關鍵字 "新興"; 文章資訊: 2020-10-05 20:21:00, 預料央行將提供支持花旗建議逢低買入全球股票, https://tw.appledaily.com/property/20201005/O6JEBSD7AJBAHJWFI56I7E5LU4/
         >>> 找到關鍵字 "新興"; 文章資訊: 2020-10-05 16:29:00, 六都首創今起在高雄禁菸區抽電子煙可罰1萬元, https://tw.appledaily.com/life/20201005/CN6IG3O7MBBYVN3A6SKMFQJXYA/
         >>> 找到關鍵字 "新興"; 文章資訊: 2020-10-05 20:14:00, 肇逃追兇5小時逆轉影片曝光男大生詭譎左切爆頭亡台語片, https://tw.appledaily.com/local/20201005/4PK637FSZBGVXMWUK7LU47RMDM/
         >>> 找到關鍵字 "新興"; 文章資訊: 2020-10-05 16:56:00, 央行放棄治療台幣收盤價創下9年1個月新高, https://tw.appledaily.com/property/20201005/XWSS4ADRY5GCFLBENYAUPII74M/
         >>> 找到關鍵字 "新興"; 文章資訊: 2020-10-05 15:11:00, 台股不斷更新雙十連假前量縮收漲32點, https://tw.appledaily.com/property/20201005/K7EUC6LUHBFNVLIA3KIVLANCFM/
         <<< 2020-10-06 沒有更多 "新興" 相關的新聞 !!! >>>
  ------------------------------------------------------
    >> 搜尋關鍵字:"爆裂物"; 網址:"https://tw.appledaily.com/search/爆裂物/"
         <<< 2020-10-06 沒有更多 "爆裂物" 相關的新聞 !!! >>>
  ------------------------------------------------------
    >> 搜尋關鍵字:"IED"; 網址:"https://tw.appledaily.com/search/IED/"
         <<< 2020-10-06 沒有更多 "IED" 相關的新聞 !!! >>>
  ------------------------------------------------------
    >> 搜尋關鍵字:"排放"; 網址:"https://tw.appledaily.com/search/排放/"
         >>> 找到關鍵字 "排放"; 文章資訊: 2020-10-05 17:29:00, 竹縣投46億擴建水資中心回收再生水可供給竹科使用, https://tw.appledaily.com/life/20201005/EOH6P7ANWNDZLEAIO6FE22ID7I/
         <<< 2020-10-06 沒有更多 "排放" 相關的新聞 !!! >>>
  ------------------------------------------------------
    >> 搜尋關鍵字:"污染"; 網址:"https://tw.appledaily.com/search/污染/"
      **** something wrong!! Restart it!! ****
  ------------------------------------------------------
    >> 搜尋關鍵字:"廢水"; 網址:"https://tw.appledaily.com/search/廢水/"
         <<< 2020-10-06 沒有更多 "廢水" 相關的新聞 !!! >>>
  ------------------------------------------------------
    >> 搜尋關鍵字:"污水"; 網址:"https://tw.appledaily.com/search/污水/"
         >>> 找到關鍵字 "污水"; 文章資訊: 2020-10-05 17:29:00, 竹縣投46億擴建水資中心回收再生水可供給竹科使用, https://tw.appledaily.com/life/20201005/EOH6P7ANWNDZLEAIO6FE22ID7I/
         <<< 2020-10-06 沒有更多 "污水" 相關的新聞 !!! >>>
  ------------------------------------------------------
    >> 搜尋關鍵字:"洩漏"; 網址:"https://tw.appledaily.com/search/洩漏/"
      **** something wrong!! Restart it!! ****
  ------------------------------------------------------
    >> 搜尋關鍵字:"暗管"; 網址:"https://tw.appledaily.com/search/暗管/"
