     -----> 新聞爬蟲：聯合新聞網

           <<< 聯合新聞網新聞搜尋 >>>
        ------------------------------------------------------
        ------------------------------------------------------
       >> 搜尋關鍵字:"工業用"; 網址:"https://udn.com/search/word/2/工業用"
         >>> 找到關鍵字 "工業用"; 文章資訊: 2020-10-08 03:33:18, 水情拉警報四地減壓供水, https://udn.com/news/story/7238/4918559
         >>> 找到關鍵字 "工業用"; 文章資訊: 2020-10-07 17:58:12, 爐渣能填工業用地時代說NO南市環保可以, https://udn.com/news/story/7326/4917818
         >>> 找到關鍵字 "工業用"; 文章資訊: 2020-10-07 17:38:13, 沒颱風又少雨桃竹苗14日起水情燈號轉綠燈自來水減壓, https://udn.com/news/story/7266/4917784
         >>> 找到關鍵字 "工業用"; 文章資訊: 2020-10-07 12:07:07, 經長證實水情吃緊水利署說明最新供水情勢, https://udn.com/news/story/7238/4916665
         >>> 找到關鍵字 "工業用"; 文章資訊: 2020-10-07 11:42:09, 外資調高聯電至買進喊出最高目標價45元, https://udn.com/news/story/7251/4916568
         >>> 找到關鍵字 "工業用"; 文章資訊: 2020-10-07 11:23:10, 日月潭水情穩定目前高水位配合中水局調度, https://udn.com/news/story/7266/4916517
         >>> 找到關鍵字 "工業用"; 文章資訊: 2020-10-07 10:49:11, 缺水嚴重農業工業用水矛盾加劇台南推再生水計畫, https://udn.com/news/story/7326/4916350
         <<< 2020-10-08 沒有更多 "工業用" 相關的新聞 !!! >>>
        ------------------------------------------------------
       >> 搜尋關鍵字:"化工"; 網址:"https://udn.com/search/word/2/化工"
         >>> 找到關鍵字 "化工"; 文章資訊: 2020-10-07 22:57:16, 花工陳怡安獲旺宏科學獎佳作, https://udn.com/news/story/6929/4918425
         >>> 找到關鍵字 "化工"; 文章資訊: 2020-10-07 16:22:15, 新莊樹林周邊電桿全面地下化耗資9億5400萬, https://udn.com/news/story/7323/4917536
         >>> 找到關鍵字 "化工"; 文章資訊: 2020-10-07 14:53:07, 為何產業界搶著要清大生20有跨領域雙專長, https://udn.com/news/story/7269/4917217
         >>> 找到關鍵字 "化工"; 文章資訊: 2020-10-07 13:17:11, 每天都在讀書花蓮高工陳怡安獲旺宏科學獎佳作, https://udn.com/news/story/7328/4916871
         >>> 找到關鍵字 "化工"; 文章資訊: 2020-10-07 11:31:00, 企業力挺力世代星展銀行培力青年更助社會企業加值人資專業, https://vision.udn.com/vision/story/121528/4916542
         <<< 2020-10-08 沒有更多 "化工" 相關的新聞 !!! >>>
        ------------------------------------------------------
       >> 搜尋關鍵字:"化災"; 網址:"https://udn.com/search/word/2/化災"
         <<< 2020-10-08 沒有更多 "化災" 相關的新聞 !!! >>>
        ------------------------------------------------------
       >> 搜尋關鍵字:"化學"; 網址:"https://udn.com/search/word/2/化學"
         >>> 找到關鍵字 "化學"; 文章資訊: 2020-10-08 05:42:08, 外銷陸港美二位數成長, https://udn.com/news/story/7238/4918628
         >>> 找到關鍵字 "化學"; 文章資訊: 2020-10-08 00:42:00, 經濟日報社論氣候黑天鵝帶來的挑戰, https://udn.com/news/story/7338/4918646
         >>> 找到關鍵字 "化學"; 文章資訊: 2020-10-08 00:40:00, 手術化療放療都沒辦法了我還有活路嗎, https://health.udn.com/health/story/6013/4912032
         >>> 找到關鍵字 "化學"; 文章資訊: 2020-10-08 00:37:29, 最多只頒3人諾貝爾科學獎項死抱傳統惹毛科學界, https://udn.com/news/story/120883/4918890
         >>> 找到關鍵字 "化學"; 文章資訊: 2020-10-08 00:18:54, 諾貝爾化學獎一擅剪一擅補創基因剪刀, https://udn.com/news/story/120764/4918777
         >>> 找到關鍵字 "化學"; 文章資訊: 2020-10-08 00:13:37, 空拍機蒐證搗破山區製毒廠起出7億毒品, https://udn.com/news/story/7315/4918809
         >>> 找到關鍵字 "化學"; 文章資訊: 2020-10-08 00:11:29, 諾貝爾化學獎首度2女學者囊括, https://udn.com/news/story/120764/4918852
         >>> 找到關鍵字 "化學"; 文章資訊: 2020-10-07 23:13:28, 基因檢測治癌高醫成效不錯, https://udn.com/news/story/7266/4918362
         >>> 找到關鍵字 "化學"; 文章資訊: 2020-10-07 22:57:16, 花工陳怡安獲旺宏科學獎佳作, https://udn.com/news/story/6929/4918425
         >>> 找到關鍵字 "化學"; 文章資訊: 2020-10-07 22:04:07, 經濟部透露近期將通過破百億投資大案, https://udn.com/news/story/7238/4918335
         >>> 找到關鍵字 "化學"; 文章資訊: 2020-10-07 20:39:08, DNA剪刀改變生命藍圖諾貝爾化學獎得主無私分享, https://udn.com/news/story/120764/4918146
         >>> 找到關鍵字 "化學"; 文章資訊: 2020-10-07 20:26:09, 最好用的基因剪刀諾貝爾化學獎2女學者一拍即合, https://udn.com/news/story/120764/4918119
         >>> 找到關鍵字 "化學"; 文章資訊: 2020-10-07 19:47:00, 又是菜園新北本土登革熱疑開新戰場蘆洲7旬婦確診, https://health.udn.com/health/story/5961/4917822
         >>> 找到關鍵字 "化學"; 文章資訊: 2020-10-07 18:46:09, 諾貝爾獎化學獎得主夏彭提耶和道納2016年曾獲唐獎, https://udn.com/news/story/120764/4917919
         >>> 找到關鍵字 "化學"; 文章資訊: 2020-10-07 18:01:08, 又是菜園新北本土登革熱疑開新戰場蘆洲7旬婦確診, https://udn.com/news/story/7266/4917822
         >>> 找到關鍵字 "化學"; 文章資訊: 2020-10-07 17:53:05, 諾貝爾化學獎揭曉美法兩位女性科學家獲獎, https://udn.com/news/story/120764/4917811
         >>> 找到關鍵字 "化學"; 文章資訊: 2020-10-07 15:19:11, 影1只感應器它就跟你走雙十連假來雲林體驗智慧農機, https://udn.com/news/story/7326/4917322
         >>> 找到關鍵字 "化學"; 文章資訊: 2020-10-07 14:53:07, 為何產業界搶著要清大生20有跨領域雙專長, https://udn.com/news/story/7269/4917217
         >>> 找到關鍵字 "化學"; 文章資訊: 2020-10-07 13:17:11, 每天都在讀書花蓮高工陳怡安獲旺宏科學獎佳作, https://udn.com/news/story/7328/4916871
         >>> 找到關鍵字 "化學"; 文章資訊: 2020-10-07 12:48:09, 基因檢測結合標靶藥物為患者找出最有效益藥物與劑量, https://udn.com/news/story/7266/4916789
        ------------------------------------------------------
       >> 搜尋關鍵字:"外洩"; 網址:"https://udn.com/search/word/2/外洩"
         >>> 找到關鍵字 "外洩"; 文章資訊: 2020-10-07 23:10:12, 陳其邁議會處女秀場內場外火爆, https://udn.com/news/story/7327/4918313
         >>> 找到關鍵字 "外洩"; 文章資訊: 2020-10-07 17:00:11, 安硌穈T9月營收月增431今年單月新高, https://udn.com/news/story/7254/4917652
         >>> 找到關鍵字 "外洩"; 文章資訊: 2020-10-07 15:36:11, 施政報告封面吸睛高市盼以高雄一百鑑往知來, https://udn.com/news/story/7327/4917337
         >>> 找到關鍵字 "外洩"; 文章資訊: 2020-10-07 11:55:12, 施政報告陳其邁揭橋科明年底廠商選地設廠目標, https://udn.com/news/story/7327/4916609
         <<< 2020-10-08 沒有更多 "外洩" 相關的新聞 !!! >>>
        ------------------------------------------------------
       >> 搜尋關鍵字:"危害"; 網址:"https://udn.com/search/word/2/危害"
         >>> 找到關鍵字 "危害"; 文章資訊: 2020-10-08 00:11:18, 連鎖效應成立雲端廚房做好兩防線, https://udn.com/news/story/7241/4918310
         >>> 找到關鍵字 "危害"; 文章資訊: 2020-10-08 00:09:45, 國小驚見萊豬文宣北市要求重印, https://udn.com/news/story/9750/4918827
         >>> 找到關鍵字 "危害"; 文章資訊: 2020-10-07 23:48:13, 移交陳同佳港提石棺案模式, https://udn.com/news/story/7331/4918806
         >>> 找到關鍵字 "危害"; 文章資訊: 2020-10-07 23:17:39, 中央無視訴求環團中南部呼吸不平等, https://udn.com/news/story/7314/4918430
         >>> 找到關鍵字 "危害"; 文章資訊: 2020-10-07 20:42:07, 台南殯儀館葬儀業者頭遭轟爆凶嫌被檢方聲押禁見, https://udn.com/news/story/7315/4918151
         >>> 找到關鍵字 "危害"; 文章資訊: 2020-10-07 17:10:09, 影台南殯儀館葬儀業者頭遭轟爆2凶嫌依殺人移送南檢, https://udn.com/news/story/7315/4917697
         >>> 找到關鍵字 "危害"; 文章資訊: 2020-10-07 17:01:14, 空汙季來襲中火擬增機組7縣市首長簽署聲明強力反對, https://udn.com/news/story/7325/4917651
         >>> 找到關鍵字 "危害"; 文章資訊: 2020-10-07 16:42:08, 外傳籃球員張宗憲吸大麻菸獲緩起訴處分全案尚未偵結, https://udn.com/news/story/7321/4917613
         >>> 找到關鍵字 "危害"; 文章資訊: 2020-10-07 14:08:41, 國安法首案轉高院電單車手續押, https://udn.com/news/story/7331/4916569
         >>> 找到關鍵字 "危害"; 文章資訊: 2020-10-07 14:07:39, 澳門增設維護國安組織分析將有寒蟬效應, https://udn.com/news/story/7331/4916800
         >>> 找到關鍵字 "危害"; 文章資訊: 2020-10-07 13:53:07, 民宅火警疑縱火男子當天與女友吵架又去買汽油涉重嫌, https://udn.com/news/story/7320/4916982
         >>> 找到關鍵字 "危害"; 文章資訊: 2020-10-07 13:46:19, 鄭明典秀大自然美景卡門渦旋氣象局曝美麗但對建築物有危害, https://udn.com/news/story/7934/4916487
         >>> 找到關鍵字 "危害"; 文章資訊: 2020-10-07 13:42:04, 萊豬文宣竟進入北市7國小北市教育局確實不恰當, https://udn.com/news/story/9750/4916957
         >>> 找到關鍵字 "危害"; 文章資訊: 2020-10-07 12:48:05, 選舉策略專家川普沒康復急造勢是採高風險策略, https://udn.com/news/story/121707/4916577
         >>> 找到關鍵字 "危害"; 文章資訊: 2020-10-07 12:46:19, 鄭明典秀大自然美景卡門渦旋氣象局曝美麗但對建築物有危害, https://udn.com/news/story/7266/4916487
         >>> 找到關鍵字 "危害"; 文章資訊: 2020-10-07 12:38:08, 上萬噸事業廢棄物亂丟中彰投環保掮客羈押業者交保, https://udn.com/news/story/7321/4916745
         >>> 找到關鍵字 "危害"; 文章資訊: 2020-10-07 12:34:43, 在家工作好處多醫生說身體愈坐愈虛弱, https://udn.com/news/story/6897/4916496
         >>> 找到關鍵字 "危害"; 文章資訊: 2020-10-07 11:28:04, 萊豬文宣滲入國小校園國民黨質疑背後資金誰提供, https://udn.com/news/story/9750/4916530
         >>> 找到關鍵字 "危害"; 文章資訊: 2020-10-07 11:19:03, 國小萊豬文宣讓蔣萬安爆氣衛福部只有圖是食藥署的, https://udn.com/news/story/9750/4916501
         >>> 找到關鍵字 "危害"; 文章資訊: 2020-10-07 10:35:10, 國小田徑隊槍毒犯未戴安全帽遇警拔腿跑飛毛腿警飛撲, https://udn.com/news/story/7315/4916343
        ------------------------------------------------------
       >> 搜尋關鍵字:"有毒"; 網址:"https://udn.com/search/word/2/有毒"
         >>> 找到關鍵字 "有毒"; 文章資訊: 2020-10-07 18:10:14, 全國科技教育實作競賽台南復興國中智能逃生奪金, https://udn.com/news/story/6898/4917868
         >>> 找到關鍵字 "有毒"; 文章資訊: 2020-10-07 17:54:07, 商品通關遭破壞查驗台北關民眾可依法求償, https://udn.com/news/story/7320/4917752
         >>> 找到關鍵字 "有毒"; 文章資訊: 2020-10-07 14:35:04, 一刻鯨選曾麒鴻澳洲這麼大這樣最好玩, https://udn.com/news/story/12660/4914792
         <<< 2020-10-08 沒有更多 "有毒" 相關的新聞 !!! >>>
        ------------------------------------------------------
       >> 搜尋關鍵字:"有害"; 網址:"https://udn.com/search/word/2/有害"
         >>> 找到關鍵字 "有害"; 文章資訊: 2020-10-08 00:25:00, 膽固醇不是越低越好營養師有好壞之分4招提升好的改善壞的, https://health.udn.com/health/story/6008/4917746
         >>> 找到關鍵字 "有害"; 文章資訊: 2020-10-08 00:11:29, 諾貝爾化學獎首度2女學者囊括, https://udn.com/news/story/120764/4918852
         >>> 找到關鍵字 "有害"; 文章資訊: 2020-10-08 00:09:45, 國小驚見萊豬文宣北市要求重印, https://udn.com/news/story/9750/4918827
         >>> 找到關鍵字 "有害"; 文章資訊: 2020-10-07 20:41:12, 中國前三季自然災害損失13兆年增24, https://udn.com/news/story/7333/4918148
         >>> 找到關鍵字 "有害"; 文章資訊: 2020-10-07 18:03:27, 日常省思曾彥菁失速世界需要慢勇氣, https://udn.com/news/story/12674/4916374
         >>> 找到關鍵字 "有害"; 文章資訊: 2020-10-07 18:00:00, 紅肉不健康白肉比較健康是真的嗎營養師教你如何區分紅白肉, https://health.udn.com/health/story/6037/4917574
         >>> 找到關鍵字 "有害"; 文章資訊: 2020-10-07 14:51:07, 微信禁用影響生活美華人社交斷線, https://udn.com/news/story/6813/4917124
         >>> 找到關鍵字 "有害"; 文章資訊: 2020-10-07 13:11:04, 力爭0到2歲托育禁用萊劑豬蔣萬安提案遭圍剿, https://udn.com/news/story/9750/4916855
         >>> 找到關鍵字 "有害"; 文章資訊: 2020-10-07 11:28:04, 萊豬文宣滲入國小校園國民黨質疑背後資金誰提供, https://udn.com/news/story/9750/4916530
         >>> 找到關鍵字 "有害"; 文章資訊: 2020-10-07 11:19:03, 國小萊豬文宣讓蔣萬安爆氣衛福部只有圖是食藥署的, https://udn.com/news/story/9750/4916501
         >>> 找到關鍵字 "有害"; 文章資訊: 2020-10-07 11:17:06, 巴西分析神秘種子包裹內含真菌塵和害草, https://udn.com/news/story/6812/4916477
         >>> 找到關鍵字 "有害"; 文章資訊: 2020-10-07 10:00:01, 瞄準北美市場ToyotaHino合作開發氫燃料重車, https://autos.udn.com/autos/story/7826/4913668
         >>> 找到關鍵字 "有害"; 文章資訊: 2020-10-07 09:50:06, 新冠致命性比流感低川普亂發文遭臉書刪除推特隱藏, https://udn.com/news/story/121707/4916231
         >>> 找到關鍵字 "有害"; 文章資訊: 2020-10-07 09:17:42, 有脂肪就是不好美國心臟協會腿粗患高血壓機率低, https://health.udn.com/health/story/5977/4916200
         <<< 2020-10-08 沒有更多 "有害" 相關的新聞 !!! >>>
        ------------------------------------------------------
       >> 搜尋關鍵字:"色料"; 網址:"https://udn.com/search/word/2/色料"
         >>> 找到關鍵字 "色料"; 文章資訊: 2020-10-07 20:06:05, 美術園道商圈異國美食嘉年華11道佳餚600元有找, https://udn.com/news/story/7270/4918072
         <<< 2020-10-08 沒有更多 "色料" 相關的新聞 !!! >>>
        ------------------------------------------------------
       >> 搜尋關鍵字:"色素"; 網址:"https://udn.com/search/word/2/色素"
         >>> 找到關鍵字 "色素"; 文章資訊: 2020-10-07 18:09:42, 超萌還送貼紙賈以食日推出3款角落小夥伴寶貝麵, https://udn.com/news/story/7193/4917866
         >>> 找到關鍵字 "色素"; 文章資訊: 2020-10-07 18:09:09, 超萌還送貼紙賈以食日推出3款角落小夥伴寶貝麵, https://udn.com/news/story/7270/4917866
         >>> 找到關鍵字 "色素"; 文章資訊: 2020-10-07 18:08:03, 超萌還送貼紙賈以食日推出3款角落小夥伴寶貝麵, https://style.udn.com/style/story/11350/4917866
         >>> 找到關鍵字 "色素"; 文章資訊: 2020-10-07 12:27:10, 日韓妞保養最重視保濕水潤專科AHC新品夠瞬效, https://udn.com/news/story/7270/4916722
         >>> 找到關鍵字 "色素"; 文章資訊: 2020-10-07 12:26:02, 日韓妞保養最重視保濕水潤專科AHC新品夠瞬效, https://style.udn.com/style/story/8079/4916722
         <<< 2020-10-08 沒有更多 "色素" 相關的新聞 !!! >>>
        ------------------------------------------------------
       >> 搜尋關鍵字:"毒性"; 網址:"https://udn.com/search/word/2/毒性"
         >>> 找到關鍵字 "毒性"; 文章資訊: 2020-10-07 19:41:46, 動物上好戲扁蟲緩步潛藏在海底的肉食魔毯, https://udn.com/news/story/12663/4917993
         >>> 找到關鍵字 "毒性"; 文章資訊: 2020-10-07 19:38:00, 台灣流感多在11月升溫醫師建議及早接種疫苗擁有抗體, https://health.udn.com/health/story/5999/4917880
         >>> 找到關鍵字 "毒性"; 文章資訊: 2020-10-07 18:15:10, 台灣流感多在11月升溫醫師建議及早接種疫苗擁有抗體, https://udn.com/news/story/7266/4917880
         >>> 找到關鍵字 "毒性"; 文章資訊: 2020-10-07 17:58:12, 爐渣能填工業用地時代說NO南市環保可以, https://udn.com/news/story/7326/4917818
         >>> 找到關鍵字 "毒性"; 文章資訊: 2020-10-07 12:48:09, 基因檢測結合標靶藥物為患者找出最有效益藥物與劑量, https://udn.com/news/story/7266/4916789
         >>> 找到關鍵字 "毒性"; 文章資訊: 2020-10-07 12:19:10, 恐引發肝腎毒性食藥署限定兩種蘆薈可食用, https://udn.com/news/story/7266/4916705
         >>> 找到關鍵字 "毒性"; 文章資訊: 2020-10-07 11:17:06, 巴西分析神秘種子包裹內含真菌塵和害草, https://udn.com/news/story/6812/4916477
         <<< 2020-10-08 沒有更多 "毒性" 相關的新聞 !!! >>>
        ------------------------------------------------------
       >> 搜尋關鍵字:"毒品"; 網址:"https://udn.com/search/word/2/毒品"
         >>> 找到關鍵字 "毒品"; 文章資訊: 2020-10-08 00:13:37, 空拍機蒐證搗破山區製毒廠起出7億毒品, https://udn.com/news/story/7315/4918809
         >>> 找到關鍵字 "毒品"; 文章資訊: 2020-10-07 20:42:07, 台南殯儀館葬儀業者頭遭轟爆凶嫌被檢方聲押禁見, https://udn.com/news/story/7315/4918151
         >>> 找到關鍵字 "毒品"; 文章資訊: 2020-10-07 18:38:15, 守護海疆32年海巡福星艦光榮退役, https://udn.com/news/story/10930/4917890
         >>> 找到關鍵字 "毒品"; 文章資訊: 2020-10-07 17:54:07, 商品通關遭破壞查驗台北關民眾可依法求償, https://udn.com/news/story/7320/4917752
         >>> 找到關鍵字 "毒品"; 文章資訊: 2020-10-07 17:10:09, 影台南殯儀館葬儀業者頭遭轟爆2凶嫌依殺人移送南檢, https://udn.com/news/story/7315/4917697
         >>> 找到關鍵字 "毒品"; 文章資訊: 2020-10-07 16:53:11, 紙風車反毒行動劇場竹北國中演出籲青少年對毒品說不, https://udn.com/news/story/6885/4917634
         >>> 找到關鍵字 "毒品"; 文章資訊: 2020-10-07 16:42:08, 外傳籃球員張宗憲吸大麻菸獲緩起訴處分全案尚未偵結, https://udn.com/news/story/7321/4917613
         >>> 找到關鍵字 "毒品"; 文章資訊: 2020-10-07 16:02:07, 高市警局治安成果豐碩兩天掃蕩破獲239件刑案, https://udn.com/news/story/7315/4917437
         >>> 找到關鍵字 "毒品"; 文章資訊: 2020-10-07 15:29:33, 社會檔案竹聯幫雙仁會以暴力聞名同門兄弟疑利益喬不攏痛下殺手, https://udn.com/news/story/120887/4916766
         >>> 找到關鍵字 "毒品"; 文章資訊: 2020-10-07 14:43:07, 研議科技偵查及保障法草案法界呼籲應適度提高法官保留密度, https://udn.com/news/story/7321/4917166
         >>> 找到關鍵字 "毒品"; 文章資訊: 2020-10-07 14:40:05, 酒駕致傷亡先關三天遭批民粹司法院內政部都不挺, https://udn.com/news/story/7321/4917146
         >>> 找到關鍵字 "毒品"; 文章資訊: 2020-10-07 13:41:13, 解決陸船越界艦隊分署移撥千噸屏東艦進駐澎湖, https://udn.com/news/story/7327/4916947
         >>> 找到關鍵字 "毒品"; 文章資訊: 2020-10-07 13:04:13, 立委提酒駕致人死傷先關3天內政部有疑慮, https://udn.com/news/story/7321/4916809
         >>> 找到關鍵字 "毒品"; 文章資訊: 2020-10-07 12:02:08, 影高雄砸酒店茶行後封城掃蕩連日查捕360人, https://udn.com/news/story/7320/4916638
         >>> 找到關鍵字 "毒品"; 文章資訊: 2020-10-07 12:01:06, 出動空拍機攀越山陵刑事局破新竹喵喵製毒工廠, https://udn.com/news/story/7315/4916625
         >>> 找到關鍵字 "毒品"; 文章資訊: 2020-10-07 10:35:10, 國小田徑隊槍毒犯未戴安全帽遇警拔腿跑飛毛腿警飛撲, https://udn.com/news/story/7315/4916343
         <<< 2020-10-08 沒有更多 "毒品" 相關的新聞 !!! >>>
        ------------------------------------------------------
       >> 搜尋關鍵字:"致癌"; 網址:"https://udn.com/search/word/2/致癌"
         >>> 找到關鍵字 "致癌"; 文章資訊: 2020-10-07 18:00:00, 紅肉不健康白肉比較健康是真的嗎營養師教你如何區分紅白肉, https://health.udn.com/health/story/6037/4917574
         >>> 找到關鍵字 "致癌"; 文章資訊: 2020-10-07 16:22:15, 新莊樹林周邊電桿全面地下化耗資9億5400萬, https://udn.com/news/story/7323/4917536
         >>> 找到關鍵字 "致癌"; 文章資訊: 2020-10-07 09:30:11, NDMA致癌風波延燒正和糖尿病藥自主回收, https://udn.com/news/story/7266/4916208
         >>> 找到關鍵字 "致癌"; 文章資訊: 2020-10-07 09:30:01, NDMA致癌風波延燒正和糖尿病藥自主回收, https://health.udn.com/health/story/6012/4916208
         <<< 2020-10-08 沒有更多 "致癌" 相關的新聞 !!! >>>
        ------------------------------------------------------
       >> 搜尋關鍵字:"重金屬"; 網址:"https://udn.com/search/word/2/重金屬"
         >>> 找到關鍵字 "重金屬"; 文章資訊: 2020-10-07 17:58:12, 爐渣能填工業用地時代說NO南市環保可以, https://udn.com/news/story/7326/4917818
         <<< 2020-10-08 沒有更多 "重金屬" 相關的新聞 !!! >>>
        ------------------------------------------------------
       >> 搜尋關鍵字:"食安"; 網址:"https://udn.com/search/word/2/食安"
         >>> 找到關鍵字 "食安"; 文章資訊: 2020-10-07 23:55:41, 何志偉提美豬量控管蔡英文不語同志勸阻這個死小孩, https://udn.com/news/story/9750/4918836
         >>> 找到關鍵字 "食安"; 文章資訊: 2020-10-07 23:10:54, 攻守易位藍打食安綠一派客氣, https://udn.com/news/story/7327/4918326
         >>> 找到關鍵字 "食安"; 文章資訊: 2020-10-07 20:22:04, 憂慮大內宣削弱反美豬聲量藍中常委提案上凱道遊行, https://udn.com/news/story/9750/4918113
         >>> 找到關鍵字 "食安"; 文章資訊: 2020-10-07 17:44:07, 中部七縣市長站出來齊聲反瘦肉精豬肉捍衛食安, https://udn.com/news/story/9750/4917794
         >>> 找到關鍵字 "食安"; 文章資訊: 2020-10-07 17:42:04, 吹哨康軒老董檢疫趴趴走遭解僱高嘉瑜批衛福部態度敷衍, https://udn.com/news/story/120940/4917790
         >>> 找到關鍵字 "食安"; 文章資訊: 2020-10-07 16:58:04, 何志偉提美豬總量管制蔡英文不語中常委勸阻, https://udn.com/news/story/9750/4917649
         >>> 找到關鍵字 "食安"; 文章資訊: 2020-10-07 16:11:04, 藍反萊克多巴胺美豬北市議會黨團中央放水北市把關, https://udn.com/news/story/9750/4917521
         >>> 找到關鍵字 "食安"; 文章資訊: 2020-10-07 16:00:23, 首施政報告藍給40綠給200分陳其邁市民決定, https://udn.com/news/story/7327/4917446
         >>> 找到關鍵字 "食安"; 文章資訊: 2020-10-07 15:09:03, 挺復交案江啟臣盼台美友好由虛轉實對中華民族有益, https://udn.com/news/story/121727/4917289
         >>> 找到關鍵字 "食安"; 文章資訊: 2020-10-07 14:30:06, 校園禁瘦肉精食材提案遭封殺民團籲制定法令罰則, https://udn.com/news/story/9750/4917108
         >>> 找到關鍵字 "食安"; 文章資訊: 2020-10-07 14:25:04, 民進黨中常會何志偉提美豬進口數量控管, https://udn.com/news/story/9750/4917094
         >>> 找到關鍵字 "食安"; 文章資訊: 2020-10-07 12:59:11, 反放寬萊豬進高雄國民黨議員促陳其邁簽禁令, https://udn.com/news/story/7327/4916729
         >>> 找到關鍵字 "食安"; 文章資訊: 2020-10-07 12:19:10, 恐引發肝腎毒性食藥署限定兩種蘆薈可食用, https://udn.com/news/story/7266/4916705
         >>> 找到關鍵字 "食安"; 文章資訊: 2020-10-07 12:17:03, 曾說萊豬進口總統下台陳其邁那是指馬英九, https://udn.com/news/story/9750/4916694
         >>> 找到關鍵字 "食安"; 文章資訊: 2020-10-07 11:58:04, 被問黨主席之位還值得努力嗎江啟臣會繼續走下去, https://udn.com/news/story/6656/4916620
         >>> 找到關鍵字 "食安"; 文章資訊: 2020-10-07 11:55:12, 施政報告陳其邁揭橋科明年底廠商選地設廠目標, https://udn.com/news/story/7327/4916609
         >>> 找到關鍵字 "食安"; 文章資訊: 2020-10-07 11:28:04, 萊豬文宣滲入國小校園國民黨質疑背後資金誰提供, https://udn.com/news/story/9750/4916530
         >>> 找到關鍵字 "食安"; 文章資訊: 2020-10-07 11:02:08, 有機栽培面積逐年增加今年兩位數成長, https://udn.com/news/story/7238/4916433
         >>> 找到關鍵字 "食安"; 文章資訊: 2020-10-07 10:30:16, 影杏仁哥等群眾高市議會反美豬批民進黨團充耳不聞, https://udn.com/news/story/7327/4916321
         <<< 2020-10-08 沒有更多 "食安" 相關的新聞 !!! >>>
        ------------------------------------------------------
       >> 搜尋關鍵字:"香料"; 網址:"https://udn.com/search/word/2/香料"
         >>> 找到關鍵字 "香料"; 文章資訊: 2020-10-08 00:25:15, 蘭嶼海邊撿到寶鑑定是龍涎香市價600萬, https://udn.com/news/story/7320/4918830
         >>> 找到關鍵字 "香料"; 文章資訊: 2020-10-07 17:05:22, 狂出怪口味比薩必勝客道歉請吃麵義大利人對不起, https://udn.com/news/story/7193/4917676
         >>> 找到關鍵字 "香料"; 文章資訊: 2020-10-07 17:05:11, 狂出怪口味比薩必勝客道歉請吃麵義大利人對不起, https://udn.com/news/story/7270/4917676
         >>> 找到關鍵字 "香料"; 文章資訊: 2020-10-07 17:04:03, 狂出怪口味比薩必勝客道歉請吃麵義大利人對不起, https://style.udn.com/style/story/11350/4917676
         >>> 找到關鍵字 "香料"; 文章資訊: 2020-10-07 12:27:10, 日韓妞保養最重視保濕水潤專科AHC新品夠瞬效, https://udn.com/news/story/7270/4916722
         >>> 找到關鍵字 "香料"; 文章資訊: 2020-10-07 12:26:02, 日韓妞保養最重視保濕水潤專科AHC新品夠瞬效, https://style.udn.com/style/story/8079/4916722
         >>> 找到關鍵字 "香料"; 文章資訊: 2020-10-07 10:33:10, 香檳喝起來海鮮餐酒館香檳買一送一, https://udn.com/news/story/7187/4916335
         >>> 找到關鍵字 "香料"; 文章資訊: 2020-10-07 10:33:10, 香檳喝起來海鮮餐酒館香檳買一送一, https://udn.com/news/story/7270/4916335
         >>> 找到關鍵字 "香料"; 文章資訊: 2020-10-07 10:33:02, 香檳喝起來海鮮餐酒館香檳買一送一, https://style.udn.com/style/story/11350/4916335
         >>> 找到關鍵字 "香料"; 文章資訊: 2020-10-07 08:33:10, 鮮美秋蟹料理太邪惡5大星級飯店餐廳以絕美好菜感蟹老饕, https://udn.com/news/story/7193/4899218
         <<< 2020-10-08 沒有更多 "香料" 相關的新聞 !!! >>>
        ------------------------------------------------------
       >> 搜尋關鍵字:"原料"; 網址:"https://udn.com/search/word/2/原料"
         >>> 找到關鍵字 "原料"; 文章資訊: 2020-10-08 05:42:09, 國壽電子保單數稱冠, https://udn.com/news/story/7239/4918803
         >>> 找到關鍵字 "原料"; 文章資訊: 2020-10-08 05:42:07, 疫情效應拉大傳統創新差距, https://udn.com/news/story/7238/4918812
         >>> 找到關鍵字 "原料"; 文章資訊: 2020-10-08 00:39:58, 杏輝改善計畫送交食藥署, https://udn.com/news/story/7252/4918103
         >>> 找到關鍵字 "原料"; 文章資訊: 2020-10-07 17:58:12, 爐渣能填工業用地時代說NO南市環保可以, https://udn.com/news/story/7326/4917818
         >>> 找到關鍵字 "原料"; 文章資訊: 2020-10-07 16:48:28, 杏輝道歉回收疑慮產品影響金額1600萬元, https://udn.com/news/story/7266/4917584
         >>> 找到關鍵字 "原料"; 文章資訊: 2020-10-07 16:34:08, 杏輝自行檢測所有產品改善計畫今送出, https://udn.com/news/story/7266/4917590
         >>> 找到關鍵字 "原料"; 文章資訊: 2020-10-07 12:19:10, 恐引發肝腎毒性食藥署限定兩種蘆薈可食用, https://udn.com/news/story/7266/4916705
         >>> 找到關鍵字 "原料"; 文章資訊: 2020-10-07 12:03:03, 台版加拿大南投奧萬大國家森林遊樂區賞楓必去交通周邊景點一次看, https://udn.com/news/story/7207/4911104
         >>> 找到關鍵字 "原料"; 文章資訊: 2020-10-07 11:05:11, 興大做到永續能源國產木竹廢料再利用製成複合板材, https://udn.com/news/story/6928/4916445
         <<< 2020-10-08 沒有更多 "原料" 相關的新聞 !!! >>>
        ------------------------------------------------------
       >> 搜尋關鍵字:"氣爆"; 網址:"https://udn.com/search/word/2/氣爆"
         >>> 找到關鍵字 "氣爆"; 文章資訊: 2020-10-07 15:15:03, 世界首座任天堂主題樂園確定2021開幕日本環球影城瑪利歐咖啡館搶先登場, https://udn.com/news/story/9650/4917199
         <<< 2020-10-08 沒有更多 "氣爆" 相關的新聞 !!! >>>
        ------------------------------------------------------
       >> 搜尋關鍵字:"添加物"; 網址:"https://udn.com/search/word/2/添加物"
         >>> 找到關鍵字 "添加物"; 文章資訊: 2020-10-07 19:52:10, 桃園民代質疑動保成效收容狗兒瘦成皮包骨, https://udn.com/news/story/7324/4918038
         <<< 2020-10-08 沒有更多 "添加物" 相關的新聞 !!! >>>
        ------------------------------------------------------
       >> 搜尋關鍵字:"黑心"; 網址:"https://udn.com/search/word/2/黑心"
         >>> 找到關鍵字 "黑心"; 文章資訊: 2020-10-07 18:11:00, 口罩新制順利陳時中研議縮短徵收時間恢復自費市場, https://health.udn.com/health/story/120952/4917675
         >>> 找到關鍵字 "黑心"; 文章資訊: 2020-10-07 17:04:05, 口罩新制順利陳時中研議縮短徵收時間恢復自費市場, https://udn.com/news/story/7266/4917675
         <<< 2020-10-08 沒有更多 "黑心" 相關的新聞 !!! >>>
        ------------------------------------------------------
       >> 搜尋關鍵字:"漂白"; 網址:"https://udn.com/search/word/2/漂白"
         >>> 找到關鍵字 "漂白"; 文章資訊: 2020-10-07 17:49:10, 北市國小現瘦肉精宣傳單新北教育局新北市無此情形, https://udn.com/news/story/9750/4917802
         <<< 2020-10-08 沒有更多 "漂白" 相關的新聞 !!! >>>
        ------------------------------------------------------
       >> 搜尋關鍵字:"爆炸"; 網址:"https://udn.com/search/word/2/爆炸"
         >>> 找到關鍵字 "爆炸"; 文章資訊: 2020-10-08 07:00:00, 總是被人瞧不起巴特勒要帶領小人物們反擊, https://udn.com/news/story/7002/4917918
         >>> 找到關鍵字 "爆炸"; 文章資訊: 2020-10-07 22:24:23, 北市內湖區3361戶停電台電搶修後已復電, https://udn.com/news/story/7320/4918213
         >>> 找到關鍵字 "爆炸"; 文章資訊: 2020-10-07 20:17:08, 東湖傳變電箱爆炸台電三千戶停電已修復兩千戶, https://udn.com/news/story/7320/4918107
         >>> 找到關鍵字 "爆炸"; 文章資訊: 2020-10-07 19:30:08, 北市東湖國小後方變電箱爆炸民宅停電所幸無人傷亡, https://udn.com/news/story/7320/4917994
         >>> 找到關鍵字 "爆炸"; 文章資訊: 2020-10-07 19:11:30, Podcast在台爆炸性竄紅會是下一個蛋塔風潮嗎, https://udn.com/news/story/7088/4917958
         >>> 找到關鍵字 "爆炸"; 文章資訊: 2020-10-07 17:14:18, 香港中大四川榮縣死亡地震是開採頁岩氣誘發, https://udn.com/news/story/7332/4917622
         >>> 找到關鍵字 "爆炸"; 文章資訊: 2020-10-07 15:57:16, Podcast在台爆炸性竄紅會是下一個蛋塔風潮嗎, https://udn.com/news/story/120887/4917128
         >>> 找到關鍵字 "爆炸"; 文章資訊: 2020-10-07 15:52:47, 連AIT都不知道的秘史八二三砲戰曾有美國將軍殉職, https://udn.com/news/story/120986/4916451
         >>> 找到關鍵字 "爆炸"; 文章資訊: 2020-10-07 15:29:33, 社會檔案竹聯幫雙仁會以暴力聞名同門兄弟疑利益喬不攏痛下殺手, https://udn.com/news/story/120887/4916766
         >>> 找到關鍵字 "爆炸"; 文章資訊: 2020-10-07 12:41:02, 火光吞沒香港機場劉德華被炸斷1條腿, https://stars.udn.com/star/story/10090/4916765
         >>> 找到關鍵字 "爆炸"; 文章資訊: 2020-10-07 07:00:00, 移工政策部會各唱各的調勞動部陷逼一步走一步窘境, https://udn.com/news/story/120888/4914520
         <<< 2020-10-08 沒有更多 "爆炸" 相關的新聞 !!! >>>
        ------------------------------------------------------
       >> 搜尋關鍵字:"新興"; 網址:"https://udn.com/search/word/2/新興"
         >>> 找到關鍵字 "新興"; 文章資訊: 2020-10-08 02:33:17, 連三紅9月出口創歷史次高, https://udn.com/news/story/7238/4918669
         >>> 找到關鍵字 "新興"; 文章資訊: 2020-10-08 01:42:00, 陸支持發展第三代半導體產業擬列入十四五, https://udn.com/news/story/7333/4918599
         >>> 找到關鍵字 "新興"; 文章資訊: 2020-10-08 00:41:18, 創新科技股潛利大, https://udn.com/news/story/121591/4918481
         >>> 找到關鍵字 "新興"; 文章資訊: 2020-10-08 00:41:12, 投信教戰平衡型商品納入配置, https://udn.com/news/story/121591/4918570
         >>> 找到關鍵字 "新興"; 文章資訊: 2020-10-08 00:26:22, 上月業績快報中磊23正文7, https://udn.com/news/story/7253/4918194
         >>> 找到關鍵字 "新興"; 文章資訊: 2020-10-08 00:08:07, 雄檢門口持刀隨機刺人吸毒男住院13天無縫收押, https://udn.com/news/story/7315/4918887
         >>> 找到關鍵字 "新興"; 文章資訊: 2020-10-07 23:01:02, 投信教戰平衡型商品納入配置, https://fund.udn.com/fund/story/5860/4918570
         >>> 找到關鍵字 "新興"; 文章資訊: 2020-10-07 22:41:02, 創新科技股潛利大, https://fund.udn.com/fund/story/5858/4918481
         >>> 找到關鍵字 "新興"; 文章資訊: 2020-10-07 22:34:07, 歐美經濟何時恢復至疫情前科法斯估這數字, https://udn.com/news/story/6811/4918459
         >>> 找到關鍵字 "新興"; 文章資訊: 2020-10-07 22:27:09, 央行總裁評比楊金龍再獲A, https://udn.com/news/story/7239/4918432
         >>> 找到關鍵字 "新興"; 文章資訊: 2020-10-07 17:58:10, 受惠遠端應用中磊9月營收創歷史第3高, https://udn.com/news/story/7252/4917813
         >>> 找到關鍵字 "新興"; 文章資訊: 2020-10-07 17:22:40, 宏達電產學合作培育台灣XR設計人才, https://udn.com/news/story/7240/4917737
         >>> 找到關鍵字 "新興"; 文章資訊: 2020-10-07 16:17:07, 禾伸堂9月合併營收1566億元月增18, https://udn.com/news/story/7253/4917533
         >>> 找到關鍵字 "新興"; 文章資訊: 2020-10-07 16:10:09, 好旺9月出口3071億美元歷年單月次高, https://udn.com/news/story/7243/4917519
         >>> 找到關鍵字 "新興"; 文章資訊: 2020-10-07 15:31:07, 宏達電宣布與新北高工合作培育台灣XR遊戲人才, https://udn.com/news/story/7240/4917370
         >>> 找到關鍵字 "新興"; 文章資訊: 2020-10-07 15:19:06, 十銓科技9月營收805億元月增2255, https://udn.com/news/story/7253/4917325
         >>> 找到關鍵字 "新興"; 文章資訊: 2020-10-07 14:50:08, 打擊新興犯罪須立科技偵查法檢設計避免權力遭濫用, https://udn.com/news/story/7321/4917204
         >>> 找到關鍵字 "新興"; 文章資訊: 2020-10-07 14:26:06, 比父母過得好夢碎了亞洲年輕人今年恐丟1500萬份工作, https://udn.com/news/story/6811/4917098
         >>> 找到關鍵字 "新興"; 文章資訊: 2020-10-07 12:57:43, 從創櫃板群眾募資再到STO期待又怕受傷害的新創板, https://udn.com/news/story/6877/4916411
         >>> 找到關鍵字 "新興"; 文章資訊: 2020-10-07 12:02:08, 影高雄砸酒店茶行後封城掃蕩連日查捕360人, https://udn.com/news/story/7320/4916638
        ------------------------------------------------------
       >> 搜尋關鍵字:"爆裂物"; 網址:"https://udn.com/search/word/2/爆裂物"
         >>> 找到關鍵字 "爆裂物"; 文章資訊: 2020-10-07 13:32:07, 高雄鳳山火車站附近工地挖到2顆未爆彈軍方中午帶離, https://udn.com/news/story/7315/4916929
         >>> 找到關鍵字 "爆裂物"; 文章資訊: 2020-10-07 12:24:07, 高雄鳳山火車站施工驚現軍用爆裂物國軍出發處理中, https://udn.com/news/story/7315/4916719
         <<< 2020-10-08 沒有更多 "爆裂物" 相關的新聞 !!! >>>
        ------------------------------------------------------
       >> 搜尋關鍵字:"IED"; 網址:"https://udn.com/search/word/2/IED"
         <<< 2020-10-08 沒有更多 "IED" 相關的新聞 !!! >>>
        ------------------------------------------------------
       >> 搜尋關鍵字:"排放"; 網址:"https://udn.com/search/word/2/排放"
         >>> 找到關鍵字 "排放"; 文章資訊: 2020-10-08 05:42:09, 國壽電子保單數稱冠, https://udn.com/news/story/7239/4918803
         >>> 找到關鍵字 "排放"; 文章資訊: 2020-10-08 04:02:12, 河南太康農業縣轉型2產業蝶變, https://udn.com/news/story/7332/4918464
         >>> 找到關鍵字 "排放"; 文章資訊: 2020-10-08 01:11:06, 產業巨頭點頭海運碳排量走向透明化, https://udn.com/news/story/6811/4918920
         >>> 找到關鍵字 "排放"; 文章資訊: 2020-10-07 23:14:19, 聯手反空汙中部7縣市首長再簽聲明, https://udn.com/news/story/7314/4918418
         >>> 找到關鍵字 "排放"; 文章資訊: 2020-10-07 23:07:22, 水閘門未開金鯧魚暴斃損失百萬, https://udn.com/news/story/7328/4918431
         >>> 找到關鍵字 "排放"; 文章資訊: 2020-10-07 17:40:08, 國泰金10年減碳目標出爐2026年前每年減碳至少1, https://udn.com/news/story/7239/4917786
         >>> 找到關鍵字 "排放"; 文章資訊: 2020-10-07 12:27:59, 汽車產業終於苦盡甘來, https://udn.com/news/story/6851/4916644
         >>> 找到關鍵字 "排放"; 文章資訊: 2020-10-07 12:26:17, 水閘門忘記開宜蘭金鯧魚大量暴斃損失至少破百萬, https://udn.com/news/story/7328/4916723
         >>> 找到關鍵字 "排放"; 文章資訊: 2020-10-07 11:02:14, 鴻海提升節能目標今年能源節約率估22, https://udn.com/news/story/7240/4916413
         >>> 找到關鍵字 "排放"; 文章資訊: 2020-10-07 10:50:00, 福斯TRoc跑旅台灣巡迴預賞活動10月9日正式開跑, https://autos.udn.com/autos/story/7825/4916370
         >>> 找到關鍵字 "排放"; 文章資訊: 2020-10-07 10:22:10, 學校宿舍流通貨幣傳說網曝這款超好用下雨天還會升值, https://udn.com/news/story/120912/4916269
         >>> 找到關鍵字 "排放"; 文章資訊: 2020-10-07 10:00:01, 瞄準北美市場ToyotaHino合作開發氫燃料重車, https://autos.udn.com/autos/story/7826/4913668
         <<< 2020-10-08 沒有更多 "排放" 相關的新聞 !!! >>>
        ------------------------------------------------------
       >> 搜尋關鍵字:"污染"; 網址:"https://udn.com/search/word/2/污染"
         >>> 找到關鍵字 "污染"; 文章資訊: 2020-10-07 15:31:03, 首納改善空污降載對象麥寮汽電配合規範執行, https://udn.com/news/story/7241/4917367
         >>> 找到關鍵字 "污染"; 文章資訊: 2020-10-07 14:34:08, 空品不良季來臨環保署啟動跨區應變, https://udn.com/news/story/7266/4917118
         >>> 找到關鍵字 "污染"; 文章資訊: 2020-10-07 12:27:37, 空汙跨區應變麥寮電廠首度納降載對象, https://udn.com/news/story/7314/4916687
         >>> 找到關鍵字 "污染"; 文章資訊: 2020-10-07 11:17:06, 巴西分析神秘種子包裹內含真菌塵和害草, https://udn.com/news/story/6812/4916477
         >>> 找到關鍵字 "污染"; 文章資訊: 2020-10-07 10:50:00, 福斯TRoc跑旅台灣巡迴預賞活動10月9日正式開跑, https://autos.udn.com/autos/story/7825/4916370
         >>> 找到關鍵字 "污染"; 文章資訊: 2020-10-07 10:30:10, 華景電前8月每股純益348元擬15日登錄興櫃, https://udn.com/news/story/7254/4916248
         <<< 2020-10-08 沒有更多 "污染" 相關的新聞 !!! >>>
        ------------------------------------------------------
       >> 搜尋關鍵字:"廢水"; 網址:"https://udn.com/search/word/2/廢水"
         >>> 找到關鍵字 "廢水"; 文章資訊: 2020-10-08 00:42:00, 經濟日報社論氣候黑天鵝帶來的挑戰, https://udn.com/news/story/7338/4918646
         <<< 2020-10-08 沒有更多 "廢水" 相關的新聞 !!! >>>
        ------------------------------------------------------
       >> 搜尋關鍵字:"污水"; 網址:"https://udn.com/search/word/2/污水"
         >>> 找到關鍵字 "污水"; 文章資訊: 2020-10-07 16:36:09, 水情亮黃燈下周三起台中實施自來水減壓, https://udn.com/news/story/7238/4917594
         >>> 找到關鍵字 "污水"; 文章資訊: 2020-10-07 14:24:08, 桃竹苗及台中減壓供水14日起水情轉黃燈, https://udn.com/news/story/7238/4917092
         >>> 找到關鍵字 "污水"; 文章資訊: 2020-10-07 11:01:12, 開發水資源高市鳳山再生水案獲金擘獎肯定, https://udn.com/news/story/7327/4916414
         >>> 找到關鍵字 "污水"; 文章資訊: 2020-10-07 10:49:11, 缺水嚴重農業工業用水矛盾加劇台南推再生水計畫, https://udn.com/news/story/7326/4916350
         <<< 2020-10-08 沒有更多 "污水" 相關的新聞 !!! >>>
        ------------------------------------------------------
       >> 搜尋關鍵字:"洩漏"; 網址:"https://udn.com/search/word/2/洩漏"
         >>> 找到關鍵字 "洩漏"; 文章資訊: 2020-10-07 14:03:04, 罷王總部二階連署幾乎達標王浩宇尊重, https://udn.com/news/story/6656/4917008
         >>> 找到關鍵字 "洩漏"; 文章資訊: 2020-10-07 12:43:06, 連串爭議後打安全牌諾貝爾文學獎落非歐女性, https://udn.com/news/story/120764/4916714
         >>> 找到關鍵字 "洩漏"; 文章資訊: 2020-10-07 08:00:00, 這次給敵人千倍奉還半澤直樹2後篇金句大盤點, https://stars.udn.com/star/story/10093/4909539
         <<< 2020-10-08 沒有更多 "洩漏" 相關的新聞 !!! >>>
        ------------------------------------------------------
       >> 搜尋關鍵字:"暗管"; 網址:"https://udn.com/search/word/2/暗管"
         <<< 2020-10-08 沒有更多 "暗管" 相關的新聞 !!! >>>
        ------------------------------------------------------
       >> 搜尋關鍵字:"偷排"; 網址:"https://udn.com/search/word/2/偷排"
         >>> 找到關鍵字 "偷排"; 文章資訊: 2020-10-07 12:22:13, 大型營建工程揚塵南投環保局要求覆蓆灑水減少空汙, https://udn.com/news/story/7325/4916712
         <<< 2020-10-08 沒有更多 "偷排" 相關的新聞 !!! >>>
        ------------------------------------------------------
       >> 搜尋關鍵字:"安全"; 網址:"https://udn.com/search/word/2/安全"
         >>> 找到關鍵字 "安全"; 文章資訊: 2020-10-08 07:34:06, 台微體ADR猛飆35獲澳洲核准初步試驗新冠藥物, https://udn.com/news/story/6811/4919045
         >>> 找到關鍵字 "安全"; 文章資訊: 2020-10-08 05:45:18, 圖表看疫情捷克烏克蘭單日染疫數創新高, https://udn.com/news/story/120944/4914315
         >>> 找到關鍵字 "安全"; 文章資訊: 2020-10-08 05:25:06, 帶頭破壞防疫原則川普脫口罩中斷隔離樣樣來, https://udn.com/news/story/121707/4919008
         >>> 找到關鍵字 "安全"; 文章資訊: 2020-10-08 04:03:06, 龐培歐4國談話之祕設亞太版北約日為何猶豫, https://udn.com/news/story/6809/4918992
         >>> 找到關鍵字 "安全"; 文章資訊: 2020-10-08 03:09:04, 歐洲疫情不平靜捷克烏克蘭單日染疫數創新高, https://udn.com/news/story/120944/4918729
         >>> 找到關鍵字 "安全"; 文章資訊: 2020-10-08 02:38:04, 影黑鷹救援機到港深夜封街拖行吸引民眾目光, https://udn.com/news/story/10930/4918962
         >>> 找到關鍵字 "安全"; 文章資訊: 2020-10-08 01:34:19, 夏普與戴姆勒展開專利合作鴻海衝刺車用布局, https://udn.com/news/story/7240/4918713
         >>> 找到關鍵字 "安全"; 文章資訊: 2020-10-08 01:25:06, 無症狀超過24小時白宮川普已進橢圓辦公室, https://udn.com/news/story/121707/4918927
         >>> 找到關鍵字 "安全"; 文章資訊: 2020-10-08 00:43:05, 常洗澡洗到昏倒熱水器害死情侶房東判賠, https://udn.com/news/story/7321/4918835
         >>> 找到關鍵字 "安全"; 文章資訊: 2020-10-08 00:42:00, 經濟日報社論氣候黑天鵝帶來的挑戰, https://udn.com/news/story/7338/4918646
         >>> 找到關鍵字 "安全"; 文章資訊: 2020-10-08 00:37:44, 科偵法爭議法界要防政府濫權, https://udn.com/news/story/7321/4918819
         >>> 找到關鍵字 "安全"; 文章資訊: 2020-10-08 00:37:29, 最多只頒3人諾貝爾科學獎項死抱傳統惹毛科學界, https://udn.com/news/story/120883/4918890
         >>> 找到關鍵字 "安全"; 文章資訊: 2020-10-08 00:19:33, 美貿易代表賴海哲不願啟動對台談判, https://udn.com/news/story/6656/4918800
         >>> 找到關鍵字 "安全"; 文章資訊: 2020-10-08 00:15:12, 益安7500萬授權金落袋, https://udn.com/news/story/7254/4918059
         >>> 找到關鍵字 "安全"; 文章資訊: 2020-10-08 00:11:18, 連鎖效應成立雲端廚房做好兩防線, https://udn.com/news/story/7241/4918310
         >>> 找到關鍵字 "安全"; 文章資訊: 2020-10-08 00:10:11, 提與美復交決議案江啟臣絕對明辨是非, https://udn.com/news/story/121727/4918832
         >>> 找到關鍵字 "安全"; 文章資訊: 2020-10-08 00:06:15, 嬰幼兒保母禁萊豬蔣萬安提案遭否決, https://udn.com/news/story/9750/4918839
         >>> 找到關鍵字 "安全"; 文章資訊: 2020-10-07 23:48:13, 移交陳同佳港提石棺案模式, https://udn.com/news/story/7331/4918806
         >>> 找到關鍵字 "安全"; 文章資訊: 2020-10-07 23:25:05, 東京奧運精簡化估可省83億元, https://udn.com/news/story/7005/4918595
         >>> 找到關鍵字 "安全"; 文章資訊: 2020-10-07 23:23:55, 北韓前駐義大使投奔南韓近23年層級最高, https://udn.com/news/story/6809/4918567
        ------------------------------------------------------
       >> 搜尋關鍵字:"槽車"; 網址:"https://udn.com/search/word/2/槽車"
         <<< 2020-10-08 沒有更多 "槽車" 相關的新聞 !!! >>>
       >> 檔案輸出
        ------------------------------------------------------
      >> 下載新聞內容
      >> 下載 https://udn.com/news/story/7238/4918559, 水情拉警報四地減壓供水
      >> 下載 https://udn.com/news/story/7326/4917818, 爐渣能填工業用地時代說NO南市環保可以
      >> 下載 https://udn.com/news/story/7266/4917784, 沒颱風又少雨桃竹苗14日起水情燈號轉綠燈自來水減壓
      >> 下載 https://udn.com/news/story/7238/4916665, 經長證實水情吃緊水利署說明最新供水情勢
      >> 下載 https://udn.com/news/story/7251/4916568, 外資調高聯電至買進喊出最高目標價45元
      >> 下載 https://udn.com/news/story/7266/4916517, 日月潭水情穩定目前高水位配合中水局調度
      >> 下載 https://udn.com/news/story/7326/4916350, 缺水嚴重農業工業用水矛盾加劇台南推再生水計畫
      >> 下載 https://udn.com/news/story/6929/4918425, 花工陳怡安獲旺宏科學獎佳作
      >> 下載 https://udn.com/news/story/7323/4917536, 新莊樹林周邊電桿全面地下化耗資9億5400萬
      >> 下載 https://udn.com/news/story/7269/4917217, 為何產業界搶著要清大生20有跨領域雙專長
      >> 下載 https://udn.com/news/story/7328/4916871, 每天都在讀書花蓮高工陳怡安獲旺宏科學獎佳作
      >> 下載 https://vision.udn.com/vision/story/121528/4916542, 企業力挺力世代星展銀行培力青年更助社會企業加值人資專業
      >> 下載 https://udn.com/news/story/7238/4918628, 外銷陸港美二位數成長
      >> 下載 https://udn.com/news/story/7338/4918646, 經濟日報社論氣候黑天鵝帶來的挑戰
      >> 下載 https://health.udn.com/health/story/6013/4912032, 手術化療放療都沒辦法了我還有活路嗎
      >> 下載 https://udn.com/news/story/120883/4918890, 最多只頒3人諾貝爾科學獎項死抱傳統惹毛科學界
      >> 下載 https://udn.com/news/story/120764/4918777, 諾貝爾化學獎一擅剪一擅補創基因剪刀
      >> 下載 https://udn.com/news/story/7315/4918809, 空拍機蒐證搗破山區製毒廠起出7億毒品
      >> 下載 https://udn.com/news/story/120764/4918852, 諾貝爾化學獎首度2女學者囊括
      >> 下載 https://udn.com/news/story/7266/4918362, 基因檢測治癌高醫成效不錯
      >> 下載 https://udn.com/news/story/6929/4918425, 花工陳怡安獲旺宏科學獎佳作
      >> 下載 https://udn.com/news/story/7238/4918335, 經濟部透露近期將通過破百億投資大案
      >> 下載 https://udn.com/news/story/120764/4918146, DNA剪刀改變生命藍圖諾貝爾化學獎得主無私分享
      >> 下載 https://udn.com/news/story/120764/4918119, 最好用的基因剪刀諾貝爾化學獎2女學者一拍即合
      >> 下載 https://health.udn.com/health/story/5961/4917822, 又是菜園新北本土登革熱疑開新戰場蘆洲7旬婦確診
      >> 下載 https://udn.com/news/story/120764/4917919, 諾貝爾獎化學獎得主夏彭提耶和道納2016年曾獲唐獎
      >> 下載 https://udn.com/news/story/7266/4917822, 又是菜園新北本土登革熱疑開新戰場蘆洲7旬婦確診
      >> 下載 https://udn.com/news/story/120764/4917811, 諾貝爾化學獎揭曉美法兩位女性科學家獲獎
      >> 下載 https://udn.com/news/story/7326/4917322, 影1只感應器它就跟你走雙十連假來雲林體驗智慧農機
      >> 下載 https://udn.com/news/story/7269/4917217, 為何產業界搶著要清大生20有跨領域雙專長
      >> 下載 https://udn.com/news/story/7328/4916871, 每天都在讀書花蓮高工陳怡安獲旺宏科學獎佳作
      >> 下載 https://udn.com/news/story/7266/4916789, 基因檢測結合標靶藥物為患者找出最有效益藥物與劑量
      >> 下載 https://udn.com/news/story/7327/4918313, 陳其邁議會處女秀場內場外火爆
      >> 下載 https://udn.com/news/story/7254/4917652, 安硌穈T9月營收月增431今年單月新高
      >> 下載 https://udn.com/news/story/7327/4917337, 施政報告封面吸睛高市盼以高雄一百鑑往知來
      >> 下載 https://udn.com/news/story/7327/4916609, 施政報告陳其邁揭橋科明年底廠商選地設廠目標
      >> 下載 https://udn.com/news/story/7241/4918310, 連鎖效應成立雲端廚房做好兩防線
      >> 下載 https://udn.com/news/story/9750/4918827, 國小驚見萊豬文宣北市要求重印
      >> 下載 https://udn.com/news/story/7331/4918806, 移交陳同佳港提石棺案模式
      >> 下載 https://udn.com/news/story/7314/4918430, 中央無視訴求環團中南部呼吸不平等
      >> 下載 https://udn.com/news/story/7315/4918151, 台南殯儀館葬儀業者頭遭轟爆凶嫌被檢方聲押禁見
      >> 下載 https://udn.com/news/story/7315/4917697, 影台南殯儀館葬儀業者頭遭轟爆2凶嫌依殺人移送南檢
      >> 下載 https://udn.com/news/story/7325/4917651, 空汙季來襲中火擬增機組7縣市首長簽署聲明強力反對
      >> 下載 https://udn.com/news/story/7321/4917613, 外傳籃球員張宗憲吸大麻菸獲緩起訴處分全案尚未偵結
      >> 下載 https://udn.com/news/story/7331/4916569, 國安法首案轉高院電單車手續押
      >> 下載 https://udn.com/news/story/7331/4916800, 澳門增設維護國安組織分析將有寒蟬效應
      >> 下載 https://udn.com/news/story/7320/4916982, 民宅火警疑縱火男子當天與女友吵架又去買汽油涉重嫌
      >> 下載 https://udn.com/news/story/7934/4916487, 鄭明典秀大自然美景卡門渦旋氣象局曝美麗但對建築物有危害
      >> 下載 https://udn.com/news/story/9750/4916957, 萊豬文宣竟進入北市7國小北市教育局確實不恰當
      >> 下載 https://udn.com/news/story/121707/4916577, 選舉策略專家川普沒康復急造勢是採高風險策略
      >> 下載 https://udn.com/news/story/7266/4916487, 鄭明典秀大自然美景卡門渦旋氣象局曝美麗但對建築物有危害
      >> 下載 https://udn.com/news/story/7321/4916745, 上萬噸事業廢棄物亂丟中彰投環保掮客羈押業者交保
      >> 下載 https://udn.com/news/story/6897/4916496, 在家工作好處多醫生說身體愈坐愈虛弱
      >> 下載 https://udn.com/news/story/9750/4916530, 萊豬文宣滲入國小校園國民黨質疑背後資金誰提供
      >> 下載 https://udn.com/news/story/9750/4916501, 國小萊豬文宣讓蔣萬安爆氣衛福部只有圖是食藥署的
      >> 下載 https://udn.com/news/story/7315/4916343, 國小田徑隊槍毒犯未戴安全帽遇警拔腿跑飛毛腿警飛撲
      >> 下載 https://udn.com/news/story/6898/4917868, 全國科技教育實作競賽台南復興國中智能逃生奪金
      >> 下載 https://udn.com/news/story/7320/4917752, 商品通關遭破壞查驗台北關民眾可依法求償
      >> 下載 https://udn.com/news/story/12660/4914792, 一刻鯨選曾麒鴻澳洲這麼大這樣最好玩
      >> 下載 https://health.udn.com/health/story/6008/4917746, 膽固醇不是越低越好營養師有好壞之分4招提升好的改善壞的
      >> 下載 https://udn.com/news/story/120764/4918852, 諾貝爾化學獎首度2女學者囊括
      >> 下載 https://udn.com/news/story/9750/4918827, 國小驚見萊豬文宣北市要求重印
      >> 下載 https://udn.com/news/story/7333/4918148, 中國前三季自然災害損失13兆年增24
      >> 下載 https://udn.com/news/story/12674/4916374, 日常省思曾彥菁失速世界需要慢勇氣
      >> 下載 https://health.udn.com/health/story/6037/4917574, 紅肉不健康白肉比較健康是真的嗎營養師教你如何區分紅白肉
      >> 下載 https://udn.com/news/story/6813/4917124, 微信禁用影響生活美華人社交斷線
      >> 下載 https://udn.com/news/story/9750/4916855, 力爭0到2歲托育禁用萊劑豬蔣萬安提案遭圍剿
      >> 下載 https://udn.com/news/story/9750/4916530, 萊豬文宣滲入國小校園國民黨質疑背後資金誰提供
      >> 下載 https://udn.com/news/story/9750/4916501, 國小萊豬文宣讓蔣萬安爆氣衛福部只有圖是食藥署的
      >> 下載 https://udn.com/news/story/6812/4916477, 巴西分析神秘種子包裹內含真菌塵和害草
      >> 下載 https://autos.udn.com/autos/story/7826/4913668, 瞄準北美市場ToyotaHino合作開發氫燃料重車
      >> 下載 https://udn.com/news/story/121707/4916231, 新冠致命性比流感低川普亂發文遭臉書刪除推特隱藏
      >> 下載 https://health.udn.com/health/story/5977/4916200, 有脂肪就是不好美國心臟協會腿粗患高血壓機率低
      >> 下載 https://udn.com/news/story/7270/4918072, 美術園道商圈異國美食嘉年華11道佳餚600元有找
      >> 下載 https://udn.com/news/story/7193/4917866, 超萌還送貼紙賈以食日推出3款角落小夥伴寶貝麵
      >> 下載 https://udn.com/news/story/7270/4917866, 超萌還送貼紙賈以食日推出3款角落小夥伴寶貝麵
      >> 下載 https://style.udn.com/style/story/11350/4917866, 超萌還送貼紙賈以食日推出3款角落小夥伴寶貝麵
      >> 下載 https://udn.com/news/story/7270/4916722, 日韓妞保養最重視保濕水潤專科AHC新品夠瞬效
      >> 下載 https://style.udn.com/style/story/8079/4916722, 日韓妞保養最重視保濕水潤專科AHC新品夠瞬效
      >> 下載 https://udn.com/news/story/12663/4917993, 動物上好戲扁蟲緩步潛藏在海底的肉食魔毯
      >> 下載 https://health.udn.com/health/story/5999/4917880, 台灣流感多在11月升溫醫師建議及早接種疫苗擁有抗體
      >> 下載 https://udn.com/news/story/7266/4917880, 台灣流感多在11月升溫醫師建議及早接種疫苗擁有抗體
      >> 下載 https://udn.com/news/story/7326/4917818, 爐渣能填工業用地時代說NO南市環保可以
      >> 下載 https://udn.com/news/story/7266/4916789, 基因檢測結合標靶藥物為患者找出最有效益藥物與劑量
      >> 下載 https://udn.com/news/story/7266/4916705, 恐引發肝腎毒性食藥署限定兩種蘆薈可食用
      >> 下載 https://udn.com/news/story/6812/4916477, 巴西分析神秘種子包裹內含真菌塵和害草
      >> 下載 https://udn.com/news/story/7315/4918809, 空拍機蒐證搗破山區製毒廠起出7億毒品
      >> 下載 https://udn.com/news/story/7315/4918151, 台南殯儀館葬儀業者頭遭轟爆凶嫌被檢方聲押禁見
      >> 下載 https://udn.com/news/story/10930/4917890, 守護海疆32年海巡福星艦光榮退役
      >> 下載 https://udn.com/news/story/7320/4917752, 商品通關遭破壞查驗台北關民眾可依法求償
      >> 下載 https://udn.com/news/story/7315/4917697, 影台南殯儀館葬儀業者頭遭轟爆2凶嫌依殺人移送南檢
      >> 下載 https://udn.com/news/story/6885/4917634, 紙風車反毒行動劇場竹北國中演出籲青少年對毒品說不
      >> 下載 https://udn.com/news/story/7321/4917613, 外傳籃球員張宗憲吸大麻菸獲緩起訴處分全案尚未偵結
      >> 下載 https://udn.com/news/story/7315/4917437, 高市警局治安成果豐碩兩天掃蕩破獲239件刑案
      >> 下載 https://udn.com/news/story/120887/4916766, 社會檔案竹聯幫雙仁會以暴力聞名同門兄弟疑利益喬不攏痛下殺手
      >> 下載 https://udn.com/news/story/7321/4917166, 研議科技偵查及保障法草案法界呼籲應適度提高法官保留密度
      >> 下載 https://udn.com/news/story/7321/4917146, 酒駕致傷亡先關三天遭批民粹司法院內政部都不挺
      >> 下載 https://udn.com/news/story/7327/4916947, 解決陸船越界艦隊分署移撥千噸屏東艦進駐澎湖
      >> 下載 https://udn.com/news/story/7321/4916809, 立委提酒駕致人死傷先關3天內政部有疑慮
      >> 下載 https://udn.com/news/story/7320/4916638, 影高雄砸酒店茶行後封城掃蕩連日查捕360人
      >> 下載 https://udn.com/news/story/7315/4916625, 出動空拍機攀越山陵刑事局破新竹喵喵製毒工廠
      >> 下載 https://udn.com/news/story/7315/4916343, 國小田徑隊槍毒犯未戴安全帽遇警拔腿跑飛毛腿警飛撲
      >> 下載 https://health.udn.com/health/story/6037/4917574, 紅肉不健康白肉比較健康是真的嗎營養師教你如何區分紅白肉
      >> 下載 https://udn.com/news/story/7323/4917536, 新莊樹林周邊電桿全面地下化耗資9億5400萬
      >> 下載 https://udn.com/news/story/7266/4916208, NDMA致癌風波延燒正和糖尿病藥自主回收
      >> 下載 https://health.udn.com/health/story/6012/4916208, NDMA致癌風波延燒正和糖尿病藥自主回收
      >> 下載 https://udn.com/news/story/7326/4917818, 爐渣能填工業用地時代說NO南市環保可以
      >> 下載 https://udn.com/news/story/9750/4918836, 何志偉提美豬量控管蔡英文不語同志勸阻這個死小孩
      >> 下載 https://udn.com/news/story/7327/4918326, 攻守易位藍打食安綠一派客氣
      >> 下載 https://udn.com/news/story/9750/4918113, 憂慮大內宣削弱反美豬聲量藍中常委提案上凱道遊行
      >> 下載 https://udn.com/news/story/9750/4917794, 中部七縣市長站出來齊聲反瘦肉精豬肉捍衛食安
      >> 下載 https://udn.com/news/story/120940/4917790, 吹哨康軒老董檢疫趴趴走遭解僱高嘉瑜批衛福部態度敷衍
      >> 下載 https://udn.com/news/story/9750/4917649, 何志偉提美豬總量管制蔡英文不語中常委勸阻
      >> 下載 https://udn.com/news/story/9750/4917521, 藍反萊克多巴胺美豬北市議會黨團中央放水北市把關
      >> 下載 https://udn.com/news/story/7327/4917446, 首施政報告藍給40綠給200分陳其邁市民決定
      >> 下載 https://udn.com/news/story/121727/4917289, 挺復交案江啟臣盼台美友好由虛轉實對中華民族有益
      >> 下載 https://udn.com/news/story/9750/4917108, 校園禁瘦肉精食材提案遭封殺民團籲制定法令罰則
      >> 下載 https://udn.com/news/story/9750/4917094, 民進黨中常會何志偉提美豬進口數量控管
      >> 下載 https://udn.com/news/story/7327/4916729, 反放寬萊豬進高雄國民黨議員促陳其邁簽禁令
      >> 下載 https://udn.com/news/story/7266/4916705, 恐引發肝腎毒性食藥署限定兩種蘆薈可食用
      >> 下載 https://udn.com/news/story/9750/4916694, 曾說萊豬進口總統下台陳其邁那是指馬英九
      >> 下載 https://udn.com/news/story/6656/4916620, 被問黨主席之位還值得努力嗎江啟臣會繼續走下去
      >> 下載 https://udn.com/news/story/7327/4916609, 施政報告陳其邁揭橋科明年底廠商選地設廠目標
      >> 下載 https://udn.com/news/story/9750/4916530, 萊豬文宣滲入國小校園國民黨質疑背後資金誰提供
      >> 下載 https://udn.com/news/story/7238/4916433, 有機栽培面積逐年增加今年兩位數成長
      >> 下載 https://udn.com/news/story/7327/4916321, 影杏仁哥等群眾高市議會反美豬批民進黨團充耳不聞
      >> 下載 https://udn.com/news/story/7320/4918830, 蘭嶼海邊撿到寶鑑定是龍涎香市價600萬
      >> 下載 https://udn.com/news/story/7193/4917676, 狂出怪口味比薩必勝客道歉請吃麵義大利人對不起
      >> 下載 https://udn.com/news/story/7270/4917676, 狂出怪口味比薩必勝客道歉請吃麵義大利人對不起
      >> 下載 https://style.udn.com/style/story/11350/4917676, 狂出怪口味比薩必勝客道歉請吃麵義大利人對不起
      >> 下載 https://udn.com/news/story/7270/4916722, 日韓妞保養最重視保濕水潤專科AHC新品夠瞬效
      >> 下載 https://style.udn.com/style/story/8079/4916722, 日韓妞保養最重視保濕水潤專科AHC新品夠瞬效
      >> 下載 https://udn.com/news/story/7187/4916335, 香檳喝起來海鮮餐酒館香檳買一送一
      >> 下載 https://udn.com/news/story/7270/4916335, 香檳喝起來海鮮餐酒館香檳買一送一
      >> 下載 https://style.udn.com/style/story/11350/4916335, 香檳喝起來海鮮餐酒館香檳買一送一
      >> 下載 https://udn.com/news/story/7193/4899218, 鮮美秋蟹料理太邪惡5大星級飯店餐廳以絕美好菜感蟹老饕
      >> 下載 https://udn.com/news/story/7239/4918803, 國壽電子保單數稱冠
      >> 下載 https://udn.com/news/story/7238/4918812, 疫情效應拉大傳統創新差距
      >> 下載 https://udn.com/news/story/7252/4918103, 杏輝改善計畫送交食藥署
      >> 下載 https://udn.com/news/story/7326/4917818, 爐渣能填工業用地時代說NO南市環保可以
      >> 下載 https://udn.com/news/story/7266/4917584, 杏輝道歉回收疑慮產品影響金額1600萬元
      >> 下載 https://udn.com/news/story/7266/4917590, 杏輝自行檢測所有產品改善計畫今送出
      >> 下載 https://udn.com/news/story/7266/4916705, 恐引發肝腎毒性食藥署限定兩種蘆薈可食用
      >> 下載 https://udn.com/news/story/7207/4911104, 台版加拿大南投奧萬大國家森林遊樂區賞楓必去交通周邊景點一次看
      >> 下載 https://udn.com/news/story/6928/4916445, 興大做到永續能源國產木竹廢料再利用製成複合板材
      >> 下載 https://udn.com/news/story/9650/4917199, 世界首座任天堂主題樂園確定2021開幕日本環球影城瑪利歐咖啡館搶先登場
      >> 下載 https://udn.com/news/story/7324/4918038, 桃園民代質疑動保成效收容狗兒瘦成皮包骨
      >> 下載 https://health.udn.com/health/story/120952/4917675, 口罩新制順利陳時中研議縮短徵收時間恢復自費市場
      >> 下載 https://udn.com/news/story/7266/4917675, 口罩新制順利陳時中研議縮短徵收時間恢復自費市場
      >> 下載 https://udn.com/news/story/9750/4917802, 北市國小現瘦肉精宣傳單新北教育局新北市無此情形
      >> 下載 https://udn.com/news/story/7002/4917918, 總是被人瞧不起巴特勒要帶領小人物們反擊
      >> 下載 https://udn.com/news/story/7320/4918213, 北市內湖區3361戶停電台電搶修後已復電
      >> 下載 https://udn.com/news/story/7320/4918107, 東湖傳變電箱爆炸台電三千戶停電已修復兩千戶
      >> 下載 https://udn.com/news/story/7320/4917994, 北市東湖國小後方變電箱爆炸民宅停電所幸無人傷亡
      >> 下載 https://udn.com/news/story/7088/4917958, Podcast在台爆炸性竄紅會是下一個蛋塔風潮嗎
      >> 找不到新聞內容，可能是新聞的格式不同所致。
      >> 下載 https://udn.com/news/story/7332/4917622, 香港中大四川榮縣死亡地震是開採頁岩氣誘發
      >> 下載 https://udn.com/news/story/120887/4917128, Podcast在台爆炸性竄紅會是下一個蛋塔風潮嗎
      >> 下載 https://udn.com/news/story/120986/4916451, 連AIT都不知道的秘史八二三砲戰曾有美國將軍殉職
      >> 下載 https://udn.com/news/story/120887/4916766, 社會檔案竹聯幫雙仁會以暴力聞名同門兄弟疑利益喬不攏痛下殺手
      >> 下載 https://stars.udn.com/star/story/10090/4916765, 火光吞沒香港機場劉德華被炸斷1條腿
      >> 下載 https://udn.com/news/story/120888/4914520, 移工政策部會各唱各的調勞動部陷逼一步走一步窘境
      >> 下載 https://udn.com/news/story/7238/4918669, 連三紅9月出口創歷史次高
      >> 下載 https://udn.com/news/story/7333/4918599, 陸支持發展第三代半導體產業擬列入十四五
      >> 下載 https://udn.com/news/story/121591/4918481, 創新科技股潛利大
      >> 下載 https://udn.com/news/story/121591/4918570, 投信教戰平衡型商品納入配置
      >> 下載 https://udn.com/news/story/7253/4918194, 上月業績快報中磊23正文7
      >> 下載 https://udn.com/news/story/7315/4918887, 雄檢門口持刀隨機刺人吸毒男住院13天無縫收押
      >> 下載 https://fund.udn.com/fund/story/5860/4918570, 投信教戰平衡型商品納入配置
      >> 下載 https://fund.udn.com/fund/story/5858/4918481, 創新科技股潛利大
      >> 下載 https://udn.com/news/story/6811/4918459, 歐美經濟何時恢復至疫情前科法斯估這數字
      >> 下載 https://udn.com/news/story/7239/4918432, 央行總裁評比楊金龍再獲A
      >> 下載 https://udn.com/news/story/7252/4917813, 受惠遠端應用中磊9月營收創歷史第3高
      >> 下載 https://udn.com/news/story/7240/4917737, 宏達電產學合作培育台灣XR設計人才
      >> 下載 https://udn.com/news/story/7253/4917533, 禾伸堂9月合併營收1566億元月增18
      >> 下載 https://udn.com/news/story/7243/4917519, 好旺9月出口3071億美元歷年單月次高
      >> 下載 https://udn.com/news/story/7240/4917370, 宏達電宣布與新北高工合作培育台灣XR遊戲人才
      >> 下載 https://udn.com/news/story/7253/4917325, 十銓科技9月營收805億元月增2255
      >> 下載 https://udn.com/news/story/7321/4917204, 打擊新興犯罪須立科技偵查法檢設計避免權力遭濫用
      >> 下載 https://udn.com/news/story/6811/4917098, 比父母過得好夢碎了亞洲年輕人今年恐丟1500萬份工作
      >> 下載 https://udn.com/news/story/6877/4916411, 從創櫃板群眾募資再到STO期待又怕受傷害的新創板
      >> 下載 https://udn.com/news/story/7320/4916638, 影高雄砸酒店茶行後封城掃蕩連日查捕360人
      >> 下載 https://udn.com/news/story/7315/4916929, 高雄鳳山火車站附近工地挖到2顆未爆彈軍方中午帶離
      >> 下載 https://udn.com/news/story/7315/4916719, 高雄鳳山火車站施工驚現軍用爆裂物國軍出發處理中
      >> 下載 https://udn.com/news/story/7239/4918803, 國壽電子保單數稱冠
      >> 下載 https://udn.com/news/story/7332/4918464, 河南太康農業縣轉型2產業蝶變
      >> 下載 https://udn.com/news/story/6811/4918920, 產業巨頭點頭海運碳排量走向透明化
      >> 下載 https://udn.com/news/story/7314/4918418, 聯手反空汙中部7縣市首長再簽聲明
      >> 下載 https://udn.com/news/story/7328/4918431, 水閘門未開金鯧魚暴斃損失百萬
      >> 下載 https://udn.com/news/story/7239/4917786, 國泰金10年減碳目標出爐2026年前每年減碳至少1
      >> 下載 https://udn.com/news/story/6851/4916644, 汽車產業終於苦盡甘來
      >> 下載 https://udn.com/news/story/7328/4916723, 水閘門忘記開宜蘭金鯧魚大量暴斃損失至少破百萬
      >> 下載 https://udn.com/news/story/7240/4916413, 鴻海提升節能目標今年能源節約率估22
      >> 下載 https://autos.udn.com/autos/story/7825/4916370, 福斯TRoc跑旅台灣巡迴預賞活動10月9日正式開跑
      >> 下載 https://udn.com/news/story/120912/4916269, 學校宿舍流通貨幣傳說網曝這款超好用下雨天還會升值
      >> 下載 https://autos.udn.com/autos/story/7826/4913668, 瞄準北美市場ToyotaHino合作開發氫燃料重車
      >> 下載 https://udn.com/news/story/7241/4917367, 首納改善空污降載對象麥寮汽電配合規範執行
      >> 下載 https://udn.com/news/story/7266/4917118, 空品不良季來臨環保署啟動跨區應變
      >> 下載 https://udn.com/news/story/7314/4916687, 空汙跨區應變麥寮電廠首度納降載對象
      >> 下載 https://udn.com/news/story/6812/4916477, 巴西分析神秘種子包裹內含真菌塵和害草
      >> 下載 https://autos.udn.com/autos/story/7825/4916370, 福斯TRoc跑旅台灣巡迴預賞活動10月9日正式開跑
      >> 下載 https://udn.com/news/story/7254/4916248, 華景電前8月每股純益348元擬15日登錄興櫃
      >> 下載 https://udn.com/news/story/7338/4918646, 經濟日報社論氣候黑天鵝帶來的挑戰
      >> 下載 https://udn.com/news/story/7238/4917594, 水情亮黃燈下周三起台中實施自來水減壓
      >> 下載 https://udn.com/news/story/7238/4917092, 桃竹苗及台中減壓供水14日起水情轉黃燈
      >> 下載 https://udn.com/news/story/7327/4916414, 開發水資源高市鳳山再生水案獲金擘獎肯定
      >> 下載 https://udn.com/news/story/7326/4916350, 缺水嚴重農業工業用水矛盾加劇台南推再生水計畫
      >> 下載 https://udn.com/news/story/6656/4917008, 罷王總部二階連署幾乎達標王浩宇尊重
      >> 下載 https://udn.com/news/story/120764/4916714, 連串爭議後打安全牌諾貝爾文學獎落非歐女性
      >> 下載 https://stars.udn.com/star/story/10093/4909539, 這次給敵人千倍奉還半澤直樹2後篇金句大盤點
      >> 下載 https://udn.com/news/story/7325/4916712, 大型營建工程揚塵南投環保局要求覆蓆灑水減少空汙
      >> 下載 https://udn.com/news/story/6811/4919045, 台微體ADR猛飆35獲澳洲核准初步試驗新冠藥物
      >> 下載 https://udn.com/news/story/120944/4914315, 圖表看疫情捷克烏克蘭單日染疫數創新高
      >> 找不到新聞內容，可能是新聞的格式不同所致。
      >> 下載 https://udn.com/news/story/121707/4919008, 帶頭破壞防疫原則川普脫口罩中斷隔離樣樣來
      >> 下載 https://udn.com/news/story/6809/4918992, 龐培歐4國談話之祕設亞太版北約日為何猶豫
      >> 找不到新聞內容，可能是新聞的格式不同所致。
      >> 下載 https://udn.com/news/story/120944/4918729, 歐洲疫情不平靜捷克烏克蘭單日染疫數創新高
      >> 下載 https://udn.com/news/story/10930/4918962, 影黑鷹救援機到港深夜封街拖行吸引民眾目光
      >> 下載 https://udn.com/news/story/7240/4918713, 夏普與戴姆勒展開專利合作鴻海衝刺車用布局
      >> 下載 https://udn.com/news/story/121707/4918927, 無症狀超過24小時白宮川普已進橢圓辦公室
      >> 下載 https://udn.com/news/story/7321/4918835, 常洗澡洗到昏倒熱水器害死情侶房東判賠
      >> 下載 https://udn.com/news/story/7338/4918646, 經濟日報社論氣候黑天鵝帶來的挑戰
      >> 下載 https://udn.com/news/story/7321/4918819, 科偵法爭議法界要防政府濫權
      >> 下載 https://udn.com/news/story/120883/4918890, 最多只頒3人諾貝爾科學獎項死抱傳統惹毛科學界
      >> 下載 https://udn.com/news/story/6656/4918800, 美貿易代表賴海哲不願啟動對台談判
      >> 下載 https://udn.com/news/story/7254/4918059, 益安7500萬授權金落袋
      >> 下載 https://udn.com/news/story/7241/4918310, 連鎖效應成立雲端廚房做好兩防線
      >> 下載 https://udn.com/news/story/121727/4918832, 提與美復交決議案江啟臣絕對明辨是非
      >> 下載 https://udn.com/news/story/9750/4918839, 嬰幼兒保母禁萊豬蔣萬安提案遭否決
      >> 下載 https://udn.com/news/story/7331/4918806, 移交陳同佳港提石棺案模式
      >> 下載 https://udn.com/news/story/7005/4918595, 東京奧運精簡化估可省83億元
      >> 下載 https://udn.com/news/story/6809/4918567, 北韓前駐義大使投奔南韓近23年層級最高
