     -----> 新聞爬蟲：中央通訊社

           <<< 中央通訊社新聞搜尋 >>>
  ------------------------------------------------------
  ------------------------------------------------------
    >> 搜尋關鍵字:"工業用"; 網址:"https://www.cna.com.tw/search/hysearchws.aspx?q=工業用"
         >>> 找到關鍵字 "工業用"; 文章資訊: 2020-10-09 11:24:00, 水情嚴峻王美花要確保民生工業用水無虞202010091124, https://www.cna.com.tw/news/ahel/202010090059.aspx
         <<< 2020-10-10 沒有更多 "工業用" 相關的新聞 !!! >>>
  ------------------------------------------------------
    >> 搜尋關鍵字:"化工"; 網址:"https://www.cna.com.tw/search/hysearchws.aspx?q=化工"
         <<< 2020-10-10 沒有更多 "化工" 相關的新聞 !!! >>>
  ------------------------------------------------------
    >> 搜尋關鍵字:"化災"; 網址:"https://www.cna.com.tw/search/hysearchws.aspx?q=化災"
         <<< 2020-10-10 沒有更多 "化災" 相關的新聞 !!! >>>
  ------------------------------------------------------
    >> 搜尋關鍵字:"化學"; 網址:"https://www.cna.com.tw/search/hysearchws.aspx?q=化學"
         >>> 找到關鍵字 "化學"; 文章資訊: 2020-10-09 17:02:00, 諾貝爾和平獎世界糧食計劃署對抗飢餓獲肯定202010091702, https://www.cna.com.tw/news/firstnews/202010095004.aspx
         >>> 找到關鍵字 "化學"; 文章資訊: 2020-10-09 19:14:00, 智庫台灣加入CPTPP大馬GDP增138億元202010091914, https://www.cna.com.tw/news/afe/202010090217.aspx
         <<< 2020-10-10 沒有更多 "化學" 相關的新聞 !!! >>>
  ------------------------------------------------------
    >> 搜尋關鍵字:"外洩"; 網址:"https://www.cna.com.tw/search/hysearchws.aspx?q=外洩"
         >>> 找到關鍵字 "外洩"; 文章資訊: 2020-10-09 22:56:00, 防北韓中國間諜日本警視廳外事部門擬改組202010092256, https://www.cna.com.tw/news/aopl/202010090265.aspx
         <<< 2020-10-10 沒有更多 "外洩" 相關的新聞 !!! >>>
  ------------------------------------------------------
    >> 搜尋關鍵字:"危害"; 網址:"https://www.cna.com.tw/search/hysearchws.aspx?q=危害"
         >>> 找到關鍵字 "危害"; 文章資訊: 2020-10-09 17:50:00, 新北警逮通緝犯槓上開花截獲丟包毒品202010091750, https://www.cna.com.tw/news/asoc/202010090191.aspx
         >>> 找到關鍵字 "危害"; 文章資訊: 2020-10-09 19:50:00, 女清潔隊員騎車遭酒駕男追撞命危家屬放棄急救202010091950, https://www.cna.com.tw/news/asoc/202010090222.aspx
         >>> 找到關鍵字 "危害"; 文章資訊: 2020-10-09 17:17:00, 美國加強施壓伊朗幾乎將金融業全打入黑名單202010091717, https://www.cna.com.tw/news/aopl/202010090166.aspx
         >>> 找到關鍵字 "危害"; 文章資訊: 2020-10-09 09:03:00, 西班牙電台專訪駐西代表重申台灣堅守民主202010090903, https://www.cna.com.tw/news/aipl/202010090027.aspx
         <<< 2020-10-10 沒有更多 "危害" 相關的新聞 !!! >>>
  ------------------------------------------------------
    >> 搜尋關鍵字:"有毒"; 網址:"https://www.cna.com.tw/search/hysearchws.aspx?q=有毒"
         <<< 2020-10-10 沒有更多 "有毒" 相關的新聞 !!! >>>
  ------------------------------------------------------
    >> 搜尋關鍵字:"有害"; 網址:"https://www.cna.com.tw/search/hysearchws.aspx?q=有害"
         >>> 找到關鍵字 "有害"; 文章資訊: 2020-10-09 19:50:00, 女清潔隊員騎車遭酒駕男追撞命危家屬放棄急救202010091950, https://www.cna.com.tw/news/asoc/202010090222.aspx
         <<< 2020-10-10 沒有更多 "有害" 相關的新聞 !!! >>>
  ------------------------------------------------------
    >> 搜尋關鍵字:"色料"; 網址:"https://www.cna.com.tw/search/hysearchws.aspx?q=色料"
         <<< 2020-10-10 沒有更多 "色料" 相關的新聞 !!! >>>
  ------------------------------------------------------
    >> 搜尋關鍵字:"色素"; 網址:"https://www.cna.com.tw/search/hysearchws.aspx?q=色素"
         <<< 2020-10-10 沒有更多 "色素" 相關的新聞 !!! >>>
  ------------------------------------------------------
    >> 搜尋關鍵字:"毒性"; 網址:"https://www.cna.com.tw/search/hysearchws.aspx?q=毒性"
         <<< 2020-10-10 沒有更多 "毒性" 相關的新聞 !!! >>>
  ------------------------------------------------------
    >> 搜尋關鍵字:"毒品"; 網址:"https://www.cna.com.tw/search/hysearchws.aspx?q=毒品"
         >>> 找到關鍵字 "毒品"; 文章資訊: 2020-10-09 17:50:00, 新北警逮通緝犯槓上開花截獲丟包毒品202010091750, https://www.cna.com.tw/news/asoc/202010090191.aspx
         <<< 2020-10-10 沒有更多 "毒品" 相關的新聞 !!! >>>
  ------------------------------------------------------
    >> 搜尋關鍵字:"致癌"; 網址:"https://www.cna.com.tw/search/hysearchws.aspx?q=致癌"
         <<< 2020-10-10 沒有更多 "致癌" 相關的新聞 !!! >>>
  ------------------------------------------------------
    >> 搜尋關鍵字:"重金屬"; 網址:"https://www.cna.com.tw/search/hysearchws.aspx?q=重金屬"
         <<< 2020-10-10 沒有更多 "重金屬" 相關的新聞 !!! >>>
  ------------------------------------------------------
    >> 搜尋關鍵字:"食安"; 網址:"https://www.cna.com.tw/search/hysearchws.aspx?q=食安"
         >>> 找到關鍵字 "食安"; 文章資訊: 2020-10-09 17:02:00, 諾貝爾和平獎世界糧食計劃署對抗飢餓獲肯定202010091702, https://www.cna.com.tw/news/firstnews/202010095004.aspx
         <<< 2020-10-10 沒有更多 "食安" 相關的新聞 !!! >>>
  ------------------------------------------------------
    >> 搜尋關鍵字:"香料"; 網址:"https://www.cna.com.tw/search/hysearchws.aspx?q=香料"
         <<< 2020-10-10 沒有更多 "香料" 相關的新聞 !!! >>>
  ------------------------------------------------------
    >> 搜尋關鍵字:"原料"; 網址:"https://www.cna.com.tw/search/hysearchws.aspx?q=原料"
         <<< 2020-10-10 沒有更多 "原料" 相關的新聞 !!! >>>
  ------------------------------------------------------
    >> 搜尋關鍵字:"氣爆"; 網址:"https://www.cna.com.tw/search/hysearchws.aspx?q=氣爆"
         <<< 2020-10-10 沒有更多 "氣爆" 相關的新聞 !!! >>>
  ------------------------------------------------------
    >> 搜尋關鍵字:"添加物"; 網址:"https://www.cna.com.tw/search/hysearchws.aspx?q=添加物"
         <<< 2020-10-10 沒有更多 "添加物" 相關的新聞 !!! >>>
  ------------------------------------------------------
    >> 搜尋關鍵字:"黑心"; 網址:"https://www.cna.com.tw/search/hysearchws.aspx?q=黑心"
         <<< 2020-10-10 沒有更多 "黑心" 相關的新聞 !!! >>>
  ------------------------------------------------------
    >> 搜尋關鍵字:"漂白"; 網址:"https://www.cna.com.tw/search/hysearchws.aspx?q=漂白"
         <<< 2020-10-10 沒有更多 "漂白" 相關的新聞 !!! >>>
  ------------------------------------------------------
    >> 搜尋關鍵字:"爆炸"; 網址:"https://www.cna.com.tw/search/hysearchws.aspx?q=爆炸"
         <<< 2020-10-10 沒有更多 "爆炸" 相關的新聞 !!! >>>
  ------------------------------------------------------
    >> 搜尋關鍵字:"新興"; 網址:"https://www.cna.com.tw/search/hysearchws.aspx?q=新興"
         >>> 找到關鍵字 "新興"; 文章資訊: 2020-10-10 00:01:00, 朱敬一示警華為風險數位埋伏恐成致命弱點202010100001, https://www.cna.com.tw/news/aopl/202010100002.aspx
         >>> 找到關鍵字 "新興"; 文章資訊: 2020-10-09 14:11:00, 台中國際動漫博覽會學子Cosplay展風采202010091411, https://www.cna.com.tw/news/ahel/202010090112.aspx
         >>> 找到關鍵字 "新興"; 文章資訊: 2020-10-09 13:08:00, 中國十一長假旅遊人次破6億30歲以下是主力202010091308, https://www.cna.com.tw/news/acn/202010090094.aspx
         <<< 2020-10-10 沒有更多 "新興" 相關的新聞 !!! >>>
  ------------------------------------------------------
    >> 搜尋關鍵字:"爆裂物"; 網址:"https://www.cna.com.tw/search/hysearchws.aspx?q=爆裂物"
         <<< 2020-10-10 沒有更多 "爆裂物" 相關的新聞 !!! >>>
  ------------------------------------------------------
    >> 搜尋關鍵字:"IED"; 網址:"https://www.cna.com.tw/search/hysearchws.aspx?q=IED"
         <<< 2020-10-10 沒有更多 "IED" 相關的新聞 !!! >>>
  ------------------------------------------------------
    >> 搜尋關鍵字:"排放"; 網址:"https://www.cna.com.tw/search/hysearchws.aspx?q=排放"
         <<< 2020-10-10 沒有更多 "排放" 相關的新聞 !!! >>>
  ------------------------------------------------------
    >> 搜尋關鍵字:"污染"; 網址:"https://www.cna.com.tw/search/hysearchws.aspx?q=污染"
         <<< 2020-10-10 沒有更多 "污染" 相關的新聞 !!! >>>
  ------------------------------------------------------
    >> 搜尋關鍵字:"廢水"; 網址:"https://www.cna.com.tw/search/hysearchws.aspx?q=廢水"
         <<< 2020-10-10 沒有更多 "廢水" 相關的新聞 !!! >>>
  ------------------------------------------------------
    >> 搜尋關鍵字:"污水"; 網址:"https://www.cna.com.tw/search/hysearchws.aspx?q=污水"
         >>> 找到關鍵字 "污水"; 文章資訊: 2020-10-09 21:32:00, 北市迪化污水廠修改收水肥時間引發業者抱怨202010092132, https://www.cna.com.tw/news/ahel/202010090246.aspx
         <<< 2020-10-10 沒有更多 "污水" 相關的新聞 !!! >>>
  ------------------------------------------------------
    >> 搜尋關鍵字:"洩漏"; 網址:"https://www.cna.com.tw/search/hysearchws.aspx?q=洩漏"
         >>> 找到關鍵字 "洩漏"; 文章資訊: 2020-10-09 17:10:00, 廠商女特助擄走鐵改局女主管拍裸照判2年6月202010091710, https://www.cna.com.tw/news/asoc/202010090162.aspx
         <<< 2020-10-10 沒有更多 "洩漏" 相關的新聞 !!! >>>
  ------------------------------------------------------
    >> 搜尋關鍵字:"暗管"; 網址:"https://www.cna.com.tw/search/hysearchws.aspx?q=暗管"
         <<< 2020-10-10 沒有更多 "暗管" 相關的新聞 !!! >>>
  ------------------------------------------------------
    >> 搜尋關鍵字:"偷排"; 網址:"https://www.cna.com.tw/search/hysearchws.aspx?q=偷排"
         <<< 2020-10-10 沒有更多 "偷排" 相關的新聞 !!! >>>
  ------------------------------------------------------
    >> 搜尋關鍵字:"安全"; 網址:"https://www.cna.com.tw/search/hysearchws.aspx?q=安全"
         >>> 找到關鍵字 "安全"; 文章資訊: 2020-10-10 06:06:00, 川普10日白宮公開談話12日佛州舉辦造勢202010100606, https://www.cna.com.tw/news/aopl/202010100012.aspx
         >>> 找到關鍵字 "安全"; 文章資訊: 2020-10-10 00:01:00, 朱敬一示警華為風險數位埋伏恐成致命弱點202010100001, https://www.cna.com.tw/news/aopl/202010100002.aspx
         >>> 找到關鍵字 "安全"; 文章資訊: 2020-10-09 23:32:00, 總統演說釋3訊息對內民主競爭對外團結一致202010092332, https://www.cna.com.tw/news/firstnews/202010095007.aspx
         >>> 找到關鍵字 "安全"; 文章資訊: 2020-10-09 23:00:00, 國慶演說總統堅持主權民主有決心維持兩岸穩定202010092300, https://www.cna.com.tw/news/firstnews/202010095006.aspx
         >>> 找到關鍵字 "安全"; 文章資訊: 2020-10-09 23:31:00, 吉爾吉斯街頭再爆衝突總統宣布首都進入緊急狀態202010092331, https://www.cna.com.tw/news/aopl/202010090269.aspx
         >>> 找到關鍵字 "安全"; 文章資訊: 2020-10-09 23:00:00, TikTok再受挫不擋猥褻內容遭巴基斯坦禁用202010092300, https://www.cna.com.tw/news/aopl/202010090266.aspx
         >>> 找到關鍵字 "安全"; 文章資訊: 2020-10-09 17:02:00, 諾貝爾和平獎世界糧食計劃署對抗飢餓獲肯定202010091702, https://www.cna.com.tw/news/firstnews/202010095004.aspx
         >>> 找到關鍵字 "安全"; 文章資訊: 2020-10-09 22:52:00, 國軍西南海域操演專家共軍電戰機抵近偵察202010092252, https://www.cna.com.tw/news/aipl/202010090264.aspx
         >>> 找到關鍵字 "安全"; 文章資訊: 2020-10-09 15:31:00, 私人直升機淡水違法起降陳姓駕駛50萬元交保202010091531, https://www.cna.com.tw/news/firstnews/202010090133.aspx
         >>> 找到關鍵字 "安全"; 文章資訊: 2020-10-09 21:40:00, 國慶前夕黑鷹生還軍官曹進平挽袖捐熱血202010092140, https://www.cna.com.tw/news/ahel/202010090248.aspx
         >>> 找到關鍵字 "安全"; 文章資訊: 2020-10-09 21:36:00, 星宇班機檳城落地指數超標是否重落地待確認202010092136, https://www.cna.com.tw/news/ahel/202010090247.aspx
         >>> 找到關鍵字 "安全"; 文章資訊: 2020-10-09 20:37:00, 美威脅限制螞蟻集團和騰訊北京無異現代海盜202010092037, https://www.cna.com.tw/news/acn/202010090233.aspx
         >>> 找到關鍵字 "安全"; 文章資訊: 2020-10-09 17:05:00, 吉爾吉斯選後不平靜總統同意內閣總辭202010091705, https://www.cna.com.tw/news/firstnews/202010090160.aspx
         >>> 找到關鍵字 "安全"; 文章資訊: 2020-10-09 19:50:00, 女清潔隊員騎車遭酒駕男追撞命危家屬放棄急救202010091950, https://www.cna.com.tw/news/asoc/202010090222.aspx
         >>> 找到關鍵字 "安全"; 文章資訊: 2020-10-09 19:59:00, 因應防疫封鎖再起英政府料將續推就業補助方案202010091959, https://www.cna.com.tw/news/aopl/202010090225.aspx
         >>> 找到關鍵字 "安全"; 文章資訊: 2020-10-09 18:47:00, 以防疫為前提做國際展演維也納愛樂訪台遭駁回202010091847, https://www.cna.com.tw/news/acul/202010090207.aspx
         >>> 找到關鍵字 "安全"; 文章資訊: 2020-10-09 18:54:00, 東歐多國單日確診創新高俄羅斯新增1萬2126例202010091854, https://www.cna.com.tw/news/aopl/202010090208.aspx
         >>> 找到關鍵字 "安全"; 文章資訊: 2020-10-09 18:41:00, 中共五中全會前深圳前書記港媒撰文倡保民企202010091841, https://www.cna.com.tw/news/acn/202010090203.aspx
         >>> 找到關鍵字 "安全"; 文章資訊: 2020-10-09 17:47:00, 越南中部連日豪雨至少5死7失蹤202010091747, https://www.cna.com.tw/news/aopl/202010090189.aspx
         >>> 找到關鍵字 "安全"; 文章資訊: 2020-10-09 17:23:00, 不滿無人機偷拍哈利梅根夫婦告贏狗仔202010091723, https://www.cna.com.tw/news/aopl/202010090169.aspx
         >>> 找到關鍵字 "安全"; 文章資訊: 2020-10-09 12:52:00, 紐約駐處慶雙十友邦貝里斯代表倡台灣入聯202010091252, https://www.cna.com.tw/news/aipl/202010090091.aspx
         >>> 找到關鍵字 "安全"; 文章資訊: 2020-10-09 17:25:00, 康軒吹哨者風波侯友宜優先確保勞工權益202010091725, https://www.cna.com.tw/news/ahel/202010090170.aspx
         >>> 找到關鍵字 "安全"; 文章資訊: 2020-10-09 16:52:00, 一次性醫材消毒再用110年起分階段納管202010091652, https://www.cna.com.tw/news/ahel/202010090155.aspx
         >>> 找到關鍵字 "安全"; 文章資訊: 2020-10-09 14:59:00, 高雄台88線接國道1號事故頻傳翻車又追撞202010091459, https://www.cna.com.tw/news/asoc/202010090129.aspx
         >>> 找到關鍵字 "安全"; 文章資訊: 2020-10-09 14:19:00, 金門戰車翻覆陸軍檢討提前調整烈嶼主戰裝備202010091419, https://www.cna.com.tw/news/aipl/202010090116.aspx
         >>> 找到關鍵字 "安全"; 文章資訊: 2020-10-09 14:20:00, 台中工安意外工人鋼筋刺胸送醫急救202010091420, https://www.cna.com.tw/news/asoc/202010090117.aspx
         >>> 找到關鍵字 "安全"; 文章資訊: 2020-10-09 09:29:00, 中國加入COVAX已簽署協議202010090929, https://www.cna.com.tw/news/firstnews/202010090032.aspx
         >>> 找到關鍵字 "安全"; 文章資訊: 2020-10-09 13:42:00, 劉曉波獲諾貝爾和平獎10週年網熱議今獎落誰家202010091342, https://www.cna.com.tw/news/firstnews/202010090102.aspx
         <<< 2020-10-10 沒有更多 "安全" 相關的新聞 !!! >>>
  ------------------------------------------------------
    >> 搜尋關鍵字:"槽車"; 網址:"https://www.cna.com.tw/search/hysearchws.aspx?q=槽車"
         <<< 2020-10-10 沒有更多 "槽車" 相關的新聞 !!! >>>
       >> 檔案輸出
        ------------------------------------------------------
      >> 下載新聞內容
      >> 下載 https://www.cna.com.tw/news/ahel/202010090059.aspx, 水情嚴峻王美花要確保民生工業用水無虞202010091124
      >> 下載 https://www.cna.com.tw/news/firstnews/202010095004.aspx, 諾貝爾和平獎世界糧食計劃署對抗飢餓獲肯定202010091702
      >> 下載 https://www.cna.com.tw/news/afe/202010090217.aspx, 智庫台灣加入CPTPP大馬GDP增138億元202010091914
      >> 下載 https://www.cna.com.tw/news/aopl/202010090265.aspx, 防北韓中國間諜日本警視廳外事部門擬改組202010092256
      >> 下載 https://www.cna.com.tw/news/asoc/202010090191.aspx, 新北警逮通緝犯槓上開花截獲丟包毒品202010091750
      >> 下載 https://www.cna.com.tw/news/asoc/202010090222.aspx, 女清潔隊員騎車遭酒駕男追撞命危家屬放棄急救202010091950
      >> 下載 https://www.cna.com.tw/news/aopl/202010090166.aspx, 美國加強施壓伊朗幾乎將金融業全打入黑名單202010091717
      >> 下載 https://www.cna.com.tw/news/aipl/202010090027.aspx, 西班牙電台專訪駐西代表重申台灣堅守民主202010090903
      >> 下載 https://www.cna.com.tw/news/asoc/202010090222.aspx, 女清潔隊員騎車遭酒駕男追撞命危家屬放棄急救202010091950
      >> 下載 https://www.cna.com.tw/news/asoc/202010090191.aspx, 新北警逮通緝犯槓上開花截獲丟包毒品202010091750
      >> 下載 https://www.cna.com.tw/news/firstnews/202010095004.aspx, 諾貝爾和平獎世界糧食計劃署對抗飢餓獲肯定202010091702
      >> 下載 https://www.cna.com.tw/news/aopl/202010100002.aspx, 朱敬一示警華為風險數位埋伏恐成致命弱點202010100001
      >> 下載 https://www.cna.com.tw/news/ahel/202010090112.aspx, 台中國際動漫博覽會學子Cosplay展風采202010091411
      >> 下載 https://www.cna.com.tw/news/acn/202010090094.aspx, 中國十一長假旅遊人次破6億30歲以下是主力202010091308
      >> 下載 https://www.cna.com.tw/news/ahel/202010090246.aspx, 北市迪化污水廠修改收水肥時間引發業者抱怨202010092132
      >> 下載 https://www.cna.com.tw/news/asoc/202010090162.aspx, 廠商女特助擄走鐵改局女主管拍裸照判2年6月202010091710
      >> 下載 https://www.cna.com.tw/news/aopl/202010100012.aspx, 川普10日白宮公開談話12日佛州舉辦造勢202010100606
      >> 下載 https://www.cna.com.tw/news/aopl/202010100002.aspx, 朱敬一示警華為風險數位埋伏恐成致命弱點202010100001
      >> 下載 https://www.cna.com.tw/news/firstnews/202010095007.aspx, 總統演說釋3訊息對內民主競爭對外團結一致202010092332
      >> 下載 https://www.cna.com.tw/news/firstnews/202010095006.aspx, 國慶演說總統堅持主權民主有決心維持兩岸穩定202010092300
      >> 下載 https://www.cna.com.tw/news/aopl/202010090269.aspx, 吉爾吉斯街頭再爆衝突總統宣布首都進入緊急狀態202010092331
      >> 下載 https://www.cna.com.tw/news/aopl/202010090266.aspx, TikTok再受挫不擋猥褻內容遭巴基斯坦禁用202010092300
      >> 下載 https://www.cna.com.tw/news/firstnews/202010095004.aspx, 諾貝爾和平獎世界糧食計劃署對抗飢餓獲肯定202010091702
      >> 下載 https://www.cna.com.tw/news/aipl/202010090264.aspx, 國軍西南海域操演專家共軍電戰機抵近偵察202010092252
      >> 下載 https://www.cna.com.tw/news/firstnews/202010090133.aspx, 私人直升機淡水違法起降陳姓駕駛50萬元交保202010091531
      >> 下載 https://www.cna.com.tw/news/ahel/202010090248.aspx, 國慶前夕黑鷹生還軍官曹進平挽袖捐熱血202010092140
      >> 下載 https://www.cna.com.tw/news/ahel/202010090247.aspx, 星宇班機檳城落地指數超標是否重落地待確認202010092136
      >> 下載 https://www.cna.com.tw/news/acn/202010090233.aspx, 美威脅限制螞蟻集團和騰訊北京無異現代海盜202010092037
      >> 下載 https://www.cna.com.tw/news/firstnews/202010090160.aspx, 吉爾吉斯選後不平靜總統同意內閣總辭202010091705
      >> 下載 https://www.cna.com.tw/news/asoc/202010090222.aspx, 女清潔隊員騎車遭酒駕男追撞命危家屬放棄急救202010091950
      >> 下載 https://www.cna.com.tw/news/aopl/202010090225.aspx, 因應防疫封鎖再起英政府料將續推就業補助方案202010091959
      >> 下載 https://www.cna.com.tw/news/acul/202010090207.aspx, 以防疫為前提做國際展演維也納愛樂訪台遭駁回202010091847
      >> 下載 https://www.cna.com.tw/news/aopl/202010090208.aspx, 東歐多國單日確診創新高俄羅斯新增1萬2126例202010091854
      >> 下載 https://www.cna.com.tw/news/acn/202010090203.aspx, 中共五中全會前深圳前書記港媒撰文倡保民企202010091841
      >> 下載 https://www.cna.com.tw/news/aopl/202010090189.aspx, 越南中部連日豪雨至少5死7失蹤202010091747
      >> 下載 https://www.cna.com.tw/news/aopl/202010090169.aspx, 不滿無人機偷拍哈利梅根夫婦告贏狗仔202010091723
      >> 下載 https://www.cna.com.tw/news/aipl/202010090091.aspx, 紐約駐處慶雙十友邦貝里斯代表倡台灣入聯202010091252
      >> 下載 https://www.cna.com.tw/news/ahel/202010090170.aspx, 康軒吹哨者風波侯友宜優先確保勞工權益202010091725
      >> 下載 https://www.cna.com.tw/news/ahel/202010090155.aspx, 一次性醫材消毒再用110年起分階段納管202010091652
      >> 下載 https://www.cna.com.tw/news/asoc/202010090129.aspx, 高雄台88線接國道1號事故頻傳翻車又追撞202010091459
      >> 下載 https://www.cna.com.tw/news/aipl/202010090116.aspx, 金門戰車翻覆陸軍檢討提前調整烈嶼主戰裝備202010091419
      >> 下載 https://www.cna.com.tw/news/asoc/202010090117.aspx, 台中工安意外工人鋼筋刺胸送醫急救202010091420
      >> 下載 https://www.cna.com.tw/news/firstnews/202010090032.aspx, 中國加入COVAX已簽署協議202010090929
      >> 下載 https://www.cna.com.tw/news/firstnews/202010090102.aspx, 劉曉波獲諾貝爾和平獎10週年網熱議今獎落誰家202010091342
