     -----> 新聞爬蟲：自由時報電子報

           <<< 自由時報電子報新聞搜尋 >>>
        ------------------------------------------------------
        ------------------------------------------------------
       >> 搜尋關鍵字:"工業用"; 網址:"https://news.ltn.com.tw/search?keyword=工業用&conditions=and&start_time=2020-10-03&end_time=2020-10-04&page=1"
      >> Every thing goes well
         >>> 找到關鍵字 "工業用"; 文章資訊: 2020-10-03 21:55:00, 加利口罩防護效果佳莊人祥檢驗報告漏洞百出, https://news.ltn.com.tw/news/life/breakingnews/3310715
        ------------------------------------------------------
       >> 搜尋關鍵字:"化工"; 網址:"https://news.ltn.com.tw/search?keyword=化工&conditions=and&start_time=2020-10-03&end_time=2020-10-04&page=1"
      >> Every thing goes well
         >>> 找到關鍵字 "化工"; 文章資訊: 2020-10-04 00:12:00, 第31屆金曲獎完整得獎名單青峰魏如萱奪歌王歌后, https://news.ltn.com.tw/news/entertainment/breakingnews/3303942
         >>> 找到關鍵字 "化工"; 文章資訊: 2020-10-03 18:18:00, 明星花露水進軍國際市場邀友邦使節參訪及座談, https://news.ltn.com.tw/news/life/breakingnews/3310721
        ------------------------------------------------------
       >> 搜尋關鍵字:"化災"; 網址:"https://news.ltn.com.tw/search?keyword=化災&conditions=and&start_time=2020-10-03&end_time=2020-10-04&page=1"
      >> get more than 1 element. Please confirm.
        ------------------------------------------------------
       >> 搜尋關鍵字:"化學"; 網址:"https://news.ltn.com.tw/search?keyword=化學&conditions=and&start_time=2020-10-03&end_time=2020-10-04&page=1"
      >> Every thing goes well
         >>> 找到關鍵字 "化學"; 文章資訊: 2020-10-04 00:00:00, 病媒蚊誘卵桶抓出桃園區3里異常, https://news.ltn.com.tw/news/life/paper/1403748
         >>> 找到關鍵字 "化學"; 文章資訊: 2020-10-04 00:00:00, 中小學雙語教育明年前瞻投154億, https://news.ltn.com.tw/news/life/paper/1403692
         >>> 找到關鍵字 "化學"; 文章資訊: 2020-10-04 00:00:00, 首例中山大學10年計畫力推全英文授課, https://news.ltn.com.tw/news/life/paper/1403689
         >>> 找到關鍵字 "化學"; 文章資訊: 2020-10-03 23:54:00, 外師帶動自然說英語國小教學獲肯定, https://news.ltn.com.tw/news/life/breakingnews/3310965
         >>> 找到關鍵字 "化學"; 文章資訊: 2020-10-03 17:49:00, 三峽本土登革熱群聚再增7例累計確診達38例, https://news.ltn.com.tw/news/life/breakingnews/3310707
         >>> 找到關鍵字 "化學"; 文章資訊: 2020-10-03 17:37:00, 桃園新增1例本土登革熱曾至三峽五寮里採筍, https://news.ltn.com.tw/news/health/breakingnews/3310684
         >>> 找到關鍵字 "化學"; 文章資訊: 2020-10-03 16:54:00, 健康網如何改善皮膚狀況5建議告別暗沉肌膚, https://news.ltn.com.tw/news/health/breakingnews/3310615
         >>> 找到關鍵字 "化學"; 文章資訊: 2020-10-03 13:05:00, 阻絕登革熱擴大新北桃園動員逾500人清理環境, https://news.ltn.com.tw/news/health/breakingnews/3310480
         >>> 找到關鍵字 "化學"; 文章資訊: 2020-10-03 11:53:00, 二級保育類彩鷸也來打卡景點神之米過中秋, https://news.ltn.com.tw/news/life/breakingnews/3310433
         <<< 2020-10-04 沒有更多 "化學" 相關的新聞 !!! >>>
        ------------------------------------------------------
       >> 搜尋關鍵字:"外洩"; 網址:"https://news.ltn.com.tw/search?keyword=外洩&conditions=and&start_time=2020-10-03&end_time=2020-10-04&page=1"
      >> Every thing goes well
         >>> 找到關鍵字 "外洩"; 文章資訊: 2020-10-04 00:00:00, 個資外洩等於開放詐騙獵人頭, https://news.ltn.com.tw/news/society/paper/1403788
         >>> 找到關鍵字 "外洩"; 文章資訊: 2020-10-04 00:00:00, 人力銀行592萬筆個資遇駭台灣半數工作人口在列, https://news.ltn.com.tw/news/society/paper/1403787
         >>> 找到關鍵字 "外洩"; 文章資訊: 2020-10-03 16:45:00, 高顏值女神團出海開趴過中秋她大鵬展翅C奶側漏洩春光, https://news.ltn.com.tw/news/entertainment/breakingnews/3310633
         >>> 找到關鍵字 "外洩"; 文章資訊: 2020-10-03 14:55:00, 網路填問卷送好禮當心個資外洩被盜用, https://news.ltn.com.tw/news/society/breakingnews/3310562
        ------------------------------------------------------
       >> 搜尋關鍵字:"危害"; 網址:"https://news.ltn.com.tw/search?keyword=危害&conditions=and&start_time=2020-10-03&end_time=2020-10-04&page=1"
      >> Every thing goes well
         >>> 找到關鍵字 "危害"; 文章資訊: 2020-10-04 00:00:00, 健康聚寶盆主動告知藥史長輩用藥更安全, https://news.ltn.com.tw/news/health/paper/1403827
         >>> 找到關鍵字 "危害"; 文章資訊: 2020-10-04 00:00:00, 燕巢2空地遭棄汽車廢棄物, https://news.ltn.com.tw/news/life/paper/1403759
         >>> 找到關鍵字 "危害"; 文章資訊: 2020-10-03 19:14:00, 趁連假偷倒燕巢2地遭棄置廢棄物環局通報檢警偵辦, https://news.ltn.com.tw/news/life/breakingnews/3310791
         >>> 找到關鍵字 "危害"; 文章資訊: 2020-10-03 11:29:00, 多家銀樓受害母子檔中秋連假調包金飾變現被逮, https://news.ltn.com.tw/news/society/breakingnews/3310418
         >>> 找到關鍵字 "危害"; 文章資訊: 2020-10-03 09:00:00, 歐陽娜娜喊我的祖國無傷大雅羅淑蕾一席話被嗆爆, https://news.ltn.com.tw/news/entertainment/breakingnews/3310245
         <<< 2020-10-04 沒有更多 "危害" 相關的新聞 !!! >>>
        ------------------------------------------------------
       >> 搜尋關鍵字:"有毒"; 網址:"https://news.ltn.com.tw/search?keyword=有毒&conditions=and&start_time=2020-10-03&end_time=2020-10-04&page=1"
      >> Every thing goes well
         >>> 找到關鍵字 "有毒"; 文章資訊: 2020-10-04 00:00:00, 北市6歲觸法童轉介市府輔導議員憂三不管, https://news.ltn.com.tw/news/life/paper/1403708
         >>> 找到關鍵字 "有毒"; 文章資訊: 2020-10-04 00:35:00, 驚見6歲童觸法移交北市府輔導議員憂12歲以下三不管, https://news.ltn.com.tw/news/life/breakingnews/3310974
         >>> 找到關鍵字 "有毒"; 文章資訊: 2020-10-03 14:41:00, 金星曾是地球雙胞胎今成死亡星球疑是木星害的, https://news.ltn.com.tw/news/world/breakingnews/3310320
         >>> 找到關鍵字 "有毒"; 文章資訊: 2020-10-03 11:29:00, 多家銀樓受害母子檔中秋連假調包金飾變現被逮, https://news.ltn.com.tw/news/society/breakingnews/3310418
         >>> 找到關鍵字 "有毒"; 文章資訊: 2020-10-03 10:11:00, 通緝犯通訊行假買賣真行竊警負傷壓制, https://news.ltn.com.tw/news/society/breakingnews/3310334
        ------------------------------------------------------
       >> 搜尋關鍵字:"有害"; 網址:"https://news.ltn.com.tw/search?keyword=有害&conditions=and&start_time=2020-10-03&end_time=2020-10-04&page=1"
      >> Every thing goes well
         >>> 找到關鍵字 "有害"; 文章資訊: 2020-10-03 22:06:00, 記取142年前歷史教訓花蓮撒奇萊雅族辦火神祭告慰祖靈, https://news.ltn.com.tw/news/life/breakingnews/3310898
         >>> 找到關鍵字 "有害"; 文章資訊: 2020-10-03 20:01:00, 教女同事按摩偷摸下體爽到色男再趁唱歌襲胸GG了, https://news.ltn.com.tw/news/society/breakingnews/3310810
         >>> 找到關鍵字 "有害"; 文章資訊: 2020-10-03 19:18:00, 香菸焦油標示不實挨罰百萬以少報多造成警覺逆轉免罰, https://news.ltn.com.tw/news/society/breakingnews/3310782
         >>> 找到關鍵字 "有害"; 文章資訊: 2020-10-03 14:56:00, 痛心美社交名媛超速又酒駕開賓士撞死一對小兄弟, https://news.ltn.com.tw/news/world/breakingnews/3310537
         >>> 找到關鍵字 "有害"; 文章資訊: 2020-10-03 14:44:00, 奧客被拒於門外竟強吻老闆娘洩憤, https://news.ltn.com.tw/news/society/breakingnews/3310533
         >>> 找到關鍵字 "有害"; 文章資訊: 2020-10-03 10:28:00, 董至成被離婚上月簽字恢單深夜痛哭認踩前妻地雷, https://news.ltn.com.tw/news/entertainment/breakingnews/3310348
         >>> 找到關鍵字 "有害"; 文章資訊: 2020-10-03 08:36:00, 無業男酒駕連環撞逃逸4人受傷5車損毀, https://news.ltn.com.tw/news/society/breakingnews/3310282
        ------------------------------------------------------
       >> 搜尋關鍵字:"色料"; 網址:"https://news.ltn.com.tw/search?keyword=色料&conditions=and&start_time=2020-10-03&end_time=2020-10-04&page=1"
      >> get more than 1 element. Please confirm.
        ------------------------------------------------------
       >> 搜尋關鍵字:"色素"; 網址:"https://news.ltn.com.tw/search?keyword=色素&conditions=and&start_time=2020-10-03&end_time=2020-10-04&page=1"
      >> Every thing goes well
         >>> 找到關鍵字 "色素"; 文章資訊: 2020-10-04 00:00:00, 右上腹刺痛當拉傷嘔吐畏寒才知肝膿瘍, https://news.ltn.com.tw/news/health/paper/1403825
         <<< 2020-10-04 沒有更多 "色素" 相關的新聞 !!! >>>
        ------------------------------------------------------
       >> 搜尋關鍵字:"毒性"; 網址:"https://news.ltn.com.tw/search?keyword=毒性&conditions=and&start_time=2020-10-03&end_time=2020-10-04&page=1"
      >> Every thing goes well
         >>> 找到關鍵字 "毒性"; 文章資訊: 2020-10-04 00:00:00, 古坑傳毒狗防疫所將訪談1嫌, https://news.ltn.com.tw/news/life/paper/1403772
         >>> 找到關鍵字 "毒性"; 文章資訊: 2020-10-03 13:49:00, 小黑狗倒地暴斃畫面曝光嫌狗太吵下毒手網友撻伐, https://news.ltn.com.tw/news/life/breakingnews/3310513
         <<< 2020-10-04 沒有更多 "毒性" 相關的新聞 !!! >>>
        ------------------------------------------------------
       >> 搜尋關鍵字:"毒品"; 網址:"https://news.ltn.com.tw/search?keyword=毒品&conditions=and&start_time=2020-10-03&end_time=2020-10-04&page=1"
      >> Every thing goes well
         >>> 找到關鍵字 "毒品"; 文章資訊: 2020-10-04 00:00:00, 男穿女裝騎車違轉被攔皮夾胸罩都藏安毒, https://news.ltn.com.tw/news/society/paper/1403798
         >>> 找到關鍵字 "毒品"; 文章資訊: 2020-10-04 00:00:00, 挑戰人性黑暗面暗網什麼夭壽骨都交易, https://news.ltn.com.tw/news/society/paper/1403789
         >>> 找到關鍵字 "毒品"; 文章資訊: 2020-10-04 00:00:00, 北市6歲觸法童轉介市府輔導議員憂三不管, https://news.ltn.com.tw/news/life/paper/1403708
         >>> 找到關鍵字 "毒品"; 文章資訊: 2020-10-04 00:00:00, 斜槓警察文創聯展登場, https://news.ltn.com.tw/news/life/paper/1403705
         >>> 找到關鍵字 "毒品"; 文章資訊: 2020-10-04 00:35:00, 驚見6歲童觸法移交北市府輔導議員憂12歲以下三不管, https://news.ltn.com.tw/news/life/breakingnews/3310974
         >>> 找到關鍵字 "毒品"; 文章資訊: 2020-10-03 14:47:00, 波麗士大人也開畫展斜槓警察文創聯展登場, https://news.ltn.com.tw/news/life/breakingnews/3310553
         >>> 找到關鍵字 "毒品"; 文章資訊: 2020-10-03 11:29:00, 多家銀樓受害母子檔中秋連假調包金飾變現被逮, https://news.ltn.com.tw/news/society/breakingnews/3310418
         >>> 找到關鍵字 "毒品"; 文章資訊: 2020-10-03 10:11:00, 通緝犯通訊行假買賣真行竊警負傷壓制, https://news.ltn.com.tw/news/society/breakingnews/3310334
         >>> 找到關鍵字 "毒品"; 文章資訊: 2020-10-03 08:07:00, 員警大樓搜捕毒梟保全主管竟庇護栽了, https://news.ltn.com.tw/news/society/breakingnews/3310270
         <<< 2020-10-04 沒有更多 "毒品" 相關的新聞 !!! >>>
        ------------------------------------------------------
       >> 搜尋關鍵字:"致癌"; 網址:"https://news.ltn.com.tw/search?keyword=致癌&conditions=and&start_time=2020-10-03&end_time=2020-10-04&page=1"
      >> get more than 1 element. Please confirm.
        ------------------------------------------------------
       >> 搜尋關鍵字:"重金屬"; 網址:"https://news.ltn.com.tw/search?keyword=重金屬&conditions=and&start_time=2020-10-03&end_time=2020-10-04&page=1"
      >> get more than 1 element. Please confirm.
        ------------------------------------------------------
       >> 搜尋關鍵字:"食安"; 網址:"https://news.ltn.com.tw/search?keyword=食安&conditions=and&start_time=2020-10-03&end_time=2020-10-04&page=1"
      >> Every thing goes well
         >>> 找到關鍵字 "食安"; 文章資訊: 2020-10-04 00:00:00, 家庭plus徵文大拼盤家事代溝婆媳過招, https://news.ltn.com.tw/news/supplement/paper/1403681
         >>> 找到關鍵字 "食安"; 文章資訊: 2020-10-03 14:51:00, 嘉市學校食材資訊家長登入智餐平臺看得到, https://news.ltn.com.tw/news/life/breakingnews/3310555
         >>> 找到關鍵字 "食安"; 文章資訊: 2020-10-03 11:11:00, 萊豬進口要不要徵健康捐陳時中不認同, https://news.ltn.com.tw/news/politics/breakingnews/3310397
         >>> 找到關鍵字 "食安"; 文章資訊: 2020-10-03 11:05:00, 健康網中秋吃太多來顆排油丸食藥署減肥不成恐傷身, https://news.ltn.com.tw/news/health/breakingnews/3310379
        ------------------------------------------------------
       >> 搜尋關鍵字:"香料"; 網址:"https://news.ltn.com.tw/search?keyword=香料&conditions=and&start_time=2020-10-03&end_time=2020-10-04&page=1"
      >> get more than 1 element. Please confirm.
        ------------------------------------------------------
       >> 搜尋關鍵字:"原料"; 網址:"https://news.ltn.com.tw/search?keyword=原料&conditions=and&start_time=2020-10-03&end_time=2020-10-04&page=1"
      >> get more than 1 element. Please confirm.
        ------------------------------------------------------
       >> 搜尋關鍵字:"氣爆"; 網址:"https://news.ltn.com.tw/search?keyword=氣爆&conditions=and&start_time=2020-10-03&end_time=2020-10-04&page=1"
      >> Every thing goes well
         >>> 找到關鍵字 "氣爆"; 文章資訊: 2020-10-04 00:00:00, 中秋連假近6萬遊客湧森林遊樂區, https://news.ltn.com.tw/news/life/paper/1403696
         >>> 找到關鍵字 "氣爆"; 文章資訊: 2020-10-03 18:56:00, 金曲31張懸產後一年仙氣爆棚紅毯緊牽老公閃爆, https://news.ltn.com.tw/news/entertainment/breakingnews/3310778
         >>> 找到關鍵字 "氣爆"; 文章資訊: 2020-10-03 14:34:00, 中秋連假近6萬遊客湧入各地森林遊樂區人氣最夯是這裡, https://news.ltn.com.tw/news/life/breakingnews/3310547
        ------------------------------------------------------
       >> 搜尋關鍵字:"添加物"; 網址:"https://news.ltn.com.tw/search?keyword=添加物&conditions=and&start_time=2020-10-03&end_time=2020-10-04&page=1"
      >> get more than 1 element. Please confirm.
        ------------------------------------------------------
       >> 搜尋關鍵字:"黑心"; 網址:"https://news.ltn.com.tw/search?keyword=黑心&conditions=and&start_time=2020-10-03&end_time=2020-10-04&page=1"
      >> get more than 1 element. Please confirm.
        ------------------------------------------------------
       >> 搜尋關鍵字:"漂白"; 網址:"https://news.ltn.com.tw/search?keyword=漂白&conditions=and&start_time=2020-10-03&end_time=2020-10-04&page=1"
      >> get more than 1 element. Please confirm.
        ------------------------------------------------------
       >> 搜尋關鍵字:"爆炸"; 網址:"https://news.ltn.com.tw/search?keyword=爆炸&conditions=and&start_time=2020-10-03&end_time=2020-10-04&page=1"
      >> Every thing goes well
         >>> 找到關鍵字 "爆炸"; 文章資訊: 2020-10-04 00:00:00, 家庭plus同志牽手情身邊有座醋工廠, https://news.ltn.com.tw/news/supplement/paper/1403682
        ------------------------------------------------------
       >> 搜尋關鍵字:"新興"; 網址:"https://news.ltn.com.tw/search?keyword=新興&conditions=and&start_time=2020-10-03&end_time=2020-10-04&page=1"
      >> Every thing goes well
         >>> 找到關鍵字 "新興"; 文章資訊: 2020-10-04 00:00:00, 斜槓警察文創聯展登場, https://news.ltn.com.tw/news/life/paper/1403705
         >>> 找到關鍵字 "新興"; 文章資訊: 2020-10-03 17:20:00, 東片寶石村公司營運3年年營收逾百萬, https://news.ltn.com.tw/news/life/breakingnews/3310681
         >>> 找到關鍵字 "新興"; 文章資訊: 2020-10-03 14:47:00, 波麗士大人也開畫展斜槓警察文創聯展登場, https://news.ltn.com.tw/news/life/breakingnews/3310553
         >>> 找到關鍵字 "新興"; 文章資訊: 2020-10-03 12:09:00, 健康網兒童玩娃娃英研究可刺激大腦反應, https://news.ltn.com.tw/news/health/breakingnews/3310425
         >>> 找到關鍵字 "新興"; 文章資訊: 2020-10-03 10:45:00, 比特幣避險破滅9月跌幅比標普500還大, https://news.ltn.com.tw/news/business/breakingnews/3310313
         <<< 2020-10-04 沒有更多 "新興" 相關的新聞 !!! >>>
        ------------------------------------------------------
       >> 搜尋關鍵字:"爆裂物"; 網址:"https://news.ltn.com.tw/search?keyword=爆裂物&conditions=and&start_time=2020-10-03&end_time=2020-10-04&page=1"
      >> get more than 1 element. Please confirm.
        ------------------------------------------------------
       >> 搜尋關鍵字:"IED"; 網址:"https://news.ltn.com.tw/search?keyword=IED&conditions=and&start_time=2020-10-03&end_time=2020-10-04&page=1"
      >> Every thing goes well
         >>> 找到關鍵字 "IED"; 文章資訊: 2020-10-04 00:00:00, 中英對照讀新聞MoonseeksGermanyssupportforselectionofWTOchief世貿組織秘書長選舉文在寅尋求德國支持, https://news.ltn.com.tw/news/world/paper/1403835
         <<< 2020-10-04 沒有更多 "IED" 相關的新聞 !!! >>>
        ------------------------------------------------------
       >> 搜尋關鍵字:"排放"; 網址:"https://news.ltn.com.tw/search?keyword=排放&conditions=and&start_time=2020-10-03&end_time=2020-10-04&page=1"
      >> Every thing goes well
         >>> 找到關鍵字 "排放"; 文章資訊: 2020-10-04 00:00:00, 中秋不放假屏東縣稽查75家牧場, https://news.ltn.com.tw/news/life/paper/1403719
         >>> 找到關鍵字 "排放"; 文章資訊: 2020-10-03 16:01:00, 稽查不放假屏縣查獲1牧場偷排廢水, https://news.ltn.com.tw/news/life/breakingnews/3310598
        ------------------------------------------------------
       >> 搜尋關鍵字:"污染"; 網址:"https://news.ltn.com.tw/search?keyword=污染&conditions=and&start_time=2020-10-03&end_time=2020-10-04&page=1"
      >> Every thing goes well
         >>> 找到關鍵字 "污染"; 文章資訊: 2020-10-04 06:49:00, 今日各地秋高氣爽明起北台灣轉濕涼, https://news.ltn.com.tw/news/life/breakingnews/3311004
         >>> 找到關鍵字 "污染"; 文章資訊: 2020-10-04 00:00:00, 大安海風箏衝浪民爆先飄豬屎味, https://news.ltn.com.tw/news/life/paper/1403704
         >>> 找到關鍵字 "污染"; 文章資訊: 2020-10-04 00:00:00, 家庭plus徵文大拼盤家事代溝婆媳過招, https://news.ltn.com.tw/news/supplement/paper/1403681
         >>> 找到關鍵字 "污染"; 文章資訊: 2020-10-03 19:14:00, 趁連假偷倒燕巢2地遭棄置廢棄物環局通報檢警偵辦, https://news.ltn.com.tw/news/life/breakingnews/3310791
         >>> 找到關鍵字 "污染"; 文章資訊: 2020-10-03 16:01:00, 稽查不放假屏縣查獲1牧場偷排廢水, https://news.ltn.com.tw/news/life/breakingnews/3310598
         <<< 2020-10-04 沒有更多 "污染" 相關的新聞 !!! >>>
        ------------------------------------------------------
       >> 搜尋關鍵字:"廢水"; 網址:"https://news.ltn.com.tw/search?keyword=廢水&conditions=and&start_time=2020-10-03&end_time=2020-10-04&page=1"
      >> Every thing goes well
         >>> 找到關鍵字 "廢水"; 文章資訊: 2020-10-04 00:00:00, 中秋不放假屏東縣稽查75家牧場, https://news.ltn.com.tw/news/life/paper/1403719
         >>> 找到關鍵字 "廢水"; 文章資訊: 2020-10-04 00:00:00, 大安海風箏衝浪民爆先飄豬屎味, https://news.ltn.com.tw/news/life/paper/1403704
         >>> 找到關鍵字 "廢水"; 文章資訊: 2020-10-03 16:01:00, 稽查不放假屏縣查獲1牧場偷排廢水, https://news.ltn.com.tw/news/life/breakingnews/3310598
         <<< 2020-10-04 沒有更多 "廢水" 相關的新聞 !!! >>>
        ------------------------------------------------------
       >> 搜尋關鍵字:"污水"; 網址:"https://news.ltn.com.tw/search?keyword=污水&conditions=and&start_time=2020-10-03&end_time=2020-10-04&page=1"
      >> Every thing goes well
         >>> 找到關鍵字 "污水"; 文章資訊: 2020-10-04 00:00:00, 大園客貨運園區污水廠決採ROT委外, https://news.ltn.com.tw/news/life/paper/1403749
         >>> 找到關鍵字 "污水"; 文章資訊: 2020-10-04 00:00:00, 小琉球蓋10層樓旅館網路連署反對, https://news.ltn.com.tw/news/life/paper/1403718
         >>> 找到關鍵字 "污水"; 文章資訊: 2020-10-04 00:00:00, 大安海風箏衝浪民爆先飄豬屎味, https://news.ltn.com.tw/news/life/paper/1403704
         >>> 找到關鍵字 "污水"; 文章資訊: 2020-10-04 00:00:00, 公共設施全面納管政院將定期追蹤維護, https://news.ltn.com.tw/news/life/paper/1403700
         >>> 找到關鍵字 "污水"; 文章資訊: 2020-10-03 17:06:00, 賭債肉償淪性奴中國女護士怒殺醫師剁碎屍體煮熟倒馬桶, https://news.ltn.com.tw/news/world/breakingnews/3310602
         >>> 找到關鍵字 "污水"; 文章資訊: 2020-10-03 13:09:00, 中市東區建成路地下道填平明起主線雙向通車, https://news.ltn.com.tw/news/life/breakingnews/3310498
         <<< 2020-10-04 沒有更多 "污水" 相關的新聞 !!! >>>
        ------------------------------------------------------
       >> 搜尋關鍵字:"洩漏"; 網址:"https://news.ltn.com.tw/search?keyword=洩漏&conditions=and&start_time=2020-10-03&end_time=2020-10-04&page=1"
      >> get more than 1 element. Please confirm.
        ------------------------------------------------------
       >> 搜尋關鍵字:"暗管"; 網址:"https://news.ltn.com.tw/search?keyword=暗管&conditions=and&start_time=2020-10-03&end_time=2020-10-04&page=1"
      >> get more than 1 element. Please confirm.
        ------------------------------------------------------
       >> 搜尋關鍵字:"偷排"; 網址:"https://news.ltn.com.tw/search?keyword=偷排&conditions=and&start_time=2020-10-03&end_time=2020-10-04&page=1"
      >> Every thing goes well
         >>> 找到關鍵字 "偷排"; 文章資訊: 2020-10-04 00:00:00, 中秋不放假屏東縣稽查75家牧場, https://news.ltn.com.tw/news/life/paper/1403719
         >>> 找到關鍵字 "偷排"; 文章資訊: 2020-10-04 00:00:00, 大安海風箏衝浪民爆先飄豬屎味, https://news.ltn.com.tw/news/life/paper/1403704
         >>> 找到關鍵字 "偷排"; 文章資訊: 2020-10-03 16:01:00, 稽查不放假屏縣查獲1牧場偷排廢水, https://news.ltn.com.tw/news/life/breakingnews/3310598
        ------------------------------------------------------
       >> 搜尋關鍵字:"安全"; 網址:"https://news.ltn.com.tw/search?keyword=安全&conditions=and&start_time=2020-10-03&end_time=2020-10-04&page=1"
      >> Every thing goes well
         >>> 找到關鍵字 "安全"; 文章資訊: 2020-10-04 06:49:00, 今日各地秋高氣爽明起北台灣轉濕涼, https://news.ltn.com.tw/news/life/breakingnews/3311004
         >>> 找到關鍵字 "安全"; 文章資訊: 2020-10-04 06:32:00, 1004各報重點新聞一覽, https://news.ltn.com.tw/news/life/breakingnews/3311007
         >>> 找到關鍵字 "安全"; 文章資訊: 2020-10-04 00:00:00, 拜登撤負面廣告挨批造勢仍轟川普, https://news.ltn.com.tw/news/world/paper/1403832
         >>> 找到關鍵字 "安全"; 文章資訊: 2020-10-04 00:00:00, 健康聚寶盆主動告知藥史長輩用藥更安全, https://news.ltn.com.tw/news/health/paper/1403827
         >>> 找到關鍵字 "安全"; 文章資訊: 2020-10-04 00:00:00, 星期專論台灣的外交契機在歐洲, https://news.ltn.com.tw/news/politics/paper/1403811
         >>> 找到關鍵字 "安全"; 文章資訊: 2020-10-04 00:00:00, 一週大事9月27日至10月3日, https://news.ltn.com.tw/news/politics/paper/1403810
         >>> 找到關鍵字 "安全"; 文章資訊: 2020-10-04 00:00:00, 稀客加拿大軍艦穿越台海, https://news.ltn.com.tw/news/politics/paper/1403803
         >>> 找到關鍵字 "安全"; 文章資訊: 2020-10-04 00:00:00, 川普染疫學者共軍若製造衝突等同助選川普, https://news.ltn.com.tw/news/politics/paper/1403801
         >>> 找到關鍵字 "安全"; 文章資訊: 2020-10-04 00:00:00, 男穿女裝騎車違轉被攔皮夾胸罩都藏安毒, https://news.ltn.com.tw/news/society/paper/1403798
         >>> 找到關鍵字 "安全"; 文章資訊: 2020-10-04 00:00:00, 12歲男孩騎單車撞4歲童判賠20萬, https://news.ltn.com.tw/news/society/paper/1403794
         >>> 找到關鍵字 "安全"; 文章資訊: 2020-10-04 00:00:00, 自由廣場ＥＣＦＡ即將壽終正寢, https://news.ltn.com.tw/news/opinion/paper/1403781
         >>> 找到關鍵字 "安全"; 文章資訊: 2020-10-04 00:00:00, 雲林設21處失智服務據點友善社區啟動, https://news.ltn.com.tw/news/life/paper/1403771
         >>> 找到關鍵字 "安全"; 文章資訊: 2020-10-04 00:00:00, 宜縣缺血消防義消234人挽袖, https://news.ltn.com.tw/news/life/paper/1403729
         >>> 找到關鍵字 "安全"; 文章資訊: 2020-10-04 00:00:00, 小琉球蓋10層樓旅館網路連署反對, https://news.ltn.com.tw/news/life/paper/1403718
         >>> 找到關鍵字 "安全"; 文章資訊: 2020-10-04 00:00:00, 墾丁汽機車分道奏效未見爭道回堵, https://news.ltn.com.tw/news/life/paper/1403717
        ------------------------------------------------------
       >> 搜尋關鍵字:"槽車"; 網址:"https://news.ltn.com.tw/search?keyword=槽車&conditions=and&start_time=2020-10-03&end_time=2020-10-04&page=1"
      >> get more than 1 element. Please confirm.
       >> 檔案輸出
        ------------------------------------------------------
      >> 下載新聞內容
      >> 下載 https://news.ltn.com.tw/news/life/breakingnews/3310715, 加利口罩防護效果佳莊人祥檢驗報告漏洞百出
      >> 下載 https://news.ltn.com.tw/news/entertainment/breakingnews/3303942, 第31屆金曲獎完整得獎名單青峰魏如萱奪歌王歌后
      >> 下載 https://news.ltn.com.tw/news/life/breakingnews/3310721, 明星花露水進軍國際市場邀友邦使節參訪及座談
      >> 下載 https://news.ltn.com.tw/news/life/paper/1403748, 病媒蚊誘卵桶抓出桃園區3里異常
      >> 下載 https://news.ltn.com.tw/news/life/paper/1403692, 中小學雙語教育明年前瞻投154億
      >> 下載 https://news.ltn.com.tw/news/life/paper/1403689, 首例中山大學10年計畫力推全英文授課
      >> 下載 https://news.ltn.com.tw/news/life/breakingnews/3310965, 外師帶動自然說英語國小教學獲肯定
      >> 下載 https://news.ltn.com.tw/news/life/breakingnews/3310707, 三峽本土登革熱群聚再增7例累計確診達38例
      >> 下載 https://news.ltn.com.tw/news/health/breakingnews/3310684, 桃園新增1例本土登革熱曾至三峽五寮里採筍
      >> 找不到新聞內容，可能是新聞的格式不同所致。
      >> 下載 https://news.ltn.com.tw/news/health/breakingnews/3310615, 健康網如何改善皮膚狀況5建議告別暗沉肌膚
      >> 找不到新聞內容，可能是新聞的格式不同所致。
      >> 下載 https://news.ltn.com.tw/news/health/breakingnews/3310480, 阻絕登革熱擴大新北桃園動員逾500人清理環境
      >> 找不到新聞內容，可能是新聞的格式不同所致。
      >> 下載 https://news.ltn.com.tw/news/life/breakingnews/3310433, 二級保育類彩鷸也來打卡景點神之米過中秋
      >> 下載 https://news.ltn.com.tw/news/society/paper/1403788, 個資外洩等於開放詐騙獵人頭
      >> 下載 https://news.ltn.com.tw/news/society/paper/1403787, 人力銀行592萬筆個資遇駭台灣半數工作人口在列
      >> 下載 https://news.ltn.com.tw/news/entertainment/breakingnews/3310633, 高顏值女神團出海開趴過中秋她大鵬展翅C奶側漏洩春光
      >> 下載 https://news.ltn.com.tw/news/society/breakingnews/3310562, 網路填問卷送好禮當心個資外洩被盜用
      >> 下載 https://news.ltn.com.tw/news/health/paper/1403827, 健康聚寶盆主動告知藥史長輩用藥更安全
      >> 找不到新聞內容，可能是新聞的格式不同所致。
      >> 下載 https://news.ltn.com.tw/news/life/paper/1403759, 燕巢2空地遭棄汽車廢棄物
      >> 下載 https://news.ltn.com.tw/news/life/breakingnews/3310791, 趁連假偷倒燕巢2地遭棄置廢棄物環局通報檢警偵辦
      >> 下載 https://news.ltn.com.tw/news/society/breakingnews/3310418, 多家銀樓受害母子檔中秋連假調包金飾變現被逮
      >> 下載 https://news.ltn.com.tw/news/entertainment/breakingnews/3310245, 歐陽娜娜喊我的祖國無傷大雅羅淑蕾一席話被嗆爆
      >> 找不到新聞內容，可能是新聞的格式不同所致。
      >> 下載 https://news.ltn.com.tw/news/life/paper/1403708, 北市6歲觸法童轉介市府輔導議員憂三不管
      >> 下載 https://news.ltn.com.tw/news/life/breakingnews/3310974, 驚見6歲童觸法移交北市府輔導議員憂12歲以下三不管
      >> 下載 https://news.ltn.com.tw/news/world/breakingnews/3310320, 金星曾是地球雙胞胎今成死亡星球疑是木星害的
      >> 下載 https://news.ltn.com.tw/news/society/breakingnews/3310418, 多家銀樓受害母子檔中秋連假調包金飾變現被逮
      >> 下載 https://news.ltn.com.tw/news/society/breakingnews/3310334, 通緝犯通訊行假買賣真行竊警負傷壓制
      >> 下載 https://news.ltn.com.tw/news/life/breakingnews/3310898, 記取142年前歷史教訓花蓮撒奇萊雅族辦火神祭告慰祖靈
      >> 下載 https://news.ltn.com.tw/news/society/breakingnews/3310810, 教女同事按摩偷摸下體爽到色男再趁唱歌襲胸GG了
      >> 下載 https://news.ltn.com.tw/news/society/breakingnews/3310782, 香菸焦油標示不實挨罰百萬以少報多造成警覺逆轉免罰
      >> 下載 https://news.ltn.com.tw/news/world/breakingnews/3310537, 痛心美社交名媛超速又酒駕開賓士撞死一對小兄弟
      >> 下載 https://news.ltn.com.tw/news/society/breakingnews/3310533, 奧客被拒於門外竟強吻老闆娘洩憤
      >> 下載 https://news.ltn.com.tw/news/entertainment/breakingnews/3310348, 董至成被離婚上月簽字恢單深夜痛哭認踩前妻地雷
      >> 找不到新聞內容，可能是新聞的格式不同所致。
      >> 下載 https://news.ltn.com.tw/news/society/breakingnews/3310282, 無業男酒駕連環撞逃逸4人受傷5車損毀
      >> 下載 https://news.ltn.com.tw/news/health/paper/1403825, 右上腹刺痛當拉傷嘔吐畏寒才知肝膿瘍
      >> 找不到新聞內容，可能是新聞的格式不同所致。
      >> 下載 https://news.ltn.com.tw/news/life/paper/1403772, 古坑傳毒狗防疫所將訪談1嫌
      >> 下載 https://news.ltn.com.tw/news/life/breakingnews/3310513, 小黑狗倒地暴斃畫面曝光嫌狗太吵下毒手網友撻伐
      >> 下載 https://news.ltn.com.tw/news/society/paper/1403798, 男穿女裝騎車違轉被攔皮夾胸罩都藏安毒
      >> 下載 https://news.ltn.com.tw/news/society/paper/1403789, 挑戰人性黑暗面暗網什麼夭壽骨都交易
      >> 下載 https://news.ltn.com.tw/news/life/paper/1403708, 北市6歲觸法童轉介市府輔導議員憂三不管
      >> 下載 https://news.ltn.com.tw/news/life/paper/1403705, 斜槓警察文創聯展登場
      >> 下載 https://news.ltn.com.tw/news/life/breakingnews/3310974, 驚見6歲童觸法移交北市府輔導議員憂12歲以下三不管
      >> 下載 https://news.ltn.com.tw/news/life/breakingnews/3310553, 波麗士大人也開畫展斜槓警察文創聯展登場
      >> 下載 https://news.ltn.com.tw/news/society/breakingnews/3310418, 多家銀樓受害母子檔中秋連假調包金飾變現被逮
      >> 下載 https://news.ltn.com.tw/news/society/breakingnews/3310334, 通緝犯通訊行假買賣真行竊警負傷壓制
      >> 下載 https://news.ltn.com.tw/news/society/breakingnews/3310270, 員警大樓搜捕毒梟保全主管竟庇護栽了
      >> 下載 https://news.ltn.com.tw/news/supplement/paper/1403681, 家庭plus徵文大拼盤家事代溝婆媳過招
      >> 找不到新聞內容，可能是新聞的格式不同所致。
      >> 下載 https://news.ltn.com.tw/news/life/breakingnews/3310555, 嘉市學校食材資訊家長登入智餐平臺看得到
      >> 下載 https://news.ltn.com.tw/news/politics/breakingnews/3310397, 萊豬進口要不要徵健康捐陳時中不認同
      >> 下載 https://news.ltn.com.tw/news/health/breakingnews/3310379, 健康網中秋吃太多來顆排油丸食藥署減肥不成恐傷身
      >> 找不到新聞內容，可能是新聞的格式不同所致。
      >> 下載 https://news.ltn.com.tw/news/life/paper/1403696, 中秋連假近6萬遊客湧森林遊樂區
      >> 下載 https://news.ltn.com.tw/news/entertainment/breakingnews/3310778, 金曲31張懸產後一年仙氣爆棚紅毯緊牽老公閃爆
      >> 找不到新聞內容，可能是新聞的格式不同所致。
      >> 下載 https://news.ltn.com.tw/news/life/breakingnews/3310547, 中秋連假近6萬遊客湧入各地森林遊樂區人氣最夯是這裡
      >> 下載 https://news.ltn.com.tw/news/supplement/paper/1403682, 家庭plus同志牽手情身邊有座醋工廠
      >> 找不到新聞內容，可能是新聞的格式不同所致。
      >> 下載 https://news.ltn.com.tw/news/life/paper/1403705, 斜槓警察文創聯展登場
      >> 下載 https://news.ltn.com.tw/news/life/breakingnews/3310681, 東片寶石村公司營運3年年營收逾百萬
      >> 下載 https://news.ltn.com.tw/news/life/breakingnews/3310553, 波麗士大人也開畫展斜槓警察文創聯展登場
      >> 下載 https://news.ltn.com.tw/news/health/breakingnews/3310425, 健康網兒童玩娃娃英研究可刺激大腦反應
      >> 找不到新聞內容，可能是新聞的格式不同所致。
      >> 下載 https://news.ltn.com.tw/news/business/breakingnews/3310313, 比特幣避險破滅9月跌幅比標普500還大
      >> 找不到新聞內容，可能是新聞的格式不同所致。
      >> 下載 https://news.ltn.com.tw/news/world/paper/1403835, 中英對照讀新聞MoonseeksGermanyssupportforselectionofWTOchief世貿組織秘書長選舉文在寅尋求德國支持
      >> 下載 https://news.ltn.com.tw/news/life/paper/1403719, 中秋不放假屏東縣稽查75家牧場
      >> 下載 https://news.ltn.com.tw/news/life/breakingnews/3310598, 稽查不放假屏縣查獲1牧場偷排廢水
      >> 下載 https://news.ltn.com.tw/news/life/breakingnews/3311004, 今日各地秋高氣爽明起北台灣轉濕涼
      >> 下載 https://news.ltn.com.tw/news/life/paper/1403704, 大安海風箏衝浪民爆先飄豬屎味
      >> 下載 https://news.ltn.com.tw/news/supplement/paper/1403681, 家庭plus徵文大拼盤家事代溝婆媳過招
      >> 找不到新聞內容，可能是新聞的格式不同所致。
      >> 下載 https://news.ltn.com.tw/news/life/breakingnews/3310791, 趁連假偷倒燕巢2地遭棄置廢棄物環局通報檢警偵辦
      >> 下載 https://news.ltn.com.tw/news/life/breakingnews/3310598, 稽查不放假屏縣查獲1牧場偷排廢水
      >> 下載 https://news.ltn.com.tw/news/life/paper/1403719, 中秋不放假屏東縣稽查75家牧場
      >> 下載 https://news.ltn.com.tw/news/life/paper/1403704, 大安海風箏衝浪民爆先飄豬屎味
      >> 下載 https://news.ltn.com.tw/news/life/breakingnews/3310598, 稽查不放假屏縣查獲1牧場偷排廢水
      >> 下載 https://news.ltn.com.tw/news/life/paper/1403749, 大園客貨運園區污水廠決採ROT委外
      >> 下載 https://news.ltn.com.tw/news/life/paper/1403718, 小琉球蓋10層樓旅館網路連署反對
      >> 下載 https://news.ltn.com.tw/news/life/paper/1403704, 大安海風箏衝浪民爆先飄豬屎味
      >> 下載 https://news.ltn.com.tw/news/life/paper/1403700, 公共設施全面納管政院將定期追蹤維護
      >> 下載 https://news.ltn.com.tw/news/world/breakingnews/3310602, 賭債肉償淪性奴中國女護士怒殺醫師剁碎屍體煮熟倒馬桶
      >> 下載 https://news.ltn.com.tw/news/life/breakingnews/3310498, 中市東區建成路地下道填平明起主線雙向通車
      >> 下載 https://news.ltn.com.tw/news/life/paper/1403719, 中秋不放假屏東縣稽查75家牧場
      >> 下載 https://news.ltn.com.tw/news/life/paper/1403704, 大安海風箏衝浪民爆先飄豬屎味
      >> 下載 https://news.ltn.com.tw/news/life/breakingnews/3310598, 稽查不放假屏縣查獲1牧場偷排廢水
      >> 下載 https://news.ltn.com.tw/news/life/breakingnews/3311004, 今日各地秋高氣爽明起北台灣轉濕涼
      >> 下載 https://news.ltn.com.tw/news/life/breakingnews/3311007, 1004各報重點新聞一覽
      >> 下載 https://news.ltn.com.tw/news/world/paper/1403832, 拜登撤負面廣告挨批造勢仍轟川普
      >> 下載 https://news.ltn.com.tw/news/health/paper/1403827, 健康聚寶盆主動告知藥史長輩用藥更安全
      >> 找不到新聞內容，可能是新聞的格式不同所致。
      >> 下載 https://news.ltn.com.tw/news/politics/paper/1403811, 星期專論台灣的外交契機在歐洲
      >> 下載 https://news.ltn.com.tw/news/politics/paper/1403810, 一週大事9月27日至10月3日
      >> 下載 https://news.ltn.com.tw/news/politics/paper/1403803, 稀客加拿大軍艦穿越台海
      >> 下載 https://news.ltn.com.tw/news/politics/paper/1403801, 川普染疫學者共軍若製造衝突等同助選川普
      >> 下載 https://news.ltn.com.tw/news/society/paper/1403798, 男穿女裝騎車違轉被攔皮夾胸罩都藏安毒
      >> 下載 https://news.ltn.com.tw/news/society/paper/1403794, 12歲男孩騎單車撞4歲童判賠20萬
      >> 下載 https://news.ltn.com.tw/news/opinion/paper/1403781, 自由廣場ＥＣＦＡ即將壽終正寢
      >> 找不到新聞內容，可能是新聞的格式不同所致。
      >> 下載 https://news.ltn.com.tw/news/life/paper/1403771, 雲林設21處失智服務據點友善社區啟動
      >> 下載 https://news.ltn.com.tw/news/life/paper/1403729, 宜縣缺血消防義消234人挽袖
      >> 下載 https://news.ltn.com.tw/news/life/paper/1403718, 小琉球蓋10層樓旅館網路連署反對
      >> 下載 https://news.ltn.com.tw/news/life/paper/1403717, 墾丁汽機車分道奏效未見爭道回堵
