     -----> 新聞爬蟲：自由時報電子報

           <<< 自由時報電子報新聞搜尋 >>>
        ------------------------------------------------------
        ------------------------------------------------------
       >> 搜尋關鍵字:"工業用"; 網址:"https://news.ltn.com.tw/search?keyword=工業用&conditions=and&start_time=2020-09-29&end_time=2020-09-30&page=1"
      >> get more than 1 element. Please confirm.
        ------------------------------------------------------
       >> 搜尋關鍵字:"化工"; 網址:"https://news.ltn.com.tw/search?keyword=化工&conditions=and&start_time=2020-09-29&end_time=2020-09-30&page=1"
      >> Every thing goes well
         >>> 找到關鍵字 "化工"; 文章資訊: 2020-09-30 00:00:00, 我將提供捷克50名獎學金, https://news.ltn.com.tw/news/politics/paper/1402999
         >>> 找到關鍵字 "化工"; 文章資訊: 2020-09-30 00:00:00, 台南火車站轉車台南側原地保留, https://news.ltn.com.tw/news/life/paper/1402913
         >>> 找到關鍵字 "化工"; 文章資訊: 2020-09-30 00:00:00, 台南南鐵拆遷戶提設定地上權鐵道局行不通, https://news.ltn.com.tw/news/life/paper/1402912
         >>> 找到關鍵字 "化工"; 文章資訊: 2020-09-29 20:45:00, 日治時期台南火車站轉車台遺構南側原地保留北側移置暫存, https://news.ltn.com.tw/news/life/breakingnews/3307162
         >>> 找到關鍵字 "化工"; 文章資訊: 2020-09-29 19:10:00, 人氣餐廳稽查不合格瓦城壽司郎上榜, https://news.ltn.com.tw/news/life/breakingnews/3306891
         >>> 找到關鍵字 "化工"; 文章資訊: 2020-09-29 18:00:00, 外交部明年起提供捷克50個華文獎學金名額, https://news.ltn.com.tw/news/politics/breakingnews/3306947
         >>> 找到關鍵字 "化工"; 文章資訊: 2020-09-29 14:24:00, 搶攻尾牙商機出新招五星飯店首推全包式春酒郵輪派對, https://news.ltn.com.tw/news/life/breakingnews/3306662
         >>> 找到關鍵字 "化工"; 文章資訊: 2020-09-29 12:41:00, 南鐵案最後兩戶要求保留原屋原梯鐵道局方案不可行, https://news.ltn.com.tw/news/life/breakingnews/3306515
         >>> 找到關鍵字 "化工"; 文章資訊: 2020-09-29 10:52:00, 台東震不停恆春震度四級核三廠運作如常民眾放心, https://news.ltn.com.tw/news/life/breakingnews/3306377
         >>> 找到關鍵字 "化工"; 文章資訊: 2020-09-29 09:51:00, 餵母乳好處多研究母乳可以預防殺死武肺病毒, https://news.ltn.com.tw/news/health/breakingnews/3306074
         <<< 2020-09-30 沒有更多 "化工" 相關的新聞 !!! >>>
        ------------------------------------------------------
       >> 搜尋關鍵字:"化災"; 網址:"https://news.ltn.com.tw/search?keyword=化災&conditions=and&start_time=2020-09-29&end_time=2020-09-30&page=1"
      >> get more than 1 element. Please confirm.
        ------------------------------------------------------
       >> 搜尋關鍵字:"化學"; 網址:"https://news.ltn.com.tw/search?keyword=化學&conditions=and&start_time=2020-09-29&end_time=2020-09-30&page=1"
      >> Every thing goes well
         >>> 找到關鍵字 "化學"; 文章資訊: 2020-09-30 00:00:00, 台灣創新技術博覽會元智大學奪7牌, https://news.ltn.com.tw/news/life/paper/1402941
         >>> 找到關鍵字 "化學"; 文章資訊: 2020-09-30 00:00:00, 柯文哲讚北農質譜儀政策吳音寧推動的, https://news.ltn.com.tw/news/life/paper/1402923
         >>> 找到關鍵字 "化學"; 文章資訊: 2020-09-30 00:00:00, 柯讚北農質譜儀政策吳音寧推動的, https://news.ltn.com.tw/news/life/paper/1402897
         >>> 找到關鍵字 "化學"; 文章資訊: 2020-09-29 23:14:00, 英女罹罕病導致免疫失靈靠插管注射營養液, https://news.ltn.com.tw/news/world/breakingnews/3307243
         >>> 找到關鍵字 "化學"; 文章資訊: 2020-09-29 22:13:00, 遠見雜誌調查桃市治安評鑑六都奪冠全國第2, https://news.ltn.com.tw/news/politics/breakingnews/3307231
         >>> 找到關鍵字 "化學"; 文章資訊: 2020-09-29 21:59:00, 成大先進電池材料產業聯盟成立諾貝爾得主視訊演講, https://news.ltn.com.tw/news/life/breakingnews/3307196
         >>> 找到關鍵字 "化學"; 文章資訊: 2020-09-29 19:56:00, 柯文哲大讚北農質譜儀吳音寧應該肯定陳吉仲, https://news.ltn.com.tw/news/politics/breakingnews/3307048
         >>> 找到關鍵字 "化學"; 文章資訊: 2020-09-29 17:25:00, 不說話大讚北農卻被爆收割吳音寧政績柯文哲只搖頭嘆氣, https://news.ltn.com.tw/news/politics/breakingnews/3306865
         >>> 找到關鍵字 "化學"; 文章資訊: 2020-09-29 14:51:00, 為疫苗殺鯊魚黃立民這消息太蝦, https://news.ltn.com.tw/news/health/breakingnews/3306674
         >>> 找到關鍵字 "化學"; 文章資訊: 2020-09-29 14:49:00, 罹癌人數十年增47南山人壽首創自體免疫細胞療法保單, https://news.ltn.com.tw/news/business/breakingnews/3306704
         >>> 找到關鍵字 "化學"; 文章資訊: 2020-09-29 11:03:00, 中醫解惑1中醫治療以3種癌最多關鍵增強體質緩解副作用, https://news.ltn.com.tw/news/health/breakingnews/3304668
         <<< 2020-09-30 沒有更多 "化學" 相關的新聞 !!! >>>
        ------------------------------------------------------
       >> 搜尋關鍵字:"外洩"; 網址:"https://news.ltn.com.tw/search?keyword=外洩&conditions=and&start_time=2020-09-29&end_time=2020-09-30&page=1"
      >> Every thing goes well
         >>> 找到關鍵字 "外洩"; 文章資訊: 2020-09-29 22:49:00, 手機門號跨行轉帳30日啟用8銀行4千萬帳戶可互轉, https://news.ltn.com.tw/news/business/breakingnews/3307270
        ------------------------------------------------------
       >> 搜尋關鍵字:"危害"; 網址:"https://news.ltn.com.tw/search?keyword=危害&conditions=and&start_time=2020-09-29&end_time=2020-09-30&page=1"
      >> Every thing goes well
         >>> 找到關鍵字 "危害"; 文章資訊: 2020-09-30 00:00:00, 自由廣場中秋節一定要烤肉嗎, https://news.ltn.com.tw/news/opinion/paper/1402973
         >>> 找到關鍵字 "危害"; 文章資訊: 2020-09-29 22:34:00, 巴西廢除保護紅樹林法規環團怒轟犯罪, https://news.ltn.com.tw/news/world/breakingnews/3307208
         >>> 找到關鍵字 "危害"; 文章資訊: 2020-09-29 19:36:00, 北市抽查帳篷不合格率達50標示不完整居多, https://news.ltn.com.tw/news/life/breakingnews/3306996
         >>> 找到關鍵字 "危害"; 文章資訊: 2020-09-29 18:48:00, 債務糾紛打到骨折押走關鐵籠主嫌判6月, https://news.ltn.com.tw/news/society/breakingnews/3306894
         >>> 找到關鍵字 "危害"; 文章資訊: 2020-09-29 15:23:00, 狠男掐死女友再把雙胞胎丟洗衣機悶死判死原因曝光, https://news.ltn.com.tw/news/society/breakingnews/3306665
         >>> 找到關鍵字 "危害"; 文章資訊: 2020-09-29 15:10:00, 教唆寄子彈恐嚇三圓建設董事長前立委陳榮盛長媳判刑半年, https://news.ltn.com.tw/news/society/breakingnews/3306700
         >>> 找到關鍵字 "危害"; 文章資訊: 2020-09-29 14:14:00, 沒戴口罩進不了急診室男子竟對醫生揮刀, https://news.ltn.com.tw/news/society/breakingnews/3306647
         >>> 找到關鍵字 "危害"; 文章資訊: 2020-09-29 13:24:00, 200人清淨母親之河喜迎大橋文化節, https://news.ltn.com.tw/news/life/breakingnews/3306591
         >>> 找到關鍵字 "危害"; 文章資訊: 2020-09-29 12:20:00, 三屍案判決軟飯男殺同居人悶死雙胞胎兒子泯滅人性判死刑, https://news.ltn.com.tw/news/society/breakingnews/3306500
         >>> 找到關鍵字 "危害"; 文章資訊: 2020-09-29 11:35:00, 不會產生悖論最新研究指時空旅行可成真, https://news.ltn.com.tw/news/world/breakingnews/3306241
         >>> 找到關鍵字 "危害"; 文章資訊: 2020-09-29 10:52:00, 討債揮刀砍死無辜鄰人殺人罪判15年, https://news.ltn.com.tw/news/society/breakingnews/3306376
         >>> 找到關鍵字 "危害"; 文章資訊: 2020-09-29 10:46:00, 自由開講蔡政府要更清楚闡述台美關係, https://news.ltn.com.tw/news/opinion/breakingnews/3306343
         >>> 找到關鍵字 "危害"; 文章資訊: 2020-09-29 09:37:00, 胡怎麼說正告馬英九歐陽娜娜你的祖國在侵略我的祖國, https://news.ltn.com.tw/news/opinion/breakingnews/3306167
         <<< 2020-09-30 沒有更多 "危害" 相關的新聞 !!! >>>
        ------------------------------------------------------
       >> 搜尋關鍵字:"有毒"; 網址:"https://news.ltn.com.tw/search?keyword=有毒&conditions=and&start_time=2020-09-29&end_time=2020-09-30&page=1"
      >> Every thing goes well
         >>> 找到關鍵字 "有毒"; 文章資訊: 2020-09-29 14:23:00, 潛伏在水底澳女泳池驚見20隻毒蛛驚慌失色, https://news.ltn.com.tw/news/world/breakingnews/3306587
         <<< 2020-09-30 沒有更多 "有毒" 相關的新聞 !!! >>>
        ------------------------------------------------------
       >> 搜尋關鍵字:"有害"; 網址:"https://news.ltn.com.tw/search?keyword=有害&conditions=and&start_time=2020-09-29&end_time=2020-09-30&page=1"
      >> Every thing goes well
         >>> 找到關鍵字 "有害"; 文章資訊: 2020-09-30 00:00:00, 消費快遞帝舵全球直播幕後的周杰倫周董自導自演品牌廣告讚錶款典雅百搭規劃未來什麼都想做, https://news.ltn.com.tw/news/consumer/paper/1402846
         >>> 找到關鍵字 "有害"; 文章資訊: 2020-09-29 23:12:00, 穿裙子也有事法國妙齡女竟遭3男當街毆打, https://news.ltn.com.tw/news/world/breakingnews/3307148
         >>> 找到關鍵字 "有害"; 文章資訊: 2020-09-29 19:49:00, 出席晚宴向台商致敬游錫大談中國吃軟不吃硬, https://news.ltn.com.tw/news/politics/breakingnews/3307086
         >>> 找到關鍵字 "有害"; 文章資訊: 2020-09-29 18:11:00, 李維維秒打槍天之驕女台語壓力大到胃食道逆流, https://news.ltn.com.tw/news/entertainment/breakingnews/3307024
         >>> 找到關鍵字 "有害"; 文章資訊: 2020-09-29 18:10:00, 曾昱嘉學習鄧紫棋落淚談女友大放閃光, https://news.ltn.com.tw/news/entertainment/breakingnews/3307022
         >>> 找到關鍵字 "有害"; 文章資訊: 2020-09-29 17:51:00, 中鼎新簽約額在建工程雙創新高明年營收成長可期, https://news.ltn.com.tw/news/business/breakingnews/3306988
         >>> 找到關鍵字 "有害"; 文章資訊: 2020-09-29 17:43:00, 逆子弒母割頭案二審改判無罪最高法院發回更審要求再查明, https://news.ltn.com.tw/news/society/breakingnews/3306954
         >>> 找到關鍵字 "有害"; 文章資訊: 2020-09-29 14:48:00, 新北萬里蟹上桌檸檬威士忌入菜比創意, https://news.ltn.com.tw/news/life/breakingnews/3306690
         >>> 找到關鍵字 "有害"; 文章資訊: 2020-09-29 13:58:00, 聚餐喝6罐啤酒開車度估自撞慘側翻, https://news.ltn.com.tw/news/society/breakingnews/3306625
         >>> 找到關鍵字 "有害"; 文章資訊: 2020-09-29 10:38:00, 女幼師眼紅同事錢多事少竟投毒無辜孩童吃八寶粥1死23傷, https://news.ltn.com.tw/news/world/breakingnews/3306263
         >>> 找到關鍵字 "有害"; 文章資訊: 2020-09-29 08:10:00, 小金泰熙大尺度全裸女上位激情床戰鄭人碩, https://news.ltn.com.tw/news/entertainment/breakingnews/3306166
         <<< 2020-09-30 沒有更多 "有害" 相關的新聞 !!! >>>
        ------------------------------------------------------
       >> 搜尋關鍵字:"色料"; 網址:"https://news.ltn.com.tw/search?keyword=色料&conditions=and&start_time=2020-09-29&end_time=2020-09-30&page=1"
      >> get more than 1 element. Please confirm.
        ------------------------------------------------------
       >> 搜尋關鍵字:"色素"; 網址:"https://news.ltn.com.tw/search?keyword=色素&conditions=and&start_time=2020-09-29&end_time=2020-09-30&page=1"
      >> Every thing goes well
         >>> 找到關鍵字 "色素"; 文章資訊: 2020-09-30 00:00:00, 宜蘭踏查染料植物建立染色資料庫, https://news.ltn.com.tw/news/life/paper/1402914
         >>> 找到關鍵字 "色素"; 文章資訊: 2020-09-29 16:54:00, 宜蘭縣植物顏色踏查蘭博辦尋色研究成果展, https://news.ltn.com.tw/news/life/breakingnews/3306848
         <<< 2020-09-30 沒有更多 "色素" 相關的新聞 !!! >>>
        ------------------------------------------------------
       >> 搜尋關鍵字:"毒性"; 網址:"https://news.ltn.com.tw/search?keyword=毒性&conditions=and&start_time=2020-09-29&end_time=2020-09-30&page=1"
      >> Every thing goes well
         >>> 找到關鍵字 "毒性"; 文章資訊: 2020-09-30 00:00:00, 上週113萬人腹瀉就醫4週內群聚24起, https://news.ltn.com.tw/news/life/paper/1402881
         >>> 找到關鍵字 "毒性"; 文章資訊: 2020-09-29 17:43:00, 逆子弒母割頭案二審改判無罪最高法院發回更審要求再查明, https://news.ltn.com.tw/news/society/breakingnews/3306954
         >>> 找到關鍵字 "毒性"; 文章資訊: 2020-09-29 14:56:00, 腹瀉單週破11萬人次中秋烤肉提防拉肚子, https://news.ltn.com.tw/news/health/breakingnews/3306718
        ------------------------------------------------------
       >> 搜尋關鍵字:"毒品"; 網址:"https://news.ltn.com.tw/search?keyword=毒品&conditions=and&start_time=2020-09-29&end_time=2020-09-30&page=1"
      >> Every thing goes well
         >>> 找到關鍵字 "毒品"; 文章資訊: 2020-09-30 06:28:00, 0930各報重點新聞一覽, https://news.ltn.com.tw/news/life/breakingnews/3307341
         >>> 找到關鍵字 "毒品"; 文章資訊: 2020-09-30 00:00:00, 弒母斷頭判無罪最高法院火速發回更審, https://news.ltn.com.tw/news/society/paper/1402877
         >>> 找到關鍵字 "毒品"; 文章資訊: 2020-09-29 22:13:00, 遠見雜誌調查桃市治安評鑑六都奪冠全國第2, https://news.ltn.com.tw/news/politics/breakingnews/3307231
         >>> 找到關鍵字 "毒品"; 文章資訊: 2020-09-29 17:43:00, 逆子弒母割頭案二審改判無罪最高法院發回更審要求再查明, https://news.ltn.com.tw/news/society/breakingnews/3306954
         >>> 找到關鍵字 "毒品"; 文章資訊: 2020-09-29 15:20:00, 116張罰單沒繳遭註銷車牌男撿農會車牌懸掛被抓包, https://news.ltn.com.tw/news/society/breakingnews/3306739
         >>> 找到關鍵字 "毒品"; 文章資訊: 2020-09-29 15:06:00, 透天厝變大麻園獨居男還自釀96大麻酒, https://news.ltn.com.tw/news/society/breakingnews/3306711
         >>> 找到關鍵字 "毒品"; 文章資訊: 2020-09-29 13:11:00, 萬華分局社區治安會議邀國小武術隊開場, https://news.ltn.com.tw/news/society/breakingnews/3306578
         >>> 找到關鍵字 "毒品"; 文章資訊: 2020-09-29 11:45:00, NBA暖前NBA球星流落街頭獨行俠老闆出手援助, https://news.ltn.com.tw/news/sports/breakingnews/3306406
         >>> 找到關鍵字 "毒品"; 文章資訊: 2020-09-29 11:22:00, 三嫌凌晨到蘆洲擄人男子大喊救命驚動住戶, https://news.ltn.com.tw/news/society/breakingnews/3306391
         <<< 2020-09-30 沒有更多 "毒品" 相關的新聞 !!! >>>
        ------------------------------------------------------
       >> 搜尋關鍵字:"致癌"; 網址:"https://news.ltn.com.tw/search?keyword=致癌&conditions=and&start_time=2020-09-29&end_time=2020-09-30&page=1"
      >> Every thing goes well
         <<< 2020-09-30 沒有更多 "致癌" 相關的新聞 !!! >>>
        ------------------------------------------------------
       >> 搜尋關鍵字:"重金屬"; 網址:"https://news.ltn.com.tw/search?keyword=重金屬&conditions=and&start_time=2020-09-29&end_time=2020-09-30&page=1"
      >> Every thing goes well
         >>> 找到關鍵字 "重金屬"; 文章資訊: 2020-09-29 17:17:00, 新北市抽驗水產品39件全數合格, https://news.ltn.com.tw/news/life/breakingnews/3306877
         >>> 找到關鍵字 "重金屬"; 文章資訊: 2020-09-29 14:11:00, 基隆抽驗中秋節應景食品1件豆干不符規定, https://news.ltn.com.tw/news/life/breakingnews/3306649
        ------------------------------------------------------
       >> 搜尋關鍵字:"食安"; 網址:"https://news.ltn.com.tw/search?keyword=食安&conditions=and&start_time=2020-09-29&end_time=2020-09-30&page=1"
      >> Every thing goes well
         >>> 找到關鍵字 "食安"; 文章資訊: 2020-09-30 06:28:00, 0930各報重點新聞一覽, https://news.ltn.com.tw/news/life/breakingnews/3307341
         >>> 找到關鍵字 "食安"; 文章資訊: 2020-09-30 00:00:00, 北市長前哨戰蔣萬安誇陳時中能溝通, https://news.ltn.com.tw/news/politics/paper/1402998
         >>> 找到關鍵字 "食安"; 文章資訊: 2020-09-30 00:00:00, 台東縣府修正食安自治條例增訂罰責, https://news.ltn.com.tw/news/life/paper/1402905
         >>> 找到關鍵字 "食安"; 文章資訊: 2020-09-30 00:00:00, 交通空污中市議員批盧秀燕攬功卸責, https://news.ltn.com.tw/news/life/paper/1402894
         >>> 找到關鍵字 "食安"; 文章資訊: 2020-09-30 00:00:00, 美豬進口增查驗人力採查核檢舉雙軌制, https://news.ltn.com.tw/news/life/paper/1402886
         >>> 找到關鍵字 "食安"; 文章資訊: 2020-09-30 00:00:00, 小檔案三章一Q吃得安心, https://news.ltn.com.tw/news/life/paper/1402885
         >>> 找到關鍵字 "食安"; 文章資訊: 2020-09-29 20:16:00, 拒絕萊豬進口主婦聯盟質疑政府不可能做好控管, https://news.ltn.com.tw/news/politics/breakingnews/3307018
         >>> 找到關鍵字 "食安"; 文章資訊: 2020-09-29 19:07:00, 被查到過期冷凍雞塊南庄蘇維拉莊園執行長致歉, https://news.ltn.com.tw/news/life/breakingnews/3307067
         >>> 找到關鍵字 "食安"; 文章資訊: 2020-09-29 16:23:00, 柯文哲約吃飯碰軟釘子蔣萬安現在太忙, https://news.ltn.com.tw/news/politics/breakingnews/3306818
         >>> 找到關鍵字 "食安"; 文章資訊: 2020-09-29 15:05:00, 乙型受體素零檢出東縣修正台東食品安全自治條例增罰則, https://news.ltn.com.tw/news/life/breakingnews/3306713
         >>> 找到關鍵字 "食安"; 文章資訊: 2020-09-29 13:26:00, 國民黨食安會報逾一年未開忽視國人健康安全, https://news.ltn.com.tw/news/politics/breakingnews/3306585
         >>> 找到關鍵字 "食安"; 文章資訊: 2020-09-29 13:17:00, 萊豬進口採查核檢舉雙軌制蘇貞昌全力支持經費, https://news.ltn.com.tw/news/politics/breakingnews/3306576
         >>> 找到關鍵字 "食安"; 文章資訊: 2020-09-29 12:59:00, 中市議員批市府兩套標準有事怪中央有功歸秀燕, https://news.ltn.com.tw/news/politics/breakingnews/3306541
         >>> 找到關鍵字 "食安"; 文章資訊: 2020-09-29 11:25:00, 中市疑校園食物中毒案130人不適餐業者通過複檢恢復供餐, https://news.ltn.com.tw/news/life/breakingnews/3306397
         >>> 找到關鍵字 "食安"; 文章資訊: 2020-09-29 10:35:00, 中央總預算明年成長4國防最多增156億290億買新式戰機, https://news.ltn.com.tw/news/politics/breakingnews/3306344
        ------------------------------------------------------
       >> 搜尋關鍵字:"香料"; 網址:"https://news.ltn.com.tw/search?keyword=香料&conditions=and&start_time=2020-09-29&end_time=2020-09-30&page=1"
      >> Every thing goes well
         >>> 找到關鍵字 "香料"; 文章資訊: 2020-09-30 00:00:00, 台南善化五穀飲送進總統府賴清德比讚, https://news.ltn.com.tw/news/life/paper/1402911
         >>> 找到關鍵字 "香料"; 文章資訊: 2020-09-29 14:48:00, 新北萬里蟹上桌檸檬威士忌入菜比創意, https://news.ltn.com.tw/news/life/breakingnews/3306690
         >>> 找到關鍵字 "香料"; 文章資訊: 2020-09-29 14:01:00, 台南善化農會推黑芝麻五穀飲副總統賴清德也比讚, https://news.ltn.com.tw/news/life/breakingnews/3306626
         <<< 2020-09-30 沒有更多 "香料" 相關的新聞 !!! >>>
        ------------------------------------------------------
       >> 搜尋關鍵字:"原料"; 網址:"https://news.ltn.com.tw/search?keyword=原料&conditions=and&start_time=2020-09-29&end_time=2020-09-30&page=1"
      >> Every thing goes well
         >>> 找到關鍵字 "原料"; 文章資訊: 2020-09-30 00:00:00, 人氣餐廳稽查瓦城蘇維拉莊園食材過期, https://news.ltn.com.tw/news/life/paper/1402887
         >>> 找到關鍵字 "原料"; 文章資訊: 2020-09-29 19:10:00, 人氣餐廳稽查不合格瓦城壽司郎上榜, https://news.ltn.com.tw/news/life/breakingnews/3306891
         >>> 找到關鍵字 "原料"; 文章資訊: 2020-09-29 18:09:00, 竹科今年前3季核准34家公司入區近3年家數最多, https://news.ltn.com.tw/news/business/breakingnews/3307014
         >>> 找到關鍵字 "原料"; 文章資訊: 2020-09-29 14:11:00, 基隆抽驗中秋節應景食品1件豆干不符規定, https://news.ltn.com.tw/news/life/breakingnews/3306649
         >>> 找到關鍵字 "原料"; 文章資訊: 2020-09-29 13:02:00, 雞排沒產地標示農委會籲衛福部推動, https://news.ltn.com.tw/news/life/breakingnews/3306561
         >>> 找到關鍵字 "原料"; 文章資訊: 2020-09-29 11:14:00, 終止連5藍8月製造業燈號轉亮黃藍燈, https://news.ltn.com.tw/news/business/breakingnews/3306409
         <<< 2020-09-30 沒有更多 "原料" 相關的新聞 !!! >>>
        ------------------------------------------------------
       >> 搜尋關鍵字:"氣爆"; 網址:"https://news.ltn.com.tw/search?keyword=氣爆&conditions=and&start_time=2020-09-29&end_time=2020-09-30&page=1"
      >> Every thing goes well
         >>> 找到關鍵字 "氣爆"; 文章資訊: 2020-09-29 22:00:00, 嘉義市傳大樓氣爆巨響冒火現場救出一名男性送醫治療, https://news.ltn.com.tw/news/society/breakingnews/3307198
        ------------------------------------------------------
       >> 搜尋關鍵字:"添加物"; 網址:"https://news.ltn.com.tw/search?keyword=添加物&conditions=and&start_time=2020-09-29&end_time=2020-09-30&page=1"
      >> Every thing goes well
         >>> 找到關鍵字 "添加物"; 文章資訊: 2020-09-29 19:07:00, 被查到過期冷凍雞塊南庄蘇維拉莊園執行長致歉, https://news.ltn.com.tw/news/life/breakingnews/3307067
         <<< 2020-09-30 沒有更多 "添加物" 相關的新聞 !!! >>>
        ------------------------------------------------------
       >> 搜尋關鍵字:"黑心"; 網址:"https://news.ltn.com.tw/search?keyword=黑心&conditions=and&start_time=2020-09-29&end_time=2020-09-30&page=1"
      >> Every thing goes well
         >>> 找到關鍵字 "黑心"; 文章資訊: 2020-09-30 06:09:00, 中國賣家謊稱台農民血本無歸陳吉仲怒揭惡劣手法, https://news.ltn.com.tw/news/life/breakingnews/3307233
        ------------------------------------------------------
       >> 搜尋關鍵字:"漂白"; 網址:"https://news.ltn.com.tw/search?keyword=漂白&conditions=and&start_time=2020-09-29&end_time=2020-09-30&page=1"
      >> Every thing goes well
         >>> 找到關鍵字 "漂白"; 文章資訊: 2020-09-29 14:11:00, 基隆抽驗中秋節應景食品1件豆干不符規定, https://news.ltn.com.tw/news/life/breakingnews/3306649
         <<< 2020-09-30 沒有更多 "漂白" 相關的新聞 !!! >>>
        ------------------------------------------------------
       >> 搜尋關鍵字:"爆炸"; 網址:"https://news.ltn.com.tw/search?keyword=爆炸&conditions=and&start_time=2020-09-29&end_time=2020-09-30&page=1"
      >> Every thing goes well
         >>> 找到關鍵字 "爆炸"; 文章資訊: 2020-09-30 07:19:00, 彰化深夜驚爆槽車國道車禍氣體槽墜落爆炸1死, https://news.ltn.com.tw/news/society/breakingnews/3307348
         >>> 找到關鍵字 "爆炸"; 文章資訊: 2020-09-30 06:35:00, 槽罐車撞國道匝道氣體槽爆炸起火一死, https://news.ltn.com.tw/news/society/breakingnews/3307325
         >>> 找到關鍵字 "爆炸"; 文章資訊: 2020-09-29 22:00:00, 嘉義市傳大樓氣爆巨響冒火現場救出一名男性送醫治療, https://news.ltn.com.tw/news/society/breakingnews/3307198
         >>> 找到關鍵字 "爆炸"; 文章資訊: 2020-09-29 19:32:00, 中職砲轟兄弟超強洋投林安可追平王柏融紀錄, https://news.ltn.com.tw/news/sports/breakingnews/3307112
         >>> 找到關鍵字 "爆炸"; 文章資訊: 2020-09-29 14:44:00, MLB劉致榮再度啟程赴美參加紅襪秋訓會緊張, https://news.ltn.com.tw/news/sports/breakingnews/3306691
         >>> 找到關鍵字 "爆炸"; 文章資訊: 2020-09-29 13:10:00, 無人島鋤頭嶼海空管制順利完成水雷引爆, https://news.ltn.com.tw/news/politics/breakingnews/3306573
        ------------------------------------------------------
       >> 搜尋關鍵字:"新興"; 網址:"https://news.ltn.com.tw/search?keyword=新興&conditions=and&start_time=2020-09-29&end_time=2020-09-30&page=1"
      >> Every thing goes well
         >>> 找到關鍵字 "新興"; 文章資訊: 2020-09-30 06:28:00, 0930各報重點新聞一覽, https://news.ltn.com.tw/news/life/breakingnews/3307341
         >>> 找到關鍵字 "新興"; 文章資訊: 2020-09-30 00:00:00, 蘇揆明年經濟會優於今年, https://news.ltn.com.tw/news/politics/paper/1402994
         >>> 找到關鍵字 "新興"; 文章資訊: 2020-09-30 00:00:00, 弒母斷頭判無罪最高法院火速發回更審, https://news.ltn.com.tw/news/society/paper/1402877
         >>> 找到關鍵字 "新興"; 文章資訊: 2020-09-30 00:43:00, 高雄三民區透天民宅深夜大火火舌從2樓竄出延燒3戶, https://news.ltn.com.tw/news/society/breakingnews/3307304
         >>> 找到關鍵字 "新興"; 文章資訊: 2020-09-29 20:12:00, 黨產會北高行合理化釋憲動機與法官實際言論有所扞格, https://news.ltn.com.tw/news/politics/breakingnews/3307032
         >>> 找到關鍵字 "新興"; 文章資訊: 2020-09-29 19:10:00, 人氣餐廳稽查不合格瓦城壽司郎上榜, https://news.ltn.com.tw/news/life/breakingnews/3306891
         >>> 找到關鍵字 "新興"; 文章資訊: 2020-09-29 17:43:00, 逆子弒母割頭案二審改判無罪最高法院發回更審要求再查明, https://news.ltn.com.tw/news/society/breakingnews/3306954
         >>> 找到關鍵字 "新興"; 文章資訊: 2020-09-29 15:55:00, 前瞻產業發展論壇在台南黃偉哲迎接5G智慧綠能國際趨勢, https://news.ltn.com.tw/news/life/breakingnews/3306785
         >>> 找到關鍵字 "新興"; 文章資訊: 2020-09-29 12:32:00, 秋節連假避免塞車掃興桃市八德警方建議走替代道路, https://news.ltn.com.tw/news/life/breakingnews/3306503
         >>> 找到關鍵字 "新興"; 文章資訊: 2020-09-29 11:14:00, 終止連5藍8月製造業燈號轉亮黃藍燈, https://news.ltn.com.tw/news/business/breakingnews/3306409
         >>> 找到關鍵字 "新興"; 文章資訊: 2020-09-29 10:38:00, 今年來已跌24土耳其里拉再跌破歷史紀錄, https://news.ltn.com.tw/news/business/breakingnews/3306327
         >>> 找到關鍵字 "新興"; 文章資訊: 2020-09-29 10:10:00, 汽車家電更繽紛科思創攜手ChrisLefteriDesign讓美學結合功能, https://news.ltn.com.tw/news/business/breakingnews/3306326
         <<< 2020-09-30 沒有更多 "新興" 相關的新聞 !!! >>>
        ------------------------------------------------------
       >> 搜尋關鍵字:"爆裂物"; 網址:"https://news.ltn.com.tw/search?keyword=爆裂物&conditions=and&start_time=2020-09-29&end_time=2020-09-30&page=1"
      >> Every thing goes well
         >>> 找到關鍵字 "爆裂物"; 文章資訊: 2020-09-29 11:05:00, 婦出門驚見路邊郵包炸彈X光一掃化解危機, https://news.ltn.com.tw/news/society/breakingnews/3306387
        ------------------------------------------------------
       >> 搜尋關鍵字:"IED"; 網址:"https://news.ltn.com.tw/search?keyword=IED&conditions=and&start_time=2020-09-29&end_time=2020-09-30&page=1"
      >> Every thing goes well
         >>> 找到關鍵字 "IED"; 文章資訊: 2020-09-30 03:00:00, TAIPEITIMESHPArecommends333principleforholidayBBQ, https://news.ltn.com.tw/news/focus/breakingnews/3307288
         >>> 找到關鍵字 "IED"; 文章資訊: 2020-09-30 03:00:00, TAIPEITIMESFSCfinesJkoforlaunchingTuofuBao, https://news.ltn.com.tw/news/focus/breakingnews/3307287
         >>> 找到關鍵字 "IED"; 文章資訊: 2020-09-30 03:00:00, TAIPEITIMESTroopswouldneverbackdownYen, https://news.ltn.com.tw/news/focus/breakingnews/3307285
         >>> 找到關鍵字 "IED"; 文章資訊: 2020-09-30 00:06:00, 戰機遭擊落亞美尼亞指控土耳其F16深入境內轟炸, https://news.ltn.com.tw/news/world/breakingnews/3307294
         <<< 2020-09-30 沒有更多 "IED" 相關的新聞 !!! >>>
        ------------------------------------------------------
       >> 搜尋關鍵字:"排放"; 網址:"https://news.ltn.com.tw/search?keyword=排放&conditions=and&start_time=2020-09-29&end_time=2020-09-30&page=1"
      >> Every thing goes well
         >>> 找到關鍵字 "排放"; 文章資訊: 2020-09-30 00:00:00, 家庭plus美味教室地中海飲食真享瘦, https://news.ltn.com.tw/news/supplement/paper/1402872
         >>> 找到關鍵字 "排放"; 文章資訊: 2020-09-29 17:00:00, 減煤減排四部曲中火10月起將擴大自主減煤, https://news.ltn.com.tw/news/business/breakingnews/3306905
         >>> 找到關鍵字 "排放"; 文章資訊: 2020-09-29 15:54:00, 食腦變形蟲肆虐美國德州發布郡級災難公告, https://news.ltn.com.tw/news/world/breakingnews/3306650
         <<< 2020-09-30 沒有更多 "排放" 相關的新聞 !!! >>>
        ------------------------------------------------------
       >> 搜尋關鍵字:"污染"; 網址:"https://news.ltn.com.tw/search?keyword=污染&conditions=and&start_time=2020-09-29&end_time=2020-09-30&page=1"
      >> Every thing goes well
         >>> 找到關鍵字 "污染"; 文章資訊: 2020-09-30 00:00:00, 台北紡織展防疫織品亮眼, https://news.ltn.com.tw/news/business/paper/1403011
         >>> 找到關鍵字 "污染"; 文章資訊: 2020-09-30 00:00:00, 率全國之先桃園工地架設空氣盒子結合灑水, https://news.ltn.com.tw/news/life/paper/1402937
         >>> 找到關鍵字 "污染"; 文章資訊: 2020-09-30 00:00:00, 上週113萬人腹瀉就醫4週內群聚24起, https://news.ltn.com.tw/news/life/paper/1402881
         >>> 找到關鍵字 "污染"; 文章資訊: 2020-09-29 21:47:00, 東北風增強週三北東留意短暫雨中秋連假天氣轉穩, https://news.ltn.com.tw/news/life/breakingnews/3307108
         >>> 找到關鍵字 "污染"; 文章資訊: 2020-09-29 19:15:00, 蔣月惠關切小琉球蓋新飯店被居民嗆管過頭, https://news.ltn.com.tw/news/life/breakingnews/3307077
         >>> 找到關鍵字 "污染"; 文章資訊: 2020-09-29 19:09:00, 中秋烤肉空污來襲環保署可用瓦斯或電器取代木炭, https://news.ltn.com.tw/news/life/breakingnews/3306944
         >>> 找到關鍵字 "污染"; 文章資訊: 2020-09-29 17:17:00, 新北市抽驗水產品39件全數合格, https://news.ltn.com.tw/news/life/breakingnews/3306877
         >>> 找到關鍵字 "污染"; 文章資訊: 2020-09-29 15:54:00, 食腦變形蟲肆虐美國德州發布郡級災難公告, https://news.ltn.com.tw/news/world/breakingnews/3306650
         >>> 找到關鍵字 "污染"; 文章資訊: 2020-09-29 14:56:00, 腹瀉單週破11萬人次中秋烤肉提防拉肚子, https://news.ltn.com.tw/news/health/breakingnews/3306718
         >>> 找到關鍵字 "污染"; 文章資訊: 2020-09-29 13:50:00, 洩露評審名單被判刑高市前環保局長李穆生考績吃餅, https://news.ltn.com.tw/news/politics/breakingnews/3306618
         >>> 找到關鍵字 "污染"; 文章資訊: 2020-09-29 13:24:00, 200人清淨母親之河喜迎大橋文化節, https://news.ltn.com.tw/news/life/breakingnews/3306591
         >>> 找到關鍵字 "污染"; 文章資訊: 2020-09-29 12:46:00, 評陳其邁第一本總預算黃紹庭說一套做一套邁擱騙啊, https://news.ltn.com.tw/news/politics/breakingnews/3306539
         <<< 2020-09-30 沒有更多 "污染" 相關的新聞 !!! >>>
        ------------------------------------------------------
       >> 搜尋關鍵字:"廢水"; 網址:"https://news.ltn.com.tw/search?keyword=廢水&conditions=and&start_time=2020-09-29&end_time=2020-09-30&page=1"
      >> get more than 1 element. Please confirm.
        ------------------------------------------------------
       >> 搜尋關鍵字:"污水"; 網址:"https://news.ltn.com.tw/search?keyword=污水&conditions=and&start_time=2020-09-29&end_time=2020-09-30&page=1"
      >> Every thing goes well
         >>> 找到關鍵字 "污水"; 文章資訊: 2020-09-30 00:00:00, 小琉球蓋飯店鳳凰旅遊做好安全措施, https://news.ltn.com.tw/news/life/paper/1402907
         >>> 找到關鍵字 "污水"; 文章資訊: 2020-09-29 12:02:00, 台中市污水下水道接管規範不當一排就堵屎水利局民眾誤會, https://news.ltn.com.tw/news/life/breakingnews/3306452
        ------------------------------------------------------
       >> 搜尋關鍵字:"洩漏"; 網址:"https://news.ltn.com.tw/search?keyword=洩漏&conditions=and&start_time=2020-09-29&end_time=2020-09-30&page=1"
      >> Every thing goes well
         >>> 找到關鍵字 "洩漏"; 文章資訊: 2020-09-30 00:00:00, 自由日日shoot美大選首場辯論登場美聯社川普逆轉機會, https://news.ltn.com.tw/news/world/paper/1403025
         >>> 找到關鍵字 "洩漏"; 文章資訊: 2020-09-29 13:50:00, 洩露評審名單被判刑高市前環保局長李穆生考績吃餅, https://news.ltn.com.tw/news/politics/breakingnews/3306618
        ------------------------------------------------------
       >> 搜尋關鍵字:"暗管"; 網址:"https://news.ltn.com.tw/search?keyword=暗管&conditions=and&start_time=2020-09-29&end_time=2020-09-30&page=1"
      >> get more than 1 element. Please confirm.
        ------------------------------------------------------
       >> 搜尋關鍵字:"偷排"; 網址:"https://news.ltn.com.tw/search?keyword=偷排&conditions=and&start_time=2020-09-29&end_time=2020-09-30&page=1"
      >> get more than 1 element. Please confirm.
        ------------------------------------------------------
       >> 搜尋關鍵字:"安全"; 網址:"https://news.ltn.com.tw/search?keyword=安全&conditions=and&start_time=2020-09-29&end_time=2020-09-30&page=1"
      >> Every thing goes well
         >>> 找到關鍵字 "安全"; 文章資訊: 2020-09-30 07:00:00, 美大選辯論在即中官媒不應濫用中國問題做戲, https://news.ltn.com.tw/news/world/breakingnews/3307347
         >>> 找到關鍵字 "安全"; 文章資訊: 2020-09-30 06:28:00, 0930各報重點新聞一覽, https://news.ltn.com.tw/news/life/breakingnews/3307341
         >>> 找到關鍵字 "安全"; 文章資訊: 2020-09-30 00:00:00, 中秋烤驗腰力提防腰椎傷害, https://news.ltn.com.tw/news/health/paper/1403020
         >>> 找到關鍵字 "安全"; 文章資訊: 2020-09-30 00:00:00, 癌末肝動脈化療14cm腫瘤幾乎消失, https://news.ltn.com.tw/news/health/paper/1403018
         >>> 找到關鍵字 "安全"; 文章資訊: 2020-09-30 00:00:00, 冷眼集習近平的煩惱, https://news.ltn.com.tw/news/politics/paper/1402991
         >>> 找到關鍵字 "安全"; 文章資訊: 2020-09-30 00:00:00, 兩岸若開戰蘇揆台灣會永遠撐著, https://news.ltn.com.tw/news/politics/paper/1402988
         >>> 找到關鍵字 "安全"; 文章資訊: 2020-09-30 00:00:00, 司法官懲戒遭疑黑箱修法改公開審理, https://news.ltn.com.tw/news/society/paper/1402975
         >>> 找到關鍵字 "安全"; 文章資訊: 2020-09-30 00:00:00, 自由廣場中秋節一定要烤肉嗎, https://news.ltn.com.tw/news/opinion/paper/1402973
         >>> 找到關鍵字 "安全"; 文章資訊: 2020-09-30 00:00:00, 自由廣場還沒建國如何建交, https://news.ltn.com.tw/news/opinion/paper/1402967
         >>> 找到關鍵字 "安全"; 文章資訊: 2020-09-30 00:00:00, 龍潭公車站牌雜草比座位還高, https://news.ltn.com.tw/news/life/paper/1402938
         >>> 找到關鍵字 "安全"; 文章資訊: 2020-09-30 00:00:00, 柯文哲讚北農質譜儀政策吳音寧推動的, https://news.ltn.com.tw/news/life/paper/1402923
         >>> 找到關鍵字 "安全"; 文章資訊: 2020-09-30 00:00:00, 竹山人反建7號道公所像夾心餅乾, https://news.ltn.com.tw/news/life/paper/1402920
         >>> 找到關鍵字 "安全"; 文章資訊: 2020-09-30 00:00:00, 台南南鐵拆遷戶提設定地上權鐵道局行不通, https://news.ltn.com.tw/news/life/paper/1402912
         >>> 找到關鍵字 "安全"; 文章資訊: 2020-09-30 00:00:00, 小琉球蓋飯店鳳凰旅遊做好安全措施, https://news.ltn.com.tw/news/life/paper/1402907
         >>> 找到關鍵字 "安全"; 文章資訊: 2020-09-30 00:00:00, 台東縣府修正食安自治條例增訂罰責, https://news.ltn.com.tw/news/life/paper/1402905
        ------------------------------------------------------
       >> 搜尋關鍵字:"槽車"; 網址:"https://news.ltn.com.tw/search?keyword=槽車&conditions=and&start_time=2020-09-29&end_time=2020-09-30&page=1"
      >> Every thing goes well
         >>> 找到關鍵字 "槽車"; 文章資訊: 2020-09-30 07:19:00, 彰化深夜驚爆槽車國道車禍氣體槽墜落爆炸1死, https://news.ltn.com.tw/news/society/breakingnews/3307348
       >> 檔案輸出
        ------------------------------------------------------
      >> 下載新聞內容
      >> 下載 https://news.ltn.com.tw/news/politics/paper/1402999, 我將提供捷克50名獎學金
      >> 下載 https://news.ltn.com.tw/news/life/paper/1402913, 台南火車站轉車台南側原地保留
      >> 下載 https://news.ltn.com.tw/news/life/paper/1402912, 台南南鐵拆遷戶提設定地上權鐵道局行不通
      >> 下載 https://news.ltn.com.tw/news/life/breakingnews/3307162, 日治時期台南火車站轉車台遺構南側原地保留北側移置暫存
      >> 下載 https://news.ltn.com.tw/news/life/breakingnews/3306891, 人氣餐廳稽查不合格瓦城壽司郎上榜
      >> 下載 https://news.ltn.com.tw/news/politics/breakingnews/3306947, 外交部明年起提供捷克50個華文獎學金名額
      >> 下載 https://news.ltn.com.tw/news/life/breakingnews/3306662, 搶攻尾牙商機出新招五星飯店首推全包式春酒郵輪派對
      >> 下載 https://news.ltn.com.tw/news/life/breakingnews/3306515, 南鐵案最後兩戶要求保留原屋原梯鐵道局方案不可行
      >> 下載 https://news.ltn.com.tw/news/life/breakingnews/3306377, 台東震不停恆春震度四級核三廠運作如常民眾放心
      >> 下載 https://news.ltn.com.tw/news/health/breakingnews/3306074, 餵母乳好處多研究母乳可以預防殺死武肺病毒
      >> 找不到新聞內容，可能是新聞的格式不同所致。
      >> 下載 https://news.ltn.com.tw/news/life/paper/1402941, 台灣創新技術博覽會元智大學奪7牌
      >> 下載 https://news.ltn.com.tw/news/life/paper/1402923, 柯文哲讚北農質譜儀政策吳音寧推動的
      >> 下載 https://news.ltn.com.tw/news/life/paper/1402897, 柯讚北農質譜儀政策吳音寧推動的
      >> 下載 https://news.ltn.com.tw/news/world/breakingnews/3307243, 英女罹罕病導致免疫失靈靠插管注射營養液
      >> 下載 https://news.ltn.com.tw/news/politics/breakingnews/3307231, 遠見雜誌調查桃市治安評鑑六都奪冠全國第2
      >> 下載 https://news.ltn.com.tw/news/life/breakingnews/3307196, 成大先進電池材料產業聯盟成立諾貝爾得主視訊演講
      >> 下載 https://news.ltn.com.tw/news/politics/breakingnews/3307048, 柯文哲大讚北農質譜儀吳音寧應該肯定陳吉仲
      >> 下載 https://news.ltn.com.tw/news/politics/breakingnews/3306865, 不說話大讚北農卻被爆收割吳音寧政績柯文哲只搖頭嘆氣
      >> 下載 https://news.ltn.com.tw/news/health/breakingnews/3306674, 為疫苗殺鯊魚黃立民這消息太蝦
      >> 找不到新聞內容，可能是新聞的格式不同所致。
      >> 下載 https://news.ltn.com.tw/news/business/breakingnews/3306704, 罹癌人數十年增47南山人壽首創自體免疫細胞療法保單
      >> 找不到新聞內容，可能是新聞的格式不同所致。
      >> 下載 https://news.ltn.com.tw/news/health/breakingnews/3304668, 中醫解惑1中醫治療以3種癌最多關鍵增強體質緩解副作用
      >> 找不到新聞內容，可能是新聞的格式不同所致。
      >> 下載 https://news.ltn.com.tw/news/business/breakingnews/3307270, 手機門號跨行轉帳30日啟用8銀行4千萬帳戶可互轉
      >> 找不到新聞內容，可能是新聞的格式不同所致。
      >> 下載 https://news.ltn.com.tw/news/opinion/paper/1402973, 自由廣場中秋節一定要烤肉嗎
      >> 找不到新聞內容，可能是新聞的格式不同所致。
      >> 下載 https://news.ltn.com.tw/news/world/breakingnews/3307208, 巴西廢除保護紅樹林法規環團怒轟犯罪
      >> 下載 https://news.ltn.com.tw/news/life/breakingnews/3306996, 北市抽查帳篷不合格率達50標示不完整居多
      >> 下載 https://news.ltn.com.tw/news/society/breakingnews/3306894, 債務糾紛打到骨折押走關鐵籠主嫌判6月
      >> 下載 https://news.ltn.com.tw/news/society/breakingnews/3306665, 狠男掐死女友再把雙胞胎丟洗衣機悶死判死原因曝光
      >> 下載 https://news.ltn.com.tw/news/society/breakingnews/3306700, 教唆寄子彈恐嚇三圓建設董事長前立委陳榮盛長媳判刑半年
      >> 下載 https://news.ltn.com.tw/news/society/breakingnews/3306647, 沒戴口罩進不了急診室男子竟對醫生揮刀
      >> 下載 https://news.ltn.com.tw/news/life/breakingnews/3306591, 200人清淨母親之河喜迎大橋文化節
      >> 下載 https://news.ltn.com.tw/news/society/breakingnews/3306500, 三屍案判決軟飯男殺同居人悶死雙胞胎兒子泯滅人性判死刑
      >> 下載 https://news.ltn.com.tw/news/world/breakingnews/3306241, 不會產生悖論最新研究指時空旅行可成真
      >> 下載 https://news.ltn.com.tw/news/society/breakingnews/3306376, 討債揮刀砍死無辜鄰人殺人罪判15年
      >> 下載 https://news.ltn.com.tw/news/opinion/breakingnews/3306343, 自由開講蔡政府要更清楚闡述台美關係
      >> 找不到新聞內容，可能是新聞的格式不同所致。
      >> 下載 https://news.ltn.com.tw/news/opinion/breakingnews/3306167, 胡怎麼說正告馬英九歐陽娜娜你的祖國在侵略我的祖國
      >> 找不到新聞內容，可能是新聞的格式不同所致。
      >> 下載 https://news.ltn.com.tw/news/world/breakingnews/3306587, 潛伏在水底澳女泳池驚見20隻毒蛛驚慌失色
      >> 下載 https://news.ltn.com.tw/news/consumer/paper/1402846, 消費快遞帝舵全球直播幕後的周杰倫周董自導自演品牌廣告讚錶款典雅百搭規劃未來什麼都想做
      >> 下載 https://news.ltn.com.tw/news/world/breakingnews/3307148, 穿裙子也有事法國妙齡女竟遭3男當街毆打
      >> 下載 https://news.ltn.com.tw/news/politics/breakingnews/3307086, 出席晚宴向台商致敬游錫大談中國吃軟不吃硬
      >> 下載 https://news.ltn.com.tw/news/entertainment/breakingnews/3307024, 李維維秒打槍天之驕女台語壓力大到胃食道逆流
      >> 下載 https://news.ltn.com.tw/news/entertainment/breakingnews/3307022, 曾昱嘉學習鄧紫棋落淚談女友大放閃光
      >> 下載 https://news.ltn.com.tw/news/business/breakingnews/3306988, 中鼎新簽約額在建工程雙創新高明年營收成長可期
      >> 找不到新聞內容，可能是新聞的格式不同所致。
      >> 下載 https://news.ltn.com.tw/news/society/breakingnews/3306954, 逆子弒母割頭案二審改判無罪最高法院發回更審要求再查明
      >> 下載 https://news.ltn.com.tw/news/life/breakingnews/3306690, 新北萬里蟹上桌檸檬威士忌入菜比創意
      >> 下載 https://news.ltn.com.tw/news/society/breakingnews/3306625, 聚餐喝6罐啤酒開車度估自撞慘側翻
      >> 下載 https://news.ltn.com.tw/news/world/breakingnews/3306263, 女幼師眼紅同事錢多事少竟投毒無辜孩童吃八寶粥1死23傷
      >> 下載 https://news.ltn.com.tw/news/entertainment/breakingnews/3306166, 小金泰熙大尺度全裸女上位激情床戰鄭人碩
      >> 下載 https://news.ltn.com.tw/news/life/paper/1402914, 宜蘭踏查染料植物建立染色資料庫
      >> 下載 https://news.ltn.com.tw/news/life/breakingnews/3306848, 宜蘭縣植物顏色踏查蘭博辦尋色研究成果展
      >> 下載 https://news.ltn.com.tw/news/life/paper/1402881, 上週113萬人腹瀉就醫4週內群聚24起
      >> 下載 https://news.ltn.com.tw/news/society/breakingnews/3306954, 逆子弒母割頭案二審改判無罪最高法院發回更審要求再查明
      >> 下載 https://news.ltn.com.tw/news/health/breakingnews/3306718, 腹瀉單週破11萬人次中秋烤肉提防拉肚子
      >> 找不到新聞內容，可能是新聞的格式不同所致。
      >> 下載 https://news.ltn.com.tw/news/life/breakingnews/3307341, 0930各報重點新聞一覽
      >> 下載 https://news.ltn.com.tw/news/society/paper/1402877, 弒母斷頭判無罪最高法院火速發回更審
      >> 下載 https://news.ltn.com.tw/news/politics/breakingnews/3307231, 遠見雜誌調查桃市治安評鑑六都奪冠全國第2
      >> 下載 https://news.ltn.com.tw/news/society/breakingnews/3306954, 逆子弒母割頭案二審改判無罪最高法院發回更審要求再查明
      >> 下載 https://news.ltn.com.tw/news/society/breakingnews/3306739, 116張罰單沒繳遭註銷車牌男撿農會車牌懸掛被抓包
      >> 下載 https://news.ltn.com.tw/news/society/breakingnews/3306711, 透天厝變大麻園獨居男還自釀96大麻酒
      >> 下載 https://news.ltn.com.tw/news/society/breakingnews/3306578, 萬華分局社區治安會議邀國小武術隊開場
      >> 下載 https://news.ltn.com.tw/news/sports/breakingnews/3306406, NBA暖前NBA球星流落街頭獨行俠老闆出手援助
      >> 下載 https://news.ltn.com.tw/news/society/breakingnews/3306391, 三嫌凌晨到蘆洲擄人男子大喊救命驚動住戶
      >> 下載 https://news.ltn.com.tw/news/life/breakingnews/3306877, 新北市抽驗水產品39件全數合格
      >> 下載 https://news.ltn.com.tw/news/life/breakingnews/3306649, 基隆抽驗中秋節應景食品1件豆干不符規定
      >> 下載 https://news.ltn.com.tw/news/life/breakingnews/3307341, 0930各報重點新聞一覽
      >> 下載 https://news.ltn.com.tw/news/politics/paper/1402998, 北市長前哨戰蔣萬安誇陳時中能溝通
      >> 下載 https://news.ltn.com.tw/news/life/paper/1402905, 台東縣府修正食安自治條例增訂罰責
      >> 下載 https://news.ltn.com.tw/news/life/paper/1402894, 交通空污中市議員批盧秀燕攬功卸責
      >> 下載 https://news.ltn.com.tw/news/life/paper/1402886, 美豬進口增查驗人力採查核檢舉雙軌制
      >> 下載 https://news.ltn.com.tw/news/life/paper/1402885, 小檔案三章一Q吃得安心
      >> 下載 https://news.ltn.com.tw/news/politics/breakingnews/3307018, 拒絕萊豬進口主婦聯盟質疑政府不可能做好控管
      >> 下載 https://news.ltn.com.tw/news/life/breakingnews/3307067, 被查到過期冷凍雞塊南庄蘇維拉莊園執行長致歉
      >> 下載 https://news.ltn.com.tw/news/politics/breakingnews/3306818, 柯文哲約吃飯碰軟釘子蔣萬安現在太忙
      >> 下載 https://news.ltn.com.tw/news/life/breakingnews/3306713, 乙型受體素零檢出東縣修正台東食品安全自治條例增罰則
      >> 下載 https://news.ltn.com.tw/news/politics/breakingnews/3306585, 國民黨食安會報逾一年未開忽視國人健康安全
      >> 下載 https://news.ltn.com.tw/news/politics/breakingnews/3306576, 萊豬進口採查核檢舉雙軌制蘇貞昌全力支持經費
      >> 下載 https://news.ltn.com.tw/news/politics/breakingnews/3306541, 中市議員批市府兩套標準有事怪中央有功歸秀燕
      >> 下載 https://news.ltn.com.tw/news/life/breakingnews/3306397, 中市疑校園食物中毒案130人不適餐業者通過複檢恢復供餐
      >> 下載 https://news.ltn.com.tw/news/politics/breakingnews/3306344, 中央總預算明年成長4國防最多增156億290億買新式戰機
      >> 下載 https://news.ltn.com.tw/news/life/paper/1402911, 台南善化五穀飲送進總統府賴清德比讚
      >> 下載 https://news.ltn.com.tw/news/life/breakingnews/3306690, 新北萬里蟹上桌檸檬威士忌入菜比創意
      >> 下載 https://news.ltn.com.tw/news/life/breakingnews/3306626, 台南善化農會推黑芝麻五穀飲副總統賴清德也比讚
      >> 下載 https://news.ltn.com.tw/news/life/paper/1402887, 人氣餐廳稽查瓦城蘇維拉莊園食材過期
      >> 下載 https://news.ltn.com.tw/news/life/breakingnews/3306891, 人氣餐廳稽查不合格瓦城壽司郎上榜
      >> 下載 https://news.ltn.com.tw/news/business/breakingnews/3307014, 竹科今年前3季核准34家公司入區近3年家數最多
      >> 找不到新聞內容，可能是新聞的格式不同所致。
      >> 下載 https://news.ltn.com.tw/news/life/breakingnews/3306649, 基隆抽驗中秋節應景食品1件豆干不符規定
      >> 下載 https://news.ltn.com.tw/news/life/breakingnews/3306561, 雞排沒產地標示農委會籲衛福部推動
      >> 下載 https://news.ltn.com.tw/news/business/breakingnews/3306409, 終止連5藍8月製造業燈號轉亮黃藍燈
      >> 找不到新聞內容，可能是新聞的格式不同所致。
      >> 下載 https://news.ltn.com.tw/news/society/breakingnews/3307198, 嘉義市傳大樓氣爆巨響冒火現場救出一名男性送醫治療
      >> 下載 https://news.ltn.com.tw/news/life/breakingnews/3307067, 被查到過期冷凍雞塊南庄蘇維拉莊園執行長致歉
      >> 下載 https://news.ltn.com.tw/news/life/breakingnews/3307233, 中國賣家謊稱台農民血本無歸陳吉仲怒揭惡劣手法
      >> 下載 https://news.ltn.com.tw/news/life/breakingnews/3306649, 基隆抽驗中秋節應景食品1件豆干不符規定
      >> 下載 https://news.ltn.com.tw/news/society/breakingnews/3307348, 彰化深夜驚爆槽車國道車禍氣體槽墜落爆炸1死
      >> 下載 https://news.ltn.com.tw/news/society/breakingnews/3307325, 槽罐車撞國道匝道氣體槽爆炸起火一死
      >> 下載 https://news.ltn.com.tw/news/society/breakingnews/3307198, 嘉義市傳大樓氣爆巨響冒火現場救出一名男性送醫治療
      >> 下載 https://news.ltn.com.tw/news/sports/breakingnews/3307112, 中職砲轟兄弟超強洋投林安可追平王柏融紀錄
      >> 下載 https://news.ltn.com.tw/news/sports/breakingnews/3306691, MLB劉致榮再度啟程赴美參加紅襪秋訓會緊張
      >> 下載 https://news.ltn.com.tw/news/politics/breakingnews/3306573, 無人島鋤頭嶼海空管制順利完成水雷引爆
      >> 下載 https://news.ltn.com.tw/news/life/breakingnews/3307341, 0930各報重點新聞一覽
      >> 下載 https://news.ltn.com.tw/news/politics/paper/1402994, 蘇揆明年經濟會優於今年
      >> 下載 https://news.ltn.com.tw/news/society/paper/1402877, 弒母斷頭判無罪最高法院火速發回更審
      >> 下載 https://news.ltn.com.tw/news/society/breakingnews/3307304, 高雄三民區透天民宅深夜大火火舌從2樓竄出延燒3戶
      >> 下載 https://news.ltn.com.tw/news/politics/breakingnews/3307032, 黨產會北高行合理化釋憲動機與法官實際言論有所扞格
      >> 下載 https://news.ltn.com.tw/news/life/breakingnews/3306891, 人氣餐廳稽查不合格瓦城壽司郎上榜
      >> 下載 https://news.ltn.com.tw/news/society/breakingnews/3306954, 逆子弒母割頭案二審改判無罪最高法院發回更審要求再查明
      >> 下載 https://news.ltn.com.tw/news/life/breakingnews/3306785, 前瞻產業發展論壇在台南黃偉哲迎接5G智慧綠能國際趨勢
      >> 下載 https://news.ltn.com.tw/news/life/breakingnews/3306503, 秋節連假避免塞車掃興桃市八德警方建議走替代道路
      >> 下載 https://news.ltn.com.tw/news/business/breakingnews/3306409, 終止連5藍8月製造業燈號轉亮黃藍燈
      >> 找不到新聞內容，可能是新聞的格式不同所致。
      >> 下載 https://news.ltn.com.tw/news/business/breakingnews/3306327, 今年來已跌24土耳其里拉再跌破歷史紀錄
      >> 找不到新聞內容，可能是新聞的格式不同所致。
      >> 下載 https://news.ltn.com.tw/news/business/breakingnews/3306326, 汽車家電更繽紛科思創攜手ChrisLefteriDesign讓美學結合功能
      >> 找不到新聞內容，可能是新聞的格式不同所致。
      >> 下載 https://news.ltn.com.tw/news/society/breakingnews/3306387, 婦出門驚見路邊郵包炸彈X光一掃化解危機
      >> 下載 https://news.ltn.com.tw/news/focus/breakingnews/3307288, TAIPEITIMESHPArecommends333principleforholidayBBQ
      >> 下載 https://news.ltn.com.tw/news/focus/breakingnews/3307287, TAIPEITIMESFSCfinesJkoforlaunchingTuofuBao
      >> 下載 https://news.ltn.com.tw/news/focus/breakingnews/3307285, TAIPEITIMESTroopswouldneverbackdownYen
      >> 下載 https://news.ltn.com.tw/news/world/breakingnews/3307294, 戰機遭擊落亞美尼亞指控土耳其F16深入境內轟炸
      >> 下載 https://news.ltn.com.tw/news/supplement/paper/1402872, 家庭plus美味教室地中海飲食真享瘦
      >> 下載 https://news.ltn.com.tw/news/business/breakingnews/3306905, 減煤減排四部曲中火10月起將擴大自主減煤
      >> 找不到新聞內容，可能是新聞的格式不同所致。
      >> 下載 https://news.ltn.com.tw/news/world/breakingnews/3306650, 食腦變形蟲肆虐美國德州發布郡級災難公告
      >> 下載 https://news.ltn.com.tw/news/business/paper/1403011, 台北紡織展防疫織品亮眼
      >> 找不到新聞內容，可能是新聞的格式不同所致。
      >> 下載 https://news.ltn.com.tw/news/life/paper/1402937, 率全國之先桃園工地架設空氣盒子結合灑水
      >> 下載 https://news.ltn.com.tw/news/life/paper/1402881, 上週113萬人腹瀉就醫4週內群聚24起
      >> 下載 https://news.ltn.com.tw/news/life/breakingnews/3307108, 東北風增強週三北東留意短暫雨中秋連假天氣轉穩
      >> 下載 https://news.ltn.com.tw/news/life/breakingnews/3307077, 蔣月惠關切小琉球蓋新飯店被居民嗆管過頭
      >> 下載 https://news.ltn.com.tw/news/life/breakingnews/3306944, 中秋烤肉空污來襲環保署可用瓦斯或電器取代木炭
      >> 下載 https://news.ltn.com.tw/news/life/breakingnews/3306877, 新北市抽驗水產品39件全數合格
      >> 下載 https://news.ltn.com.tw/news/world/breakingnews/3306650, 食腦變形蟲肆虐美國德州發布郡級災難公告
      >> 下載 https://news.ltn.com.tw/news/health/breakingnews/3306718, 腹瀉單週破11萬人次中秋烤肉提防拉肚子
      >> 找不到新聞內容，可能是新聞的格式不同所致。
      >> 下載 https://news.ltn.com.tw/news/politics/breakingnews/3306618, 洩露評審名單被判刑高市前環保局長李穆生考績吃餅
      >> 下載 https://news.ltn.com.tw/news/life/breakingnews/3306591, 200人清淨母親之河喜迎大橋文化節
      >> 下載 https://news.ltn.com.tw/news/politics/breakingnews/3306539, 評陳其邁第一本總預算黃紹庭說一套做一套邁擱騙啊
      >> 下載 https://news.ltn.com.tw/news/life/paper/1402907, 小琉球蓋飯店鳳凰旅遊做好安全措施
      >> 下載 https://news.ltn.com.tw/news/life/breakingnews/3306452, 台中市污水下水道接管規範不當一排就堵屎水利局民眾誤會
      >> 下載 https://news.ltn.com.tw/news/world/paper/1403025, 自由日日shoot美大選首場辯論登場美聯社川普逆轉機會
      >> 下載 https://news.ltn.com.tw/news/politics/breakingnews/3306618, 洩露評審名單被判刑高市前環保局長李穆生考績吃餅
      >> 下載 https://news.ltn.com.tw/news/world/breakingnews/3307347, 美大選辯論在即中官媒不應濫用中國問題做戲
      >> 下載 https://news.ltn.com.tw/news/life/breakingnews/3307341, 0930各報重點新聞一覽
      >> 下載 https://news.ltn.com.tw/news/health/paper/1403020, 中秋烤驗腰力提防腰椎傷害
      >> 找不到新聞內容，可能是新聞的格式不同所致。
      >> 下載 https://news.ltn.com.tw/news/health/paper/1403018, 癌末肝動脈化療14cm腫瘤幾乎消失
      >> 找不到新聞內容，可能是新聞的格式不同所致。
      >> 下載 https://news.ltn.com.tw/news/politics/paper/1402991, 冷眼集習近平的煩惱
      >> 下載 https://news.ltn.com.tw/news/politics/paper/1402988, 兩岸若開戰蘇揆台灣會永遠撐著
      >> 下載 https://news.ltn.com.tw/news/society/paper/1402975, 司法官懲戒遭疑黑箱修法改公開審理
      >> 下載 https://news.ltn.com.tw/news/opinion/paper/1402973, 自由廣場中秋節一定要烤肉嗎
      >> 找不到新聞內容，可能是新聞的格式不同所致。
      >> 下載 https://news.ltn.com.tw/news/opinion/paper/1402967, 自由廣場還沒建國如何建交
      >> 找不到新聞內容，可能是新聞的格式不同所致。
      >> 下載 https://news.ltn.com.tw/news/life/paper/1402938, 龍潭公車站牌雜草比座位還高
      >> 下載 https://news.ltn.com.tw/news/life/paper/1402923, 柯文哲讚北農質譜儀政策吳音寧推動的
      >> 下載 https://news.ltn.com.tw/news/life/paper/1402920, 竹山人反建7號道公所像夾心餅乾
      >> 下載 https://news.ltn.com.tw/news/life/paper/1402912, 台南南鐵拆遷戶提設定地上權鐵道局行不通
      >> 下載 https://news.ltn.com.tw/news/life/paper/1402907, 小琉球蓋飯店鳳凰旅遊做好安全措施
      >> 下載 https://news.ltn.com.tw/news/life/paper/1402905, 台東縣府修正食安自治條例增訂罰責
      >> 下載 https://news.ltn.com.tw/news/society/breakingnews/3307348, 彰化深夜驚爆槽車國道車禍氣體槽墜落爆炸1死
