     -----> 新聞爬蟲：中國時報電子報

           <<< 中國時報電子報新聞搜尋 >>>
        ------------------------------------------------------
        ------------------------------------------------------
       >> 搜尋關鍵字:"工業用"; 網址:"https://www.chinatimes.com/search/工業用?page=1&chdtv"
         <<< 2020-10-01 沒有更多 "工業用" 相關的新聞 !!! >>>
        ------------------------------------------------------
       >> 搜尋關鍵字:"化工"; 網址:"https://www.chinatimes.com/search/化工?page=1&chdtv"
         <<< 2020-10-01 沒有更多 "化工" 相關的新聞 !!! >>>
        ------------------------------------------------------
       >> 搜尋關鍵字:"化災"; 網址:"https://www.chinatimes.com/search/化災?page=1&chdtv"
         <<< 2020-10-01 沒有更多 "化災" 相關的新聞 !!! >>>
        ------------------------------------------------------
       >> 搜尋關鍵字:"化學"; 網址:"https://www.chinatimes.com/search/化學?page=1&chdtv"
         >>> 找到關鍵字 "化學"; 文章資訊: 2020-09-30 16:40:00, 國道死亡彎道槽車撞飛50公尺護欄駕駛繫安全帶也彈落, https://www.chinatimes.com/realtimenews/20200930004669-260402
         <<< 2020-10-01 沒有更多 "化學" 相關的新聞 !!! >>>
        ------------------------------------------------------
       >> 搜尋關鍵字:"外洩"; 網址:"https://www.chinatimes.com/search/外洩?page=1&chdtv"
         <<< 2020-10-01 沒有更多 "外洩" 相關的新聞 !!! >>>
        ------------------------------------------------------
       >> 搜尋關鍵字:"危害"; 網址:"https://www.chinatimes.com/search/危害?page=1&chdtv"
         <<< 2020-10-01 沒有更多 "危害" 相關的新聞 !!! >>>
        ------------------------------------------------------
       >> 搜尋關鍵字:"有毒"; 網址:"https://www.chinatimes.com/search/有毒?page=1&chdtv"
         <<< 2020-10-01 沒有更多 "有毒" 相關的新聞 !!! >>>
        ------------------------------------------------------
       >> 搜尋關鍵字:"有害"; 網址:"https://www.chinatimes.com/search/有害?page=1&chdtv"
         <<< 2020-10-01 沒有更多 "有害" 相關的新聞 !!! >>>
        ------------------------------------------------------
       >> 搜尋關鍵字:"色料"; 網址:"https://www.chinatimes.com/search/色料?page=1&chdtv"
         <<< 2020-10-01 沒有更多 "色料" 相關的新聞 !!! >>>
        ------------------------------------------------------
       >> 搜尋關鍵字:"色素"; 網址:"https://www.chinatimes.com/search/色素?page=1&chdtv"
         <<< 2020-10-01 沒有更多 "色素" 相關的新聞 !!! >>>
        ------------------------------------------------------
       >> 搜尋關鍵字:"毒性"; 網址:"https://www.chinatimes.com/search/毒性?page=1&chdtv"
         <<< 2020-10-01 沒有更多 "毒性" 相關的新聞 !!! >>>
        ------------------------------------------------------
       >> 搜尋關鍵字:"毒品"; 網址:"https://www.chinatimes.com/search/毒品?page=1&chdtv"
         <<< 2020-10-01 沒有更多 "毒品" 相關的新聞 !!! >>>
        ------------------------------------------------------
       >> 搜尋關鍵字:"致癌"; 網址:"https://www.chinatimes.com/search/致癌?page=1&chdtv"
         <<< 2020-10-01 沒有更多 "致癌" 相關的新聞 !!! >>>
        ------------------------------------------------------
       >> 搜尋關鍵字:"重金屬"; 網址:"https://www.chinatimes.com/search/重金屬?page=1&chdtv"
         <<< 2020-10-01 沒有更多 "重金屬" 相關的新聞 !!! >>>
        ------------------------------------------------------
       >> 搜尋關鍵字:"食安"; 網址:"https://www.chinatimes.com/search/食安?page=1&chdtv"
         >>> 找到關鍵字 "食安"; 文章資訊: 2020-09-30 10:41:00, 食安辦的承諾呢包正豪轟欺騙敷衍民眾的遮羞布, https://www.chinatimes.com/realtimenews/20200930002059-260407
         >>> 找到關鍵字 "食安"; 文章資訊: 2020-09-30 09:10:00, 江啟臣轟蘇揆逾1年沒開食安會報王美花不自知是食安委員, https://www.chinatimes.com/realtimenews/20200930001489-260407
         >>> 找到關鍵字 "食安"; 文章資訊: 2020-09-30 12:24:00, 食安會報排排坐沒效江啟臣胡說八道, https://www.chinatimes.com/realtimenews/20200930002897-260407
         >>> 找到關鍵字 "食安"; 文章資訊: 2020-09-30 18:58:00, 陳時中稱因避免群聚延遲召開食安會議網轟那還去演唱會, https://www.chinatimes.com/realtimenews/20200930005604-260407
         <<< 2020-10-01 沒有更多 "食安" 相關的新聞 !!! >>>
        ------------------------------------------------------
       >> 搜尋關鍵字:"香料"; 網址:"https://www.chinatimes.com/search/香料?page=1&chdtv"
         <<< 2020-10-01 沒有更多 "香料" 相關的新聞 !!! >>>
        ------------------------------------------------------
       >> 搜尋關鍵字:"原料"; 網址:"https://www.chinatimes.com/search/原料?page=1&chdtv"
         >>> 找到關鍵字 "原料"; 文章資訊: 2020-09-30 10:45:00, 避免營養午餐用到含瘦肉精美豬食材登錄平台增加原料原產地, https://www.chinatimes.com/realtimenews/20200930002085-260405
         <<< 2020-10-01 沒有更多 "原料" 相關的新聞 !!! >>>
        ------------------------------------------------------
       >> 搜尋關鍵字:"氣爆"; 網址:"https://www.chinatimes.com/search/氣爆?page=1&chdtv"
         >>> 找到關鍵字 "氣爆"; 文章資訊: 2020-09-30 09:23:00, 河濱公園烤肉火沒滅人就跑光網看照片爆氣肉搜, https://www.chinatimes.com/realtimenews/20200930001622-260405
         <<< 2020-10-01 沒有更多 "氣爆" 相關的新聞 !!! >>>
        ------------------------------------------------------
       >> 搜尋關鍵字:"添加物"; 網址:"https://www.chinatimes.com/search/添加物?page=1&chdtv"
         <<< 2020-10-01 沒有更多 "添加物" 相關的新聞 !!! >>>
        ------------------------------------------------------
       >> 搜尋關鍵字:"黑心"; 網址:"https://www.chinatimes.com/search/黑心?page=1&chdtv"
         <<< 2020-10-01 沒有更多 "黑心" 相關的新聞 !!! >>>
        ------------------------------------------------------
       >> 搜尋關鍵字:"漂白"; 網址:"https://www.chinatimes.com/search/漂白?page=1&chdtv"
         >>> 找到關鍵字 "漂白"; 文章資訊: 2020-09-30 11:25:00, 商情需求持穩世界20國裝船量增逾7, https://www.chinatimes.com/realtimenews/20200930002479-260410
         <<< 2020-10-01 沒有更多 "漂白" 相關的新聞 !!! >>>
        ------------------------------------------------------
       >> 搜尋關鍵字:"爆炸"; 網址:"https://www.chinatimes.com/search/爆炸?page=1&chdtv"
         >>> 找到關鍵字 "爆炸"; 文章資訊: 2020-09-30 18:19:00, 虛驚一場外媒報導巴黎傳大爆炸沒想到原因是這樣, https://www.chinatimes.com/realtimenews/20200930005357-260408
         >>> 找到關鍵字 "爆炸"; 文章資訊: 2020-09-30 10:37:00, 影像驚人槽車國道墜落20公尺氫氣爆炸火光沖天, https://www.chinatimes.com/realtimenews/20200930002002-260402
         >>> 找到關鍵字 "爆炸"; 文章資訊: 2020-09-30 10:40:00, 氫氣槽車國道墜落爆炸巨響火光沖天民眾驚飛彈來了, https://www.chinatimes.com/realtimenews/20200930002053-260402
         <<< 2020-10-01 沒有更多 "爆炸" 相關的新聞 !!! >>>
        ------------------------------------------------------
       >> 搜尋關鍵字:"新興"; 網址:"https://www.chinatimes.com/search/新興?page=1&chdtv"
         >>> 找到關鍵字 "新興"; 文章資訊: 2020-09-30 10:10:00, 紅帽攜三星以開源助力電信服務供應商推動5G落地應用, https://www.chinatimes.com/realtimenews/20200930001891-260410
         <<< 2020-10-01 沒有更多 "新興" 相關的新聞 !!! >>>
        ------------------------------------------------------
       >> 搜尋關鍵字:"爆裂物"; 網址:"https://www.chinatimes.com/search/爆裂物?page=1&chdtv"
         <<< 2020-10-01 沒有更多 "爆裂物" 相關的新聞 !!! >>>
        ------------------------------------------------------
       >> 搜尋關鍵字:"IED"; 網址:"https://www.chinatimes.com/search/IED?page=1&chdtv"
        ------------------------------------------------------
       >> 搜尋關鍵字:"排放"; 網址:"https://www.chinatimes.com/search/排放?page=1&chdtv"
         <<< 2020-10-01 沒有更多 "排放" 相關的新聞 !!! >>>
        ------------------------------------------------------
       >> 搜尋關鍵字:"污染"; 網址:"https://www.chinatimes.com/search/污染?page=1&chdtv"
         <<< 2020-10-01 沒有更多 "污染" 相關的新聞 !!! >>>
        ------------------------------------------------------
       >> 搜尋關鍵字:"廢水"; 網址:"https://www.chinatimes.com/search/廢水?page=1&chdtv"
         >>> 找到關鍵字 "廢水"; 文章資訊: 2020-09-30 14:17:00, 大坑溪遭工地廢水汙染營造商最高恐罰300萬, https://www.chinatimes.com/realtimenews/20200930003301-260405
         <<< 2020-10-01 沒有更多 "廢水" 相關的新聞 !!! >>>
        ------------------------------------------------------
       >> 搜尋關鍵字:"污水"; 網址:"https://www.chinatimes.com/search/污水?page=1&chdtv"
         <<< 2020-10-01 沒有更多 "污水" 相關的新聞 !!! >>>
        ------------------------------------------------------
       >> 搜尋關鍵字:"洩漏"; 網址:"https://www.chinatimes.com/search/洩漏?page=1&chdtv"
         >>> 找到關鍵字 "洩漏"; 文章資訊: 2020-09-30 13:09:00, NBA加州法院通過布萊恩法案禁止執法人員洩密, https://www.chinatimes.com/realtimenews/20200930003148-260403
         >>> 找到關鍵字 "洩漏"; 文章資訊: 2020-09-30 14:08:00, 電商平台意外洩漏GooglePixel5入手價格超便宜, https://www.chinatimes.com/realtimenews/20200930003469-260412
         <<< 2020-10-01 沒有更多 "洩漏" 相關的新聞 !!! >>>
        ------------------------------------------------------
       >> 搜尋關鍵字:"暗管"; 網址:"https://www.chinatimes.com/search/暗管?page=1&chdtv"
         <<< 2020-10-01 沒有更多 "暗管" 相關的新聞 !!! >>>
        ------------------------------------------------------
       >> 搜尋關鍵字:"偷排"; 網址:"https://www.chinatimes.com/search/偷排?page=1&chdtv"
         <<< 2020-10-01 沒有更多 "偷排" 相關的新聞 !!! >>>
        ------------------------------------------------------
       >> 搜尋關鍵字:"安全"; 網址:"https://www.chinatimes.com/search/安全?page=1&chdtv"
         >>> 找到關鍵字 "安全"; 文章資訊: 2020-09-30 15:29:00, 霧警呵護老翁過馬路PO網好評不斷, https://www.chinatimes.com/realtimenews/20200930003877-260402
         >>> 找到關鍵字 "安全"; 文章資訊: 2020-09-30 15:55:00, 安全為先PorscheTaycan成為24小時利曼賽事安全前導車, https://autos.chinatimes.com/20200930004255-264301
         >>> 找到關鍵字 "安全"; 文章資訊: 2020-09-30 14:47:00, 注重施工安全勞動部視察嘉惠電廠二期擴建工程, https://www.chinatimes.com/realtimenews/20200930003572-260405
         >>> 找到關鍵字 "安全"; 文章資訊: 2020-09-30 15:08:00, 江啟臣質疑食安會報去年6月後未開會蘇討論是由衛福部主導, https://www.chinatimes.com/realtimenews/20200930003885-260407
         >>> 找到關鍵字 "安全"; 文章資訊: 2020-09-30 19:02:00, 張淑中修憲畫紅線兩岸安全, https://www.chinatimes.com/opinion/20200930005664-262105
         >>> 找到關鍵字 "安全"; 文章資訊: 2020-09-30 15:40:00, 國際產業Moderna新冠疫苗傳佳音對老年人也安全有用, https://www.chinatimes.com/realtimenews/20200930004205-260410
         >>> 找到關鍵字 "安全"; 文章資訊: 2020-09-30 18:25:00, 秋節前夕雲嘉海巡執法大掃盪加強商漁港安全檢查, https://www.chinatimes.com/realtimenews/20200930005401-260421
         >>> 找到關鍵字 "安全"; 文章資訊: 2020-09-30 09:19:00, 英特爾發布物聯網增強型處理器可提高效能人工智慧和安全性, https://www.chinatimes.com/realtimenews/20200930001590-260410
         >>> 找到關鍵字 "安全"; 文章資訊: 2020-09-30 14:23:00, 只冒煙不起火寧德時代開發更安全的電動車用電池年底就會量產, https://autos.chinatimes.com/20200930003608-264301
         <<< 2020-10-01 沒有更多 "安全" 相關的新聞 !!! >>>
        ------------------------------------------------------
       >> 搜尋關鍵字:"槽車"; 網址:"https://www.chinatimes.com/search/槽車?page=1&chdtv"
         >>> 找到關鍵字 "槽車"; 文章資訊: 2020-09-30 10:37:00, 影像驚人槽車國道墜落20公尺氫氣爆炸火光沖天, https://www.chinatimes.com/realtimenews/20200930002002-260402
         >>> 找到關鍵字 "槽車"; 文章資訊: 2020-09-30 10:40:00, 氫氣槽車國道墜落爆炸巨響火光沖天民眾驚飛彈來了, https://www.chinatimes.com/realtimenews/20200930002053-260402
         >>> 找到關鍵字 "槽車"; 文章資訊: 2020-09-30 16:40:00, 國道死亡彎道槽車撞飛50公尺護欄駕駛繫安全帶也彈落, https://www.chinatimes.com/realtimenews/20200930004669-260402
         >>> 找到關鍵字 "槽車"; 文章資訊: 2020-09-30 12:10:00, 氫氣槽車撞匝道大爆炸駕駛亡父悲慟他到職才半年, https://www.chinatimes.com/realtimenews/20200930002778-260402
         <<< 2020-10-01 沒有更多 "槽車" 相關的新聞 !!! >>>
       >> 檔案輸出
        ------------------------------------------------------
      >> 下載新聞內容
      >> 下載 https://www.chinatimes.com/realtimenews/20200930004669-260402, 國道死亡彎道槽車撞飛50公尺護欄駕駛繫安全帶也彈落
      >> 下載 https://www.chinatimes.com/realtimenews/20200930002059-260407, 食安辦的承諾呢包正豪轟欺騙敷衍民眾的遮羞布
      >> 下載 https://www.chinatimes.com/realtimenews/20200930001489-260407, 江啟臣轟蘇揆逾1年沒開食安會報王美花不自知是食安委員
      >> 下載 https://www.chinatimes.com/realtimenews/20200930002897-260407, 食安會報排排坐沒效江啟臣胡說八道
      >> 下載 https://www.chinatimes.com/realtimenews/20200930005604-260407, 陳時中稱因避免群聚延遲召開食安會議網轟那還去演唱會
      >> 下載 https://www.chinatimes.com/realtimenews/20200930002085-260405, 避免營養午餐用到含瘦肉精美豬食材登錄平台增加原料原產地
      >> 下載 https://www.chinatimes.com/realtimenews/20200930001622-260405, 河濱公園烤肉火沒滅人就跑光網看照片爆氣肉搜
      >> 下載 https://www.chinatimes.com/realtimenews/20200930002479-260410, 商情需求持穩世界20國裝船量增逾7
      >> 下載 https://www.chinatimes.com/realtimenews/20200930005357-260408, 虛驚一場外媒報導巴黎傳大爆炸沒想到原因是這樣
      >> 下載 https://www.chinatimes.com/realtimenews/20200930002002-260402, 影像驚人槽車國道墜落20公尺氫氣爆炸火光沖天
      >> 下載 https://www.chinatimes.com/realtimenews/20200930002053-260402, 氫氣槽車國道墜落爆炸巨響火光沖天民眾驚飛彈來了
      >> 下載 https://www.chinatimes.com/realtimenews/20200930001891-260410, 紅帽攜三星以開源助力電信服務供應商推動5G落地應用
      >> 下載 https://www.chinatimes.com/realtimenews/20200930003301-260405, 大坑溪遭工地廢水汙染營造商最高恐罰300萬
      >> 下載 https://www.chinatimes.com/realtimenews/20200930003148-260403, NBA加州法院通過布萊恩法案禁止執法人員洩密
      >> 下載 https://www.chinatimes.com/realtimenews/20200930003469-260412, 電商平台意外洩漏GooglePixel5入手價格超便宜
      >> 下載 https://www.chinatimes.com/realtimenews/20200930003877-260402, 霧警呵護老翁過馬路PO網好評不斷
      >> 下載 https://autos.chinatimes.com/20200930004255-264301, 安全為先PorscheTaycan成為24小時利曼賽事安全前導車
      >> 下載 https://www.chinatimes.com/realtimenews/20200930003572-260405, 注重施工安全勞動部視察嘉惠電廠二期擴建工程
      >> 下載 https://www.chinatimes.com/realtimenews/20200930003885-260407, 江啟臣質疑食安會報去年6月後未開會蘇討論是由衛福部主導
      >> 下載 https://www.chinatimes.com/opinion/20200930005664-262105, 張淑中修憲畫紅線兩岸安全
      >> 下載 https://www.chinatimes.com/realtimenews/20200930004205-260410, 國際產業Moderna新冠疫苗傳佳音對老年人也安全有用
      >> 下載 https://www.chinatimes.com/realtimenews/20200930005401-260421, 秋節前夕雲嘉海巡執法大掃盪加強商漁港安全檢查
      >> 下載 https://www.chinatimes.com/realtimenews/20200930001590-260410, 英特爾發布物聯網增強型處理器可提高效能人工智慧和安全性
      >> 下載 https://autos.chinatimes.com/20200930003608-264301, 只冒煙不起火寧德時代開發更安全的電動車用電池年底就會量產
      >> 下載 https://www.chinatimes.com/realtimenews/20200930002002-260402, 影像驚人槽車國道墜落20公尺氫氣爆炸火光沖天
      >> 下載 https://www.chinatimes.com/realtimenews/20200930002053-260402, 氫氣槽車國道墜落爆炸巨響火光沖天民眾驚飛彈來了
      >> 下載 https://www.chinatimes.com/realtimenews/20200930004669-260402, 國道死亡彎道槽車撞飛50公尺護欄駕駛繫安全帶也彈落
      >> 下載 https://www.chinatimes.com/realtimenews/20200930002778-260402, 氫氣槽車撞匝道大爆炸駕駛亡父悲慟他到職才半年
