     -----> 新聞爬蟲：中國時報電子報

           <<< 中國時報電子報新聞搜尋 >>>
        ------------------------------------------------------
        ------------------------------------------------------
       >> 搜尋關鍵字:"工業用"; 網址:"https://www.chinatimes.com/search/工業用?page=1&chdtv"
         >>> 找到關鍵字 "工業用"; 文章資訊: 2020-10-12 16:13:00, 電子通路茂綸9月前3季營收齊登頂, https://www.chinatimes.com/realtimenews/20201012003801-260410
         >>> 找到關鍵字 "工業用"; 文章資訊: 2020-10-12 08:18:00, 電子零件台達電9月Q3營收攀高Q4看俏, https://www.chinatimes.com/realtimenews/20201012001089-260410
         <<< 2020-10-13 沒有更多 "工業用" 相關的新聞 !!! >>>
        ------------------------------------------------------
       >> 搜尋關鍵字:"化工"; 網址:"https://www.chinatimes.com/search/化工?page=1&chdtv"
         <<< 2020-10-13 沒有更多 "化工" 相關的新聞 !!! >>>
        ------------------------------------------------------
       >> 搜尋關鍵字:"化災"; 網址:"https://www.chinatimes.com/search/化災?page=1&chdtv"
         <<< 2020-10-13 沒有更多 "化災" 相關的新聞 !!! >>>
        ------------------------------------------------------
       >> 搜尋關鍵字:"化學"; 網址:"https://www.chinatimes.com/search/化學?page=1&chdtv"
         >>> 找到關鍵字 "化學"; 文章資訊: 2020-10-12 12:15:00, 國際產業樂金化學Q3營業利益將達創紀錄78億美元, https://www.chinatimes.com/realtimenews/20201012002491-260410
         >>> 找到關鍵字 "化學"; 文章資訊: 2020-10-12 14:47:00, 25萬台現代電動車召回KonaEV疑電池瑕疵導致起火LG化學對此否認, https://autos.chinatimes.com/20201012003167-264301
         <<< 2020-10-13 沒有更多 "化學" 相關的新聞 !!! >>>
        ------------------------------------------------------
       >> 搜尋關鍵字:"外洩"; 網址:"https://www.chinatimes.com/search/外洩?page=1&chdtv"
         >>> 找到關鍵字 "外洩"; 文章資訊: 2020-10-12 09:35:00, 暮光女西外裡沒穿中門大開洩東西雙球, https://www.chinatimes.com/fashion/20201012001246-263903
         <<< 2020-10-13 沒有更多 "外洩" 相關的新聞 !!! >>>
        ------------------------------------------------------
       >> 搜尋關鍵字:"危害"; 網址:"https://www.chinatimes.com/search/危害?page=1&chdtv"
         <<< 2020-10-13 沒有更多 "危害" 相關的新聞 !!! >>>
        ------------------------------------------------------
       >> 搜尋關鍵字:"有毒"; 網址:"https://www.chinatimes.com/search/有毒?page=1&chdtv"
         <<< 2020-10-13 沒有更多 "有毒" 相關的新聞 !!! >>>
        ------------------------------------------------------
       >> 搜尋關鍵字:"有害"; 網址:"https://www.chinatimes.com/search/有害?page=1&chdtv"
         <<< 2020-10-13 沒有更多 "有害" 相關的新聞 !!! >>>
        ------------------------------------------------------
       >> 搜尋關鍵字:"色料"; 網址:"https://www.chinatimes.com/search/色料?page=1&chdtv"
         <<< 2020-10-13 沒有更多 "色料" 相關的新聞 !!! >>>
        ------------------------------------------------------
       >> 搜尋關鍵字:"色素"; 網址:"https://www.chinatimes.com/search/色素?page=1&chdtv"
         <<< 2020-10-13 沒有更多 "色素" 相關的新聞 !!! >>>
        ------------------------------------------------------
       >> 搜尋關鍵字:"毒性"; 網址:"https://www.chinatimes.com/search/毒性?page=1&chdtv"
         >>> 找到關鍵字 "毒性"; 文章資訊: 2020-10-12 22:51:00, 蘆薈藏有肝腎毒性6種人要小心專家曝3招自保, https://www.chinatimes.com/realtimenews/20201012005496-260405
         <<< 2020-10-13 沒有更多 "毒性" 相關的新聞 !!! >>>
        ------------------------------------------------------
       >> 搜尋關鍵字:"毒品"; 網址:"https://www.chinatimes.com/search/毒品?page=1&chdtv"
         >>> 找到關鍵字 "毒品"; 文章資訊: 2020-10-12 20:20:00, 緩起訴戒癮治療研討會討論藥癮者回歸社會, https://www.chinatimes.com/realtimenews/20201012004996-260402
         >>> 找到關鍵字 "毒品"; 文章資訊: 2020-10-12 19:14:00, 雲林鄭太吉遭起訴移審法院裁定羈押, https://www.chinatimes.com/realtimenews/20201012004808-260402
         <<< 2020-10-13 沒有更多 "毒品" 相關的新聞 !!! >>>
        ------------------------------------------------------
       >> 搜尋關鍵字:"致癌"; 網址:"https://www.chinatimes.com/search/致癌?page=1&chdtv"
         <<< 2020-10-13 沒有更多 "致癌" 相關的新聞 !!! >>>
        ------------------------------------------------------
       >> 搜尋關鍵字:"重金屬"; 網址:"https://www.chinatimes.com/search/重金屬?page=1&chdtv"
         <<< 2020-10-13 沒有更多 "重金屬" 相關的新聞 !!! >>>
        ------------------------------------------------------
       >> 搜尋關鍵字:"食安"; 網址:"https://www.chinatimes.com/search/食安?page=1&chdtv"
         <<< 2020-10-13 沒有更多 "食安" 相關的新聞 !!! >>>
        ------------------------------------------------------
       >> 搜尋關鍵字:"香料"; 網址:"https://www.chinatimes.com/search/香料?page=1&chdtv"
         <<< 2020-10-13 沒有更多 "香料" 相關的新聞 !!! >>>
        ------------------------------------------------------
       >> 搜尋關鍵字:"原料"; 網址:"https://www.chinatimes.com/search/原料?page=1&chdtv"
         <<< 2020-10-13 沒有更多 "原料" 相關的新聞 !!! >>>
        ------------------------------------------------------
       >> 搜尋關鍵字:"氣爆"; 網址:"https://www.chinatimes.com/search/氣爆?page=1&chdtv"
         >>> 找到關鍵字 "氣爆"; 文章資訊: 2020-10-12 09:27:00, 琴樂療傷2作詞家衝入塵爆現場救人自己傷重截肢知名提琴家感動幫譜曲, https://www.chinatimes.com/realtimenews/20201012000851-260402
         <<< 2020-10-13 沒有更多 "氣爆" 相關的新聞 !!! >>>
        ------------------------------------------------------
       >> 搜尋關鍵字:"添加物"; 網址:"https://www.chinatimes.com/search/添加物?page=1&chdtv"
         <<< 2020-10-13 沒有更多 "添加物" 相關的新聞 !!! >>>
        ------------------------------------------------------
       >> 搜尋關鍵字:"黑心"; 網址:"https://www.chinatimes.com/search/黑心?page=1&chdtv"
         >>> 找到關鍵字 "黑心"; 文章資訊: 2020-10-12 18:45:00, 黑心水蜜桃1顆300元打開整箱發霉全爛網揭暗黑內幕, https://www.chinatimes.com/realtimenews/20201012004694-260405
         <<< 2020-10-13 沒有更多 "黑心" 相關的新聞 !!! >>>
        ------------------------------------------------------
       >> 搜尋關鍵字:"漂白"; 網址:"https://www.chinatimes.com/search/漂白?page=1&chdtv"
         <<< 2020-10-13 沒有更多 "漂白" 相關的新聞 !!! >>>
        ------------------------------------------------------
       >> 搜尋關鍵字:"爆炸"; 網址:"https://www.chinatimes.com/search/爆炸?page=1&chdtv"
         <<< 2020-10-13 沒有更多 "爆炸" 相關的新聞 !!! >>>
        ------------------------------------------------------
       >> 搜尋關鍵字:"新興"; 網址:"https://www.chinatimes.com/search/新興?page=1&chdtv"
         <<< 2020-10-13 沒有更多 "新興" 相關的新聞 !!! >>>
        ------------------------------------------------------
       >> 搜尋關鍵字:"爆裂物"; 網址:"https://www.chinatimes.com/search/爆裂物?page=1&chdtv"
         <<< 2020-10-13 沒有更多 "爆裂物" 相關的新聞 !!! >>>
        ------------------------------------------------------
       >> 搜尋關鍵字:"IED"; 網址:"https://www.chinatimes.com/search/IED?page=1&chdtv"
        ------------------------------------------------------
       >> 搜尋關鍵字:"IED"; 網址:"https://www.chinatimes.com/search/IED?page=2&chdtv"
        ------------------------------------------------------
       >> 搜尋關鍵字:"IED"; 網址:"https://www.chinatimes.com/search/IED?page=3&chdtv"
        ------------------------------------------------------
       >> 搜尋關鍵字:"IED"; 網址:"https://www.chinatimes.com/search/IED?page=4&chdtv"
        ------------------------------------------------------
       >> 搜尋關鍵字:"IED"; 網址:"https://www.chinatimes.com/search/IED?page=5&chdtv"
        ------------------------------------------------------
       >> 搜尋關鍵字:"IED"; 網址:"https://www.chinatimes.com/search/IED?page=6&chdtv"
        ------------------------------------------------------
       >> 搜尋關鍵字:"IED"; 網址:"https://www.chinatimes.com/search/IED?page=7&chdtv"
        ------------------------------------------------------
       >> 搜尋關鍵字:"IED"; 網址:"https://www.chinatimes.com/search/IED?page=8&chdtv"
        ------------------------------------------------------
       >> 搜尋關鍵字:"IED"; 網址:"https://www.chinatimes.com/search/IED?page=9&chdtv"
        ------------------------------------------------------
       >> 搜尋關鍵字:"排放"; 網址:"https://www.chinatimes.com/search/排放?page=1&chdtv"
         >>> 找到關鍵字 "排放"; 文章資訊: 2020-10-12 14:14:00, 金融綠色革命重塑金融市場油價跌綠色能源股價漲, https://www.chinatimes.com/realtimenews/20201012003068-260410
         <<< 2020-10-13 沒有更多 "排放" 相關的新聞 !!! >>>
        ------------------------------------------------------
       >> 搜尋關鍵字:"污染"; 網址:"https://www.chinatimes.com/search/污染?page=1&chdtv"
         >>> 找到關鍵字 "污染"; 文章資訊: 2020-10-12 23:14:00, 永久公害海底至少有1400萬噸塑料垃圾污染, https://www.chinatimes.com/realtimenews/20201012005556-260408
         <<< 2020-10-13 沒有更多 "污染" 相關的新聞 !!! >>>
        ------------------------------------------------------
       >> 搜尋關鍵字:"廢水"; 網址:"https://www.chinatimes.com/search/廢水?page=1&chdtv"
         <<< 2020-10-13 沒有更多 "廢水" 相關的新聞 !!! >>>
        ------------------------------------------------------
       >> 搜尋關鍵字:"污水"; 網址:"https://www.chinatimes.com/search/污水?page=1&chdtv"
         <<< 2020-10-13 沒有更多 "污水" 相關的新聞 !!! >>>
        ------------------------------------------------------
       >> 搜尋關鍵字:"洩漏"; 網址:"https://www.chinatimes.com/search/洩漏?page=1&chdtv"
         <<< 2020-10-13 沒有更多 "洩漏" 相關的新聞 !!! >>>
        ------------------------------------------------------
       >> 搜尋關鍵字:"暗管"; 網址:"https://www.chinatimes.com/search/暗管?page=1&chdtv"
         <<< 2020-10-13 沒有更多 "暗管" 相關的新聞 !!! >>>
        ------------------------------------------------------
       >> 搜尋關鍵字:"偷排"; 網址:"https://www.chinatimes.com/search/偷排?page=1&chdtv"
         <<< 2020-10-13 沒有更多 "偷排" 相關的新聞 !!! >>>
        ------------------------------------------------------
       >> 搜尋關鍵字:"安全"; 網址:"https://www.chinatimes.com/search/安全?page=1&chdtv"
         <<< 2020-10-13 沒有更多 "安全" 相關的新聞 !!! >>>
        ------------------------------------------------------
       >> 搜尋關鍵字:"槽車"; 網址:"https://www.chinatimes.com/search/槽車?page=1&chdtv"
         <<< 2020-10-13 沒有更多 "槽車" 相關的新聞 !!! >>>
       >> 檔案輸出
        ------------------------------------------------------
      >> 下載新聞內容
      >> 下載 https://www.chinatimes.com/realtimenews/20201012003801-260410, 電子通路茂綸9月前3季營收齊登頂
      >> 下載 https://www.chinatimes.com/realtimenews/20201012001089-260410, 電子零件台達電9月Q3營收攀高Q4看俏
      >> 下載 https://www.chinatimes.com/realtimenews/20201012002491-260410, 國際產業樂金化學Q3營業利益將達創紀錄78億美元
      >> 下載 https://autos.chinatimes.com/20201012003167-264301, 25萬台現代電動車召回KonaEV疑電池瑕疵導致起火LG化學對此否認
      >> 下載 https://www.chinatimes.com/fashion/20201012001246-263903, 暮光女西外裡沒穿中門大開洩東西雙球
      >> 下載 https://www.chinatimes.com/realtimenews/20201012005496-260405, 蘆薈藏有肝腎毒性6種人要小心專家曝3招自保
      >> 下載 https://www.chinatimes.com/realtimenews/20201012004996-260402, 緩起訴戒癮治療研討會討論藥癮者回歸社會
      >> 下載 https://www.chinatimes.com/realtimenews/20201012004808-260402, 雲林鄭太吉遭起訴移審法院裁定羈押
      >> 下載 https://www.chinatimes.com/realtimenews/20201012000851-260402, 琴樂療傷2作詞家衝入塵爆現場救人自己傷重截肢知名提琴家感動幫譜曲
      >> 下載 https://www.chinatimes.com/realtimenews/20201012004694-260405, 黑心水蜜桃1顆300元打開整箱發霉全爛網揭暗黑內幕
      >> 下載 https://www.chinatimes.com/realtimenews/20201012003068-260410, 金融綠色革命重塑金融市場油價跌綠色能源股價漲
      >> 下載 https://www.chinatimes.com/realtimenews/20201012005556-260408, 永久公害海底至少有1400萬噸塑料垃圾污染
