     -----> 新聞爬蟲：中央通訊社

           <<< 中央通訊社新聞搜尋 >>>
  ------------------------------------------------------
  ------------------------------------------------------
    >> 搜尋關鍵字:"工業用"; 網址:"https://www.cna.com.tw/search/hysearchws.aspx?q=工業用"
         <<< 2020-10-12 沒有更多 "工業用" 相關的新聞 !!! >>>
  ------------------------------------------------------
    >> 搜尋關鍵字:"化工"; 網址:"https://www.cna.com.tw/search/hysearchws.aspx?q=化工"
         <<< 2020-10-12 沒有更多 "化工" 相關的新聞 !!! >>>
  ------------------------------------------------------
    >> 搜尋關鍵字:"化災"; 網址:"https://www.cna.com.tw/search/hysearchws.aspx?q=化災"
         <<< 2020-10-12 沒有更多 "化災" 相關的新聞 !!! >>>
  ------------------------------------------------------
    >> 搜尋關鍵字:"化學"; 網址:"https://www.cna.com.tw/search/hysearchws.aspx?q=化學"
         >>> 找到關鍵字 "化學"; 文章資訊: 2020-10-11 14:54:00, 藝文展演千人擂茶南投茶博會滿滿客家味202010111454, https://www.cna.com.tw/news/ahel/202010110109.aspx
         >>> 找到關鍵字 "化學"; 文章資訊: 2020-10-11 14:18:00, 中國學者文章違反學術倫理科學期刊首次撤稿202010111418, https://www.cna.com.tw/news/firstnews/202010110100.aspx
         <<< 2020-10-12 沒有更多 "化學" 相關的新聞 !!! >>>
  ------------------------------------------------------
    >> 搜尋關鍵字:"外洩"; 網址:"https://www.cna.com.tw/search/hysearchws.aspx?q=外洩"
         >>> 找到關鍵字 "外洩"; 文章資訊: 2020-10-11 18:18:00, 蘭州承諾免費治療布氏病患者加快搬遷肇事廠房202010111818, https://www.cna.com.tw/news/acn/202010110166.aspx
         <<< 2020-10-12 沒有更多 "外洩" 相關的新聞 !!! >>>
  ------------------------------------------------------
    >> 搜尋關鍵字:"危害"; 網址:"https://www.cna.com.tw/search/hysearchws.aspx?q=危害"
         >>> 找到關鍵字 "危害"; 文章資訊: 2020-10-11 23:28:00, 李孟居上央視認錯陸委會惡意政治炒作202010112328, https://www.cna.com.tw/news/firstnews/202010115004.aspx
         >>> 找到關鍵字 "危害"; 文章資訊: 2020-10-11 21:51:00, 央視播台諜節目李孟居對祖國有傷害202010112151, https://www.cna.com.tw/news/firstnews/202010110198.aspx
         >>> 找到關鍵字 "危害"; 文章資訊: 2020-10-11 18:13:00, 立法院美豬週12日登場預計排審9項行政命令202010111813, https://www.cna.com.tw/news/aipl/202010110165.aspx
         <<< 2020-10-12 沒有更多 "危害" 相關的新聞 !!! >>>
  ------------------------------------------------------
    >> 搜尋關鍵字:"有毒"; 網址:"https://www.cna.com.tw/search/hysearchws.aspx?q=有毒"
         <<< 2020-10-12 沒有更多 "有毒" 相關的新聞 !!! >>>
  ------------------------------------------------------
    >> 搜尋關鍵字:"有害"; 網址:"https://www.cna.com.tw/search/hysearchws.aspx?q=有害"
         <<< 2020-10-12 沒有更多 "有害" 相關的新聞 !!! >>>
  ------------------------------------------------------
    >> 搜尋關鍵字:"色料"; 網址:"https://www.cna.com.tw/search/hysearchws.aspx?q=色料"
         <<< 2020-10-12 沒有更多 "色料" 相關的新聞 !!! >>>
  ------------------------------------------------------
    >> 搜尋關鍵字:"色素"; 網址:"https://www.cna.com.tw/search/hysearchws.aspx?q=色素"
         <<< 2020-10-12 沒有更多 "色素" 相關的新聞 !!! >>>
  ------------------------------------------------------
    >> 搜尋關鍵字:"毒性"; 網址:"https://www.cna.com.tw/search/hysearchws.aspx?q=毒性"
         >>> 找到關鍵字 "毒性"; 文章資訊: 2020-10-11 13:27:00, B肝是媽寶C肝183疾病擬人暗藏肝炎密碼202010111327, https://www.cna.com.tw/news/ahel/202010110084.aspx
         <<< 2020-10-12 沒有更多 "毒性" 相關的新聞 !!! >>>
  ------------------------------------------------------
    >> 搜尋關鍵字:"毒品"; 網址:"https://www.cna.com.tw/search/hysearchws.aspx?q=毒品"
         <<< 2020-10-12 沒有更多 "毒品" 相關的新聞 !!! >>>
  ------------------------------------------------------
    >> 搜尋關鍵字:"致癌"; 網址:"https://www.cna.com.tw/search/hysearchws.aspx?q=致癌"
         <<< 2020-10-12 沒有更多 "致癌" 相關的新聞 !!! >>>
  ------------------------------------------------------
    >> 搜尋關鍵字:"重金屬"; 網址:"https://www.cna.com.tw/search/hysearchws.aspx?q=重金屬"
         <<< 2020-10-12 沒有更多 "重金屬" 相關的新聞 !!! >>>
  ------------------------------------------------------
    >> 搜尋關鍵字:"食安"; 網址:"https://www.cna.com.tw/search/hysearchws.aspx?q=食安"
         >>> 找到關鍵字 "食安"; 文章資訊: 2020-10-11 18:13:00, 立法院美豬週12日登場預計排審9項行政命令202010111813, https://www.cna.com.tw/news/aipl/202010110165.aspx
         >>> 找到關鍵字 "食安"; 文章資訊: 2020-10-11 12:23:00, 婚宴魔術鴿亂飛糞滴賓客高市衛生局稽查餐廳202010111223, https://www.cna.com.tw/news/aloc/202010110066.aspx
         <<< 2020-10-12 沒有更多 "食安" 相關的新聞 !!! >>>
  ------------------------------------------------------
    >> 搜尋關鍵字:"香料"; 網址:"https://www.cna.com.tw/search/hysearchws.aspx?q=香料"
         <<< 2020-10-12 沒有更多 "香料" 相關的新聞 !!! >>>
  ------------------------------------------------------
    >> 搜尋關鍵字:"原料"; 網址:"https://www.cna.com.tw/search/hysearchws.aspx?q=原料"
         >>> 找到關鍵字 "原料"; 文章資訊: 2020-10-11 18:13:00, 立法院美豬週12日登場預計排審9項行政命令202010111813, https://www.cna.com.tw/news/aipl/202010110165.aspx
         >>> 找到關鍵字 "原料"; 文章資訊: 2020-10-11 14:54:00, 藝文展演千人擂茶南投茶博會滿滿客家味202010111454, https://www.cna.com.tw/news/ahel/202010110109.aspx
         <<< 2020-10-12 沒有更多 "原料" 相關的新聞 !!! >>>
  ------------------------------------------------------
    >> 搜尋關鍵字:"氣爆"; 網址:"https://www.cna.com.tw/search/hysearchws.aspx?q=氣爆"
         <<< 2020-10-12 沒有更多 "氣爆" 相關的新聞 !!! >>>
  ------------------------------------------------------
    >> 搜尋關鍵字:"添加物"; 網址:"https://www.cna.com.tw/search/hysearchws.aspx?q=添加物"
         <<< 2020-10-12 沒有更多 "添加物" 相關的新聞 !!! >>>
  ------------------------------------------------------
    >> 搜尋關鍵字:"黑心"; 網址:"https://www.cna.com.tw/search/hysearchws.aspx?q=黑心"
         <<< 2020-10-12 沒有更多 "黑心" 相關的新聞 !!! >>>
  ------------------------------------------------------
    >> 搜尋關鍵字:"漂白"; 網址:"https://www.cna.com.tw/search/hysearchws.aspx?q=漂白"
         <<< 2020-10-12 沒有更多 "漂白" 相關的新聞 !!! >>>
  ------------------------------------------------------
    >> 搜尋關鍵字:"爆炸"; 網址:"https://www.cna.com.tw/search/hysearchws.aspx?q=爆炸"
         >>> 找到關鍵字 "爆炸"; 文章資訊: 2020-10-11 17:02:00, 停火協議脆弱亞塞拜然控亞美尼亞襲擊釀7死33傷202010111702, https://www.cna.com.tw/news/firstnews/202010110144.aspx
         >>> 找到關鍵字 "爆炸"; 文章資訊: 2020-10-11 22:22:00, 新豐鄉科技工廠火警燃燒6小時撲滅202010112222, https://www.cna.com.tw/news/asoc/202010110205.aspx
         >>> 找到關鍵字 "爆炸"; 文章資訊: 2020-10-11 10:23:00, 停火維持僅5分鐘亞塞拜然亞美尼亞互控開火影202010111023, https://www.cna.com.tw/news/firstnews/202010110026.aspx
         >>> 找到關鍵字 "爆炸"; 文章資訊: 2020-10-11 07:45:00, 早安世界總統國慶演說符合對等尊嚴願促成兩岸有意義對話202010110745, https://www.cna.com.tw/news/firstnews/202010115001.aspx
         <<< 2020-10-12 沒有更多 "爆炸" 相關的新聞 !!! >>>
  ------------------------------------------------------
    >> 搜尋關鍵字:"新興"; 網址:"https://www.cna.com.tw/search/hysearchws.aspx?q=新興"
         >>> 找到關鍵字 "新興"; 文章資訊: 2020-10-11 22:37:00, 高雄餅乾店長違停稱警方核准新興分局詐欺罪偵辦202010112237, https://www.cna.com.tw/news/asoc/202010110206.aspx
         <<< 2020-10-12 沒有更多 "新興" 相關的新聞 !!! >>>
  ------------------------------------------------------
    >> 搜尋關鍵字:"爆裂物"; 網址:"https://www.cna.com.tw/search/hysearchws.aspx?q=爆裂物"
         <<< 2020-10-12 沒有更多 "爆裂物" 相關的新聞 !!! >>>
  ------------------------------------------------------
    >> 搜尋關鍵字:"IED"; 網址:"https://www.cna.com.tw/search/hysearchws.aspx?q=IED"
         <<< 2020-10-12 沒有更多 "IED" 相關的新聞 !!! >>>
  ------------------------------------------------------
    >> 搜尋關鍵字:"排放"; 網址:"https://www.cna.com.tw/search/hysearchws.aspx?q=排放"
         <<< 2020-10-12 沒有更多 "排放" 相關的新聞 !!! >>>
  ------------------------------------------------------
    >> 搜尋關鍵字:"污染"; 網址:"https://www.cna.com.tw/search/hysearchws.aspx?q=污染"
         >>> 找到關鍵字 "污染"; 文章資訊: 2020-10-11 14:14:00, 總站夜市違規開幕中市府若勸導無效就開罰202010111414, https://www.cna.com.tw/news/asoc/202010110099.aspx
         >>> 找到關鍵字 "污染"; 文章資訊: 2020-10-11 12:09:00, 嬰出生10天染沙門氏菌家長餵食沒洗手釀禍202010111209, https://www.cna.com.tw/news/ahel/202010110060.aspx
         >>> 找到關鍵字 "污染"; 文章資訊: 2020-10-11 12:23:00, 婚宴魔術鴿亂飛糞滴賓客高市衛生局稽查餐廳202010111223, https://www.cna.com.tw/news/aloc/202010110066.aspx
         >>> 找到關鍵字 "污染"; 文章資訊: 2020-10-11 11:57:00, 高屏空品紅色警示環保署提醒減少戶外活動202010111157, https://www.cna.com.tw/news/ahel/202010110055.aspx
         <<< 2020-10-12 沒有更多 "污染" 相關的新聞 !!! >>>
  ------------------------------------------------------
    >> 搜尋關鍵字:"廢水"; 網址:"https://www.cna.com.tw/search/hysearchws.aspx?q=廢水"
         <<< 2020-10-12 沒有更多 "廢水" 相關的新聞 !!! >>>
  ------------------------------------------------------
    >> 搜尋關鍵字:"污水"; 網址:"https://www.cna.com.tw/search/hysearchws.aspx?q=污水"
         <<< 2020-10-12 沒有更多 "污水" 相關的新聞 !!! >>>
  ------------------------------------------------------
    >> 搜尋關鍵字:"洩漏"; 網址:"https://www.cna.com.tw/search/hysearchws.aspx?q=洩漏"
         <<< 2020-10-12 沒有更多 "洩漏" 相關的新聞 !!! >>>
  ------------------------------------------------------
    >> 搜尋關鍵字:"暗管"; 網址:"https://www.cna.com.tw/search/hysearchws.aspx?q=暗管"
         <<< 2020-10-12 沒有更多 "暗管" 相關的新聞 !!! >>>
  ------------------------------------------------------
    >> 搜尋關鍵字:"偷排"; 網址:"https://www.cna.com.tw/search/hysearchws.aspx?q=偷排"
         <<< 2020-10-12 沒有更多 "偷排" 相關的新聞 !!! >>>
  ------------------------------------------------------
    >> 搜尋關鍵字:"安全"; 網址:"https://www.cna.com.tw/search/hysearchws.aspx?q=安全"
         >>> 找到關鍵字 "安全"; 文章資訊: 2020-10-11 21:55:00, 北北基宜大雨特報颱風南卡最快12日形成202010112155, https://www.cna.com.tw/news/firstnews/202010110199.aspx
         >>> 找到關鍵字 "安全"; 文章資訊: 2020-10-11 23:28:00, 李孟居上央視認錯陸委會惡意政治炒作202010112328, https://www.cna.com.tw/news/firstnews/202010115004.aspx
         >>> 找到關鍵字 "安全"; 文章資訊: 2020-10-11 21:51:00, 央視播台諜節目李孟居對祖國有傷害202010112151, https://www.cna.com.tw/news/firstnews/202010110198.aspx
         >>> 找到關鍵字 "安全"; 文章資訊: 2020-10-11 21:37:00, 前線飛官分享F16V強大偵蒐能力化被動為主動202010112137, https://www.cna.com.tw/news/firstnews/202010110197.aspx
         >>> 找到關鍵字 "安全"; 文章資訊: 2020-10-11 22:37:00, 高雄餅乾店長違停稱警方核准新興分局詐欺罪偵辦202010112237, https://www.cna.com.tw/news/asoc/202010110206.aspx
         >>> 找到關鍵字 "安全"; 文章資訊: 2020-10-11 22:09:00, 金門烈嶼戰車翻覆陳其邁弔唁殉職中士林楷強202010112209, https://www.cna.com.tw/news/aipl/202010110202.aspx
         >>> 找到關鍵字 "安全"; 文章資訊: 2020-10-11 16:35:00, 看到美照就出發登山達人準備不足成山難主因202010111635, https://www.cna.com.tw/news/ahel/202010110139.aspx
         >>> 找到關鍵字 "安全"; 文章資訊: 2020-10-11 13:39:00, 人道國際酒店擅收35名檢疫者高市要罰202010111339, https://www.cna.com.tw/news/firstnews/202010110089.aspx
         >>> 找到關鍵字 "安全"; 文章資訊: 2020-10-11 16:23:00, 共軍頻對台文攻武嚇傷人傷己本身也被消耗戰202010111623, https://www.cna.com.tw/news/firstnews/202010110133.aspx
         >>> 找到關鍵字 "安全"; 文章資訊: 2020-10-11 19:46:00, 北韓秀新武器南韓籲落實雙邊防止武力衝突協議202010111946, https://www.cna.com.tw/news/aopl/202010110181.aspx
         >>> 找到關鍵字 "安全"; 文章資訊: 2020-10-11 18:57:00, 考試院研議新任公務員退撫新制兼顧財務及保障202010111857, https://www.cna.com.tw/news/aipl/202010110172.aspx
         >>> 找到關鍵字 "安全"; 文章資訊: 2020-10-11 12:15:00, 林佳龍連假尾聲國道沒紫爆謝國人配合疏運202010111215, https://www.cna.com.tw/news/ahel/202010110062.aspx
         >>> 找到關鍵字 "安全"; 文章資訊: 2020-10-11 18:25:00, 中國兩艘海警船入釣魚台海域日方強化警戒202010111825, https://www.cna.com.tw/news/aopl/202010110168.aspx
         <<< 2020-10-12 沒有更多 "安全" 相關的新聞 !!! >>>
  ------------------------------------------------------
    >> 搜尋關鍵字:"槽車"; 網址:"https://www.cna.com.tw/search/hysearchws.aspx?q=槽車"
         <<< 2020-10-12 沒有更多 "槽車" 相關的新聞 !!! >>>
       >> 檔案輸出
        ------------------------------------------------------
      >> 下載新聞內容
      >> 下載 https://www.cna.com.tw/news/ahel/202010110109.aspx, 藝文展演千人擂茶南投茶博會滿滿客家味202010111454
      >> 下載 https://www.cna.com.tw/news/firstnews/202010110100.aspx, 中國學者文章違反學術倫理科學期刊首次撤稿202010111418
      >> 下載 https://www.cna.com.tw/news/acn/202010110166.aspx, 蘭州承諾免費治療布氏病患者加快搬遷肇事廠房202010111818
      >> 下載 https://www.cna.com.tw/news/firstnews/202010115004.aspx, 李孟居上央視認錯陸委會惡意政治炒作202010112328
      >> 下載 https://www.cna.com.tw/news/firstnews/202010110198.aspx, 央視播台諜節目李孟居對祖國有傷害202010112151
      >> 下載 https://www.cna.com.tw/news/aipl/202010110165.aspx, 立法院美豬週12日登場預計排審9項行政命令202010111813
      >> 下載 https://www.cna.com.tw/news/ahel/202010110084.aspx, B肝是媽寶C肝183疾病擬人暗藏肝炎密碼202010111327
      >> 下載 https://www.cna.com.tw/news/aipl/202010110165.aspx, 立法院美豬週12日登場預計排審9項行政命令202010111813
      >> 下載 https://www.cna.com.tw/news/aloc/202010110066.aspx, 婚宴魔術鴿亂飛糞滴賓客高市衛生局稽查餐廳202010111223
      >> 下載 https://www.cna.com.tw/news/aipl/202010110165.aspx, 立法院美豬週12日登場預計排審9項行政命令202010111813
      >> 下載 https://www.cna.com.tw/news/ahel/202010110109.aspx, 藝文展演千人擂茶南投茶博會滿滿客家味202010111454
      >> 下載 https://www.cna.com.tw/news/firstnews/202010110144.aspx, 停火協議脆弱亞塞拜然控亞美尼亞襲擊釀7死33傷202010111702
      >> 下載 https://www.cna.com.tw/news/asoc/202010110205.aspx, 新豐鄉科技工廠火警燃燒6小時撲滅202010112222
      >> 下載 https://www.cna.com.tw/news/firstnews/202010110026.aspx, 停火維持僅5分鐘亞塞拜然亞美尼亞互控開火影202010111023
      >> 下載 https://www.cna.com.tw/news/firstnews/202010115001.aspx, 早安世界總統國慶演說符合對等尊嚴願促成兩岸有意義對話202010110745
      >> 下載 https://www.cna.com.tw/news/asoc/202010110206.aspx, 高雄餅乾店長違停稱警方核准新興分局詐欺罪偵辦202010112237
      >> 下載 https://www.cna.com.tw/news/asoc/202010110099.aspx, 總站夜市違規開幕中市府若勸導無效就開罰202010111414
      >> 下載 https://www.cna.com.tw/news/ahel/202010110060.aspx, 嬰出生10天染沙門氏菌家長餵食沒洗手釀禍202010111209
      >> 下載 https://www.cna.com.tw/news/aloc/202010110066.aspx, 婚宴魔術鴿亂飛糞滴賓客高市衛生局稽查餐廳202010111223
      >> 下載 https://www.cna.com.tw/news/ahel/202010110055.aspx, 高屏空品紅色警示環保署提醒減少戶外活動202010111157
      >> 下載 https://www.cna.com.tw/news/firstnews/202010110199.aspx, 北北基宜大雨特報颱風南卡最快12日形成202010112155
      >> 下載 https://www.cna.com.tw/news/firstnews/202010115004.aspx, 李孟居上央視認錯陸委會惡意政治炒作202010112328
      >> 下載 https://www.cna.com.tw/news/firstnews/202010110198.aspx, 央視播台諜節目李孟居對祖國有傷害202010112151
      >> 下載 https://www.cna.com.tw/news/firstnews/202010110197.aspx, 前線飛官分享F16V強大偵蒐能力化被動為主動202010112137
      >> 下載 https://www.cna.com.tw/news/asoc/202010110206.aspx, 高雄餅乾店長違停稱警方核准新興分局詐欺罪偵辦202010112237
      >> 下載 https://www.cna.com.tw/news/aipl/202010110202.aspx, 金門烈嶼戰車翻覆陳其邁弔唁殉職中士林楷強202010112209
      >> 下載 https://www.cna.com.tw/news/ahel/202010110139.aspx, 看到美照就出發登山達人準備不足成山難主因202010111635
      >> 下載 https://www.cna.com.tw/news/firstnews/202010110089.aspx, 人道國際酒店擅收35名檢疫者高市要罰202010111339
      >> 下載 https://www.cna.com.tw/news/firstnews/202010110133.aspx, 共軍頻對台文攻武嚇傷人傷己本身也被消耗戰202010111623
      >> 下載 https://www.cna.com.tw/news/aopl/202010110181.aspx, 北韓秀新武器南韓籲落實雙邊防止武力衝突協議202010111946
      >> 下載 https://www.cna.com.tw/news/aipl/202010110172.aspx, 考試院研議新任公務員退撫新制兼顧財務及保障202010111857
      >> 下載 https://www.cna.com.tw/news/ahel/202010110062.aspx, 林佳龍連假尾聲國道沒紫爆謝國人配合疏運202010111215
      >> 下載 https://www.cna.com.tw/news/aopl/202010110168.aspx, 中國兩艘海警船入釣魚台海域日方強化警戒202010111825
