     -----> 新聞爬蟲：中央通訊社

           <<< 中央通訊社新聞搜尋 >>>
  ------------------------------------------------------
  ------------------------------------------------------
    >> 搜尋關鍵字:"工業用"; 網址:"https://www.cna.com.tw/search/hysearchws.aspx?q=工業用"
         >>> 找到關鍵字 "工業用"; 文章資訊: 2020-10-07 10:26:00, 缺水嚴重農業工業用水矛盾加劇台南推再生水計畫202010071026, https://www.cna.com.tw/news/aloc/202010070049.aspx
         <<< 2020-10-08 沒有更多 "工業用" 相關的新聞 !!! >>>
  ------------------------------------------------------
    >> 搜尋關鍵字:"化工"; 網址:"https://www.cna.com.tw/search/hysearchws.aspx?q=化工"
         <<< 2020-10-08 沒有更多 "化工" 相關的新聞 !!! >>>
  ------------------------------------------------------
    >> 搜尋關鍵字:"化災"; 網址:"https://www.cna.com.tw/search/hysearchws.aspx?q=化災"
         <<< 2020-10-08 沒有更多 "化災" 相關的新聞 !!! >>>
  ------------------------------------------------------
    >> 搜尋關鍵字:"化學"; 網址:"https://www.cna.com.tw/search/hysearchws.aspx?q=化學"
         >>> 找到關鍵字 "化學"; 文章資訊: 2020-10-07 22:50:00, 女力再現諾貝爾科學獎項首度頒給全女性組合202010072250, https://www.cna.com.tw/news/aopl/202010070400.aspx
         >>> 找到關鍵字 "化學"; 文章資訊: 2020-10-07 17:51:00, 諾貝爾化學獎2女學者開發基因編輯技術享殊榮都曾獲唐獎202010071751, https://www.cna.com.tw/news/firstnews/202010075009.aspx
         >>> 找到關鍵字 "化學"; 文章資訊: 2020-10-07 19:14:00, 唐獎再命中諾貝爾獎基因編輯指考也考過202010071914, https://www.cna.com.tw/news/firstnews/202010070325.aspx
         >>> 找到關鍵字 "化學"; 文章資訊: 2020-10-07 20:30:00, DNA剪刀改變生命藍圖諾貝爾化學獎得主無私分享202010072030, https://www.cna.com.tw/news/ahel/202010070347.aspx
         >>> 找到關鍵字 "化學"; 文章資訊: 2020-10-07 17:55:00, 光磊擴大布局感測元件開發VCSEL產品202010071755, https://www.cna.com.tw/news/afe/202010070288.aspx
         >>> 找到關鍵字 "化學"; 文章資訊: 2020-10-07 12:04:00, 喵喵製毒工廠藏身新竹山區刑事局攻堅逮5嫌202010071204, https://www.cna.com.tw/news/asoc/202010070099.aspx
         >>> 找到關鍵字 "化學"; 文章資訊: 2020-10-07 11:03:00, 巴西分析神秘種子包裹內含真菌塵和害草202010071103, https://www.cna.com.tw/news/aopl/202010070061.aspx
         <<< 2020-10-08 沒有更多 "化學" 相關的新聞 !!! >>>
  ------------------------------------------------------
    >> 搜尋關鍵字:"外洩"; 網址:"https://www.cna.com.tw/search/hysearchws.aspx?q=外洩"
         >>> 找到關鍵字 "外洩"; 文章資訊: 2020-10-07 15:15:00, 施政報告封面吸睛高市盼以高雄一百鑑往知來202010071515, https://www.cna.com.tw/news/aloc/202010070184.aspx
         >>> 找到關鍵字 "外洩"; 文章資訊: 2020-10-07 11:49:00, 施政報告陳其邁揭橋科明年底廠商選地設廠目標202010071149, https://www.cna.com.tw/news/aloc/202010070089.aspx
         <<< 2020-10-08 沒有更多 "外洩" 相關的新聞 !!! >>>
  ------------------------------------------------------
    >> 搜尋關鍵字:"危害"; 網址:"https://www.cna.com.tw/search/hysearchws.aspx?q=危害"
         >>> 找到關鍵字 "危害"; 文章資訊: 2020-10-07 12:47:00, 澳門增設維護國安組織分析將有寒蟬效應202010071247, https://www.cna.com.tw/news/acn/202010070116.aspx
         <<< 2020-10-08 沒有更多 "危害" 相關的新聞 !!! >>>
  ------------------------------------------------------
    >> 搜尋關鍵字:"有毒"; 網址:"https://www.cna.com.tw/search/hysearchws.aspx?q=有毒"
         >>> 找到關鍵字 "有毒"; 文章資訊: 2020-10-07 17:21:00, 商品通關遭破壞查驗台北關民眾可依法求償202010071721, https://www.cna.com.tw/news/aloc/202010070257.aspx
         <<< 2020-10-08 沒有更多 "有毒" 相關的新聞 !!! >>>
  ------------------------------------------------------
    >> 搜尋關鍵字:"有害"; 網址:"https://www.cna.com.tw/search/hysearchws.aspx?q=有害"
         >>> 找到關鍵字 "有害"; 文章資訊: 2020-10-07 17:51:00, 諾貝爾化學獎2女學者開發基因編輯技術享殊榮都曾獲唐獎202010071751, https://www.cna.com.tw/news/firstnews/202010075009.aspx
         >>> 找到關鍵字 "有害"; 文章資訊: 2020-10-07 20:31:00, 中國前三季自然災害損失13兆年增24202010072031, https://www.cna.com.tw/news/acn/202010070349.aspx
         >>> 找到關鍵字 "有害"; 文章資訊: 2020-10-07 14:53:00, 金門酒廠加碼推白金版陳高續拚振興券消費202010071453, https://www.cna.com.tw/news/aloc/202010070177.aspx
         >>> 找到關鍵字 "有害"; 文章資訊: 2020-10-07 11:03:00, 巴西分析神秘種子包裹內含真菌塵和害草202010071103, https://www.cna.com.tw/news/aopl/202010070061.aspx
         <<< 2020-10-08 沒有更多 "有害" 相關的新聞 !!! >>>
  ------------------------------------------------------
    >> 搜尋關鍵字:"色料"; 網址:"https://www.cna.com.tw/search/hysearchws.aspx?q=色料"
         <<< 2020-10-08 沒有更多 "色料" 相關的新聞 !!! >>>
  ------------------------------------------------------
    >> 搜尋關鍵字:"色素"; 網址:"https://www.cna.com.tw/search/hysearchws.aspx?q=色素"
         <<< 2020-10-08 沒有更多 "色素" 相關的新聞 !!! >>>
  ------------------------------------------------------
    >> 搜尋關鍵字:"毒性"; 網址:"https://www.cna.com.tw/search/hysearchws.aspx?q=毒性"
         >>> 找到關鍵字 "毒性"; 文章資訊: 2020-10-07 13:41:00, 防蘆薈外皮傷肝腎食藥署僅限2種可做食品202010071341, https://www.cna.com.tw/news/ahel/202010070142.aspx
         >>> 找到關鍵字 "毒性"; 文章資訊: 2020-10-07 11:03:00, 巴西分析神秘種子包裹內含真菌塵和害草202010071103, https://www.cna.com.tw/news/aopl/202010070061.aspx
         <<< 2020-10-08 沒有更多 "毒性" 相關的新聞 !!! >>>
  ------------------------------------------------------
    >> 搜尋關鍵字:"毒品"; 網址:"https://www.cna.com.tw/search/hysearchws.aspx?q=毒品"
         >>> 找到關鍵字 "毒品"; 文章資訊: 2020-10-07 18:16:00, 守護海疆32年海巡福星艦光榮退役202010071816, https://www.cna.com.tw/news/asoc/202010070301.aspx
         >>> 找到關鍵字 "毒品"; 文章資訊: 2020-10-07 17:10:00, 紙風車前進竹北國中演出讓反毒種子萌芽202010071710, https://www.cna.com.tw/news/ahel/202010070251.aspx
         >>> 找到關鍵字 "毒品"; 文章資訊: 2020-10-07 17:21:00, 商品通關遭破壞查驗台北關民眾可依法求償202010071721, https://www.cna.com.tw/news/aloc/202010070257.aspx
         >>> 找到關鍵字 "毒品"; 文章資訊: 2020-10-07 15:46:00, 高市警局治安成果豐碩兩天掃蕩破獲239件刑案202010071546, https://www.cna.com.tw/news/asoc/202010070202.aspx
         >>> 找到關鍵字 "毒品"; 文章資訊: 2020-10-07 13:28:00, 解決陸船越界艦隊分署移撥千噸屏東艦進駐澎湖202010071328, https://www.cna.com.tw/news/aloc/202010070133.aspx
         >>> 找到關鍵字 "毒品"; 文章資訊: 2020-10-07 12:50:00, 立委提酒駕致人死傷先關3天內政部有疑慮202010071250, https://www.cna.com.tw/news/aipl/202010070118.aspx
         >>> 找到關鍵字 "毒品"; 文章資訊: 2020-10-07 12:04:00, 喵喵製毒工廠藏身新竹山區刑事局攻堅逮5嫌202010071204, https://www.cna.com.tw/news/asoc/202010070099.aspx
         <<< 2020-10-08 沒有更多 "毒品" 相關的新聞 !!! >>>
  ------------------------------------------------------
    >> 搜尋關鍵字:"致癌"; 網址:"https://www.cna.com.tw/search/hysearchws.aspx?q=致癌"
         >>> 找到關鍵字 "致癌"; 文章資訊: 2020-10-07 12:30:00, 致癌疑慮不純物延燒正和回收4千萬顆糖尿病藥202010071230, https://www.cna.com.tw/news/firstnews/202010070109.aspx
         <<< 2020-10-08 沒有更多 "致癌" 相關的新聞 !!! >>>
  ------------------------------------------------------
    >> 搜尋關鍵字:"重金屬"; 網址:"https://www.cna.com.tw/search/hysearchws.aspx?q=重金屬"
         >>> 找到關鍵字 "重金屬"; 文章資訊: 2020-10-07 10:10:00, 搖滾吉他之神艾迪范海倫癌症過世享壽65歲影202010071010, https://www.cna.com.tw/news/firstnews/202010070045.aspx
         <<< 2020-10-08 沒有更多 "重金屬" 相關的新聞 !!! >>>
  ------------------------------------------------------
    >> 搜尋關鍵字:"食安"; 網址:"https://www.cna.com.tw/search/hysearchws.aspx?q=食安"
         >>> 找到關鍵字 "食安"; 文章資訊: 2020-10-07 18:32:00, 男子蘭嶼海邊撿到黑石頭鑑定是龍涎香值600萬202010071832, https://www.cna.com.tw/news/firstnews/202010070304.aspx
         >>> 找到關鍵字 "食安"; 文章資訊: 2020-10-07 19:09:00, 何志偉拋美豬進口總量控管黨內急勸阻202010071909, https://www.cna.com.tw/news/aipl/202010070319.aspx
         >>> 找到關鍵字 "食安"; 文章資訊: 2020-10-07 15:16:00, 江啟臣著手規劃系列活動喚醒對光復節的重視202010071516, https://www.cna.com.tw/news/aipl/202010070185.aspx
         >>> 找到關鍵字 "食安"; 文章資訊: 2020-10-07 13:41:00, 防蘆薈外皮傷肝腎食藥署僅限2種可做食品202010071341, https://www.cna.com.tw/news/ahel/202010070142.aspx
         >>> 找到關鍵字 "食安"; 文章資訊: 2020-10-07 12:21:00, 反放寬萊豬進高雄國民黨議員促陳其邁簽禁令202010071221, https://www.cna.com.tw/news/aloc/202010070106.aspx
         >>> 找到關鍵字 "食安"; 文章資訊: 2020-10-07 11:49:00, 施政報告陳其邁揭橋科明年底廠商選地設廠目標202010071149, https://www.cna.com.tw/news/aloc/202010070089.aspx
         <<< 2020-10-08 沒有更多 "食安" 相關的新聞 !!! >>>
  ------------------------------------------------------
    >> 搜尋關鍵字:"香料"; 網址:"https://www.cna.com.tw/search/hysearchws.aspx?q=香料"
         <<< 2020-10-08 沒有更多 "香料" 相關的新聞 !!! >>>
  ------------------------------------------------------
    >> 搜尋關鍵字:"原料"; 網址:"https://www.cna.com.tw/search/hysearchws.aspx?q=原料"
         >>> 找到關鍵字 "原料"; 文章資訊: 2020-10-07 15:16:00, 杏輝多款藥下架回收總經理出面道歉202010071516, https://www.cna.com.tw/news/firstnews/202010075004.aspx
         >>> 找到關鍵字 "原料"; 文章資訊: 2020-10-07 13:41:00, 防蘆薈外皮傷肝腎食藥署僅限2種可做食品202010071341, https://www.cna.com.tw/news/ahel/202010070142.aspx
         <<< 2020-10-08 沒有更多 "原料" 相關的新聞 !!! >>>
  ------------------------------------------------------
    >> 搜尋關鍵字:"氣爆"; 網址:"https://www.cna.com.tw/search/hysearchws.aspx?q=氣爆"
         <<< 2020-10-08 沒有更多 "氣爆" 相關的新聞 !!! >>>
  ------------------------------------------------------
    >> 搜尋關鍵字:"添加物"; 網址:"https://www.cna.com.tw/search/hysearchws.aspx?q=添加物"
         <<< 2020-10-08 沒有更多 "添加物" 相關的新聞 !!! >>>
  ------------------------------------------------------
    >> 搜尋關鍵字:"黑心"; 網址:"https://www.cna.com.tw/search/hysearchws.aspx?q=黑心"
         <<< 2020-10-08 沒有更多 "黑心" 相關的新聞 !!! >>>
  ------------------------------------------------------
    >> 搜尋關鍵字:"漂白"; 網址:"https://www.cna.com.tw/search/hysearchws.aspx?q=漂白"
         <<< 2020-10-08 沒有更多 "漂白" 相關的新聞 !!! >>>
  ------------------------------------------------------
    >> 搜尋關鍵字:"爆炸"; 網址:"https://www.cna.com.tw/search/hysearchws.aspx?q=爆炸"
         >>> 找到關鍵字 "爆炸"; 文章資訊: 2020-10-07 20:59:00, 北市內湖區3361戶停電台電搶修後已復電202010072059, https://www.cna.com.tw/news/ahel/202010070360.aspx
         >>> 找到關鍵字 "爆炸"; 文章資訊: 2020-10-07 20:25:00, 北市內湖區3361戶停電台電搶修中202010072025, https://www.cna.com.tw/news/ahel/202010070345.aspx
         >>> 找到關鍵字 "爆炸"; 文章資訊: 2020-10-07 16:39:00, 香港中大四川榮縣死亡地震是開採頁岩氣誘發202010071639, https://www.cna.com.tw/news/acn/202010070236.aspx
         <<< 2020-10-08 沒有更多 "爆炸" 相關的新聞 !!! >>>
  ------------------------------------------------------
    >> 搜尋關鍵字:"新興"; 網址:"https://www.cna.com.tw/search/hysearchws.aspx?q=新興"
         >>> 找到關鍵字 "新興"; 文章資訊: 2020-10-07 20:17:00, 第三季出口破900億美元創新高全年可望轉正202010072017, https://www.cna.com.tw/news/afe/202010070344.aspx
         >>> 找到關鍵字 "新興"; 文章資訊: 2020-10-07 17:43:00, 受惠遠端應用中磊9月營收創歷史第3高202010071743, https://www.cna.com.tw/news/afe/202010070282.aspx
         >>> 找到關鍵字 "新興"; 文章資訊: 2020-10-07 17:10:00, 紙風車前進竹北國中演出讓反毒種子萌芽202010071710, https://www.cna.com.tw/news/ahel/202010070251.aspx
         >>> 找到關鍵字 "新興"; 文章資訊: 2020-10-07 17:17:00, 宏達電產學合作培育台灣XR設計人才202010071717, https://www.cna.com.tw/news/ait/202010070256.aspx
         >>> 找到關鍵字 "新興"; 文章資訊: 2020-10-07 16:08:00, 科技業動能續強9月出口年增94連3紅202010071608, https://www.cna.com.tw/news/afe/202010070217.aspx
         >>> 找到關鍵字 "新興"; 文章資訊: 2020-10-07 12:04:00, 喵喵製毒工廠藏身新竹山區刑事局攻堅逮5嫌202010071204, https://www.cna.com.tw/news/asoc/202010070099.aspx
         <<< 2020-10-08 沒有更多 "新興" 相關的新聞 !!! >>>
  ------------------------------------------------------
    >> 搜尋關鍵字:"爆裂物"; 網址:"https://www.cna.com.tw/search/hysearchws.aspx?q=爆裂物"
         <<< 2020-10-08 沒有更多 "爆裂物" 相關的新聞 !!! >>>
  ------------------------------------------------------
    >> 搜尋關鍵字:"IED"; 網址:"https://www.cna.com.tw/search/hysearchws.aspx?q=IED"
         <<< 2020-10-08 沒有更多 "IED" 相關的新聞 !!! >>>
  ------------------------------------------------------
    >> 搜尋關鍵字:"排放"; 網址:"https://www.cna.com.tw/search/hysearchws.aspx?q=排放"
         >>> 找到關鍵字 "排放"; 文章資訊: 2020-10-07 10:53:00, 鴻海提升節能目標今年能源節約率估22202010071053, https://www.cna.com.tw/news/afe/202010070057.aspx
         <<< 2020-10-08 沒有更多 "排放" 相關的新聞 !!! >>>
  ------------------------------------------------------
    >> 搜尋關鍵字:"污染"; 網址:"https://www.cna.com.tw/search/hysearchws.aspx?q=污染"
         >>> 找到關鍵字 "污染"; 文章資訊: 2020-10-07 15:24:00, 首納改善空污降載對象麥寮汽電配合規範執行202010071524, https://www.cna.com.tw/news/afe/202010070189.aspx
         >>> 找到關鍵字 "污染"; 文章資訊: 2020-10-07 13:41:00, 防蘆薈外皮傷肝腎食藥署僅限2種可做食品202010071341, https://www.cna.com.tw/news/ahel/202010070142.aspx
         >>> 找到關鍵字 "污染"; 文章資訊: 2020-10-07 12:06:00, 空污跨區應變麥寮電廠首度納降載對象202010071206, https://www.cna.com.tw/news/ahel/202010070101.aspx
         >>> 找到關鍵字 "污染"; 文章資訊: 2020-10-07 11:03:00, 巴西分析神秘種子包裹內含真菌塵和害草202010071103, https://www.cna.com.tw/news/aopl/202010070061.aspx
         >>> 找到關鍵字 "污染"; 文章資訊: 2020-10-07 10:26:00, 缺水嚴重農業工業用水矛盾加劇台南推再生水計畫202010071026, https://www.cna.com.tw/news/aloc/202010070049.aspx
         >>> 找到關鍵字 "污染"; 文章資訊: 2020-10-07 09:42:00, 華景電前8月每股純益348元擬15日登錄興櫃202010070942, https://www.cna.com.tw/news/afe/202010070036.aspx
         <<< 2020-10-08 沒有更多 "污染" 相關的新聞 !!! >>>
  ------------------------------------------------------
    >> 搜尋關鍵字:"廢水"; 網址:"https://www.cna.com.tw/search/hysearchws.aspx?q=廢水"
         <<< 2020-10-08 沒有更多 "廢水" 相關的新聞 !!! >>>
  ------------------------------------------------------
    >> 搜尋關鍵字:"污水"; 網址:"https://www.cna.com.tw/search/hysearchws.aspx?q=污水"
         >>> 找到關鍵字 "污水"; 文章資訊: 2020-10-07 10:53:00, 開發水資源高市鳳山再生水案獲金擘獎肯定202010071053, https://www.cna.com.tw/news/aloc/202010070058.aspx
         >>> 找到關鍵字 "污水"; 文章資訊: 2020-10-07 10:26:00, 缺水嚴重農業工業用水矛盾加劇台南推再生水計畫202010071026, https://www.cna.com.tw/news/aloc/202010070049.aspx
         <<< 2020-10-08 沒有更多 "污水" 相關的新聞 !!! >>>
  ------------------------------------------------------
    >> 搜尋關鍵字:"洩漏"; 網址:"https://www.cna.com.tw/search/hysearchws.aspx?q=洩漏"
         >>> 找到關鍵字 "洩漏"; 文章資訊: 2020-10-07 12:14:00, 連串爭議後打安全牌諾貝爾文學獎落非歐女性202010071214, https://www.cna.com.tw/news/acul/202010070103.aspx
         >>> 找到關鍵字 "洩漏"; 文章資訊: 2020-10-07 11:39:00, 士林科教館弊案更一審改判前館長徐國士無罪202010071139, https://www.cna.com.tw/news/asoc/202010070084.aspx
         <<< 2020-10-08 沒有更多 "洩漏" 相關的新聞 !!! >>>
  ------------------------------------------------------
    >> 搜尋關鍵字:"暗管"; 網址:"https://www.cna.com.tw/search/hysearchws.aspx?q=暗管"
         <<< 2020-10-08 沒有更多 "暗管" 相關的新聞 !!! >>>
  ------------------------------------------------------
    >> 搜尋關鍵字:"偷排"; 網址:"https://www.cna.com.tw/search/hysearchws.aspx?q=偷排"
         <<< 2020-10-08 沒有更多 "偷排" 相關的新聞 !!! >>>
  ------------------------------------------------------
    >> 搜尋關鍵字:"安全"; 網址:"https://www.cna.com.tw/search/hysearchws.aspx?q=安全"
         >>> 找到關鍵字 "安全"; 文章資訊: 2020-10-07 23:12:00, 歐洲疫情不平靜捷克烏克蘭單日染疫數創新高202010072312, https://www.cna.com.tw/news/aopl/202010070405.aspx
         >>> 找到關鍵字 "安全"; 文章資訊: 2020-10-07 22:59:00, 東京奧運精簡化估可省83億元202010072259, https://www.cna.com.tw/news/aspt/202010070403.aspx
         >>> 找到關鍵字 "安全"; 文章資訊: 2020-10-07 22:20:00, 康軒女員工遭貼字條批評勞工局長已涉霸凌202010072220, https://www.cna.com.tw/news/ahel/202010070390.aspx
         >>> 找到關鍵字 "安全"; 文章資訊: 2020-10-07 16:18:00, 立委籲台鐵連假購票幼童父母優先交通部將研究202010071618, https://www.cna.com.tw/news/ahel/202010070221.aspx
         >>> 找到關鍵字 "安全"; 文章資訊: 2020-10-07 22:26:00, 杏仁哥詹江村蛋洗王浩宇服務處遭罰2000元202010072226, https://www.cna.com.tw/news/asoc/202010070392.aspx
         >>> 找到關鍵字 "安全"; 文章資訊: 2020-10-07 21:29:00, 監偵共軍侵擾花312億元國防部滾動檢討編列預算202010072129, https://www.cna.com.tw/news/firstnews/202010070371.aspx
         >>> 找到關鍵字 "安全"; 文章資訊: 2020-10-07 18:05:00, 空勤救災添新力6架全天候黑鷹直升機運抵高港202010071805, https://www.cna.com.tw/news/asoc/202010070295.aspx
         >>> 找到關鍵字 "安全"; 文章資訊: 2020-10-07 18:16:00, 守護海疆32年海巡福星艦光榮退役202010071816, https://www.cna.com.tw/news/asoc/202010070301.aspx
         >>> 找到關鍵字 "安全"; 文章資訊: 2020-10-07 21:00:00, 高加索衝突納哥諾卡拉巴克區半數人口流離失所202010072100, https://www.cna.com.tw/news/aopl/202010070361.aspx
         >>> 找到關鍵字 "安全"; 文章資訊: 2020-10-07 18:35:00, 前北韓駐義代理大使投奔南韓近23年來層級最高202010071835, https://www.cna.com.tw/news/firstnews/202010070306.aspx
         >>> 找到關鍵字 "安全"; 文章資訊: 2020-10-07 19:13:00, 機車闖國道3天4起騎士闖五堵段竟不理會提醒202010071913, https://www.cna.com.tw/news/asoc/202010070323.aspx
         >>> 找到關鍵字 "安全"; 文章資訊: 2020-10-07 18:33:00, 黃喉貂玉山趴趴走範圍最廣可達2個嘉義市大202010071833, https://www.cna.com.tw/news/ahel/202010070305.aspx
         >>> 找到關鍵字 "安全"; 文章資訊: 2020-10-07 18:15:00, 伴李登輝見證36年政壇風雲大安警衛組解編202010071815, https://www.cna.com.tw/news/firstnews/202010070300.aspx
         >>> 找到關鍵字 "安全"; 文章資訊: 2020-10-07 18:40:00, 美國又有白人警察射殺非裔公民遭控謀殺202010071840, https://www.cna.com.tw/news/aopl/202010070308.aspx
         >>> 找到關鍵字 "安全"; 文章資訊: 2020-10-07 10:41:00, 美副總統候選人辯論會CDC替彭斯健康背書202010071041, https://www.cna.com.tw/news/aopl/202010070053.aspx
         >>> 找到關鍵字 "安全"; 文章資訊: 2020-10-07 18:01:00, 屢傳自台出境被確診張上淳台灣社區查無問題202010071801, https://www.cna.com.tw/news/ahel/202010070293.aspx
         >>> 找到關鍵字 "安全"; 文章資訊: 2020-10-07 08:38:00, 拜登若川普仍染疫第2場辯論不該舉辦202010070838, https://www.cna.com.tw/news/aopl/202010070024.aspx
         >>> 找到關鍵字 "安全"; 文章資訊: 2020-10-07 16:29:00, 嘉縣農會辦特色菜發表會推產銷履歷農漁產品202010071629, https://www.cna.com.tw/news/aloc/202010070231.aspx
         >>> 找到關鍵字 "安全"; 文章資訊: 2020-10-07 17:26:00, 日政府擬購島供美軍艦載機訓練地方首長反對202010071726, https://www.cna.com.tw/news/aopl/202010070260.aspx
         >>> 找到關鍵字 "安全"; 文章資訊: 2020-10-07 15:16:00, 江啟臣著手規劃系列活動喚醒對光復節的重視202010071516, https://www.cna.com.tw/news/aipl/202010070185.aspx
         >>> 找到關鍵字 "安全"; 文章資訊: 2020-10-07 16:52:00, 李新穎赴義大利北部疫情重災區與僑胞慶雙十202010071652, https://www.cna.com.tw/news/aipl/202010070245.aspx
         >>> 找到關鍵字 "安全"; 文章資訊: 2020-10-07 16:55:00, 檢舉冒用台灣豬識別標章若屬實罰鍰2成作獎金202010071655, https://www.cna.com.tw/news/ahel/202010070246.aspx
         >>> 找到關鍵字 "安全"; 文章資訊: 2020-10-07 16:14:00, 國中營養午餐有塑膠條新北已調查檢驗未出爐202010071614, https://www.cna.com.tw/news/ahel/202010070220.aspx
         >>> 找到關鍵字 "安全"; 文章資訊: 2020-10-07 15:28:00, 美國禁共產黨員入籍民運人士楊建利申請遭拒欲上訴202010071528, https://www.cna.com.tw/news/firstnews/202010070194.aspx
         >>> 找到關鍵字 "安全"; 文章資訊: 2020-10-07 15:49:00, 美日澳印談抗中中使館多邊合作不是搞小圈子202010071549, https://www.cna.com.tw/news/aopl/202010070206.aspx
         >>> 找到關鍵字 "安全"; 文章資訊: 2020-10-07 14:56:00, 台大癌醫中心創院首例完成疫情中跨國骨髓移植202010071456, https://www.cna.com.tw/news/ahel/202010070178.aspx
         >>> 找到關鍵字 "安全"; 文章資訊: 2020-10-07 14:06:00, 9項國際發明展獲158金教育部肯定實作成就夢想202010071406, https://www.cna.com.tw/news/ahel/202010070157.aspx
         >>> 找到關鍵字 "安全"; 文章資訊: 2020-10-07 13:58:00, 中部7縣市首長攜手反瘦肉精美豬抗空污202010071358, https://www.cna.com.tw/news/ahel/202010070149.aspx
         >>> 找到關鍵字 "安全"; 文章資訊: 2020-10-07 14:50:00, 騰訊代理手遊遭印度禁絕地求生另尋電信商活路202010071450, https://www.cna.com.tw/news/aopl/202010070174.aspx
         >>> 找到關鍵字 "安全"; 文章資訊: 2020-10-07 14:45:00, 美媒德國高官曾怕傷關係壓下中國影響力報告202010071445, https://www.cna.com.tw/news/aopl/202010070171.aspx
         >>> 找到關鍵字 "安全"; 文章資訊: 2020-10-07 13:26:00, 國慶連假中市交通疏導加強景點及百貨商圈202010071326, https://www.cna.com.tw/news/aloc/202010070132.aspx
         >>> 找到關鍵字 "安全"; 文章資訊: 2020-10-07 12:14:00, 連串爭議後打安全牌諾貝爾文學獎落非歐女性202010071214, https://www.cna.com.tw/news/acul/202010070103.aspx
         >>> 找到關鍵字 "安全"; 文章資訊: 2020-10-07 13:41:00, 防蘆薈外皮傷肝腎食藥署僅限2種可做食品202010071341, https://www.cna.com.tw/news/ahel/202010070142.aspx
         >>> 找到關鍵字 "安全"; 文章資訊: 2020-10-07 13:38:00, 美聯準會主席更多政府金援有利經濟加速復甦202010071338, https://www.cna.com.tw/news/aopl/202010070140.aspx
         >>> 找到關鍵字 "安全"; 文章資訊: 2020-10-07 13:15:00, 極危險颶風將襲墨西哥海岸遊客居民疏散202010071315, https://www.cna.com.tw/news/aopl/202010070128.aspx
         >>> 找到關鍵字 "安全"; 文章資訊: 2020-10-07 09:09:00, 軍情局媒體報導局長徇私非事實不排除訴諸司法202010070909, https://www.cna.com.tw/news/aipl/202010070030.aspx
         >>> 找到關鍵字 "安全"; 文章資訊: 2020-10-07 12:47:00, 澳門增設維護國安組織分析將有寒蟬效應202010071247, https://www.cna.com.tw/news/acn/202010070116.aspx
         >>> 找到關鍵字 "安全"; 文章資訊: 2020-10-07 12:50:00, 立委提酒駕致人死傷先關3天內政部有疑慮202010071250, https://www.cna.com.tw/news/aipl/202010070118.aspx
         >>> 找到關鍵字 "安全"; 文章資訊: 2020-10-07 11:43:00, 先進製程材料分析接單旺閎康第4季業績衝新高202010071143, https://www.cna.com.tw/news/afe/202010070088.aspx
         >>> 找到關鍵字 "安全"; 文章資訊: 2020-10-07 11:18:00, 中國要求世衛推廣尚未完成試驗的疫苗202010071118, https://www.cna.com.tw/news/aopl/202010070076.aspx
         >>> 找到關鍵字 "安全"; 文章資訊: 2020-10-07 10:34:00, 提台美復交江啟臣回應國台辦對中華民族有益202010071034, https://www.cna.com.tw/news/aipl/202010070052.aspx
         >>> 找到關鍵字 "安全"; 文章資訊: 2020-10-07 10:13:00, 紐時萊特海澤對中國軟化成美台貿易談判障礙202010071013, https://www.cna.com.tw/news/aopl/202010070046.aspx
         >>> 找到關鍵字 "安全"; 文章資訊: 2020-10-07 09:15:00, 美國防部代理助理部長促美台國防供應鏈合作202010070915, https://www.cna.com.tw/news/aopl/202010070032.aspx
         >>> 找到關鍵字 "安全"; 文章資訊: 2020-10-07 08:10:00, 北東雲多偶飄雨中南日夜溫差大202010070810, https://www.cna.com.tw/news/ahel/202010070019.aspx
         >>> 找到關鍵字 "安全"; 文章資訊: 2020-10-07 07:15:00, 早安世界台灣豬標章出爐方便辨別本地與進口肉品202010070715, https://www.cna.com.tw/news/firstnews/202010075001.aspx
         >>> 找到關鍵字 "安全"; 文章資訊: 2020-10-07 07:13:00, 蕭美琴台灣戰略環境複雜謹慎發展台美關係202010070713, https://www.cna.com.tw/news/aipl/202010070014.aspx
         <<< 2020-10-08 沒有更多 "安全" 相關的新聞 !!! >>>
  ------------------------------------------------------
    >> 搜尋關鍵字:"槽車"; 網址:"https://www.cna.com.tw/search/hysearchws.aspx?q=槽車"
         <<< 2020-10-08 沒有更多 "槽車" 相關的新聞 !!! >>>
       >> 檔案輸出
        ------------------------------------------------------
      >> 下載新聞內容
      >> 下載 https://www.cna.com.tw/news/aloc/202010070049.aspx, 缺水嚴重農業工業用水矛盾加劇台南推再生水計畫202010071026
      >> 下載 https://www.cna.com.tw/news/aopl/202010070400.aspx, 女力再現諾貝爾科學獎項首度頒給全女性組合202010072250
      >> 下載 https://www.cna.com.tw/news/firstnews/202010075009.aspx, 諾貝爾化學獎2女學者開發基因編輯技術享殊榮都曾獲唐獎202010071751
      >> 下載 https://www.cna.com.tw/news/firstnews/202010070325.aspx, 唐獎再命中諾貝爾獎基因編輯指考也考過202010071914
      >> 下載 https://www.cna.com.tw/news/ahel/202010070347.aspx, DNA剪刀改變生命藍圖諾貝爾化學獎得主無私分享202010072030
      >> 下載 https://www.cna.com.tw/news/afe/202010070288.aspx, 光磊擴大布局感測元件開發VCSEL產品202010071755
      >> 下載 https://www.cna.com.tw/news/asoc/202010070099.aspx, 喵喵製毒工廠藏身新竹山區刑事局攻堅逮5嫌202010071204
      >> 下載 https://www.cna.com.tw/news/aopl/202010070061.aspx, 巴西分析神秘種子包裹內含真菌塵和害草202010071103
      >> 下載 https://www.cna.com.tw/news/aloc/202010070184.aspx, 施政報告封面吸睛高市盼以高雄一百鑑往知來202010071515
      >> 下載 https://www.cna.com.tw/news/aloc/202010070089.aspx, 施政報告陳其邁揭橋科明年底廠商選地設廠目標202010071149
      >> 下載 https://www.cna.com.tw/news/acn/202010070116.aspx, 澳門增設維護國安組織分析將有寒蟬效應202010071247
      >> 下載 https://www.cna.com.tw/news/aloc/202010070257.aspx, 商品通關遭破壞查驗台北關民眾可依法求償202010071721
      >> 下載 https://www.cna.com.tw/news/firstnews/202010075009.aspx, 諾貝爾化學獎2女學者開發基因編輯技術享殊榮都曾獲唐獎202010071751
      >> 下載 https://www.cna.com.tw/news/acn/202010070349.aspx, 中國前三季自然災害損失13兆年增24202010072031
      >> 下載 https://www.cna.com.tw/news/aloc/202010070177.aspx, 金門酒廠加碼推白金版陳高續拚振興券消費202010071453
      >> 下載 https://www.cna.com.tw/news/aopl/202010070061.aspx, 巴西分析神秘種子包裹內含真菌塵和害草202010071103
      >> 下載 https://www.cna.com.tw/news/ahel/202010070142.aspx, 防蘆薈外皮傷肝腎食藥署僅限2種可做食品202010071341
      >> 下載 https://www.cna.com.tw/news/aopl/202010070061.aspx, 巴西分析神秘種子包裹內含真菌塵和害草202010071103
      >> 下載 https://www.cna.com.tw/news/asoc/202010070301.aspx, 守護海疆32年海巡福星艦光榮退役202010071816
      >> 下載 https://www.cna.com.tw/news/ahel/202010070251.aspx, 紙風車前進竹北國中演出讓反毒種子萌芽202010071710
      >> 下載 https://www.cna.com.tw/news/aloc/202010070257.aspx, 商品通關遭破壞查驗台北關民眾可依法求償202010071721
      >> 下載 https://www.cna.com.tw/news/asoc/202010070202.aspx, 高市警局治安成果豐碩兩天掃蕩破獲239件刑案202010071546
      >> 下載 https://www.cna.com.tw/news/aloc/202010070133.aspx, 解決陸船越界艦隊分署移撥千噸屏東艦進駐澎湖202010071328
      >> 下載 https://www.cna.com.tw/news/aipl/202010070118.aspx, 立委提酒駕致人死傷先關3天內政部有疑慮202010071250
      >> 下載 https://www.cna.com.tw/news/asoc/202010070099.aspx, 喵喵製毒工廠藏身新竹山區刑事局攻堅逮5嫌202010071204
      >> 下載 https://www.cna.com.tw/news/firstnews/202010070109.aspx, 致癌疑慮不純物延燒正和回收4千萬顆糖尿病藥202010071230
      >> 下載 https://www.cna.com.tw/news/firstnews/202010070045.aspx, 搖滾吉他之神艾迪范海倫癌症過世享壽65歲影202010071010
      >> 下載 https://www.cna.com.tw/news/firstnews/202010070304.aspx, 男子蘭嶼海邊撿到黑石頭鑑定是龍涎香值600萬202010071832
      >> 下載 https://www.cna.com.tw/news/aipl/202010070319.aspx, 何志偉拋美豬進口總量控管黨內急勸阻202010071909
      >> 下載 https://www.cna.com.tw/news/aipl/202010070185.aspx, 江啟臣著手規劃系列活動喚醒對光復節的重視202010071516
      >> 下載 https://www.cna.com.tw/news/ahel/202010070142.aspx, 防蘆薈外皮傷肝腎食藥署僅限2種可做食品202010071341
      >> 下載 https://www.cna.com.tw/news/aloc/202010070106.aspx, 反放寬萊豬進高雄國民黨議員促陳其邁簽禁令202010071221
      >> 下載 https://www.cna.com.tw/news/aloc/202010070089.aspx, 施政報告陳其邁揭橋科明年底廠商選地設廠目標202010071149
      >> 下載 https://www.cna.com.tw/news/firstnews/202010075004.aspx, 杏輝多款藥下架回收總經理出面道歉202010071516
      >> 下載 https://www.cna.com.tw/news/ahel/202010070142.aspx, 防蘆薈外皮傷肝腎食藥署僅限2種可做食品202010071341
      >> 下載 https://www.cna.com.tw/news/ahel/202010070360.aspx, 北市內湖區3361戶停電台電搶修後已復電202010072059
      >> 下載 https://www.cna.com.tw/news/ahel/202010070345.aspx, 北市內湖區3361戶停電台電搶修中202010072025
      >> 下載 https://www.cna.com.tw/news/acn/202010070236.aspx, 香港中大四川榮縣死亡地震是開採頁岩氣誘發202010071639
      >> 下載 https://www.cna.com.tw/news/afe/202010070344.aspx, 第三季出口破900億美元創新高全年可望轉正202010072017
      >> 下載 https://www.cna.com.tw/news/afe/202010070282.aspx, 受惠遠端應用中磊9月營收創歷史第3高202010071743
      >> 下載 https://www.cna.com.tw/news/ahel/202010070251.aspx, 紙風車前進竹北國中演出讓反毒種子萌芽202010071710
      >> 下載 https://www.cna.com.tw/news/ait/202010070256.aspx, 宏達電產學合作培育台灣XR設計人才202010071717
      >> 下載 https://www.cna.com.tw/news/afe/202010070217.aspx, 科技業動能續強9月出口年增94連3紅202010071608
      >> 下載 https://www.cna.com.tw/news/asoc/202010070099.aspx, 喵喵製毒工廠藏身新竹山區刑事局攻堅逮5嫌202010071204
      >> 下載 https://www.cna.com.tw/news/afe/202010070057.aspx, 鴻海提升節能目標今年能源節約率估22202010071053
      >> 下載 https://www.cna.com.tw/news/afe/202010070189.aspx, 首納改善空污降載對象麥寮汽電配合規範執行202010071524
      >> 下載 https://www.cna.com.tw/news/ahel/202010070142.aspx, 防蘆薈外皮傷肝腎食藥署僅限2種可做食品202010071341
      >> 下載 https://www.cna.com.tw/news/ahel/202010070101.aspx, 空污跨區應變麥寮電廠首度納降載對象202010071206
      >> 下載 https://www.cna.com.tw/news/aopl/202010070061.aspx, 巴西分析神秘種子包裹內含真菌塵和害草202010071103
      >> 下載 https://www.cna.com.tw/news/aloc/202010070049.aspx, 缺水嚴重農業工業用水矛盾加劇台南推再生水計畫202010071026
      >> 下載 https://www.cna.com.tw/news/afe/202010070036.aspx, 華景電前8月每股純益348元擬15日登錄興櫃202010070942
      >> 下載 https://www.cna.com.tw/news/aloc/202010070058.aspx, 開發水資源高市鳳山再生水案獲金擘獎肯定202010071053
      >> 下載 https://www.cna.com.tw/news/aloc/202010070049.aspx, 缺水嚴重農業工業用水矛盾加劇台南推再生水計畫202010071026
      >> 下載 https://www.cna.com.tw/news/acul/202010070103.aspx, 連串爭議後打安全牌諾貝爾文學獎落非歐女性202010071214
      >> 下載 https://www.cna.com.tw/news/asoc/202010070084.aspx, 士林科教館弊案更一審改判前館長徐國士無罪202010071139
      >> 下載 https://www.cna.com.tw/news/aopl/202010070405.aspx, 歐洲疫情不平靜捷克烏克蘭單日染疫數創新高202010072312
      >> 下載 https://www.cna.com.tw/news/aspt/202010070403.aspx, 東京奧運精簡化估可省83億元202010072259
      >> 下載 https://www.cna.com.tw/news/ahel/202010070390.aspx, 康軒女員工遭貼字條批評勞工局長已涉霸凌202010072220
      >> 下載 https://www.cna.com.tw/news/ahel/202010070221.aspx, 立委籲台鐵連假購票幼童父母優先交通部將研究202010071618
      >> 下載 https://www.cna.com.tw/news/asoc/202010070392.aspx, 杏仁哥詹江村蛋洗王浩宇服務處遭罰2000元202010072226
      >> 下載 https://www.cna.com.tw/news/firstnews/202010070371.aspx, 監偵共軍侵擾花312億元國防部滾動檢討編列預算202010072129
      >> 下載 https://www.cna.com.tw/news/asoc/202010070295.aspx, 空勤救災添新力6架全天候黑鷹直升機運抵高港202010071805
      >> 下載 https://www.cna.com.tw/news/asoc/202010070301.aspx, 守護海疆32年海巡福星艦光榮退役202010071816
      >> 下載 https://www.cna.com.tw/news/aopl/202010070361.aspx, 高加索衝突納哥諾卡拉巴克區半數人口流離失所202010072100
      >> 下載 https://www.cna.com.tw/news/firstnews/202010070306.aspx, 前北韓駐義代理大使投奔南韓近23年來層級最高202010071835
      >> 下載 https://www.cna.com.tw/news/asoc/202010070323.aspx, 機車闖國道3天4起騎士闖五堵段竟不理會提醒202010071913
      >> 下載 https://www.cna.com.tw/news/ahel/202010070305.aspx, 黃喉貂玉山趴趴走範圍最廣可達2個嘉義市大202010071833
      >> 下載 https://www.cna.com.tw/news/firstnews/202010070300.aspx, 伴李登輝見證36年政壇風雲大安警衛組解編202010071815
      >> 下載 https://www.cna.com.tw/news/aopl/202010070308.aspx, 美國又有白人警察射殺非裔公民遭控謀殺202010071840
      >> 下載 https://www.cna.com.tw/news/aopl/202010070053.aspx, 美副總統候選人辯論會CDC替彭斯健康背書202010071041
      >> 下載 https://www.cna.com.tw/news/ahel/202010070293.aspx, 屢傳自台出境被確診張上淳台灣社區查無問題202010071801
      >> 下載 https://www.cna.com.tw/news/aopl/202010070024.aspx, 拜登若川普仍染疫第2場辯論不該舉辦202010070838
      >> 下載 https://www.cna.com.tw/news/aloc/202010070231.aspx, 嘉縣農會辦特色菜發表會推產銷履歷農漁產品202010071629
      >> 下載 https://www.cna.com.tw/news/aopl/202010070260.aspx, 日政府擬購島供美軍艦載機訓練地方首長反對202010071726
      >> 下載 https://www.cna.com.tw/news/aipl/202010070185.aspx, 江啟臣著手規劃系列活動喚醒對光復節的重視202010071516
      >> 下載 https://www.cna.com.tw/news/aipl/202010070245.aspx, 李新穎赴義大利北部疫情重災區與僑胞慶雙十202010071652
      >> 下載 https://www.cna.com.tw/news/ahel/202010070246.aspx, 檢舉冒用台灣豬識別標章若屬實罰鍰2成作獎金202010071655
      >> 下載 https://www.cna.com.tw/news/ahel/202010070220.aspx, 國中營養午餐有塑膠條新北已調查檢驗未出爐202010071614
      >> 下載 https://www.cna.com.tw/news/firstnews/202010070194.aspx, 美國禁共產黨員入籍民運人士楊建利申請遭拒欲上訴202010071528
      >> 下載 https://www.cna.com.tw/news/aopl/202010070206.aspx, 美日澳印談抗中中使館多邊合作不是搞小圈子202010071549
      >> 下載 https://www.cna.com.tw/news/ahel/202010070178.aspx, 台大癌醫中心創院首例完成疫情中跨國骨髓移植202010071456
      >> 下載 https://www.cna.com.tw/news/ahel/202010070157.aspx, 9項國際發明展獲158金教育部肯定實作成就夢想202010071406
      >> 下載 https://www.cna.com.tw/news/ahel/202010070149.aspx, 中部7縣市首長攜手反瘦肉精美豬抗空污202010071358
      >> 下載 https://www.cna.com.tw/news/aopl/202010070174.aspx, 騰訊代理手遊遭印度禁絕地求生另尋電信商活路202010071450
      >> 下載 https://www.cna.com.tw/news/aopl/202010070171.aspx, 美媒德國高官曾怕傷關係壓下中國影響力報告202010071445
      >> 下載 https://www.cna.com.tw/news/aloc/202010070132.aspx, 國慶連假中市交通疏導加強景點及百貨商圈202010071326
      >> 下載 https://www.cna.com.tw/news/acul/202010070103.aspx, 連串爭議後打安全牌諾貝爾文學獎落非歐女性202010071214
      >> 下載 https://www.cna.com.tw/news/ahel/202010070142.aspx, 防蘆薈外皮傷肝腎食藥署僅限2種可做食品202010071341
      >> 下載 https://www.cna.com.tw/news/aopl/202010070140.aspx, 美聯準會主席更多政府金援有利經濟加速復甦202010071338
      >> 下載 https://www.cna.com.tw/news/aopl/202010070128.aspx, 極危險颶風將襲墨西哥海岸遊客居民疏散202010071315
      >> 下載 https://www.cna.com.tw/news/aipl/202010070030.aspx, 軍情局媒體報導局長徇私非事實不排除訴諸司法202010070909
      >> 下載 https://www.cna.com.tw/news/acn/202010070116.aspx, 澳門增設維護國安組織分析將有寒蟬效應202010071247
      >> 下載 https://www.cna.com.tw/news/aipl/202010070118.aspx, 立委提酒駕致人死傷先關3天內政部有疑慮202010071250
      >> 下載 https://www.cna.com.tw/news/afe/202010070088.aspx, 先進製程材料分析接單旺閎康第4季業績衝新高202010071143
      >> 下載 https://www.cna.com.tw/news/aopl/202010070076.aspx, 中國要求世衛推廣尚未完成試驗的疫苗202010071118
      >> 下載 https://www.cna.com.tw/news/aipl/202010070052.aspx, 提台美復交江啟臣回應國台辦對中華民族有益202010071034
      >> 下載 https://www.cna.com.tw/news/aopl/202010070046.aspx, 紐時萊特海澤對中國軟化成美台貿易談判障礙202010071013
      >> 下載 https://www.cna.com.tw/news/aopl/202010070032.aspx, 美國防部代理助理部長促美台國防供應鏈合作202010070915
      >> 下載 https://www.cna.com.tw/news/ahel/202010070019.aspx, 北東雲多偶飄雨中南日夜溫差大202010070810
      >> 下載 https://www.cna.com.tw/news/firstnews/202010075001.aspx, 早安世界台灣豬標章出爐方便辨別本地與進口肉品202010070715
      >> 下載 https://www.cna.com.tw/news/aipl/202010070014.aspx, 蕭美琴台灣戰略環境複雜謹慎發展台美關係202010070713
