     -----> 新聞爬蟲：自由時報電子報

           <<< 自由時報電子報新聞搜尋 >>>
        ------------------------------------------------------
        ------------------------------------------------------
       >> 搜尋關鍵字:"工業用"; 網址:"https://news.ltn.com.tw/search?keyword=工業用&conditions=and&start_time=2020-10-11&end_time=2020-10-12&page=1"
      >> Every thing goes well
         >>> 找到關鍵字 "工業用"; 文章資訊: 2020-10-12 00:00:00, 停業關廠遣散紡織大小廠哀嚎, https://news.ltn.com.tw/news/business/paper/1405474
         <<< 2020-10-12 沒有更多 "工業用" 相關的新聞 !!! >>>
        ------------------------------------------------------
       >> 搜尋關鍵字:"化工"; 網址:"https://news.ltn.com.tw/search?keyword=化工&conditions=and&start_time=2020-10-11&end_time=2020-10-12&page=1"
      >> Every thing goes well
         >>> 找到關鍵字 "化工"; 文章資訊: 2020-10-12 06:34:00, 1012各報重點新聞一覽, https://news.ltn.com.tw/news/life/breakingnews/3318378
         >>> 找到關鍵字 "化工"; 文章資訊: 2020-10-12 00:00:00, 交通部通過綜合規劃花東鐵路雙軌電氣化最快116年通車, https://news.ltn.com.tw/news/life/paper/1405347
         >>> 找到關鍵字 "化工"; 文章資訊: 2020-10-11 15:02:00, 颶風襲擊美墨西哥灣沿岸煉油廠受損, https://news.ltn.com.tw/news/business/breakingnews/3318008
         >>> 找到關鍵字 "化工"; 文章資訊: 2020-10-11 11:32:00, 優化學校圖書館北市投入近15億元, https://news.ltn.com.tw/news/life/breakingnews/3317848
        ------------------------------------------------------
       >> 搜尋關鍵字:"化工"; 網址:"https://news.ltn.com.tw/search?keyword=化工&conditions=and&start_time=2020-10-11&end_time=2020-10-12&page=2"
      >> get more than 1 element. Please confirm.
        ------------------------------------------------------
       >> 搜尋關鍵字:"化災"; 網址:"https://news.ltn.com.tw/search?keyword=化災&conditions=and&start_time=2020-10-11&end_time=2020-10-12&page=1"
      >> get more than 1 element. Please confirm.
        ------------------------------------------------------
       >> 搜尋關鍵字:"化學"; 網址:"https://news.ltn.com.tw/search?keyword=化學&conditions=and&start_time=2020-10-11&end_time=2020-10-12&page=1"
      >> Every thing goes well
         >>> 找到關鍵字 "化學"; 文章資訊: 2020-10-12 00:00:00, 消費控植萃髮則, https://news.ltn.com.tw/news/consumer/paper/1405477
         >>> 找到關鍵字 "化學"; 文章資訊: 2020-10-11 21:07:00, 維繫日本優勢富士住友開發最新EUV光阻劑, https://news.ltn.com.tw/news/business/breakingnews/3318233
         >>> 找到關鍵字 "化學"; 文章資訊: 2020-10-11 11:32:00, 優化學校圖書館北市投入近15億元, https://news.ltn.com.tw/news/life/breakingnews/3317848
         <<< 2020-10-12 沒有更多 "化學" 相關的新聞 !!! >>>
        ------------------------------------------------------
       >> 搜尋關鍵字:"外洩"; 網址:"https://news.ltn.com.tw/search?keyword=外洩&conditions=and&start_time=2020-10-11&end_time=2020-10-12&page=1"
      >> Every thing goes well
         >>> 找到關鍵字 "外洩"; 文章資訊: 2020-10-11 11:50:00, 被偷彰化伸港國中第二校區廁所沒辦法鎖警只是卡住了, https://news.ltn.com.tw/news/life/breakingnews/3317880
        ------------------------------------------------------
       >> 搜尋關鍵字:"外洩"; 網址:"https://news.ltn.com.tw/search?keyword=外洩&conditions=and&start_time=2020-10-11&end_time=2020-10-12&page=2"
      >> get more than 1 element. Please confirm.
        ------------------------------------------------------
       >> 搜尋關鍵字:"危害"; 網址:"https://news.ltn.com.tw/search?keyword=危害&conditions=and&start_time=2020-10-11&end_time=2020-10-12&page=1"
      >> Every thing goes well
         >>> 找到關鍵字 "危害"; 文章資訊: 2020-10-12 00:00:00, 本週熱點黨產協商15日再上桌, https://news.ltn.com.tw/news/politics/paper/1405470
         >>> 找到關鍵字 "危害"; 文章資訊: 2020-10-12 00:00:00, 被失蹤年餘李孟居現身向祖國認錯, https://news.ltn.com.tw/news/politics/paper/1405464
         >>> 找到關鍵字 "危害"; 文章資訊: 2020-10-12 00:00:00, 自由廣場譚慎格暗示, https://news.ltn.com.tw/news/opinion/paper/1405437
         >>> 找到關鍵字 "危害"; 文章資訊: 2020-10-12 00:00:00, 違建強拆收費新北今開出金額85萬, https://news.ltn.com.tw/news/life/paper/1405395
         >>> 找到關鍵字 "危害"; 文章資訊: 2020-10-11 21:46:00, 中國稱破獲數百起台諜案央視今晚公布李孟居被道歉影片, https://news.ltn.com.tw/news/politics/breakingnews/3318283
         >>> 找到關鍵字 "危害"; 文章資訊: 2020-10-11 20:14:00, 文攻武嚇央視中方抓獲台灣間諜情報人員, https://news.ltn.com.tw/news/politics/breakingnews/3318239
         >>> 找到關鍵字 "危害"; 文章資訊: 2020-10-11 17:39:00, 台東1天2起虎頭蜂螫人5人受傷送醫, https://news.ltn.com.tw/news/life/breakingnews/3318150
         >>> 找到關鍵字 "危害"; 文章資訊: 2020-10-11 16:10:00, 網拍什麼都賣什麼都詐得逞227次法官重刑10年, https://news.ltn.com.tw/news/society/breakingnews/3318087
         >>> 找到關鍵字 "危害"; 文章資訊: 2020-10-11 12:32:00, 分手後用前女友照片創帳號再散播私密影片不雅照, https://news.ltn.com.tw/news/society/breakingnews/3317919
         >>> 找到關鍵字 "危害"; 文章資訊: 2020-10-11 12:06:00, 萊豬進口9行政命令本週立院委員會開戰, https://news.ltn.com.tw/news/politics/breakingnews/3317893
         >>> 找到關鍵字 "危害"; 文章資訊: 2020-10-11 11:17:00, 中國將成聯國人權理事會成員英影子外相籲英政府勿支持, https://news.ltn.com.tw/news/world/breakingnews/3317767
         >>> 找到關鍵字 "危害"; 文章資訊: 2020-10-11 10:34:00, 新北首波違建強拆收費市庫可入帳85萬元, https://news.ltn.com.tw/news/life/breakingnews/3317811
         >>> 找到關鍵字 "危害"; 文章資訊: 2020-10-11 07:30:00, 習近平左轉回毛路線中共5中全會前掀批判聲浪, https://news.ltn.com.tw/news/business/breakingnews/3317659
         <<< 2020-10-12 沒有更多 "危害" 相關的新聞 !!! >>>
        ------------------------------------------------------
       >> 搜尋關鍵字:"有毒"; 網址:"https://news.ltn.com.tw/search?keyword=有毒&conditions=and&start_time=2020-10-11&end_time=2020-10-12&page=1"
      >> Every thing goes well
         <<< 2020-10-12 沒有更多 "有毒" 相關的新聞 !!! >>>
        ------------------------------------------------------
       >> 搜尋關鍵字:"有害"; 網址:"https://news.ltn.com.tw/search?keyword=有害&conditions=and&start_time=2020-10-11&end_time=2020-10-12&page=1"
      >> Every thing goes well
         >>> 找到關鍵字 "有害"; 文章資訊: 2020-10-12 07:17:00, 川普稱已對新冠病毒免疫推特貼警告標籤限制轉發, https://news.ltn.com.tw/news/world/breakingnews/3318376
         >>> 找到關鍵字 "有害"; 文章資訊: 2020-10-12 00:31:00, 武漢肺炎黎巴嫩封鎖169座村莊城鎮關閉所有夜店酒吧, https://news.ltn.com.tw/news/world/breakingnews/3318336
         >>> 找到關鍵字 "有害"; 文章資訊: 2020-10-11 15:59:00, 借來的賓士狠撞騎樓夭壽駕駛無照還酒駕, https://news.ltn.com.tw/news/society/breakingnews/3318067
         >>> 找到關鍵字 "有害"; 文章資訊: 2020-10-11 13:30:00, 國慶日烤肉疑喝茫苗栗男連撞毀3車其中1輛是BMW, https://news.ltn.com.tw/news/society/breakingnews/3317962
         >>> 找到關鍵字 "有害"; 文章資訊: 2020-10-11 12:52:00, 租屋房內飄滿鄰居二手菸PTT神人分享5步驟解決問題, https://news.ltn.com.tw/news/life/breakingnews/3317840
         >>> 找到關鍵字 "有害"; 文章資訊: 2020-10-11 08:10:00, 辛睿恩賭氣獻吻邕聖祐慘被挨虧性犯罪, https://news.ltn.com.tw/news/entertainment/breakingnews/3317713
         >>> 找到關鍵字 "有害"; 文章資訊: 2020-10-11 07:19:00, 徐若瑄3個月瘦3公斤自創暗黑料理嚇壞魏如萱, https://news.ltn.com.tw/news/entertainment/breakingnews/3317708
        ------------------------------------------------------
       >> 搜尋關鍵字:"有害"; 網址:"https://news.ltn.com.tw/search?keyword=有害&conditions=and&start_time=2020-10-11&end_time=2020-10-12&page=2"
      >> get more than 1 element. Please confirm.
        ------------------------------------------------------
       >> 搜尋關鍵字:"色料"; 網址:"https://news.ltn.com.tw/search?keyword=色料&conditions=and&start_time=2020-10-11&end_time=2020-10-12&page=1"
      >> get more than 1 element. Please confirm.
        ------------------------------------------------------
       >> 搜尋關鍵字:"色素"; 網址:"https://news.ltn.com.tw/search?keyword=色素&conditions=and&start_time=2020-10-11&end_time=2020-10-12&page=1"
      >> get more than 1 element. Please confirm.
        ------------------------------------------------------
       >> 搜尋關鍵字:"毒性"; 網址:"https://news.ltn.com.tw/search?keyword=毒性&conditions=and&start_time=2020-10-11&end_time=2020-10-12&page=1"
      >> Every thing goes well
         >>> 找到關鍵字 "毒性"; 文章資訊: 2020-10-12 00:00:00, 愛肝加油站診斷自體免疫性肝炎必要時需切片檢查, https://news.ltn.com.tw/news/health/paper/1405499
        ------------------------------------------------------
       >> 搜尋關鍵字:"毒性"; 網址:"https://news.ltn.com.tw/search?keyword=毒性&conditions=and&start_time=2020-10-11&end_time=2020-10-12&page=2"
      >> get more than 1 element. Please confirm.
        ------------------------------------------------------
       >> 搜尋關鍵字:"毒品"; 網址:"https://news.ltn.com.tw/search?keyword=毒品&conditions=and&start_time=2020-10-11&end_time=2020-10-12&page=1"
      >> Every thing goes well
         <<< 2020-10-12 沒有更多 "毒品" 相關的新聞 !!! >>>
        ------------------------------------------------------
       >> 搜尋關鍵字:"致癌"; 網址:"https://news.ltn.com.tw/search?keyword=致癌&conditions=and&start_time=2020-10-11&end_time=2020-10-12&page=1"
      >> Every thing goes well
         >>> 找到關鍵字 "致癌"; 文章資訊: 2020-10-12 07:14:00, 錦雯媽節儉吃隔夜菜險釀敗血症, https://news.ltn.com.tw/news/entertainment/breakingnews/3318385
        ------------------------------------------------------
       >> 搜尋關鍵字:"致癌"; 網址:"https://news.ltn.com.tw/search?keyword=致癌&conditions=and&start_time=2020-10-11&end_time=2020-10-12&page=2"
      >> get more than 1 element. Please confirm.
        ------------------------------------------------------
       >> 搜尋關鍵字:"重金屬"; 網址:"https://news.ltn.com.tw/search?keyword=重金屬&conditions=and&start_time=2020-10-11&end_time=2020-10-12&page=1"
      >> get more than 1 element. Please confirm.
        ------------------------------------------------------
       >> 搜尋關鍵字:"食安"; 網址:"https://news.ltn.com.tw/search?keyword=食安&conditions=and&start_time=2020-10-11&end_time=2020-10-12&page=1"
      >> Every thing goes well
         >>> 找到關鍵字 "食安"; 文章資訊: 2020-10-11 21:10:00, 找不到感染源中國爆大學諾羅病毒群聚感染封宿舍隔離, https://news.ltn.com.tw/news/world/breakingnews/3318187
         >>> 找到關鍵字 "食安"; 文章資訊: 2020-10-11 12:32:00, 林為洲拋改黨名國民黨發新聞稿從未成黨中央討論重心, https://news.ltn.com.tw/news/politics/breakingnews/3317910
         >>> 找到關鍵字 "食安"; 文章資訊: 2020-10-11 12:19:00, 玩大了婚宴魔術表演鴿子亂飛糞便滴落賓客高雄衛生局將稽查, https://news.ltn.com.tw/news/life/breakingnews/3317906
         <<< 2020-10-12 沒有更多 "食安" 相關的新聞 !!! >>>
        ------------------------------------------------------
       >> 搜尋關鍵字:"香料"; 網址:"https://news.ltn.com.tw/search?keyword=香料&conditions=and&start_time=2020-10-11&end_time=2020-10-12&page=1"
      >> get more than 1 element. Please confirm.
        ------------------------------------------------------
       >> 搜尋關鍵字:"原料"; 網址:"https://news.ltn.com.tw/search?keyword=原料&conditions=and&start_time=2020-10-11&end_time=2020-10-12&page=1"
      >> Every thing goes well
         >>> 找到關鍵字 "原料"; 文章資訊: 2020-10-12 00:00:00, 消費控植萃髮則, https://news.ltn.com.tw/news/consumer/paper/1405477
         >>> 找到關鍵字 "原料"; 文章資訊: 2020-10-12 00:00:00, 雲林鼻樑壓條加料香口罩消除異味, https://news.ltn.com.tw/news/life/paper/1405426
         >>> 找到關鍵字 "原料"; 文章資訊: 2020-10-11 12:06:00, 萊豬進口9行政命令本週立院委員會開戰, https://news.ltn.com.tw/news/politics/breakingnews/3317893
         >>> 找到關鍵字 "原料"; 文章資訊: 2020-10-11 11:40:00, 有香氣的口罩發明家研發出來了, https://news.ltn.com.tw/news/life/breakingnews/3317869
         <<< 2020-10-12 沒有更多 "原料" 相關的新聞 !!! >>>
        ------------------------------------------------------
       >> 搜尋關鍵字:"氣爆"; 網址:"https://news.ltn.com.tw/search?keyword=氣爆&conditions=and&start_time=2020-10-11&end_time=2020-10-12&page=1"
      >> Every thing goes well
         <<< 2020-10-12 沒有更多 "氣爆" 相關的新聞 !!! >>>
        ------------------------------------------------------
       >> 搜尋關鍵字:"添加物"; 網址:"https://news.ltn.com.tw/search?keyword=添加物&conditions=and&start_time=2020-10-11&end_time=2020-10-12&page=1"
      >> get more than 1 element. Please confirm.
        ------------------------------------------------------
       >> 搜尋關鍵字:"黑心"; 網址:"https://news.ltn.com.tw/search?keyword=黑心&conditions=and&start_time=2020-10-11&end_time=2020-10-12&page=1"
      >> get more than 1 element. Please confirm.
        ------------------------------------------------------
       >> 搜尋關鍵字:"漂白"; 網址:"https://news.ltn.com.tw/search?keyword=漂白&conditions=and&start_time=2020-10-11&end_time=2020-10-12&page=1"
      >> Every thing goes well
         >>> 找到關鍵字 "漂白"; 文章資訊: 2020-10-12 00:00:00, 曾涉逼單親媽賣淫案新主委我不是黑道, https://news.ltn.com.tw/news/society/paper/1405447
        ------------------------------------------------------
       >> 搜尋關鍵字:"漂白"; 網址:"https://news.ltn.com.tw/search?keyword=漂白&conditions=and&start_time=2020-10-11&end_time=2020-10-12&page=2"
      >> get more than 1 element. Please confirm.
        ------------------------------------------------------
       >> 搜尋關鍵字:"爆炸"; 網址:"https://news.ltn.com.tw/search?keyword=爆炸&conditions=and&start_time=2020-10-11&end_time=2020-10-12&page=1"
      >> Every thing goes well
         >>> 找到關鍵字 "爆炸"; 文章資訊: 2020-10-12 00:00:00, 濃煙竄天鋁鎂合金廠大火2傷, https://news.ltn.com.tw/news/society/paper/1405456
         >>> 找到關鍵字 "爆炸"; 文章資訊: 2020-10-12 00:31:00, 武漢肺炎黎巴嫩封鎖169座村莊城鎮關閉所有夜店酒吧, https://news.ltn.com.tw/news/world/breakingnews/3318336
         >>> 找到關鍵字 "爆炸"; 文章資訊: 2020-10-11 21:17:00, 武漢肺炎疾呼加強防疫袁國勇香港全民檢測效益差, https://news.ltn.com.tw/news/world/breakingnews/3318192
         >>> 找到關鍵字 "爆炸"; 文章資訊: 2020-10-11 13:40:00, 彰化鋁鎂合金工廠火警吊車人員從3米高嚇到墜地骨折, https://news.ltn.com.tw/news/society/breakingnews/3317973
        ------------------------------------------------------
       >> 搜尋關鍵字:"爆炸"; 網址:"https://news.ltn.com.tw/search?keyword=爆炸&conditions=and&start_time=2020-10-11&end_time=2020-10-12&page=2"
      >> get more than 1 element. Please confirm.
        ------------------------------------------------------
       >> 搜尋關鍵字:"新興"; 網址:"https://news.ltn.com.tw/search?keyword=新興&conditions=and&start_time=2020-10-11&end_time=2020-10-12&page=1"
      >> Every thing goes well
         >>> 找到關鍵字 "新興"; 文章資訊: 2020-10-12 00:00:00, 財經週報國際市場展望選前觀望氣氛濃厚宜多看少做, https://news.ltn.com.tw/news/weeklybiz/paper/1405492
         >>> 找到關鍵字 "新興"; 文章資訊: 2020-10-12 00:00:00, 停業關廠遣散紡織大小廠哀嚎, https://news.ltn.com.tw/news/business/paper/1405474
         >>> 找到關鍵字 "新興"; 文章資訊: 2020-10-11 23:39:00, 轎車違停騎樓卻在店門漆交大核准警不排除以詐欺送辦, https://news.ltn.com.tw/news/life/breakingnews/3318286
         >>> 找到關鍵字 "新興"; 文章資訊: 2020-10-11 21:34:00, 台灣基進設台北辦公室明首發公布修憲提案, https://news.ltn.com.tw/news/politics/breakingnews/3318282
         <<< 2020-10-12 沒有更多 "新興" 相關的新聞 !!! >>>
        ------------------------------------------------------
       >> 搜尋關鍵字:"爆裂物"; 網址:"https://news.ltn.com.tw/search?keyword=爆裂物&conditions=and&start_time=2020-10-11&end_time=2020-10-12&page=1"
      >> get more than 1 element. Please confirm.
        ------------------------------------------------------
       >> 搜尋關鍵字:"IED"; 網址:"https://news.ltn.com.tw/search?keyword=IED&conditions=and&start_time=2020-10-11&end_time=2020-10-12&page=1"
      >> Every thing goes well
         >>> 找到關鍵字 "IED"; 文章資訊: 2020-10-12 00:00:00, 中英對照讀新聞Keytobutterflyclimatesurvivalmaybecolourcoded氣候暖化蝴蝶顏色可能攸關其存亡, https://news.ltn.com.tw/news/world/paper/1405509
         >>> 找到關鍵字 "IED"; 文章資訊: 2020-10-12 00:00:00, 自由共和國劉佩真美祭中國停擺政策, https://news.ltn.com.tw/news/opinion/paper/1405432
         >>> 找到關鍵字 "IED"; 文章資訊: 2020-10-12 03:00:00, TAIPEITIMESGreenpowerdealstokeepbooming, https://news.ltn.com.tw/news/focus/breakingnews/3318327
         >>> 找到關鍵字 "IED"; 文章資訊: 2020-10-11 22:59:00, MLB相隔19年返國聯冠軍戰勇士公布前3戰先發輪值, https://news.ltn.com.tw/news/sports/breakingnews/3318315
         >>> 找到關鍵字 "IED"; 文章資訊: 2020-10-11 09:36:00, 服裝太過淫蕩美國女子登機被迫套衣服遮羞, https://news.ltn.com.tw/news/world/breakingnews/3317773
         <<< 2020-10-12 沒有更多 "IED" 相關的新聞 !!! >>>
        ------------------------------------------------------
       >> 搜尋關鍵字:"排放"; 網址:"https://news.ltn.com.tw/search?keyword=排放&conditions=and&start_time=2020-10-11&end_time=2020-10-12&page=1"
      >> Every thing goes well
         >>> 找到關鍵字 "排放"; 文章資訊: 2020-10-12 00:00:00, 財經週報台股盤勢解析趨勢維持向上觀察美紓困案及疫苗, https://news.ltn.com.tw/news/weeklybiz/paper/1405491
         >>> 找到關鍵字 "排放"; 文章資訊: 2020-10-11 14:20:00, TED大會談氣候變遷教宗不能像擠柳丁一樣壓榨地球, https://news.ltn.com.tw/news/world/breakingnews/3317807
         >>> 找到關鍵字 "排放"; 文章資訊: 2020-10-11 11:48:00, 1公里3個平交道保生大帝千眾爺公陸續降旨辦謝土, https://news.ltn.com.tw/news/life/breakingnews/3317875
        ------------------------------------------------------
       >> 搜尋關鍵字:"排放"; 網址:"https://news.ltn.com.tw/search?keyword=排放&conditions=and&start_time=2020-10-11&end_time=2020-10-12&page=2"
      >> get more than 1 element. Please confirm.
        ------------------------------------------------------
       >> 搜尋關鍵字:"污染"; 網址:"https://news.ltn.com.tw/search?keyword=污染&conditions=and&start_time=2020-10-11&end_time=2020-10-12&page=1"
      >> Every thing goes well
         >>> 找到關鍵字 "污染"; 文章資訊: 2020-10-12 06:42:00, 北北基宜豪大雨特報中南部慎防日夜溫差, https://news.ltn.com.tw/news/life/breakingnews/3318375
         >>> 找到關鍵字 "污染"; 文章資訊: 2020-10-12 00:00:00, 新生兒染沙門氏菌餵食沒洗手惹禍, https://news.ltn.com.tw/news/health/paper/1405501
         >>> 找到關鍵字 "污染"; 文章資訊: 2020-10-12 00:00:00, 台東編列200萬助養豬場改善設施, https://news.ltn.com.tw/news/life/paper/1405374
         >>> 找到關鍵字 "污染"; 文章資訊: 2020-10-11 22:01:00, 週一北海岸東部陰有陣雨西半部溫暖好天氣, https://news.ltn.com.tw/news/life/breakingnews/3318262
         >>> 找到關鍵字 "污染"; 文章資訊: 2020-10-11 16:28:00, 午後空氣品質變差高屏11測站亮橘燈, https://news.ltn.com.tw/news/life/breakingnews/3318111
         >>> 找到關鍵字 "污染"; 文章資訊: 2020-10-11 14:42:00, 出生10天染沙門氏菌併發敗血症疑是家長餵食未洗手惹禍, https://news.ltn.com.tw/news/health/breakingnews/3318021
         <<< 2020-10-12 沒有更多 "污染" 相關的新聞 !!! >>>
        ------------------------------------------------------
       >> 搜尋關鍵字:"廢水"; 網址:"https://news.ltn.com.tw/search?keyword=廢水&conditions=and&start_time=2020-10-11&end_time=2020-10-12&page=1"
      >> Every thing goes well
         >>> 找到關鍵字 "廢水"; 文章資訊: 2020-10-12 00:00:00, 台東編列200萬助養豬場改善設施, https://news.ltn.com.tw/news/life/paper/1405374
         <<< 2020-10-12 沒有更多 "廢水" 相關的新聞 !!! >>>
        ------------------------------------------------------
       >> 搜尋關鍵字:"污水"; 網址:"https://news.ltn.com.tw/search?keyword=污水&conditions=and&start_time=2020-10-11&end_time=2020-10-12&page=1"
      >> get more than 1 element. Please confirm.
        ------------------------------------------------------
       >> 搜尋關鍵字:"洩漏"; 網址:"https://news.ltn.com.tw/search?keyword=洩漏&conditions=and&start_time=2020-10-11&end_time=2020-10-12&page=1"
      >> get more than 1 element. Please confirm.
        ------------------------------------------------------
       >> 搜尋關鍵字:"暗管"; 網址:"https://news.ltn.com.tw/search?keyword=暗管&conditions=and&start_time=2020-10-11&end_time=2020-10-12&page=1"
      >> get more than 1 element. Please confirm.
        ------------------------------------------------------
       >> 搜尋關鍵字:"偷排"; 網址:"https://news.ltn.com.tw/search?keyword=偷排&conditions=and&start_time=2020-10-11&end_time=2020-10-12&page=1"
      >> get more than 1 element. Please confirm.
        ------------------------------------------------------
       >> 搜尋關鍵字:"安全"; 網址:"https://news.ltn.com.tw/search?keyword=安全&conditions=and&start_time=2020-10-11&end_time=2020-10-12&page=1"
      >> Every thing goes well
         >>> 找到關鍵字 "安全"; 文章資訊: 2020-10-12 00:00:00, 拜登除非舞弊否則我不會輸, https://news.ltn.com.tw/news/world/paper/1405503
         >>> 找到關鍵字 "安全"; 文章資訊: 2020-10-12 00:00:00, 白宮御醫背書川普已無傳染力重啟選戰行程, https://news.ltn.com.tw/news/world/paper/1405502
         >>> 找到關鍵字 "安全"; 文章資訊: 2020-10-12 00:00:00, 消費控涼爽去汙不油膩, https://news.ltn.com.tw/news/consumer/paper/1405478
         >>> 找到關鍵字 "安全"; 文章資訊: 2020-10-12 00:00:00, 企業召訓補貼應視公司規模有別, https://news.ltn.com.tw/news/politics/paper/1405467
         >>> 找到關鍵字 "安全"; 文章資訊: 2020-10-12 00:00:00, 李孟居被認錯陸委會轟中方誣陷惡意政治炒作, https://news.ltn.com.tw/news/politics/paper/1405465
         >>> 找到關鍵字 "安全"; 文章資訊: 2020-10-12 00:00:00, 被失蹤年餘李孟居現身向祖國認錯, https://news.ltn.com.tw/news/politics/paper/1405464
         >>> 找到關鍵字 "安全"; 文章資訊: 2020-10-12 00:00:00, 江啟臣去中國化在黨內並無共識, https://news.ltn.com.tw/news/politics/paper/1405460
         >>> 找到關鍵字 "安全"; 文章資訊: 2020-10-12 00:00:00, 等不到6天後全民運龍舟女選手騎車撞電桿不治, https://news.ltn.com.tw/news/society/paper/1405455
         >>> 找到關鍵字 "安全"; 文章資訊: 2020-10-12 00:00:00, 偷拍甜女警洗澡攝狼竟是男同事, https://news.ltn.com.tw/news/society/paper/1405452
         >>> 找到關鍵字 "安全"; 文章資訊: 2020-10-12 00:00:00, 法界觀點婚姻觸礁難歸責雙方可訴離, https://news.ltn.com.tw/news/society/paper/1405450
         >>> 找到關鍵字 "安全"; 文章資訊: 2020-10-12 00:00:00, 自由廣場安倍兄弟接棒的中國包圍網, https://news.ltn.com.tw/news/opinion/paper/1405441
         >>> 找到關鍵字 "安全"; 文章資訊: 2020-10-12 00:00:00, 自由廣場譚慎格暗示, https://news.ltn.com.tw/news/opinion/paper/1405437
         >>> 找到關鍵字 "安全"; 文章資訊: 2020-10-12 00:00:00, 桃園乙未公園施工圍籬沒人行道人車爭道, https://news.ltn.com.tw/news/life/paper/1405411
         >>> 找到關鍵字 "安全"; 文章資訊: 2020-10-12 00:00:00, 二林風箏節20多種風箏天空競豔, https://news.ltn.com.tw/news/life/paper/1405401
         >>> 找到關鍵字 "安全"; 文章資訊: 2020-10-12 00:00:00, 新北市人行道今起禁行電動單車, https://news.ltn.com.tw/news/life/paper/1405396
        ------------------------------------------------------
       >> 搜尋關鍵字:"安全"; 網址:"https://news.ltn.com.tw/search?keyword=安全&conditions=and&start_time=2020-10-11&end_time=2020-10-12&page=2"
      >> Every thing goes well
         >>> 找到關鍵字 "安全"; 文章資訊: 2020-10-12 00:00:00, 違建強拆收費新北今開出金額85萬, https://news.ltn.com.tw/news/life/paper/1405395
         >>> 找到關鍵字 "安全"; 文章資訊: 2020-10-12 00:00:00, 華光特區開路移植受保樹民籲保留, https://news.ltn.com.tw/news/life/paper/1405369
         >>> 找到關鍵字 "安全"; 文章資訊: 2020-10-12 00:00:00, 安養所3死火警未懲處北市府會提名單, https://news.ltn.com.tw/news/life/paper/1405367
         >>> 找到關鍵字 "安全"; 文章資訊: 2020-10-12 00:00:00, 藝術文化鋼琴巨星北中高巡演台中歌劇院成防疫專屬休息站, https://news.ltn.com.tw/news/supplement/paper/1405327
         >>> 找到關鍵字 "安全"; 文章資訊: 2020-10-12 01:11:00, 中國對台灣動武學者恐怕像慈禧遇八國聯軍, https://news.ltn.com.tw/news/politics/breakingnews/3318357
         >>> 找到關鍵字 "安全"; 文章資訊: 2020-10-12 00:34:00, 桃市公共工程推友善工區圍籬議員酸這條路出現對照版, https://news.ltn.com.tw/news/life/breakingnews/3318350
         >>> 找到關鍵字 "安全"; 文章資訊: 2020-10-12 00:03:00, 枋寮鄉政顧問變間諜還被道歉王定宇轟中國羅織罪名如恐怖組織, https://news.ltn.com.tw/news/politics/breakingnews/3318322
         >>> 找到關鍵字 "安全"; 文章資訊: 2020-10-11 23:41:00, 中國央視稱偵破台諜案國安局國安事項持續關注發展, https://news.ltn.com.tw/news/politics/breakingnews/3318330
         >>> 找到關鍵字 "安全"; 文章資訊: 2020-10-11 23:39:00, 轎車違停騎樓卻在店門漆交大核准警不排除以詐欺送辦, https://news.ltn.com.tw/news/life/breakingnews/3318286
         >>> 找到關鍵字 "安全"; 文章資訊: 2020-10-11 23:10:00, 國民黨提案與美國復交寇謐將未來立場還是問號, https://news.ltn.com.tw/news/politics/breakingnews/3318186
         >>> 找到關鍵字 "安全"; 文章資訊: 2020-10-11 23:02:00, 謝謝你們陳其邁臉書憑弔烈嶼戰車翻覆殉職中士, https://news.ltn.com.tw/news/politics/breakingnews/3318321
         >>> 找到關鍵字 "安全"; 文章資訊: 2020-10-11 22:59:00, 中共稱抓到台獨骨幹份子台灣聯合國協進會批太可笑, https://news.ltn.com.tw/news/politics/breakingnews/3318308
         >>> 找到關鍵字 "安全"; 文章資訊: 2020-10-11 22:52:00, 桃園捷運綠線工程深夜施工擾民捷工局灌漿工程不能停, https://news.ltn.com.tw/news/life/breakingnews/3318291
         >>> 找到關鍵字 "安全"; 文章資訊: 2020-10-11 22:43:00, 弔唁殉職戰士林楷強陳其邁感謝軍警消守護家園, https://news.ltn.com.tw/news/politics/breakingnews/3318301
         >>> 找到關鍵字 "安全"; 文章資訊: 2020-10-11 21:49:00, 西方政策被中共證明錯誤柯拉克籲脫下美化中國濾鏡, https://news.ltn.com.tw/news/world/breakingnews/3318249
        ------------------------------------------------------
       >> 搜尋關鍵字:"安全"; 網址:"https://news.ltn.com.tw/search?keyword=安全&conditions=and&start_time=2020-10-11&end_time=2020-10-12&page=3"
      >> Every thing goes well
         >>> 找到關鍵字 "安全"; 文章資訊: 2020-10-11 21:46:00, 中國稱破獲數百起台諜案央視今晚公布李孟居被道歉影片, https://news.ltn.com.tw/news/politics/breakingnews/3318283
         >>> 找到關鍵字 "安全"; 文章資訊: 2020-10-11 21:10:00, 找不到感染源中國爆大學諾羅病毒群聚感染封宿舍隔離, https://news.ltn.com.tw/news/world/breakingnews/3318187
         >>> 找到關鍵字 "安全"; 文章資訊: 2020-10-11 20:14:00, 文攻武嚇央視中方抓獲台灣間諜情報人員, https://news.ltn.com.tw/news/politics/breakingnews/3318239
         >>> 找到關鍵字 "安全"; 文章資訊: 2020-10-11 19:48:00, 讚小英國慶演講架構完整前親民黨文膽不辣但厚重, https://news.ltn.com.tw/news/politics/breakingnews/3318174
         >>> 找到關鍵字 "安全"; 文章資訊: 2020-10-11 19:11:00, 爸傻眼了12歲童在房間實現核融合破金氏世界紀錄, https://news.ltn.com.tw/news/world/breakingnews/3318136
         >>> 找到關鍵字 "安全"; 文章資訊: 2020-10-11 18:44:00, 大里新生現岱路頻傳爆管下週汰管千戶受惠, https://news.ltn.com.tw/news/life/breakingnews/3318170
         >>> 找到關鍵字 "安全"; 文章資訊: 2020-10-11 18:38:00, 中國兩艘海警船入釣魚台海域日方強化警戒, https://news.ltn.com.tw/news/world/breakingnews/3318213
         >>> 找到關鍵字 "安全"; 文章資訊: 2020-10-11 17:55:00, 中職Live高國輝3人猛打賞擊垮桃猿悍將打擊大混戰勝出, https://news.ltn.com.tw/news/sports/breakingnews/3317879
         >>> 找到關鍵字 "安全"; 文章資訊: 2020-10-11 17:28:00, 國慶連假收假國1彰化段11起車禍車潮晚間7點後可望紓解, https://news.ltn.com.tw/news/life/breakingnews/3318166
         >>> 找到關鍵字 "安全"; 文章資訊: 2020-10-11 16:38:00, 不用怕捲上天二林風箏節規劃3專區大手牽小手開心又安全, https://news.ltn.com.tw/news/life/breakingnews/3318080
         >>> 找到關鍵字 "安全"; 文章資訊: 2020-10-11 16:02:00, 自小客行經路口未減速猛撞休旅車翻一圈半撞燈桿才停, https://news.ltn.com.tw/news/society/breakingnews/3318076
         >>> 找到關鍵字 "安全"; 文章資訊: 2020-10-11 14:20:00, ABC華郵10月民調川普輸拜登12和當時對壘希拉蕊一樣, https://news.ltn.com.tw/news/world/breakingnews/3317940
         >>> 找到關鍵字 "安全"; 文章資訊: 2020-10-11 14:07:00, 公車駕駛疑疲勞駕駛不慎撞上前方停等紅燈的3輛小客車, https://news.ltn.com.tw/news/society/breakingnews/3318002
         >>> 找到關鍵字 "安全"; 文章資訊: 2020-10-11 13:59:00, 高美濕地木棧道102129封閉維護102425假日開放, https://news.ltn.com.tw/news/life/breakingnews/3317984
         >>> 找到關鍵字 "安全"; 文章資訊: 2020-10-11 13:09:00, 黨名去中國江啟臣黨內無共識現階段改革重於改名, https://news.ltn.com.tw/news/politics/breakingnews/3317950
        ------------------------------------------------------
       >> 搜尋關鍵字:"安全"; 網址:"https://news.ltn.com.tw/search?keyword=安全&conditions=and&start_time=2020-10-11&end_time=2020-10-12&page=4"
      >> Every thing goes well
         >>> 找到關鍵字 "安全"; 文章資訊: 2020-10-11 13:01:00, 台灣限定詐騙防衛隊銀髮族玩桌遊瓦解詐團陰謀, https://news.ltn.com.tw/news/society/breakingnews/3317942
         >>> 找到關鍵字 "安全"; 文章資訊: 2020-10-11 12:57:00, 調查4成日企曾遭網路攻擊受害金額平均逾3872萬, https://news.ltn.com.tw/news/business/breakingnews/3317889
         >>> 找到關鍵字 "安全"; 文章資訊: 2020-10-11 12:52:00, 租屋房內飄滿鄰居二手菸PTT神人分享5步驟解決問題, https://news.ltn.com.tw/news/life/breakingnews/3317840
         >>> 找到關鍵字 "安全"; 文章資訊: 2020-10-11 12:49:00, 疑煙火釀禍國慶夜雲林台子港區失火幸無人傷亡, https://news.ltn.com.tw/news/society/breakingnews/3317932
         >>> 找到關鍵字 "安全"; 文章資訊: 2020-10-11 12:37:00, 新北瑞芳圖書館入厝開館在地文化活動起跑, https://news.ltn.com.tw/news/life/breakingnews/3317924
         >>> 找到關鍵字 "安全"; 文章資訊: 2020-10-11 12:32:00, 林為洲拋改黨名國民黨發新聞稿從未成黨中央討論重心, https://news.ltn.com.tw/news/politics/breakingnews/3317910
         >>> 找到關鍵字 "安全"; 文章資訊: 2020-10-11 12:32:00, 分手後用前女友照片創帳號再散播私密影片不雅照, https://news.ltn.com.tw/news/society/breakingnews/3317919
         >>> 找到關鍵字 "安全"; 文章資訊: 2020-10-11 12:20:00, 三令五申也沒用合歡山武嶺亭遊客照樣跨越危險區拍照, https://news.ltn.com.tw/news/life/breakingnews/3317898
         >>> 找到關鍵字 "安全"; 文章資訊: 2020-10-11 12:06:00, 中菲外交部長雲南會面後菲律賓聲明兩國重申牢固關係, https://news.ltn.com.tw/news/world/breakingnews/3317830
         >>> 找到關鍵字 "安全"; 文章資訊: 2020-10-11 12:06:00, 金正恩閱兵秀軍武讚0確診激動落淚, https://news.ltn.com.tw/news/world/breakingnews/3317762
         >>> 找到關鍵字 "安全"; 文章資訊: 2020-10-11 11:39:00, 自由開講總統國慶演說盼朝野合作升溫國民黨卻仍流於抹黑謾罵, https://news.ltn.com.tw/news/opinion/breakingnews/3317877
         >>> 找到關鍵字 "安全"; 文章資訊: 2020-10-11 11:30:00, 中市環消聯防師稽查資源回收場目前有３家未改善, https://news.ltn.com.tw/news/life/breakingnews/3317850
         >>> 找到關鍵字 "安全"; 文章資訊: 2020-10-11 11:06:00, 國慶疏運打幾分林佳龍這次國道確實比較順暢, https://news.ltn.com.tw/news/life/breakingnews/3317833
         >>> 找到關鍵字 "安全"; 文章資訊: 2020-10-11 10:54:00, 12年與學校交戰數十回合台東1教師遭資遣爭國賠999萬敗訴定讞, https://news.ltn.com.tw/news/society/breakingnews/3317823
         >>> 找到關鍵字 "安全"; 文章資訊: 2020-10-11 10:44:00, 駭進電腦或手機落伍了智慧咖啡機恐被駭客入侵勒索金錢, https://news.ltn.com.tw/news/world/breakingnews/3317808
        ------------------------------------------------------
       >> 搜尋關鍵字:"安全"; 網址:"https://news.ltn.com.tw/search?keyword=安全&conditions=and&start_time=2020-10-11&end_time=2020-10-12&page=5"
      >> Every thing goes well
         >>> 找到關鍵字 "安全"; 文章資訊: 2020-10-11 10:34:00, 新北首波違建強拆收費市庫可入帳85萬元, https://news.ltn.com.tw/news/life/breakingnews/3317811
         >>> 找到關鍵字 "安全"; 文章資訊: 2020-10-11 09:55:00, 自信爆棚拜登我輸掉的唯一可能是有人用奧步, https://news.ltn.com.tw/news/world/breakingnews/3317788
         >>> 找到關鍵字 "安全"; 文章資訊: 2020-10-11 09:47:00, 開幕第2天就大停電台電台中總站夜市違章用電, https://news.ltn.com.tw/news/business/breakingnews/3317789
         >>> 找到關鍵字 "安全"; 文章資訊: 2020-10-11 09:36:00, 服裝太過淫蕩美國女子登機被迫套衣服遮羞, https://news.ltn.com.tw/news/world/breakingnews/3317773
         >>> 找到關鍵字 "安全"; 文章資訊: 2020-10-11 08:30:00, 鋼琴巨星北中高巡演台中歌劇院成防疫專屬休息站, https://news.ltn.com.tw/news/entertainment/breakingnews/3317733
         >>> 找到關鍵字 "安全"; 文章資訊: 2020-10-11 07:30:00, 習近平左轉回毛路線中共5中全會前掀批判聲浪, https://news.ltn.com.tw/news/business/breakingnews/3317659
         <<< 2020-10-12 沒有更多 "安全" 相關的新聞 !!! >>>
        ------------------------------------------------------
       >> 搜尋關鍵字:"槽車"; 網址:"https://news.ltn.com.tw/search?keyword=槽車&conditions=and&start_time=2020-10-11&end_time=2020-10-12&page=1"
      >> get more than 1 element. Please confirm.
       >> 檔案輸出
        ------------------------------------------------------
      >> 下載新聞內容
      >> 下載 https://news.ltn.com.tw/news/business/paper/1405474, 停業關廠遣散紡織大小廠哀嚎
      >> 找不到新聞內容，可能是新聞的格式不同所致。
      >> 下載 https://news.ltn.com.tw/news/life/breakingnews/3318378, 1012各報重點新聞一覽
      >> 下載 https://news.ltn.com.tw/news/life/paper/1405347, 交通部通過綜合規劃花東鐵路雙軌電氣化最快116年通車
      >> 下載 https://news.ltn.com.tw/news/business/breakingnews/3318008, 颶風襲擊美墨西哥灣沿岸煉油廠受損
      >> 找不到新聞內容，可能是新聞的格式不同所致。
      >> 下載 https://news.ltn.com.tw/news/life/breakingnews/3317848, 優化學校圖書館北市投入近15億元
      >> 下載 https://news.ltn.com.tw/news/consumer/paper/1405477, 消費控植萃髮則
      >> 下載 https://news.ltn.com.tw/news/business/breakingnews/3318233, 維繫日本優勢富士住友開發最新EUV光阻劑
      >> 找不到新聞內容，可能是新聞的格式不同所致。
      >> 下載 https://news.ltn.com.tw/news/life/breakingnews/3317848, 優化學校圖書館北市投入近15億元
      >> 下載 https://news.ltn.com.tw/news/life/breakingnews/3317880, 被偷彰化伸港國中第二校區廁所沒辦法鎖警只是卡住了
      >> 下載 https://news.ltn.com.tw/news/politics/paper/1405470, 本週熱點黨產協商15日再上桌
      >> 下載 https://news.ltn.com.tw/news/politics/paper/1405464, 被失蹤年餘李孟居現身向祖國認錯
      >> 下載 https://news.ltn.com.tw/news/opinion/paper/1405437, 自由廣場譚慎格暗示
      >> 下載 https://news.ltn.com.tw/news/life/paper/1405395, 違建強拆收費新北今開出金額85萬
      >> 下載 https://news.ltn.com.tw/news/politics/breakingnews/3318283, 中國稱破獲數百起台諜案央視今晚公布李孟居被道歉影片
      >> 下載 https://news.ltn.com.tw/news/politics/breakingnews/3318239, 文攻武嚇央視中方抓獲台灣間諜情報人員
      >> 下載 https://news.ltn.com.tw/news/life/breakingnews/3318150, 台東1天2起虎頭蜂螫人5人受傷送醫
      >> 下載 https://news.ltn.com.tw/news/society/breakingnews/3318087, 網拍什麼都賣什麼都詐得逞227次法官重刑10年
      >> 下載 https://news.ltn.com.tw/news/society/breakingnews/3317919, 分手後用前女友照片創帳號再散播私密影片不雅照
      >> 下載 https://news.ltn.com.tw/news/politics/breakingnews/3317893, 萊豬進口9行政命令本週立院委員會開戰
      >> 下載 https://news.ltn.com.tw/news/world/breakingnews/3317767, 中國將成聯國人權理事會成員英影子外相籲英政府勿支持
      >> 下載 https://news.ltn.com.tw/news/life/breakingnews/3317811, 新北首波違建強拆收費市庫可入帳85萬元
      >> 下載 https://news.ltn.com.tw/news/business/breakingnews/3317659, 習近平左轉回毛路線中共5中全會前掀批判聲浪
      >> 找不到新聞內容，可能是新聞的格式不同所致。
      >> 下載 https://news.ltn.com.tw/news/world/breakingnews/3318376, 川普稱已對新冠病毒免疫推特貼警告標籤限制轉發
      >> 下載 https://news.ltn.com.tw/news/world/breakingnews/3318336, 武漢肺炎黎巴嫩封鎖169座村莊城鎮關閉所有夜店酒吧
      >> 下載 https://news.ltn.com.tw/news/society/breakingnews/3318067, 借來的賓士狠撞騎樓夭壽駕駛無照還酒駕
      >> 下載 https://news.ltn.com.tw/news/society/breakingnews/3317962, 國慶日烤肉疑喝茫苗栗男連撞毀3車其中1輛是BMW
      >> 下載 https://news.ltn.com.tw/news/life/breakingnews/3317840, 租屋房內飄滿鄰居二手菸PTT神人分享5步驟解決問題
      >> 下載 https://news.ltn.com.tw/news/entertainment/breakingnews/3317713, 辛睿恩賭氣獻吻邕聖祐慘被挨虧性犯罪
      >> 找不到新聞內容，可能是新聞的格式不同所致。
      >> 下載 https://news.ltn.com.tw/news/entertainment/breakingnews/3317708, 徐若瑄3個月瘦3公斤自創暗黑料理嚇壞魏如萱
      >> 找不到新聞內容，可能是新聞的格式不同所致。
      >> 下載 https://news.ltn.com.tw/news/health/paper/1405499, 愛肝加油站診斷自體免疫性肝炎必要時需切片檢查
      >> 下載 https://news.ltn.com.tw/news/entertainment/breakingnews/3318385, 錦雯媽節儉吃隔夜菜險釀敗血症
      >> 找不到新聞內容，可能是新聞的格式不同所致。
      >> 下載 https://news.ltn.com.tw/news/world/breakingnews/3318187, 找不到感染源中國爆大學諾羅病毒群聚感染封宿舍隔離
      >> 下載 https://news.ltn.com.tw/news/politics/breakingnews/3317910, 林為洲拋改黨名國民黨發新聞稿從未成黨中央討論重心
      >> 下載 https://news.ltn.com.tw/news/life/breakingnews/3317906, 玩大了婚宴魔術表演鴿子亂飛糞便滴落賓客高雄衛生局將稽查
      >> 下載 https://news.ltn.com.tw/news/consumer/paper/1405477, 消費控植萃髮則
      >> 找不到新聞內容，可能是新聞的格式不同所致。
      >> 下載 https://news.ltn.com.tw/news/life/paper/1405426, 雲林鼻樑壓條加料香口罩消除異味
      >> 下載 https://news.ltn.com.tw/news/politics/breakingnews/3317893, 萊豬進口9行政命令本週立院委員會開戰
      >> 下載 https://news.ltn.com.tw/news/life/breakingnews/3317869, 有香氣的口罩發明家研發出來了
      >> 下載 https://news.ltn.com.tw/news/society/paper/1405447, 曾涉逼單親媽賣淫案新主委我不是黑道
      >> 下載 https://news.ltn.com.tw/news/society/paper/1405456, 濃煙竄天鋁鎂合金廠大火2傷
      >> 下載 https://news.ltn.com.tw/news/world/breakingnews/3318336, 武漢肺炎黎巴嫩封鎖169座村莊城鎮關閉所有夜店酒吧
      >> 下載 https://news.ltn.com.tw/news/world/breakingnews/3318192, 武漢肺炎疾呼加強防疫袁國勇香港全民檢測效益差
      >> 下載 https://news.ltn.com.tw/news/society/breakingnews/3317973, 彰化鋁鎂合金工廠火警吊車人員從3米高嚇到墜地骨折
      >> 下載 https://news.ltn.com.tw/news/weeklybiz/paper/1405492, 財經週報國際市場展望選前觀望氣氛濃厚宜多看少做
      >> 找不到新聞內容，可能是新聞的格式不同所致。
      >> 下載 https://news.ltn.com.tw/news/business/paper/1405474, 停業關廠遣散紡織大小廠哀嚎
      >> 找不到新聞內容，可能是新聞的格式不同所致。
      >> 下載 https://news.ltn.com.tw/news/life/breakingnews/3318286, 轎車違停騎樓卻在店門漆交大核准警不排除以詐欺送辦
      >> 下載 https://news.ltn.com.tw/news/politics/breakingnews/3318282, 台灣基進設台北辦公室明首發公布修憲提案
      >> 下載 https://news.ltn.com.tw/news/world/paper/1405509, 中英對照讀新聞Keytobutterflyclimatesurvivalmaybecolourcoded氣候暖化蝴蝶顏色可能攸關其存亡
      >> 下載 https://news.ltn.com.tw/news/opinion/paper/1405432, 自由共和國劉佩真美祭中國停擺政策
      >> 下載 https://news.ltn.com.tw/news/focus/breakingnews/3318327, TAIPEITIMESGreenpowerdealstokeepbooming
      >> 下載 https://news.ltn.com.tw/news/sports/breakingnews/3318315, MLB相隔19年返國聯冠軍戰勇士公布前3戰先發輪值
      >> 下載 https://news.ltn.com.tw/news/world/breakingnews/3317773, 服裝太過淫蕩美國女子登機被迫套衣服遮羞
      >> 下載 https://news.ltn.com.tw/news/weeklybiz/paper/1405491, 財經週報台股盤勢解析趨勢維持向上觀察美紓困案及疫苗
      >> 找不到新聞內容，可能是新聞的格式不同所致。
      >> 下載 https://news.ltn.com.tw/news/world/breakingnews/3317807, TED大會談氣候變遷教宗不能像擠柳丁一樣壓榨地球
      >> 下載 https://news.ltn.com.tw/news/life/breakingnews/3317875, 1公里3個平交道保生大帝千眾爺公陸續降旨辦謝土
      >> 下載 https://news.ltn.com.tw/news/life/breakingnews/3318375, 北北基宜豪大雨特報中南部慎防日夜溫差
      >> 下載 https://news.ltn.com.tw/news/health/paper/1405501, 新生兒染沙門氏菌餵食沒洗手惹禍
      >> 下載 https://news.ltn.com.tw/news/life/paper/1405374, 台東編列200萬助養豬場改善設施
      >> 下載 https://news.ltn.com.tw/news/life/breakingnews/3318262, 週一北海岸東部陰有陣雨西半部溫暖好天氣
      >> 下載 https://news.ltn.com.tw/news/life/breakingnews/3318111, 午後空氣品質變差高屏11測站亮橘燈
      >> 下載 https://news.ltn.com.tw/news/health/breakingnews/3318021, 出生10天染沙門氏菌併發敗血症疑是家長餵食未洗手惹禍
      >> 找不到新聞內容，可能是新聞的格式不同所致。
      >> 下載 https://news.ltn.com.tw/news/life/paper/1405374, 台東編列200萬助養豬場改善設施
      >> 下載 https://news.ltn.com.tw/news/world/paper/1405503, 拜登除非舞弊否則我不會輸
      >> 下載 https://news.ltn.com.tw/news/world/paper/1405502, 白宮御醫背書川普已無傳染力重啟選戰行程
      >> 下載 https://news.ltn.com.tw/news/consumer/paper/1405478, 消費控涼爽去汙不油膩
      >> 下載 https://news.ltn.com.tw/news/politics/paper/1405467, 企業召訓補貼應視公司規模有別
      >> 下載 https://news.ltn.com.tw/news/politics/paper/1405465, 李孟居被認錯陸委會轟中方誣陷惡意政治炒作
      >> 下載 https://news.ltn.com.tw/news/politics/paper/1405464, 被失蹤年餘李孟居現身向祖國認錯
      >> 下載 https://news.ltn.com.tw/news/politics/paper/1405460, 江啟臣去中國化在黨內並無共識
      >> 下載 https://news.ltn.com.tw/news/society/paper/1405455, 等不到6天後全民運龍舟女選手騎車撞電桿不治
      >> 下載 https://news.ltn.com.tw/news/society/paper/1405452, 偷拍甜女警洗澡攝狼竟是男同事
      >> 下載 https://news.ltn.com.tw/news/society/paper/1405450, 法界觀點婚姻觸礁難歸責雙方可訴離
      >> 下載 https://news.ltn.com.tw/news/opinion/paper/1405441, 自由廣場安倍兄弟接棒的中國包圍網
      >> 下載 https://news.ltn.com.tw/news/opinion/paper/1405437, 自由廣場譚慎格暗示
      >> 下載 https://news.ltn.com.tw/news/life/paper/1405411, 桃園乙未公園施工圍籬沒人行道人車爭道
      >> 下載 https://news.ltn.com.tw/news/life/paper/1405401, 二林風箏節20多種風箏天空競豔
      >> 下載 https://news.ltn.com.tw/news/life/paper/1405396, 新北市人行道今起禁行電動單車
      >> 下載 https://news.ltn.com.tw/news/life/paper/1405395, 違建強拆收費新北今開出金額85萬
      >> 下載 https://news.ltn.com.tw/news/life/paper/1405369, 華光特區開路移植受保樹民籲保留
      >> 下載 https://news.ltn.com.tw/news/life/paper/1405367, 安養所3死火警未懲處北市府會提名單
      >> 下載 https://news.ltn.com.tw/news/supplement/paper/1405327, 藝術文化鋼琴巨星北中高巡演台中歌劇院成防疫專屬休息站
      >> 下載 https://news.ltn.com.tw/news/politics/breakingnews/3318357, 中國對台灣動武學者恐怕像慈禧遇八國聯軍
      >> 下載 https://news.ltn.com.tw/news/life/breakingnews/3318350, 桃市公共工程推友善工區圍籬議員酸這條路出現對照版
      >> 下載 https://news.ltn.com.tw/news/politics/breakingnews/3318322, 枋寮鄉政顧問變間諜還被道歉王定宇轟中國羅織罪名如恐怖組織
      >> 下載 https://news.ltn.com.tw/news/politics/breakingnews/3318330, 中國央視稱偵破台諜案國安局國安事項持續關注發展
      >> 下載 https://news.ltn.com.tw/news/life/breakingnews/3318286, 轎車違停騎樓卻在店門漆交大核准警不排除以詐欺送辦
      >> 下載 https://news.ltn.com.tw/news/politics/breakingnews/3318186, 國民黨提案與美國復交寇謐將未來立場還是問號
      >> 下載 https://news.ltn.com.tw/news/politics/breakingnews/3318321, 謝謝你們陳其邁臉書憑弔烈嶼戰車翻覆殉職中士
      >> 下載 https://news.ltn.com.tw/news/politics/breakingnews/3318308, 中共稱抓到台獨骨幹份子台灣聯合國協進會批太可笑
      >> 下載 https://news.ltn.com.tw/news/life/breakingnews/3318291, 桃園捷運綠線工程深夜施工擾民捷工局灌漿工程不能停
      >> 下載 https://news.ltn.com.tw/news/politics/breakingnews/3318301, 弔唁殉職戰士林楷強陳其邁感謝軍警消守護家園
      >> 下載 https://news.ltn.com.tw/news/world/breakingnews/3318249, 西方政策被中共證明錯誤柯拉克籲脫下美化中國濾鏡
      >> 下載 https://news.ltn.com.tw/news/politics/breakingnews/3318283, 中國稱破獲數百起台諜案央視今晚公布李孟居被道歉影片
      >> 下載 https://news.ltn.com.tw/news/world/breakingnews/3318187, 找不到感染源中國爆大學諾羅病毒群聚感染封宿舍隔離
      >> 下載 https://news.ltn.com.tw/news/politics/breakingnews/3318239, 文攻武嚇央視中方抓獲台灣間諜情報人員
      >> 下載 https://news.ltn.com.tw/news/politics/breakingnews/3318174, 讚小英國慶演講架構完整前親民黨文膽不辣但厚重
      >> 下載 https://news.ltn.com.tw/news/world/breakingnews/3318136, 爸傻眼了12歲童在房間實現核融合破金氏世界紀錄
      >> 下載 https://news.ltn.com.tw/news/life/breakingnews/3318170, 大里新生現岱路頻傳爆管下週汰管千戶受惠
      >> 下載 https://news.ltn.com.tw/news/world/breakingnews/3318213, 中國兩艘海警船入釣魚台海域日方強化警戒
      >> 下載 https://news.ltn.com.tw/news/sports/breakingnews/3317879, 中職Live高國輝3人猛打賞擊垮桃猿悍將打擊大混戰勝出
      >> 找不到新聞內容，可能是新聞的格式不同所致。
      >> 下載 https://news.ltn.com.tw/news/life/breakingnews/3318166, 國慶連假收假國1彰化段11起車禍車潮晚間7點後可望紓解
      >> 下載 https://news.ltn.com.tw/news/life/breakingnews/3318080, 不用怕捲上天二林風箏節規劃3專區大手牽小手開心又安全
      >> 下載 https://news.ltn.com.tw/news/society/breakingnews/3318076, 自小客行經路口未減速猛撞休旅車翻一圈半撞燈桿才停
      >> 下載 https://news.ltn.com.tw/news/world/breakingnews/3317940, ABC華郵10月民調川普輸拜登12和當時對壘希拉蕊一樣
      >> 下載 https://news.ltn.com.tw/news/society/breakingnews/3318002, 公車駕駛疑疲勞駕駛不慎撞上前方停等紅燈的3輛小客車
      >> 下載 https://news.ltn.com.tw/news/life/breakingnews/3317984, 高美濕地木棧道102129封閉維護102425假日開放
      >> 下載 https://news.ltn.com.tw/news/politics/breakingnews/3317950, 黨名去中國江啟臣黨內無共識現階段改革重於改名
      >> 下載 https://news.ltn.com.tw/news/society/breakingnews/3317942, 台灣限定詐騙防衛隊銀髮族玩桌遊瓦解詐團陰謀
      >> 下載 https://news.ltn.com.tw/news/business/breakingnews/3317889, 調查4成日企曾遭網路攻擊受害金額平均逾3872萬
      >> 找不到新聞內容，可能是新聞的格式不同所致。
      >> 下載 https://news.ltn.com.tw/news/life/breakingnews/3317840, 租屋房內飄滿鄰居二手菸PTT神人分享5步驟解決問題
      >> 下載 https://news.ltn.com.tw/news/society/breakingnews/3317932, 疑煙火釀禍國慶夜雲林台子港區失火幸無人傷亡
      >> 下載 https://news.ltn.com.tw/news/life/breakingnews/3317924, 新北瑞芳圖書館入厝開館在地文化活動起跑
      >> 下載 https://news.ltn.com.tw/news/politics/breakingnews/3317910, 林為洲拋改黨名國民黨發新聞稿從未成黨中央討論重心
      >> 下載 https://news.ltn.com.tw/news/society/breakingnews/3317919, 分手後用前女友照片創帳號再散播私密影片不雅照
      >> 下載 https://news.ltn.com.tw/news/life/breakingnews/3317898, 三令五申也沒用合歡山武嶺亭遊客照樣跨越危險區拍照
      >> 下載 https://news.ltn.com.tw/news/world/breakingnews/3317830, 中菲外交部長雲南會面後菲律賓聲明兩國重申牢固關係
      >> 下載 https://news.ltn.com.tw/news/world/breakingnews/3317762, 金正恩閱兵秀軍武讚0確診激動落淚
      >> 下載 https://news.ltn.com.tw/news/opinion/breakingnews/3317877, 自由開講總統國慶演說盼朝野合作升溫國民黨卻仍流於抹黑謾罵
      >> 下載 https://news.ltn.com.tw/news/life/breakingnews/3317850, 中市環消聯防師稽查資源回收場目前有３家未改善
      >> 下載 https://news.ltn.com.tw/news/life/breakingnews/3317833, 國慶疏運打幾分林佳龍這次國道確實比較順暢
      >> 下載 https://news.ltn.com.tw/news/society/breakingnews/3317823, 12年與學校交戰數十回合台東1教師遭資遣爭國賠999萬敗訴定讞
      >> 下載 https://news.ltn.com.tw/news/world/breakingnews/3317808, 駭進電腦或手機落伍了智慧咖啡機恐被駭客入侵勒索金錢
      >> 下載 https://news.ltn.com.tw/news/life/breakingnews/3317811, 新北首波違建強拆收費市庫可入帳85萬元
      >> 下載 https://news.ltn.com.tw/news/world/breakingnews/3317788, 自信爆棚拜登我輸掉的唯一可能是有人用奧步
      >> 下載 https://news.ltn.com.tw/news/business/breakingnews/3317789, 開幕第2天就大停電台電台中總站夜市違章用電
      >> 找不到新聞內容，可能是新聞的格式不同所致。
      >> 下載 https://news.ltn.com.tw/news/world/breakingnews/3317773, 服裝太過淫蕩美國女子登機被迫套衣服遮羞
      >> 下載 https://news.ltn.com.tw/news/entertainment/breakingnews/3317733, 鋼琴巨星北中高巡演台中歌劇院成防疫專屬休息站
      >> 下載 https://news.ltn.com.tw/news/business/breakingnews/3317659, 習近平左轉回毛路線中共5中全會前掀批判聲浪
      >> 找不到新聞內容，可能是新聞的格式不同所致。
