     -----> 新聞爬蟲：聯合新聞網

           <<< 聯合新聞網新聞搜尋 >>>
        ------------------------------------------------------
        ------------------------------------------------------
       >> 搜尋關鍵字:"工業用"; 網址:"https://udn.com/search/word/2/工業用"
         >>> 找到關鍵字 "工業用"; 文章資訊: 2020-10-04 02:00:00, 冠賢機電深耕越南20年實力雄厚, https://vision.udn.com/vision/story/121712/4907729
         <<< 2020-10-04 沒有更多 "工業用" 相關的新聞 !!! >>>
        ------------------------------------------------------
       >> 搜尋關鍵字:"化工"; 網址:"https://udn.com/search/word/2/化工"
         >>> 找到關鍵字 "化工"; 文章資訊: 2020-10-03 21:35:01, 台東房產實徵成長率全國第一, https://house.udn.com/house/story/5889/4907946
         >>> 找到關鍵字 "化工"; 文章資訊: 2020-10-03 16:56:27, 明年將率團訪台捷克參議員德拉霍斯歐洲應積極發展對台關係, https://udn.com/news/story/6809/4907558
         <<< 2020-10-04 沒有更多 "化工" 相關的新聞 !!! >>>
        ------------------------------------------------------
       >> 搜尋關鍵字:"化災"; 網址:"https://udn.com/search/word/2/化災"
         <<< 2020-10-04 沒有更多 "化災" 相關的新聞 !!! >>>
        ------------------------------------------------------
       >> 搜尋關鍵字:"化學"; 網址:"https://udn.com/search/word/2/化學"
         >>> 找到關鍵字 "化學"; 文章資訊: 2020-10-04 05:39:08, 循環經濟夯科技傳產競投入, https://udn.com/news/story/7241/4908335
         >>> 找到關鍵字 "化學"; 文章資訊: 2020-10-04 02:00:00, 飆股的故事淳安攻車聯網強強聯手, https://udn.com/news/story/7251/4908373
         >>> 找到關鍵字 "化學"; 文章資訊: 2020-10-03 23:49:22, 諾貝爾獎明起頒發取消典禮與國宴, https://udn.com/news/story/6809/4908348
         >>> 找到關鍵字 "化學"; 文章資訊: 2020-10-03 23:20:40, 南投縣府舊宿舍藍田雅舍登錄歷史建築, https://udn.com/news/story/7325/4908151
         >>> 找到關鍵字 "化學"; 文章資訊: 2020-10-03 18:58:09, 三峽五寮里本土登革熱再增7例確診案例累計38人, https://udn.com/news/story/7266/4907710
         >>> 找到關鍵字 "化學"; 文章資訊: 2020-10-03 17:25:11, 中壢區增本土登革熱案例與新北市五寮里群聚事件有關, https://udn.com/news/story/7323/4907595
         >>> 找到關鍵字 "化學"; 文章資訊: 2020-10-03 17:23:09, 又是新北五寮里一口氣增8例本土登革熱累積38人確診, https://udn.com/news/story/7266/4907593
         >>> 找到關鍵字 "化學"; 文章資訊: 2020-10-03 16:57:27, 捷克重量級議員談訪台聚焦應對老大哥威脅, https://udn.com/news/story/6809/4907560
         >>> 找到關鍵字 "化學"; 文章資訊: 2020-10-03 16:56:27, 明年將率團訪台捷克參議員德拉霍斯歐洲應積極發展對台關係, https://udn.com/news/story/6809/4907558
         >>> 找到關鍵字 "化學"; 文章資訊: 2020-10-03 15:31:11, 中興新村虎山藝術館轉型成為學習藝術創作園地, https://udn.com/news/story/7325/4907464
         >>> 找到關鍵字 "化學"; 文章資訊: 2020-10-03 12:16:11, 老舊宿舍原是建築珍品南投藍田雅舍登錄為歷史建築, https://udn.com/news/story/7325/4907005
         <<< 2020-10-04 沒有更多 "化學" 相關的新聞 !!! >>>
        ------------------------------------------------------
       >> 搜尋關鍵字:"外洩"; 網址:"https://udn.com/search/word/2/外洩"
         >>> 找到關鍵字 "外洩"; 文章資訊: 2020-10-03 15:32:11, 新北市宣導落實3項節能規範業者估可省20電費, https://udn.com/news/story/7323/4907470
         >>> 找到關鍵字 "外洩"; 文章資訊: 2020-10-03 14:02:13, 前航警官涉X光儀弊案二審裁定延長限境8月, https://udn.com/news/story/7321/4907250
         >>> 找到關鍵字 "外洩"; 文章資訊: 2020-10-03 10:17:08, 填問卷送好禮台中市法制局可能竊個資新招, https://udn.com/news/story/7320/4906744
         <<< 2020-10-04 沒有更多 "外洩" 相關的新聞 !!! >>>
        ------------------------------------------------------
       >> 搜尋關鍵字:"危害"; 網址:"https://udn.com/search/word/2/危害"
         >>> 找到關鍵字 "危害"; 文章資訊: 2020-10-04 01:34:18, 不能安全駕駛毒駕肇事罕見判3月, https://udn.com/news/story/7321/4908512
         >>> 找到關鍵字 "危害"; 文章資訊: 2020-10-04 00:20:12, 周周有攻勢國民黨團動員審美豬, https://udn.com/news/story/9750/4908367
         >>> 找到關鍵字 "危害"; 文章資訊: 2020-10-03 22:46:04, 琉璃蟻空襲中秋吃飯像配胡椒, https://udn.com/news/story/7327/4907938
         >>> 找到關鍵字 "危害"; 文章資訊: 2020-10-03 20:36:12, 高雄燕巢區兩處土地遭非法棄置廢棄物疑同一人所為, https://udn.com/news/story/7327/4907848
         >>> 找到關鍵字 "危害"; 文章資訊: 2020-10-03 19:12:59, 不肖業者連假期間偷倒廢棄物高市府通報檢警查辦, https://udn.com/news/story/7327/4907736
         >>> 找到關鍵字 "危害"; 文章資訊: 2020-10-03 15:46:00, 印度日增8萬確診日本大手筆全民免費接種新冠疫苗, https://health.udn.com/health/story/121029/4907204
         >>> 找到關鍵字 "危害"; 文章資訊: 2020-10-03 15:43:32, 新冠肺炎10月3日全球最新情報, https://udn.com/news/story/120944/4906620
         >>> 找到關鍵字 "危害"; 文章資訊: 2020-10-03 14:48:09, 叫直升機送我回去菲律賓移工荒唐行徑成階下囚, https://udn.com/news/story/7321/4907395
         >>> 找到關鍵字 "危害"; 文章資訊: 2020-10-03 14:24:15, 印度日增8萬確診日本大手筆全民免費接種新冠疫苗, https://udn.com/news/story/120944/4907204
         >>> 找到關鍵字 "危害"; 文章資訊: 2020-10-03 13:55:06, 吸毒母子檔成銀樓大盜中秋節自備仿真金飾偷天換日, https://udn.com/news/story/7315/4907260
         >>> 找到關鍵字 "危害"; 文章資訊: 2020-10-03 13:37:13, 川普確診更嚴厲抗中陸學者對中國絕對是壞消息, https://udn.com/news/story/120883/4907004
         >>> 找到關鍵字 "危害"; 文章資訊: 2020-10-03 12:49:16, 萊豬行政命令付委蔣萬安擬先開公聽會再排審, https://udn.com/news/story/6656/4907085
         >>> 找到關鍵字 "危害"; 文章資訊: 2020-10-03 11:41:00, 新冠肺炎10月3日全球最新情報, https://health.udn.com/health/story/121029/4906620
         >>> 找到關鍵字 "危害"; 文章資訊: 2020-10-03 10:50:07, 影囂張省道放沖天炮還po文多放炮挑戰公權力, https://udn.com/news/story/7320/4906792
         >>> 找到關鍵字 "危害"; 文章資訊: 2020-10-03 09:57:00, 高齡門診最愛問肌少症增加失智風險飲食運動都要夠, https://health.udn.com/health/story/5967/4906682
         >>> 找到關鍵字 "危害"; 文章資訊: 2020-10-03 08:57:07, 桃園男毒駕騎車追撞後噴飛直接躺大馬路呼呼大睡, https://udn.com/news/story/7320/4906661
         <<< 2020-10-04 沒有更多 "危害" 相關的新聞 !!! >>>
        ------------------------------------------------------
       >> 搜尋關鍵字:"有毒"; 網址:"https://udn.com/search/word/2/有毒"
         >>> 找到關鍵字 "有毒"; 文章資訊: 2020-10-03 16:59:13, 影路人餵食家犬牠卻中毒走了飼主心碎怎麼忍心, https://udn.com/news/story/7470/4907566
         >>> 找到關鍵字 "有毒"; 文章資訊: 2020-10-03 13:55:06, 吸毒母子檔成銀樓大盜中秋節自備仿真金飾偷天換日, https://udn.com/news/story/7315/4907260
         >>> 找到關鍵字 "有毒"; 文章資訊: 2020-10-03 11:17:05, 討房產失敗把母打昏稱是記恨母曾要法官重判他, https://udn.com/news/story/7315/4906848
         <<< 2020-10-04 沒有更多 "有毒" 相關的新聞 !!! >>>
        ------------------------------------------------------
       >> 搜尋關鍵字:"有害"; 網址:"https://udn.com/search/word/2/有害"
         >>> 找到關鍵字 "有害"; 文章資訊: 2020-10-03 15:35:00, 烤肉吃太多小心腸躁症上身家醫科醫師推1類水果增加飽足感助消化, https://health.udn.com/health/story/5976/4905566
         >>> 找到關鍵字 "有害"; 文章資訊: 2020-10-03 11:00:00, 花蓮東大門夜市燒烤小吃飲品遊戲, https://udn.com/umedia/story/12751/4894985
         >>> 找到關鍵字 "有害"; 文章資訊: 2020-10-03 08:16:00, 從心碎開始趨樂避苦反倒苦上加苦, https://udn.com/news/story/121484/4897353
         <<< 2020-10-04 沒有更多 "有害" 相關的新聞 !!! >>>
        ------------------------------------------------------
       >> 搜尋關鍵字:"色料"; 網址:"https://udn.com/search/word/2/色料"
         >>> 找到關鍵字 "色料"; 文章資訊: 2020-10-03 17:30:05, 家常料理韓良憶今晚來一道和風紅燒石斑魚, https://udn.com/news/story/12674/4897790
         <<< 2020-10-04 沒有更多 "色料" 相關的新聞 !!! >>>
        ------------------------------------------------------
       >> 搜尋關鍵字:"色素"; 網址:"https://udn.com/search/word/2/色素"
         >>> 找到關鍵字 "色素"; 文章資訊: 2020-10-03 09:35:00, ６種抗老食物搭配食譜營養師教你吃出抗老力, https://health.udn.com/health/story/6037/4906706
         <<< 2020-10-04 沒有更多 "色素" 相關的新聞 !!! >>>
        ------------------------------------------------------
       >> 搜尋關鍵字:"毒性"; 網址:"https://udn.com/search/word/2/毒性"
         >>> 找到關鍵字 "毒性"; 文章資訊: 2020-10-04 01:06:45, 餵毒害死小黑狗凶手抓到了, https://udn.com/news/story/7320/4908523
         <<< 2020-10-04 沒有更多 "毒性" 相關的新聞 !!! >>>
        ------------------------------------------------------
       >> 搜尋關鍵字:"毒品"; 網址:"https://udn.com/search/word/2/毒品"
         >>> 找到關鍵字 "毒品"; 文章資訊: 2020-10-03 22:49:05, 印度緬甸高層會談預料簽沿海運輸協定強化連結, https://udn.com/news/story/6809/4908175
         >>> 找到關鍵字 "毒品"; 文章資訊: 2020-10-03 22:47:32, 鐵漢故事拚命三郎杜仁暉緝毒績優, https://udn.com/news/story/7326/4907980
         >>> 找到關鍵字 "毒品"; 文章資訊: 2020-10-03 17:29:12, 南投觀光力拚年輕化首屆街舞大賽吸引年輕人尬舞, https://udn.com/news/story/7325/4907601
         >>> 找到關鍵字 "毒品"; 文章資訊: 2020-10-03 14:38:46, 曾高調放鞭炮慶出獄湖北黑老大4年後被判死緩, https://udn.com/news/story/7331/4907331
         >>> 找到關鍵字 "毒品"; 文章資訊: 2020-10-03 13:55:06, 吸毒母子檔成銀樓大盜中秋節自備仿真金飾偷天換日, https://udn.com/news/story/7315/4907260
         >>> 找到關鍵字 "毒品"; 文章資訊: 2020-10-03 11:17:05, 討房產失敗把母打昏稱是記恨母曾要法官重判他, https://udn.com/news/story/7315/4906848
         >>> 找到關鍵字 "毒品"; 文章資訊: 2020-10-03 08:58:06, 毒駕舉證有難度律師核心在於致不能安全駕駛, https://udn.com/news/story/7321/4906662
         >>> 找到關鍵字 "毒品"; 文章資訊: 2020-10-03 08:57:07, 桃園男毒駕騎車追撞後噴飛直接躺大馬路呼呼大睡, https://udn.com/news/story/7320/4906661
         <<< 2020-10-04 沒有更多 "毒品" 相關的新聞 !!! >>>
        ------------------------------------------------------
       >> 搜尋關鍵字:"致癌"; 網址:"https://udn.com/search/word/2/致癌"
         <<< 2020-10-04 沒有更多 "致癌" 相關的新聞 !!! >>>
        ------------------------------------------------------
       >> 搜尋關鍵字:"重金屬"; 網址:"https://udn.com/search/word/2/重金屬"
         <<< 2020-10-04 沒有更多 "重金屬" 相關的新聞 !!! >>>
        ------------------------------------------------------
       >> 搜尋關鍵字:"食安"; 網址:"https://udn.com/search/word/2/食安"
         >>> 找到關鍵字 "食安"; 文章資訊: 2020-10-04 00:22:53, 畫中有話明年中秋換烤美豬, https://udn.com/news/story/7339/4908405
         >>> 找到關鍵字 "食安"; 文章資訊: 2020-10-04 00:20:12, 周周有攻勢國民黨團動員審美豬, https://udn.com/news/story/9750/4908367
         >>> 找到關鍵字 "食安"; 文章資訊: 2020-10-03 18:54:56, 超商鮮食大戰全家統一都拚名店結盟, https://udn.com/news/story/120885/4907610
         >>> 找到關鍵字 "食安"; 文章資訊: 2020-10-03 15:44:30, 開放美豬後座力超乎民進黨預期2022選舉恐成硬仗, https://udn.com/news/story/120888/4907426
         >>> 找到關鍵字 "食安"; 文章資訊: 2020-10-03 15:05:00, 不贊成食安健康捐陳時中扯走路也有打架受傷風險, https://health.udn.com/health/story/5999/4906922
         >>> 找到關鍵字 "食安"; 文章資訊: 2020-10-03 14:37:07, 前瞻建設讓地方跟著中央挖錢坑最後倒楣的還是國民, https://udn.com/news/story/120888/4907230
         >>> 找到關鍵字 "食安"; 文章資訊: 2020-10-03 11:40:12, 不贊成食安健康捐陳時中扯走路也有打架受傷風險, https://udn.com/news/story/7266/4906922
         >>> 找到關鍵字 "食安"; 文章資訊: 2020-10-03 09:58:04, 11月底前審完總預算排擠美豬審查柯建銘改變陋習, https://udn.com/news/story/9750/4906717
         >>> 找到關鍵字 "食安"; 文章資訊: 2020-10-03 08:57:07, 桃園男毒駕騎車追撞後噴飛直接躺大馬路呼呼大睡, https://udn.com/news/story/7320/4906661
         <<< 2020-10-04 沒有更多 "食安" 相關的新聞 !!! >>>
        ------------------------------------------------------
       >> 搜尋關鍵字:"香料"; 網址:"https://udn.com/search/word/2/香料"
         <<< 2020-10-04 沒有更多 "香料" 相關的新聞 !!! >>>
        ------------------------------------------------------
       >> 搜尋關鍵字:"原料"; 網址:"https://udn.com/search/word/2/原料"
         >>> 找到關鍵字 "原料"; 文章資訊: 2020-10-04 05:39:08, 循環經濟夯科技傳產競投入, https://udn.com/news/story/7241/4908335
         >>> 找到關鍵字 "原料"; 文章資訊: 2020-10-04 02:00:00, 飆股的故事淳安攻車聯網強強聯手, https://udn.com/news/story/7251/4908373
         >>> 找到關鍵字 "原料"; 文章資訊: 2020-10-04 00:07:35, 40多歲失智不想拖累公司拚當烘焙王, https://udn.com/news/story/7266/4908340
         <<< 2020-10-04 沒有更多 "原料" 相關的新聞 !!! >>>
        ------------------------------------------------------
       >> 搜尋關鍵字:"氣爆"; 網址:"https://udn.com/search/word/2/氣爆"
         >>> 找到關鍵字 "氣爆"; 文章資訊: 2020-10-03 10:17:15, 中秋國慶連假去哪玩台中好吃打卡景點看這裡, https://udn.com/news/story/7325/4906743
         <<< 2020-10-04 沒有更多 "氣爆" 相關的新聞 !!! >>>
        ------------------------------------------------------
       >> 搜尋關鍵字:"添加物"; 網址:"https://udn.com/search/word/2/添加物"
         >>> 找到關鍵字 "添加物"; 文章資訊: 2020-10-03 13:29:41, 立院月中辦公聽會萊豬案最快15日送出委員會, https://udn.com/news/story/6656/4907210
         <<< 2020-10-04 沒有更多 "添加物" 相關的新聞 !!! >>>
        ------------------------------------------------------
       >> 搜尋關鍵字:"黑心"; 網址:"https://udn.com/search/word/2/黑心"
         >>> 找到關鍵字 "黑心"; 文章資訊: 2020-10-03 12:26:07, 大逆轉Youtuber曝加利口罩防病毒更勝實名制口罩, https://udn.com/news/story/7315/4907038
         <<< 2020-10-04 沒有更多 "黑心" 相關的新聞 !!! >>>
        ------------------------------------------------------
       >> 搜尋關鍵字:"漂白"; 網址:"https://udn.com/search/word/2/漂白"
         <<< 2020-10-04 沒有更多 "漂白" 相關的新聞 !!! >>>
        ------------------------------------------------------
       >> 搜尋關鍵字:"爆炸"; 網址:"https://udn.com/search/word/2/爆炸"
         >>> 找到關鍵字 "爆炸"; 文章資訊: 2020-10-03 19:44:13, 毋湯遊客夜衝武嶺放煙火網友氣炸痛批沒公德心, https://udn.com/news/story/7328/4907778
         >>> 找到關鍵字 "爆炸"; 文章資訊: 2020-10-03 17:12:06, 川普宣布新冠檢測陽性推文按讚數創他推特生涯新高, https://udn.com/news/story/121707/4907584
         >>> 找到關鍵字 "爆炸"; 文章資訊: 2020-10-03 16:32:33, 網紅拉姆告別會其他直播主蹭熱度竟全程錄影, https://udn.com/news/story/7332/4907491
         <<< 2020-10-04 沒有更多 "爆炸" 相關的新聞 !!! >>>
        ------------------------------------------------------
       >> 搜尋關鍵字:"新興"; 網址:"https://udn.com/search/word/2/新興"
         >>> 找到關鍵字 "新興"; 文章資訊: 2020-10-04 03:23:00, 出口三利多9月看增45, https://udn.com/news/story/7238/4908085
         >>> 找到關鍵字 "新興"; 文章資訊: 2020-10-04 03:02:13, A股IPO規模創十年新高, https://udn.com/news/story/7333/4908153
         >>> 找到關鍵字 "新興"; 文章資訊: 2020-10-04 02:00:00, 經濟日報社論美禁售令逼中國走向創新之路, https://udn.com/news/story/7338/4908350
         >>> 找到關鍵字 "新興"; 文章資訊: 2020-10-04 02:00:00, 龍頭配息轉機股Q3最夯, https://udn.com/news/story/7251/4908322
         >>> 找到關鍵字 "新興"; 文章資訊: 2020-10-03 23:15:45, 餐飲百貨進駐北屯不輸七期重劃區, https://udn.com/news/story/7325/4908143
         >>> 找到關鍵字 "新興"; 文章資訊: 2020-10-03 16:04:15, 央行調節成匯市新常態專家點出背後關鍵, https://udn.com/news/story/7239/4907514
         >>> 找到關鍵字 "新興"; 文章資訊: 2020-10-03 13:09:11, 向大師致敬掌中劇團茆明福文物戲劇在明世界特展, https://udn.com/news/story/7325/4907150
         >>> 找到關鍵字 "新興"; 文章資訊: 2020-10-03 10:05:04, 限時審總預算護航萊豬綠營人士減少在野籌碼, https://udn.com/news/story/6656/4906728
         <<< 2020-10-04 沒有更多 "新興" 相關的新聞 !!! >>>
        ------------------------------------------------------
       >> 搜尋關鍵字:"爆裂物"; 網址:"https://udn.com/search/word/2/爆裂物"
         <<< 2020-10-04 沒有更多 "爆裂物" 相關的新聞 !!! >>>
        ------------------------------------------------------
       >> 搜尋關鍵字:"IED"; 網址:"https://udn.com/search/word/2/IED"
         <<< 2020-10-04 沒有更多 "IED" 相關的新聞 !!! >>>
        ------------------------------------------------------
       >> 搜尋關鍵字:"排放"; 網址:"https://udn.com/search/word/2/排放"
         >>> 找到關鍵字 "排放"; 文章資訊: 2020-10-04 05:39:08, 循環經濟夯科技傳產競投入, https://udn.com/news/story/7241/4908335
         <<< 2020-10-04 沒有更多 "排放" 相關的新聞 !!! >>>
        ------------------------------------------------------
       >> 搜尋關鍵字:"污染"; 網址:"https://udn.com/search/word/2/污染"
         >>> 找到關鍵字 "污染"; 文章資訊: 2020-10-03 19:12:59, 不肖業者連假期間偷倒廢棄物高市府通報檢警查辦, https://udn.com/news/story/7327/4907736
         >>> 找到關鍵字 "污染"; 文章資訊: 2020-10-03 10:57:38, 女友點麵線放滿香菜男怒提分手很臭整碗都被污染了, https://udn.com/news/story/7272/4906766
         >>> 找到關鍵字 "污染"; 文章資訊: 2020-10-03 09:51:13, 中市惠來溪及潮洋溪現地處理獲勞動部金安獎肯定, https://udn.com/news/story/7325/4906710
         >>> 找到關鍵字 "污染"; 文章資訊: 2020-10-03 08:28:28, 各地天氣穩定中南部山區留意午後雨, https://udn.com/news/story/7266/4906630
         >>> 找到關鍵字 "污染"; 文章資訊: 2020-10-03 07:32:11, 露天燃燒稻草最高開罰10萬元中市府籲稻草剪段翻耕, https://udn.com/news/story/7325/4906617
         <<< 2020-10-04 沒有更多 "污染" 相關的新聞 !!! >>>
        ------------------------------------------------------
       >> 搜尋關鍵字:"廢水"; 網址:"https://udn.com/search/word/2/廢水"
         >>> 找到關鍵字 "廢水"; 文章資訊: 2020-10-04 05:39:08, 循環經濟夯科技傳產競投入, https://udn.com/news/story/7241/4908335
         <<< 2020-10-04 沒有更多 "廢水" 相關的新聞 !!! >>>
        ------------------------------------------------------
       >> 搜尋關鍵字:"污水"; 網址:"https://udn.com/search/word/2/污水"
         >>> 找到關鍵字 "污水"; 文章資訊: 2020-10-03 13:33:12, 台中東區建成路地下道填平明天起主線雙向通車, https://udn.com/news/story/7325/4907218
         >>> 找到關鍵字 "污水"; 文章資訊: 2020-10-03 09:51:13, 中市惠來溪及潮洋溪現地處理獲勞動部金安獎肯定, https://udn.com/news/story/7325/4906710
         <<< 2020-10-04 沒有更多 "污水" 相關的新聞 !!! >>>
        ------------------------------------------------------
       >> 搜尋關鍵字:"洩漏"; 網址:"https://udn.com/search/word/2/洩漏"
         <<< 2020-10-04 沒有更多 "洩漏" 相關的新聞 !!! >>>
        ------------------------------------------------------
       >> 搜尋關鍵字:"暗管"; 網址:"https://udn.com/search/word/2/暗管"
         <<< 2020-10-04 沒有更多 "暗管" 相關的新聞 !!! >>>
        ------------------------------------------------------
       >> 搜尋關鍵字:"偷排"; 網址:"https://udn.com/search/word/2/偷排"
         <<< 2020-10-04 沒有更多 "偷排" 相關的新聞 !!! >>>
        ------------------------------------------------------
       >> 搜尋關鍵字:"安全"; 網址:"https://udn.com/search/word/2/安全"
         >>> 找到關鍵字 "安全"; 文章資訊: 2020-10-04 06:00:00, 健保費調漲民進黨政府敢逆時中, https://udn.com/news/story/120987/4908531
         >>> 找到關鍵字 "安全"; 文章資訊: 2020-10-04 03:29:00, 行動藝術家湯皇珍把失智照護變奇幻旅程, https://udn.com/news/story/7266/4905586
         >>> 找到關鍵字 "安全"; 文章資訊: 2020-10-04 03:14:06, 高市小港聯結車與機車事故騎士送醫不治, https://udn.com/news/story/7320/4908210
         >>> 找到關鍵字 "安全"; 文章資訊: 2020-10-04 02:00:00, 川普驚爆住院市場緊盯病況, https://udn.com/news/story/121707/4908378
         >>> 找到關鍵字 "安全"; 文章資訊: 2020-10-04 02:00:00, 美感恩節購物吹起簡約風, https://udn.com/news/story/6813/4908336
         >>> 找到關鍵字 "安全"; 文章資訊: 2020-10-04 02:00:00, 產業追蹤橘世代愛趴趴走旅遊商機大, https://udn.com/news/story/7241/4907745
         >>> 找到關鍵字 "安全"; 文章資訊: 2020-10-04 02:00:00, 產業追蹤銀髮健身俱樂部產業新藍海, https://udn.com/news/story/7241/4907744
         >>> 找到關鍵字 "安全"; 文章資訊: 2020-10-04 02:00:00, 飆股的故事淳安攻車聯網強強聯手, https://udn.com/news/story/7251/4908373
         >>> 找到關鍵字 "安全"; 文章資訊: 2020-10-04 01:37:12, 雙怨民宿被當敵人旅館法規嚴管, https://udn.com/news/story/121711/4908390
         >>> 找到關鍵字 "安全"; 文章資訊: 2020-10-04 01:34:18, 不能安全駕駛毒駕肇事罕見判3月, https://udn.com/news/story/7321/4908512
         >>> 找到關鍵字 "安全"; 文章資訊: 2020-10-04 01:26:27, 川普住院辦公大法官提名記者會爆群聚感染, https://udn.com/news/story/121707/4908556
         >>> 找到關鍵字 "安全"; 文章資訊: 2020-10-04 01:17:03, 飛彈來襲要躲哪軍事專家地下室穩死這裡最安全, https://udn.com/news/story/120884/4907793
         >>> 找到關鍵字 "安全"; 文章資訊: 2020-10-04 01:06:44, 醫憂疫情再起入冬恐爆院內感染, https://udn.com/news/story/120940/4908386
         >>> 找到關鍵字 "安全"; 文章資訊: 2020-10-04 00:59:33, 新聞眼救健保落實使用者付費, https://udn.com/news/story/6656/4908384
         >>> 找到關鍵字 "安全"; 文章資訊: 2020-10-04 00:55:00, 陳時中台灣健保正在吃老本, https://udn.com/news/story/6656/4908374
         >>> 找到關鍵字 "安全"; 文章資訊: 2020-10-04 00:20:12, 周周有攻勢國民黨團動員審美豬, https://udn.com/news/story/9750/4908367
         >>> 找到關鍵字 "安全"; 文章資訊: 2020-10-04 00:05:49, 產銷不一貫失衡年年有, https://udn.com/news/story/7339/4908398
         >>> 找到關鍵字 "安全"; 文章資訊: 2020-10-03 23:58:22, 陸專家秋冬防疫聚焦兩重點, https://udn.com/news/story/120944/4908351
         >>> 找到關鍵字 "安全"; 文章資訊: 2020-10-03 23:44:25, 國民黨該走哪條路, https://udn.com/news/story/7339/4908355
         >>> 找到關鍵字 "安全"; 文章資訊: 2020-10-03 23:17:50, 彰化139線防車禍降速至40公里網友批不如改徒步區, https://udn.com/news/story/7325/4908144
        ------------------------------------------------------
       >> 搜尋關鍵字:"槽車"; 網址:"https://udn.com/search/word/2/槽車"
         <<< 2020-10-04 沒有更多 "槽車" 相關的新聞 !!! >>>
       >> 檔案輸出
        ------------------------------------------------------
      >> 下載新聞內容
      >> 下載 https://vision.udn.com/vision/story/121712/4907729, 冠賢機電深耕越南20年實力雄厚
      >> 下載 https://house.udn.com/house/story/5889/4907946, 台東房產實徵成長率全國第一
      >> 下載 https://udn.com/news/story/6809/4907558, 明年將率團訪台捷克參議員德拉霍斯歐洲應積極發展對台關係
      >> 下載 https://udn.com/news/story/7241/4908335, 循環經濟夯科技傳產競投入
      >> 下載 https://udn.com/news/story/7251/4908373, 飆股的故事淳安攻車聯網強強聯手
      >> 下載 https://udn.com/news/story/6809/4908348, 諾貝爾獎明起頒發取消典禮與國宴
      >> 下載 https://udn.com/news/story/7325/4908151, 南投縣府舊宿舍藍田雅舍登錄歷史建築
      >> 下載 https://udn.com/news/story/7266/4907710, 三峽五寮里本土登革熱再增7例確診案例累計38人
      >> 下載 https://udn.com/news/story/7323/4907595, 中壢區增本土登革熱案例與新北市五寮里群聚事件有關
      >> 下載 https://udn.com/news/story/7266/4907593, 又是新北五寮里一口氣增8例本土登革熱累積38人確診
      >> 下載 https://udn.com/news/story/6809/4907560, 捷克重量級議員談訪台聚焦應對老大哥威脅
      >> 下載 https://udn.com/news/story/6809/4907558, 明年將率團訪台捷克參議員德拉霍斯歐洲應積極發展對台關係
      >> 下載 https://udn.com/news/story/7325/4907464, 中興新村虎山藝術館轉型成為學習藝術創作園地
      >> 下載 https://udn.com/news/story/7325/4907005, 老舊宿舍原是建築珍品南投藍田雅舍登錄為歷史建築
      >> 下載 https://udn.com/news/story/7323/4907470, 新北市宣導落實3項節能規範業者估可省20電費
      >> 下載 https://udn.com/news/story/7321/4907250, 前航警官涉X光儀弊案二審裁定延長限境8月
      >> 下載 https://udn.com/news/story/7320/4906744, 填問卷送好禮台中市法制局可能竊個資新招
      >> 下載 https://udn.com/news/story/7321/4908512, 不能安全駕駛毒駕肇事罕見判3月
      >> 下載 https://udn.com/news/story/9750/4908367, 周周有攻勢國民黨團動員審美豬
      >> 下載 https://udn.com/news/story/7327/4907938, 琉璃蟻空襲中秋吃飯像配胡椒
      >> 下載 https://udn.com/news/story/7327/4907848, 高雄燕巢區兩處土地遭非法棄置廢棄物疑同一人所為
      >> 下載 https://udn.com/news/story/7327/4907736, 不肖業者連假期間偷倒廢棄物高市府通報檢警查辦
      >> 下載 https://health.udn.com/health/story/121029/4907204, 印度日增8萬確診日本大手筆全民免費接種新冠疫苗
      >> 下載 https://udn.com/news/story/120944/4906620, 新冠肺炎10月3日全球最新情報
      >> 下載 https://udn.com/news/story/7321/4907395, 叫直升機送我回去菲律賓移工荒唐行徑成階下囚
      >> 下載 https://udn.com/news/story/120944/4907204, 印度日增8萬確診日本大手筆全民免費接種新冠疫苗
      >> 下載 https://udn.com/news/story/7315/4907260, 吸毒母子檔成銀樓大盜中秋節自備仿真金飾偷天換日
      >> 下載 https://udn.com/news/story/120883/4907004, 川普確診更嚴厲抗中陸學者對中國絕對是壞消息
      >> 下載 https://udn.com/news/story/6656/4907085, 萊豬行政命令付委蔣萬安擬先開公聽會再排審
      >> 下載 https://health.udn.com/health/story/121029/4906620, 新冠肺炎10月3日全球最新情報
      >> 下載 https://udn.com/news/story/7320/4906792, 影囂張省道放沖天炮還po文多放炮挑戰公權力
      >> 下載 https://health.udn.com/health/story/5967/4906682, 高齡門診最愛問肌少症增加失智風險飲食運動都要夠
      >> 下載 https://udn.com/news/story/7320/4906661, 桃園男毒駕騎車追撞後噴飛直接躺大馬路呼呼大睡
      >> 下載 https://udn.com/news/story/7470/4907566, 影路人餵食家犬牠卻中毒走了飼主心碎怎麼忍心
      >> 下載 https://udn.com/news/story/7315/4907260, 吸毒母子檔成銀樓大盜中秋節自備仿真金飾偷天換日
      >> 下載 https://udn.com/news/story/7315/4906848, 討房產失敗把母打昏稱是記恨母曾要法官重判他
      >> 下載 https://health.udn.com/health/story/5976/4905566, 烤肉吃太多小心腸躁症上身家醫科醫師推1類水果增加飽足感助消化
      >> 下載 https://udn.com/umedia/story/12751/4894985, 花蓮東大門夜市燒烤小吃飲品遊戲
      >> 找不到新聞內容，可能是新聞的格式不同所致。
      >> 下載 https://udn.com/news/story/121484/4897353, 從心碎開始趨樂避苦反倒苦上加苦
      >> 下載 https://udn.com/news/story/12674/4897790, 家常料理韓良憶今晚來一道和風紅燒石斑魚
      >> 下載 https://health.udn.com/health/story/6037/4906706, ６種抗老食物搭配食譜營養師教你吃出抗老力
      >> 下載 https://udn.com/news/story/7320/4908523, 餵毒害死小黑狗凶手抓到了
      >> 下載 https://udn.com/news/story/6809/4908175, 印度緬甸高層會談預料簽沿海運輸協定強化連結
      >> 下載 https://udn.com/news/story/7326/4907980, 鐵漢故事拚命三郎杜仁暉緝毒績優
      >> 下載 https://udn.com/news/story/7325/4907601, 南投觀光力拚年輕化首屆街舞大賽吸引年輕人尬舞
      >> 下載 https://udn.com/news/story/7331/4907331, 曾高調放鞭炮慶出獄湖北黑老大4年後被判死緩
      >> 下載 https://udn.com/news/story/7315/4907260, 吸毒母子檔成銀樓大盜中秋節自備仿真金飾偷天換日
      >> 下載 https://udn.com/news/story/7315/4906848, 討房產失敗把母打昏稱是記恨母曾要法官重判他
      >> 下載 https://udn.com/news/story/7321/4906662, 毒駕舉證有難度律師核心在於致不能安全駕駛
      >> 下載 https://udn.com/news/story/7320/4906661, 桃園男毒駕騎車追撞後噴飛直接躺大馬路呼呼大睡
      >> 下載 https://udn.com/news/story/7339/4908405, 畫中有話明年中秋換烤美豬
      >> 下載 https://udn.com/news/story/9750/4908367, 周周有攻勢國民黨團動員審美豬
      >> 下載 https://udn.com/news/story/120885/4907610, 超商鮮食大戰全家統一都拚名店結盟
      >> 下載 https://udn.com/news/story/120888/4907426, 開放美豬後座力超乎民進黨預期2022選舉恐成硬仗
      >> 下載 https://health.udn.com/health/story/5999/4906922, 不贊成食安健康捐陳時中扯走路也有打架受傷風險
      >> 下載 https://udn.com/news/story/120888/4907230, 前瞻建設讓地方跟著中央挖錢坑最後倒楣的還是國民
      >> 下載 https://udn.com/news/story/7266/4906922, 不贊成食安健康捐陳時中扯走路也有打架受傷風險
      >> 下載 https://udn.com/news/story/9750/4906717, 11月底前審完總預算排擠美豬審查柯建銘改變陋習
      >> 下載 https://udn.com/news/story/7320/4906661, 桃園男毒駕騎車追撞後噴飛直接躺大馬路呼呼大睡
      >> 下載 https://udn.com/news/story/7241/4908335, 循環經濟夯科技傳產競投入
      >> 下載 https://udn.com/news/story/7251/4908373, 飆股的故事淳安攻車聯網強強聯手
      >> 下載 https://udn.com/news/story/7266/4908340, 40多歲失智不想拖累公司拚當烘焙王
      >> 下載 https://udn.com/news/story/7325/4906743, 中秋國慶連假去哪玩台中好吃打卡景點看這裡
      >> 下載 https://udn.com/news/story/6656/4907210, 立院月中辦公聽會萊豬案最快15日送出委員會
      >> 下載 https://udn.com/news/story/7315/4907038, 大逆轉Youtuber曝加利口罩防病毒更勝實名制口罩
      >> 下載 https://udn.com/news/story/7328/4907778, 毋湯遊客夜衝武嶺放煙火網友氣炸痛批沒公德心
      >> 下載 https://udn.com/news/story/121707/4907584, 川普宣布新冠檢測陽性推文按讚數創他推特生涯新高
      >> 下載 https://udn.com/news/story/7332/4907491, 網紅拉姆告別會其他直播主蹭熱度竟全程錄影
      >> 下載 https://udn.com/news/story/7238/4908085, 出口三利多9月看增45
      >> 下載 https://udn.com/news/story/7333/4908153, A股IPO規模創十年新高
      >> 下載 https://udn.com/news/story/7338/4908350, 經濟日報社論美禁售令逼中國走向創新之路
      >> 下載 https://udn.com/news/story/7251/4908322, 龍頭配息轉機股Q3最夯
      >> 下載 https://udn.com/news/story/7325/4908143, 餐飲百貨進駐北屯不輸七期重劃區
      >> 下載 https://udn.com/news/story/7239/4907514, 央行調節成匯市新常態專家點出背後關鍵
      >> 下載 https://udn.com/news/story/7325/4907150, 向大師致敬掌中劇團茆明福文物戲劇在明世界特展
      >> 下載 https://udn.com/news/story/6656/4906728, 限時審總預算護航萊豬綠營人士減少在野籌碼
      >> 下載 https://udn.com/news/story/7241/4908335, 循環經濟夯科技傳產競投入
      >> 下載 https://udn.com/news/story/7327/4907736, 不肖業者連假期間偷倒廢棄物高市府通報檢警查辦
      >> 下載 https://udn.com/news/story/7272/4906766, 女友點麵線放滿香菜男怒提分手很臭整碗都被污染了
      >> 下載 https://udn.com/news/story/7325/4906710, 中市惠來溪及潮洋溪現地處理獲勞動部金安獎肯定
      >> 下載 https://udn.com/news/story/7266/4906630, 各地天氣穩定中南部山區留意午後雨
      >> 下載 https://udn.com/news/story/7325/4906617, 露天燃燒稻草最高開罰10萬元中市府籲稻草剪段翻耕
      >> 下載 https://udn.com/news/story/7241/4908335, 循環經濟夯科技傳產競投入
      >> 下載 https://udn.com/news/story/7325/4907218, 台中東區建成路地下道填平明天起主線雙向通車
      >> 下載 https://udn.com/news/story/7325/4906710, 中市惠來溪及潮洋溪現地處理獲勞動部金安獎肯定
      >> 下載 https://udn.com/news/story/120987/4908531, 健保費調漲民進黨政府敢逆時中
      >> 下載 https://udn.com/news/story/7266/4905586, 行動藝術家湯皇珍把失智照護變奇幻旅程
      >> 下載 https://udn.com/news/story/7320/4908210, 高市小港聯結車與機車事故騎士送醫不治
      >> 下載 https://udn.com/news/story/121707/4908378, 川普驚爆住院市場緊盯病況
      >> 下載 https://udn.com/news/story/6813/4908336, 美感恩節購物吹起簡約風
      >> 下載 https://udn.com/news/story/7241/4907745, 產業追蹤橘世代愛趴趴走旅遊商機大
      >> 下載 https://udn.com/news/story/7241/4907744, 產業追蹤銀髮健身俱樂部產業新藍海
      >> 下載 https://udn.com/news/story/7251/4908373, 飆股的故事淳安攻車聯網強強聯手
      >> 下載 https://udn.com/news/story/121711/4908390, 雙怨民宿被當敵人旅館法規嚴管
      >> 下載 https://udn.com/news/story/7321/4908512, 不能安全駕駛毒駕肇事罕見判3月
      >> 下載 https://udn.com/news/story/121707/4908556, 川普住院辦公大法官提名記者會爆群聚感染
      >> 下載 https://udn.com/news/story/120884/4907793, 飛彈來襲要躲哪軍事專家地下室穩死這裡最安全
      >> 下載 https://udn.com/news/story/120940/4908386, 醫憂疫情再起入冬恐爆院內感染
      >> 下載 https://udn.com/news/story/6656/4908384, 新聞眼救健保落實使用者付費
      >> 下載 https://udn.com/news/story/6656/4908374, 陳時中台灣健保正在吃老本
      >> 下載 https://udn.com/news/story/9750/4908367, 周周有攻勢國民黨團動員審美豬
      >> 下載 https://udn.com/news/story/7339/4908398, 產銷不一貫失衡年年有
      >> 下載 https://udn.com/news/story/120944/4908351, 陸專家秋冬防疫聚焦兩重點
      >> 下載 https://udn.com/news/story/7339/4908355, 國民黨該走哪條路
      >> 下載 https://udn.com/news/story/7325/4908144, 彰化139線防車禍降速至40公里網友批不如改徒步區
