     -----> 新聞爬蟲：中央通訊社

           <<< 中央通訊社新聞搜尋 >>>
  ------------------------------------------------------
  ------------------------------------------------------
    >> 搜尋關鍵字:"工業用"; 網址:"https://www.cna.com.tw/search/hysearchws.aspx?q=工業用"
         <<< 2020-10-05 沒有更多 "工業用" 相關的新聞 !!! >>>
  ------------------------------------------------------
    >> 搜尋關鍵字:"化工"; 網址:"https://www.cna.com.tw/search/hysearchws.aspx?q=化工"
         <<< 2020-10-05 沒有更多 "化工" 相關的新聞 !!! >>>
  ------------------------------------------------------
    >> 搜尋關鍵字:"化災"; 網址:"https://www.cna.com.tw/search/hysearchws.aspx?q=化災"
         <<< 2020-10-05 沒有更多 "化災" 相關的新聞 !!! >>>
  ------------------------------------------------------
    >> 搜尋關鍵字:"化學"; 網址:"https://www.cna.com.tw/search/hysearchws.aspx?q=化學"
         >>> 找到關鍵字 "化學"; 文章資訊: 2020-10-04 18:28:00, 俄遠東堪察加地區發生海水汙染環團憂生態災難202010041828, https://www.cna.com.tw/news/aopl/202010040177.aspx
         >>> 找到關鍵字 "化學"; 文章資訊: 2020-10-04 07:20:00, 早安世界魏如萱奪歌后吳青峰封歌王阿爆金曲奪3獎成最大贏家202010040720, https://www.cna.com.tw/news/firstnews/202010045001.aspx
         <<< 2020-10-05 沒有更多 "化學" 相關的新聞 !!! >>>
  ------------------------------------------------------
    >> 搜尋關鍵字:"外洩"; 網址:"https://www.cna.com.tw/search/hysearchws.aspx?q=外洩"
         >>> 找到關鍵字 "外洩"; 文章資訊: 2020-10-04 19:46:00, 求職個資傳遭駭104人力銀行已報案清查中202010041946, https://www.cna.com.tw/news/ahel/202010040188.aspx
         <<< 2020-10-05 沒有更多 "外洩" 相關的新聞 !!! >>>
  ------------------------------------------------------
    >> 搜尋關鍵字:"危害"; 網址:"https://www.cna.com.tw/search/hysearchws.aspx?q=危害"
         >>> 找到關鍵字 "危害"; 文章資訊: 2020-10-04 14:15:00, 防山豬吊危害黑熊林務局6日商議獵具實名制202010041415, https://www.cna.com.tw/news/ahel/202010040106.aspx
         >>> 找到關鍵字 "危害"; 文章資訊: 2020-10-04 14:05:00, 張錫銘假釋遭駁興訟案件移台南地院審理202010041405, https://www.cna.com.tw/news/asoc/202010040102.aspx
         <<< 2020-10-05 沒有更多 "危害" 相關的新聞 !!! >>>
  ------------------------------------------------------
    >> 搜尋關鍵字:"有毒"; 網址:"https://www.cna.com.tw/search/hysearchws.aspx?q=有毒"
         <<< 2020-10-05 沒有更多 "有毒" 相關的新聞 !!! >>>
  ------------------------------------------------------
    >> 搜尋關鍵字:"有害"; 網址:"https://www.cna.com.tw/search/hysearchws.aspx?q=有害"
         <<< 2020-10-05 沒有更多 "有害" 相關的新聞 !!! >>>
  ------------------------------------------------------
    >> 搜尋關鍵字:"色料"; 網址:"https://www.cna.com.tw/search/hysearchws.aspx?q=色料"
         <<< 2020-10-05 沒有更多 "色料" 相關的新聞 !!! >>>
  ------------------------------------------------------
    >> 搜尋關鍵字:"色素"; 網址:"https://www.cna.com.tw/search/hysearchws.aspx?q=色素"
         <<< 2020-10-05 沒有更多 "色素" 相關的新聞 !!! >>>
  ------------------------------------------------------
    >> 搜尋關鍵字:"毒性"; 網址:"https://www.cna.com.tw/search/hysearchws.aspx?q=毒性"
         <<< 2020-10-05 沒有更多 "毒性" 相關的新聞 !!! >>>
  ------------------------------------------------------
    >> 搜尋關鍵字:"毒品"; 網址:"https://www.cna.com.tw/search/hysearchws.aspx?q=毒品"
         <<< 2020-10-05 沒有更多 "毒品" 相關的新聞 !!! >>>
  ------------------------------------------------------
    >> 搜尋關鍵字:"致癌"; 網址:"https://www.cna.com.tw/search/hysearchws.aspx?q=致癌"
         <<< 2020-10-05 沒有更多 "致癌" 相關的新聞 !!! >>>
  ------------------------------------------------------
    >> 搜尋關鍵字:"重金屬"; 網址:"https://www.cna.com.tw/search/hysearchws.aspx?q=重金屬"
         <<< 2020-10-05 沒有更多 "重金屬" 相關的新聞 !!! >>>
  ------------------------------------------------------
    >> 搜尋關鍵字:"食安"; 網址:"https://www.cna.com.tw/search/hysearchws.aspx?q=食安"
         <<< 2020-10-05 沒有更多 "食安" 相關的新聞 !!! >>>
  ------------------------------------------------------
    >> 搜尋關鍵字:"香料"; 網址:"https://www.cna.com.tw/search/hysearchws.aspx?q=香料"
         <<< 2020-10-05 沒有更多 "香料" 相關的新聞 !!! >>>
  ------------------------------------------------------
    >> 搜尋關鍵字:"原料"; 網址:"https://www.cna.com.tw/search/hysearchws.aspx?q=原料"
         >>> 找到關鍵字 "原料"; 文章資訊: 2020-10-04 16:59:00, 杏輝世達博謙藥廠出包食藥署列嚴重違反GMP藥商202010041659, https://www.cna.com.tw/news/firstnews/202010040148.aspx
         >>> 找到關鍵字 "原料"; 文章資訊: 2020-10-04 10:20:00, 華為中芯拉貨潮9月出口可望連3紅202010041020, https://www.cna.com.tw/news/afe/202010040038.aspx
         <<< 2020-10-05 沒有更多 "原料" 相關的新聞 !!! >>>
  ------------------------------------------------------
    >> 搜尋關鍵字:"氣爆"; 網址:"https://www.cna.com.tw/search/hysearchws.aspx?q=氣爆"
         <<< 2020-10-05 沒有更多 "氣爆" 相關的新聞 !!! >>>
  ------------------------------------------------------
    >> 搜尋關鍵字:"添加物"; 網址:"https://www.cna.com.tw/search/hysearchws.aspx?q=添加物"
         <<< 2020-10-05 沒有更多 "添加物" 相關的新聞 !!! >>>
  ------------------------------------------------------
    >> 搜尋關鍵字:"黑心"; 網址:"https://www.cna.com.tw/search/hysearchws.aspx?q=黑心"
         <<< 2020-10-05 沒有更多 "黑心" 相關的新聞 !!! >>>
  ------------------------------------------------------
    >> 搜尋關鍵字:"漂白"; 網址:"https://www.cna.com.tw/search/hysearchws.aspx?q=漂白"
         <<< 2020-10-05 沒有更多 "漂白" 相關的新聞 !!! >>>
  ------------------------------------------------------
    >> 搜尋關鍵字:"爆炸"; 網址:"https://www.cna.com.tw/search/hysearchws.aspx?q=爆炸"
         >>> 找到關鍵字 "爆炸"; 文章資訊: 2020-10-04 16:30:00, 與亞塞拜然戰火激化亞美尼亞稱面臨關鍵時刻202010041630, https://www.cna.com.tw/news/aopl/202010040140.aspx
         >>> 找到關鍵字 "爆炸"; 文章資訊: 2020-10-04 16:42:00, 台灣設計展從科技出發超連結展區走進未來202010041642, https://www.cna.com.tw/news/acul/202010040144.aspx
         <<< 2020-10-05 沒有更多 "爆炸" 相關的新聞 !!! >>>
  ------------------------------------------------------
    >> 搜尋關鍵字:"新興"; 網址:"https://www.cna.com.tw/search/hysearchws.aspx?q=新興"
         >>> 找到關鍵字 "新興"; 文章資訊: 2020-10-04 11:38:00, 前8月積體電路出口創新高貿易成長關鍵動能202010041138, https://www.cna.com.tw/news/afe/202010040066.aspx
         <<< 2020-10-05 沒有更多 "新興" 相關的新聞 !!! >>>
  ------------------------------------------------------
    >> 搜尋關鍵字:"爆裂物"; 網址:"https://www.cna.com.tw/search/hysearchws.aspx?q=爆裂物"
         <<< 2020-10-05 沒有更多 "爆裂物" 相關的新聞 !!! >>>
  ------------------------------------------------------
    >> 搜尋關鍵字:"IED"; 網址:"https://www.cna.com.tw/search/hysearchws.aspx?q=IED"
         <<< 2020-10-05 沒有更多 "IED" 相關的新聞 !!! >>>
  ------------------------------------------------------
    >> 搜尋關鍵字:"排放"; 網址:"https://www.cna.com.tw/search/hysearchws.aspx?q=排放"
         >>> 找到關鍵字 "排放"; 文章資訊: 2020-10-04 18:02:00, 蘭州布氏桿菌事件啟動賠償受害民眾不買帳202010041802, https://www.cna.com.tw/news/acn/202010040171.aspx
         >>> 找到關鍵字 "排放"; 文章資訊: 2020-10-04 11:53:00, 收假日臭氧濃度偏高空氣品質橘色提醒202010041153, https://www.cna.com.tw/news/ahel/202010040068.aspx
         <<< 2020-10-05 沒有更多 "排放" 相關的新聞 !!! >>>
  ------------------------------------------------------
    >> 搜尋關鍵字:"污染"; 網址:"https://www.cna.com.tw/search/hysearchws.aspx?q=污染"
         >>> 找到關鍵字 "污染"; 文章資訊: 2020-10-04 18:28:00, 俄遠東堪察加地區發生海水汙染環團憂生態災難202010041828, https://www.cna.com.tw/news/aopl/202010040177.aspx
         >>> 找到關鍵字 "污染"; 文章資訊: 2020-10-04 15:12:00, 中火增燃氣機組報告書未完整中市府請台電補正202010041512, https://www.cna.com.tw/news/aloc/202010040122.aspx
         >>> 找到關鍵字 "污染"; 文章資訊: 2020-10-04 11:53:00, 收假日臭氧濃度偏高空氣品質橘色提醒202010041153, https://www.cna.com.tw/news/ahel/202010040068.aspx
         >>> 找到關鍵字 "污染"; 文章資訊: 2020-10-04 08:07:00, 各地天氣穩定西半部日夜溫差大202010040807, https://www.cna.com.tw/news/ahel/202010040018.aspx
         <<< 2020-10-05 沒有更多 "污染" 相關的新聞 !!! >>>
  ------------------------------------------------------
    >> 搜尋關鍵字:"廢水"; 網址:"https://www.cna.com.tw/search/hysearchws.aspx?q=廢水"
         <<< 2020-10-05 沒有更多 "廢水" 相關的新聞 !!! >>>
  ------------------------------------------------------
    >> 搜尋關鍵字:"污水"; 網址:"https://www.cna.com.tw/search/hysearchws.aspx?q=污水"
         >>> 找到關鍵字 "污水"; 文章資訊: 2020-10-04 21:33:00, 塞車舊照亂爆退房潮清境指標旅館闢謠幾乎全滿202010042133, https://www.cna.com.tw/news/ahel/202010040202.aspx
         <<< 2020-10-05 沒有更多 "污水" 相關的新聞 !!! >>>
  ------------------------------------------------------
    >> 搜尋關鍵字:"洩漏"; 網址:"https://www.cna.com.tw/search/hysearchws.aspx?q=洩漏"
         <<< 2020-10-05 沒有更多 "洩漏" 相關的新聞 !!! >>>
  ------------------------------------------------------
    >> 搜尋關鍵字:"暗管"; 網址:"https://www.cna.com.tw/search/hysearchws.aspx?q=暗管"
         <<< 2020-10-05 沒有更多 "暗管" 相關的新聞 !!! >>>
  ------------------------------------------------------
    >> 搜尋關鍵字:"偷排"; 網址:"https://www.cna.com.tw/search/hysearchws.aspx?q=偷排"
         <<< 2020-10-05 沒有更多 "偷排" 相關的新聞 !!! >>>
  ------------------------------------------------------
    >> 搜尋關鍵字:"安全"; 網址:"https://www.cna.com.tw/search/hysearchws.aspx?q=安全"
         >>> 找到關鍵字 "安全"; 文章資訊: 2020-10-05 06:08:00, 川普確診染疫美國副總統彭斯篩檢再呈陰性202010050608, https://www.cna.com.tw/news/aopl/202010050007.aspx
         >>> 找到關鍵字 "安全"; 文章資訊: 2020-10-04 23:33:00, 日媒中國軍方研判美日想建立海洋聯盟202010042333, https://www.cna.com.tw/news/aopl/202010040214.aspx
         >>> 找到關鍵字 "安全"; 文章資訊: 2020-10-04 22:30:00, 中芯國際證實遭美進一步限制影響可能大不利202010042230, https://www.cna.com.tw/news/firstnews/202010040208.aspx
         >>> 找到關鍵字 "安全"; 文章資訊: 2020-10-04 20:43:00, 川普確診後拜登民調領先差距擴大至10個百分點202010042043, https://www.cna.com.tw/news/aopl/202010040194.aspx
         >>> 找到關鍵字 "安全"; 文章資訊: 2020-10-04 20:09:00, 柬埔寨移除海軍基地美國設施惹議副總理闢謠202010042009, https://www.cna.com.tw/news/aopl/202010040191.aspx
         >>> 找到關鍵字 "安全"; 文章資訊: 2020-10-04 19:46:00, 求職個資傳遭駭104人力銀行已報案清查中202010041946, https://www.cna.com.tw/news/ahel/202010040188.aspx
         >>> 找到關鍵字 "安全"; 文章資訊: 2020-10-04 18:05:00, 慰勞中秋連假留守駐衛警蘇貞昌請吃小籠包影202010041805, https://www.cna.com.tw/news/aipl/202010040173.aspx
         >>> 找到關鍵字 "安全"; 文章資訊: 2020-10-04 19:03:00, 吉林扶餘連環車禍18名死者多為打零工民眾202010041903, https://www.cna.com.tw/news/acn/202010040181.aspx
         >>> 找到關鍵字 "安全"; 文章資訊: 2020-10-04 16:59:00, 杏輝世達博謙藥廠出包食藥署列嚴重違反GMP藥商202010041659, https://www.cna.com.tw/news/firstnews/202010040148.aspx
         >>> 找到關鍵字 "安全"; 文章資訊: 2020-10-04 15:31:00, 東北季風導致海象不佳馬祖船班預計停航5天202010041531, https://www.cna.com.tw/news/ahel/202010040127.aspx
         >>> 找到關鍵字 "安全"; 文章資訊: 2020-10-04 12:36:00, 玉山單攻要抽籤限額60人上午10時未到排雲山莊須下山202010041236, https://www.cna.com.tw/news/firstnews/202010040080.aspx
         >>> 找到關鍵字 "安全"; 文章資訊: 2020-10-04 13:53:00, 搶青年票網路實體並進民進黨要做領導品牌202010041353, https://www.cna.com.tw/news/aipl/202010040097.aspx
         >>> 找到關鍵字 "安全"; 文章資訊: 2020-10-04 12:00:00, 公費流感疫苗5日開打6個月內嬰父母或50歲以上可接種202010041200, https://www.cna.com.tw/news/firstnews/202010040069.aspx
         >>> 找到關鍵字 "安全"; 文章資訊: 2020-10-04 12:55:00, 荷蘭保安大陣仗押運上萬金條千箱金幣202010041255, https://www.cna.com.tw/news/aopl/202010040085.aspx
         >>> 找到關鍵字 "安全"; 文章資訊: 2020-10-04 09:43:00, 蔡總統深化視導後勤體系專家籲及早應對消耗戰202010040943, https://www.cna.com.tw/news/aipl/202010040031.aspx
         >>> 找到關鍵字 "安全"; 文章資訊: 2020-10-04 09:43:00, 教召改革專家政府應跨部會研擬最佳方案202010040943, https://www.cna.com.tw/news/firstnews/202010040032.aspx
         >>> 找到關鍵字 "安全"; 文章資訊: 2020-10-04 12:07:00, 上海長假爆旅遊人潮消費戰力有待觀察202010041207, https://www.cna.com.tw/news/acn/202010040071.aspx
         >>> 找到關鍵字 "安全"; 文章資訊: 2020-10-04 09:44:00, 蔡總統柔性凝聚軍心影像敘事提振士氣202010040944, https://www.cna.com.tw/news/aipl/202010040033.aspx
         >>> 找到關鍵字 "安全"; 文章資訊: 2020-10-04 11:17:00, 馬利成立過渡政府美國務院重返憲政第一步202010041117, https://www.cna.com.tw/news/aopl/202010040052.aspx
         >>> 找到關鍵字 "安全"; 文章資訊: 2020-10-04 08:11:00, 川普再度露面氣色好轉誓言全力抗疫影202010040811, https://www.cna.com.tw/news/firstnews/202010040019.aspx
         >>> 找到關鍵字 "安全"; 文章資訊: 2020-10-04 10:00:00, 川普染疫蓬佩奧縮短亞洲訪問行程202010041000, https://www.cna.com.tw/news/aopl/202010040036.aspx
         >>> 找到關鍵字 "安全"; 文章資訊: 2020-10-04 08:07:00, 各地天氣穩定西半部日夜溫差大202010040807, https://www.cna.com.tw/news/ahel/202010040018.aspx
         >>> 找到關鍵字 "安全"; 文章資訊: 2020-10-04 07:20:00, 早安世界魏如萱奪歌后吳青峰封歌王阿爆金曲奪3獎成最大贏家202010040720, https://www.cna.com.tw/news/firstnews/202010045001.aspx
         <<< 2020-10-05 沒有更多 "安全" 相關的新聞 !!! >>>
  ------------------------------------------------------
    >> 搜尋關鍵字:"槽車"; 網址:"https://www.cna.com.tw/search/hysearchws.aspx?q=槽車"
         <<< 2020-10-05 沒有更多 "槽車" 相關的新聞 !!! >>>
       >> 檔案輸出
        ------------------------------------------------------
      >> 下載新聞內容
      >> 下載 https://www.cna.com.tw/news/aopl/202010040177.aspx, 俄遠東堪察加地區發生海水汙染環團憂生態災難202010041828
      >> 下載 https://www.cna.com.tw/news/firstnews/202010045001.aspx, 早安世界魏如萱奪歌后吳青峰封歌王阿爆金曲奪3獎成最大贏家202010040720
      >> 下載 https://www.cna.com.tw/news/ahel/202010040188.aspx, 求職個資傳遭駭104人力銀行已報案清查中202010041946
      >> 下載 https://www.cna.com.tw/news/ahel/202010040106.aspx, 防山豬吊危害黑熊林務局6日商議獵具實名制202010041415
      >> 下載 https://www.cna.com.tw/news/asoc/202010040102.aspx, 張錫銘假釋遭駁興訟案件移台南地院審理202010041405
      >> 下載 https://www.cna.com.tw/news/firstnews/202010040148.aspx, 杏輝世達博謙藥廠出包食藥署列嚴重違反GMP藥商202010041659
      >> 下載 https://www.cna.com.tw/news/afe/202010040038.aspx, 華為中芯拉貨潮9月出口可望連3紅202010041020
      >> 下載 https://www.cna.com.tw/news/aopl/202010040140.aspx, 與亞塞拜然戰火激化亞美尼亞稱面臨關鍵時刻202010041630
      >> 下載 https://www.cna.com.tw/news/acul/202010040144.aspx, 台灣設計展從科技出發超連結展區走進未來202010041642
      >> 下載 https://www.cna.com.tw/news/afe/202010040066.aspx, 前8月積體電路出口創新高貿易成長關鍵動能202010041138
      >> 下載 https://www.cna.com.tw/news/acn/202010040171.aspx, 蘭州布氏桿菌事件啟動賠償受害民眾不買帳202010041802
      >> 下載 https://www.cna.com.tw/news/ahel/202010040068.aspx, 收假日臭氧濃度偏高空氣品質橘色提醒202010041153
      >> 下載 https://www.cna.com.tw/news/aopl/202010040177.aspx, 俄遠東堪察加地區發生海水汙染環團憂生態災難202010041828
      >> 下載 https://www.cna.com.tw/news/aloc/202010040122.aspx, 中火增燃氣機組報告書未完整中市府請台電補正202010041512
      >> 下載 https://www.cna.com.tw/news/ahel/202010040068.aspx, 收假日臭氧濃度偏高空氣品質橘色提醒202010041153
      >> 下載 https://www.cna.com.tw/news/ahel/202010040018.aspx, 各地天氣穩定西半部日夜溫差大202010040807
      >> 下載 https://www.cna.com.tw/news/ahel/202010040202.aspx, 塞車舊照亂爆退房潮清境指標旅館闢謠幾乎全滿202010042133
      >> 下載 https://www.cna.com.tw/news/aopl/202010050007.aspx, 川普確診染疫美國副總統彭斯篩檢再呈陰性202010050608
      >> 下載 https://www.cna.com.tw/news/aopl/202010040214.aspx, 日媒中國軍方研判美日想建立海洋聯盟202010042333
      >> 下載 https://www.cna.com.tw/news/firstnews/202010040208.aspx, 中芯國際證實遭美進一步限制影響可能大不利202010042230
      >> 下載 https://www.cna.com.tw/news/aopl/202010040194.aspx, 川普確診後拜登民調領先差距擴大至10個百分點202010042043
      >> 下載 https://www.cna.com.tw/news/aopl/202010040191.aspx, 柬埔寨移除海軍基地美國設施惹議副總理闢謠202010042009
      >> 下載 https://www.cna.com.tw/news/ahel/202010040188.aspx, 求職個資傳遭駭104人力銀行已報案清查中202010041946
      >> 下載 https://www.cna.com.tw/news/aipl/202010040173.aspx, 慰勞中秋連假留守駐衛警蘇貞昌請吃小籠包影202010041805
      >> 下載 https://www.cna.com.tw/news/acn/202010040181.aspx, 吉林扶餘連環車禍18名死者多為打零工民眾202010041903
      >> 下載 https://www.cna.com.tw/news/firstnews/202010040148.aspx, 杏輝世達博謙藥廠出包食藥署列嚴重違反GMP藥商202010041659
      >> 下載 https://www.cna.com.tw/news/ahel/202010040127.aspx, 東北季風導致海象不佳馬祖船班預計停航5天202010041531
      >> 下載 https://www.cna.com.tw/news/firstnews/202010040080.aspx, 玉山單攻要抽籤限額60人上午10時未到排雲山莊須下山202010041236
      >> 下載 https://www.cna.com.tw/news/aipl/202010040097.aspx, 搶青年票網路實體並進民進黨要做領導品牌202010041353
      >> 下載 https://www.cna.com.tw/news/firstnews/202010040069.aspx, 公費流感疫苗5日開打6個月內嬰父母或50歲以上可接種202010041200
      >> 下載 https://www.cna.com.tw/news/aopl/202010040085.aspx, 荷蘭保安大陣仗押運上萬金條千箱金幣202010041255
      >> 下載 https://www.cna.com.tw/news/aipl/202010040031.aspx, 蔡總統深化視導後勤體系專家籲及早應對消耗戰202010040943
      >> 下載 https://www.cna.com.tw/news/firstnews/202010040032.aspx, 教召改革專家政府應跨部會研擬最佳方案202010040943
      >> 下載 https://www.cna.com.tw/news/acn/202010040071.aspx, 上海長假爆旅遊人潮消費戰力有待觀察202010041207
      >> 下載 https://www.cna.com.tw/news/aipl/202010040033.aspx, 蔡總統柔性凝聚軍心影像敘事提振士氣202010040944
      >> 下載 https://www.cna.com.tw/news/aopl/202010040052.aspx, 馬利成立過渡政府美國務院重返憲政第一步202010041117
      >> 下載 https://www.cna.com.tw/news/firstnews/202010040019.aspx, 川普再度露面氣色好轉誓言全力抗疫影202010040811
      >> 下載 https://www.cna.com.tw/news/aopl/202010040036.aspx, 川普染疫蓬佩奧縮短亞洲訪問行程202010041000
      >> 下載 https://www.cna.com.tw/news/ahel/202010040018.aspx, 各地天氣穩定西半部日夜溫差大202010040807
      >> 下載 https://www.cna.com.tw/news/firstnews/202010045001.aspx, 早安世界魏如萱奪歌后吳青峰封歌王阿爆金曲奪3獎成最大贏家202010040720
