     -----> 新聞爬蟲：蘋果日報

           <<< 蘋果日報新聞搜尋 >>>
  ------------------------------------------------------
  ------------------------------------------------------
    >> 搜尋關鍵字:"工業用"; 網址:"https://tw.appledaily.com/search/工業用/"
         <<< 2020-09-30 沒有更多 "工業用" 相關的新聞 !!! >>>
  ------------------------------------------------------
    >> 搜尋關鍵字:"化工"; 網址:"https://tw.appledaily.com/search/化工/"
         <<< 2020-09-30 沒有更多 "化工" 相關的新聞 !!! >>>
  ------------------------------------------------------
    >> 搜尋關鍵字:"化災"; 網址:"https://tw.appledaily.com/search/化災/"
         <<< 2020-09-30 沒有更多 "化災" 相關的新聞 !!! >>>
  ------------------------------------------------------
    >> 搜尋關鍵字:"化學"; 網址:"https://tw.appledaily.com/search/化學/"
         <<< 2020-09-30 沒有更多 "化學" 相關的新聞 !!! >>>
  ------------------------------------------------------
    >> 搜尋關鍵字:"外洩"; 網址:"https://tw.appledaily.com/search/外洩/"
         >>> 找到關鍵字 "外洩"; 文章資訊: 2020-09-30 00:00:00, 黃立成挺歐陽娜娜被罵翻改口Taiwannumber1, https://tw.appledaily.com/headline/20200930/EV3QPWXF3VGSDDSHXQBHTSB4IQ/
         >>> 找到關鍵字 "外洩"; 文章資訊: 2020-09-30 03:01:00, 國道彰化系統重大車禍氫氣槽車墜20米高匝道爆炸起火駕駛拋飛慘死, https://tw.appledaily.com/local/20200930/6H23IZA3YBFTXJBCHGWR4CSA5Q/
         <<< 2020-09-30 沒有更多 "外洩" 相關的新聞 !!! >>>
  ------------------------------------------------------
    >> 搜尋關鍵字:"危害"; 網址:"https://tw.appledaily.com/search/危害/"
         >>> 找到關鍵字 "危害"; 文章資訊: 2020-09-30 00:00:00, 力推國安三法設防護網阻滲透, https://tw.appledaily.com/headline/20200930/WSKWB5JPBBC6DN7NEE637BNOOA/
         >>> 找到關鍵字 "危害"; 文章資訊: 2020-09-30 00:00:00, 蘋論自由多元才是台灣的驕傲, https://tw.appledaily.com/headline/20200930/2QTJ5XIR7VBRPEOBRLGVYW4VCI/
         >>> 找到關鍵字 "危害"; 文章資訊: 2020-09-30 00:00:00, 防紅色滲透媒體電信擋中資, https://tw.appledaily.com/headline/20200930/6SSLHAT2SFDTHG635QE3EYT5HA/
         >>> 找到關鍵字 "危害"; 文章資訊: 2020-09-30 01:43:00, 中國奶粉品牌加國設廠要求政府提供出口配額限制競爭, https://tw.appledaily.com/international/20200930/6OSAU5YN6REWPOPYJAHO7B5YJY/
         >>> 找到關鍵字 "危害"; 文章資訊: 2020-09-29 22:59:00, 雲林豆干厝得來速發大財17歲少女賣淫警封街逮41男女, https://tw.appledaily.com/local/20200929/M2ZX6W2GIZFKDPNAMYRKCS3EFM/
         >>> 找到關鍵字 "危害"; 文章資訊: 2020-09-29 19:53:00, 酒駕男心虛拒檢亂飆酒測未達標反因危險駕駛判刑3月, https://tw.appledaily.com/local/20200929/5ODZU5FRZFBZLGIBQMC2LXYULE/
         >>> 找到關鍵字 "危害"; 文章資訊: 2020-09-29 15:05:00, 未戴口罩進醫院遭阻竟揮刀失眠男遭判刑2個月, https://tw.appledaily.com/local/20200929/3NHZA2PGDFEJJACYGW3KLDC4RQ/
         <<< 2020-09-30 沒有更多 "危害" 相關的新聞 !!! >>>
  ------------------------------------------------------
    >> 搜尋關鍵字:"有毒"; 網址:"https://tw.appledaily.com/search/有毒/"
         <<< 2020-09-30 沒有更多 "有毒" 相關的新聞 !!! >>>
  ------------------------------------------------------
    >> 搜尋關鍵字:"有害"; 網址:"https://tw.appledaily.com/search/有害/"
         >>> 找到關鍵字 "有害"; 文章資訊: 2020-09-30 00:12:00, 望月樓秋蟹玩創意燕窩蟹肉炒蛋白奢華升級, https://tw.appledaily.com/supplement/20200930/6JVEV2YKUZAEXF4SMJQ2PIFIUE/
         >>> 找到關鍵字 "有害"; 文章資訊: 2020-09-30 00:08:00, 統一麵聯手台南花園夜市推限定料理TCRC蘇格蘭沒有蛋搭酒超吸睛, https://tw.appledaily.com/supplement/20200930/3MW3KGHLR5DZBD6U7FQ34FOQWU/
         >>> 找到關鍵字 "有害"; 文章資訊: 2020-09-29 20:54:00, 美國大選抗中成共識美媒拜登需打造強硬中國政策對陣川普, https://tw.appledaily.com/international/20200929/LLVIWGNKAJAMVPLDGQPSE3BWZY/
         <<< 2020-09-30 沒有更多 "有害" 相關的新聞 !!! >>>
  ------------------------------------------------------
    >> 搜尋關鍵字:"色料"; 網址:"https://tw.appledaily.com/search/色料/"
         <<< 2020-09-30 沒有更多 "色料" 相關的新聞 !!! >>>
  ------------------------------------------------------
    >> 搜尋關鍵字:"色素"; 網址:"https://tw.appledaily.com/search/色素/"
         <<< 2020-09-30 沒有更多 "色素" 相關的新聞 !!! >>>
  ------------------------------------------------------
    >> 搜尋關鍵字:"毒性"; 網址:"https://tw.appledaily.com/search/毒性/"
         <<< 2020-09-30 沒有更多 "毒性" 相關的新聞 !!! >>>
  ------------------------------------------------------
    >> 搜尋關鍵字:"毒品"; 網址:"https://tw.appledaily.com/search/毒品/"
      **** something wrong!! Restart it!! ****
  ------------------------------------------------------
    >> 搜尋關鍵字:"致癌"; 網址:"https://tw.appledaily.com/search/致癌/"
         <<< 2020-09-30 沒有更多 "致癌" 相關的新聞 !!! >>>
  ------------------------------------------------------
    >> 搜尋關鍵字:"重金屬"; 網址:"https://tw.appledaily.com/search/重金屬/"
         <<< 2020-09-30 沒有更多 "重金屬" 相關的新聞 !!! >>>
  ------------------------------------------------------
    >> 搜尋關鍵字:"食安"; 網址:"https://tw.appledaily.com/search/食安/"
         >>> 找到關鍵字 "食安"; 文章資訊: 2020-09-30 00:00:00, 壽司郎小蒙牛9店食安出包, https://tw.appledaily.com/headline/20200930/MVCK5IQR4FEZBLPAPVXEOZG7Z4/
         >>> 找到關鍵字 "食安"; 文章資訊: 2020-09-29 16:15:00, 美豬進口藍委質疑政院食安會報逾一年未開蘇揆一度答不出來, https://tw.appledaily.com/politics/20200929/SG6ARVYFCFG2ZNUBM44TKICG6E/
         <<< 2020-09-30 沒有更多 "食安" 相關的新聞 !!! >>>
  ------------------------------------------------------
    >> 搜尋關鍵字:"香料"; 網址:"https://tw.appledaily.com/search/香料/"
         >>> 找到關鍵字 "香料"; 文章資訊: 2020-09-30 00:12:00, 望月樓秋蟹玩創意燕窩蟹肉炒蛋白奢華升級, https://tw.appledaily.com/supplement/20200930/6JVEV2YKUZAEXF4SMJQ2PIFIUE/
         >>> 找到關鍵字 "香料"; 文章資訊: 2020-09-29 12:32:00, 三菜一湯中餐必勝89魅力四射八角清湯腩脂香九層塔蛋餅清新, https://tw.appledaily.com/supplement/20200929/AVKFTEKE3FBIXP5LCC5EI5GNEA/
         <<< 2020-09-30 沒有更多 "香料" 相關的新聞 !!! >>>
  ------------------------------------------------------
    >> 搜尋關鍵字:"原料"; 網址:"https://tw.appledaily.com/search/原料/"
      **** something wrong!! Restart it!! ****
  ------------------------------------------------------
    >> 搜尋關鍵字:"氣爆"; 網址:"https://tw.appledaily.com/search/氣爆/"
         >>> 找到關鍵字 "氣爆"; 文章資訊: 2020-09-29 22:43:00, 嘉義市大樓深夜氣爆竄火1男多處燒燙傷送醫, https://tw.appledaily.com/local/20200929/RRHM4OE5ZBATPJM7ZUSCQQ7NNM/
         <<< 2020-09-30 沒有更多 "氣爆" 相關的新聞 !!! >>>
  ------------------------------------------------------
    >> 搜尋關鍵字:"添加物"; 網址:"https://tw.appledaily.com/search/添加物/"
         <<< 2020-09-30 沒有更多 "添加物" 相關的新聞 !!! >>>
  ------------------------------------------------------
    >> 搜尋關鍵字:"黑心"; 網址:"https://tw.appledaily.com/search/黑心/"
      **** something wrong!! Restart it!! ****
  ------------------------------------------------------
    >> 搜尋關鍵字:"漂白"; 網址:"https://tw.appledaily.com/search/漂白/"
         <<< 2020-09-30 沒有更多 "漂白" 相關的新聞 !!! >>>
  ------------------------------------------------------
    >> 搜尋關鍵字:"爆炸"; 網址:"https://tw.appledaily.com/search/爆炸/"
         >>> 找到關鍵字 "爆炸"; 文章資訊: 2020-09-30 06:47:00, 國道重大車禍氫氣槽車20米高墜地爆炸駕駛慘死民宅晃動如大地震, https://tw.appledaily.com/local/20200930/6H23IZA3YBFTXJBCHGWR4CSA5Q/
         <<< 2020-09-30 沒有更多 "爆炸" 相關的新聞 !!! >>>
  ------------------------------------------------------
    >> 搜尋關鍵字:"新興"; 網址:"https://tw.appledaily.com/search/新興/"
         >>> 找到關鍵字 "新興"; 文章資訊: 2020-09-30 05:30:00, 蘋果頭家美帝國已老全球避險基金之王戴利歐尋500年歷史求解答, https://tw.appledaily.com/property/20200930/PRVORWBZRRFPLE7UJ6TT2ZF3II/
         >>> 找到關鍵字 "新興"; 文章資訊: 2020-09-30 00:00:00, 產銷履歷前進無印良品台中門市全臺首賣生鮮蔬果, https://tw.appledaily.com/lifestyle/20201001/CCJONLV3EVHFRAYTMMBXUOA5GU/
         <<< 2020-09-30 沒有更多 "新興" 相關的新聞 !!! >>>
  ------------------------------------------------------
    >> 搜尋關鍵字:"爆裂物"; 網址:"https://tw.appledaily.com/search/爆裂物/"
         <<< 2020-09-30 沒有更多 "爆裂物" 相關的新聞 !!! >>>
  ------------------------------------------------------
    >> 搜尋關鍵字:"IED"; 網址:"https://tw.appledaily.com/search/IED/"
      **** something wrong!! Restart it!! ****
  ------------------------------------------------------
    >> 搜尋關鍵字:"排放"; 網址:"https://tw.appledaily.com/search/排放/"
         <<< 2020-09-30 沒有更多 "排放" 相關的新聞 !!! >>>
  ------------------------------------------------------
    >> 搜尋關鍵字:"污染"; 網址:"https://tw.appledaily.com/search/污染/"
         <<< 2020-09-30 沒有更多 "污染" 相關的新聞 !!! >>>
  ------------------------------------------------------
    >> 搜尋關鍵字:"廢水"; 網址:"https://tw.appledaily.com/search/廢水/"
      **** something wrong!! Restart it!! ****
  ------------------------------------------------------
    >> 搜尋關鍵字:"污水"; 網址:"https://tw.appledaily.com/search/污水/"
         <<< 2020-09-30 沒有更多 "污水" 相關的新聞 !!! >>>
  ------------------------------------------------------
    >> 搜尋關鍵字:"洩漏"; 網址:"https://tw.appledaily.com/search/洩漏/"
         <<< 2020-09-30 沒有更多 "洩漏" 相關的新聞 !!! >>>
  ------------------------------------------------------
    >> 搜尋關鍵字:"暗管"; 網址:"https://tw.appledaily.com/search/暗管/"
      **** something wrong!! Restart it!! ****
  ------------------------------------------------------
    >> 搜尋關鍵字:"偷排"; 網址:"https://tw.appledaily.com/search/偷排/"
