     -----> 新聞爬蟲：聯合新聞網

           <<< 聯合新聞網新聞搜尋 >>>
        ------------------------------------------------------
        ------------------------------------------------------
       >> 搜尋關鍵字:"工業用"; 網址:"https://udn.com/search/word/2/工業用"
         >>> 找到關鍵字 "工業用"; 文章資訊: 2020-10-03 02:03:13, 下個兆元產業各方搶進, https://udn.com/news/story/7240/4906278
         >>> 找到關鍵字 "工業用"; 文章資訊: 2020-10-02 23:58:50, 農田水利署掛牌雙頭馬車如何協調, https://udn.com/news/story/7339/4906345
         <<< 2020-10-03 沒有更多 "工業用" 相關的新聞 !!! >>>
        ------------------------------------------------------
       >> 搜尋關鍵字:"化工"; 網址:"https://udn.com/search/word/2/化工"
         >>> 找到關鍵字 "化工"; 文章資訊: 2020-10-02 17:09:06, 凜冬已至美國多家企業宣布裁員, https://udn.com/news/story/6811/4905604
         >>> 找到關鍵字 "化工"; 文章資訊: 2020-10-02 10:55:00, LamborghiniV12超跑新里程碑第10000輛Aventador下線, https://autos.udn.com/autos/story/7826/4904679
         <<< 2020-10-03 沒有更多 "化工" 相關的新聞 !!! >>>
        ------------------------------------------------------
       >> 搜尋關鍵字:"化災"; 網址:"https://udn.com/search/word/2/化災"
         <<< 2020-10-03 沒有更多 "化災" 相關的新聞 !!! >>>
        ------------------------------------------------------
       >> 搜尋關鍵字:"化學"; 網址:"https://udn.com/search/word/2/化學"
         >>> 找到關鍵字 "化學"; 文章資訊: 2020-10-03 02:15:04, 家登瑞耘帆宣營運帶勁, https://udn.com/news/story/7251/4905836
         >>> 找到關鍵字 "化學"; 文章資訊: 2020-10-02 22:58:56, 三峽登革熱群聚4桃園人染疫, https://udn.com/news/story/7266/4905958
         >>> 找到關鍵字 "化學"; 文章資訊: 2020-10-02 16:26:00, 三峽登革熱群聚桃園4人染疫衛生局加強山區孳清防治, https://health.udn.com/health/story/5961/4905299
         >>> 找到關鍵字 "化學"; 文章資訊: 2020-10-02 14:33:46, 三峽登革熱群聚桃園4人染疫衛生局加強山區孳清防治, https://udn.com/news/story/7324/4905299
         >>> 找到關鍵字 "化學"; 文章資訊: 2020-10-02 13:49:06, 口腔癌患者入住禪院靜養死亡住持遭檢舉詐欺獲不起訴, https://udn.com/news/story/7321/4905189
         >>> 找到關鍵字 "化學"; 文章資訊: 2020-10-02 12:39:11, 帶著蜜蜂逐百花而居新北蜂農堅持釀優質蜂蜜, https://udn.com/news/story/7323/4904986
         <<< 2020-10-03 沒有更多 "化學" 相關的新聞 !!! >>>
        ------------------------------------------------------
       >> 搜尋關鍵字:"外洩"; 網址:"https://udn.com/search/word/2/外洩"
         >>> 找到關鍵字 "外洩"; 文章資訊: 2020-10-02 17:38:11, 苗縣舊手機回收開始了繳舊機有機會抽中新機, https://udn.com/news/story/7324/4905650
         <<< 2020-10-03 沒有更多 "外洩" 相關的新聞 !!! >>>
        ------------------------------------------------------
       >> 搜尋關鍵字:"危害"; 網址:"https://udn.com/search/word/2/危害"
         >>> 找到關鍵字 "危害"; 文章資訊: 2020-10-03 06:57:07, 裴洛西籲美航空業者暫緩裁員支持提供紓困, https://udn.com/news/story/6813/4906603
         >>> 找到關鍵字 "危害"; 文章資訊: 2020-10-03 00:57:00, 肌少症恐失智化醫籲自我檢測多做阻力運動改善, https://health.udn.com/health/story/6039/4894927
         >>> 找到關鍵字 "危害"; 文章資訊: 2020-10-03 00:19:22, 黑熊悲吼減少誤捕試辦精準式陷阱, https://udn.com/news/story/7470/4906443
         >>> 找到關鍵字 "危害"; 文章資訊: 2020-10-02 20:48:06, 在台揮舞五星旗王定宇提案開罰李貴敏法務部早打臉, https://udn.com/news/story/6656/4905857
         >>> 找到關鍵字 "危害"; 文章資訊: 2020-10-02 20:06:07, 搭捷運嚼檳榔遭保全勸說檳榔哥嗆回家拿刀下場GG, https://udn.com/news/story/7320/4905806
         >>> 找到關鍵字 "危害"; 文章資訊: 2020-10-02 19:44:07, 查捕通訊行手機竊嫌派出所副所長受傷, https://udn.com/news/story/7315/4905776
         >>> 找到關鍵字 "危害"; 文章資訊: 2020-10-02 16:53:58, 日本全民免費接種疫苗適用救濟制度, https://udn.com/news/story/120944/4905569
         >>> 找到關鍵字 "危害"; 文章資訊: 2020-10-02 10:49:05, 國慶焰火佈彈區嚴禁施放爆竹稽查小組開出51張勸導單, https://udn.com/news/story/7326/4904684
         >>> 找到關鍵字 "危害"; 文章資訊: 2020-10-02 10:33:06, 台中國一南屯交流道兩貨車撞一駕駛右腿骨折陷駕駛座, https://udn.com/news/story/7320/4904658
         >>> 找到關鍵字 "危害"; 文章資訊: 2020-10-02 10:32:08, 為避免台灣黑熊再遭誤捕林務局在3處試辦精準式陷阱, https://udn.com/news/story/7470/4904656
         >>> 找到關鍵字 "危害"; 文章資訊: 2020-10-02 10:00:00, 食安迷思破解反式脂肪0就能大吃特吃, https://health.udn.com/health/story/6037/4884749
         >>> 找到關鍵字 "危害"; 文章資訊: 2020-10-02 09:48:11, 台灣黑熊多次中陷阱中市農業局籲設電圍網取代山豬吊, https://udn.com/news/story/7325/4904589
         >>> 找到關鍵字 "危害"; 文章資訊: 2020-10-02 09:20:14, 大胖公熊被困獸鋏自咬左掌林于凱左掌五趾斷了四趾, https://udn.com/news/story/7470/4904560
         <<< 2020-10-03 沒有更多 "危害" 相關的新聞 !!! >>>
        ------------------------------------------------------
       >> 搜尋關鍵字:"有毒"; 網址:"https://udn.com/search/word/2/有毒"
         >>> 找到關鍵字 "有毒"; 文章資訊: 2020-10-03 00:01:07, 饒河夜市包租婆遭逆子打到昏迷, https://udn.com/news/story/7315/4906324
         >>> 找到關鍵字 "有毒"; 文章資訊: 2020-10-02 19:44:07, 查捕通訊行手機竊嫌派出所副所長受傷, https://udn.com/news/story/7315/4905776
         >>> 找到關鍵字 "有毒"; 文章資訊: 2020-10-02 18:23:03, 川普確診後賴明詔籲政府應主動做國內抗體研究, https://udn.com/news/story/120940/4905708
         >>> 找到關鍵字 "有毒"; 文章資訊: 2020-10-02 18:08:27, 毒品通緝犯缺錢偷iPhone鳳山警負傷逮人, https://udn.com/news/story/7320/4905677
         >>> 找到關鍵字 "有毒"; 文章資訊: 2020-10-02 10:07:06, 毒蟲逆子暗夜討錢不成拔釘器痛打7旬母親老母頭部重創, https://udn.com/news/story/7315/4904611
         <<< 2020-10-03 沒有更多 "有毒" 相關的新聞 !!! >>>
        ------------------------------------------------------
       >> 搜尋關鍵字:"有害"; 網址:"https://udn.com/search/word/2/有害"
         <<< 2020-10-03 沒有更多 "有害" 相關的新聞 !!! >>>
        ------------------------------------------------------
       >> 搜尋關鍵字:"色料"; 網址:"https://udn.com/search/word/2/色料"
         <<< 2020-10-03 沒有更多 "色料" 相關的新聞 !!! >>>
        ------------------------------------------------------
       >> 搜尋關鍵字:"色素"; 網址:"https://udn.com/search/word/2/色素"
         >>> 找到關鍵字 "色素"; 文章資訊: 2020-10-02 09:21:00, 名醫與疾病的對話王明鉅腳綁沙包控糖練出好體力, https://health.udn.com/health/story/6001/4903718
         <<< 2020-10-03 沒有更多 "色素" 相關的新聞 !!! >>>
        ------------------------------------------------------
       >> 搜尋關鍵字:"毒性"; 網址:"https://udn.com/search/word/2/毒性"
         >>> 找到關鍵字 "毒性"; 文章資訊: 2020-10-03 00:20:48, 美日入境境外移入增2例, https://udn.com/news/story/120940/4906472
         >>> 找到關鍵字 "毒性"; 文章資訊: 2020-10-02 18:23:03, 川普確診後賴明詔籲政府應主動做國內抗體研究, https://udn.com/news/story/120940/4905708
         >>> 找到關鍵字 "毒性"; 文章資訊: 2020-10-02 15:00:26, 中國擴大接種試驗中疫苗維權人士不信任, https://udn.com/news/story/7332/4905351
         >>> 找到關鍵字 "毒性"; 文章資訊: 2020-10-02 14:18:00, 新增2例男旅日疑罹流感入境篩檢竟為新冠病毒, https://health.udn.com/health/story/120950/4905248
         >>> 找到關鍵字 "毒性"; 文章資訊: 2020-10-02 14:11:03, 新增2例男旅日疑罹流感入境篩檢竟為新冠病毒, https://udn.com/news/story/120940/4905248
         <<< 2020-10-03 沒有更多 "毒性" 相關的新聞 !!! >>>
        ------------------------------------------------------
       >> 搜尋關鍵字:"毒品"; 網址:"https://udn.com/search/word/2/毒品"
         >>> 找到關鍵字 "毒品"; 文章資訊: 2020-10-03 00:07:19, 紙盒藏咖啡包假外送員真販毒, https://udn.com/news/story/7315/4906382
         >>> 找到關鍵字 "毒品"; 文章資訊: 2020-10-03 00:01:07, 饒河夜市包租婆遭逆子打到昏迷, https://udn.com/news/story/7315/4906324
         >>> 找到關鍵字 "毒品"; 文章資訊: 2020-10-02 19:44:41, 菲律賓掃毒戰受害家屬槍手闖入家中射殺丈夫, https://udn.com/news/story/6809/4905770
         >>> 找到關鍵字 "毒品"; 文章資訊: 2020-10-02 19:44:07, 查捕通訊行手機竊嫌派出所副所長受傷, https://udn.com/news/story/7315/4905776
         >>> 找到關鍵字 "毒品"; 文章資訊: 2020-10-02 18:08:27, 毒品通緝犯缺錢偷iPhone鳳山警負傷逮人, https://udn.com/news/story/7320/4905677
         >>> 找到關鍵字 "毒品"; 文章資訊: 2020-10-02 15:08:17, 偽裝外送員運毒被逮蛋餅盒內起出毒咖啡包, https://udn.com/news/story/7315/4905366
         >>> 找到關鍵字 "毒品"; 文章資訊: 2020-10-02 10:50:07, 扯偽裝熊貓外送員運毒蛋餅盒打開全是毒品咖啡包, https://udn.com/news/story/7315/4904685
         >>> 找到關鍵字 "毒品"; 文章資訊: 2020-10-02 10:07:06, 毒蟲逆子暗夜討錢不成拔釘器痛打7旬母親老母頭部重創, https://udn.com/news/story/7315/4904611
         <<< 2020-10-03 沒有更多 "毒品" 相關的新聞 !!! >>>
        ------------------------------------------------------
       >> 搜尋關鍵字:"致癌"; 網址:"https://udn.com/search/word/2/致癌"
         >>> 找到關鍵字 "致癌"; 文章資訊: 2020-10-02 11:00:00, 網路傳言乳房X光攝影可能會增加乳癌或甲狀腺癌的罹癌風險這是真的嗎, https://health.udn.com/health/story/6029/4900879
         <<< 2020-10-03 沒有更多 "致癌" 相關的新聞 !!! >>>
        ------------------------------------------------------
       >> 搜尋關鍵字:"重金屬"; 網址:"https://udn.com/search/word/2/重金屬"
         >>> 找到關鍵字 "重金屬"; 文章資訊: 2020-10-03 00:42:57, 五股垃圾山毒瘤清除要百億, https://udn.com/news/story/8237/4906389
         <<< 2020-10-03 沒有更多 "重金屬" 相關的新聞 !!! >>>
        ------------------------------------------------------
       >> 搜尋關鍵字:"食安"; 網址:"https://udn.com/search/word/2/食安"
         >>> 找到關鍵字 "食安"; 文章資訊: 2020-10-02 19:58:13, 確保糧食安全四川加快立法鼓勵藏糧於民, https://udn.com/news/story/7331/4905777
         >>> 找到關鍵字 "食安"; 文章資訊: 2020-10-02 17:40:26, 北韓對中國進出口大減疫情衝擊經濟恐達10年, https://udn.com/news/story/6809/4905640
         >>> 找到關鍵字 "食安"; 文章資訊: 2020-10-02 17:00:00, 意美汽車與台灣水果選物品牌知果堂合作以行動支持在地小農, https://autos.udn.com/autos/story/7825/4905579
         >>> 找到關鍵字 "食安"; 文章資訊: 2020-10-02 12:58:28, 藍推問卷調查找支持者一起上街頭反萊豬, https://udn.com/news/story/6656/4905011
         >>> 找到關鍵字 "食安"; 文章資訊: 2020-10-02 11:26:51, 前瞻大錢坑上中央大開支票地方自籌逾4000億財政拉警報, https://udn.com/news/story/120986/4904699
         >>> 找到關鍵字 "食安"; 文章資訊: 2020-10-02 10:00:00, 食安迷思破解反式脂肪0就能大吃特吃, https://health.udn.com/health/story/6037/4884749
         <<< 2020-10-03 沒有更多 "食安" 相關的新聞 !!! >>>
        ------------------------------------------------------
       >> 搜尋關鍵字:"香料"; 網址:"https://udn.com/search/word/2/香料"
         >>> 找到關鍵字 "香料"; 文章資訊: 2020-10-03 00:10:00, 老司機私房美食牛蛙肥魚成年輕人新寵, https://udn.com/news/story/120883/4905821
         <<< 2020-10-03 沒有更多 "香料" 相關的新聞 !!! >>>
        ------------------------------------------------------
       >> 搜尋關鍵字:"原料"; 網址:"https://udn.com/search/word/2/原料"
         >>> 找到關鍵字 "原料"; 文章資訊: 2020-10-03 02:15:20, 川普染疫防疫概念族群又熱了, https://udn.com/news/story/7251/4906356
         >>> 找到關鍵字 "原料"; 文章資訊: 2020-10-03 02:03:12, 石化原料飆漲後市給力, https://udn.com/news/story/7241/4906297
         >>> 找到關鍵字 "原料"; 文章資訊: 2020-10-03 02:03:11, 台塑四寶Q3估大賺300億, https://udn.com/news/story/7241/4906298
         >>> 找到關鍵字 "原料"; 文章資訊: 2020-10-02 10:42:07, 力麗布局3C應用再連莊包辦Google新智慧音箱, https://udn.com/news/story/7240/4904671
         >>> 找到關鍵字 "原料"; 文章資訊: 2020-10-02 08:45:00, 牛排披薩義大利麵都要它想做出經典辣醬得先在釀酒桶放3年, https://health.udn.com/health/story/6037/4897827
         <<< 2020-10-03 沒有更多 "原料" 相關的新聞 !!! >>>
        ------------------------------------------------------
       >> 搜尋關鍵字:"氣爆"; 網址:"https://udn.com/search/word/2/氣爆"
         <<< 2020-10-03 沒有更多 "氣爆" 相關的新聞 !!! >>>
        ------------------------------------------------------
       >> 搜尋關鍵字:"添加物"; 網址:"https://udn.com/search/word/2/添加物"
         <<< 2020-10-03 沒有更多 "添加物" 相關的新聞 !!! >>>
        ------------------------------------------------------
       >> 搜尋關鍵字:"黑心"; 網址:"https://udn.com/search/word/2/黑心"
         <<< 2020-10-03 沒有更多 "黑心" 相關的新聞 !!! >>>
        ------------------------------------------------------
       >> 搜尋關鍵字:"漂白"; 網址:"https://udn.com/search/word/2/漂白"
         >>> 找到關鍵字 "漂白"; 文章資訊: 2020-10-02 16:38:06, 川普確診網發仿辛普森川普躺棺材圖狂酸, https://udn.com/news/story/121707/4905557
         >>> 找到關鍵字 "漂白"; 文章資訊: 2020-10-02 16:27:02, 川普確診新冠肺炎Twitter網友瘋傳躺棺材照嘲諷, https://udn.com/news/story/121707/4905471
         >>> 找到關鍵字 "漂白"; 文章資訊: 2020-10-02 09:07:00, 川普對待家人有另一面川普姪女他連自己媳婦都不認識, https://udn.com/news/story/6813/4900871
         <<< 2020-10-03 沒有更多 "漂白" 相關的新聞 !!! >>>
        ------------------------------------------------------
       >> 搜尋關鍵字:"爆炸"; 網址:"https://udn.com/search/word/2/爆炸"
         >>> 找到關鍵字 "爆炸"; 文章資訊: 2020-10-02 18:00:00, 全球只剩北京標準時間中國正不知不覺主宰了全世界和你的日常, https://udn.com/umedia/story/12906/4857688
         >>> 找到關鍵字 "爆炸"; 文章資訊: 2020-10-02 17:55:42, 川普確診葉毓蘭酸Taiwancanhelp惹批評朱學恆狂轟, https://udn.com/news/story/6656/4905664
         >>> 找到關鍵字 "爆炸"; 文章資訊: 2020-10-02 17:39:11, 葉毓蘭調侃川普夫妻確診新冠朱學痚磪謐狾袺z彈, https://udn.com/news/story/6656/4905653
         >>> 找到關鍵字 "爆炸"; 文章資訊: 2020-10-02 13:07:04, 世界日報社論川普繳750元稅背後可能真有未爆彈, https://udn.com/news/story/121687/4904996
         <<< 2020-10-03 沒有更多 "爆炸" 相關的新聞 !!! >>>
        ------------------------------------------------------
       >> 搜尋關鍵字:"新興"; 網址:"https://udn.com/search/word/2/新興"
         >>> 找到關鍵字 "新興"; 文章資訊: 2020-10-03 05:41:07, 高雄街頭鬥毆6打1警方3小時逮捕涉案人, https://udn.com/news/story/7315/4906582
         >>> 找到關鍵字 "新興"; 文章資訊: 2020-10-03 02:08:20, 川普染疫新興市場資金可能出走, https://udn.com/news/story/6811/4906271
         >>> 找到關鍵字 "新興"; 文章資訊: 2020-10-03 00:07:19, 紙盒藏咖啡包假外送員真販毒, https://udn.com/news/story/7315/4906382
         >>> 找到關鍵字 "新興"; 文章資訊: 2020-10-02 18:13:06, IIF美大選引發不確定性新興市場資金可能大量流出, https://udn.com/news/story/6811/4905695
         >>> 找到關鍵字 "新興"; 文章資訊: 2020-10-02 16:03:46, 連結5大核心戰略產業政府籌組資安國家隊, https://udn.com/news/story/6656/4905477
         <<< 2020-10-03 沒有更多 "新興" 相關的新聞 !!! >>>
        ------------------------------------------------------
       >> 搜尋關鍵字:"爆裂物"; 網址:"https://udn.com/search/word/2/爆裂物"
         <<< 2020-10-03 沒有更多 "爆裂物" 相關的新聞 !!! >>>
        ------------------------------------------------------
       >> 搜尋關鍵字:"IED"; 網址:"https://udn.com/search/word/2/IED"
         <<< 2020-10-03 沒有更多 "IED" 相關的新聞 !!! >>>
        ------------------------------------------------------
       >> 搜尋關鍵字:"排放"; 網址:"https://udn.com/search/word/2/排放"
         >>> 找到關鍵字 "排放"; 文章資訊: 2020-10-03 02:04:18, 台電降空污啟動減煤減排40, https://udn.com/news/story/7238/4906202
         >>> 找到關鍵字 "排放"; 文章資訊: 2020-10-02 21:02:11, 鼓勵檢舉違規使用獸鋏林于凱再建議保護台灣黑熊方法, https://udn.com/news/story/7470/4905889
         >>> 找到關鍵字 "排放"; 文章資訊: 2020-10-02 15:16:11, 台中資源回收車齡10年以上33過高環保局逐年汰換, https://udn.com/news/story/7325/4905402
         <<< 2020-10-03 沒有更多 "排放" 相關的新聞 !!! >>>
        ------------------------------------------------------
       >> 搜尋關鍵字:"污染"; 網址:"https://udn.com/search/word/2/污染"
         >>> 找到關鍵字 "污染"; 文章資訊: 2020-10-03 07:32:11, 露天燃燒稻草最高開罰10萬元中市府籲稻草剪段翻耕, https://udn.com/news/story/7323/4906617
         >>> 找到關鍵字 "污染"; 文章資訊: 2020-10-02 11:11:00, 兒癌治療新突破不限定癌症而以基因突變為治療方向, https://health.udn.com/health/story/6016/4904633
         >>> 找到關鍵字 "污染"; 文章資訊: 2020-10-02 08:43:06, 駐教廷使館中秋宴客不忘防疫大使戴面罩當打菜員, https://udn.com/news/story/6809/4904512
         >>> 找到關鍵字 "污染"; 文章資訊: 2020-10-02 08:41:05, 中國警告巴西不明種子包裹疑是詐騙郵件, https://udn.com/news/story/6809/4904508
         <<< 2020-10-03 沒有更多 "污染" 相關的新聞 !!! >>>
        ------------------------------------------------------
       >> 搜尋關鍵字:"廢水"; 網址:"https://udn.com/search/word/2/廢水"
         >>> 找到關鍵字 "廢水"; 文章資訊: 2020-10-02 23:31:26, 台南竹溪生態豐富月見橋蝙蝠飛舞, https://udn.com/news/story/7326/4906106
         >>> 找到關鍵字 "廢水"; 文章資訊: 2020-10-02 12:13:10, 台南竹溪蝙蝠飛舞居民與看煙火的心情一樣, https://udn.com/news/story/7326/4904887
         <<< 2020-10-03 沒有更多 "廢水" 相關的新聞 !!! >>>
        ------------------------------------------------------
       >> 搜尋關鍵字:"污水"; 網址:"https://udn.com/search/word/2/污水"
         <<< 2020-10-03 沒有更多 "污水" 相關的新聞 !!! >>>
        ------------------------------------------------------
       >> 搜尋關鍵字:"洩漏"; 網址:"https://udn.com/search/word/2/洩漏"
         >>> 找到關鍵字 "洩漏"; 文章資訊: 2020-10-02 23:59:50, 財經掃描陸十四五期間恐加快核電建設, https://udn.com/news/story/7333/4906268
         >>> 找到關鍵字 "洩漏"; 文章資訊: 2020-10-02 14:28:34, 金曲31星光爆棚蔡依林Ella魚丁糸全都來了, https://style.udn.com/style/story/8065/4904831
         >>> 找到關鍵字 "洩漏"; 文章資訊: 2020-10-02 11:51:02, 金曲31星光爆棚蔡依林Ella魚丁糸全都來了, https://stars.udn.com/star/story/10092/4904831
         >>> 找到關鍵字 "洩漏"; 文章資訊: 2020-10-02 11:10:10, 中秋連假後3天中南部空品差指標汙染物是臭氧, https://udn.com/news/story/11474/4904727
         <<< 2020-10-03 沒有更多 "洩漏" 相關的新聞 !!! >>>
        ------------------------------------------------------
       >> 搜尋關鍵字:"暗管"; 網址:"https://udn.com/search/word/2/暗管"
         <<< 2020-10-03 沒有更多 "暗管" 相關的新聞 !!! >>>
        ------------------------------------------------------
       >> 搜尋關鍵字:"偷排"; 網址:"https://udn.com/search/word/2/偷排"
         <<< 2020-10-03 沒有更多 "偷排" 相關的新聞 !!! >>>
        ------------------------------------------------------
       >> 搜尋關鍵字:"安全"; 網址:"https://udn.com/search/word/2/安全"
         >>> 找到關鍵字 "安全"; 文章資訊: 2020-10-03 07:32:11, 露天燃燒稻草最高開罰10萬元中市府籲稻草剪段翻耕, https://udn.com/news/story/7323/4906617
         >>> 找到關鍵字 "安全"; 文章資訊: 2020-10-03 07:31:07, 路口安全大執法屏東縣闖紅燈與紅燈右轉最多, https://udn.com/news/story/7321/4906615
         >>> 找到關鍵字 "安全"; 文章資訊: 2020-10-03 06:48:07, 被控性侵女友的17歲女兒少女平靜如常他判無罪, https://udn.com/news/story/7317/4906599
         >>> 找到關鍵字 "安全"; 文章資訊: 2020-10-03 04:10:06, 不滿選舉欺騙和暴力鎮壓美制裁白俄羅斯高官, https://udn.com/news/story/6809/4906554
         >>> 找到關鍵字 "安全"; 文章資訊: 2020-10-03 02:32:06, 川普陣營總統和第一家庭暫停參與競選活動或改視訊, https://udn.com/news/story/121707/4906541
         >>> 找到關鍵字 "安全"; 文章資訊: 2020-10-03 02:12:22, 華為換將胡厚崑任輪值董座, https://udn.com/news/story/7333/4906386
         >>> 找到關鍵字 "安全"; 文章資訊: 2020-10-03 02:12:22, 中芯遭美制裁殺傷力減, https://udn.com/news/story/7333/4906390
         >>> 找到關鍵字 "安全"; 文章資訊: 2020-10-03 02:08:20, 川普確診掀六大連鎖效應, https://udn.com/news/story/121707/4906269
         >>> 找到關鍵字 "安全"; 文章資訊: 2020-10-03 02:08:20, 川普染疫分析師美股恐回檔10, https://udn.com/news/story/6811/4906369
         >>> 找到關鍵字 "安全"; 文章資訊: 2020-10-03 02:03:13, 下個兆元產業各方搶進, https://udn.com/news/story/7240/4906278
         >>> 找到關鍵字 "安全"; 文章資訊: 2020-10-03 01:35:04, 紐時特勤局至少11人在8月集訓中確診拒提供相關細節, https://udn.com/news/story/121707/4906522
         >>> 找到關鍵字 "安全"; 文章資訊: 2020-10-03 00:57:18, 貼身幕僚確診川普家族親信剉咧等, https://udn.com/news/story/121707/4906459
         >>> 找到關鍵字 "安全"; 文章資訊: 2020-10-03 00:55:31, 美大選震盪全球金融驚嚇, https://udn.com/news/story/6811/4906476
         >>> 找到關鍵字 "安全"; 文章資訊: 2020-10-03 00:52:35, 聯合報黑白集要台獨不要當兵, https://udn.com/news/story/7338/4906441
         >>> 找到關鍵字 "安全"; 文章資訊: 2020-10-03 00:49:07, 龐培歐訪亞洲是否考慮來台國務院目前沒計畫, https://udn.com/news/story/6813/4906505
         >>> 找到關鍵字 "安全"; 文章資訊: 2020-10-03 00:47:37, 專家開解方修法處刑責擴大廢棄物去化管道, https://udn.com/news/story/8237/4906391
         >>> 找到關鍵字 "安全"; 文章資訊: 2020-10-03 00:27:07, 未受川普波及染疫拜登賀錦麗病毒檢測陰性, https://udn.com/news/story/121707/4906501
         >>> 找到關鍵字 "安全"; 文章資訊: 2020-10-03 00:06:47, 修燈塔翻船船長沒穿救生衣罹難, https://udn.com/news/story/7320/4906375
         >>> 找到關鍵字 "安全"; 文章資訊: 2020-10-03 00:01:27, 美選前32天震撼彈川普夫婦確診拜登檢測陰性, https://udn.com/news/story/121707/4906355
         >>> 找到關鍵字 "安全"; 文章資訊: 2020-10-03 00:01:07, 饒河夜市包租婆遭逆子打到昏迷, https://udn.com/news/story/7315/4906324
        ------------------------------------------------------
       >> 搜尋關鍵字:"槽車"; 網址:"https://udn.com/search/word/2/槽車"
         >>> 找到關鍵字 "槽車"; 文章資訊: 2020-10-02 14:30:08, 不斷更新中秋連假第二天出遊潮湧現國1北部路段北上紫爆, https://udn.com/news/story/11474/4904480
         <<< 2020-10-03 沒有更多 "槽車" 相關的新聞 !!! >>>
       >> 檔案輸出
        ------------------------------------------------------
      >> 下載新聞內容
      >> 下載 https://udn.com/news/story/7240/4906278, 下個兆元產業各方搶進
      >> 下載 https://udn.com/news/story/7339/4906345, 農田水利署掛牌雙頭馬車如何協調
      >> 下載 https://udn.com/news/story/6811/4905604, 凜冬已至美國多家企業宣布裁員
      >> 下載 https://autos.udn.com/autos/story/7826/4904679, LamborghiniV12超跑新里程碑第10000輛Aventador下線
      >> 下載 https://udn.com/news/story/7251/4905836, 家登瑞耘帆宣營運帶勁
      >> 下載 https://udn.com/news/story/7266/4905958, 三峽登革熱群聚4桃園人染疫
      >> 下載 https://health.udn.com/health/story/5961/4905299, 三峽登革熱群聚桃園4人染疫衛生局加強山區孳清防治
      >> 下載 https://udn.com/news/story/7324/4905299, 三峽登革熱群聚桃園4人染疫衛生局加強山區孳清防治
      >> 下載 https://udn.com/news/story/7321/4905189, 口腔癌患者入住禪院靜養死亡住持遭檢舉詐欺獲不起訴
      >> 下載 https://udn.com/news/story/7323/4904986, 帶著蜜蜂逐百花而居新北蜂農堅持釀優質蜂蜜
      >> 下載 https://udn.com/news/story/7324/4905650, 苗縣舊手機回收開始了繳舊機有機會抽中新機
      >> 下載 https://udn.com/news/story/6813/4906603, 裴洛西籲美航空業者暫緩裁員支持提供紓困
      >> 下載 https://health.udn.com/health/story/6039/4894927, 肌少症恐失智化醫籲自我檢測多做阻力運動改善
      >> 下載 https://udn.com/news/story/7470/4906443, 黑熊悲吼減少誤捕試辦精準式陷阱
      >> 下載 https://udn.com/news/story/6656/4905857, 在台揮舞五星旗王定宇提案開罰李貴敏法務部早打臉
      >> 下載 https://udn.com/news/story/7320/4905806, 搭捷運嚼檳榔遭保全勸說檳榔哥嗆回家拿刀下場GG
      >> 下載 https://udn.com/news/story/7315/4905776, 查捕通訊行手機竊嫌派出所副所長受傷
      >> 下載 https://udn.com/news/story/120944/4905569, 日本全民免費接種疫苗適用救濟制度
      >> 下載 https://udn.com/news/story/7326/4904684, 國慶焰火佈彈區嚴禁施放爆竹稽查小組開出51張勸導單
      >> 下載 https://udn.com/news/story/7320/4904658, 台中國一南屯交流道兩貨車撞一駕駛右腿骨折陷駕駛座
      >> 下載 https://udn.com/news/story/7470/4904656, 為避免台灣黑熊再遭誤捕林務局在3處試辦精準式陷阱
      >> 下載 https://health.udn.com/health/story/6037/4884749, 食安迷思破解反式脂肪0就能大吃特吃
      >> 下載 https://udn.com/news/story/7325/4904589, 台灣黑熊多次中陷阱中市農業局籲設電圍網取代山豬吊
      >> 下載 https://udn.com/news/story/7470/4904560, 大胖公熊被困獸鋏自咬左掌林于凱左掌五趾斷了四趾
      >> 下載 https://udn.com/news/story/7315/4906324, 饒河夜市包租婆遭逆子打到昏迷
      >> 下載 https://udn.com/news/story/7315/4905776, 查捕通訊行手機竊嫌派出所副所長受傷
      >> 下載 https://udn.com/news/story/120940/4905708, 川普確診後賴明詔籲政府應主動做國內抗體研究
      >> 下載 https://udn.com/news/story/7320/4905677, 毒品通緝犯缺錢偷iPhone鳳山警負傷逮人
      >> 下載 https://udn.com/news/story/7315/4904611, 毒蟲逆子暗夜討錢不成拔釘器痛打7旬母親老母頭部重創
      >> 下載 https://health.udn.com/health/story/6001/4903718, 名醫與疾病的對話王明鉅腳綁沙包控糖練出好體力
      >> 下載 https://udn.com/news/story/120940/4906472, 美日入境境外移入增2例
      >> 下載 https://udn.com/news/story/120940/4905708, 川普確診後賴明詔籲政府應主動做國內抗體研究
      >> 下載 https://udn.com/news/story/7332/4905351, 中國擴大接種試驗中疫苗維權人士不信任
      >> 下載 https://health.udn.com/health/story/120950/4905248, 新增2例男旅日疑罹流感入境篩檢竟為新冠病毒
      >> 下載 https://udn.com/news/story/120940/4905248, 新增2例男旅日疑罹流感入境篩檢竟為新冠病毒
      >> 下載 https://udn.com/news/story/7315/4906382, 紙盒藏咖啡包假外送員真販毒
      >> 下載 https://udn.com/news/story/7315/4906324, 饒河夜市包租婆遭逆子打到昏迷
      >> 下載 https://udn.com/news/story/6809/4905770, 菲律賓掃毒戰受害家屬槍手闖入家中射殺丈夫
      >> 下載 https://udn.com/news/story/7315/4905776, 查捕通訊行手機竊嫌派出所副所長受傷
      >> 下載 https://udn.com/news/story/7320/4905677, 毒品通緝犯缺錢偷iPhone鳳山警負傷逮人
      >> 下載 https://udn.com/news/story/7315/4905366, 偽裝外送員運毒被逮蛋餅盒內起出毒咖啡包
      >> 下載 https://udn.com/news/story/7315/4904685, 扯偽裝熊貓外送員運毒蛋餅盒打開全是毒品咖啡包
      >> 下載 https://udn.com/news/story/7315/4904611, 毒蟲逆子暗夜討錢不成拔釘器痛打7旬母親老母頭部重創
      >> 下載 https://health.udn.com/health/story/6029/4900879, 網路傳言乳房X光攝影可能會增加乳癌或甲狀腺癌的罹癌風險這是真的嗎
      >> 下載 https://udn.com/news/story/8237/4906389, 五股垃圾山毒瘤清除要百億
      >> 下載 https://udn.com/news/story/7331/4905777, 確保糧食安全四川加快立法鼓勵藏糧於民
      >> 下載 https://udn.com/news/story/6809/4905640, 北韓對中國進出口大減疫情衝擊經濟恐達10年
      >> 下載 https://autos.udn.com/autos/story/7825/4905579, 意美汽車與台灣水果選物品牌知果堂合作以行動支持在地小農
      >> 下載 https://udn.com/news/story/6656/4905011, 藍推問卷調查找支持者一起上街頭反萊豬
      >> 下載 https://udn.com/news/story/120986/4904699, 前瞻大錢坑上中央大開支票地方自籌逾4000億財政拉警報
      >> 下載 https://health.udn.com/health/story/6037/4884749, 食安迷思破解反式脂肪0就能大吃特吃
      >> 下載 https://udn.com/news/story/120883/4905821, 老司機私房美食牛蛙肥魚成年輕人新寵
      >> 下載 https://udn.com/news/story/7251/4906356, 川普染疫防疫概念族群又熱了
      >> 下載 https://udn.com/news/story/7241/4906297, 石化原料飆漲後市給力
      >> 下載 https://udn.com/news/story/7241/4906298, 台塑四寶Q3估大賺300億
      >> 下載 https://udn.com/news/story/7240/4904671, 力麗布局3C應用再連莊包辦Google新智慧音箱
      >> 下載 https://health.udn.com/health/story/6037/4897827, 牛排披薩義大利麵都要它想做出經典辣醬得先在釀酒桶放3年
      >> 下載 https://udn.com/news/story/121707/4905557, 川普確診網發仿辛普森川普躺棺材圖狂酸
      >> 下載 https://udn.com/news/story/121707/4905471, 川普確診新冠肺炎Twitter網友瘋傳躺棺材照嘲諷
      >> 下載 https://udn.com/news/story/6813/4900871, 川普對待家人有另一面川普姪女他連自己媳婦都不認識
      >> 下載 https://udn.com/umedia/story/12906/4857688, 全球只剩北京標準時間中國正不知不覺主宰了全世界和你的日常
      >> 找不到新聞內容，可能是新聞的格式不同所致。
      >> 下載 https://udn.com/news/story/6656/4905664, 川普確診葉毓蘭酸Taiwancanhelp惹批評朱學恆狂轟
      >> 下載 https://udn.com/news/story/6656/4905653, 葉毓蘭調侃川普夫妻確診新冠朱學痚磪謐狾袺z彈
      >> 下載 https://udn.com/news/story/121687/4904996, 世界日報社論川普繳750元稅背後可能真有未爆彈
      >> 下載 https://udn.com/news/story/7315/4906582, 高雄街頭鬥毆6打1警方3小時逮捕涉案人
      >> 下載 https://udn.com/news/story/6811/4906271, 川普染疫新興市場資金可能出走
      >> 下載 https://udn.com/news/story/7315/4906382, 紙盒藏咖啡包假外送員真販毒
      >> 下載 https://udn.com/news/story/6811/4905695, IIF美大選引發不確定性新興市場資金可能大量流出
      >> 下載 https://udn.com/news/story/6656/4905477, 連結5大核心戰略產業政府籌組資安國家隊
      >> 下載 https://udn.com/news/story/7238/4906202, 台電降空污啟動減煤減排40
      >> 下載 https://udn.com/news/story/7470/4905889, 鼓勵檢舉違規使用獸鋏林于凱再建議保護台灣黑熊方法
      >> 下載 https://udn.com/news/story/7325/4905402, 台中資源回收車齡10年以上33過高環保局逐年汰換
      >> 下載 https://udn.com/news/story/7323/4906617, 露天燃燒稻草最高開罰10萬元中市府籲稻草剪段翻耕
      >> 下載 https://health.udn.com/health/story/6016/4904633, 兒癌治療新突破不限定癌症而以基因突變為治療方向
      >> 下載 https://udn.com/news/story/6809/4904512, 駐教廷使館中秋宴客不忘防疫大使戴面罩當打菜員
      >> 下載 https://udn.com/news/story/6809/4904508, 中國警告巴西不明種子包裹疑是詐騙郵件
      >> 下載 https://udn.com/news/story/7326/4906106, 台南竹溪生態豐富月見橋蝙蝠飛舞
      >> 下載 https://udn.com/news/story/7326/4904887, 台南竹溪蝙蝠飛舞居民與看煙火的心情一樣
      >> 下載 https://udn.com/news/story/7333/4906268, 財經掃描陸十四五期間恐加快核電建設
      >> 下載 https://style.udn.com/style/story/8065/4904831, 金曲31星光爆棚蔡依林Ella魚丁糸全都來了
      >> 下載 https://stars.udn.com/star/story/10092/4904831, 金曲31星光爆棚蔡依林Ella魚丁糸全都來了
      >> 下載 https://udn.com/news/story/11474/4904727, 中秋連假後3天中南部空品差指標汙染物是臭氧
      >> 下載 https://udn.com/news/story/7323/4906617, 露天燃燒稻草最高開罰10萬元中市府籲稻草剪段翻耕
      >> 下載 https://udn.com/news/story/7321/4906615, 路口安全大執法屏東縣闖紅燈與紅燈右轉最多
      >> 下載 https://udn.com/news/story/7317/4906599, 被控性侵女友的17歲女兒少女平靜如常他判無罪
      >> 下載 https://udn.com/news/story/6809/4906554, 不滿選舉欺騙和暴力鎮壓美制裁白俄羅斯高官
      >> 下載 https://udn.com/news/story/121707/4906541, 川普陣營總統和第一家庭暫停參與競選活動或改視訊
      >> 下載 https://udn.com/news/story/7333/4906386, 華為換將胡厚崑任輪值董座
      >> 下載 https://udn.com/news/story/7333/4906390, 中芯遭美制裁殺傷力減
      >> 下載 https://udn.com/news/story/121707/4906269, 川普確診掀六大連鎖效應
      >> 下載 https://udn.com/news/story/6811/4906369, 川普染疫分析師美股恐回檔10
      >> 下載 https://udn.com/news/story/7240/4906278, 下個兆元產業各方搶進
      >> 下載 https://udn.com/news/story/121707/4906522, 紐時特勤局至少11人在8月集訓中確診拒提供相關細節
      >> 下載 https://udn.com/news/story/121707/4906459, 貼身幕僚確診川普家族親信剉咧等
      >> 下載 https://udn.com/news/story/6811/4906476, 美大選震盪全球金融驚嚇
      >> 下載 https://udn.com/news/story/7338/4906441, 聯合報黑白集要台獨不要當兵
      >> 下載 https://udn.com/news/story/6813/4906505, 龐培歐訪亞洲是否考慮來台國務院目前沒計畫
      >> 下載 https://udn.com/news/story/8237/4906391, 專家開解方修法處刑責擴大廢棄物去化管道
      >> 下載 https://udn.com/news/story/121707/4906501, 未受川普波及染疫拜登賀錦麗病毒檢測陰性
      >> 下載 https://udn.com/news/story/7320/4906375, 修燈塔翻船船長沒穿救生衣罹難
      >> 下載 https://udn.com/news/story/121707/4906355, 美選前32天震撼彈川普夫婦確診拜登檢測陰性
      >> 下載 https://udn.com/news/story/7315/4906324, 饒河夜市包租婆遭逆子打到昏迷
      >> 下載 https://udn.com/news/story/11474/4904480, 不斷更新中秋連假第二天出遊潮湧現國1北部路段北上紫爆
