     -----> 新聞爬蟲：東森新聞報

           <<< 東森新聞報新聞搜尋 >>>
        ------------------------------------------------------
        ------------------------------------------------------
       >> 搜尋關鍵字:"工業用"; 網址:"https://www.ettoday.net/news_search/doSearch.php?keywords=工業用&idx=1&page=1"
         <<< 2020-09-30 沒有更多 "工業用" 相關的新聞 !!! >>>
        ------------------------------------------------------
       >> 搜尋關鍵字:"化工"; 網址:"https://www.ettoday.net/news_search/doSearch.php?keywords=化工&idx=1&page=1"
         >>> 找到關鍵字 "化工"; 文章資訊: 2020-09-29 17:56:00, 多維TW中美科技熱戰矽盾能保台灣, https://www.ettoday.net/news/20200929/1800545.htm
         >>> 找到關鍵字 "化工"; 文章資訊: 2020-09-29 14:22:00, 南鐵2戶拒遷提2訴求交通部指會影響鐵道安全都不可行, https://www.ettoday.net/news/20200929/1820707.htm
         >>> 找到關鍵字 "化工"; 文章資訊: 2020-09-29 11:06:00, 前國台辦副主任鄭柵潔當選浙江省長, https://www.ettoday.net/news/20200929/1820498.htm
         <<< 2020-09-30 沒有更多 "化工" 相關的新聞 !!! >>>
        ------------------------------------------------------
       >> 搜尋關鍵字:"化災"; 網址:"https://www.ettoday.net/news_search/doSearch.php?keywords=化災&idx=1&page=1"
         >>> 找到關鍵字 "化災"; 文章資訊: 2020-09-29 10:45:00, 強化救災裝備台南市北門獅子會捐贈空氣呼吸器背架及穿戴式攝影機, https://www.ettoday.net/news/20200929/1820477.htm
         <<< 2020-09-30 沒有更多 "化災" 相關的新聞 !!! >>>
        ------------------------------------------------------
       >> 搜尋關鍵字:"化學"; 網址:"https://www.ettoday.net/news_search/doSearch.php?keywords=化學&idx=1&page=1"
         >>> 找到關鍵字 "化學"; 文章資訊: 2020-09-30 00:50:00, 快訊國道重大車禍槽車撞匝道墜橋爆炸駕駛當場慘死, https://www.ettoday.net/news/20200930/1821158.htm
         >>> 找到關鍵字 "化學"; 文章資訊: 2020-09-29 18:05:00, 罹癌人數10年成長47保險業首張自體免疫細胞療法可理賠100萬元, https://www.ettoday.net/news/20200929/1820968.htm
         >>> 找到關鍵字 "化學"; 文章資訊: 2020-09-29 15:09:00, 青綠絲帶響應卵巢癌防治沉默殺手持續腹脹腹痛是警訊, https://www.ettoday.net/news/20200929/1808590.htm
         >>> 找到關鍵字 "化學"; 文章資訊: 2020-09-29 14:23:00, 登革熱病例達30例9例來自這裡環保署孳生病媒幼蟲最高罰6千, https://www.ettoday.net/news/20200929/1820710.htm
         >>> 找到關鍵字 "化學"; 文章資訊: 2020-09-29 12:05:00, 說流行GORETEX發明者病逝拯救公司的傳奇物料貴得有理, https://www.ettoday.net/news/20200929/1817013.htm
         >>> 找到關鍵字 "化學"; 文章資訊: 2020-09-29 10:01:00, 油頭人福音開箱加了蕁麻葉的洗髮精森林香氣好療癒, https://www.ettoday.net/news/20200929/1815968.htm
         <<< 2020-09-30 沒有更多 "化學" 相關的新聞 !!! >>>
        ------------------------------------------------------
       >> 搜尋關鍵字:"外洩"; 網址:"https://www.ettoday.net/news_search/doSearch.php?keywords=外洩&idx=1&page=1"
         >>> 找到關鍵字 "外洩"; 文章資訊: 2020-09-30 00:50:00, 快訊國道重大車禍槽車撞匝道墜橋爆炸駕駛當場慘死, https://www.ettoday.net/news/20200930/1821158.htm
         >>> 找到關鍵字 "外洩"; 文章資訊: 2020-09-29 19:33:00, Gogoro製造秘密基地大公開產線員工平均年齡只有25歲, https://www.ettoday.net/news/20200929/1821038.htm
         >>> 找到關鍵字 "外洩"; 文章資訊: 2020-09-29 18:45:00, 台灣遭駭客勒索攻擊高於亞太區25倍微軟籲企業備戰等同國防, https://www.ettoday.net/news/20200929/1821002.htm
         >>> 找到關鍵字 "外洩"; 文章資訊: 2020-09-29 15:56:00, 國外駭客集團化最近一波攻勢曝光企業資安2個月擋了78次, https://www.ettoday.net/news/20200929/1820720.htm
         >>> 找到關鍵字 "外洩"; 文章資訊: 2020-09-29 07:13:00, Ubike爆資安危機悠遊卡刷車柱恐洩個資先知工程師反被當內鬼, https://www.ettoday.net/news/20200929/1820281.htm
         <<< 2020-09-30 沒有更多 "外洩" 相關的新聞 !!! >>>
        ------------------------------------------------------
       >> 搜尋關鍵字:"危害"; 網址:"https://www.ettoday.net/news_search/doSearch.php?keywords=危害&idx=1&page=1"
         >>> 找到關鍵字 "危害"; 文章資訊: 2020-09-29 16:44:00, 失眠男台大醫院拒戴口罩暴怒揮刀恐嚇醫師搬免死金牌被打臉, https://www.ettoday.net/news/20200929/1820827.htm
         >>> 找到關鍵字 "危害"; 文章資訊: 2020-09-29 15:06:00, 倉管男永和種大麻辯自己用警搜出罕見大麻酒毒郵票, https://www.ettoday.net/news/20200929/1820750.htm
         >>> 找到關鍵字 "危害"; 文章資訊: 2020-09-29 14:51:00, 民團提修兩岸條例反制經濟滲透陸資假借人頭規避審查最重處5年, https://www.ettoday.net/news/20200929/1820734.htm
         >>> 找到關鍵字 "危害"; 文章資訊: 2020-09-29 14:02:00, 護理師量血壓好誘人陪病男偷襲摸臀拒道歉下場曝, https://www.ettoday.net/news/20200929/1819716.htm
         >>> 找到關鍵字 "危害"; 文章資訊: 2020-09-29 13:37:00, 像在玩PS4海巡大型無人機出任務中秋陸海空3D執法, https://www.ettoday.net/news/20200929/1820605.htm
         >>> 找到關鍵字 "危害"; 文章資訊: 2020-09-29 13:33:00, 禽感流疫苗走私頻傳農委會揭2大影響造成防疫上很大困擾, https://www.ettoday.net/news/20200929/1820651.htm
         >>> 找到關鍵字 "危害"; 文章資訊: 2020-09-29 12:56:00, 食物有怪味他偷裝攝影機拍到妻子飯裡加洗碗精, https://www.ettoday.net/news/20200929/1820400.htm
         >>> 找到關鍵字 "危害"; 文章資訊: 2020-09-29 12:46:00, 醉男西瓜刀狠劈無辜鄰居左胸鮮血濺牆慘死酒測破表判決出爐, https://www.ettoday.net/news/20200929/1820549.htm
         >>> 找到關鍵字 "危害"; 文章資訊: 2020-09-29 11:50:00, 林騰鷂蔡英文執政失敗年輕教師處境堪比外籍移工, https://www.ettoday.net/news/20200929/1820543.htm
         >>> 找到關鍵字 "危害"; 文章資訊: 2020-09-29 10:00:00, 後疫情時代骨鬆治療更是不能斷, https://www.ettoday.net/news/20200929/1820017.htm
        ------------------------------------------------------
       >> 搜尋關鍵字:"有毒"; 網址:"https://www.ettoday.net/news_search/doSearch.php?keywords=有毒&idx=1&page=1"
         >>> 找到關鍵字 "有毒"; 文章資訊: 2020-09-29 10:58:00, 泳池底部好多神秘黑點她下水一看竟是20多隻毒蜘蛛, https://www.ettoday.net/news/20200929/1820418.htm
         <<< 2020-09-30 沒有更多 "有毒" 相關的新聞 !!! >>>
        ------------------------------------------------------
       >> 搜尋關鍵字:"有害"; 網址:"https://www.ettoday.net/news_search/doSearch.php?keywords=有害&idx=1&page=1"
         >>> 找到關鍵字 "有害"; 文章資訊: 2020-09-29 15:59:00, 蔡政修民間交流走到盡頭了嗎海峽論壇如何反映兩岸關係, https://www.ettoday.net/news/20200929/1820751.htm
         >>> 找到關鍵字 "有害"; 文章資訊: 2020-09-29 15:44:00, 房子被法拍又揹卡債離婚女靠這招賺錢一次拿400下場超慘, https://www.ettoday.net/news/20200929/1820802.htm
         >>> 找到關鍵字 "有害"; 文章資訊: 2020-09-29 07:35:00, 報復同事幼稚園女老師八寶粥投毒25人急送醫1學童慘死, https://www.ettoday.net/news/20200929/1820283.htm
         <<< 2020-09-30 沒有更多 "有害" 相關的新聞 !!! >>>
        ------------------------------------------------------
       >> 搜尋關鍵字:"色料"; 網址:"https://www.ettoday.net/news_search/doSearch.php?keywords=色料&idx=1&page=1"
         <<< 2020-09-30 沒有更多 "色料" 相關的新聞 !!! >>>
        ------------------------------------------------------
       >> 搜尋關鍵字:"色素"; 網址:"https://www.ettoday.net/news_search/doSearch.php?keywords=色素&idx=1&page=1"
         >>> 找到關鍵字 "色素"; 文章資訊: 2020-09-30 06:40:00, Rose高級黑穿搭秘訣大公開最後一樣百搭單品女人都要有, https://www.ettoday.net/news/20200930/1815878.htm
         <<< 2020-09-30 沒有更多 "色素" 相關的新聞 !!! >>>
        ------------------------------------------------------
       >> 搜尋關鍵字:"毒性"; 網址:"https://www.ettoday.net/news_search/doSearch.php?keywords=毒性&idx=1&page=1"
         >>> 找到關鍵字 "毒性"; 文章資訊: 2020-09-29 17:21:00, 柚子配藥身體狂竄毒專家曝3類水果別碰隔開吃也會出事, https://www.ettoday.net/news/20200929/1820895.htm
         >>> 找到關鍵字 "毒性"; 文章資訊: 2020-09-29 12:56:00, 食物有怪味他偷裝攝影機拍到妻子飯裡加洗碗精, https://www.ettoday.net/news/20200929/1820400.htm
         <<< 2020-09-30 沒有更多 "毒性" 相關的新聞 !!! >>>
        ------------------------------------------------------
       >> 搜尋關鍵字:"毒品"; 網址:"https://www.ettoday.net/news_search/doSearch.php?keywords=毒品&idx=1&page=1"
         >>> 找到關鍵字 "毒品"; 文章資訊: 2020-09-29 19:11:00, 毒蟲中600萬頭獎爽嗑瘋藥9個月敗剩1成不給錢就燒家, https://www.ettoday.net/news/20200929/1820694.htm
         >>> 找到關鍵字 "毒品"; 文章資訊: 2020-09-29 18:00:00, 桃園弒母丟頭顱案二審無罪最高法院火速撤銷3理由曝光, https://www.ettoday.net/news/20200929/1820973.htm
         >>> 找到關鍵字 "毒品"; 文章資訊: 2020-09-29 17:44:00, 37刀剁下媽媽頭桃園吸毒逆子判無罪最高院撤銷要求再鑑定, https://www.ettoday.net/news/20200929/1820949.htm
         >>> 找到關鍵字 "毒品"; 文章資訊: 2020-09-29 16:49:00, 買毒卻來一包鹽買方不給錢賣方扔鞭炮教訓結果燒了議員服務處, https://www.ettoday.net/news/20200929/1820865.htm
         >>> 找到關鍵字 "毒品"; 文章資訊: 2020-09-29 16:39:00, 水管阻塞工人意外掏出人肉男屋主冷回剩下在我冰箱, https://www.ettoday.net/news/20200929/1820825.htm
         >>> 找到關鍵字 "毒品"; 文章資訊: 2020-09-29 15:06:00, 倉管男永和種大麻辯自己用警搜出罕見大麻酒毒郵票, https://www.ettoday.net/news/20200929/1820750.htm
         <<< 2020-09-30 沒有更多 "毒品" 相關的新聞 !!! >>>
        ------------------------------------------------------
       >> 搜尋關鍵字:"致癌"; 網址:"https://www.ettoday.net/news_search/doSearch.php?keywords=致癌&idx=1&page=1"
         >>> 找到關鍵字 "致癌"; 文章資訊: 2020-09-29 18:35:00, 超愛吃肉乾28歲女頭暈冒冷汗慘罹癌醫曝研究嚇到不敢吃, https://www.ettoday.net/news/20200929/1820558.htm
         <<< 2020-09-30 沒有更多 "致癌" 相關的新聞 !!! >>>
        ------------------------------------------------------
       >> 搜尋關鍵字:"重金屬"; 網址:"https://www.ettoday.net/news_search/doSearch.php?keywords=重金屬&idx=1&page=1"
         <<< 2020-09-30 沒有更多 "重金屬" 相關的新聞 !!! >>>
        ------------------------------------------------------
       >> 搜尋關鍵字:"食安"; 網址:"https://www.ettoday.net/news_search/doSearch.php?keywords=食安&idx=1&page=1"
         >>> 找到關鍵字 "食安"; 文章資訊: 2020-09-29 22:17:00, 江啟臣問食安會報開了沒政院食安辦每3個月開2次會, https://www.ettoday.net/news/20200929/1821108.htm
         >>> 找到關鍵字 "食安"; 文章資訊: 2020-09-29 20:05:00, 時代力量提案改國徽取消掛國父遺像排入院會議程, https://www.ettoday.net/news/20200929/1821017.htm
         >>> 找到關鍵字 "食安"; 文章資訊: 2020-09-29 19:48:00, 稽查不合格瓦城更嚴格規範食材保存壽司郎加強衛生管理, https://www.ettoday.net/news/20200929/1820984.htm
         >>> 找到關鍵字 "食安"; 文章資訊: 2020-09-29 19:10:00, 獨民進黨正國會開第一槍修憲條文曝光拿掉統一不變更領土, https://www.ettoday.net/news/20200929/1820819.htm
         >>> 找到關鍵字 "食安"; 文章資訊: 2020-09-29 19:08:00, 政府6年僅成功催生6名試管嬰兒管碧玲補助費與國慶煙火相去不遠, https://www.ettoday.net/news/20200929/1821027.htm
         >>> 找到關鍵字 "食安"; 文章資訊: 2020-09-29 18:02:00, 陳以信質疑政府孩子生了才要結婚蘇貞昌反嗆現在是預產期, https://www.ettoday.net/news/20200929/1820965.htm
         >>> 找到關鍵字 "食安"; 文章資訊: 2020-09-29 16:56:00, 秦慧珠爆柯文哲要請蔣萬安吃飯當著黃珊珊的面, https://www.ettoday.net/news/20200929/1820857.htm
         >>> 找到關鍵字 "食安"; 文章資訊: 2020-09-29 15:56:00, 食安稽查不合格瓦城壽司郎上榜查獲逾期原料沙拉生菌數超標, https://www.ettoday.net/news/20200929/1820794.htm
         >>> 找到關鍵字 "食安"; 文章資訊: 2020-09-29 14:24:00, 食安會報成員名單曝光國民黨停擺一年配合上意隱匿訊息, https://www.ettoday.net/news/20200929/1820533.htm
         >>> 找到關鍵字 "食安"; 文章資訊: 2020-09-29 13:58:00, 民進黨立委端3道料理力挺國產豬陳吉仲下周公布台灣豬標章, https://www.ettoday.net/news/20200929/1820666.htm
        ------------------------------------------------------
       >> 搜尋關鍵字:"香料"; 網址:"https://www.ettoday.net/news_search/doSearch.php?keywords=香料&idx=1&page=1"
         >>> 找到關鍵字 "香料"; 文章資訊: 2020-09-29 17:00:00, 干貝握壽司烤鮮蚵無限嗑台北超狂火鍋吃到飽啤酒免費爽喝, https://www.ettoday.net/news/20200929/1815814.htm
         >>> 找到關鍵字 "香料"; 文章資訊: 2020-09-29 15:00:00, 16隻鮮蝦青醬鋪滿披薩澎湖邪惡餐館海鮮沙拉料多酸甜開胃, https://www.ettoday.net/news/20200929/1815813.htm
         >>> 找到關鍵字 "香料"; 文章資訊: 2020-09-29 10:03:00, 中秋節烤肉難抗拒營養師簡單3原則讓你吃不胖, https://www.ettoday.net/news/20200929/1819570.htm
         <<< 2020-09-30 沒有更多 "香料" 相關的新聞 !!! >>>
        ------------------------------------------------------
       >> 搜尋關鍵字:"原料"; 網址:"https://www.ettoday.net/news_search/doSearch.php?keywords=原料&idx=1&page=1"
         >>> 找到關鍵字 "原料"; 文章資訊: 2020-09-30 00:50:00, 快訊國道重大車禍槽車撞匝道墜橋爆炸駕駛當場慘死, https://www.ettoday.net/news/20200930/1821158.htm
         >>> 找到關鍵字 "原料"; 文章資訊: 2020-09-29 20:02:00, 口罩今年秋冬再進化纖維專家揭N95戴得住的祕密, https://www.ettoday.net/news/20200929/1821030.htm
         >>> 找到關鍵字 "原料"; 文章資訊: 2020-09-29 19:48:00, 稽查不合格瓦城更嚴格規範食材保存壽司郎加強衛生管理, https://www.ettoday.net/news/20200929/1820984.htm
         >>> 找到關鍵字 "原料"; 文章資訊: 2020-09-29 15:56:00, 食安稽查不合格瓦城壽司郎上榜查獲逾期原料沙拉生菌數超標, https://www.ettoday.net/news/20200929/1820794.htm
         >>> 找到關鍵字 "原料"; 文章資訊: 2020-09-29 12:41:00, 張淑晶被指欠銀行錢怒控胞兄拿別人判決誹謗我, https://www.ettoday.net/news/20200929/1820601.htm
         >>> 找到關鍵字 "原料"; 文章資訊: 2020-09-29 11:48:00, 罷免韓國瑜的就挖眼盲胞挺韓情急PO文聲援挨告, https://www.ettoday.net/news/20200929/1820554.htm
         <<< 2020-09-30 沒有更多 "原料" 相關的新聞 !!! >>>
        ------------------------------------------------------
       >> 搜尋關鍵字:"氣爆"; 網址:"https://www.ettoday.net/news_search/doSearch.php?keywords=氣爆&idx=1&page=1"
         >>> 找到關鍵字 "氣爆"; 文章資訊: 2020-09-29 22:06:00, 嘉義大樓嚴重氣爆警消透露住戶一早才割腕晚上就失火, https://www.ettoday.net/news/20200929/1821105.htm
         >>> 找到關鍵字 "氣爆"; 文章資訊: 2020-09-29 21:32:00, 快訊嘉義宏都大樓驚傳氣爆惡火黑煙亂竄網嚇聲音超大, https://www.ettoday.net/news/20200929/1821088.htm
         >>> 找到關鍵字 "氣爆"; 文章資訊: 2020-09-29 07:33:00, 台灣之光是渣男少東假單身拐OL凍未條搞出人命3招逼退, https://www.ettoday.net/news/20200929/1820285.htm
         <<< 2020-09-30 沒有更多 "氣爆" 相關的新聞 !!! >>>
        ------------------------------------------------------
       >> 搜尋關鍵字:"添加物"; 網址:"https://www.ettoday.net/news_search/doSearch.php?keywords=添加物&idx=1&page=1"
         >>> 找到關鍵字 "添加物"; 文章資訊: 2020-09-29 17:51:00, 專訪張麗善堅守台豬淨土轟執政黨開放美豬換位換腦袋, https://www.ettoday.net/news/20200929/1820676.htm
         >>> 找到關鍵字 "添加物"; 文章資訊: 2020-09-29 17:22:00, 台灣首次將蠶寶寶吃的桑葉製成香鬆膳食纖維較牛蒡高35倍, https://www.ettoday.net/news/20200929/1820906.htm
         >>> 找到關鍵字 "添加物"; 文章資訊: 2020-09-29 15:56:00, 食安稽查不合格瓦城壽司郎上榜查獲逾期原料沙拉生菌數超標, https://www.ettoday.net/news/20200929/1820794.htm
         <<< 2020-09-30 沒有更多 "添加物" 相關的新聞 !!! >>>
        ------------------------------------------------------
       >> 搜尋關鍵字:"黑心"; 網址:"https://www.ettoday.net/news_search/doSearch.php?keywords=黑心&idx=1&page=1"
         >>> 找到關鍵字 "黑心"; 文章資訊: 2020-09-29 13:37:00, 像在玩PS4海巡大型無人機出任務中秋陸海空3D執法, https://www.ettoday.net/news/20200929/1820605.htm
         <<< 2020-09-30 沒有更多 "黑心" 相關的新聞 !!! >>>
        ------------------------------------------------------
       >> 搜尋關鍵字:"漂白"; 網址:"https://www.ettoday.net/news_search/doSearch.php?keywords=漂白&idx=1&page=1"
         <<< 2020-09-30 沒有更多 "漂白" 相關的新聞 !!! >>>
        ------------------------------------------------------
       >> 搜尋關鍵字:"爆炸"; 網址:"https://www.ettoday.net/news_search/doSearch.php?keywords=爆炸&idx=1&page=1"
         >>> 找到關鍵字 "爆炸"; 文章資訊: 2020-09-30 01:29:00, 影爆炸聲震醒彰化國3翻車事故司機亡, https://www.ettoday.net/news/20200930/1821164.htm
         >>> 找到關鍵字 "爆炸"; 文章資訊: 2020-09-30 01:15:00, 謝震武震震有詞接觀眾提問播出2年收視率創新高, https://www.ettoday.net/news/20200930/1821161.htm
         >>> 找到關鍵字 "爆炸"; 文章資訊: 2020-09-30 00:50:00, 快訊國道重大車禍槽車撞匝道墜橋爆炸駕駛當場慘死, https://www.ettoday.net/news/20200930/1821158.htm
         >>> 找到關鍵字 "爆炸"; 文章資訊: 2020-09-29 21:32:00, 快訊嘉義宏都大樓驚傳氣爆惡火黑煙亂竄網嚇聲音超大, https://www.ettoday.net/news/20200929/1821088.htm
         >>> 找到關鍵字 "爆炸"; 文章資訊: 2020-09-29 16:49:00, 買毒卻來一包鹽買方不給錢賣方扔鞭炮教訓結果燒了議員服務處, https://www.ettoday.net/news/20200929/1820865.htm
         >>> 找到關鍵字 "爆炸"; 文章資訊: 2020-09-29 12:40:00, 劉致榮頂爆炸頭跟球迷告別赴美參加秋訓會緊張, https://www.ettoday.net/news/20200929/1820610.htm
         <<< 2020-09-30 沒有更多 "爆炸" 相關的新聞 !!! >>>
        ------------------------------------------------------
       >> 搜尋關鍵字:"新興"; 網址:"https://www.ettoday.net/news_search/doSearch.php?keywords=新興&idx=1&page=1"
         >>> 找到關鍵字 "新興"; 文章資訊: 2020-09-29 19:39:00, 避免中秋卡車陣桃園警公布易塞雷區4大違規列必抓, https://www.ettoday.net/news/20200929/1821024.htm
         >>> 找到關鍵字 "新興"; 文章資訊: 2020-09-29 17:52:00, 台中巨蛋用地完全合法盧秀燕希望早日完工使用, https://www.ettoday.net/news/20200929/1820948.htm
         >>> 找到關鍵字 "新興"; 文章資訊: 2020-09-29 15:06:00, 台灣設計展準備逛起來6條路線30家在地好店新舊交融體驗竹塹城摩登風采, https://www.ettoday.net/news/20200929/1820095.htm
         >>> 找到關鍵字 "新興"; 文章資訊: 2020-09-29 11:17:00, 2021總預算2兆450億蘇貞昌挪用去年賸餘100億支應舉債, https://www.ettoday.net/news/20200929/1820516.htm
         >>> 找到關鍵字 "新興"; 文章資訊: 2020-09-29 10:58:00, 外銷訂單增製造業景氣逐步復甦8月燈號轉為黃藍燈, https://www.ettoday.net/news/20200929/1820492.htm
         >>> 找到關鍵字 "新興"; 文章資訊: 2020-09-29 10:40:00, 電信業者各自提出5G策略聚焦數位轉型物聯網應用, https://www.ettoday.net/news/20200929/1820468.htm
         >>> 找到關鍵字 "新興"; 文章資訊: 2020-09-29 09:45:00, 完全中學光環加持高雄市區老屋仍有2字頭身價, https://www.ettoday.net/news/20200929/1819726.htm
         <<< 2020-09-30 沒有更多 "新興" 相關的新聞 !!! >>>
        ------------------------------------------------------
       >> 搜尋關鍵字:"爆裂物"; 網址:"https://www.ettoday.net/news_search/doSearch.php?keywords=爆裂物&idx=1&page=1"
         >>> 找到關鍵字 "爆裂物"; 文章資訊: 2020-09-29 13:31:00, 中和民眾出門驚見郵包炸彈警以X光掃描發現這一片, https://www.ettoday.net/news/20200929/1820649.htm
         <<< 2020-09-30 沒有更多 "爆裂物" 相關的新聞 !!! >>>
        ------------------------------------------------------
       >> 搜尋關鍵字:"IED"; 網址:"https://www.ettoday.net/news_search/doSearch.php?keywords=IED&idx=1&page=1"
         <<< 2020-09-30 沒有更多 "IED" 相關的新聞 !!! >>>
        ------------------------------------------------------
       >> 搜尋關鍵字:"排放"; 網址:"https://www.ettoday.net/news_search/doSearch.php?keywords=排放&idx=1&page=1"
         >>> 找到關鍵字 "排放"; 文章資訊: 2020-09-29 10:32:00, 最親台美國總統vs自由派救星川普拜登8大關鍵政策一次看, https://www.ettoday.net/news/20200929/1809036.htm
         <<< 2020-09-30 沒有更多 "排放" 相關的新聞 !!! >>>
        ------------------------------------------------------
       >> 搜尋關鍵字:"污染"; 網址:"https://www.ettoday.net/news_search/doSearch.php?keywords=污染&idx=1&page=1"
         >>> 找到關鍵字 "污染"; 文章資訊: 2020-10-01 09:00:00, 中秋5地雷烤肉月餅和柚子來者不拒小心鬧肚子還可能食物中毒, https://www.ettoday.net/news/20201001/1532883.htm
         >>> 找到關鍵字 "污染"; 文章資訊: 2020-09-29 22:20:00, 擴大禁菸區鄭文燦提5大環保措施提升桃園空氣品質, https://www.ettoday.net/news/20200929/1821110.htm
         >>> 找到關鍵字 "污染"; 文章資訊: 2020-09-29 16:45:00, 中秋烤肉烙賽潮到來疾管署示警上周全台腹瀉門急診破11萬, https://www.ettoday.net/news/20200929/1820680.htm
         >>> 找到關鍵字 "污染"; 文章資訊: 2020-09-29 16:41:00, 陳其邁砍資本門45億藍議員轟邁擱騙高市府駁不實, https://www.ettoday.net/news/20200929/1820844.htm
         >>> 找到關鍵字 "污染"; 文章資訊: 2020-09-29 10:34:00, 中國空汙治理嚴峻報告一半以上城市質量不達標, https://www.ettoday.net/news/20200929/1820464.htm
         <<< 2020-09-30 沒有更多 "污染" 相關的新聞 !!! >>>
        ------------------------------------------------------
       >> 搜尋關鍵字:"廢水"; 網址:"https://www.ettoday.net/news_search/doSearch.php?keywords=廢水&idx=1&page=1"
         <<< 2020-09-30 沒有更多 "廢水" 相關的新聞 !!! >>>
        ------------------------------------------------------
       >> 搜尋關鍵字:"污水"; 網址:"https://www.ettoday.net/news_search/doSearch.php?keywords=污水&idx=1&page=1"
         <<< 2020-09-30 沒有更多 "污水" 相關的新聞 !!! >>>
        ------------------------------------------------------
       >> 搜尋關鍵字:"洩漏"; 網址:"https://www.ettoday.net/news_search/doSearch.php?keywords=洩漏&idx=1&page=1"
         <<< 2020-09-30 沒有更多 "洩漏" 相關的新聞 !!! >>>
        ------------------------------------------------------
       >> 搜尋關鍵字:"暗管"; 網址:"https://www.ettoday.net/news_search/doSearch.php?keywords=暗管&idx=1&page=1"
         <<< 2020-09-30 沒有更多 "暗管" 相關的新聞 !!! >>>
        ------------------------------------------------------
       >> 搜尋關鍵字:"偷排"; 網址:"https://www.ettoday.net/news_search/doSearch.php?keywords=偷排&idx=1&page=1"
         <<< 2020-09-30 沒有更多 "偷排" 相關的新聞 !!! >>>
        ------------------------------------------------------
       >> 搜尋關鍵字:"安全"; 網址:"https://www.ettoday.net/news_search/doSearch.php?keywords=安全&idx=1&page=1"
         >>> 找到關鍵字 "安全"; 文章資訊: 2020-09-30 07:00:00, 尤里安中美兩國交惡美國國務卿呼籲世界改變中共, https://www.ettoday.net/news/20200930/1819992.htm
         >>> 找到關鍵字 "安全"; 文章資訊: 2020-09-30 06:31:00, 美國安顧問憂台灣是下一目標沒有護欄擋得住中共要以實力保和平, https://www.ettoday.net/news/20200930/1821178.htm
         >>> 找到關鍵字 "安全"; 文章資訊: 2020-09-30 00:46:00, 板橋男大生載友酒駕拒檢賓士狂飆10分義氣認罪一吹結果超傻眼, https://www.ettoday.net/news/20200930/1821077.htm
         >>> 找到關鍵字 "安全"; 文章資訊: 2020-09-30 00:23:00, 封殺華為之後Nokia成為英國電信最大5G設備供應商, https://www.ettoday.net/news/20200930/1821143.htm
         >>> 找到關鍵字 "安全"; 文章資訊: 2020-09-29 23:48:00, 黑衣男國道攔車S號運將棒球魂下車就打纏鬥63秒網笑翻, https://www.ettoday.net/news/20200929/1821120.htm
         >>> 找到關鍵字 "安全"; 文章資訊: 2020-09-29 22:55:00, 台大學霸遭性侵店長出面回應了秀證據完事還擊掌道別, https://www.ettoday.net/news/20200929/1821129.htm
         >>> 找到關鍵字 "安全"; 文章資訊: 2020-09-29 22:17:00, 江啟臣問食安會報開了沒政院食安辦每3個月開2次會, https://www.ettoday.net/news/20200929/1821108.htm
         >>> 找到關鍵字 "安全"; 文章資訊: 2020-09-29 21:55:00, 台中女學生搭公車被亂摸座椅被染紅整車安靜僅男同學相挺, https://www.ettoday.net/news/20200929/1821011.htm
         >>> 找到關鍵字 "安全"; 文章資訊: 2020-09-29 21:53:00, 網策畫十一遊行使用汽油彈弓箭襲警鄧炳強警告與全港人對幹, https://www.ettoday.net/news/20200929/1821081.htm
         >>> 找到關鍵字 "安全"; 文章資訊: 2020-09-29 20:19:00, 車停白線吃罰單輪胎壓線違規警曝2種線分別只差5公分, https://www.ettoday.net/news/20200929/1821040.htm
        ------------------------------------------------------
       >> 搜尋關鍵字:"槽車"; 網址:"https://www.ettoday.net/news_search/doSearch.php?keywords=槽車&idx=1&page=1"
         <<< 2020-09-30 沒有更多 "槽車" 相關的新聞 !!! >>>
       >> 檔案輸出
        ------------------------------------------------------
      >> 下載新聞內容
      >> 下載 https://www.ettoday.net/news/20200929/1800545.htm, 多維TW中美科技熱戰矽盾能保台灣
      >> 下載 https://www.ettoday.net/news/20200929/1820707.htm, 南鐵2戶拒遷提2訴求交通部指會影響鐵道安全都不可行
      >> 下載 https://www.ettoday.net/news/20200929/1820498.htm, 前國台辦副主任鄭柵潔當選浙江省長
      >> 下載 https://www.ettoday.net/news/20200929/1820477.htm, 強化救災裝備台南市北門獅子會捐贈空氣呼吸器背架及穿戴式攝影機
      >> 下載 https://www.ettoday.net/news/20200930/1821158.htm, 快訊國道重大車禍槽車撞匝道墜橋爆炸駕駛當場慘死
      >> 下載 https://www.ettoday.net/news/20200929/1820968.htm, 罹癌人數10年成長47保險業首張自體免疫細胞療法可理賠100萬元
      >> 下載 https://www.ettoday.net/news/20200929/1808590.htm, 青綠絲帶響應卵巢癌防治沉默殺手持續腹脹腹痛是警訊
      >> 下載 https://www.ettoday.net/news/20200929/1820710.htm, 登革熱病例達30例9例來自這裡環保署孳生病媒幼蟲最高罰6千
      >> 下載 https://www.ettoday.net/news/20200929/1817013.htm, 說流行GORETEX發明者病逝拯救公司的傳奇物料貴得有理
      >> 下載 https://www.ettoday.net/news/20200929/1815968.htm, 油頭人福音開箱加了蕁麻葉的洗髮精森林香氣好療癒
      >> 下載 https://www.ettoday.net/news/20200930/1821158.htm, 快訊國道重大車禍槽車撞匝道墜橋爆炸駕駛當場慘死
      >> 下載 https://www.ettoday.net/news/20200929/1821038.htm, Gogoro製造秘密基地大公開產線員工平均年齡只有25歲
      >> 下載 https://www.ettoday.net/news/20200929/1821002.htm, 台灣遭駭客勒索攻擊高於亞太區25倍微軟籲企業備戰等同國防
      >> 下載 https://www.ettoday.net/news/20200929/1820720.htm, 國外駭客集團化最近一波攻勢曝光企業資安2個月擋了78次
      >> 下載 https://www.ettoday.net/news/20200929/1820281.htm, Ubike爆資安危機悠遊卡刷車柱恐洩個資先知工程師反被當內鬼
      >> 下載 https://www.ettoday.net/news/20200929/1820827.htm, 失眠男台大醫院拒戴口罩暴怒揮刀恐嚇醫師搬免死金牌被打臉
      >> 下載 https://www.ettoday.net/news/20200929/1820750.htm, 倉管男永和種大麻辯自己用警搜出罕見大麻酒毒郵票
      >> 下載 https://www.ettoday.net/news/20200929/1820734.htm, 民團提修兩岸條例反制經濟滲透陸資假借人頭規避審查最重處5年
      >> 下載 https://www.ettoday.net/news/20200929/1819716.htm, 護理師量血壓好誘人陪病男偷襲摸臀拒道歉下場曝
      >> 下載 https://www.ettoday.net/news/20200929/1820605.htm, 像在玩PS4海巡大型無人機出任務中秋陸海空3D執法
      >> 下載 https://www.ettoday.net/news/20200929/1820651.htm, 禽感流疫苗走私頻傳農委會揭2大影響造成防疫上很大困擾
      >> 下載 https://www.ettoday.net/news/20200929/1820400.htm, 食物有怪味他偷裝攝影機拍到妻子飯裡加洗碗精
      >> 下載 https://www.ettoday.net/news/20200929/1820549.htm, 醉男西瓜刀狠劈無辜鄰居左胸鮮血濺牆慘死酒測破表判決出爐
      >> 下載 https://www.ettoday.net/news/20200929/1820543.htm, 林騰鷂蔡英文執政失敗年輕教師處境堪比外籍移工
      >> 下載 https://www.ettoday.net/news/20200929/1820017.htm, 後疫情時代骨鬆治療更是不能斷
      >> 下載 https://www.ettoday.net/news/20200929/1820418.htm, 泳池底部好多神秘黑點她下水一看竟是20多隻毒蜘蛛
      >> 下載 https://www.ettoday.net/news/20200929/1820751.htm, 蔡政修民間交流走到盡頭了嗎海峽論壇如何反映兩岸關係
      >> 下載 https://www.ettoday.net/news/20200929/1820802.htm, 房子被法拍又揹卡債離婚女靠這招賺錢一次拿400下場超慘
      >> 下載 https://www.ettoday.net/news/20200929/1820283.htm, 報復同事幼稚園女老師八寶粥投毒25人急送醫1學童慘死
      >> 下載 https://www.ettoday.net/news/20200930/1815878.htm, Rose高級黑穿搭秘訣大公開最後一樣百搭單品女人都要有
      >> 下載 https://www.ettoday.net/news/20200929/1820895.htm, 柚子配藥身體狂竄毒專家曝3類水果別碰隔開吃也會出事
      >> 下載 https://www.ettoday.net/news/20200929/1820400.htm, 食物有怪味他偷裝攝影機拍到妻子飯裡加洗碗精
      >> 下載 https://www.ettoday.net/news/20200929/1820694.htm, 毒蟲中600萬頭獎爽嗑瘋藥9個月敗剩1成不給錢就燒家
      >> 下載 https://www.ettoday.net/news/20200929/1820973.htm, 桃園弒母丟頭顱案二審無罪最高法院火速撤銷3理由曝光
      >> 下載 https://www.ettoday.net/news/20200929/1820949.htm, 37刀剁下媽媽頭桃園吸毒逆子判無罪最高院撤銷要求再鑑定
      >> 下載 https://www.ettoday.net/news/20200929/1820865.htm, 買毒卻來一包鹽買方不給錢賣方扔鞭炮教訓結果燒了議員服務處
      >> 下載 https://www.ettoday.net/news/20200929/1820825.htm, 水管阻塞工人意外掏出人肉男屋主冷回剩下在我冰箱
      >> 下載 https://www.ettoday.net/news/20200929/1820750.htm, 倉管男永和種大麻辯自己用警搜出罕見大麻酒毒郵票
      >> 下載 https://www.ettoday.net/news/20200929/1820558.htm, 超愛吃肉乾28歲女頭暈冒冷汗慘罹癌醫曝研究嚇到不敢吃
      >> 下載 https://www.ettoday.net/news/20200929/1821108.htm, 江啟臣問食安會報開了沒政院食安辦每3個月開2次會
      >> 下載 https://www.ettoday.net/news/20200929/1821017.htm, 時代力量提案改國徽取消掛國父遺像排入院會議程
      >> 下載 https://www.ettoday.net/news/20200929/1820984.htm, 稽查不合格瓦城更嚴格規範食材保存壽司郎加強衛生管理
      >> 下載 https://www.ettoday.net/news/20200929/1820819.htm, 獨民進黨正國會開第一槍修憲條文曝光拿掉統一不變更領土
      >> 下載 https://www.ettoday.net/news/20200929/1821027.htm, 政府6年僅成功催生6名試管嬰兒管碧玲補助費與國慶煙火相去不遠
      >> 下載 https://www.ettoday.net/news/20200929/1820965.htm, 陳以信質疑政府孩子生了才要結婚蘇貞昌反嗆現在是預產期
      >> 下載 https://www.ettoday.net/news/20200929/1820857.htm, 秦慧珠爆柯文哲要請蔣萬安吃飯當著黃珊珊的面
      >> 下載 https://www.ettoday.net/news/20200929/1820794.htm, 食安稽查不合格瓦城壽司郎上榜查獲逾期原料沙拉生菌數超標
      >> 下載 https://www.ettoday.net/news/20200929/1820533.htm, 食安會報成員名單曝光國民黨停擺一年配合上意隱匿訊息
      >> 下載 https://www.ettoday.net/news/20200929/1820666.htm, 民進黨立委端3道料理力挺國產豬陳吉仲下周公布台灣豬標章
      >> 下載 https://www.ettoday.net/news/20200929/1815814.htm, 干貝握壽司烤鮮蚵無限嗑台北超狂火鍋吃到飽啤酒免費爽喝
      >> 下載 https://www.ettoday.net/news/20200929/1815813.htm, 16隻鮮蝦青醬鋪滿披薩澎湖邪惡餐館海鮮沙拉料多酸甜開胃
      >> 下載 https://www.ettoday.net/news/20200929/1819570.htm, 中秋節烤肉難抗拒營養師簡單3原則讓你吃不胖
      >> 下載 https://www.ettoday.net/news/20200930/1821158.htm, 快訊國道重大車禍槽車撞匝道墜橋爆炸駕駛當場慘死
      >> 下載 https://www.ettoday.net/news/20200929/1821030.htm, 口罩今年秋冬再進化纖維專家揭N95戴得住的祕密
      >> 下載 https://www.ettoday.net/news/20200929/1820984.htm, 稽查不合格瓦城更嚴格規範食材保存壽司郎加強衛生管理
      >> 下載 https://www.ettoday.net/news/20200929/1820794.htm, 食安稽查不合格瓦城壽司郎上榜查獲逾期原料沙拉生菌數超標
      >> 下載 https://www.ettoday.net/news/20200929/1820601.htm, 張淑晶被指欠銀行錢怒控胞兄拿別人判決誹謗我
      >> 下載 https://www.ettoday.net/news/20200929/1820554.htm, 罷免韓國瑜的就挖眼盲胞挺韓情急PO文聲援挨告
      >> 下載 https://www.ettoday.net/news/20200929/1821105.htm, 嘉義大樓嚴重氣爆警消透露住戶一早才割腕晚上就失火
      >> 下載 https://www.ettoday.net/news/20200929/1821088.htm, 快訊嘉義宏都大樓驚傳氣爆惡火黑煙亂竄網嚇聲音超大
      >> 下載 https://www.ettoday.net/news/20200929/1820285.htm, 台灣之光是渣男少東假單身拐OL凍未條搞出人命3招逼退
      >> 下載 https://www.ettoday.net/news/20200929/1820676.htm, 專訪張麗善堅守台豬淨土轟執政黨開放美豬換位換腦袋
      >> 下載 https://www.ettoday.net/news/20200929/1820906.htm, 台灣首次將蠶寶寶吃的桑葉製成香鬆膳食纖維較牛蒡高35倍
      >> 下載 https://www.ettoday.net/news/20200929/1820794.htm, 食安稽查不合格瓦城壽司郎上榜查獲逾期原料沙拉生菌數超標
      >> 下載 https://www.ettoday.net/news/20200929/1820605.htm, 像在玩PS4海巡大型無人機出任務中秋陸海空3D執法
      >> 下載 https://www.ettoday.net/news/20200930/1821164.htm, 影爆炸聲震醒彰化國3翻車事故司機亡
      >> 下載 https://www.ettoday.net/news/20200930/1821161.htm, 謝震武震震有詞接觀眾提問播出2年收視率創新高
      >> 下載 https://www.ettoday.net/news/20200930/1821158.htm, 快訊國道重大車禍槽車撞匝道墜橋爆炸駕駛當場慘死
      >> 下載 https://www.ettoday.net/news/20200929/1821088.htm, 快訊嘉義宏都大樓驚傳氣爆惡火黑煙亂竄網嚇聲音超大
      >> 下載 https://www.ettoday.net/news/20200929/1820865.htm, 買毒卻來一包鹽買方不給錢賣方扔鞭炮教訓結果燒了議員服務處
      >> 下載 https://www.ettoday.net/news/20200929/1820610.htm, 劉致榮頂爆炸頭跟球迷告別赴美參加秋訓會緊張
      >> 下載 https://www.ettoday.net/news/20200929/1821024.htm, 避免中秋卡車陣桃園警公布易塞雷區4大違規列必抓
      >> 下載 https://www.ettoday.net/news/20200929/1820948.htm, 台中巨蛋用地完全合法盧秀燕希望早日完工使用
      >> 下載 https://www.ettoday.net/news/20200929/1820095.htm, 台灣設計展準備逛起來6條路線30家在地好店新舊交融體驗竹塹城摩登風采
      >> 下載 https://www.ettoday.net/news/20200929/1820516.htm, 2021總預算2兆450億蘇貞昌挪用去年賸餘100億支應舉債
      >> 下載 https://www.ettoday.net/news/20200929/1820492.htm, 外銷訂單增製造業景氣逐步復甦8月燈號轉為黃藍燈
      >> 下載 https://www.ettoday.net/news/20200929/1820468.htm, 電信業者各自提出5G策略聚焦數位轉型物聯網應用
      >> 下載 https://www.ettoday.net/news/20200929/1819726.htm, 完全中學光環加持高雄市區老屋仍有2字頭身價
      >> 下載 https://www.ettoday.net/news/20200929/1820649.htm, 中和民眾出門驚見郵包炸彈警以X光掃描發現這一片
      >> 下載 https://www.ettoday.net/news/20200929/1809036.htm, 最親台美國總統vs自由派救星川普拜登8大關鍵政策一次看
      >> 下載 https://www.ettoday.net/news/20201001/1532883.htm, 中秋5地雷烤肉月餅和柚子來者不拒小心鬧肚子還可能食物中毒
      >> 下載 https://www.ettoday.net/news/20200929/1821110.htm, 擴大禁菸區鄭文燦提5大環保措施提升桃園空氣品質
      >> 下載 https://www.ettoday.net/news/20200929/1820680.htm, 中秋烤肉烙賽潮到來疾管署示警上周全台腹瀉門急診破11萬
      >> 下載 https://www.ettoday.net/news/20200929/1820844.htm, 陳其邁砍資本門45億藍議員轟邁擱騙高市府駁不實
      >> 下載 https://www.ettoday.net/news/20200929/1820464.htm, 中國空汙治理嚴峻報告一半以上城市質量不達標
      >> 下載 https://www.ettoday.net/news/20200930/1819992.htm, 尤里安中美兩國交惡美國國務卿呼籲世界改變中共
      >> 下載 https://www.ettoday.net/news/20200930/1821178.htm, 美國安顧問憂台灣是下一目標沒有護欄擋得住中共要以實力保和平
      >> 下載 https://www.ettoday.net/news/20200930/1821077.htm, 板橋男大生載友酒駕拒檢賓士狂飆10分義氣認罪一吹結果超傻眼
      >> 下載 https://www.ettoday.net/news/20200930/1821143.htm, 封殺華為之後Nokia成為英國電信最大5G設備供應商
      >> 下載 https://www.ettoday.net/news/20200929/1821120.htm, 黑衣男國道攔車S號運將棒球魂下車就打纏鬥63秒網笑翻
      >> 下載 https://www.ettoday.net/news/20200929/1821129.htm, 台大學霸遭性侵店長出面回應了秀證據完事還擊掌道別
      >> 下載 https://www.ettoday.net/news/20200929/1821108.htm, 江啟臣問食安會報開了沒政院食安辦每3個月開2次會
      >> 下載 https://www.ettoday.net/news/20200929/1821011.htm, 台中女學生搭公車被亂摸座椅被染紅整車安靜僅男同學相挺
      >> 下載 https://www.ettoday.net/news/20200929/1821081.htm, 網策畫十一遊行使用汽油彈弓箭襲警鄧炳強警告與全港人對幹
      >> 下載 https://www.ettoday.net/news/20200929/1821040.htm, 車停白線吃罰單輪胎壓線違規警曝2種線分別只差5公分
