     -----> 新聞爬蟲：中國時報電子報

           <<< 中國時報電子報新聞搜尋 >>>
        ------------------------------------------------------
        ------------------------------------------------------
       >> 搜尋關鍵字:"工業用"; 網址:"https://www.chinatimes.com/search/工業用?page=1&chdtv"
         <<< 2020-09-30 沒有更多 "工業用" 相關的新聞 !!! >>>
        ------------------------------------------------------
       >> 搜尋關鍵字:"化工"; 網址:"https://www.chinatimes.com/search/化工?page=1&chdtv"
         <<< 2020-09-30 沒有更多 "化工" 相關的新聞 !!! >>>
        ------------------------------------------------------
       >> 搜尋關鍵字:"化災"; 網址:"https://www.chinatimes.com/search/化災?page=1&chdtv"
         <<< 2020-09-30 沒有更多 "化災" 相關的新聞 !!! >>>
        ------------------------------------------------------
       >> 搜尋關鍵字:"化學"; 網址:"https://www.chinatimes.com/search/化學?page=1&chdtv"
         <<< 2020-09-30 沒有更多 "化學" 相關的新聞 !!! >>>
        ------------------------------------------------------
       >> 搜尋關鍵字:"外洩"; 網址:"https://www.chinatimes.com/search/外洩?page=1&chdtv"
         <<< 2020-09-30 沒有更多 "外洩" 相關的新聞 !!! >>>
        ------------------------------------------------------
       >> 搜尋關鍵字:"危害"; 網址:"https://www.chinatimes.com/search/危害?page=1&chdtv"
         <<< 2020-09-30 沒有更多 "危害" 相關的新聞 !!! >>>
        ------------------------------------------------------
       >> 搜尋關鍵字:"有毒"; 網址:"https://www.chinatimes.com/search/有毒?page=1&chdtv"
         >>> 找到關鍵字 "有毒"; 文章資訊: 2020-09-29 10:24:00, 游泳見水底黏20塊黑污驚覺有毒嚇得逃上岸, https://www.chinatimes.com/hottopic/20200929001800-260809
         <<< 2020-09-30 沒有更多 "有毒" 相關的新聞 !!! >>>
        ------------------------------------------------------
       >> 搜尋關鍵字:"有害"; 網址:"https://www.chinatimes.com/search/有害?page=1&chdtv"
         <<< 2020-09-30 沒有更多 "有害" 相關的新聞 !!! >>>
        ------------------------------------------------------
       >> 搜尋關鍵字:"色料"; 網址:"https://www.chinatimes.com/search/色料?page=1&chdtv"
         <<< 2020-09-30 沒有更多 "色料" 相關的新聞 !!! >>>
        ------------------------------------------------------
       >> 搜尋關鍵字:"色素"; 網址:"https://www.chinatimes.com/search/色素?page=1&chdtv"
         <<< 2020-09-30 沒有更多 "色素" 相關的新聞 !!! >>>
        ------------------------------------------------------
       >> 搜尋關鍵字:"毒性"; 網址:"https://www.chinatimes.com/search/毒性?page=1&chdtv"
         <<< 2020-09-30 沒有更多 "毒性" 相關的新聞 !!! >>>
        ------------------------------------------------------
       >> 搜尋關鍵字:"毒品"; 網址:"https://www.chinatimes.com/search/毒品?page=1&chdtv"
         >>> 找到關鍵字 "毒品"; 文章資訊: 2020-09-29 15:59:00, 男子上網自學種大麻殘渣泡酒絲毫不浪費, https://www.chinatimes.com/realtimenews/20200929003938-260402
         <<< 2020-09-30 沒有更多 "毒品" 相關的新聞 !!! >>>
        ------------------------------------------------------
       >> 搜尋關鍵字:"致癌"; 網址:"https://www.chinatimes.com/search/致癌?page=1&chdtv"
         <<< 2020-09-30 沒有更多 "致癌" 相關的新聞 !!! >>>
        ------------------------------------------------------
       >> 搜尋關鍵字:"重金屬"; 網址:"https://www.chinatimes.com/search/重金屬?page=1&chdtv"
         <<< 2020-09-30 沒有更多 "重金屬" 相關的新聞 !!! >>>
        ------------------------------------------------------
       >> 搜尋關鍵字:"食安"; 網址:"https://www.chinatimes.com/search/食安?page=1&chdtv"
         >>> 找到關鍵字 "食安"; 文章資訊: 2020-09-29 19:41:00, 政院稱食安會報隨時可開國民黨批閣揆職權凌駕食安法, https://www.chinatimes.com/realtimenews/20200929005429-260407
         >>> 找到關鍵字 "食安"; 文章資訊: 2020-09-29 18:49:00, 政院沒空開食安會報網嘆若林杰樑還在能如此嗎, https://www.chinatimes.com/realtimenews/20200929005160-260407
         >>> 找到關鍵字 "食安"; 文章資訊: 2020-09-29 15:10:00, 藍質疑不開食安會報政院回應了, https://www.chinatimes.com/realtimenews/20200929003593-260407
         >>> 找到關鍵字 "食安"; 文章資訊: 2020-09-29 18:10:00, 有空罵歐陽娜娜沒空開食安會議鄭照新嗆蘇對食安有多心不在焉, https://www.chinatimes.com/realtimenews/20200929004942-260407
         >>> 找到關鍵字 "食安"; 文章資訊: 2020-09-29 13:54:00, 食安會報逾1年未開藍營轟開放萊豬未經評估, https://www.chinatimes.com/realtimenews/20200929003005-260407
         >>> 找到關鍵字 "食安"; 文章資訊: 2020-09-29 15:05:00, 被問上一次開食安會報是何時蘇貞昌竟答不出, https://www.chinatimes.com/realtimenews/20200929003510-260407
         >>> 找到關鍵字 "食安"; 文章資訊: 2020-09-29 21:50:00, 食安會報好久沒開陳玉珍爆政院內部絕對沒評估開放美豬, https://www.chinatimes.com/realtimenews/20200929005933-260407
         >>> 找到關鍵字 "食安"; 文章資訊: 2020-09-29 19:25:00, 藍營質疑沒開食安會報就開放美豬政院發言人衛福部專家諮議會結論, https://www.chinatimes.com/realtimenews/20200929005357-260407
         <<< 2020-09-30 沒有更多 "食安" 相關的新聞 !!! >>>
        ------------------------------------------------------
       >> 搜尋關鍵字:"香料"; 網址:"https://www.chinatimes.com/search/香料?page=1&chdtv"
         <<< 2020-09-30 沒有更多 "香料" 相關的新聞 !!! >>>
        ------------------------------------------------------
       >> 搜尋關鍵字:"原料"; 網址:"https://www.chinatimes.com/search/原料?page=1&chdtv"
         >>> 找到關鍵字 "原料"; 文章資訊: 2020-09-29 08:06:00, 鋼鐵股原料走跌豐興調降鋼筋盤價, https://www.chinatimes.com/realtimenews/20200929001185-260410
         <<< 2020-09-30 沒有更多 "原料" 相關的新聞 !!! >>>
        ------------------------------------------------------
       >> 搜尋關鍵字:"氣爆"; 網址:"https://www.chinatimes.com/search/氣爆?page=1&chdtv"
         >>> 找到關鍵字 "氣爆"; 文章資訊: 2020-09-29 23:33:00, 嘉市大樓轟氣爆民眾以為阿共仔打過來了, https://www.chinatimes.com/realtimenews/20200929006313-260402
         >>> 找到關鍵字 "氣爆"; 文章資訊: 2020-09-29 21:49:00, 嘉義保健街大樓氣爆住戶早上傳自殘照晚上住家就氣爆, https://www.chinatimes.com/realtimenews/20200929005925-260402
         <<< 2020-09-30 沒有更多 "氣爆" 相關的新聞 !!! >>>
        ------------------------------------------------------
       >> 搜尋關鍵字:"添加物"; 網址:"https://www.chinatimes.com/search/添加物?page=1&chdtv"
         <<< 2020-09-30 沒有更多 "添加物" 相關的新聞 !!! >>>
        ------------------------------------------------------
       >> 搜尋關鍵字:"黑心"; 網址:"https://www.chinatimes.com/search/黑心?page=1&chdtv"
         <<< 2020-09-30 沒有更多 "黑心" 相關的新聞 !!! >>>
        ------------------------------------------------------
       >> 搜尋關鍵字:"漂白"; 網址:"https://www.chinatimes.com/search/漂白?page=1&chdtv"
         <<< 2020-09-30 沒有更多 "漂白" 相關的新聞 !!! >>>
        ------------------------------------------------------
       >> 搜尋關鍵字:"爆炸"; 網址:"https://www.chinatimes.com/search/爆炸?page=1&chdtv"
         <<< 2020-09-30 沒有更多 "爆炸" 相關的新聞 !!! >>>
        ------------------------------------------------------
       >> 搜尋關鍵字:"新興"; 網址:"https://www.chinatimes.com/search/新興?page=1&chdtv"
         <<< 2020-09-30 沒有更多 "新興" 相關的新聞 !!! >>>
        ------------------------------------------------------
       >> 搜尋關鍵字:"爆裂物"; 網址:"https://www.chinatimes.com/search/爆裂物?page=1&chdtv"
         <<< 2020-09-30 沒有更多 "爆裂物" 相關的新聞 !!! >>>
        ------------------------------------------------------
       >> 搜尋關鍵字:"IED"; 網址:"https://www.chinatimes.com/search/IED?page=1&chdtv"
        ------------------------------------------------------
       >> 搜尋關鍵字:"排放"; 網址:"https://www.chinatimes.com/search/排放?page=1&chdtv"
         <<< 2020-09-30 沒有更多 "排放" 相關的新聞 !!! >>>
        ------------------------------------------------------
       >> 搜尋關鍵字:"污染"; 網址:"https://www.chinatimes.com/search/污染?page=1&chdtv"
         >>> 找到關鍵字 "污染"; 文章資訊: 2020-09-29 13:46:00, 上海推塑膠污染治理估2021年實現替代產品有效推廣, https://www.chinatimes.com/realtimenews/20200929003042-260409
         <<< 2020-09-30 沒有更多 "污染" 相關的新聞 !!! >>>
        ------------------------------------------------------
       >> 搜尋關鍵字:"廢水"; 網址:"https://www.chinatimes.com/search/廢水?page=1&chdtv"
         <<< 2020-09-30 沒有更多 "廢水" 相關的新聞 !!! >>>
        ------------------------------------------------------
       >> 搜尋關鍵字:"污水"; 網址:"https://www.chinatimes.com/search/污水?page=1&chdtv"
         <<< 2020-09-30 沒有更多 "污水" 相關的新聞 !!! >>>
        ------------------------------------------------------
       >> 搜尋關鍵字:"洩漏"; 網址:"https://www.chinatimes.com/search/洩漏?page=1&chdtv"
         <<< 2020-09-30 沒有更多 "洩漏" 相關的新聞 !!! >>>
        ------------------------------------------------------
       >> 搜尋關鍵字:"暗管"; 網址:"https://www.chinatimes.com/search/暗管?page=1&chdtv"
         <<< 2020-09-30 沒有更多 "暗管" 相關的新聞 !!! >>>
        ------------------------------------------------------
       >> 搜尋關鍵字:"偷排"; 網址:"https://www.chinatimes.com/search/偷排?page=1&chdtv"
         <<< 2020-09-30 沒有更多 "偷排" 相關的新聞 !!! >>>
        ------------------------------------------------------
       >> 搜尋關鍵字:"安全"; 網址:"https://www.chinatimes.com/search/安全?page=1&chdtv"
         >>> 找到關鍵字 "安全"; 文章資訊: 2020-09-29 12:00:00, 助重返工作德國GEA運用科技安全重啟1900名員工餐廳, https://www.chinatimes.com/realtimenews/20200929002531-260410
         <<< 2020-09-30 沒有更多 "安全" 相關的新聞 !!! >>>
        ------------------------------------------------------
       >> 搜尋關鍵字:"槽車"; 網址:"https://www.chinatimes.com/search/槽車?page=1&chdtv"
         <<< 2020-09-30 沒有更多 "槽車" 相關的新聞 !!! >>>
       >> 檔案輸出
        ------------------------------------------------------
      >> 下載新聞內容
      >> 下載 https://www.chinatimes.com/hottopic/20200929001800-260809, 游泳見水底黏20塊黑污驚覺有毒嚇得逃上岸
      >> 下載 https://www.chinatimes.com/realtimenews/20200929003938-260402, 男子上網自學種大麻殘渣泡酒絲毫不浪費
      >> 下載 https://www.chinatimes.com/realtimenews/20200929005429-260407, 政院稱食安會報隨時可開國民黨批閣揆職權凌駕食安法
      >> 下載 https://www.chinatimes.com/realtimenews/20200929005160-260407, 政院沒空開食安會報網嘆若林杰樑還在能如此嗎
      >> 下載 https://www.chinatimes.com/realtimenews/20200929003593-260407, 藍質疑不開食安會報政院回應了
      >> 下載 https://www.chinatimes.com/realtimenews/20200929004942-260407, 有空罵歐陽娜娜沒空開食安會議鄭照新嗆蘇對食安有多心不在焉
      >> 下載 https://www.chinatimes.com/realtimenews/20200929003005-260407, 食安會報逾1年未開藍營轟開放萊豬未經評估
      >> 下載 https://www.chinatimes.com/realtimenews/20200929003510-260407, 被問上一次開食安會報是何時蘇貞昌竟答不出
      >> 下載 https://www.chinatimes.com/realtimenews/20200929005933-260407, 食安會報好久沒開陳玉珍爆政院內部絕對沒評估開放美豬
      >> 下載 https://www.chinatimes.com/realtimenews/20200929005357-260407, 藍營質疑沒開食安會報就開放美豬政院發言人衛福部專家諮議會結論
      >> 下載 https://www.chinatimes.com/realtimenews/20200929001185-260410, 鋼鐵股原料走跌豐興調降鋼筋盤價
      >> 下載 https://www.chinatimes.com/realtimenews/20200929006313-260402, 嘉市大樓轟氣爆民眾以為阿共仔打過來了
      >> 下載 https://www.chinatimes.com/realtimenews/20200929005925-260402, 嘉義保健街大樓氣爆住戶早上傳自殘照晚上住家就氣爆
      >> 下載 https://www.chinatimes.com/realtimenews/20200929003042-260409, 上海推塑膠污染治理估2021年實現替代產品有效推廣
      >> 下載 https://www.chinatimes.com/realtimenews/20200929002531-260410, 助重返工作德國GEA運用科技安全重啟1900名員工餐廳
