     -----> 新聞爬蟲：自由時報電子報

           <<< 自由時報電子報新聞搜尋 >>>
        ------------------------------------------------------
        ------------------------------------------------------
       >> 搜尋關鍵字:"工業用"; 網址:"https://news.ltn.com.tw/search?keyword=工業用&conditions=and&start_time=2020-10-04&end_time=2020-10-05&page=1"
      >> Every thing goes well
         >>> 找到關鍵字 "工業用"; 文章資訊: 2020-10-05 00:00:00, 財經週報疫後轉型商機智慧製造超前部署斷鏈迅速復原, https://news.ltn.com.tw/news/weeklybiz/paper/1404014
        ------------------------------------------------------
       >> 搜尋關鍵字:"化工"; 網址:"https://news.ltn.com.tw/search?keyword=化工&conditions=and&start_time=2020-10-04&end_time=2020-10-05&page=1"
      >> Every thing goes well
         >>> 找到關鍵字 "化工"; 文章資訊: 2020-10-05 00:00:00, 財經週報疫後轉型商機緩衝距離協作機器人正在崛起, https://news.ltn.com.tw/news/weeklybiz/paper/1404015
         >>> 找到關鍵字 "化工"; 文章資訊: 2020-10-05 00:00:00, 財經週報疫後轉型商機智慧製造超前部署斷鏈迅速復原, https://news.ltn.com.tw/news/weeklybiz/paper/1404014
         >>> 找到關鍵字 "化工"; 文章資訊: 2020-10-05 00:00:00, 財經週報疫情漲價題材醫療乳膠手套大缺原料報價封盤, https://news.ltn.com.tw/news/weeklybiz/paper/1404011
         >>> 找到關鍵字 "化工"; 文章資訊: 2020-10-05 00:00:00, 財經週報時事求是漲聲中的趨勢, https://news.ltn.com.tw/news/weeklybiz/paper/1404008
         <<< 2020-10-05 沒有更多 "化工" 相關的新聞 !!! >>>
        ------------------------------------------------------
       >> 搜尋關鍵字:"化災"; 網址:"https://news.ltn.com.tw/search?keyword=化災&conditions=and&start_time=2020-10-04&end_time=2020-10-05&page=1"
      >> get more than 1 element. Please confirm.
        ------------------------------------------------------
       >> 搜尋關鍵字:"化學"; 網址:"https://news.ltn.com.tw/search?keyword=化學&conditions=and&start_time=2020-10-04&end_time=2020-10-05&page=1"
      >> Every thing goes well
         >>> 找到關鍵字 "化學"; 文章資訊: 2020-10-05 00:00:00, 愛肝加油站B肝患者罹癌化療宜服藥防B肝發作, https://news.ltn.com.tw/news/health/paper/1404028
         >>> 找到關鍵字 "化學"; 文章資訊: 2020-10-05 00:00:00, 財經週報疫情漲價題材醫療乳膠手套大缺原料報價封盤, https://news.ltn.com.tw/news/weeklybiz/paper/1404011
         >>> 找到關鍵字 "化學"; 文章資訊: 2020-10-05 00:00:00, 財經週報時事求是漲聲中的趨勢, https://news.ltn.com.tw/news/weeklybiz/paper/1404008
         >>> 找到關鍵字 "化學"; 文章資訊: 2020-10-05 00:00:00, 本週熱點美台國防工業會議今視訊登場, https://news.ltn.com.tw/news/politics/paper/1403997
         >>> 找到關鍵字 "化學"; 文章資訊: 2020-10-05 00:00:00, 數理學分少恐弱化新舊課綱總學分同將培養資工種子教師, https://news.ltn.com.tw/news/life/paper/1403884
         >>> 找到關鍵字 "化學"; 文章資訊: 2020-10-05 00:56:00, 愛因斯坦17歲成績單曝光數理猛炸這科僅得3分, https://news.ltn.com.tw/news/world/breakingnews/3311600
         >>> 找到關鍵字 "化學"; 文章資訊: 2020-10-04 22:20:00, 獨家營養午餐是否美豬偷入手機APP一查就知, https://news.ltn.com.tw/news/life/breakingnews/3311555
         <<< 2020-10-05 沒有更多 "化學" 相關的新聞 !!! >>>
        ------------------------------------------------------
       >> 搜尋關鍵字:"外洩"; 網址:"https://news.ltn.com.tw/search?keyword=外洩&conditions=and&start_time=2020-10-04&end_time=2020-10-05&page=1"
      >> Every thing goes well
         >>> 找到關鍵字 "外洩"; 文章資訊: 2020-10-05 00:00:00, 求職個資傳遭駭104人力銀行已報案清查, https://news.ltn.com.tw/news/society/paper/1403981
         >>> 找到關鍵字 "外洩"; 文章資訊: 2020-10-04 20:08:00, 求職個資傳遭駭104人力銀行已報案清查中, https://news.ltn.com.tw/news/life/breakingnews/3311514
         >>> 找到關鍵字 "外洩"; 文章資訊: 2020-10-04 14:21:00, 人力銀行592萬筆個資遭中國駭客侵入暗網上公開出售恐影響國安, https://news.ltn.com.tw/news/society/breakingnews/3311256
         <<< 2020-10-05 沒有更多 "外洩" 相關的新聞 !!! >>>
        ------------------------------------------------------
       >> 搜尋關鍵字:"危害"; 網址:"https://news.ltn.com.tw/search?keyword=危害&conditions=and&start_time=2020-10-04&end_time=2020-10-05&page=1"
      >> Every thing goes well
         >>> 找到關鍵字 "危害"; 文章資訊: 2020-10-05 00:00:00, 社論是十月驚奇還是黑天鵝, https://news.ltn.com.tw/news/opinion/paper/1403982
         >>> 找到關鍵字 "危害"; 文章資訊: 2020-10-05 00:00:00, 自由廣場肯定食藥署重罰大藥廠, https://news.ltn.com.tw/news/opinion/paper/1403970
         >>> 找到關鍵字 "危害"; 文章資訊: 2020-10-05 00:00:00, 雲林猴害嚴重電圍網申請暴增7倍, https://news.ltn.com.tw/news/life/paper/1403947
         >>> 找到關鍵字 "危害"; 文章資訊: 2020-10-04 19:49:00, 台中空品AQI傍晚翻紅3測站臭氧飆破百, https://news.ltn.com.tw/news/life/breakingnews/3311506
         >>> 找到關鍵字 "危害"; 文章資訊: 2020-10-04 19:21:00, 毒品案假釋酒駕捐錢懺悔法官網開一面判免刑, https://news.ltn.com.tw/news/society/breakingnews/3311450
         >>> 找到關鍵字 "危害"; 文章資訊: 2020-10-04 19:05:00, 外送員好難機車沒熄火也差點被砍, https://news.ltn.com.tw/news/society/breakingnews/3311447
         >>> 找到關鍵字 "危害"; 文章資訊: 2020-10-04 16:55:00, 防台灣黑熊遭陷阱夾傷林務局年底前推實名制精準式陷阱, https://news.ltn.com.tw/news/life/breakingnews/3311391
         >>> 找到關鍵字 "危害"; 文章資訊: 2020-10-04 11:12:00, 悲涼中秋節他下工走7公里返租屋處邊走邊喝酒醉倒路旁, https://news.ltn.com.tw/news/society/breakingnews/3311116
         <<< 2020-10-05 沒有更多 "危害" 相關的新聞 !!! >>>
        ------------------------------------------------------
       >> 搜尋關鍵字:"有毒"; 網址:"https://news.ltn.com.tw/search?keyword=有毒&conditions=and&start_time=2020-10-04&end_time=2020-10-05&page=1"
      >> Every thing goes well
         >>> 找到關鍵字 "有毒"; 文章資訊: 2020-10-05 00:00:00, 違反法定程序警臨檢違規搜索男持毒判無罪, https://news.ltn.com.tw/news/society/paper/1403977
         >>> 找到關鍵字 "有毒"; 文章資訊: 2020-10-04 19:53:00, 與警四目相交好害羞下一秒狂竄被當街壓制起出4號仔, https://news.ltn.com.tw/news/society/breakingnews/3311511
         <<< 2020-10-05 沒有更多 "有毒" 相關的新聞 !!! >>>
        ------------------------------------------------------
       >> 搜尋關鍵字:"有害"; 網址:"https://news.ltn.com.tw/search?keyword=有害&conditions=and&start_time=2020-10-04&end_time=2020-10-05&page=1"
      >> Every thing goes well
         >>> 找到關鍵字 "有害"; 文章資訊: 2020-10-04 18:58:00, 80歲老翁打死兒子鄰居嘆都是酗酒害的, https://news.ltn.com.tw/news/society/breakingnews/3311440
         >>> 找到關鍵字 "有害"; 文章資訊: 2020-10-04 13:10:00, 中秋交通疏運有效南投警方樂報遊客少塞車交通事故少, https://news.ltn.com.tw/news/life/breakingnews/3311206
         >>> 找到關鍵字 "有害"; 文章資訊: 2020-10-04 11:10:00, 影音滅火器鍍金揭曲折過往苦等20年披榮耀返故鄉, https://news.ltn.com.tw/news/entertainment/breakingnews/3311114
         >>> 找到關鍵字 "有害"; 文章資訊: 2020-10-04 09:52:00, 川普確診參議員詹森篩檢未出爐即參加啤酒節結果呈陽性, https://news.ltn.com.tw/news/world/breakingnews/3311045
         >>> 找到關鍵字 "有害"; 文章資訊: 2020-10-04 08:10:00, 影音朱海君封歌后NONO送雞排夫妻二胎拚男寶, https://news.ltn.com.tw/news/entertainment/breakingnews/3311009
        ------------------------------------------------------
       >> 搜尋關鍵字:"色料"; 網址:"https://news.ltn.com.tw/search?keyword=色料&conditions=and&start_time=2020-10-04&end_time=2020-10-05&page=1"
      >> get more than 1 element. Please confirm.
        ------------------------------------------------------
       >> 搜尋關鍵字:"色素"; 網址:"https://news.ltn.com.tw/search?keyword=色素&conditions=and&start_time=2020-10-04&end_time=2020-10-05&page=1"
      >> Every thing goes well
         <<< 2020-10-05 沒有更多 "色素" 相關的新聞 !!! >>>
        ------------------------------------------------------
       >> 搜尋關鍵字:"毒性"; 網址:"https://news.ltn.com.tw/search?keyword=毒性&conditions=and&start_time=2020-10-04&end_time=2020-10-05&page=1"
      >> Every thing goes well
         >>> 找到關鍵字 "毒性"; 文章資訊: 2020-10-05 00:00:00, 長期口乾眼紅乾燥症上身, https://news.ltn.com.tw/news/health/paper/1404029
         >>> 找到關鍵字 "毒性"; 文章資訊: 2020-10-04 14:24:00, 別以為口乾舌燥眼紅是小事超過3個月當心乾燥症上身, https://news.ltn.com.tw/news/health/breakingnews/3311263
         >>> 找到關鍵字 "毒性"; 文章資訊: 2020-10-04 12:33:00, 黑狗麻糬對車主狂吠遭毒死牠原來曾目睹同伴被車撞死, https://news.ltn.com.tw/news/life/breakingnews/3311176
         <<< 2020-10-05 沒有更多 "毒性" 相關的新聞 !!! >>>
        ------------------------------------------------------
       >> 搜尋關鍵字:"毒品"; 網址:"https://news.ltn.com.tw/search?keyword=毒品&conditions=and&start_time=2020-10-04&end_time=2020-10-05&page=1"
      >> Every thing goes well
         >>> 找到關鍵字 "毒品"; 文章資訊: 2020-10-05 00:00:00, 違反法定程序警臨檢違規搜索男持毒判無罪, https://news.ltn.com.tw/news/society/paper/1403977
         >>> 找到關鍵字 "毒品"; 文章資訊: 2020-10-05 00:00:00, 逆風劇團投入行動餐車向醫護致敬, https://news.ltn.com.tw/news/life/paper/1403957
         >>> 找到關鍵字 "毒品"; 文章資訊: 2020-10-04 19:53:00, 與警四目相交好害羞下一秒狂竄被當街壓制起出4號仔, https://news.ltn.com.tw/news/society/breakingnews/3311511
         >>> 找到關鍵字 "毒品"; 文章資訊: 2020-10-04 19:21:00, 毒品案假釋酒駕捐錢懺悔法官網開一面判免刑, https://news.ltn.com.tw/news/society/breakingnews/3311450
         <<< 2020-10-05 沒有更多 "毒品" 相關的新聞 !!! >>>
        ------------------------------------------------------
       >> 搜尋關鍵字:"致癌"; 網址:"https://news.ltn.com.tw/search?keyword=致癌&conditions=and&start_time=2020-10-04&end_time=2020-10-05&page=1"
      >> get more than 1 element. Please confirm.
        ------------------------------------------------------
       >> 搜尋關鍵字:"重金屬"; 網址:"https://news.ltn.com.tw/search?keyword=重金屬&conditions=and&start_time=2020-10-04&end_time=2020-10-05&page=1"
      >> Every thing goes well
         >>> 找到關鍵字 "重金屬"; 文章資訊: 2020-10-04 13:23:00, 藝響1884開唱淡水古蹟動滋動起來, https://news.ltn.com.tw/news/life/breakingnews/3311218
        ------------------------------------------------------
       >> 搜尋關鍵字:"食安"; 網址:"https://news.ltn.com.tw/search?keyword=食安&conditions=and&start_time=2020-10-04&end_time=2020-10-05&page=1"
      >> Every thing goes well
         >>> 找到關鍵字 "食安"; 文章資訊: 2020-10-05 00:00:00, 本週熱點美台國防工業會議今視訊登場, https://news.ltn.com.tw/news/politics/paper/1403997
         >>> 找到關鍵字 "食安"; 文章資訊: 2020-10-05 00:00:00, 公安大巨蛋柯文哲被要求20項專案報告, https://news.ltn.com.tw/news/life/paper/1403892
         <<< 2020-10-05 沒有更多 "食安" 相關的新聞 !!! >>>
        ------------------------------------------------------
       >> 搜尋關鍵字:"香料"; 網址:"https://news.ltn.com.tw/search?keyword=香料&conditions=and&start_time=2020-10-04&end_time=2020-10-05&page=1"
      >> Every thing goes well
         >>> 找到關鍵字 "香料"; 文章資訊: 2020-10-05 00:00:00, 消費控珍味真味時尚法國菜ChouChou林明健激盪創藝, https://news.ltn.com.tw/news/consumer/paper/1403999
        ------------------------------------------------------
       >> 搜尋關鍵字:"原料"; 網址:"https://news.ltn.com.tw/search?keyword=原料&conditions=and&start_time=2020-10-04&end_time=2020-10-05&page=1"
      >> Every thing goes well
         >>> 找到關鍵字 "原料"; 文章資訊: 2020-10-05 00:00:00, 財經週報疫情漲價題材醫療乳膠手套大缺原料報價封盤, https://news.ltn.com.tw/news/weeklybiz/paper/1404011
         >>> 找到關鍵字 "原料"; 文章資訊: 2020-10-05 00:00:00, 財經週報疫情漲價題材熱錢疫情科技業吹起漲價號角, https://news.ltn.com.tw/news/weeklybiz/paper/1404007
         >>> 找到關鍵字 "原料"; 文章資訊: 2020-10-05 00:00:00, 自由廣場肯定食藥署重罰大藥廠, https://news.ltn.com.tw/news/opinion/paper/1403970
         >>> 找到關鍵字 "原料"; 文章資訊: 2020-10-05 00:00:00, 食藥署公告杏輝世達博謙嚴重違反GMP裁處3萬200萬元若持續未改善最重將撤照, https://news.ltn.com.tw/news/life/paper/1403877
         >>> 找到關鍵字 "原料"; 文章資訊: 2020-10-04 16:21:00, 藥物出包無菌試驗結果造假食藥署公布3藥廠嚴重違反GMP, https://news.ltn.com.tw/news/health/breakingnews/3311346
        ------------------------------------------------------
       >> 搜尋關鍵字:"氣爆"; 網址:"https://news.ltn.com.tw/search?keyword=氣爆&conditions=and&start_time=2020-10-04&end_time=2020-10-05&page=1"
      >> Every thing goes well
         <<< 2020-10-05 沒有更多 "氣爆" 相關的新聞 !!! >>>
        ------------------------------------------------------
       >> 搜尋關鍵字:"添加物"; 網址:"https://news.ltn.com.tw/search?keyword=添加物&conditions=and&start_time=2020-10-04&end_time=2020-10-05&page=1"
      >> get more than 1 element. Please confirm.
        ------------------------------------------------------
       >> 搜尋關鍵字:"黑心"; 網址:"https://news.ltn.com.tw/search?keyword=黑心&conditions=and&start_time=2020-10-04&end_time=2020-10-05&page=1"
      >> Every thing goes well
         >>> 找到關鍵字 "黑心"; 文章資訊: 2020-10-04 16:28:00, 黑心女仲介一天抽1百媒介外籍移工當看護判關50天, https://news.ltn.com.tw/news/society/breakingnews/3311359
        ------------------------------------------------------
       >> 搜尋關鍵字:"漂白"; 網址:"https://news.ltn.com.tw/search?keyword=漂白&conditions=and&start_time=2020-10-04&end_time=2020-10-05&page=1"
      >> get more than 1 element. Please confirm.
        ------------------------------------------------------
       >> 搜尋關鍵字:"爆炸"; 網址:"https://news.ltn.com.tw/search?keyword=爆炸&conditions=and&start_time=2020-10-04&end_time=2020-10-05&page=1"
      >> Every thing goes well
         >>> 找到關鍵字 "爆炸"; 文章資訊: 2020-10-05 00:00:00, 自由副刊沈眠我們七月六日誕生, https://news.ltn.com.tw/news/supplement/paper/1403862
         >>> 找到關鍵字 "爆炸"; 文章資訊: 2020-10-05 00:00:00, 自由副刊季季張愛玲為什麼那麼紅2之1龔之方憶述他問那句話的時代, https://news.ltn.com.tw/news/supplement/paper/1403861
         >>> 找到關鍵字 "爆炸"; 文章資訊: 2020-10-04 16:03:00, 阿富汗東部省份遭卡車炸彈襲擊至少15死52傷, https://news.ltn.com.tw/news/world/breakingnews/3311325
         <<< 2020-10-05 沒有更多 "爆炸" 相關的新聞 !!! >>>
        ------------------------------------------------------
       >> 搜尋關鍵字:"新興"; 網址:"https://news.ltn.com.tw/search?keyword=新興&conditions=and&start_time=2020-10-04&end_time=2020-10-05&page=1"
      >> Every thing goes well
         >>> 找到關鍵字 "新興"; 文章資訊: 2020-10-05 00:00:00, 新北多元都更拚明年達550件, https://news.ltn.com.tw/news/life/paper/1403954
         >>> 找到關鍵字 "新興"; 文章資訊: 2020-10-05 00:00:00, 壽豐網美小店火警暫停對外開放, https://news.ltn.com.tw/news/life/paper/1403916
         >>> 找到關鍵字 "新興"; 文章資訊: 2020-10-05 00:00:00, 鼓勵轉乘捷運台中綠線備援行控大樓供295車位, https://news.ltn.com.tw/news/life/paper/1403889
         >>> 找到關鍵字 "新興"; 文章資訊: 2020-10-05 00:00:00, 數理學分少恐弱化新舊課綱總學分同將培養資工種子教師, https://news.ltn.com.tw/news/life/paper/1403884
         >>> 找到關鍵字 "新興"; 文章資訊: 2020-10-05 00:00:00, 發展資通訊產業開放大學可外加生源恐被搶私校科大憂技職滅亡, https://news.ltn.com.tw/news/life/paper/1403881
         >>> 找到關鍵字 "新興"; 文章資訊: 2020-10-04 15:44:00, 美中貿易戰印中衝突重創中國手機業者三星坐收漁翁之利, https://news.ltn.com.tw/news/business/breakingnews/3311344
         >>> 找到關鍵字 "新興"; 文章資訊: 2020-10-04 14:04:00, 花蓮新興網美打卡點遭祝融國慶連假恐暫停對外開放, https://news.ltn.com.tw/news/life/breakingnews/3311246
         <<< 2020-10-05 沒有更多 "新興" 相關的新聞 !!! >>>
        ------------------------------------------------------
       >> 搜尋關鍵字:"爆裂物"; 網址:"https://news.ltn.com.tw/search?keyword=爆裂物&conditions=and&start_time=2020-10-04&end_time=2020-10-05&page=1"
      >> get more than 1 element. Please confirm.
        ------------------------------------------------------
       >> 搜尋關鍵字:"IED"; 網址:"https://news.ltn.com.tw/search?keyword=IED&conditions=and&start_time=2020-10-04&end_time=2020-10-05&page=1"
      >> Every thing goes well
         >>> 找到關鍵字 "IED"; 文章資訊: 2020-10-05 03:00:00, TAIPEITIMESTrumpbetterbutnotyetoutofthewoods, https://news.ltn.com.tw/news/focus/breakingnews/3311577
         >>> 找到關鍵字 "IED"; 文章資訊: 2020-10-05 03:00:00, TAIPEITIMESPeoplewithheartconditionsurgedtoseedoctor, https://news.ltn.com.tw/news/focus/breakingnews/3311575
         >>> 找到關鍵字 "IED"; 文章資訊: 2020-10-05 03:00:00, TAIPEITIMESCPCandFormosalowergasolineanddieselprices, https://news.ltn.com.tw/news/focus/breakingnews/3311570
         <<< 2020-10-05 沒有更多 "IED" 相關的新聞 !!! >>>
        ------------------------------------------------------
       >> 搜尋關鍵字:"排放"; 網址:"https://news.ltn.com.tw/search?keyword=排放&conditions=and&start_time=2020-10-04&end_time=2020-10-05&page=1"
      >> Every thing goes well
         >>> 找到關鍵字 "排放"; 文章資訊: 2020-10-05 00:00:00, 八德自來水臭得像餿水, https://news.ltn.com.tw/news/life/paper/1403936
         >>> 找到關鍵字 "排放"; 文章資訊: 2020-10-04 18:12:00, 中國蘭州布氏桿菌事件啟動賠償受害民眾不買帳, https://news.ltn.com.tw/news/world/breakingnews/3311453
         <<< 2020-10-05 沒有更多 "排放" 相關的新聞 !!! >>>
        ------------------------------------------------------
       >> 搜尋關鍵字:"污染"; 網址:"https://news.ltn.com.tw/search?keyword=污染&conditions=and&start_time=2020-10-04&end_time=2020-10-05&page=1"
      >> Every thing goes well
         >>> 找到關鍵字 "污染"; 文章資訊: 2020-10-05 00:00:00, 心血管患者罹武肺致死率高35倍, https://news.ltn.com.tw/news/life/paper/1403879
         >>> 找到關鍵字 "污染"; 文章資訊: 2020-10-04 18:59:00, 海洋環保與母語扎根陳柏惟邀劇團龍井演出, https://news.ltn.com.tw/news/life/breakingnews/3311462
         <<< 2020-10-05 沒有更多 "污染" 相關的新聞 !!! >>>
        ------------------------------------------------------
       >> 搜尋關鍵字:"廢水"; 網址:"https://news.ltn.com.tw/search?keyword=廢水&conditions=and&start_time=2020-10-04&end_time=2020-10-05&page=1"
      >> Every thing goes well
         <<< 2020-10-05 沒有更多 "廢水" 相關的新聞 !!! >>>
        ------------------------------------------------------
       >> 搜尋關鍵字:"污水"; 網址:"https://news.ltn.com.tw/search?keyword=污水&conditions=and&start_time=2020-10-04&end_time=2020-10-05&page=1"
      >> Every thing goes well
         <<< 2020-10-05 沒有更多 "污水" 相關的新聞 !!! >>>
        ------------------------------------------------------
       >> 搜尋關鍵字:"洩漏"; 網址:"https://news.ltn.com.tw/search?keyword=洩漏&conditions=and&start_time=2020-10-04&end_time=2020-10-05&page=1"
      >> get more than 1 element. Please confirm.
        ------------------------------------------------------
       >> 搜尋關鍵字:"暗管"; 網址:"https://news.ltn.com.tw/search?keyword=暗管&conditions=and&start_time=2020-10-04&end_time=2020-10-05&page=1"
      >> get more than 1 element. Please confirm.
        ------------------------------------------------------
       >> 搜尋關鍵字:"偷排"; 網址:"https://news.ltn.com.tw/search?keyword=偷排&conditions=and&start_time=2020-10-04&end_time=2020-10-05&page=1"
      >> Every thing goes well
         <<< 2020-10-05 沒有更多 "偷排" 相關的新聞 !!! >>>
        ------------------------------------------------------
       >> 搜尋關鍵字:"安全"; 網址:"https://news.ltn.com.tw/search?keyword=安全&conditions=and&start_time=2020-10-04&end_time=2020-10-05&page=1"
      >> Every thing goes well
         >>> 找到關鍵字 "安全"; 文章資訊: 2020-10-05 07:15:00, 今日北台灣整天轉濕涼高溫僅24度, https://news.ltn.com.tw/news/life/breakingnews/3311621
         >>> 找到關鍵字 "安全"; 文章資訊: 2020-10-05 00:00:00, 老闆養病川普競選團隊續衝, https://news.ltn.com.tw/news/world/paper/1404034
         >>> 找到關鍵字 "安全"; 文章資訊: 2020-10-05 00:00:00, 財經週報疫後轉型商機緩衝距離協作機器人正在崛起, https://news.ltn.com.tw/news/weeklybiz/paper/1404015
         >>> 找到關鍵字 "安全"; 文章資訊: 2020-10-05 00:00:00, 川普住院龐皮歐縮短亞洲行反中不鬆手四方對話照常舉行, https://news.ltn.com.tw/news/world/paper/1404005
         >>> 找到關鍵字 "安全"; 文章資訊: 2020-10-05 00:00:00, 金融時報起底中駐伊朗前官員曾負責審查TikTok內容, https://news.ltn.com.tw/news/world/paper/1404004
         >>> 找到關鍵字 "安全"; 文章資訊: 2020-10-05 00:00:00, 中芯證實列美黑名單衝擊經營, https://news.ltn.com.tw/news/business/paper/1404002
         >>> 找到關鍵字 "安全"; 文章資訊: 2020-10-05 00:00:00, 本週熱點美台國防工業會議今視訊登場, https://news.ltn.com.tw/news/politics/paper/1403997
         >>> 找到關鍵字 "安全"; 文章資訊: 2020-10-05 00:00:00, 冷眼集對美全面準備, https://news.ltn.com.tw/news/politics/paper/1403995
         >>> 找到關鍵字 "安全"; 文章資訊: 2020-10-05 00:00:00, 自由日日shoot強化軍事訓練役著重灘岸守備與城鎮作戰, https://news.ltn.com.tw/news/politics/paper/1403989
         >>> 找到關鍵字 "安全"; 文章資訊: 2020-10-05 00:00:00, 求職個資傳遭駭104人力銀行已報案清查, https://news.ltn.com.tw/news/society/paper/1403981
         >>> 找到關鍵字 "安全"; 文章資訊: 2020-10-05 00:00:00, 獨攀出事無人知最好4人1組互照應, https://news.ltn.com.tw/news/society/paper/1403974
         >>> 找到關鍵字 "安全"; 文章資訊: 2020-10-05 00:00:00, 自由廣場TikTok這一仗打的是資安戰, https://news.ltn.com.tw/news/opinion/paper/1403972
         >>> 找到關鍵字 "安全"; 文章資訊: 2020-10-05 00:00:00, 自由廣場肯定食藥署重罰大藥廠, https://news.ltn.com.tw/news/opinion/paper/1403970
         >>> 找到關鍵字 "安全"; 文章資訊: 2020-10-05 00:00:00, 自由廣場蘇起錯了美國航艦老戰力新, https://news.ltn.com.tw/news/opinion/paper/1403964
         >>> 找到關鍵字 "安全"; 文章資訊: 2020-10-05 00:00:00, 自由共和國林修民台灣資通半導體供應鏈是實現美國5G自由網路的關鍵, https://news.ltn.com.tw/news/opinion/paper/1403963
        ------------------------------------------------------
       >> 搜尋關鍵字:"槽車"; 網址:"https://news.ltn.com.tw/search?keyword=槽車&conditions=and&start_time=2020-10-04&end_time=2020-10-05&page=1"
      >> get more than 1 element. Please confirm.
       >> 檔案輸出
        ------------------------------------------------------
      >> 下載新聞內容
      >> 下載 https://news.ltn.com.tw/news/weeklybiz/paper/1404014, 財經週報疫後轉型商機智慧製造超前部署斷鏈迅速復原
      >> 找不到新聞內容，可能是新聞的格式不同所致。
      >> 下載 https://news.ltn.com.tw/news/weeklybiz/paper/1404015, 財經週報疫後轉型商機緩衝距離協作機器人正在崛起
      >> 找不到新聞內容，可能是新聞的格式不同所致。
      >> 下載 https://news.ltn.com.tw/news/weeklybiz/paper/1404014, 財經週報疫後轉型商機智慧製造超前部署斷鏈迅速復原
      >> 找不到新聞內容，可能是新聞的格式不同所致。
      >> 下載 https://news.ltn.com.tw/news/weeklybiz/paper/1404011, 財經週報疫情漲價題材醫療乳膠手套大缺原料報價封盤
      >> 找不到新聞內容，可能是新聞的格式不同所致。
      >> 下載 https://news.ltn.com.tw/news/weeklybiz/paper/1404008, 財經週報時事求是漲聲中的趨勢
      >> 找不到新聞內容，可能是新聞的格式不同所致。
      >> 下載 https://news.ltn.com.tw/news/health/paper/1404028, 愛肝加油站B肝患者罹癌化療宜服藥防B肝發作
      >> 下載 https://news.ltn.com.tw/news/weeklybiz/paper/1404011, 財經週報疫情漲價題材醫療乳膠手套大缺原料報價封盤
      >> 找不到新聞內容，可能是新聞的格式不同所致。
      >> 下載 https://news.ltn.com.tw/news/weeklybiz/paper/1404008, 財經週報時事求是漲聲中的趨勢
      >> 找不到新聞內容，可能是新聞的格式不同所致。
      >> 下載 https://news.ltn.com.tw/news/politics/paper/1403997, 本週熱點美台國防工業會議今視訊登場
      >> 下載 https://news.ltn.com.tw/news/life/paper/1403884, 數理學分少恐弱化新舊課綱總學分同將培養資工種子教師
      >> 下載 https://news.ltn.com.tw/news/world/breakingnews/3311600, 愛因斯坦17歲成績單曝光數理猛炸這科僅得3分
      >> 下載 https://news.ltn.com.tw/news/life/breakingnews/3311555, 獨家營養午餐是否美豬偷入手機APP一查就知
      >> 下載 https://news.ltn.com.tw/news/society/paper/1403981, 求職個資傳遭駭104人力銀行已報案清查
      >> 下載 https://news.ltn.com.tw/news/life/breakingnews/3311514, 求職個資傳遭駭104人力銀行已報案清查中
      >> 下載 https://news.ltn.com.tw/news/society/breakingnews/3311256, 人力銀行592萬筆個資遭中國駭客侵入暗網上公開出售恐影響國安
      >> 下載 https://news.ltn.com.tw/news/opinion/paper/1403982, 社論是十月驚奇還是黑天鵝
      >> 下載 https://news.ltn.com.tw/news/opinion/paper/1403970, 自由廣場肯定食藥署重罰大藥廠
      >> 下載 https://news.ltn.com.tw/news/life/paper/1403947, 雲林猴害嚴重電圍網申請暴增7倍
      >> 下載 https://news.ltn.com.tw/news/life/breakingnews/3311506, 台中空品AQI傍晚翻紅3測站臭氧飆破百
      >> 下載 https://news.ltn.com.tw/news/society/breakingnews/3311450, 毒品案假釋酒駕捐錢懺悔法官網開一面判免刑
      >> 下載 https://news.ltn.com.tw/news/society/breakingnews/3311447, 外送員好難機車沒熄火也差點被砍
      >> 下載 https://news.ltn.com.tw/news/life/breakingnews/3311391, 防台灣黑熊遭陷阱夾傷林務局年底前推實名制精準式陷阱
      >> 下載 https://news.ltn.com.tw/news/society/breakingnews/3311116, 悲涼中秋節他下工走7公里返租屋處邊走邊喝酒醉倒路旁
      >> 下載 https://news.ltn.com.tw/news/society/paper/1403977, 違反法定程序警臨檢違規搜索男持毒判無罪
      >> 下載 https://news.ltn.com.tw/news/society/breakingnews/3311511, 與警四目相交好害羞下一秒狂竄被當街壓制起出4號仔
      >> 下載 https://news.ltn.com.tw/news/society/breakingnews/3311440, 80歲老翁打死兒子鄰居嘆都是酗酒害的
      >> 下載 https://news.ltn.com.tw/news/life/breakingnews/3311206, 中秋交通疏運有效南投警方樂報遊客少塞車交通事故少
      >> 下載 https://news.ltn.com.tw/news/entertainment/breakingnews/3311114, 影音滅火器鍍金揭曲折過往苦等20年披榮耀返故鄉
      >> 下載 https://news.ltn.com.tw/news/world/breakingnews/3311045, 川普確診參議員詹森篩檢未出爐即參加啤酒節結果呈陽性
      >> 下載 https://news.ltn.com.tw/news/entertainment/breakingnews/3311009, 影音朱海君封歌后NONO送雞排夫妻二胎拚男寶
      >> 下載 https://news.ltn.com.tw/news/health/paper/1404029, 長期口乾眼紅乾燥症上身
      >> 下載 https://news.ltn.com.tw/news/health/breakingnews/3311263, 別以為口乾舌燥眼紅是小事超過3個月當心乾燥症上身
      >> 找不到新聞內容，可能是新聞的格式不同所致。
      >> 下載 https://news.ltn.com.tw/news/life/breakingnews/3311176, 黑狗麻糬對車主狂吠遭毒死牠原來曾目睹同伴被車撞死
      >> 下載 https://news.ltn.com.tw/news/society/paper/1403977, 違反法定程序警臨檢違規搜索男持毒判無罪
      >> 下載 https://news.ltn.com.tw/news/life/paper/1403957, 逆風劇團投入行動餐車向醫護致敬
      >> 下載 https://news.ltn.com.tw/news/society/breakingnews/3311511, 與警四目相交好害羞下一秒狂竄被當街壓制起出4號仔
      >> 下載 https://news.ltn.com.tw/news/society/breakingnews/3311450, 毒品案假釋酒駕捐錢懺悔法官網開一面判免刑
      >> 下載 https://news.ltn.com.tw/news/life/breakingnews/3311218, 藝響1884開唱淡水古蹟動滋動起來
      >> 下載 https://news.ltn.com.tw/news/politics/paper/1403997, 本週熱點美台國防工業會議今視訊登場
      >> 下載 https://news.ltn.com.tw/news/life/paper/1403892, 公安大巨蛋柯文哲被要求20項專案報告
      >> 下載 https://news.ltn.com.tw/news/consumer/paper/1403999, 消費控珍味真味時尚法國菜ChouChou林明健激盪創藝
      >> 找不到新聞內容，可能是新聞的格式不同所致。
      >> 下載 https://news.ltn.com.tw/news/weeklybiz/paper/1404011, 財經週報疫情漲價題材醫療乳膠手套大缺原料報價封盤
      >> 找不到新聞內容，可能是新聞的格式不同所致。
      >> 下載 https://news.ltn.com.tw/news/weeklybiz/paper/1404007, 財經週報疫情漲價題材熱錢疫情科技業吹起漲價號角
      >> 找不到新聞內容，可能是新聞的格式不同所致。
      >> 下載 https://news.ltn.com.tw/news/opinion/paper/1403970, 自由廣場肯定食藥署重罰大藥廠
      >> 下載 https://news.ltn.com.tw/news/life/paper/1403877, 食藥署公告杏輝世達博謙嚴重違反GMP裁處3萬200萬元若持續未改善最重將撤照
      >> 下載 https://news.ltn.com.tw/news/health/breakingnews/3311346, 藥物出包無菌試驗結果造假食藥署公布3藥廠嚴重違反GMP
      >> 找不到新聞內容，可能是新聞的格式不同所致。
      >> 下載 https://news.ltn.com.tw/news/society/breakingnews/3311359, 黑心女仲介一天抽1百媒介外籍移工當看護判關50天
      >> 下載 https://news.ltn.com.tw/news/supplement/paper/1403862, 自由副刊沈眠我們七月六日誕生
      >> 下載 https://news.ltn.com.tw/news/supplement/paper/1403861, 自由副刊季季張愛玲為什麼那麼紅2之1龔之方憶述他問那句話的時代
      >> 找不到新聞內容，可能是新聞的格式不同所致。
      >> 下載 https://news.ltn.com.tw/news/world/breakingnews/3311325, 阿富汗東部省份遭卡車炸彈襲擊至少15死52傷
      >> 下載 https://news.ltn.com.tw/news/life/paper/1403954, 新北多元都更拚明年達550件
      >> 下載 https://news.ltn.com.tw/news/life/paper/1403916, 壽豐網美小店火警暫停對外開放
      >> 下載 https://news.ltn.com.tw/news/life/paper/1403889, 鼓勵轉乘捷運台中綠線備援行控大樓供295車位
      >> 下載 https://news.ltn.com.tw/news/life/paper/1403884, 數理學分少恐弱化新舊課綱總學分同將培養資工種子教師
      >> 下載 https://news.ltn.com.tw/news/life/paper/1403881, 發展資通訊產業開放大學可外加生源恐被搶私校科大憂技職滅亡
      >> 下載 https://news.ltn.com.tw/news/business/breakingnews/3311344, 美中貿易戰印中衝突重創中國手機業者三星坐收漁翁之利
      >> 找不到新聞內容，可能是新聞的格式不同所致。
      >> 下載 https://news.ltn.com.tw/news/life/breakingnews/3311246, 花蓮新興網美打卡點遭祝融國慶連假恐暫停對外開放
      >> 下載 https://news.ltn.com.tw/news/focus/breakingnews/3311577, TAIPEITIMESTrumpbetterbutnotyetoutofthewoods
      >> 下載 https://news.ltn.com.tw/news/focus/breakingnews/3311575, TAIPEITIMESPeoplewithheartconditionsurgedtoseedoctor
      >> 下載 https://news.ltn.com.tw/news/focus/breakingnews/3311570, TAIPEITIMESCPCandFormosalowergasolineanddieselprices
      >> 下載 https://news.ltn.com.tw/news/life/paper/1403936, 八德自來水臭得像餿水
      >> 下載 https://news.ltn.com.tw/news/world/breakingnews/3311453, 中國蘭州布氏桿菌事件啟動賠償受害民眾不買帳
      >> 下載 https://news.ltn.com.tw/news/life/paper/1403879, 心血管患者罹武肺致死率高35倍
      >> 下載 https://news.ltn.com.tw/news/life/breakingnews/3311462, 海洋環保與母語扎根陳柏惟邀劇團龍井演出
      >> 下載 https://news.ltn.com.tw/news/life/breakingnews/3311621, 今日北台灣整天轉濕涼高溫僅24度
      >> 下載 https://news.ltn.com.tw/news/world/paper/1404034, 老闆養病川普競選團隊續衝
      >> 下載 https://news.ltn.com.tw/news/weeklybiz/paper/1404015, 財經週報疫後轉型商機緩衝距離協作機器人正在崛起
      >> 找不到新聞內容，可能是新聞的格式不同所致。
      >> 下載 https://news.ltn.com.tw/news/world/paper/1404005, 川普住院龐皮歐縮短亞洲行反中不鬆手四方對話照常舉行
      >> 下載 https://news.ltn.com.tw/news/world/paper/1404004, 金融時報起底中駐伊朗前官員曾負責審查TikTok內容
      >> 下載 https://news.ltn.com.tw/news/business/paper/1404002, 中芯證實列美黑名單衝擊經營
      >> 找不到新聞內容，可能是新聞的格式不同所致。
      >> 下載 https://news.ltn.com.tw/news/politics/paper/1403997, 本週熱點美台國防工業會議今視訊登場
      >> 下載 https://news.ltn.com.tw/news/politics/paper/1403995, 冷眼集對美全面準備
      >> 下載 https://news.ltn.com.tw/news/politics/paper/1403989, 自由日日shoot強化軍事訓練役著重灘岸守備與城鎮作戰
      >> 下載 https://news.ltn.com.tw/news/society/paper/1403981, 求職個資傳遭駭104人力銀行已報案清查
      >> 下載 https://news.ltn.com.tw/news/society/paper/1403974, 獨攀出事無人知最好4人1組互照應
      >> 下載 https://news.ltn.com.tw/news/opinion/paper/1403972, 自由廣場TikTok這一仗打的是資安戰
      >> 找不到新聞內容，可能是新聞的格式不同所致。
      >> 下載 https://news.ltn.com.tw/news/opinion/paper/1403970, 自由廣場肯定食藥署重罰大藥廠
      >> 找不到新聞內容，可能是新聞的格式不同所致。
      >> 下載 https://news.ltn.com.tw/news/opinion/paper/1403964, 自由廣場蘇起錯了美國航艦老戰力新
      >> 找不到新聞內容，可能是新聞的格式不同所致。
      >> 下載 https://news.ltn.com.tw/news/opinion/paper/1403963, 自由共和國林修民台灣資通半導體供應鏈是實現美國5G自由網路的關鍵
