     -----> 新聞爬蟲：東森新聞報

           <<< 東森新聞報新聞搜尋 >>>
        ------------------------------------------------------
        ------------------------------------------------------
       >> 搜尋關鍵字:"工業用"; 網址:"https://www.ettoday.net/news_search/doSearch.php?keywords=工業用&idx=1&page=1"
         <<< 2020-10-08 沒有更多 "工業用" 相關的新聞 !!! >>>
        ------------------------------------------------------
       >> 搜尋關鍵字:"化工"; 網址:"https://www.ettoday.net/news_search/doSearch.php?keywords=化工&idx=1&page=1"
         >>> 找到關鍵字 "化工"; 文章資訊: 2020-10-07 15:21:00, 陸石油大亨GG受賄上億黃金就收了7Kg超狂細節被公開, https://www.ettoday.net/news/20201007/1825996.htm
         >>> 找到關鍵字 "化工"; 文章資訊: 2020-10-07 10:34:00, 新竹破大型喵喵工廠設專業反應爐扣900公斤毒品收押5人, https://www.ettoday.net/news/20201007/1826072.htm
         <<< 2020-10-08 沒有更多 "化工" 相關的新聞 !!! >>>
        ------------------------------------------------------
       >> 搜尋關鍵字:"化災"; 網址:"https://www.ettoday.net/news_search/doSearch.php?keywords=化災&idx=1&page=1"
         <<< 2020-10-08 沒有更多 "化災" 相關的新聞 !!! >>>
        ------------------------------------------------------
       >> 搜尋關鍵字:"化學"; 網址:"https://www.ettoday.net/news_search/doSearch.php?keywords=化學&idx=1&page=1"
         >>> 找到關鍵字 "化學"; 文章資訊: 2020-10-07 21:18:00, 諾貝爾化學獎得主出爐台灣唐獎2016年神預測, https://www.ettoday.net/news/20201007/1826727.htm
         >>> 找到關鍵字 "化學"; 文章資訊: 2020-10-07 18:48:00, Q3出口破900億美元創單季新高財政部樂估今年出口轉正, https://www.ettoday.net/news/20201007/1826671.htm
         >>> 找到關鍵字 "化學"; 文章資訊: 2020-10-07 17:49:00, 快訊諾貝爾化學獎出爐法國美國女學者共享殊榮, https://www.ettoday.net/news/20201007/1826600.htm
         >>> 找到關鍵字 "化學"; 文章資訊: 2020-10-07 17:00:00, 保護地球缺你不可面對生態浩劫人類還能做什麼環境工作者從現在起讓環保走入日常, https://www.ettoday.net/news/20201007/1638464.htm
         >>> 找到關鍵字 "化學"; 文章資訊: 2020-10-07 16:41:00, 長弘生物科技CerebracaTMWafer針對惡性腦瘤治療完成臨床一期安全性評估正式展開PhaseIIa期有效性試驗, https://www.ettoday.net/news/20201007/1826523.htm
         >>> 找到關鍵字 "化學"; 文章資訊: 2020-10-07 12:53:00, 諾貝爾化學獎今晚揭曉奈米晶體合成備受關注, https://www.ettoday.net/news/20201007/1826106.htm
         >>> 找到關鍵字 "化學"; 文章資訊: 2020-10-07 12:06:00, 5億製毒廠藏新埔山區大批土狗看門警空拍機監控垂降攻堅, https://www.ettoday.net/news/20201007/1826177.htm
         <<< 2020-10-08 沒有更多 "化學" 相關的新聞 !!! >>>
        ------------------------------------------------------
       >> 搜尋關鍵字:"外洩"; 網址:"https://www.ettoday.net/news_search/doSearch.php?keywords=外洩&idx=1&page=1"
         <<< 2020-10-08 沒有更多 "外洩" 相關的新聞 !!! >>>
        ------------------------------------------------------
       >> 搜尋關鍵字:"危害"; 網址:"https://www.ettoday.net/news_search/doSearch.php?keywords=危害&idx=1&page=1"
         >>> 找到關鍵字 "危害"; 文章資訊: 2020-10-07 19:23:00, 工業垃圾如山濫倒中彰投27檢216幹員搜捕長松工程等7人收押, https://www.ettoday.net/news/20201007/1826678.htm
         >>> 找到關鍵字 "危害"; 文章資訊: 2020-10-07 18:31:00, 國小菜單驚見瘦肉精文宣挨轟北市教育局已請學校回收, https://www.ettoday.net/news/20201007/1826637.htm
         >>> 找到關鍵字 "危害"; 文章資訊: 2020-10-07 17:40:00, 扯國小菜單印美豬廣告國民黨怒嗆洗腦下一代, https://www.ettoday.net/news/20201007/1826474.htm
         >>> 找到關鍵字 "危害"; 文章資訊: 2020-10-07 17:37:00, 國小菜單印美豬文宣鍾沛君隻字未提瘦肉精危害噁心的大人, https://www.ettoday.net/news/20201007/1826596.htm
         >>> 找到關鍵字 "危害"; 文章資訊: 2020-10-07 17:34:00, 林口流浪狗群圍攻咬死貓他聽到叫聲已來不及那數量不敢去趕, https://www.ettoday.net/news/20201007/1826124.htm
         >>> 找到關鍵字 "危害"; 文章資訊: 2020-10-07 16:05:00, Android用戶快刪16種App驚傳藏惡意軟體偷扣錢盜取個資, https://www.ettoday.net/news/20201007/1826415.htm
         >>> 找到關鍵字 "危害"; 文章資訊: 2020-10-07 12:06:00, 5億製毒廠藏新埔山區大批土狗看門警空拍機監控垂降攻堅, https://www.ettoday.net/news/20201007/1826177.htm
         >>> 找到關鍵字 "危害"; 文章資訊: 2020-10-07 11:52:00, 他賣存摺當詐團人頭腦傷人格大變獲判免刑需治療而非刑罰, https://www.ettoday.net/news/20201007/1826055.htm
         >>> 找到關鍵字 "危害"; 文章資訊: 2020-10-07 10:34:00, 新竹破大型喵喵工廠設專業反應爐扣900公斤毒品收押5人, https://www.ettoday.net/news/20201007/1826072.htm
         <<< 2020-10-08 沒有更多 "危害" 相關的新聞 !!! >>>
        ------------------------------------------------------
       >> 搜尋關鍵字:"有毒"; 網址:"https://www.ettoday.net/news_search/doSearch.php?keywords=有毒&idx=1&page=1"
         >>> 找到關鍵字 "有毒"; 文章資訊: 2020-10-07 19:01:00, 守護市民健康台南藍軍要求提供隨身攜帶萊克多巴胺試劑, https://www.ettoday.net/news/20201007/1826682.htm
         >>> 找到關鍵字 "有毒"; 文章資訊: 2020-10-07 11:33:00, 網紅遭前夫虐殺亡劇院吃人血饅頭推新劇被網友罵上熱搜, https://www.ettoday.net/news/20201007/1826199.htm
         <<< 2020-10-08 沒有更多 "有毒" 相關的新聞 !!! >>>
        ------------------------------------------------------
       >> 搜尋關鍵字:"有害"; 網址:"https://www.ettoday.net/news_search/doSearch.php?keywords=有害&idx=1&page=1"
         >>> 找到關鍵字 "有害"; 文章資訊: 2020-10-07 17:51:00, 以流感對比新冠肺炎川普直言致命性小文遭臉書刪除, https://www.ettoday.net/news/20201007/1826048.htm
         >>> 找到關鍵字 "有害"; 文章資訊: 2020-10-07 17:40:00, 扯國小菜單印美豬廣告國民黨怒嗆洗腦下一代, https://www.ettoday.net/news/20201007/1826474.htm
         >>> 找到關鍵字 "有害"; 文章資訊: 2020-10-07 17:37:00, 國小菜單印美豬文宣鍾沛君隻字未提瘦肉精危害噁心的大人, https://www.ettoday.net/news/20201007/1826596.htm
         >>> 找到關鍵字 "有害"; 文章資訊: 2020-10-07 16:05:00, Android用戶快刪16種App驚傳藏惡意軟體偷扣錢盜取個資, https://www.ettoday.net/news/20201007/1826415.htm
         >>> 找到關鍵字 "有害"; 文章資訊: 2020-10-07 11:36:00, 故宮豬豬保證很純無害小編創意文刪改吳密察尊重年輕人, https://www.ettoday.net/news/20201007/1826145.htm
         <<< 2020-10-08 沒有更多 "有害" 相關的新聞 !!! >>>
        ------------------------------------------------------
       >> 搜尋關鍵字:"色料"; 網址:"https://www.ettoday.net/news_search/doSearch.php?keywords=色料&idx=1&page=1"
         <<< 2020-10-08 沒有更多 "色料" 相關的新聞 !!! >>>
        ------------------------------------------------------
       >> 搜尋關鍵字:"色素"; 網址:"https://www.ettoday.net/news_search/doSearch.php?keywords=色素&idx=1&page=1"
         >>> 找到關鍵字 "色素"; 文章資訊: 2020-10-07 21:18:00, 小朋友也適合吃賈以食日攜手角落小夥伴推出寶貝麵, https://www.ettoday.net/news/20201007/1826746.htm
         <<< 2020-10-08 沒有更多 "色素" 相關的新聞 !!! >>>
        ------------------------------------------------------
       >> 搜尋關鍵字:"毒性"; 網址:"https://www.ettoday.net/news_search/doSearch.php?keywords=毒性&idx=1&page=1"
         >>> 找到關鍵字 "毒性"; 文章資訊: 2020-10-07 11:33:00, 蘆薈素致腹瀉具肝毒性食藥署111年起對6族群加警語, https://www.ettoday.net/news/20201007/1826086.htm
         >>> 找到關鍵字 "毒性"; 文章資訊: 2020-10-07 10:32:00, NDMA致癌風波延燒正和糖尿病藥4300萬顆自主下架, https://www.ettoday.net/news/20201007/1826123.htm
         <<< 2020-10-08 沒有更多 "毒性" 相關的新聞 !!! >>>
        ------------------------------------------------------
       >> 搜尋關鍵字:"毒品"; 網址:"https://www.ettoday.net/news_search/doSearch.php?keywords=毒品&idx=1&page=1"
         >>> 找到關鍵字 "毒品"; 文章資訊: 2020-10-07 16:08:00, 敬禮參與澎湖空難救難SARS救護福星艦7日光榮退役, https://www.ettoday.net/news/20201007/1826451.htm
         >>> 找到關鍵字 "毒品"; 文章資訊: 2020-10-07 16:05:00, 苗栗男6公分肝膿瘍久治不癒切片檢驗竟是肝內管癌作祟, https://www.ettoday.net/news/20201007/1826411.htm
         >>> 找到關鍵字 "毒品"; 文章資訊: 2020-10-07 12:30:00, 酒駕毒駕致人傷亡先關3天沈發惠直呼驚悚連受刑人都不能這樣限制, https://www.ettoday.net/news/20201007/1826274.htm
         >>> 找到關鍵字 "毒品"; 文章資訊: 2020-10-07 12:06:00, 5億製毒廠藏新埔山區大批土狗看門警空拍機監控垂降攻堅, https://www.ettoday.net/news/20201007/1826177.htm
         >>> 找到關鍵字 "毒品"; 文章資訊: 2020-10-07 11:41:00, 藍委提案酒駕毒駕致人死傷立即關3天內政部有疑慮, https://www.ettoday.net/news/20201007/1826161.htm
         >>> 找到關鍵字 "毒品"; 文章資訊: 2020-10-07 10:34:00, 新竹破大型喵喵工廠設專業反應爐扣900公斤毒品收押5人, https://www.ettoday.net/news/20201007/1826072.htm
         >>> 找到關鍵字 "毒品"; 文章資訊: 2020-10-07 10:18:00, 海關懷疑藏毒8千元保齡球暴力鑽2洞他怒查驗沒通知我, https://www.ettoday.net/news/20201007/1826074.htm
         <<< 2020-10-08 沒有更多 "毒品" 相關的新聞 !!! >>>
        ------------------------------------------------------
       >> 搜尋關鍵字:"致癌"; 網址:"https://www.ettoday.net/news_search/doSearch.php?keywords=致癌&idx=1&page=1"
         >>> 找到關鍵字 "致癌"; 文章資訊: 2020-10-07 11:33:00, 蘆薈素致腹瀉具肝毒性食藥署111年起對6族群加警語, https://www.ettoday.net/news/20201007/1826086.htm
         >>> 找到關鍵字 "致癌"; 文章資訊: 2020-10-07 10:32:00, NDMA致癌風波延燒正和糖尿病藥4300萬顆自主下架, https://www.ettoday.net/news/20201007/1826123.htm
         <<< 2020-10-08 沒有更多 "致癌" 相關的新聞 !!! >>>
        ------------------------------------------------------
       >> 搜尋關鍵字:"重金屬"; 網址:"https://www.ettoday.net/news_search/doSearch.php?keywords=重金屬&idx=1&page=1"
         <<< 2020-10-08 沒有更多 "重金屬" 相關的新聞 !!! >>>
        ------------------------------------------------------
       >> 搜尋關鍵字:"食安"; 網址:"https://www.ettoday.net/news_search/doSearch.php?keywords=食安&idx=1&page=1"
         >>> 找到關鍵字 "食安"; 文章資訊: 2020-10-07 19:01:00, 守護市民健康台南藍軍要求提供隨身攜帶萊克多巴胺試劑, https://www.ettoday.net/news/20201007/1826682.htm
         >>> 找到關鍵字 "食安"; 文章資訊: 2020-10-07 17:40:00, 扯國小菜單印美豬廣告國民黨怒嗆洗腦下一代, https://www.ettoday.net/news/20201007/1826474.htm
         >>> 找到關鍵字 "食安"; 文章資訊: 2020-10-07 16:34:00, 紅衣男吃罰單嗆警阿斯巴拉遭噴辣椒水壓制上網討拍又被酸, https://www.ettoday.net/news/20201007/1826484.htm
         >>> 找到關鍵字 "食安"; 文章資訊: 2020-10-07 15:58:00, 藍營7縣市首長站出來簽反空汙反萊豬聲明捍衛民眾權益, https://www.ettoday.net/news/20201007/1826443.htm
         >>> 找到關鍵字 "食安"; 文章資訊: 2020-10-07 14:52:00, 批綠操作淡化光復節江啟臣國民黨有責喚醒國人重視, https://www.ettoday.net/news/20201007/1826405.htm
         >>> 找到關鍵字 "食安"; 文章資訊: 2020-10-07 13:51:00, 7縣市簽署減媒反萊豬盧秀燕讚王惠美最認真的縣長, https://www.ettoday.net/news/20201007/1826331.htm
         >>> 找到關鍵字 "食安"; 文章資訊: 2020-10-07 13:51:00, 何志偉拋美豬進口前6個月應進行總量管制, https://www.ettoday.net/news/20201007/1826342.htm
         >>> 找到關鍵字 "食安"; 文章資訊: 2020-10-07 11:33:00, 蘆薈素致腹瀉具肝毒性食藥署111年起對6族群加警語, https://www.ettoday.net/news/20201007/1826086.htm
         >>> 找到關鍵字 "食安"; 文章資訊: 2020-10-07 10:33:00, 國慶3天連假湧車潮台中市交通大隊規劃疏導重點, https://www.ettoday.net/news/20201007/1826100.htm
         <<< 2020-10-08 沒有更多 "食安" 相關的新聞 !!! >>>
        ------------------------------------------------------
       >> 搜尋關鍵字:"香料"; 網址:"https://www.ettoday.net/news_search/doSearch.php?keywords=香料&idx=1&page=1"
         >>> 找到關鍵字 "香料"; 文章資訊: 2020-10-07 18:14:00, 素食也能吃SUBWAY全新蔬菜球堡來了鷹嘴豆泥尬各式辛香料香炸, https://www.ettoday.net/news/20201007/1826317.htm
         >>> 找到關鍵字 "香料"; 文章資訊: 2020-10-07 18:01:00, 先不要管比薩了必勝客PastaHut新登場超狂紙包筆管麵料放超多, https://www.ettoday.net/news/20201007/1826255.htm
         >>> 找到關鍵字 "香料"; 文章資訊: 2020-10-07 17:19:00, 用糯米包裹烤雞越南當地必點名菜沐越也吃得到, https://www.ettoday.net/news/20201007/1826564.htm
         >>> 找到關鍵字 "香料"; 文章資訊: 2020-10-07 08:03:00, 天氣悶熱肌膚狂冒油長痘痘粉刺皮膚科醫師認證10保養Tips跟著做, https://www.ettoday.net/news/20201007/1799180.htm
         <<< 2020-10-08 沒有更多 "香料" 相關的新聞 !!! >>>
        ------------------------------------------------------
       >> 搜尋關鍵字:"原料"; 網址:"https://www.ettoday.net/news_search/doSearch.php?keywords=原料&idx=1&page=1"
         >>> 找到關鍵字 "原料"; 文章資訊: 2020-10-07 22:50:00, 原子筆墨水為什麼不會從另一端流出來生活科技大挑戰解密, https://www.ettoday.net/news/20201007/1826783.htm
         >>> 找到關鍵字 "原料"; 文章資訊: 2020-10-07 21:18:00, 小朋友也適合吃賈以食日攜手角落小夥伴推出寶貝麵, https://www.ettoday.net/news/20201007/1826746.htm
         >>> 找到關鍵字 "原料"; 文章資訊: 2020-10-07 15:24:00, 受害者遍布全台裝潢設計師FB曬跑車捲款失聯釣出一堆廠商, https://www.ettoday.net/news/20201007/1825924.htm
         >>> 找到關鍵字 "原料"; 文章資訊: 2020-10-07 15:08:00, 單月203款藥品出包杏輝總經理白友烺率4主管鞠躬道歉, https://www.ettoday.net/news/20201007/1826312.htm
         >>> 找到關鍵字 "原料"; 文章資訊: 2020-10-07 15:04:00, 杏輝道歉20款藥品不限品項批號全回收另自主下架3款藥, https://www.ettoday.net/news/20201007/1826286.htm
         >>> 找到關鍵字 "原料"; 文章資訊: 2020-10-07 12:06:00, 5億製毒廠藏新埔山區大批土狗看門警空拍機監控垂降攻堅, https://www.ettoday.net/news/20201007/1826177.htm
         >>> 找到關鍵字 "原料"; 文章資訊: 2020-10-07 11:33:00, 蘆薈素致腹瀉具肝毒性食藥署111年起對6族群加警語, https://www.ettoday.net/news/20201007/1826086.htm
         >>> 找到關鍵字 "原料"; 文章資訊: 2020-10-07 10:34:00, 新竹破大型喵喵工廠設專業反應爐扣900公斤毒品收押5人, https://www.ettoday.net/news/20201007/1826072.htm
         <<< 2020-10-08 沒有更多 "原料" 相關的新聞 !!! >>>
        ------------------------------------------------------
       >> 搜尋關鍵字:"氣爆"; 網址:"https://www.ettoday.net/news_search/doSearch.php?keywords=氣爆&idx=1&page=1"
         >>> 找到關鍵字 "氣爆"; 文章資訊: 2020-10-07 18:00:00, 印度籍瑜珈老師幫壓背舒緩女衝更衣室爆哭伸進衣服裡了, https://www.ettoday.net/news/20201007/1826624.htm
         >>> 找到關鍵字 "氣爆"; 文章資訊: 2020-10-07 17:18:00, 科技偵查法引擴權爭議學界非急迫須經法院核准, https://www.ettoday.net/news/20201007/1826538.htm
         >>> 找到關鍵字 "氣爆"; 文章資訊: 2020-10-07 17:14:00, 塞到厭世還被超車她連拍270輛占用路肩舉報反擊, https://www.ettoday.net/news/20201007/1826566.htm
         >>> 找到關鍵字 "氣爆"; 文章資訊: 2020-10-07 17:12:00, 檢警M化車找到失聯少女籲盡速立法授權管制科技偵查, https://www.ettoday.net/news/20201007/1826578.htm
         >>> 找到關鍵字 "氣爆"; 文章資訊: 2020-10-07 13:11:00, 質疑北農作假帳坑殺小農鍾小平帶雲嘉菜農控瀆職, https://www.ettoday.net/news/20201007/1826304.htm
         >>> 找到關鍵字 "氣爆"; 文章資訊: 2020-10-07 12:16:00, GPS跟監新光公主華南王子林知延可繳1萬5免囚檢命20日到案, https://www.ettoday.net/news/20201007/1826247.htm
         >>> 找到關鍵字 "氣爆"; 文章資訊: 2020-10-07 11:49:00, 八百壯士圍立院上校斷指保六警被拍到拿油壓剪挨告, https://www.ettoday.net/news/20201007/1826225.htm
         >>> 找到關鍵字 "氣爆"; 文章資訊: 2020-10-07 11:43:00, 萬華械鬥捅心殺人22歲兇手耍檢警瞎說遭圍攻撿刀亂揮聲押, https://www.ettoday.net/news/20201007/1826190.htm
         >>> 找到關鍵字 "氣爆"; 文章資訊: 2020-10-07 07:30:00, 吻戲尺度超狂野羅雲熙半是蜜糖半是傷暗戀10年追到她, https://www.ettoday.net/news/20201007/1825817.htm
         <<< 2020-10-08 沒有更多 "氣爆" 相關的新聞 !!! >>>
        ------------------------------------------------------
       >> 搜尋關鍵字:"添加物"; 網址:"https://www.ettoday.net/news_search/doSearch.php?keywords=添加物&idx=1&page=1"
         <<< 2020-10-08 沒有更多 "添加物" 相關的新聞 !!! >>>
        ------------------------------------------------------
       >> 搜尋關鍵字:"黑心"; 網址:"https://www.ettoday.net/news_search/doSearch.php?keywords=黑心&idx=1&page=1"
         <<< 2020-10-08 沒有更多 "黑心" 相關的新聞 !!! >>>
        ------------------------------------------------------
       >> 搜尋關鍵字:"漂白"; 網址:"https://www.ettoday.net/news_search/doSearch.php?keywords=漂白&idx=1&page=1"
         <<< 2020-10-08 沒有更多 "漂白" 相關的新聞 !!! >>>
        ------------------------------------------------------
       >> 搜尋關鍵字:"爆炸"; 網址:"https://www.ettoday.net/news_search/doSearch.php?keywords=爆炸&idx=1&page=1"
         >>> 找到關鍵字 "爆炸"; 文章資訊: 2020-10-07 22:22:00, 道奇G2派王牌左投對決教士克蕭在家登板感覺怪怪的, https://www.ettoday.net/news/20201007/1826758.htm
         >>> 找到關鍵字 "爆炸"; 文章資訊: 2020-10-07 20:46:00, 北市東湖3361戶停電高嘉瑜台電稱預計10點前可以送電, https://www.ettoday.net/news/20201007/1826723.htm
         >>> 找到關鍵字 "爆炸"; 文章資訊: 2020-10-07 19:36:00, 快訊疑似變電箱爆炸北市東湖3361戶停電台電人員搶修中, https://www.ettoday.net/news/20201007/1826696.htm
         >>> 找到關鍵字 "爆炸"; 文章資訊: 2020-10-07 17:00:00, 保護地球缺你不可面對生態浩劫人類還能做什麼環境工作者從現在起讓環保走入日常, https://www.ettoday.net/news/20201007/1638464.htm
         >>> 找到關鍵字 "爆炸"; 文章資訊: 2020-10-07 16:43:00, 全新ModelY才開上路車頂整片噴飛他嚇傻怎沒說有賣敞篷車, https://www.ettoday.net/news/20201007/1826455.htm
         >>> 找到關鍵字 "爆炸"; 文章資訊: 2020-10-07 13:51:00, 教士牛棚大爆炸道奇G1單局打一輪逆轉5比1奪勝, https://www.ettoday.net/news/20201007/1826339.htm
         >>> 找到關鍵字 "爆炸"; 文章資訊: 2020-10-07 08:00:00, 蘋果邀請函有彩蛋用iPhone點開出現AR版本驚喜, https://www.ettoday.net/news/20201007/1825917.htm
         <<< 2020-10-08 沒有更多 "爆炸" 相關的新聞 !!! >>>
        ------------------------------------------------------
       >> 搜尋關鍵字:"新興"; 網址:"https://www.ettoday.net/news_search/doSearch.php?keywords=新興&idx=1&page=1"
         >>> 找到關鍵字 "新興"; 文章資訊: 2020-10-07 18:48:00, Q3出口破900億美元創單季新高財政部樂估今年出口轉正, https://www.ettoday.net/news/20201007/1826671.htm
         >>> 找到關鍵字 "新興"; 文章資訊: 2020-10-07 17:00:00, 中磊9月營收達356億元創今年次高歷史第三高, https://www.ettoday.net/news/20201007/1826562.htm
         >>> 找到關鍵字 "新興"; 文章資訊: 2020-10-07 15:30:00, 台幣強勢升值投資台股正是時候學者應更加謹慎, https://www.ettoday.net/news/20201007/1826442.htm
         >>> 找到關鍵字 "新興"; 文章資訊: 2020-10-07 12:06:00, 5億製毒廠藏新埔山區大批土狗看門警空拍機監控垂降攻堅, https://www.ettoday.net/news/20201007/1826177.htm
         >>> 找到關鍵字 "新興"; 文章資訊: 2020-10-07 09:10:00, 無照酒駕台南老農開小貨車撞機車肇逃退休老師枉死, https://www.ettoday.net/news/20201007/1825993.htm
         >>> 找到關鍵字 "新興"; 文章資訊: 2020-10-07 09:05:00, 福特KugaHondaCRV雙雙銷售破千台台灣國產休旅9月很搶手, https://www.ettoday.net/news/20201007/1825263.htm
         <<< 2020-10-08 沒有更多 "新興" 相關的新聞 !!! >>>
        ------------------------------------------------------
       >> 搜尋關鍵字:"爆裂物"; 網址:"https://www.ettoday.net/news_search/doSearch.php?keywords=爆裂物&idx=1&page=1"
         >>> 找到關鍵字 "爆裂物"; 文章資訊: 2020-10-07 13:08:00, 快訊鳳山火車站施工挖出軍方爆裂物竟是2顆105榴彈, https://www.ettoday.net/news/20201007/1826300.htm
         <<< 2020-10-08 沒有更多 "爆裂物" 相關的新聞 !!! >>>
        ------------------------------------------------------
       >> 搜尋關鍵字:"IED"; 網址:"https://www.ettoday.net/news_search/doSearch.php?keywords=IED&idx=1&page=1"
         <<< 2020-10-08 沒有更多 "IED" 相關的新聞 !!! >>>
        ------------------------------------------------------
       >> 搜尋關鍵字:"排放"; 網址:"https://www.ettoday.net/news_search/doSearch.php?keywords=排放&idx=1&page=1"
         >>> 找到關鍵字 "排放"; 文章資訊: 2020-10-07 21:50:00, 未來移動台灣隊搶攻兆元商機, https://www.ettoday.net/news/20201007/1824827.htm
         >>> 找到關鍵字 "排放"; 文章資訊: 2020-10-07 20:40:00, 瘦子霸氣護女友支持她是該做的穿花襯衫站台愛牌ALLSAINTS, https://www.ettoday.net/news/20201007/1826667.htm
         >>> 找到關鍵字 "排放"; 文章資訊: 2020-10-07 11:05:00, SuzukiIgnis換裝輕油電1021上市國內燃油CP值最高小車就是他, https://www.ettoday.net/news/20201007/1825832.htm
         <<< 2020-10-08 沒有更多 "排放" 相關的新聞 !!! >>>
        ------------------------------------------------------
       >> 搜尋關鍵字:"污染"; 網址:"https://www.ettoday.net/news_search/doSearch.php?keywords=污染&idx=1&page=1"
         >>> 找到關鍵字 "污染"; 文章資訊: 2020-10-07 20:58:00, 南韓女團競爭像第3次世界大戰女偶像曝辛酸陪酒還賺比較多, https://www.ettoday.net/news/20201007/1826728.htm
         >>> 找到關鍵字 "污染"; 文章資訊: 2020-10-07 19:23:00, 工業垃圾如山濫倒中彰投27檢216幹員搜捕長松工程等7人收押, https://www.ettoday.net/news/20201007/1826678.htm
         >>> 找到關鍵字 "污染"; 文章資訊: 2020-10-07 17:00:00, 保護地球缺你不可面對生態浩劫人類還能做什麼環境工作者從現在起讓環保走入日常, https://www.ettoday.net/news/20201007/1638464.htm
         >>> 找到關鍵字 "污染"; 文章資訊: 2020-10-07 09:02:00, 肌膚變得暗沈蠟黃的4大原因和改善法容易出油愛吃甜食都中標, https://www.ettoday.net/news/20201007/1825796.htm
         <<< 2020-10-08 沒有更多 "污染" 相關的新聞 !!! >>>
        ------------------------------------------------------
       >> 搜尋關鍵字:"廢水"; 網址:"https://www.ettoday.net/news_search/doSearch.php?keywords=廢水&idx=1&page=1"
         <<< 2020-10-08 沒有更多 "廢水" 相關的新聞 !!! >>>
        ------------------------------------------------------
       >> 搜尋關鍵字:"污水"; 網址:"https://www.ettoday.net/news_search/doSearch.php?keywords=污水&idx=1&page=1"
         <<< 2020-10-08 沒有更多 "污水" 相關的新聞 !!! >>>
        ------------------------------------------------------
       >> 搜尋關鍵字:"洩漏"; 網址:"https://www.ettoday.net/news_search/doSearch.php?keywords=洩漏&idx=1&page=1"
         <<< 2020-10-08 沒有更多 "洩漏" 相關的新聞 !!! >>>
        ------------------------------------------------------
       >> 搜尋關鍵字:"暗管"; 網址:"https://www.ettoday.net/news_search/doSearch.php?keywords=暗管&idx=1&page=1"
         <<< 2020-10-08 沒有更多 "暗管" 相關的新聞 !!! >>>
        ------------------------------------------------------
       >> 搜尋關鍵字:"偷排"; 網址:"https://www.ettoday.net/news_search/doSearch.php?keywords=偷排&idx=1&page=1"
         <<< 2020-10-08 沒有更多 "偷排" 相關的新聞 !!! >>>
        ------------------------------------------------------
       >> 搜尋關鍵字:"安全"; 網址:"https://www.ettoday.net/news_search/doSearch.php?keywords=安全&idx=1&page=1"
         >>> 找到關鍵字 "安全"; 文章資訊: 2020-10-08 06:38:00, 直擊宋少卿酒駕累犯故技重施嗑鍋叩代駕返家巷口換手被抓包, https://www.ettoday.net/news/20201008/1826835.htm
         >>> 找到關鍵字 "安全"; 文章資訊: 2020-10-08 06:00:00, 台軍費增156億仍缺美小型衛武能力軍事合作是抗共關鍵, https://www.ettoday.net/news/20201008/1826082.htm
         >>> 找到關鍵字 "安全"; 文章資訊: 2020-10-07 22:51:00, 2020國慶煙火在台南承包商未違法試放消防局出面澄清籲安心賞煙火, https://www.ettoday.net/news/20201007/1826785.htm
         >>> 找到關鍵字 "安全"; 文章資訊: 2020-10-07 22:50:00, 原子筆墨水為什麼不會從另一端流出來生活科技大挑戰解密, https://www.ettoday.net/news/20201007/1826783.htm
         >>> 找到關鍵字 "安全"; 文章資訊: 2020-10-07 22:45:00, 康軒揪吹哨者女員工慘遭貼字條霸凌勞工局長出手了, https://www.ettoday.net/news/20201007/1826782.htm
         >>> 找到關鍵字 "安全"; 文章資訊: 2020-10-07 22:45:00, 共機7天來5次我國軍首以中英聲明訴諸國際, https://www.ettoday.net/news/20201007/1826784.htm
         >>> 找到關鍵字 "安全"; 文章資訊: 2020-10-07 22:44:00, 黑鷹直升機運抵高雄8日凌晨拖運6新增裝備強化搜救能力, https://www.ettoday.net/news/20201007/1826767.htm
         >>> 找到關鍵字 "安全"; 文章資訊: 2020-10-07 22:22:00, 空警500機進入我西南空域國軍防空飛彈追監, https://www.ettoday.net/news/20201007/1826768.htm
         >>> 找到關鍵字 "安全"; 文章資訊: 2020-10-07 22:15:00, 弟弟擺臭臉男友一秒甩門離開她求救問誰的錯千人灌爆, https://www.ettoday.net/news/20201007/1826761.htm
         >>> 找到關鍵字 "安全"; 文章資訊: 2020-10-07 21:50:00, 未來移動台灣隊搶攻兆元商機, https://www.ettoday.net/news/20201007/1824827.htm
        ------------------------------------------------------
       >> 搜尋關鍵字:"槽車"; 網址:"https://www.ettoday.net/news_search/doSearch.php?keywords=槽車&idx=1&page=1"
         <<< 2020-10-08 沒有更多 "槽車" 相關的新聞 !!! >>>
       >> 檔案輸出
        ------------------------------------------------------
      >> 下載新聞內容
      >> 下載 https://www.ettoday.net/news/20201007/1825996.htm, 陸石油大亨GG受賄上億黃金就收了7Kg超狂細節被公開
      >> 下載 https://www.ettoday.net/news/20201007/1826072.htm, 新竹破大型喵喵工廠設專業反應爐扣900公斤毒品收押5人
      >> 下載 https://www.ettoday.net/news/20201007/1826727.htm, 諾貝爾化學獎得主出爐台灣唐獎2016年神預測
      >> 下載 https://www.ettoday.net/news/20201007/1826671.htm, Q3出口破900億美元創單季新高財政部樂估今年出口轉正
      >> 下載 https://www.ettoday.net/news/20201007/1826600.htm, 快訊諾貝爾化學獎出爐法國美國女學者共享殊榮
      >> 下載 https://www.ettoday.net/news/20201007/1638464.htm, 保護地球缺你不可面對生態浩劫人類還能做什麼環境工作者從現在起讓環保走入日常
      >> 下載 https://www.ettoday.net/news/20201007/1826523.htm, 長弘生物科技CerebracaTMWafer針對惡性腦瘤治療完成臨床一期安全性評估正式展開PhaseIIa期有效性試驗
      >> 下載 https://www.ettoday.net/news/20201007/1826106.htm, 諾貝爾化學獎今晚揭曉奈米晶體合成備受關注
      >> 下載 https://www.ettoday.net/news/20201007/1826177.htm, 5億製毒廠藏新埔山區大批土狗看門警空拍機監控垂降攻堅
      >> 下載 https://www.ettoday.net/news/20201007/1826678.htm, 工業垃圾如山濫倒中彰投27檢216幹員搜捕長松工程等7人收押
      >> 下載 https://www.ettoday.net/news/20201007/1826637.htm, 國小菜單驚見瘦肉精文宣挨轟北市教育局已請學校回收
      >> 下載 https://www.ettoday.net/news/20201007/1826474.htm, 扯國小菜單印美豬廣告國民黨怒嗆洗腦下一代
      >> 下載 https://www.ettoday.net/news/20201007/1826596.htm, 國小菜單印美豬文宣鍾沛君隻字未提瘦肉精危害噁心的大人
      >> 下載 https://www.ettoday.net/news/20201007/1826124.htm, 林口流浪狗群圍攻咬死貓他聽到叫聲已來不及那數量不敢去趕
      >> 下載 https://www.ettoday.net/news/20201007/1826415.htm, Android用戶快刪16種App驚傳藏惡意軟體偷扣錢盜取個資
      >> 下載 https://www.ettoday.net/news/20201007/1826177.htm, 5億製毒廠藏新埔山區大批土狗看門警空拍機監控垂降攻堅
      >> 下載 https://www.ettoday.net/news/20201007/1826055.htm, 他賣存摺當詐團人頭腦傷人格大變獲判免刑需治療而非刑罰
      >> 下載 https://www.ettoday.net/news/20201007/1826072.htm, 新竹破大型喵喵工廠設專業反應爐扣900公斤毒品收押5人
      >> 下載 https://www.ettoday.net/news/20201007/1826682.htm, 守護市民健康台南藍軍要求提供隨身攜帶萊克多巴胺試劑
      >> 下載 https://www.ettoday.net/news/20201007/1826199.htm, 網紅遭前夫虐殺亡劇院吃人血饅頭推新劇被網友罵上熱搜
      >> 下載 https://www.ettoday.net/news/20201007/1826048.htm, 以流感對比新冠肺炎川普直言致命性小文遭臉書刪除
      >> 下載 https://www.ettoday.net/news/20201007/1826474.htm, 扯國小菜單印美豬廣告國民黨怒嗆洗腦下一代
      >> 下載 https://www.ettoday.net/news/20201007/1826596.htm, 國小菜單印美豬文宣鍾沛君隻字未提瘦肉精危害噁心的大人
      >> 下載 https://www.ettoday.net/news/20201007/1826415.htm, Android用戶快刪16種App驚傳藏惡意軟體偷扣錢盜取個資
      >> 下載 https://www.ettoday.net/news/20201007/1826145.htm, 故宮豬豬保證很純無害小編創意文刪改吳密察尊重年輕人
      >> 下載 https://www.ettoday.net/news/20201007/1826746.htm, 小朋友也適合吃賈以食日攜手角落小夥伴推出寶貝麵
      >> 下載 https://www.ettoday.net/news/20201007/1826086.htm, 蘆薈素致腹瀉具肝毒性食藥署111年起對6族群加警語
      >> 下載 https://www.ettoday.net/news/20201007/1826123.htm, NDMA致癌風波延燒正和糖尿病藥4300萬顆自主下架
      >> 下載 https://www.ettoday.net/news/20201007/1826451.htm, 敬禮參與澎湖空難救難SARS救護福星艦7日光榮退役
      >> 下載 https://www.ettoday.net/news/20201007/1826411.htm, 苗栗男6公分肝膿瘍久治不癒切片檢驗竟是肝內管癌作祟
      >> 下載 https://www.ettoday.net/news/20201007/1826274.htm, 酒駕毒駕致人傷亡先關3天沈發惠直呼驚悚連受刑人都不能這樣限制
      >> 下載 https://www.ettoday.net/news/20201007/1826177.htm, 5億製毒廠藏新埔山區大批土狗看門警空拍機監控垂降攻堅
      >> 下載 https://www.ettoday.net/news/20201007/1826161.htm, 藍委提案酒駕毒駕致人死傷立即關3天內政部有疑慮
      >> 下載 https://www.ettoday.net/news/20201007/1826072.htm, 新竹破大型喵喵工廠設專業反應爐扣900公斤毒品收押5人
      >> 下載 https://www.ettoday.net/news/20201007/1826074.htm, 海關懷疑藏毒8千元保齡球暴力鑽2洞他怒查驗沒通知我
      >> 下載 https://www.ettoday.net/news/20201007/1826086.htm, 蘆薈素致腹瀉具肝毒性食藥署111年起對6族群加警語
      >> 下載 https://www.ettoday.net/news/20201007/1826123.htm, NDMA致癌風波延燒正和糖尿病藥4300萬顆自主下架
      >> 下載 https://www.ettoday.net/news/20201007/1826682.htm, 守護市民健康台南藍軍要求提供隨身攜帶萊克多巴胺試劑
      >> 下載 https://www.ettoday.net/news/20201007/1826474.htm, 扯國小菜單印美豬廣告國民黨怒嗆洗腦下一代
      >> 下載 https://www.ettoday.net/news/20201007/1826484.htm, 紅衣男吃罰單嗆警阿斯巴拉遭噴辣椒水壓制上網討拍又被酸
      >> 下載 https://www.ettoday.net/news/20201007/1826443.htm, 藍營7縣市首長站出來簽反空汙反萊豬聲明捍衛民眾權益
      >> 下載 https://www.ettoday.net/news/20201007/1826405.htm, 批綠操作淡化光復節江啟臣國民黨有責喚醒國人重視
      >> 下載 https://www.ettoday.net/news/20201007/1826331.htm, 7縣市簽署減媒反萊豬盧秀燕讚王惠美最認真的縣長
      >> 下載 https://www.ettoday.net/news/20201007/1826342.htm, 何志偉拋美豬進口前6個月應進行總量管制
      >> 下載 https://www.ettoday.net/news/20201007/1826086.htm, 蘆薈素致腹瀉具肝毒性食藥署111年起對6族群加警語
      >> 下載 https://www.ettoday.net/news/20201007/1826100.htm, 國慶3天連假湧車潮台中市交通大隊規劃疏導重點
      >> 下載 https://www.ettoday.net/news/20201007/1826317.htm, 素食也能吃SUBWAY全新蔬菜球堡來了鷹嘴豆泥尬各式辛香料香炸
      >> 下載 https://www.ettoday.net/news/20201007/1826255.htm, 先不要管比薩了必勝客PastaHut新登場超狂紙包筆管麵料放超多
      >> 下載 https://www.ettoday.net/news/20201007/1826564.htm, 用糯米包裹烤雞越南當地必點名菜沐越也吃得到
      >> 下載 https://www.ettoday.net/news/20201007/1799180.htm, 天氣悶熱肌膚狂冒油長痘痘粉刺皮膚科醫師認證10保養Tips跟著做
      >> 下載 https://www.ettoday.net/news/20201007/1826783.htm, 原子筆墨水為什麼不會從另一端流出來生活科技大挑戰解密
      >> 下載 https://www.ettoday.net/news/20201007/1826746.htm, 小朋友也適合吃賈以食日攜手角落小夥伴推出寶貝麵
      >> 下載 https://www.ettoday.net/news/20201007/1825924.htm, 受害者遍布全台裝潢設計師FB曬跑車捲款失聯釣出一堆廠商
      >> 下載 https://www.ettoday.net/news/20201007/1826312.htm, 單月203款藥品出包杏輝總經理白友烺率4主管鞠躬道歉
      >> 下載 https://www.ettoday.net/news/20201007/1826286.htm, 杏輝道歉20款藥品不限品項批號全回收另自主下架3款藥
      >> 下載 https://www.ettoday.net/news/20201007/1826177.htm, 5億製毒廠藏新埔山區大批土狗看門警空拍機監控垂降攻堅
      >> 下載 https://www.ettoday.net/news/20201007/1826086.htm, 蘆薈素致腹瀉具肝毒性食藥署111年起對6族群加警語
      >> 下載 https://www.ettoday.net/news/20201007/1826072.htm, 新竹破大型喵喵工廠設專業反應爐扣900公斤毒品收押5人
      >> 下載 https://www.ettoday.net/news/20201007/1826624.htm, 印度籍瑜珈老師幫壓背舒緩女衝更衣室爆哭伸進衣服裡了
      >> 下載 https://www.ettoday.net/news/20201007/1826538.htm, 科技偵查法引擴權爭議學界非急迫須經法院核准
      >> 下載 https://www.ettoday.net/news/20201007/1826566.htm, 塞到厭世還被超車她連拍270輛占用路肩舉報反擊
      >> 下載 https://www.ettoday.net/news/20201007/1826578.htm, 檢警M化車找到失聯少女籲盡速立法授權管制科技偵查
      >> 下載 https://www.ettoday.net/news/20201007/1826304.htm, 質疑北農作假帳坑殺小農鍾小平帶雲嘉菜農控瀆職
      >> 下載 https://www.ettoday.net/news/20201007/1826247.htm, GPS跟監新光公主華南王子林知延可繳1萬5免囚檢命20日到案
      >> 下載 https://www.ettoday.net/news/20201007/1826225.htm, 八百壯士圍立院上校斷指保六警被拍到拿油壓剪挨告
      >> 下載 https://www.ettoday.net/news/20201007/1826190.htm, 萬華械鬥捅心殺人22歲兇手耍檢警瞎說遭圍攻撿刀亂揮聲押
      >> 下載 https://www.ettoday.net/news/20201007/1825817.htm, 吻戲尺度超狂野羅雲熙半是蜜糖半是傷暗戀10年追到她
      >> 下載 https://www.ettoday.net/news/20201007/1826758.htm, 道奇G2派王牌左投對決教士克蕭在家登板感覺怪怪的
      >> 下載 https://www.ettoday.net/news/20201007/1826723.htm, 北市東湖3361戶停電高嘉瑜台電稱預計10點前可以送電
      >> 下載 https://www.ettoday.net/news/20201007/1826696.htm, 快訊疑似變電箱爆炸北市東湖3361戶停電台電人員搶修中
      >> 下載 https://www.ettoday.net/news/20201007/1638464.htm, 保護地球缺你不可面對生態浩劫人類還能做什麼環境工作者從現在起讓環保走入日常
      >> 下載 https://www.ettoday.net/news/20201007/1826455.htm, 全新ModelY才開上路車頂整片噴飛他嚇傻怎沒說有賣敞篷車
      >> 下載 https://www.ettoday.net/news/20201007/1826339.htm, 教士牛棚大爆炸道奇G1單局打一輪逆轉5比1奪勝
      >> 下載 https://www.ettoday.net/news/20201007/1825917.htm, 蘋果邀請函有彩蛋用iPhone點開出現AR版本驚喜
      >> 下載 https://www.ettoday.net/news/20201007/1826671.htm, Q3出口破900億美元創單季新高財政部樂估今年出口轉正
      >> 下載 https://www.ettoday.net/news/20201007/1826562.htm, 中磊9月營收達356億元創今年次高歷史第三高
      >> 下載 https://www.ettoday.net/news/20201007/1826442.htm, 台幣強勢升值投資台股正是時候學者應更加謹慎
      >> 下載 https://www.ettoday.net/news/20201007/1826177.htm, 5億製毒廠藏新埔山區大批土狗看門警空拍機監控垂降攻堅
      >> 下載 https://www.ettoday.net/news/20201007/1825993.htm, 無照酒駕台南老農開小貨車撞機車肇逃退休老師枉死
      >> 下載 https://www.ettoday.net/news/20201007/1825263.htm, 福特KugaHondaCRV雙雙銷售破千台台灣國產休旅9月很搶手
      >> 下載 https://www.ettoday.net/news/20201007/1826300.htm, 快訊鳳山火車站施工挖出軍方爆裂物竟是2顆105榴彈
      >> 下載 https://www.ettoday.net/news/20201007/1824827.htm, 未來移動台灣隊搶攻兆元商機
      >> 下載 https://www.ettoday.net/news/20201007/1826667.htm, 瘦子霸氣護女友支持她是該做的穿花襯衫站台愛牌ALLSAINTS
      >> 下載 https://www.ettoday.net/news/20201007/1825832.htm, SuzukiIgnis換裝輕油電1021上市國內燃油CP值最高小車就是他
      >> 下載 https://www.ettoday.net/news/20201007/1826728.htm, 南韓女團競爭像第3次世界大戰女偶像曝辛酸陪酒還賺比較多
      >> 下載 https://www.ettoday.net/news/20201007/1826678.htm, 工業垃圾如山濫倒中彰投27檢216幹員搜捕長松工程等7人收押
      >> 下載 https://www.ettoday.net/news/20201007/1638464.htm, 保護地球缺你不可面對生態浩劫人類還能做什麼環境工作者從現在起讓環保走入日常
      >> 下載 https://www.ettoday.net/news/20201007/1825796.htm, 肌膚變得暗沈蠟黃的4大原因和改善法容易出油愛吃甜食都中標
      >> 下載 https://www.ettoday.net/news/20201008/1826835.htm, 直擊宋少卿酒駕累犯故技重施嗑鍋叩代駕返家巷口換手被抓包
      >> 下載 https://www.ettoday.net/news/20201008/1826082.htm, 台軍費增156億仍缺美小型衛武能力軍事合作是抗共關鍵
      >> 下載 https://www.ettoday.net/news/20201007/1826785.htm, 2020國慶煙火在台南承包商未違法試放消防局出面澄清籲安心賞煙火
      >> 下載 https://www.ettoday.net/news/20201007/1826783.htm, 原子筆墨水為什麼不會從另一端流出來生活科技大挑戰解密
      >> 下載 https://www.ettoday.net/news/20201007/1826782.htm, 康軒揪吹哨者女員工慘遭貼字條霸凌勞工局長出手了
      >> 下載 https://www.ettoday.net/news/20201007/1826784.htm, 共機7天來5次我國軍首以中英聲明訴諸國際
      >> 下載 https://www.ettoday.net/news/20201007/1826767.htm, 黑鷹直升機運抵高雄8日凌晨拖運6新增裝備強化搜救能力
      >> 下載 https://www.ettoday.net/news/20201007/1826768.htm, 空警500機進入我西南空域國軍防空飛彈追監
      >> 下載 https://www.ettoday.net/news/20201007/1826761.htm, 弟弟擺臭臉男友一秒甩門離開她求救問誰的錯千人灌爆
      >> 下載 https://www.ettoday.net/news/20201007/1824827.htm, 未來移動台灣隊搶攻兆元商機
