     -----> 新聞爬蟲：聯合新聞網

           <<< 聯合新聞網新聞搜尋 >>>
        ------------------------------------------------------
        ------------------------------------------------------
       >> 搜尋關鍵字:"工業用"; 網址:"https://udn.com/search/word/2/工業用"
         >>> 找到關鍵字 "工業用"; 文章資訊: 2020-10-08 12:49:10, 建國科大研發MIT機器人幫水五金產製研磨拋光, https://udn.com/news/story/6898/4919795
         <<< 2020-10-09 沒有更多 "工業用" 相關的新聞 !!! >>>
        ------------------------------------------------------
       >> 搜尋關鍵字:"化工"; 網址:"https://udn.com/search/word/2/化工"
         >>> 找到關鍵字 "化工"; 文章資訊: 2020-10-09 02:46:18, 鴻海結盟SAP生產力將躍升, https://udn.com/news/story/7240/4921559
         >>> 找到關鍵字 "化工"; 文章資訊: 2020-10-09 01:03:00, 雙十要有國旗海, https://udn.com/news/story/7339/4921843
         >>> 找到關鍵字 "化工"; 文章資訊: 2020-10-08 18:09:08, 經濟部核准10家中小企業擴大投資44億元, https://udn.com/news/story/7238/4920838
         >>> 找到關鍵字 "化工"; 文章資訊: 2020-10-08 16:55:58, 台塑四寶第3季轉虧為盈大賺498億元, https://udn.com/news/story/7252/4920600
         >>> 找到關鍵字 "化工"; 文章資訊: 2020-10-08 15:44:54, 經AOI蒐集全製程資訊加速傳產數位化轉型, https://udn.com/news/story/11726/4919921
         >>> 找到關鍵字 "化工"; 文章資訊: 2020-10-08 14:46:07, 需求回溫股利挹注台塑四寶Q3轉虧為盈, https://udn.com/news/story/7252/4920185
         >>> 找到關鍵字 "化工"; 文章資訊: 2020-10-08 12:50:07, 鴻海與SAP戰略結盟建構軟硬整合新商業模式, https://udn.com/news/story/7240/4919796
         >>> 找到關鍵字 "化工"; 文章資訊: 2020-10-08 12:49:10, 建國科大研發MIT機器人幫水五金產製研磨拋光, https://udn.com/news/story/6898/4919795
         >>> 找到關鍵字 "化工"; 文章資訊: 2020-10-08 12:49:07, 鴻海與SAP戰略結盟目標建立工業40典範, https://udn.com/news/story/7240/4919793
         >>> 找到關鍵字 "化工"; 文章資訊: 2020-10-08 12:49:06, 鴻海攜手SAP台灣攻工業40, https://udn.com/news/story/7240/4919794
         >>> 找到關鍵字 "化工"; 文章資訊: 2020-10-08 09:03:32, 中芯被制裁這族群Q4營運持續看俏, https://udn.com/news/story/6850/4917878
         <<< 2020-10-09 沒有更多 "化工" 相關的新聞 !!! >>>
        ------------------------------------------------------
       >> 搜尋關鍵字:"化災"; 網址:"https://udn.com/search/word/2/化災"
         <<< 2020-10-09 沒有更多 "化災" 相關的新聞 !!! >>>
        ------------------------------------------------------
       >> 搜尋關鍵字:"化學"; 網址:"https://udn.com/search/word/2/化學"
         >>> 找到關鍵字 "化學"; 文章資訊: 2020-10-09 00:28:46, 科技人文聯合講座創新是企業永續的基礎, https://udn.com/news/story/7339/4921864
         >>> 找到關鍵字 "化學"; 文章資訊: 2020-10-09 00:13:00, 吃當季如何避免白木耳二氧化硫達人教5招這樣處理, https://health.udn.com/health/story/6036/4919680
         >>> 找到關鍵字 "化學"; 文章資訊: 2020-10-08 21:35:11, 義大利訂製西裝Kiton經典千鳥格躍上表面優雅聯名蕭邦, https://udn.com/news/story/7270/4921264
         >>> 找到關鍵字 "化學"; 文章資訊: 2020-10-08 21:34:02, 義大利訂製西裝Kiton經典千鳥格躍上表面優雅聯名蕭邦, https://style.udn.com/style/story/11350/4921264
         >>> 找到關鍵字 "化學"; 文章資訊: 2020-10-08 18:26:00, 又是三峽五寮尖山筍園我又新增一例本土登革熱, https://health.udn.com/health/story/5961/4920606
         >>> 找到關鍵字 "化學"; 文章資訊: 2020-10-08 18:09:08, 經濟部核准10家中小企業擴大投資44億元, https://udn.com/news/story/7238/4920838
         >>> 找到關鍵字 "化學"; 文章資訊: 2020-10-08 17:11:10, 台日攜手開發光記憶體材料可應用於人工視網膜, https://udn.com/news/story/6928/4920525
         >>> 找到關鍵字 "化學"; 文章資訊: 2020-10-08 17:00:00, 癌症二號殺手肝癌這3種人易罹患醫師教你如何發現及治療, https://health.udn.com/health/story/6026/4920366
         >>> 找到關鍵字 "化學"; 文章資訊: 2020-10-08 16:57:10, 又是三峽五寮尖山筍園我又新增一例本土登革熱, https://udn.com/news/story/7266/4920606
         >>> 找到關鍵字 "化學"; 文章資訊: 2020-10-08 16:14:34, 天作之合劇場封箱作品音樂劇寂寞瑪奇朵就在LINETV數位劇場, https://udn.com/news/story/7270/4919366
         >>> 找到關鍵字 "化學"; 文章資訊: 2020-10-08 15:55:14, 蔡詩萍你是該看看張愛玲了她那麼獨特, https://udn.com/news/story/12681/4920257
         >>> 找到關鍵字 "化學"; 文章資訊: 2020-10-08 15:09:40, 疫情下不能出國弘光科大辦日本浴衣文化節師生同體驗, https://udn.com/news/story/6929/4920272
         >>> 找到關鍵字 "化學"; 文章資訊: 2020-10-08 13:53:34, 從確診新冠到3天出院川普是過度治療還是病情嚴重, https://health.udn.com/health/story/120951/4920014
         >>> 找到關鍵字 "化學"; 文章資訊: 2020-10-08 13:35:21, 13種新生兒哺育用品採購指南新手爸媽快筆記, https://udn.com/news/story/7027/4919597
         >>> 找到關鍵字 "化學"; 文章資訊: 2020-10-08 12:54:57, 基因編輯獲諾貝爾化學獎日本發現學者與有榮焉, https://udn.com/news/story/120764/4919813
         >>> 找到關鍵字 "化學"; 文章資訊: 2020-10-08 12:35:36, 1995年諾貝爾化學獎得主莫里納逝世享壽77歲, https://udn.com/news/story/120764/4919730
         >>> 找到關鍵字 "化學"; 文章資訊: 2020-10-08 10:56:07, 疫情最大減幅無薪假大減三成至596家12710人, https://udn.com/news/story/7238/4919370
         >>> 找到關鍵字 "化學"; 文章資訊: 2020-10-08 10:52:10, 無薪假減至596家12710人製造業與批發零售減最多, https://udn.com/news/story/7238/4919356
         >>> 找到關鍵字 "化學"; 文章資訊: 2020-10-08 09:11:46, 生活的風景褚士瑩野蠻才是最優雅的生長, https://udn.com/news/story/12674/4916525
         >>> 找到關鍵字 "化學"; 文章資訊: 2020-10-08 08:55:12, 慧眼獨具今年兩諾貝爾獎得主曾獲李嘉誠資助, https://udn.com/news/story/120764/4919101
        ------------------------------------------------------
       >> 搜尋關鍵字:"外洩"; 網址:"https://udn.com/search/word/2/外洩"
         >>> 找到關鍵字 "外洩"; 文章資訊: 2020-10-08 16:53:30, 你我隱私全成他的方便數位身分證到底誰受惠, https://udn.com/news/story/120888/4920404
         >>> 找到關鍵字 "外洩"; 文章資訊: 2020-10-08 16:30:11, WEAVISM衝破同溫層顛覆傳統重新定義潮流機能, https://udn.com/news/story/7270/4920542
         >>> 找到關鍵字 "外洩"; 文章資訊: 2020-10-08 16:28:02, WEAVISM衝破同溫層顛覆傳統重新定義潮流機能, https://style.udn.com/style/story/8066/4920542
         >>> 找到關鍵字 "外洩"; 文章資訊: 2020-10-08 13:47:52, 國史館剔除馬習會文物認定金門高粱與茅台是食品沒歷史, https://udn.com/news/story/120986/4919439
         >>> 找到關鍵字 "外洩"; 文章資訊: 2020-10-08 12:26:11, 大觀水力發電廠鋼管本周一破裂大量發電水外洩成泥流, https://udn.com/news/story/7325/4919722
         >>> 找到關鍵字 "外洩"; 文章資訊: 2020-10-08 11:06:04, 康軒吹哨者被貼還有臉進公司康軒發現即撤下, https://udn.com/news/story/120940/4919423
         <<< 2020-10-09 沒有更多 "外洩" 相關的新聞 !!! >>>
        ------------------------------------------------------
       >> 搜尋關鍵字:"危害"; 網址:"https://udn.com/search/word/2/危害"
         >>> 找到關鍵字 "危害"; 文章資訊: 2020-10-09 00:06:19, 新北電子煙自治條例議會卡關, https://udn.com/news/story/7323/4921470
         >>> 找到關鍵字 "危害"; 文章資訊: 2020-10-08 21:18:10, 萊豬大戰下週登場立院委員會聯審9項行政命令, https://udn.com/news/story/9750/4921113
         >>> 找到關鍵字 "危害"; 文章資訊: 2020-10-08 19:40:13, 新北室內禁電子煙要再等等自治條例卡議會, https://udn.com/news/story/7323/4921030
         >>> 找到關鍵字 "危害"; 文章資訊: 2020-10-08 15:53:06, 兩度在國小校園自慰被逮男大生處拘役20日, https://udn.com/news/story/7317/4920431
         >>> 找到關鍵字 "危害"; 文章資訊: 2020-10-08 13:35:21, 13種新生兒哺育用品採購指南新手爸媽快筆記, https://udn.com/news/story/7027/4919597
         >>> 找到關鍵字 "危害"; 文章資訊: 2020-10-08 12:15:09, 強化防災應變台南夜間照護機構演練逼真, https://udn.com/news/story/7326/4919679
         >>> 找到關鍵字 "危害"; 文章資訊: 2020-10-08 12:04:12, 輕軌二階惹議中華藝校千名家長連署陳情噪音霸凌校園, https://udn.com/news/story/7327/4919651
         >>> 找到關鍵字 "危害"; 文章資訊: 2020-10-08 10:34:12, 陸學者指國民黨台美復交提案已破壞國共互信, https://udn.com/news/story/7331/4919301
         >>> 找到關鍵字 "危害"; 文章資訊: 2020-10-08 10:18:08, 影中市街頭驚傳砸車事件原來是警破窗逮毒鴛鴦, https://udn.com/news/story/7315/4919264
         >>> 找到關鍵字 "危害"; 文章資訊: 2020-10-08 09:31:33, 新冠肺炎病毒中藏不尋常基因序列蝙蝠和穿山甲只是煙霧彈, https://udn.com/news/story/120944/4919078
         <<< 2020-10-09 沒有更多 "危害" 相關的新聞 !!! >>>
        ------------------------------------------------------
       >> 搜尋關鍵字:"有毒"; 網址:"https://udn.com/search/word/2/有毒"
         >>> 找到關鍵字 "有毒"; 文章資訊: 2020-10-08 15:04:52, 中國擬在巴紐開礦聯合國嚴重關切, https://udn.com/news/story/6809/4920232
         >>> 找到關鍵字 "有毒"; 文章資訊: 2020-10-08 12:25:10, 公園現巴掌大野菇民眾驚會炸開專家無毒但勿碰, https://udn.com/news/story/7934/4919687
         >>> 找到關鍵字 "有毒"; 文章資訊: 2020-10-08 12:18:10, 公園現巴掌大野菇民眾驚會炸開專家無毒但勿碰, https://udn.com/news/story/7266/4919687
         >>> 找到關鍵字 "有毒"; 文章資訊: 2020-10-08 10:00:20, 笑到燒聲PartyAnimals試玩萌萌動物大亂鬥吃我一記飛踢啦, https://game.udn.com/game/story/10451/4919244
         <<< 2020-10-09 沒有更多 "有毒" 相關的新聞 !!! >>>
        ------------------------------------------------------
       >> 搜尋關鍵字:"有害"; 網址:"https://udn.com/search/word/2/有害"
         >>> 找到關鍵字 "有害"; 文章資訊: 2020-10-09 02:07:12, 安國掃二維碼可追中藥材產地, https://udn.com/news/story/7333/4921471
         >>> 找到關鍵字 "有害"; 文章資訊: 2020-10-08 17:45:02, 為什麼上班族們瘋迷跑馬拉松正妹小律師揭密原因, https://health.udn.com/health/story/5964/4920678
         >>> 找到關鍵字 "有害"; 文章資訊: 2020-10-08 17:18:14, 為什麼上班族們瘋迷跑馬拉松正妹小律師揭密原因, https://udn.com/news/story/7269/4920678
         >>> 找到關鍵字 "有害"; 文章資訊: 2020-10-08 10:20:08, 夾娃娃機內有情趣按摩棒罰2萬台主掰臉部按摩用被打臉, https://udn.com/news/story/7321/4919274
         <<< 2020-10-09 沒有更多 "有害" 相關的新聞 !!! >>>
        ------------------------------------------------------
       >> 搜尋關鍵字:"色料"; 網址:"https://udn.com/search/word/2/色料"
         >>> 找到關鍵字 "色料"; 文章資訊: 2020-10-08 17:36:13, 南投社區總鋪師美食賽13鄉鎮市端出在地手路菜, https://udn.com/news/story/7325/4920753
         >>> 找到關鍵字 "色料"; 文章資訊: 2020-10-08 08:31:05, 美術園道商圈異國美食嘉年華11道佳餚600元有找, https://udn.com/news/story/7193/4918072
         <<< 2020-10-09 沒有更多 "色料" 相關的新聞 !!! >>>
        ------------------------------------------------------
       >> 搜尋關鍵字:"色素"; 網址:"https://udn.com/search/word/2/色素"
         >>> 找到關鍵字 "色素"; 文章資訊: 2020-10-08 16:08:47, 印尼藍眼美如寶石背後卻有著命中注定的哀傷, https://udn.com/news/story/120883/4920137
         >>> 找到關鍵字 "色素"; 文章資訊: 2020-10-08 08:48:19, 眾口難調以宮廷菜聞名厲家菜翻車遭網罵, https://udn.com/news/story/7332/4918872
         <<< 2020-10-09 沒有更多 "色素" 相關的新聞 !!! >>>
        ------------------------------------------------------
       >> 搜尋關鍵字:"毒性"; 網址:"https://udn.com/search/word/2/毒性"
         >>> 找到關鍵字 "毒性"; 文章資訊: 2020-10-08 23:07:19, 年長者聽損增失智或憂鬱風險, https://udn.com/news/story/7266/4921347
         >>> 找到關鍵字 "毒性"; 文章資訊: 2020-10-08 17:00:00, 癌症二號殺手肝癌這3種人易罹患醫師教你如何發現及治療, https://health.udn.com/health/story/6026/4920366
         >>> 找到關鍵字 "毒性"; 文章資訊: 2020-10-08 12:25:10, 公園現巴掌大野菇民眾驚會炸開專家無毒但勿碰, https://udn.com/news/story/7934/4919687
         >>> 找到關鍵字 "毒性"; 文章資訊: 2020-10-08 12:18:10, 公園現巴掌大野菇民眾驚會炸開專家無毒但勿碰, https://udn.com/news/story/7266/4919687
         <<< 2020-10-09 沒有更多 "毒性" 相關的新聞 !!! >>>
        ------------------------------------------------------
       >> 搜尋關鍵字:"毒品"; 網址:"https://udn.com/search/word/2/毒品"
         >>> 找到關鍵字 "毒品"; 文章資訊: 2020-10-09 00:06:19, 新北電子煙自治條例議會卡關, https://udn.com/news/story/7323/4921470
         >>> 找到關鍵字 "毒品"; 文章資訊: 2020-10-08 19:40:13, 新北室內禁電子煙要再等等自治條例卡議會, https://udn.com/news/story/7323/4921030
         >>> 找到關鍵字 "毒品"; 文章資訊: 2020-10-08 18:40:47, 疫情導致心情鬱悶美藥物濫用致死多, https://udn.com/news/story/6813/4920722
         >>> 找到關鍵字 "毒品"; 文章資訊: 2020-10-08 17:21:08, 高院認放弒母凶手回社會有風險毒酒都影響精神, https://udn.com/news/story/7315/4920690
         >>> 找到關鍵字 "毒品"; 文章資訊: 2020-10-08 15:30:05, 早在用科技偵查辦案學者不立科技偵查法檢警最高興, https://udn.com/news/story/6656/4920342
         >>> 找到關鍵字 "毒品"; 文章資訊: 2020-10-08 11:32:06, 梁崇銘弒母砍頭無罪遭撤銷高院更一審裁定羈押三個月, https://udn.com/news/story/7321/4919512
         >>> 找到關鍵字 "毒品"; 文章資訊: 2020-10-08 10:18:08, 影中市街頭驚傳砸車事件原來是警破窗逮毒鴛鴦, https://udn.com/news/story/7315/4919264
         <<< 2020-10-09 沒有更多 "毒品" 相關的新聞 !!! >>>
        ------------------------------------------------------
       >> 搜尋關鍵字:"致癌"; 網址:"https://udn.com/search/word/2/致癌"
         >>> 找到關鍵字 "致癌"; 文章資訊: 2020-10-08 20:56:08, 自費治癌成常態33歲癌友離婚數著存款說如果沒了那就沒了, https://udn.com/news/story/7266/4921184
         >>> 找到關鍵字 "致癌"; 文章資訊: 2020-10-08 19:57:08, 六成民眾願每月多付百元健保費七成願小病多付保大病, https://udn.com/news/story/7266/4921059
         >>> 找到關鍵字 "致癌"; 文章資訊: 2020-10-08 17:00:00, 癌症二號殺手肝癌這3種人易罹患醫師教你如何發現及治療, https://health.udn.com/health/story/6026/4920366
         >>> 找到關鍵字 "致癌"; 文章資訊: 2020-10-08 10:12:12, 重啟南方治理平台陳其邁最快年底或明年初召開, https://udn.com/news/story/7327/4919249
         <<< 2020-10-09 沒有更多 "致癌" 相關的新聞 !!! >>>
        ------------------------------------------------------
       >> 搜尋關鍵字:"重金屬"; 網址:"https://udn.com/search/word/2/重金屬"
         >>> 找到關鍵字 "重金屬"; 文章資訊: 2020-10-09 02:07:12, 安國掃二維碼可追中藥材產地, https://udn.com/news/story/7333/4921471
         >>> 找到關鍵字 "重金屬"; 文章資訊: 2020-10-08 10:46:04, 睽違十餘年陳水扁擁抱陳哲男對他委屈感同身受, https://udn.com/news/story/6656/4919345
         <<< 2020-10-09 沒有更多 "重金屬" 相關的新聞 !!! >>>
        ------------------------------------------------------
       >> 搜尋關鍵字:"食安"; 網址:"https://udn.com/search/word/2/食安"
         >>> 找到關鍵字 "食安"; 文章資訊: 2020-10-09 00:02:36, 藍綠立委接力砲轟陳吉仲拍桌離席, https://udn.com/news/story/9750/4921627
         >>> 找到關鍵字 "食安"; 文章資訊: 2020-10-08 19:52:10, 尼泊爾災後重建成果展秀台灣暖實力, https://udn.com/news/story/7314/4921045
         >>> 找到關鍵字 "食安"; 文章資訊: 2020-10-08 19:11:09, 進萊豬換取甚麼經貿利益答不出立委要求陳吉仲下台, https://udn.com/news/story/9750/4920974
         >>> 找到關鍵字 "食安"; 文章資訊: 2020-10-08 18:39:04, 林飛帆因美豬遭藍圍剿卓榮泰這不是對年輕人的方式, https://udn.com/news/story/9750/4920910
         >>> 找到關鍵字 "食安"; 文章資訊: 2020-10-08 18:35:08, 開放美牛沒國際標準國民黨批民進黨一天一假消息, https://udn.com/news/story/9750/4920895
         >>> 找到關鍵字 "食安"; 文章資訊: 2020-10-08 17:35:13, 福壽實業百周年江啟臣有同感掌舵者一定有他的智慧, https://udn.com/news/story/7241/4920750
         >>> 找到關鍵字 "食安"; 文章資訊: 2020-10-08 16:35:04, 國民黨批他昔反美豬現領九萬林飛帆口水仗無助食安, https://udn.com/news/story/9750/4920553
         >>> 找到關鍵字 "食安"; 文章資訊: 2020-10-08 16:25:04, 馬辦嗆林飛帆不知怎麼辯護美豬就保持沉默沒關係, https://udn.com/news/story/9750/4920536
         >>> 找到關鍵字 "食安"; 文章資訊: 2020-10-08 16:13:06, 超商買水擰開沒喀喀聲驚覺被開過網嚇壞想起毒飲料, https://udn.com/news/story/120911/4920126
         >>> 找到關鍵字 "食安"; 文章資訊: 2020-10-08 15:50:06, 陳主委的被害妄想只要出事全推假新聞特定媒體, https://udn.com/news/story/120888/4919902
         >>> 找到關鍵字 "食安"; 文章資訊: 2020-10-08 14:31:26, 萊豬進口檢驗量能難負荷各地缺錢又缺人, https://udn.com/news/story/120884/4919575
         >>> 找到關鍵字 "食安"; 文章資訊: 2020-10-08 13:37:06, 迎戰萊劑美豬百年企業董座有品牌的台灣豬會很吃香, https://udn.com/news/story/7241/4919931
         >>> 找到關鍵字 "食安"; 文章資訊: 2020-10-08 13:10:13, 檢舉陸肉製品卻遭台南衛生局罵可以不要這麼無聊嗎, https://udn.com/news/story/7327/4919857
         >>> 找到關鍵字 "食安"; 文章資訊: 2020-10-08 10:23:08, 影海巡警方夜間威力掃蕩防新冠肺炎非洲豬瘟疫情, https://udn.com/news/story/7320/4919278
         >>> 找到關鍵字 "食安"; 文章資訊: 2020-10-08 08:51:06, 林飛帆曾反美豬牛批黑箱藍諷時空不同月領9萬就護航, https://udn.com/news/story/9750/4919097
         <<< 2020-10-09 沒有更多 "食安" 相關的新聞 !!! >>>
        ------------------------------------------------------
       >> 搜尋關鍵字:"香料"; 網址:"https://udn.com/search/word/2/香料"
         >>> 找到關鍵字 "香料"; 文章資訊: 2020-10-08 23:28:09, 搶先喝泥煤哥12年將現身新竹酒展, https://udn.com/news/story/7270/4921719
         >>> 找到關鍵字 "香料"; 文章資訊: 2020-10-08 23:27:03, 搶先喝泥煤哥12年將現身新竹酒展, https://style.udn.com/style/story/11350/4921719
         >>> 找到關鍵字 "香料"; 文章資訊: 2020-10-08 11:47:40, 超欠吃好市多推出OREO巧克力餅乾起司蛋糕網推好吃清爽不甜膩, https://udn.com/news/story/7186/4919352
         >>> 找到關鍵字 "香料"; 文章資訊: 2020-10-08 10:55:28, 台北吉泰滇泰料理融合雲南緬甸及泰國菜, https://udn.com/umedia/story/12751/4919368
         >>> 找到關鍵字 "香料"; 文章資訊: 2020-10-08 10:36:10, 淡淡咖哩香氣SUBWAY香料蔬菜球堡新口味異國風情微香微辣必吃, https://udn.com/news/story/7193/4919296
         >>> 找到關鍵字 "香料"; 文章資訊: 2020-10-08 10:26:29, 超欠吃好市多推出OREO巧克力餅乾起司蛋糕網推好吃清爽不甜膩, https://style.udn.com/style/story/11350/4919352
         <<< 2020-10-09 沒有更多 "香料" 相關的新聞 !!! >>>
        ------------------------------------------------------
       >> 搜尋關鍵字:"原料"; 網址:"https://udn.com/search/word/2/原料"
         >>> 找到關鍵字 "原料"; 文章資訊: 2020-10-09 02:35:29, 上月業績快報申豐52出貨力道強, https://udn.com/news/story/7252/4921117
         >>> 找到關鍵字 "原料"; 文章資訊: 2020-10-09 00:00:00, 每日星座運勢牡羊良好的工作態度能使效率提高, https://udn.com/news/story/7268/4892566
         >>> 找到關鍵字 "原料"; 文章資訊: 2020-10-08 23:29:57, 在地心產業洪誼靜屏東可可聞名啟發創業, https://udn.com/news/story/7327/4921432
         >>> 找到關鍵字 "原料"; 文章資訊: 2020-10-08 23:27:23, 在地心產業返鄉種可可做美妝進軍國際, https://udn.com/news/story/7327/4921423
         >>> 找到關鍵字 "原料"; 文章資訊: 2020-10-08 21:18:10, 萊豬大戰下週登場立院委員會聯審9項行政命令, https://udn.com/news/story/9750/4921113
         >>> 找到關鍵字 "原料"; 文章資訊: 2020-10-08 20:20:07, 蘆洲國慶蔥油餅十周年因應疫情今年不請客, https://udn.com/news/story/7323/4921095
         >>> 找到關鍵字 "原料"; 文章資訊: 2020-10-08 20:04:07, 佐登雙美循環服務帶動保養品熱銷9月營收亮眼, https://udn.com/news/story/7252/4921074
         >>> 找到關鍵字 "原料"; 文章資訊: 2020-10-08 19:37:12, 陸最大啤酒企業燕京啤酒董事長涉職務違法遭立案調查, https://udn.com/news/story/7331/4921022
         >>> 找到關鍵字 "原料"; 文章資訊: 2020-10-08 19:18:07, 恆大9月營收472億元年增66079創歷史新高, https://udn.com/news/story/7252/4920982
         >>> 找到關鍵字 "原料"; 文章資訊: 2020-10-08 18:09:08, 經濟部核准10家中小企業擴大投資44億元, https://udn.com/news/story/7238/4920838
         >>> 找到關鍵字 "原料"; 文章資訊: 2020-10-08 16:55:58, 台塑四寶第3季轉虧為盈大賺498億元, https://udn.com/news/story/7252/4920600
         >>> 找到關鍵字 "原料"; 文章資訊: 2020-10-08 16:47:08, 捷流Q3營收611億元創歷史單季次高, https://udn.com/news/story/7254/4920583
         >>> 找到關鍵字 "原料"; 文章資訊: 2020-10-08 15:44:46, 數位化排程與管理成關鍵, https://udn.com/news/story/11726/4920008
         >>> 找到關鍵字 "原料"; 文章資訊: 2020-10-08 15:44:44, 傳動螺桿蓄動能高速精微化成主流, https://udn.com/news/story/11726/4920285
         >>> 找到關鍵字 "原料"; 文章資訊: 2020-10-08 15:03:59, 台廠繞個彎做生意歐美時尚防疫ZaraAdidas等紛紛下訂客製口罩, https://udn.com/news/story/6837/4920226
         >>> 找到關鍵字 "原料"; 文章資訊: 2020-10-08 14:46:07, 需求回溫股利挹注台塑四寶Q3轉虧為盈, https://udn.com/news/story/7252/4920185
         >>> 找到關鍵字 "原料"; 文章資訊: 2020-10-08 13:37:06, 迎戰萊劑美豬百年企業董座有品牌的台灣豬會很吃香, https://udn.com/news/story/7241/4919931
         >>> 找到關鍵字 "原料"; 文章資訊: 2020-10-08 12:35:36, 1995年諾貝爾化學獎得主莫里納逝世享壽77歲, https://udn.com/news/story/120764/4919730
         >>> 找到關鍵字 "原料"; 文章資訊: 2020-10-08 12:23:10, 用蠶大便做烈酒日本Mitosaya藥草園蒸餾所來真的, https://udn.com/news/story/7187/4919713
         >>> 找到關鍵字 "原料"; 文章資訊: 2020-10-08 12:23:10, 用蠶大便做烈酒日本Mitosaya藥草園蒸餾所來真的, https://udn.com/news/story/7270/4919713
        ------------------------------------------------------
       >> 搜尋關鍵字:"氣爆"; 網址:"https://udn.com/search/word/2/氣爆"
         >>> 找到關鍵字 "氣爆"; 文章資訊: 2020-10-08 16:50:09, 千萬刷手現身遠百信義周年慶首日業績突破26億元, https://udn.com/news/story/7241/4920585
         <<< 2020-10-09 沒有更多 "氣爆" 相關的新聞 !!! >>>
        ------------------------------------------------------
       >> 搜尋關鍵字:"添加物"; 網址:"https://udn.com/search/word/2/添加物"
         >>> 找到關鍵字 "添加物"; 文章資訊: 2020-10-08 15:50:06, 陳主委的被害妄想只要出事全推假新聞特定媒體, https://udn.com/news/story/120888/4919902
         >>> 找到關鍵字 "添加物"; 文章資訊: 2020-10-08 14:31:26, 萊豬進口檢驗量能難負荷各地缺錢又缺人, https://udn.com/news/story/120884/4919575
         <<< 2020-10-09 沒有更多 "添加物" 相關的新聞 !!! >>>
        ------------------------------------------------------
       >> 搜尋關鍵字:"黑心"; 網址:"https://udn.com/search/word/2/黑心"
         >>> 找到關鍵字 "黑心"; 文章資訊: 2020-10-08 09:42:05, 孫大千台灣豬標章和HelloKitty貼紙有何不同, https://udn.com/news/story/9750/4919186
         <<< 2020-10-09 沒有更多 "黑心" 相關的新聞 !!! >>>
        ------------------------------------------------------
       >> 搜尋關鍵字:"漂白"; 網址:"https://udn.com/search/word/2/漂白"
         >>> 找到關鍵字 "漂白"; 文章資訊: 2020-10-09 00:13:00, 吃當季如何避免白木耳二氧化硫達人教5招這樣處理, https://health.udn.com/health/story/6036/4919680
         <<< 2020-10-09 沒有更多 "漂白" 相關的新聞 !!! >>>
        ------------------------------------------------------
       >> 搜尋關鍵字:"爆炸"; 網址:"https://udn.com/search/word/2/爆炸"
         >>> 找到關鍵字 "爆炸"; 文章資訊: 2020-10-09 02:46:19, 台塑四寶Q3大賺498億元, https://udn.com/news/story/7252/4921539
         >>> 找到關鍵字 "爆炸"; 文章資訊: 2020-10-09 02:31:05, 高績效教練改變看見未來, https://udn.com/news/story/7241/4921265
         >>> 找到關鍵字 "爆炸"; 文章資訊: 2020-10-09 01:17:14, 謝忠道沒有真相也沒有正義的性侵醜聞, https://udn.com/news/story/7341/4921824
         >>> 找到關鍵字 "爆炸"; 文章資訊: 2020-10-08 17:59:46, 黃蜂網絡冒犯了誰下只許美帝反恐古巴五人組爭議大審判, https://global.udn.com/global_vision/story/8663/4920582
         >>> 找到關鍵字 "爆炸"; 文章資訊: 2020-10-08 17:26:32, 今日精摘公費流感疫苗配送量達一半館長槍擊案竹聯幫大哥遭聲押, https://udn.com/news/story/120884/4920691
         >>> 找到關鍵字 "爆炸"; 文章資訊: 2020-10-08 15:56:08, 影直擊野火引發俄彈藥庫大爆炸逾2000人撤離, https://udn.com/news/story/6809/4920447
         >>> 找到關鍵字 "爆炸"; 文章資訊: 2020-10-08 14:34:07, 台塑四寶三大利多齊發Q3合力大賺49806億元, https://udn.com/news/story/7252/4920133
         >>> 找到關鍵字 "爆炸"; 文章資訊: 2020-10-08 13:27:52, 都是你亂吃加工食品孩子才過敏最傷媽媽心的來自他人的負評, https://udn.com/news/story/7033/4919723
         >>> 找到關鍵字 "爆炸"; 文章資訊: 2020-10-08 12:25:10, 公園現巴掌大野菇民眾驚會炸開專家無毒但勿碰, https://udn.com/news/story/7934/4919687
         >>> 找到關鍵字 "爆炸"; 文章資訊: 2020-10-08 12:18:10, 公園現巴掌大野菇民眾驚會炸開專家無毒但勿碰, https://udn.com/news/story/7266/4919687
         >>> 找到關鍵字 "爆炸"; 文章資訊: 2020-10-08 08:36:21, 敘利亞西南部傳爆炸聲響至少兩傷, https://udn.com/news/story/6809/4919048
         >>> 找到關鍵字 "爆炸"; 文章資訊: 2020-10-08 07:00:00, 總是被人瞧不起巴特勒要帶領小人物們反擊, https://udn.com/news/story/7002/4917918
         <<< 2020-10-09 沒有更多 "爆炸" 相關的新聞 !!! >>>
        ------------------------------------------------------
       >> 搜尋關鍵字:"新興"; 網址:"https://udn.com/search/word/2/新興"
         >>> 找到關鍵字 "新興"; 文章資訊: 2020-10-09 05:18:09, 郭明錤華為品牌一旦分拆台系供應鏈將受惠, https://udn.com/news/story/7253/4921826
         >>> 找到關鍵字 "新興"; 文章資訊: 2020-10-09 05:08:09, 上月業績快報數字科技4, https://udn.com/news/story/7254/4921829
         >>> 找到關鍵字 "新興"; 文章資訊: 2020-10-09 02:37:52, 高收債違約率無異常, https://udn.com/news/story/7239/4921622
         >>> 找到關鍵字 "新興"; 文章資訊: 2020-10-09 02:37:49, 中信銀建議Q4布局股債4555, https://udn.com/news/story/7239/4921785
         >>> 找到關鍵字 "新興"; 文章資訊: 2020-10-09 02:35:25, 上月業績快報精誠22穩健向上, https://udn.com/news/story/7253/4921402
         >>> 找到關鍵字 "新興"; 文章資訊: 2020-10-09 00:56:40, 馬凱凝神諦聽巨變逼近的腳步, https://udn.com/news/story/7340/4921821
         >>> 找到關鍵字 "新興"; 文章資訊: 2020-10-08 23:56:03, 美投資級債逢低加碼, https://fund.udn.com/fund/story/5857/4921846
         >>> 找到關鍵字 "新興"; 文章資訊: 2020-10-08 21:52:08, 有貓膩立委質疑台灣人愛買高收債投資正解看這裡, https://udn.com/news/story/7251/4921298
         >>> 找到關鍵字 "新興"; 文章資訊: 2020-10-08 18:55:16, 數字科技9月營收13億元年增4, https://udn.com/news/story/7254/4920954
         >>> 找到關鍵字 "新興"; 文章資訊: 2020-10-08 18:30:13, 副總統民主自由受中國威脅台灣會堅定維護, https://udn.com/news/story/6656/4920864
         >>> 找到關鍵字 "新興"; 文章資訊: 2020-10-08 17:27:07, 10月16日內湖科技園區徵才平均月薪40K, https://udn.com/news/story/7238/4920711
         >>> 找到關鍵字 "新興"; 文章資訊: 2020-10-08 17:24:08, 精誠9月營收1973億元月增228, https://udn.com/news/story/7252/4920702
         >>> 找到關鍵字 "新興"; 文章資訊: 2020-10-08 17:21:15, 雲遊山海玩鄉村開放懂玩的你來雲林卡位, https://udn.com/news/story/7326/4920685
         >>> 找到關鍵字 "新興"; 文章資訊: 2020-10-08 16:24:07, 幫華為解套郭明錤將榮耀品牌獨立可創造多贏, https://udn.com/news/story/7238/4920534
         >>> 找到關鍵字 "新興"; 文章資訊: 2020-10-08 16:02:07, 銀行看第四季投資年底前市場震盪將成常態, https://udn.com/news/story/7239/4920473
         >>> 找到關鍵字 "新興"; 文章資訊: 2020-10-08 15:54:15, 前年首辦國慶升旗典禮引抗議桃市府今年續辦, https://udn.com/news/story/7324/4920433
         >>> 找到關鍵字 "新興"; 文章資訊: 2020-10-08 15:44:46, 數位化排程與管理成關鍵, https://udn.com/news/story/11726/4920008
         >>> 找到關鍵字 "新興"; 文章資訊: 2020-10-08 15:44:44, 傳動螺桿蓄動能高速精微化成主流, https://udn.com/news/story/11726/4920285
         >>> 找到關鍵字 "新興"; 文章資訊: 2020-10-08 15:36:11, 國慶連假青埔大溪景點人車夯桃市警明起擴大疏導管制, https://udn.com/news/story/7324/4920364
         >>> 找到關鍵字 "新興"; 文章資訊: 2020-10-08 12:59:50, 5G的最終完成式何時會來, https://udn.com/news/story/6903/4919266
        ------------------------------------------------------
       >> 搜尋關鍵字:"爆裂物"; 網址:"https://udn.com/search/word/2/爆裂物"
         <<< 2020-10-09 沒有更多 "爆裂物" 相關的新聞 !!! >>>
        ------------------------------------------------------
       >> 搜尋關鍵字:"IED"; 網址:"https://udn.com/search/word/2/IED"
         <<< 2020-10-09 沒有更多 "IED" 相關的新聞 !!! >>>
        ------------------------------------------------------
       >> 搜尋關鍵字:"排放"; 網址:"https://udn.com/search/word/2/排放"
         >>> 找到關鍵字 "排放"; 文章資訊: 2020-10-09 02:31:04, 趨勢觀察城市物流新趨勢, https://udn.com/news/story/7241/4921267
         >>> 找到關鍵字 "排放"; 文章資訊: 2020-10-09 00:56:40, 馬凱凝神諦聽巨變逼近的腳步, https://udn.com/news/story/7340/4921821
         >>> 找到關鍵字 "排放"; 文章資訊: 2020-10-08 18:09:08, 經濟部核准10家中小企業擴大投資44億元, https://udn.com/news/story/7238/4920838
         >>> 找到關鍵字 "排放"; 文章資訊: 2020-10-08 17:59:46, 黃蜂網絡冒犯了誰下只許美帝反恐古巴五人組爭議大審判, https://global.udn.com/global_vision/story/8663/4920582
         >>> 找到關鍵字 "排放"; 文章資訊: 2020-10-08 15:43:04, 最後絕唱Audi推出TTSLineCompetitionPlus特仕版升級續戰, https://autos.udn.com/autos/story/7826/4920396
         >>> 找到關鍵字 "排放"; 文章資訊: 2020-10-08 12:15:50, 溫管法修正草案張子敬預計110年送行政院, https://udn.com/news/story/6656/4919672
         >>> 找到關鍵字 "排放"; 文章資訊: 2020-10-08 10:10:00, eHybridGTE一起上全新第八代福斯Golf增添兩款插電車型, https://autos.udn.com/autos/story/7826/4919218
         >>> 找到關鍵字 "排放"; 文章資訊: 2020-10-08 09:36:08, 東元2025年目標減碳排放20深耕太陽能發電, https://udn.com/news/story/7240/4919114
         >>> 找到關鍵字 "排放"; 文章資訊: 2020-10-08 08:52:35, 2020縣市總體競爭力調查黑馬新竹市出線, https://udn.com/news/story/6842/4911897
         >>> 找到關鍵字 "排放"; 文章資訊: 2020-10-08 08:52:34, 未來移動台灣隊搶攻兆元商機, https://udn.com/news/story/6842/4911891
         <<< 2020-10-09 沒有更多 "排放" 相關的新聞 !!! >>>
        ------------------------------------------------------
       >> 搜尋關鍵字:"污染"; 網址:"https://udn.com/search/word/2/污染"
         >>> 找到關鍵字 "污染"; 文章資訊: 2020-10-08 16:55:08, 黃子佼陳珊妮走周裕穎大秀觀賞垃圾的華麗變身, https://udn.com/news/story/7270/4920593
         >>> 找到關鍵字 "污染"; 文章資訊: 2020-10-08 16:53:02, 黃子佼陳珊妮走周裕穎大秀觀賞垃圾的華麗變身, https://style.udn.com/style/story/8066/4920593
         >>> 找到關鍵字 "污染"; 文章資訊: 2020-10-08 12:58:47, 立委要求研擬禁埋爐碴條款環保署可以討論, https://udn.com/news/story/6656/4919776
         <<< 2020-10-09 沒有更多 "污染" 相關的新聞 !!! >>>
        ------------------------------------------------------
       >> 搜尋關鍵字:"廢水"; 網址:"https://udn.com/search/word/2/廢水"
         >>> 找到關鍵字 "廢水"; 文章資訊: 2020-10-08 18:09:08, 經濟部核准10家中小企業擴大投資44億元, https://udn.com/news/story/7238/4920838
         <<< 2020-10-09 沒有更多 "廢水" 相關的新聞 !!! >>>
        ------------------------------------------------------
       >> 搜尋關鍵字:"污水"; 網址:"https://udn.com/search/word/2/污水"
         >>> 找到關鍵字 "污水"; 文章資訊: 2020-10-08 12:14:06, 桃竹苗中14日起減壓供水蘇貞昌指示各單位因應, https://udn.com/news/story/7324/4919676
         <<< 2020-10-09 沒有更多 "污水" 相關的新聞 !!! >>>
        ------------------------------------------------------
       >> 搜尋關鍵字:"洩漏"; 網址:"https://udn.com/search/word/2/洩漏"
         >>> 找到關鍵字 "洩漏"; 文章資訊: 2020-10-08 16:38:12, 黃捷要求高雄工業管線裝定位系統陳其邁目標2年內裝好, https://udn.com/news/story/7327/4920557
         >>> 找到關鍵字 "洩漏"; 文章資訊: 2020-10-08 13:47:52, 國史館剔除馬習會文物認定金門高粱與茅台是食品沒歷史, https://udn.com/news/story/120986/4919439
         >>> 找到關鍵字 "洩漏"; 文章資訊: 2020-10-08 12:20:08, LINE減肥廣告流傳立委憂純網銀金融資訊遭洩漏, https://udn.com/news/story/7239/4919699
         <<< 2020-10-09 沒有更多 "洩漏" 相關的新聞 !!! >>>
        ------------------------------------------------------
       >> 搜尋關鍵字:"暗管"; 網址:"https://udn.com/search/word/2/暗管"
         <<< 2020-10-09 沒有更多 "暗管" 相關的新聞 !!! >>>
        ------------------------------------------------------
       >> 搜尋關鍵字:"偷排"; 網址:"https://udn.com/search/word/2/偷排"
         <<< 2020-10-09 沒有更多 "偷排" 相關的新聞 !!! >>>
        ------------------------------------------------------
       >> 搜尋關鍵字:"安全"; 網址:"https://udn.com/search/word/2/安全"
         >>> 找到關鍵字 "安全"; 文章資訊: 2020-10-09 07:35:25, 刻意隱瞞數千萬美元加密貨幣收入McAfee創辦人因逃稅遭逮捕, https://udn.com/news/story/7086/4922014
         >>> 找到關鍵字 "安全"; 文章資訊: 2020-10-09 07:21:06, 療程結束白宮醫師川普10日起可安全參與公共活動, https://udn.com/news/story/6813/4922091
         >>> 找到關鍵字 "安全"; 文章資訊: 2020-10-09 06:00:00, 賞文迴響王新偉友善沐浴讓他自己來, https://udn.com/news/story/12662/4920698
         >>> 找到關鍵字 "安全"; 文章資訊: 2020-10-09 05:46:06, 涉密謀綁架美國密西根州長13人落網, https://udn.com/news/story/6813/4922047
         >>> 找到關鍵字 "安全"; 文章資訊: 2020-10-09 04:35:03, 大選辯論喬不攏拜登川普陣營隔空交戰仍無共識, https://udn.com/news/story/121687/4922031
         >>> 找到關鍵字 "安全"; 文章資訊: 2020-10-09 02:35:04, 歐洲疫情升溫義大利單日新增確診突破4000例, https://udn.com/news/story/120944/4921969
         >>> 找到關鍵字 "安全"; 文章資訊: 2020-10-09 02:30:50, 經濟日報社論掌握美國經貿政策脈動, https://udn.com/news/story/7338/4921717
         >>> 找到關鍵字 "安全"; 文章資訊: 2020-10-09 02:14:06, 美對陸管制擬擴及行動支付, https://udn.com/news/story/6811/4921499
         >>> 找到關鍵字 "安全"; 文章資訊: 2020-10-09 02:05:04, OTTTV專法再開公聽會前NCC委員不要違背世界潮流, https://udn.com/news/story/7314/4921992
         >>> 找到關鍵字 "安全"; 文章資訊: 2020-10-09 01:00:04, 台海恐慌國慶日難安, https://udn.com/news/story/7339/4921833
         >>> 找到關鍵字 "安全"; 文章資訊: 2020-10-09 00:54:20, 錢櫃大火6死練台生等7人被起訴, https://udn.com/news/story/7321/4921909
         >>> 找到關鍵字 "安全"; 文章資訊: 2020-10-09 00:48:08, 守護孩童就是要瘦肉精零檢出, https://udn.com/news/story/7339/4921896
         >>> 找到關鍵字 "安全"; 文章資訊: 2020-10-09 00:43:22, 螺絲掉滿地水也灑滿地, https://udn.com/news/story/7339/4921899
         >>> 找到關鍵字 "安全"; 文章資訊: 2020-10-09 00:28:46, 科技人文聯合講座創新是企業永續的基礎, https://udn.com/news/story/7339/4921864
         >>> 找到關鍵字 "安全"; 文章資訊: 2020-10-09 00:26:54, 國慶連假遊新北避10景點壅塞路段, https://udn.com/news/story/7323/4921498
         >>> 找到關鍵字 "安全"; 文章資訊: 2020-10-09 00:24:02, 垃圾倍增北市河濱烤肉擬限縮, https://udn.com/news/story/7323/4921674
         >>> 找到關鍵字 "安全"; 文章資訊: 2020-10-09 00:20:32, 北市居服員楊麗娟挨罵受氣轉念一做20年, https://udn.com/news/story/7323/4921632
         >>> 找到關鍵字 "安全"; 文章資訊: 2020-10-09 00:15:29, 社福預算不足議員認政策應檢討, https://udn.com/news/story/7323/4921483
         >>> 找到關鍵字 "安全"; 文章資訊: 2020-10-09 00:04:10, 美國安顧問警告北京勿嘗試武力犯台, https://udn.com/news/story/10930/4921812
         >>> 找到關鍵字 "安全"; 文章資訊: 2020-10-09 00:02:34, 住院部分負擔上限明年調高, https://udn.com/news/story/7266/4921775
        ------------------------------------------------------
       >> 搜尋關鍵字:"槽車"; 網址:"https://udn.com/search/word/2/槽車"
         <<< 2020-10-09 沒有更多 "槽車" 相關的新聞 !!! >>>
       >> 檔案輸出
        ------------------------------------------------------
      >> 下載新聞內容
      >> 下載 https://udn.com/news/story/6898/4919795, 建國科大研發MIT機器人幫水五金產製研磨拋光
      >> 下載 https://udn.com/news/story/7240/4921559, 鴻海結盟SAP生產力將躍升
      >> 下載 https://udn.com/news/story/7339/4921843, 雙十要有國旗海
      >> 下載 https://udn.com/news/story/7238/4920838, 經濟部核准10家中小企業擴大投資44億元
      >> 下載 https://udn.com/news/story/7252/4920600, 台塑四寶第3季轉虧為盈大賺498億元
      >> 下載 https://udn.com/news/story/11726/4919921, 經AOI蒐集全製程資訊加速傳產數位化轉型
      >> 下載 https://udn.com/news/story/7252/4920185, 需求回溫股利挹注台塑四寶Q3轉虧為盈
      >> 下載 https://udn.com/news/story/7240/4919796, 鴻海與SAP戰略結盟建構軟硬整合新商業模式
      >> 下載 https://udn.com/news/story/6898/4919795, 建國科大研發MIT機器人幫水五金產製研磨拋光
      >> 下載 https://udn.com/news/story/7240/4919793, 鴻海與SAP戰略結盟目標建立工業40典範
      >> 下載 https://udn.com/news/story/7240/4919794, 鴻海攜手SAP台灣攻工業40
      >> 下載 https://udn.com/news/story/6850/4917878, 中芯被制裁這族群Q4營運持續看俏
      >> 下載 https://udn.com/news/story/7339/4921864, 科技人文聯合講座創新是企業永續的基礎
      >> 下載 https://health.udn.com/health/story/6036/4919680, 吃當季如何避免白木耳二氧化硫達人教5招這樣處理
      >> 下載 https://udn.com/news/story/7270/4921264, 義大利訂製西裝Kiton經典千鳥格躍上表面優雅聯名蕭邦
      >> 下載 https://style.udn.com/style/story/11350/4921264, 義大利訂製西裝Kiton經典千鳥格躍上表面優雅聯名蕭邦
      >> 下載 https://health.udn.com/health/story/5961/4920606, 又是三峽五寮尖山筍園我又新增一例本土登革熱
      >> 下載 https://udn.com/news/story/7238/4920838, 經濟部核准10家中小企業擴大投資44億元
      >> 下載 https://udn.com/news/story/6928/4920525, 台日攜手開發光記憶體材料可應用於人工視網膜
      >> 下載 https://health.udn.com/health/story/6026/4920366, 癌症二號殺手肝癌這3種人易罹患醫師教你如何發現及治療
      >> 下載 https://udn.com/news/story/7266/4920606, 又是三峽五寮尖山筍園我又新增一例本土登革熱
      >> 下載 https://udn.com/news/story/7270/4919366, 天作之合劇場封箱作品音樂劇寂寞瑪奇朵就在LINETV數位劇場
      >> 下載 https://udn.com/news/story/12681/4920257, 蔡詩萍你是該看看張愛玲了她那麼獨特
      >> 下載 https://udn.com/news/story/6929/4920272, 疫情下不能出國弘光科大辦日本浴衣文化節師生同體驗
      >> 下載 https://health.udn.com/health/story/120951/4920014, 從確診新冠到3天出院川普是過度治療還是病情嚴重
      >> 下載 https://udn.com/news/story/7027/4919597, 13種新生兒哺育用品採購指南新手爸媽快筆記
      >> 下載 https://udn.com/news/story/120764/4919813, 基因編輯獲諾貝爾化學獎日本發現學者與有榮焉
      >> 下載 https://udn.com/news/story/120764/4919730, 1995年諾貝爾化學獎得主莫里納逝世享壽77歲
      >> 下載 https://udn.com/news/story/7238/4919370, 疫情最大減幅無薪假大減三成至596家12710人
      >> 下載 https://udn.com/news/story/7238/4919356, 無薪假減至596家12710人製造業與批發零售減最多
      >> 下載 https://udn.com/news/story/12674/4916525, 生活的風景褚士瑩野蠻才是最優雅的生長
      >> 下載 https://udn.com/news/story/120764/4919101, 慧眼獨具今年兩諾貝爾獎得主曾獲李嘉誠資助
      >> 下載 https://udn.com/news/story/120888/4920404, 你我隱私全成他的方便數位身分證到底誰受惠
      >> 下載 https://udn.com/news/story/7270/4920542, WEAVISM衝破同溫層顛覆傳統重新定義潮流機能
      >> 下載 https://style.udn.com/style/story/8066/4920542, WEAVISM衝破同溫層顛覆傳統重新定義潮流機能
      >> 下載 https://udn.com/news/story/120986/4919439, 國史館剔除馬習會文物認定金門高粱與茅台是食品沒歷史
      >> 下載 https://udn.com/news/story/7325/4919722, 大觀水力發電廠鋼管本周一破裂大量發電水外洩成泥流
      >> 下載 https://udn.com/news/story/120940/4919423, 康軒吹哨者被貼還有臉進公司康軒發現即撤下
      >> 下載 https://udn.com/news/story/7323/4921470, 新北電子煙自治條例議會卡關
      >> 下載 https://udn.com/news/story/9750/4921113, 萊豬大戰下週登場立院委員會聯審9項行政命令
      >> 下載 https://udn.com/news/story/7323/4921030, 新北室內禁電子煙要再等等自治條例卡議會
      >> 下載 https://udn.com/news/story/7317/4920431, 兩度在國小校園自慰被逮男大生處拘役20日
      >> 下載 https://udn.com/news/story/7027/4919597, 13種新生兒哺育用品採購指南新手爸媽快筆記
      >> 下載 https://udn.com/news/story/7326/4919679, 強化防災應變台南夜間照護機構演練逼真
      >> 下載 https://udn.com/news/story/7327/4919651, 輕軌二階惹議中華藝校千名家長連署陳情噪音霸凌校園
      >> 下載 https://udn.com/news/story/7331/4919301, 陸學者指國民黨台美復交提案已破壞國共互信
      >> 下載 https://udn.com/news/story/7315/4919264, 影中市街頭驚傳砸車事件原來是警破窗逮毒鴛鴦
      >> 下載 https://udn.com/news/story/120944/4919078, 新冠肺炎病毒中藏不尋常基因序列蝙蝠和穿山甲只是煙霧彈
      >> 下載 https://udn.com/news/story/6809/4920232, 中國擬在巴紐開礦聯合國嚴重關切
      >> 下載 https://udn.com/news/story/7934/4919687, 公園現巴掌大野菇民眾驚會炸開專家無毒但勿碰
      >> 下載 https://udn.com/news/story/7266/4919687, 公園現巴掌大野菇民眾驚會炸開專家無毒但勿碰
      >> 下載 https://game.udn.com/game/story/10451/4919244, 笑到燒聲PartyAnimals試玩萌萌動物大亂鬥吃我一記飛踢啦
      >> 下載 https://udn.com/news/story/7333/4921471, 安國掃二維碼可追中藥材產地
      >> 下載 https://health.udn.com/health/story/5964/4920678, 為什麼上班族們瘋迷跑馬拉松正妹小律師揭密原因
      >> 下載 https://udn.com/news/story/7269/4920678, 為什麼上班族們瘋迷跑馬拉松正妹小律師揭密原因
      >> 下載 https://udn.com/news/story/7321/4919274, 夾娃娃機內有情趣按摩棒罰2萬台主掰臉部按摩用被打臉
      >> 下載 https://udn.com/news/story/7325/4920753, 南投社區總鋪師美食賽13鄉鎮市端出在地手路菜
      >> 下載 https://udn.com/news/story/7193/4918072, 美術園道商圈異國美食嘉年華11道佳餚600元有找
      >> 下載 https://udn.com/news/story/120883/4920137, 印尼藍眼美如寶石背後卻有著命中注定的哀傷
      >> 下載 https://udn.com/news/story/7332/4918872, 眾口難調以宮廷菜聞名厲家菜翻車遭網罵
      >> 下載 https://udn.com/news/story/7266/4921347, 年長者聽損增失智或憂鬱風險
      >> 下載 https://health.udn.com/health/story/6026/4920366, 癌症二號殺手肝癌這3種人易罹患醫師教你如何發現及治療
      >> 下載 https://udn.com/news/story/7934/4919687, 公園現巴掌大野菇民眾驚會炸開專家無毒但勿碰
      >> 下載 https://udn.com/news/story/7266/4919687, 公園現巴掌大野菇民眾驚會炸開專家無毒但勿碰
      >> 下載 https://udn.com/news/story/7323/4921470, 新北電子煙自治條例議會卡關
      >> 下載 https://udn.com/news/story/7323/4921030, 新北室內禁電子煙要再等等自治條例卡議會
      >> 下載 https://udn.com/news/story/6813/4920722, 疫情導致心情鬱悶美藥物濫用致死多
      >> 下載 https://udn.com/news/story/7315/4920690, 高院認放弒母凶手回社會有風險毒酒都影響精神
      >> 下載 https://udn.com/news/story/6656/4920342, 早在用科技偵查辦案學者不立科技偵查法檢警最高興
      >> 下載 https://udn.com/news/story/7321/4919512, 梁崇銘弒母砍頭無罪遭撤銷高院更一審裁定羈押三個月
      >> 下載 https://udn.com/news/story/7315/4919264, 影中市街頭驚傳砸車事件原來是警破窗逮毒鴛鴦
      >> 下載 https://udn.com/news/story/7266/4921184, 自費治癌成常態33歲癌友離婚數著存款說如果沒了那就沒了
      >> 下載 https://udn.com/news/story/7266/4921059, 六成民眾願每月多付百元健保費七成願小病多付保大病
      >> 下載 https://health.udn.com/health/story/6026/4920366, 癌症二號殺手肝癌這3種人易罹患醫師教你如何發現及治療
      >> 下載 https://udn.com/news/story/7327/4919249, 重啟南方治理平台陳其邁最快年底或明年初召開
      >> 下載 https://udn.com/news/story/7333/4921471, 安國掃二維碼可追中藥材產地
      >> 下載 https://udn.com/news/story/6656/4919345, 睽違十餘年陳水扁擁抱陳哲男對他委屈感同身受
      >> 下載 https://udn.com/news/story/9750/4921627, 藍綠立委接力砲轟陳吉仲拍桌離席
      >> 下載 https://udn.com/news/story/7314/4921045, 尼泊爾災後重建成果展秀台灣暖實力
      >> 下載 https://udn.com/news/story/9750/4920974, 進萊豬換取甚麼經貿利益答不出立委要求陳吉仲下台
      >> 下載 https://udn.com/news/story/9750/4920910, 林飛帆因美豬遭藍圍剿卓榮泰這不是對年輕人的方式
      >> 下載 https://udn.com/news/story/9750/4920895, 開放美牛沒國際標準國民黨批民進黨一天一假消息
      >> 下載 https://udn.com/news/story/7241/4920750, 福壽實業百周年江啟臣有同感掌舵者一定有他的智慧
      >> 下載 https://udn.com/news/story/9750/4920553, 國民黨批他昔反美豬現領九萬林飛帆口水仗無助食安
      >> 下載 https://udn.com/news/story/9750/4920536, 馬辦嗆林飛帆不知怎麼辯護美豬就保持沉默沒關係
      >> 下載 https://udn.com/news/story/120911/4920126, 超商買水擰開沒喀喀聲驚覺被開過網嚇壞想起毒飲料
      >> 下載 https://udn.com/news/story/120888/4919902, 陳主委的被害妄想只要出事全推假新聞特定媒體
      >> 下載 https://udn.com/news/story/120884/4919575, 萊豬進口檢驗量能難負荷各地缺錢又缺人
      >> 下載 https://udn.com/news/story/7241/4919931, 迎戰萊劑美豬百年企業董座有品牌的台灣豬會很吃香
      >> 下載 https://udn.com/news/story/7327/4919857, 檢舉陸肉製品卻遭台南衛生局罵可以不要這麼無聊嗎
      >> 下載 https://udn.com/news/story/7320/4919278, 影海巡警方夜間威力掃蕩防新冠肺炎非洲豬瘟疫情
      >> 下載 https://udn.com/news/story/9750/4919097, 林飛帆曾反美豬牛批黑箱藍諷時空不同月領9萬就護航
      >> 下載 https://udn.com/news/story/7270/4921719, 搶先喝泥煤哥12年將現身新竹酒展
      >> 下載 https://style.udn.com/style/story/11350/4921719, 搶先喝泥煤哥12年將現身新竹酒展
      >> 下載 https://udn.com/news/story/7186/4919352, 超欠吃好市多推出OREO巧克力餅乾起司蛋糕網推好吃清爽不甜膩
      >> 下載 https://udn.com/umedia/story/12751/4919368, 台北吉泰滇泰料理融合雲南緬甸及泰國菜
      >> 找不到新聞內容，可能是新聞的格式不同所致。
      >> 下載 https://udn.com/news/story/7193/4919296, 淡淡咖哩香氣SUBWAY香料蔬菜球堡新口味異國風情微香微辣必吃
      >> 下載 https://style.udn.com/style/story/11350/4919352, 超欠吃好市多推出OREO巧克力餅乾起司蛋糕網推好吃清爽不甜膩
      >> 下載 https://udn.com/news/story/7252/4921117, 上月業績快報申豐52出貨力道強
      >> 下載 https://udn.com/news/story/7268/4892566, 每日星座運勢牡羊良好的工作態度能使效率提高
      >> 下載 https://udn.com/news/story/7327/4921432, 在地心產業洪誼靜屏東可可聞名啟發創業
      >> 下載 https://udn.com/news/story/7327/4921423, 在地心產業返鄉種可可做美妝進軍國際
      >> 下載 https://udn.com/news/story/9750/4921113, 萊豬大戰下週登場立院委員會聯審9項行政命令
      >> 下載 https://udn.com/news/story/7323/4921095, 蘆洲國慶蔥油餅十周年因應疫情今年不請客
      >> 下載 https://udn.com/news/story/7252/4921074, 佐登雙美循環服務帶動保養品熱銷9月營收亮眼
      >> 下載 https://udn.com/news/story/7331/4921022, 陸最大啤酒企業燕京啤酒董事長涉職務違法遭立案調查
      >> 下載 https://udn.com/news/story/7252/4920982, 恆大9月營收472億元年增66079創歷史新高
      >> 下載 https://udn.com/news/story/7238/4920838, 經濟部核准10家中小企業擴大投資44億元
      >> 下載 https://udn.com/news/story/7252/4920600, 台塑四寶第3季轉虧為盈大賺498億元
      >> 下載 https://udn.com/news/story/7254/4920583, 捷流Q3營收611億元創歷史單季次高
      >> 下載 https://udn.com/news/story/11726/4920008, 數位化排程與管理成關鍵
      >> 下載 https://udn.com/news/story/11726/4920285, 傳動螺桿蓄動能高速精微化成主流
      >> 下載 https://udn.com/news/story/6837/4920226, 台廠繞個彎做生意歐美時尚防疫ZaraAdidas等紛紛下訂客製口罩
      >> 下載 https://udn.com/news/story/7252/4920185, 需求回溫股利挹注台塑四寶Q3轉虧為盈
      >> 下載 https://udn.com/news/story/7241/4919931, 迎戰萊劑美豬百年企業董座有品牌的台灣豬會很吃香
      >> 下載 https://udn.com/news/story/120764/4919730, 1995年諾貝爾化學獎得主莫里納逝世享壽77歲
      >> 下載 https://udn.com/news/story/7187/4919713, 用蠶大便做烈酒日本Mitosaya藥草園蒸餾所來真的
      >> 下載 https://udn.com/news/story/7270/4919713, 用蠶大便做烈酒日本Mitosaya藥草園蒸餾所來真的
      >> 下載 https://udn.com/news/story/7241/4920585, 千萬刷手現身遠百信義周年慶首日業績突破26億元
      >> 下載 https://udn.com/news/story/120888/4919902, 陳主委的被害妄想只要出事全推假新聞特定媒體
      >> 下載 https://udn.com/news/story/120884/4919575, 萊豬進口檢驗量能難負荷各地缺錢又缺人
      >> 下載 https://udn.com/news/story/9750/4919186, 孫大千台灣豬標章和HelloKitty貼紙有何不同
      >> 下載 https://health.udn.com/health/story/6036/4919680, 吃當季如何避免白木耳二氧化硫達人教5招這樣處理
      >> 下載 https://udn.com/news/story/7252/4921539, 台塑四寶Q3大賺498億元
      >> 下載 https://udn.com/news/story/7241/4921265, 高績效教練改變看見未來
      >> 下載 https://udn.com/news/story/7341/4921824, 謝忠道沒有真相也沒有正義的性侵醜聞
      >> 下載 https://global.udn.com/global_vision/story/8663/4920582, 黃蜂網絡冒犯了誰下只許美帝反恐古巴五人組爭議大審判
      >> 下載 https://udn.com/news/story/120884/4920691, 今日精摘公費流感疫苗配送量達一半館長槍擊案竹聯幫大哥遭聲押
      >> 下載 https://udn.com/news/story/6809/4920447, 影直擊野火引發俄彈藥庫大爆炸逾2000人撤離
      >> 下載 https://udn.com/news/story/7252/4920133, 台塑四寶三大利多齊發Q3合力大賺49806億元
      >> 下載 https://udn.com/news/story/7033/4919723, 都是你亂吃加工食品孩子才過敏最傷媽媽心的來自他人的負評
      >> 下載 https://udn.com/news/story/7934/4919687, 公園現巴掌大野菇民眾驚會炸開專家無毒但勿碰
      >> 下載 https://udn.com/news/story/7266/4919687, 公園現巴掌大野菇民眾驚會炸開專家無毒但勿碰
      >> 下載 https://udn.com/news/story/6809/4919048, 敘利亞西南部傳爆炸聲響至少兩傷
      >> 下載 https://udn.com/news/story/7002/4917918, 總是被人瞧不起巴特勒要帶領小人物們反擊
      >> 下載 https://udn.com/news/story/7253/4921826, 郭明錤華為品牌一旦分拆台系供應鏈將受惠
      >> 下載 https://udn.com/news/story/7254/4921829, 上月業績快報數字科技4
      >> 下載 https://udn.com/news/story/7239/4921622, 高收債違約率無異常
      >> 下載 https://udn.com/news/story/7239/4921785, 中信銀建議Q4布局股債4555
      >> 下載 https://udn.com/news/story/7253/4921402, 上月業績快報精誠22穩健向上
      >> 下載 https://udn.com/news/story/7340/4921821, 馬凱凝神諦聽巨變逼近的腳步
      >> 下載 https://fund.udn.com/fund/story/5857/4921846, 美投資級債逢低加碼
      >> 下載 https://udn.com/news/story/7251/4921298, 有貓膩立委質疑台灣人愛買高收債投資正解看這裡
      >> 下載 https://udn.com/news/story/7254/4920954, 數字科技9月營收13億元年增4
      >> 下載 https://udn.com/news/story/6656/4920864, 副總統民主自由受中國威脅台灣會堅定維護
      >> 下載 https://udn.com/news/story/7238/4920711, 10月16日內湖科技園區徵才平均月薪40K
      >> 下載 https://udn.com/news/story/7252/4920702, 精誠9月營收1973億元月增228
      >> 下載 https://udn.com/news/story/7326/4920685, 雲遊山海玩鄉村開放懂玩的你來雲林卡位
      >> 下載 https://udn.com/news/story/7238/4920534, 幫華為解套郭明錤將榮耀品牌獨立可創造多贏
      >> 下載 https://udn.com/news/story/7239/4920473, 銀行看第四季投資年底前市場震盪將成常態
      >> 下載 https://udn.com/news/story/7324/4920433, 前年首辦國慶升旗典禮引抗議桃市府今年續辦
      >> 下載 https://udn.com/news/story/11726/4920008, 數位化排程與管理成關鍵
      >> 下載 https://udn.com/news/story/11726/4920285, 傳動螺桿蓄動能高速精微化成主流
      >> 下載 https://udn.com/news/story/7324/4920364, 國慶連假青埔大溪景點人車夯桃市警明起擴大疏導管制
      >> 下載 https://udn.com/news/story/6903/4919266, 5G的最終完成式何時會來
      >> 下載 https://udn.com/news/story/7241/4921267, 趨勢觀察城市物流新趨勢
      >> 下載 https://udn.com/news/story/7340/4921821, 馬凱凝神諦聽巨變逼近的腳步
      >> 下載 https://udn.com/news/story/7238/4920838, 經濟部核准10家中小企業擴大投資44億元
      >> 下載 https://global.udn.com/global_vision/story/8663/4920582, 黃蜂網絡冒犯了誰下只許美帝反恐古巴五人組爭議大審判
      >> 下載 https://autos.udn.com/autos/story/7826/4920396, 最後絕唱Audi推出TTSLineCompetitionPlus特仕版升級續戰
      >> 下載 https://udn.com/news/story/6656/4919672, 溫管法修正草案張子敬預計110年送行政院
      >> 下載 https://autos.udn.com/autos/story/7826/4919218, eHybridGTE一起上全新第八代福斯Golf增添兩款插電車型
      >> 下載 https://udn.com/news/story/7240/4919114, 東元2025年目標減碳排放20深耕太陽能發電
      >> 下載 https://udn.com/news/story/6842/4911897, 2020縣市總體競爭力調查黑馬新竹市出線
      >> 下載 https://udn.com/news/story/6842/4911891, 未來移動台灣隊搶攻兆元商機
      >> 下載 https://udn.com/news/story/7270/4920593, 黃子佼陳珊妮走周裕穎大秀觀賞垃圾的華麗變身
      >> 下載 https://style.udn.com/style/story/8066/4920593, 黃子佼陳珊妮走周裕穎大秀觀賞垃圾的華麗變身
      >> 下載 https://udn.com/news/story/6656/4919776, 立委要求研擬禁埋爐碴條款環保署可以討論
      >> 下載 https://udn.com/news/story/7238/4920838, 經濟部核准10家中小企業擴大投資44億元
      >> 下載 https://udn.com/news/story/7324/4919676, 桃竹苗中14日起減壓供水蘇貞昌指示各單位因應
      >> 下載 https://udn.com/news/story/7327/4920557, 黃捷要求高雄工業管線裝定位系統陳其邁目標2年內裝好
      >> 下載 https://udn.com/news/story/120986/4919439, 國史館剔除馬習會文物認定金門高粱與茅台是食品沒歷史
      >> 下載 https://udn.com/news/story/7239/4919699, LINE減肥廣告流傳立委憂純網銀金融資訊遭洩漏
      >> 下載 https://udn.com/news/story/7086/4922014, 刻意隱瞞數千萬美元加密貨幣收入McAfee創辦人因逃稅遭逮捕
      >> 下載 https://udn.com/news/story/6813/4922091, 療程結束白宮醫師川普10日起可安全參與公共活動
      >> 下載 https://udn.com/news/story/12662/4920698, 賞文迴響王新偉友善沐浴讓他自己來
      >> 下載 https://udn.com/news/story/6813/4922047, 涉密謀綁架美國密西根州長13人落網
      >> 下載 https://udn.com/news/story/121687/4922031, 大選辯論喬不攏拜登川普陣營隔空交戰仍無共識
      >> 下載 https://udn.com/news/story/120944/4921969, 歐洲疫情升溫義大利單日新增確診突破4000例
      >> 下載 https://udn.com/news/story/7338/4921717, 經濟日報社論掌握美國經貿政策脈動
      >> 下載 https://udn.com/news/story/6811/4921499, 美對陸管制擬擴及行動支付
      >> 下載 https://udn.com/news/story/7314/4921992, OTTTV專法再開公聽會前NCC委員不要違背世界潮流
      >> 下載 https://udn.com/news/story/7339/4921833, 台海恐慌國慶日難安
      >> 下載 https://udn.com/news/story/7321/4921909, 錢櫃大火6死練台生等7人被起訴
      >> 下載 https://udn.com/news/story/7339/4921896, 守護孩童就是要瘦肉精零檢出
      >> 下載 https://udn.com/news/story/7339/4921899, 螺絲掉滿地水也灑滿地
      >> 下載 https://udn.com/news/story/7339/4921864, 科技人文聯合講座創新是企業永續的基礎
      >> 下載 https://udn.com/news/story/7323/4921498, 國慶連假遊新北避10景點壅塞路段
      >> 下載 https://udn.com/news/story/7323/4921674, 垃圾倍增北市河濱烤肉擬限縮
      >> 下載 https://udn.com/news/story/7323/4921632, 北市居服員楊麗娟挨罵受氣轉念一做20年
      >> 下載 https://udn.com/news/story/7323/4921483, 社福預算不足議員認政策應檢討
      >> 下載 https://udn.com/news/story/10930/4921812, 美國安顧問警告北京勿嘗試武力犯台
      >> 下載 https://udn.com/news/story/7266/4921775, 住院部分負擔上限明年調高
