     -----> 新聞爬蟲：聯合新聞網

           <<< 聯合新聞網新聞搜尋 >>>
        ------------------------------------------------------
        ------------------------------------------------------
       >> 搜尋關鍵字:"工業用"; 網址:"https://udn.com/search/word/2/工業用"
         >>> 找到關鍵字 "工業用"; 文章資訊: 2020-09-29 19:31:07, 被控使用工業用鹽製造瓜子台南業者推老父接洽不知情, https://udn.com/news/story/7321/4898226
         <<< 2020-09-30 沒有更多 "工業用" 相關的新聞 !!! >>>
        ------------------------------------------------------
       >> 搜尋關鍵字:"化工"; 網址:"https://udn.com/search/word/2/化工"
         >>> 找到關鍵字 "化工"; 文章資訊: 2020-09-30 02:02:13, 華為青浦研發中心開工, https://udn.com/news/story/7333/4898976
         >>> 找到關鍵字 "化工"; 文章資訊: 2020-09-29 23:37:33, 當高歌自由蓋過我的祖國, https://udn.com/news/story/7339/4898897
         >>> 找到關鍵字 "化工"; 文章資訊: 2020-09-29 23:34:12, 日治轉車台分割暫存引爆不滿, https://udn.com/news/story/7326/4898535
         >>> 找到關鍵字 "化工"; 文章資訊: 2020-09-29 19:26:04, 落實韋德齊訪台成果台捷大學合作50名捷克華語獎學金, https://udn.com/news/story/6656/4898222
         >>> 找到關鍵字 "化工"; 文章資訊: 2020-09-29 15:02:15, 南鐵地下化清領日治遺跡局部異地保存視情況復原, https://udn.com/news/story/7326/4897521
         >>> 找到關鍵字 "化工"; 文章資訊: 2020-09-29 12:41:08, 南鐵東移案剩兩抗爭戶交通部前崩潰大哭怕家沒了, https://udn.com/news/story/7266/4897010
         >>> 找到關鍵字 "化工"; 文章資訊: 2020-09-29 11:19:08, 獨台南站北側百年轉車台將拆成28塊文史人士劊子手, https://udn.com/news/story/7326/4896752
         >>> 找到關鍵字 "化工"; 文章資訊: 2020-09-29 09:04:00, 108課綱專訪中崙高中李怡青胡修銘投入有興趣的選修課當你嘗試了就更往前一步, https://udn.com/news/story/121690/4863613
         <<< 2020-09-30 沒有更多 "化工" 相關的新聞 !!! >>>
        ------------------------------------------------------
       >> 搜尋關鍵字:"化災"; 網址:"https://udn.com/search/word/2/化災"
         <<< 2020-09-30 沒有更多 "化災" 相關的新聞 !!! >>>
        ------------------------------------------------------
       >> 搜尋關鍵字:"化學"; 網址:"https://udn.com/search/word/2/化學"
         >>> 找到關鍵字 "化學"; 文章資訊: 2020-09-30 01:56:00, 南山防癌險保單升級, https://udn.com/news/story/7239/4898813
         >>> 找到關鍵字 "化學"; 文章資訊: 2020-09-29 23:22:23, 竹縣擬設客英雙語學校, https://udn.com/news/story/7324/4898782
         >>> 找到關鍵字 "化學"; 文章資訊: 2020-09-29 23:18:11, 莫非定律愈擔心復發乳癌愈易復發, https://udn.com/news/story/7266/4898669
         >>> 找到關鍵字 "化學"; 文章資訊: 2020-09-29 23:17:57, 高雄地下車站空汙年底柴油車減班, https://udn.com/news/story/7327/4898732
         >>> 找到關鍵字 "化學"; 文章資訊: 2020-09-29 19:58:13, 科學園區10件投資案獲准總額逾23億元, https://udn.com/news/story/7240/4898250
         >>> 找到關鍵字 "化學"; 文章資訊: 2020-09-29 18:05:00, 她45歲確診早期乳癌怕復發喪命醫師面前失控崩潰大哭, https://health.udn.com/health/story/6029/4897820
         >>> 找到關鍵字 "化學"; 文章資訊: 2020-09-29 18:04:14, 改善高雄鐵路地下化空汙台鐵降柴油列車清洗10站軌道, https://udn.com/news/story/7327/4898045
         >>> 找到關鍵字 "化學"; 文章資訊: 2020-09-29 17:45:13, 竹縣推廣客語生活化爭取設置客英雙語學校, https://udn.com/news/story/7324/4897975
         >>> 找到關鍵字 "化學"; 文章資訊: 2020-09-29 17:32:04, 重磅快評吳音寧的質譜儀與柯文哲的2024, https://udn.com/news/story/6656/4897938
         >>> 找到關鍵字 "化學"; 文章資訊: 2020-09-29 16:49:10, 她45歲確診早期乳癌怕復發喪命醫師面前失控崩潰大哭, https://udn.com/news/story/7266/4897820
         >>> 找到關鍵字 "化學"; 文章資訊: 2020-09-29 16:04:00, 讓美麗珊瑚成為抗癌利器海生館摘科技部未來科技獎, https://health.udn.com/health/story/5999/4897530
         >>> 找到關鍵字 "化學"; 文章資訊: 2020-09-29 15:01:11, 讓美麗珊瑚成為抗癌利器海生館摘科技部未來科技獎, https://udn.com/news/story/7266/4897530
         >>> 找到關鍵字 "化學"; 文章資訊: 2020-09-29 14:49:06, 胡正隆遠東新廢棄寶特瓶回收產製技術已是業界台積電, https://udn.com/news/story/7240/4897479
         >>> 找到關鍵字 "化學"; 文章資訊: 2020-09-29 13:52:03, 影遭疑收割吳音寧北農質譜儀當政績柯直嘆氣未回應, https://udn.com/news/story/6656/4897247
         >>> 找到關鍵字 "化學"; 文章資訊: 2020-09-29 13:50:10, 諾貝爾獎得主惠廷翰鋰電池未來5到10年仍有優勢, https://udn.com/news/story/7240/4897238
         >>> 找到關鍵字 "化學"; 文章資訊: 2020-09-29 11:52:30, 英國最年輕腸癌患者18歲少女老師夢碎確診半年內離世, https://udn.com/news/story/6812/4896569
         >>> 找到關鍵字 "化學"; 文章資訊: 2020-09-29 10:56:16, BLACKPINK新專輯公開驚見超大咖繼杜娃黎波女神卡卡賽琳娜戈梅茲後合作歌手竟是她, https://style.udn.com/style/story/8065/4896679
         >>> 找到關鍵字 "化學"; 文章資訊: 2020-09-29 10:08:07, 浩鼎併購授權齊發擬入股代工廠拿下潤雅67股權, https://udn.com/news/story/7241/4896463
         >>> 找到關鍵字 "化學"; 文章資訊: 2020-09-29 09:50:08, 牛樟芝詐3億疑案檢2度聲押嫌仍交保, https://udn.com/news/story/7321/4896501
         >>> 找到關鍵字 "化學"; 文章資訊: 2020-09-29 09:24:04, 咖啡可能增加壞膽固醇歐洲心臟病學會教你最安全喝咖啡方式, https://health.udn.com/health/story/6037/4896454
        ------------------------------------------------------
       >> 搜尋關鍵字:"外洩"; 網址:"https://udn.com/search/word/2/外洩"
         >>> 找到關鍵字 "外洩"; 文章資訊: 2020-09-30 06:47:06, 加州通過Kobe法案禁止事故死者照片外流, https://udn.com/news/story/6813/4899248
         >>> 找到關鍵字 "外洩"; 文章資訊: 2020-09-30 01:09:33, 南韓防疫出包暴露個資掀霸凌政府終於學乖了, https://udn.com/news/story/120883/4899008
         >>> 找到關鍵字 "外洩"; 文章資訊: 2020-09-29 15:07:19, 頻收到LINE陌生訊息簡單設定兩步驟就能杜絕, https://udn.com/news/story/7086/4897457
         <<< 2020-09-30 沒有更多 "外洩" 相關的新聞 !!! >>>
        ------------------------------------------------------
       >> 搜尋關鍵字:"危害"; 網址:"https://udn.com/search/word/2/危害"
         >>> 找到關鍵字 "危害"; 文章資訊: 2020-09-29 20:53:06, 中秋前夕北市萬華警分局加強宣導反毒詐, https://udn.com/news/story/7323/4898369
         >>> 找到關鍵字 "危害"; 文章資訊: 2020-09-29 18:07:53, 歐陽娜娜唱我的祖國要罰學者批比中共更專制, https://udn.com/news/story/120884/4897762
         >>> 找到關鍵字 "危害"; 文章資訊: 2020-09-29 17:08:04, 北市抽查中秋相關商品露營帳篷不合格率高, https://udn.com/news/story/7323/4897856
         >>> 找到關鍵字 "危害"; 文章資訊: 2020-09-29 17:04:58, 毒害幼兒園25人大陸河南幼師判死刑, https://udn.com/news/story/7332/4897783
         >>> 找到關鍵字 "危害"; 文章資訊: 2020-09-29 16:39:07, 影雙胞胎兒塞入洗衣機悶死狠心父親判死刑, https://udn.com/news/story/7315/4897775
         >>> 找到關鍵字 "危害"; 文章資訊: 2020-09-29 15:53:36, 男倉儲員網路自學種大麻刑事局逮捕送辦, https://udn.com/news/story/7315/4897646
         >>> 找到關鍵字 "危害"; 文章資訊: 2020-09-29 15:27:07, 對醫師揮刀辯患思覺失調症法官認無不罰及減刑要件, https://udn.com/news/story/7321/4897593
         >>> 找到關鍵字 "危害"; 文章資訊: 2020-09-29 15:03:00, 臭上必比登國民小吃臭豆腐也能吃得很科學, https://udn.com/news/story/7266/4852682
         >>> 找到關鍵字 "危害"; 文章資訊: 2020-09-29 14:51:07, 三圓董事長王光祥收2顆子彈嫌恐嚇罪判8月, https://udn.com/news/story/7321/4897489
         >>> 找到關鍵字 "危害"; 文章資訊: 2020-09-29 14:30:17, 孟晚舟再出庭控美誤導司法濫用引渡程序, https://udn.com/news/story/7333/4897347
         >>> 找到關鍵字 "危害"; 文章資訊: 2020-09-29 14:06:05, 民眾抗議反萊豬要求萊劑零檢出, https://udn.com/news/story/9750/4897302
         >>> 找到關鍵字 "危害"; 文章資訊: 2020-09-29 12:10:05, 10月中辦美豬公聽會蔣萬安擋下瘦肉精美豬進口很難, https://udn.com/news/story/9750/4896942
         >>> 找到關鍵字 "危害"; 文章資訊: 2020-09-29 10:58:08, 中和警屏息拆爆裂物誓言找出詐彈客, https://udn.com/news/story/7320/4896681
         >>> 找到關鍵字 "危害"; 文章資訊: 2020-09-29 10:10:09, 台南議員吳通龍詐領助理費台南高分院改判2年, https://udn.com/news/story/7321/4896559
         >>> 找到關鍵字 "危害"; 文章資訊: 2020-09-29 09:50:08, 牛樟芝詐3億疑案檢2度聲押嫌仍交保, https://udn.com/news/story/7321/4896501
         <<< 2020-09-30 沒有更多 "危害" 相關的新聞 !!! >>>
        ------------------------------------------------------
       >> 搜尋關鍵字:"有毒"; 網址:"https://udn.com/search/word/2/有毒"
         >>> 找到關鍵字 "有毒"; 文章資訊: 2020-09-29 14:37:05, 毛骨悚然泳池驚見20隻毒蜘蛛沉入水中仍可活一天, https://udn.com/news/story/6809/4897414
         >>> 找到關鍵字 "有毒"; 文章資訊: 2020-09-29 13:47:08, 毒男勾結強盜犯想逃獄竟痛毆管理員打到腦震盪, https://udn.com/news/story/7321/4897227
         <<< 2020-09-30 沒有更多 "有毒" 相關的新聞 !!! >>>
        ------------------------------------------------------
       >> 搜尋關鍵字:"有害"; 網址:"https://udn.com/search/word/2/有害"
         >>> 找到關鍵字 "有害"; 文章資訊: 2020-09-29 20:17:07, LGPuriCare口罩型空氣清淨機估Q4在台販售, https://udn.com/news/story/7240/4898299
         >>> 找到關鍵字 "有害"; 文章資訊: 2020-09-29 20:08:05, 朱立倫揪三君烤素豬肉喊話把萊豬擋門外, https://udn.com/news/story/9750/4898287
         >>> 找到關鍵字 "有害"; 文章資訊: 2020-09-29 17:05:02, 得獎人感言講太久挨轟白家綺緩頰是我也會超時, https://stars.udn.com/star/story/10091/4897869
         >>> 找到關鍵字 "有害"; 文章資訊: 2020-09-29 17:04:58, 毒害幼兒園25人大陸河南幼師判死刑, https://udn.com/news/story/7332/4897783
         >>> 找到關鍵字 "有害"; 文章資訊: 2020-09-29 16:42:55, 天天刷牙為何蛀牙還會找上門洗牙會讓牙縫變大嗎6大牙齒問題醫師替你解答, https://health.udn.com/health/story/5968/4897791
         >>> 找到關鍵字 "有害"; 文章資訊: 2020-09-29 16:29:04, 美國大選倒數強硬但有別於川普拜登中國政策須打造特色, https://udn.com/news/story/121687/4897723
         >>> 找到關鍵字 "有害"; 文章資訊: 2020-09-29 15:34:03, 影680萬人瘋看電鋸男爬高修剪樹葉網驚呼會出人命, https://udn.com/news/story/6810/4897570
         >>> 找到關鍵字 "有害"; 文章資訊: 2020-09-29 15:03:00, 臭上必比登國民小吃臭豆腐也能吃得很科學, https://udn.com/news/story/7266/4852682
         >>> 找到關鍵字 "有害"; 文章資訊: 2020-09-29 12:47:07, 兒少事件網友討公道轉照片觸法又造成被害人二度傷害, https://udn.com/news/story/7321/4897026
         <<< 2020-09-30 沒有更多 "有害" 相關的新聞 !!! >>>
        ------------------------------------------------------
       >> 搜尋關鍵字:"色料"; 網址:"https://udn.com/search/word/2/色料"
         <<< 2020-09-30 沒有更多 "色料" 相關的新聞 !!! >>>
        ------------------------------------------------------
       >> 搜尋關鍵字:"色素"; 網址:"https://udn.com/search/word/2/色素"
         >>> 找到關鍵字 "色素"; 文章資訊: 2020-09-30 00:05:00, 美白保養品可淡斑醫其實只有這個功能, https://health.udn.com/health/story/6045/4890614
         >>> 找到關鍵字 "色素"; 文章資訊: 2020-09-29 12:50:12, 小資女百元入手粉底救星媚點專科推日妞也愛粉底, https://udn.com/news/story/7270/4897029
         >>> 找到關鍵字 "色素"; 文章資訊: 2020-09-29 12:49:01, 小資女百元入手粉底救星媚點專科推日妞也愛粉底, https://style.udn.com/style/story/8080/4897029
         <<< 2020-09-30 沒有更多 "色素" 相關的新聞 !!! >>>
        ------------------------------------------------------
       >> 搜尋關鍵字:"毒性"; 網址:"https://udn.com/search/word/2/毒性"
         >>> 找到關鍵字 "毒性"; 文章資訊: 2020-09-29 17:31:06, 吸毒男37刀殺母剁頭獲判無罪最高法院今撤銷判決, https://udn.com/news/story/7315/4897937
         >>> 找到關鍵字 "毒性"; 文章資訊: 2020-09-29 16:04:00, 讓美麗珊瑚成為抗癌利器海生館摘科技部未來科技獎, https://health.udn.com/health/story/5999/4897530
         >>> 找到關鍵字 "毒性"; 文章資訊: 2020-09-29 15:01:11, 讓美麗珊瑚成為抗癌利器海生館摘科技部未來科技獎, https://udn.com/news/story/7266/4897530
         <<< 2020-09-30 沒有更多 "毒性" 相關的新聞 !!! >>>
        ------------------------------------------------------
       >> 搜尋關鍵字:"毒品"; 網址:"https://udn.com/search/word/2/毒品"
         >>> 找到關鍵字 "毒品"; 文章資訊: 2020-09-30 00:30:04, 吸毒弒母判無罪11天火速發回, https://udn.com/news/story/7315/4899090
         >>> 找到關鍵字 "毒品"; 文章資訊: 2020-09-29 20:53:06, 中秋前夕北市萬華警分局加強宣導反毒詐, https://udn.com/news/story/7323/4898369
         >>> 找到關鍵字 "毒品"; 文章資訊: 2020-09-29 17:31:06, 吸毒男37刀殺母剁頭獲判無罪最高法院今撤銷判決, https://udn.com/news/story/7315/4897937
         >>> 找到關鍵字 "毒品"; 文章資訊: 2020-09-29 16:51:19, 月圓人團圓警友會站長林福昌送溫暖, https://udn.com/news/story/7323/4897826
         >>> 找到關鍵字 "毒品"; 文章資訊: 2020-09-29 16:42:07, 男子網路自學種大麻住家改成大麻園遭警逮捕, https://udn.com/news/story/7315/4897781
         >>> 找到關鍵字 "毒品"; 文章資訊: 2020-09-29 15:53:36, 男倉儲員網路自學種大麻刑事局逮捕送辦, https://udn.com/news/story/7315/4897646
         >>> 找到關鍵字 "毒品"; 文章資訊: 2020-09-29 13:47:08, 毒男勾結強盜犯想逃獄竟痛毆管理員打到腦震盪, https://udn.com/news/story/7321/4897227
         >>> 找到關鍵字 "毒品"; 文章資訊: 2020-09-29 13:07:10, 中秋節前加強反毒防詐檢警攜手治安宣導, https://udn.com/news/story/7323/4897008
         >>> 找到關鍵字 "毒品"; 文章資訊: 2020-09-29 12:47:07, 兒少事件網友討公道轉照片觸法又造成被害人二度傷害, https://udn.com/news/story/7321/4897026
         >>> 找到關鍵字 "毒品"; 文章資訊: 2020-09-29 10:34:39, 毒品查緝淪作秀求績效是被民粹牽鼻子走, https://udn.com/news/story/7321/4896618
         <<< 2020-09-30 沒有更多 "毒品" 相關的新聞 !!! >>>
        ------------------------------------------------------
       >> 搜尋關鍵字:"致癌"; 網址:"https://udn.com/search/word/2/致癌"
         >>> 找到關鍵字 "致癌"; 文章資訊: 2020-09-29 23:17:06, 吃完烤肉腹瀉不想烙賽遵守4原則, https://udn.com/news/story/7266/4898649
         >>> 找到關鍵字 "致癌"; 文章資訊: 2020-09-29 17:28:00, 中秋飲食危機四伏五大NG元素淺嚐即止, https://health.udn.com/health/story/6037/4897825
         >>> 找到關鍵字 "致癌"; 文章資訊: 2020-09-29 16:51:13, 中秋飲食危機四伏五大NG元素淺嚐即止, https://udn.com/news/story/7266/4897825
         >>> 找到關鍵字 "致癌"; 文章資訊: 2020-09-29 14:36:17, 花錢就行湖南檳榔企業獲創新獎網傻眼致癌卻得獎, https://udn.com/news/story/7335/4897352
         <<< 2020-09-30 沒有更多 "致癌" 相關的新聞 !!! >>>
        ------------------------------------------------------
       >> 搜尋關鍵字:"重金屬"; 網址:"https://udn.com/search/word/2/重金屬"
         >>> 找到關鍵字 "重金屬"; 文章資訊: 2020-09-29 18:27:08, 彰化秀傳中醫部搬新家新添設備還開多元特色門診, https://udn.com/news/story/7266/4898114
         >>> 找到關鍵字 "重金屬"; 文章資訊: 2020-09-29 18:17:00, 基隆抽驗中秋食品165件1豆干殘留殺菌劑下架, https://health.udn.com/health/story/6010/4897899
         >>> 找到關鍵字 "重金屬"; 文章資訊: 2020-09-29 17:16:09, 基隆抽驗中秋食品165件1豆干殘留殺菌劑下架, https://udn.com/news/story/7266/4897899
         >>> 找到關鍵字 "重金屬"; 文章資訊: 2020-09-29 14:31:15, 馬祖淡菜堆滿航廈產值可望再創新高6000萬, https://udn.com/news/story/7327/4897388
         <<< 2020-09-30 沒有更多 "重金屬" 相關的新聞 !!! >>>
        ------------------------------------------------------
       >> 搜尋關鍵字:"食安"; 網址:"https://udn.com/search/word/2/食安"
         >>> 找到關鍵字 "食安"; 文章資訊: 2020-09-30 05:50:00, 食安會報都懶得開蘇貞昌這樣把關萊豬, https://udn.com/news/story/120987/4899148
         >>> 找到關鍵字 "食安"; 文章資訊: 2020-09-30 05:50:00, 總編News開箱食安會報都懶得開蘇貞昌這樣把關萊豬, https://udn.com/news/story/6656/4899194
         >>> 找到關鍵字 "食安"; 文章資訊: 2020-09-30 00:44:10, 蕉價崩盤卻只顧推銷美豬國民黨轟陳吉仲不做正事, https://udn.com/news/story/6656/4899093
         >>> 找到關鍵字 "食安"; 文章資訊: 2020-09-30 00:38:54, 確實很久沒開會食安委員都在等通知, https://udn.com/news/story/6656/4899083
         >>> 找到關鍵字 "食安"; 文章資訊: 2020-09-30 00:34:29, 新聞眼萊豬政策突襲食安會報停開放水, https://udn.com/news/story/9750/4899063
         >>> 找到關鍵字 "食安"; 文章資訊: 2020-09-30 00:06:19, 食安會報停擺一年江啟臣連四問蘇揆語塞, https://udn.com/news/story/6656/4899044
         >>> 找到關鍵字 "食安"; 文章資訊: 2020-09-29 23:28:11, 宣導短片負評如潮勞動部中彰投分署急下架, https://udn.com/news/story/7325/4898522
         >>> 找到關鍵字 "食安"; 文章資訊: 2020-09-29 23:16:36, 瘦肉精檢出台東擬至少罰3萬, https://udn.com/news/story/9750/4898727
         >>> 找到關鍵字 "食安"; 文章資訊: 2020-09-29 22:05:23, 農田水利署10月1日揭牌17名管理處長同時布達, https://udn.com/news/story/7314/4898472
         >>> 找到關鍵字 "食安"; 文章資訊: 2020-09-29 20:08:05, 朱立倫揪三君烤素豬肉喊話把萊豬擋門外, https://udn.com/news/story/9750/4898287
         >>> 找到關鍵字 "食安"; 文章資訊: 2020-09-29 19:42:05, 食安會報想開再開國民黨批蘇貞昌職權凌駕法律, https://udn.com/news/story/6656/4898240
         >>> 找到關鍵字 "食安"; 文章資訊: 2020-09-29 18:11:04, 未召開行政院層級食安會報蘇貞昌一度語塞, https://udn.com/news/story/6656/4898077
         >>> 找到關鍵字 "食安"; 文章資訊: 2020-09-29 17:32:04, 重磅快評吳音寧的質譜儀與柯文哲的2024, https://udn.com/news/story/6656/4897938
         >>> 找到關鍵字 "食安"; 文章資訊: 2020-09-29 17:31:06, 吸毒男37刀殺母剁頭獲判無罪最高法院今撤銷判決, https://udn.com/news/story/7315/4897937
         >>> 找到關鍵字 "食安"; 文章資訊: 2020-09-29 16:49:04, 食安會報都沒開行政院食安辦3個月開2次會, https://udn.com/news/story/6656/4897817
         >>> 找到關鍵字 "食安"; 文章資訊: 2020-09-29 16:30:11, 蘋果西打擁新店萬坪土地大飲未來不排除開發住宅, https://udn.com/news/story/7241/4897739
         >>> 找到關鍵字 "食安"; 文章資訊: 2020-09-29 15:55:00, 國內腹瀉疫情上升不想烙賽變中秋烤肉結尾記下這些事, https://health.udn.com/health/story/5976/4897508
         >>> 找到關鍵字 "食安"; 文章資訊: 2020-09-29 15:49:04, 江啟臣狂問食安會報開了沒蘇貞昌一度卡詞, https://udn.com/news/story/6656/4897656
         >>> 找到關鍵字 "食安"; 文章資訊: 2020-09-29 15:45:12, 人氣餐廳9家不合格瓦城原料逾期壽司郎菌超標, https://udn.com/news/story/7266/4897642
         >>> 找到關鍵字 "食安"; 文章資訊: 2020-09-29 15:45:05, 2022藍白合作柯文哲說要請蔣萬安吃飯, https://udn.com/news/story/6656/4897636
        ------------------------------------------------------
       >> 搜尋關鍵字:"香料"; 網址:"https://udn.com/search/word/2/香料"
         >>> 找到關鍵字 "香料"; 文章資訊: 2020-09-29 15:00:00, 別再惡性節食減肥了營養師趙函穎分享健康減醣飲食秘訣及外食菜單, https://style.udn.com/style/story/8090/4892005
         >>> 找到關鍵字 "香料"; 文章資訊: 2020-09-29 12:08:08, 台南善化農會新開發黑芝麻五穀飲主打自然健康即食, https://udn.com/news/story/7266/4896940
         <<< 2020-09-30 沒有更多 "香料" 相關的新聞 !!! >>>
        ------------------------------------------------------
       >> 搜尋關鍵字:"原料"; 網址:"https://udn.com/search/word/2/原料"
         >>> 找到關鍵字 "原料"; 文章資訊: 2020-09-30 01:04:37, 台北紡織展聚焦五亮點, https://udn.com/news/story/7241/4898911
         >>> 找到關鍵字 "原料"; 文章資訊: 2020-09-30 01:04:35, 遠東新參加紡織展規劃雙主題, https://udn.com/news/story/7241/4898919
         >>> 找到關鍵字 "原料"; 文章資訊: 2020-09-30 00:36:50, 中化生上月每股純益011元, https://udn.com/news/story/7252/4898256
         >>> 找到關鍵字 "原料"; 文章資訊: 2020-09-29 18:17:00, 基隆抽驗中秋食品165件1豆干殘留殺菌劑下架, https://health.udn.com/health/story/6010/4897899
         >>> 找到關鍵字 "原料"; 文章資訊: 2020-09-29 17:31:07, 創鑫智慧偉翔生技及亞立田獲准進駐竹科, https://udn.com/news/story/7240/4897935
         >>> 找到關鍵字 "原料"; 文章資訊: 2020-09-29 17:16:09, 基隆抽驗中秋食品165件1豆干殘留殺菌劑下架, https://udn.com/news/story/7266/4897899
         >>> 找到關鍵字 "原料"; 文章資訊: 2020-09-29 16:46:00, 人氣餐廳9家不合格瓦城原料逾期壽司郎菌超標, https://health.udn.com/health/story/6010/4897642
         >>> 找到關鍵字 "原料"; 文章資訊: 2020-09-29 15:45:12, 人氣餐廳9家不合格瓦城原料逾期壽司郎菌超標, https://udn.com/news/story/7266/4897642
         >>> 找到關鍵字 "原料"; 文章資訊: 2020-09-29 15:03:00, 臭上必比登國民小吃臭豆腐也能吃得很科學, https://udn.com/news/story/7266/4852682
         >>> 找到關鍵字 "原料"; 文章資訊: 2020-09-29 14:49:06, 胡正隆遠東新廢棄寶特瓶回收產製技術已是業界台積電, https://udn.com/news/story/7240/4897479
         >>> 找到關鍵字 "原料"; 文章資訊: 2020-09-29 13:46:16, 100廣島風櫻尾琴酒2020版限量發行, https://udn.com/news/story/7270/4897229
         >>> 找到關鍵字 "原料"; 文章資訊: 2020-09-29 13:46:03, 100廣島風櫻尾琴酒2020版限量發行, https://style.udn.com/style/story/11350/4897229
         >>> 找到關鍵字 "原料"; 文章資訊: 2020-09-29 13:20:08, 8月製造業景氣燈號終結連五藍轉為黃藍燈, https://udn.com/news/story/7238/4897140
         >>> 找到關鍵字 "原料"; 文章資訊: 2020-09-29 13:09:09, 影拒萊豬強進口主婦聯盟台中上演行動劇發聲, https://udn.com/news/story/9750/4897110
         >>> 找到關鍵字 "原料"; 文章資訊: 2020-09-29 12:48:56, 中秋烤肉求醃醬配方超前部署內行人加這一味口感立即升級, https://udn.com/news/story/7266/4896872
         >>> 找到關鍵字 "原料"; 文章資訊: 2020-09-29 11:23:07, 八方雲集為何躍觀光股王法人曝二關鍵比對手想更多, https://udn.com/news/story/7254/4896771
         >>> 找到關鍵字 "原料"; 文章資訊: 2020-09-29 10:52:07, 8月製造業景氣回升燈號由藍燈轉黃藍燈, https://udn.com/news/story/7238/4896658
         >>> 找到關鍵字 "原料"; 文章資訊: 2020-09-29 10:08:07, 浩鼎併購授權齊發擬入股代工廠拿下潤雅67股權, https://udn.com/news/story/7241/4896463
         >>> 找到關鍵字 "原料"; 文章資訊: 2020-09-29 08:16:09, 營養午餐明年8月才換約新北議員憂用萊豬無法可罰, https://udn.com/news/story/6885/4896391
         <<< 2020-09-30 沒有更多 "原料" 相關的新聞 !!! >>>
        ------------------------------------------------------
       >> 搜尋關鍵字:"氣爆"; 網址:"https://udn.com/search/word/2/氣爆"
         >>> 找到關鍵字 "氣爆"; 文章資訊: 2020-09-30 00:33:58, 早上萌死意被阻晚上氣爆命危, https://udn.com/news/story/7320/4899070
         >>> 找到關鍵字 "氣爆"; 文章資訊: 2020-09-29 22:33:08, 影嘉義氣爆案男燒傷70命危曾傳激烈爭吵, https://udn.com/news/story/7315/4898625
         >>> 找到關鍵字 "氣爆"; 文章資訊: 2020-09-29 22:26:07, 影以為對岸打過來了嘉義宏都氣爆居民嚇壞了, https://udn.com/news/story/7315/4898594
         >>> 找到關鍵字 "氣爆"; 文章資訊: 2020-09-29 21:37:54, 影嘉義宏都氣爆火警42歲男受傷送醫, https://udn.com/news/story/7315/4898466
         >>> 找到關鍵字 "氣爆"; 文章資訊: 2020-09-29 21:08:07, 影嘉義市宏都大樓發生嚴重氣爆火警事故原因待釐清, https://udn.com/news/story/7315/4898392
         <<< 2020-09-30 沒有更多 "氣爆" 相關的新聞 !!! >>>
        ------------------------------------------------------
       >> 搜尋關鍵字:"添加物"; 網址:"https://udn.com/search/word/2/添加物"
         >>> 找到關鍵字 "添加物"; 文章資訊: 2020-09-29 18:17:00, 基隆抽驗中秋食品165件1豆干殘留殺菌劑下架, https://health.udn.com/health/story/6010/4897899
         >>> 找到關鍵字 "添加物"; 文章資訊: 2020-09-29 17:16:09, 基隆抽驗中秋食品165件1豆干殘留殺菌劑下架, https://udn.com/news/story/7266/4897899
         >>> 找到關鍵字 "添加物"; 文章資訊: 2020-09-29 16:45:10, 減糖少鈉低碘桑香鬆取代肉鬆拌飯入壽司, https://udn.com/news/story/7266/4897794
         >>> 找到關鍵字 "添加物"; 文章資訊: 2020-09-29 14:06:13, 秋節前台南聯合食品業稽查超過8成初檢不合格, https://udn.com/news/story/7323/4897305
         >>> 找到關鍵字 "添加物"; 文章資訊: 2020-09-29 12:54:13, 台南中秋食品聯合稽查初查不合格率近9成已改善, https://udn.com/news/story/7326/4897025
         <<< 2020-09-30 沒有更多 "添加物" 相關的新聞 !!! >>>
        ------------------------------------------------------
       >> 搜尋關鍵字:"黑心"; 網址:"https://udn.com/search/word/2/黑心"
         >>> 找到關鍵字 "黑心"; 文章資訊: 2020-09-30 00:00:00, 送愛出國美德全球罩送防疫物資訂購無上限全世界寄送, https://udn.com/news/story/7266/4895328
         <<< 2020-09-30 沒有更多 "黑心" 相關的新聞 !!! >>>
        ------------------------------------------------------
       >> 搜尋關鍵字:"漂白"; 網址:"https://udn.com/search/word/2/漂白"
         >>> 找到關鍵字 "漂白"; 文章資訊: 2020-09-29 18:17:00, 基隆抽驗中秋食品165件1豆干殘留殺菌劑下架, https://health.udn.com/health/story/6010/4897899
         >>> 找到關鍵字 "漂白"; 文章資訊: 2020-09-29 17:16:09, 基隆抽驗中秋食品165件1豆干殘留殺菌劑下架, https://udn.com/news/story/7266/4897899
         <<< 2020-09-30 沒有更多 "漂白" 相關的新聞 !!! >>>
        ------------------------------------------------------
       >> 搜尋關鍵字:"爆炸"; 網址:"https://udn.com/search/word/2/爆炸"
         >>> 找到關鍵字 "爆炸"; 文章資訊: 2020-09-30 02:48:08, 槽罐車撞國道匝道氣體槽爆炸起火一死, https://udn.com/news/story/7320/4899177
         >>> 找到關鍵字 "爆炸"; 文章資訊: 2020-09-30 01:51:07, 國道彰化系統交流道槽車墜落爆炸起火司機當場死亡, https://udn.com/news/story/7320/4899159
         >>> 找到關鍵字 "爆炸"; 文章資訊: 2020-09-30 00:36:49, 成功雞湯打開金錢通路的祕訣, https://udn.com/news/story/7241/4898752
         >>> 找到關鍵字 "爆炸"; 文章資訊: 2020-09-30 00:33:58, 早上萌死意被阻晚上氣爆命危, https://udn.com/news/story/7320/4899070
         >>> 找到關鍵字 "爆炸"; 文章資訊: 2020-09-29 22:26:07, 影以為對岸打過來了嘉義宏都氣爆居民嚇壞了, https://udn.com/news/story/7315/4898594
         >>> 找到關鍵字 "爆炸"; 文章資訊: 2020-09-29 21:37:54, 影嘉義宏都氣爆火警42歲男受傷送醫, https://udn.com/news/story/7315/4898466
         >>> 找到關鍵字 "爆炸"; 文章資訊: 2020-09-29 21:08:07, 影嘉義市宏都大樓發生嚴重氣爆火警事故原因待釐清, https://udn.com/news/story/7315/4898392
         >>> 找到關鍵字 "爆炸"; 文章資訊: 2020-09-29 18:38:02, 震震有詞收視創新高謝震武歸功善有善報, https://stars.udn.com/star/story/10091/4898138
         >>> 找到關鍵字 "爆炸"; 文章資訊: 2020-09-29 13:36:07, 澎湖東吉鋤頭嶼發現二戰遺留未爆水雷澎防部現地爆燬, https://udn.com/news/story/7315/4897187
         >>> 找到關鍵字 "爆炸"; 文章資訊: 2020-09-29 11:05:56, 國民黨擬提避戰公決案目的到底是避戰還是促戰, https://udn.com/umedia/story/12755/4896722
         >>> 找到關鍵字 "爆炸"; 文章資訊: 2020-09-29 07:00:00, 日本隊終結者都被拔悍將牛棚也可考慮調整, https://udn.com/news/story/7001/4895256
         <<< 2020-09-30 沒有更多 "爆炸" 相關的新聞 !!! >>>
        ------------------------------------------------------
       >> 搜尋關鍵字:"新興"; 網址:"https://udn.com/search/word/2/新興"
         >>> 找到關鍵字 "新興"; 文章資訊: 2020-09-30 02:02:14, 廣東20戰略產業集群計畫出爐, https://udn.com/news/story/7333/4898677
         >>> 找到關鍵字 "新興"; 文章資訊: 2020-09-30 00:47:07, 高雄透天厝暗夜火警延燒4戶幸無人傷, https://udn.com/news/story/7320/4899142
         >>> 找到關鍵字 "新興"; 文章資訊: 2020-09-30 00:36:49, 大飲買關係企業三筆地, https://udn.com/news/story/7252/4898259
         >>> 找到關鍵字 "新興"; 文章資訊: 2020-09-30 00:22:48, 名人Talks分布式金融的流動性盛筵, https://udn.com/news/story/7239/4899039
         >>> 找到關鍵字 "新興"; 文章資訊: 2020-09-29 23:07:07, 12500點關前震盪高現金價值概念股可攻可守, https://udn.com/news/story/7239/4898797
         >>> 找到關鍵字 "新興"; 文章資訊: 2020-09-29 22:33:14, 中秋連假出遊雲嘉南多項交通便民措施, https://udn.com/news/story/7326/4898620
         >>> 找到關鍵字 "新興"; 文章資訊: 2020-09-29 21:50:03, 第4季投資趨勢美大型股全球債布局重心, https://fund.udn.com/fund/story/5858/4898482
         >>> 找到關鍵字 "新興"; 文章資訊: 2020-09-29 20:19:07, 日股逆勢漲東歐跌最慘, https://fund.udn.com/fund/story/5857/4898317
         >>> 找到關鍵字 "新興"; 文章資訊: 2020-09-29 18:59:04, 法官迴避被駁黨產會法院合理化法官釋憲動機, https://udn.com/news/story/6656/4898176
         >>> 找到關鍵字 "新興"; 文章資訊: 2020-09-29 13:20:08, 8月製造業景氣燈號終結連五藍轉為黃藍燈, https://udn.com/news/story/7238/4897140
         >>> 找到關鍵字 "新興"; 文章資訊: 2020-09-29 11:24:13, 兼職賣讚日本新興行業開IG分身假帳戶按讚可月入10萬, https://udn.com/news/story/7088/4896617
         >>> 找到關鍵字 "新興"; 文章資訊: 2020-09-29 10:52:07, 8月製造業景氣回升燈號由藍燈轉黃藍燈, https://udn.com/news/story/7238/4896658
         >>> 找到關鍵字 "新興"; 文章資訊: 2020-09-29 10:24:10, 連假桃園八德有交管2條不塞車路線, https://udn.com/news/story/7266/4896590
         >>> 找到關鍵字 "新興"; 文章資訊: 2020-09-29 09:13:07, 權值股點火台股早盤漲近百點, https://udn.com/news/story/7251/4896441
         >>> 找到關鍵字 "新興"; 文章資訊: 2020-09-29 08:27:07, 對疫情擔憂再起多數股市資金淨流出, https://udn.com/news/story/7238/4896398
         >>> 找到關鍵字 "新興"; 文章資訊: 2020-09-29 08:24:11, 歐美疫情似有升溫之勢風險債市呈壓, https://udn.com/news/story/7238/4896396
         <<< 2020-09-30 沒有更多 "新興" 相關的新聞 !!! >>>
        ------------------------------------------------------
       >> 搜尋關鍵字:"爆裂物"; 網址:"https://udn.com/search/word/2/爆裂物"
         >>> 找到關鍵字 "爆裂物"; 文章資訊: 2020-09-29 10:58:08, 中和警屏息拆爆裂物誓言找出詐彈客, https://udn.com/news/story/7320/4896681
         <<< 2020-09-30 沒有更多 "爆裂物" 相關的新聞 !!! >>>
        ------------------------------------------------------
       >> 搜尋關鍵字:"IED"; 網址:"https://udn.com/search/word/2/IED"
         <<< 2020-09-30 沒有更多 "IED" 相關的新聞 !!! >>>
        ------------------------------------------------------
       >> 搜尋關鍵字:"排放"; 網址:"https://udn.com/search/word/2/排放"
         >>> 找到關鍵字 "排放"; 文章資訊: 2020-09-30 02:02:14, 660MW迴圈流化床鍋爐投運, https://udn.com/news/story/7333/4898648
         >>> 找到關鍵字 "排放"; 文章資訊: 2020-09-29 20:24:54, 東京最高木造辦公大樓預計2025年完工, https://udn.com/news/story/6812/4898296
         >>> 找到關鍵字 "排放"; 文章資訊: 2020-09-29 17:36:08, 台中電廠減煤減排4010月起自主擴大減煤, https://udn.com/news/story/7238/4897955
         >>> 找到關鍵字 "排放"; 文章資訊: 2020-09-29 17:07:58, 中火擴大自主減煤10月起進入減煤減排40時代, https://udn.com/news/story/7238/4897875
         >>> 找到關鍵字 "排放"; 文章資訊: 2020-09-29 16:33:10, 相思木沙發嬰兒浴缸來木作生活節看國產材創意, https://udn.com/news/story/7270/4897752
         >>> 找到關鍵字 "排放"; 文章資訊: 2020-09-29 16:01:02, 吳宗蓉當綠能遇上濕地衝突中協商環社檢核的倡議哲學, https://opinion.udn.com/opinion/story/11870/4897692
         >>> 找到關鍵字 "排放"; 文章資訊: 2020-09-29 15:18:43, 排放資訊造假飛雅特克萊斯勒付278億, https://udn.com/news/story/6811/4897253
         <<< 2020-09-30 沒有更多 "排放" 相關的新聞 !!! >>>
        ------------------------------------------------------
       >> 搜尋關鍵字:"污染"; 網址:"https://udn.com/search/word/2/污染"
         >>> 找到關鍵字 "污染"; 文章資訊: 2020-09-29 22:05:23, 農田水利署10月1日揭牌17名管理處長同時布達, https://udn.com/news/story/7314/4898472
         >>> 找到關鍵字 "污染"; 文章資訊: 2020-09-29 19:58:13, 科學園區10件投資案獲准總額逾23億元, https://udn.com/news/story/7240/4898250
         >>> 找到關鍵字 "污染"; 文章資訊: 2020-09-29 19:50:03, 人類染食腦蟲全球僅百例台灣曾有個案泡湯感染, https://health.udn.com/health/story/5961/4898201
         >>> 找到關鍵字 "污染"; 文章資訊: 2020-09-29 19:21:10, 人類染食腦蟲全球僅百例台灣曾有個案泡湯感染, https://udn.com/news/story/7266/4898201
         >>> 找到關鍵字 "污染"; 文章資訊: 2020-09-29 16:47:07, 台北紡織展將登場聚焦複合機能個人防護紡織品, https://udn.com/news/story/7241/4897815
         >>> 找到關鍵字 "污染"; 文章資訊: 2020-09-29 15:55:00, 國內腹瀉疫情上升不想烙賽變中秋烤肉結尾記下這些事, https://health.udn.com/health/story/5976/4897508
         >>> 找到關鍵字 "污染"; 文章資訊: 2020-09-29 14:56:09, 國內腹瀉疫情上升不想烙賽變中秋烤肉結尾記下這些事, https://udn.com/news/story/7266/4897508
         <<< 2020-09-30 沒有更多 "污染" 相關的新聞 !!! >>>
        ------------------------------------------------------
       >> 搜尋關鍵字:"廢水"; 網址:"https://udn.com/search/word/2/廢水"
         >>> 找到關鍵字 "廢水"; 文章資訊: 2020-09-29 14:49:06, 胡正隆遠東新廢棄寶特瓶回收產製技術已是業界台積電, https://udn.com/news/story/7240/4897479
         >>> 找到關鍵字 "廢水"; 文章資訊: 2020-09-29 14:35:15, 台灣豬不怕低價美豬打品牌戰壯大國內市占, https://udn.com/news/story/120884/4896976
         <<< 2020-09-30 沒有更多 "廢水" 相關的新聞 !!! >>>
        ------------------------------------------------------
       >> 搜尋關鍵字:"污水"; 網址:"https://udn.com/search/word/2/污水"
         >>> 找到關鍵字 "污水"; 文章資訊: 2020-09-29 19:50:03, 人類染食腦蟲全球僅百例台灣曾有個案泡湯感染, https://health.udn.com/health/story/5961/4898201
         >>> 找到關鍵字 "污水"; 文章資訊: 2020-09-29 19:21:10, 人類染食腦蟲全球僅百例台灣曾有個案泡湯感染, https://udn.com/news/story/7266/4898201
         <<< 2020-09-30 沒有更多 "污水" 相關的新聞 !!! >>>
        ------------------------------------------------------
       >> 搜尋關鍵字:"洩漏"; 網址:"https://udn.com/search/word/2/洩漏"
         >>> 找到關鍵字 "洩漏"; 文章資訊: 2020-09-29 14:43:07, 菊朝人馬李穆生涉洩密不服考績吃丙怒槓高市府, https://udn.com/news/story/7321/4897454
         >>> 找到關鍵字 "洩漏"; 文章資訊: 2020-09-29 11:41:08, 中秋國慶連假出遊車輛記得先檢查保養避免火燒車, https://udn.com/news/story/7266/4896830
         <<< 2020-09-30 沒有更多 "洩漏" 相關的新聞 !!! >>>
        ------------------------------------------------------
       >> 搜尋關鍵字:"暗管"; 網址:"https://udn.com/search/word/2/暗管"
         <<< 2020-09-30 沒有更多 "暗管" 相關的新聞 !!! >>>
        ------------------------------------------------------
       >> 搜尋關鍵字:"偷排"; 網址:"https://udn.com/search/word/2/偷排"
         <<< 2020-09-30 沒有更多 "偷排" 相關的新聞 !!! >>>
        ------------------------------------------------------
       >> 搜尋關鍵字:"安全"; 網址:"https://udn.com/search/word/2/安全"
         >>> 找到關鍵字 "安全"; 文章資訊: 2020-09-30 07:38:11, 布袋海之秋來去高跟鞋教堂附近潟湖划獨木舟體驗, https://udn.com/news/story/7326/4899264
         >>> 找到關鍵字 "安全"; 文章資訊: 2020-09-30 06:00:03, 青春名人堂夏夏衛生紙, https://udn.com/news/story/12663/4885884
         >>> 找到關鍵字 "安全"; 文章資訊: 2020-09-30 06:00:02, 滅絕與重生網路徵文優勝作秀子古老的藍血居民, https://udn.com/news/story/12663/4885876
         >>> 找到關鍵字 "安全"; 文章資訊: 2020-09-30 05:50:00, 食安會報都懶得開蘇貞昌這樣把關萊豬, https://udn.com/news/story/120987/4899148
         >>> 找到關鍵字 "安全"; 文章資訊: 2020-09-30 02:36:00, 低利率疫情苦了退休族, https://udn.com/news/story/6811/4898857
         >>> 找到關鍵字 "安全"; 文章資訊: 2020-09-30 02:30:00, 經濟日報社論加入經濟繁榮網路要做好功課, https://udn.com/news/story/7338/4899015
         >>> 找到關鍵字 "安全"; 文章資訊: 2020-09-30 02:02:14, 廣東20戰略產業集群計畫出爐, https://udn.com/news/story/7333/4898677
         >>> 找到關鍵字 "安全"; 文章資訊: 2020-09-30 01:31:00, 拜登川普對陸強硬立場一致, https://udn.com/news/story/121687/4899037
         >>> 找到關鍵字 "安全"; 文章資訊: 2020-09-30 01:09:33, 南韓防疫出包暴露個資掀霸凌政府終於學乖了, https://udn.com/news/story/120883/4899008
         >>> 找到關鍵字 "安全"; 文章資訊: 2020-09-30 01:07:24, 強在生鮮農委會推國產雞肉冷凍效期挨批本末倒置, https://udn.com/news/story/6656/4899112
         >>> 找到關鍵字 "安全"; 文章資訊: 2020-09-30 01:04:34, Google對APP抽佣台灣業者影響有限, https://udn.com/news/story/7240/4898923
         >>> 找到關鍵字 "安全"; 文章資訊: 2020-09-30 01:04:32, 英特爾攜八台廠攻邊緣運算, https://udn.com/news/story/7240/4899000
         >>> 找到關鍵字 "安全"; 文章資訊: 2020-09-30 01:04:01, 新聞眼改回徵兵對國家防衛不安, https://udn.com/news/story/10930/4899098
         >>> 找到關鍵字 "安全"; 文章資訊: 2020-09-30 00:59:06, 女性當兵國防部會再評估, https://udn.com/news/story/10930/4899085
         >>> 找到關鍵字 "安全"; 文章資訊: 2020-09-30 00:55:58, 2共機擾西南空域我追監, https://udn.com/news/story/10930/4899067
         >>> 找到關鍵字 "安全"; 文章資訊: 2020-09-30 00:54:25, 嚴德發共軍暫無武力犯台徵兆, https://udn.com/news/story/10930/4899065
         >>> 找到關鍵字 "安全"; 文章資訊: 2020-09-30 00:34:51, 港警阻十一遊行搶先逮捕3人, https://udn.com/news/story/7331/4899130
         >>> 找到關鍵字 "安全"; 文章資訊: 2020-09-30 00:34:29, 新聞眼萊豬政策突襲食安會報停開放水, https://udn.com/news/story/9750/4899063
         >>> 找到關鍵字 "安全"; 文章資訊: 2020-09-30 00:21:06, 憂台灣成下一目標美國安顧問促以實力帶來和平, https://udn.com/news/story/6813/4898829
         >>> 找到關鍵字 "安全"; 文章資訊: 2020-09-30 00:20:09, 慎防川普一記回馬槍拜登密集備戰大選首場辯論, https://udn.com/news/story/6813/4898990
        ------------------------------------------------------
       >> 搜尋關鍵字:"槽車"; 網址:"https://udn.com/search/word/2/槽車"
         >>> 找到關鍵字 "槽車"; 文章資訊: 2020-09-30 01:52:08, 轟一聲氫氣槽車從國道衝橋下疑司機摔落當場死亡, https://udn.com/news/story/7320/4899160
         >>> 找到關鍵字 "槽車"; 文章資訊: 2020-09-30 01:51:07, 國道彰化系統交流道槽車墜落爆炸起火司機當場死亡, https://udn.com/news/story/7320/4899159
         <<< 2020-09-30 沒有更多 "槽車" 相關的新聞 !!! >>>
       >> 檔案輸出
        ------------------------------------------------------
      >> 下載新聞內容
      >> 下載 https://udn.com/news/story/7321/4898226, 被控使用工業用鹽製造瓜子台南業者推老父接洽不知情
      >> 下載 https://udn.com/news/story/7333/4898976, 華為青浦研發中心開工
      >> 下載 https://udn.com/news/story/7339/4898897, 當高歌自由蓋過我的祖國
      >> 下載 https://udn.com/news/story/7326/4898535, 日治轉車台分割暫存引爆不滿
      >> 下載 https://udn.com/news/story/6656/4898222, 落實韋德齊訪台成果台捷大學合作50名捷克華語獎學金
      >> 下載 https://udn.com/news/story/7326/4897521, 南鐵地下化清領日治遺跡局部異地保存視情況復原
      >> 下載 https://udn.com/news/story/7266/4897010, 南鐵東移案剩兩抗爭戶交通部前崩潰大哭怕家沒了
      >> 下載 https://udn.com/news/story/7326/4896752, 獨台南站北側百年轉車台將拆成28塊文史人士劊子手
      >> 下載 https://udn.com/news/story/121690/4863613, 108課綱專訪中崙高中李怡青胡修銘投入有興趣的選修課當你嘗試了就更往前一步
      >> 下載 https://udn.com/news/story/7239/4898813, 南山防癌險保單升級
      >> 下載 https://udn.com/news/story/7324/4898782, 竹縣擬設客英雙語學校
      >> 下載 https://udn.com/news/story/7266/4898669, 莫非定律愈擔心復發乳癌愈易復發
      >> 下載 https://udn.com/news/story/7327/4898732, 高雄地下車站空汙年底柴油車減班
      >> 下載 https://udn.com/news/story/7240/4898250, 科學園區10件投資案獲准總額逾23億元
      >> 下載 https://health.udn.com/health/story/6029/4897820, 她45歲確診早期乳癌怕復發喪命醫師面前失控崩潰大哭
      >> 下載 https://udn.com/news/story/7327/4898045, 改善高雄鐵路地下化空汙台鐵降柴油列車清洗10站軌道
      >> 下載 https://udn.com/news/story/7324/4897975, 竹縣推廣客語生活化爭取設置客英雙語學校
      >> 下載 https://udn.com/news/story/6656/4897938, 重磅快評吳音寧的質譜儀與柯文哲的2024
      >> 下載 https://udn.com/news/story/7266/4897820, 她45歲確診早期乳癌怕復發喪命醫師面前失控崩潰大哭
      >> 下載 https://health.udn.com/health/story/5999/4897530, 讓美麗珊瑚成為抗癌利器海生館摘科技部未來科技獎
      >> 下載 https://udn.com/news/story/7266/4897530, 讓美麗珊瑚成為抗癌利器海生館摘科技部未來科技獎
      >> 下載 https://udn.com/news/story/7240/4897479, 胡正隆遠東新廢棄寶特瓶回收產製技術已是業界台積電
      >> 下載 https://udn.com/news/story/6656/4897247, 影遭疑收割吳音寧北農質譜儀當政績柯直嘆氣未回應
      >> 下載 https://udn.com/news/story/7240/4897238, 諾貝爾獎得主惠廷翰鋰電池未來5到10年仍有優勢
      >> 下載 https://udn.com/news/story/6812/4896569, 英國最年輕腸癌患者18歲少女老師夢碎確診半年內離世
      >> 下載 https://style.udn.com/style/story/8065/4896679, BLACKPINK新專輯公開驚見超大咖繼杜娃黎波女神卡卡賽琳娜戈梅茲後合作歌手竟是她
      >> 下載 https://udn.com/news/story/7241/4896463, 浩鼎併購授權齊發擬入股代工廠拿下潤雅67股權
      >> 下載 https://udn.com/news/story/7321/4896501, 牛樟芝詐3億疑案檢2度聲押嫌仍交保
      >> 下載 https://health.udn.com/health/story/6037/4896454, 咖啡可能增加壞膽固醇歐洲心臟病學會教你最安全喝咖啡方式
      >> 下載 https://udn.com/news/story/6813/4899248, 加州通過Kobe法案禁止事故死者照片外流
      >> 下載 https://udn.com/news/story/120883/4899008, 南韓防疫出包暴露個資掀霸凌政府終於學乖了
      >> 下載 https://udn.com/news/story/7086/4897457, 頻收到LINE陌生訊息簡單設定兩步驟就能杜絕
      >> 下載 https://udn.com/news/story/7323/4898369, 中秋前夕北市萬華警分局加強宣導反毒詐
      >> 下載 https://udn.com/news/story/120884/4897762, 歐陽娜娜唱我的祖國要罰學者批比中共更專制
      >> 下載 https://udn.com/news/story/7323/4897856, 北市抽查中秋相關商品露營帳篷不合格率高
      >> 下載 https://udn.com/news/story/7332/4897783, 毒害幼兒園25人大陸河南幼師判死刑
      >> 下載 https://udn.com/news/story/7315/4897775, 影雙胞胎兒塞入洗衣機悶死狠心父親判死刑
      >> 下載 https://udn.com/news/story/7315/4897646, 男倉儲員網路自學種大麻刑事局逮捕送辦
      >> 下載 https://udn.com/news/story/7321/4897593, 對醫師揮刀辯患思覺失調症法官認無不罰及減刑要件
      >> 下載 https://udn.com/news/story/7266/4852682, 臭上必比登國民小吃臭豆腐也能吃得很科學
      >> 下載 https://udn.com/news/story/7321/4897489, 三圓董事長王光祥收2顆子彈嫌恐嚇罪判8月
      >> 下載 https://udn.com/news/story/7333/4897347, 孟晚舟再出庭控美誤導司法濫用引渡程序
      >> 下載 https://udn.com/news/story/9750/4897302, 民眾抗議反萊豬要求萊劑零檢出
      >> 下載 https://udn.com/news/story/9750/4896942, 10月中辦美豬公聽會蔣萬安擋下瘦肉精美豬進口很難
      >> 下載 https://udn.com/news/story/7320/4896681, 中和警屏息拆爆裂物誓言找出詐彈客
      >> 下載 https://udn.com/news/story/7321/4896559, 台南議員吳通龍詐領助理費台南高分院改判2年
      >> 下載 https://udn.com/news/story/7321/4896501, 牛樟芝詐3億疑案檢2度聲押嫌仍交保
      >> 下載 https://udn.com/news/story/6809/4897414, 毛骨悚然泳池驚見20隻毒蜘蛛沉入水中仍可活一天
      >> 下載 https://udn.com/news/story/7321/4897227, 毒男勾結強盜犯想逃獄竟痛毆管理員打到腦震盪
      >> 下載 https://udn.com/news/story/7240/4898299, LGPuriCare口罩型空氣清淨機估Q4在台販售
      >> 下載 https://udn.com/news/story/9750/4898287, 朱立倫揪三君烤素豬肉喊話把萊豬擋門外
      >> 下載 https://stars.udn.com/star/story/10091/4897869, 得獎人感言講太久挨轟白家綺緩頰是我也會超時
      >> 下載 https://udn.com/news/story/7332/4897783, 毒害幼兒園25人大陸河南幼師判死刑
      >> 下載 https://health.udn.com/health/story/5968/4897791, 天天刷牙為何蛀牙還會找上門洗牙會讓牙縫變大嗎6大牙齒問題醫師替你解答
      >> 下載 https://udn.com/news/story/121687/4897723, 美國大選倒數強硬但有別於川普拜登中國政策須打造特色
      >> 下載 https://udn.com/news/story/6810/4897570, 影680萬人瘋看電鋸男爬高修剪樹葉網驚呼會出人命
      >> 下載 https://udn.com/news/story/7266/4852682, 臭上必比登國民小吃臭豆腐也能吃得很科學
      >> 下載 https://udn.com/news/story/7321/4897026, 兒少事件網友討公道轉照片觸法又造成被害人二度傷害
      >> 下載 https://health.udn.com/health/story/6045/4890614, 美白保養品可淡斑醫其實只有這個功能
      >> 下載 https://udn.com/news/story/7270/4897029, 小資女百元入手粉底救星媚點專科推日妞也愛粉底
      >> 下載 https://style.udn.com/style/story/8080/4897029, 小資女百元入手粉底救星媚點專科推日妞也愛粉底
      >> 下載 https://udn.com/news/story/7315/4897937, 吸毒男37刀殺母剁頭獲判無罪最高法院今撤銷判決
      >> 下載 https://health.udn.com/health/story/5999/4897530, 讓美麗珊瑚成為抗癌利器海生館摘科技部未來科技獎
      >> 下載 https://udn.com/news/story/7266/4897530, 讓美麗珊瑚成為抗癌利器海生館摘科技部未來科技獎
      >> 下載 https://udn.com/news/story/7315/4899090, 吸毒弒母判無罪11天火速發回
      >> 下載 https://udn.com/news/story/7323/4898369, 中秋前夕北市萬華警分局加強宣導反毒詐
      >> 下載 https://udn.com/news/story/7315/4897937, 吸毒男37刀殺母剁頭獲判無罪最高法院今撤銷判決
      >> 下載 https://udn.com/news/story/7323/4897826, 月圓人團圓警友會站長林福昌送溫暖
      >> 下載 https://udn.com/news/story/7315/4897781, 男子網路自學種大麻住家改成大麻園遭警逮捕
      >> 下載 https://udn.com/news/story/7315/4897646, 男倉儲員網路自學種大麻刑事局逮捕送辦
      >> 下載 https://udn.com/news/story/7321/4897227, 毒男勾結強盜犯想逃獄竟痛毆管理員打到腦震盪
      >> 下載 https://udn.com/news/story/7323/4897008, 中秋節前加強反毒防詐檢警攜手治安宣導
      >> 下載 https://udn.com/news/story/7321/4897026, 兒少事件網友討公道轉照片觸法又造成被害人二度傷害
      >> 下載 https://udn.com/news/story/7321/4896618, 毒品查緝淪作秀求績效是被民粹牽鼻子走
      >> 找不到新聞內容，可能是新聞的格式不同所致。
      >> 下載 https://udn.com/news/story/7266/4898649, 吃完烤肉腹瀉不想烙賽遵守4原則
      >> 下載 https://health.udn.com/health/story/6037/4897825, 中秋飲食危機四伏五大NG元素淺嚐即止
      >> 下載 https://udn.com/news/story/7266/4897825, 中秋飲食危機四伏五大NG元素淺嚐即止
      >> 下載 https://udn.com/news/story/7335/4897352, 花錢就行湖南檳榔企業獲創新獎網傻眼致癌卻得獎
      >> 下載 https://udn.com/news/story/7266/4898114, 彰化秀傳中醫部搬新家新添設備還開多元特色門診
      >> 下載 https://health.udn.com/health/story/6010/4897899, 基隆抽驗中秋食品165件1豆干殘留殺菌劑下架
      >> 下載 https://udn.com/news/story/7266/4897899, 基隆抽驗中秋食品165件1豆干殘留殺菌劑下架
      >> 下載 https://udn.com/news/story/7327/4897388, 馬祖淡菜堆滿航廈產值可望再創新高6000萬
      >> 下載 https://udn.com/news/story/120987/4899148, 食安會報都懶得開蘇貞昌這樣把關萊豬
      >> 下載 https://udn.com/news/story/6656/4899194, 總編News開箱食安會報都懶得開蘇貞昌這樣把關萊豬
      >> 找不到新聞內容，可能是新聞的格式不同所致。
      >> 下載 https://udn.com/news/story/6656/4899093, 蕉價崩盤卻只顧推銷美豬國民黨轟陳吉仲不做正事
      >> 下載 https://udn.com/news/story/6656/4899083, 確實很久沒開會食安委員都在等通知
      >> 下載 https://udn.com/news/story/9750/4899063, 新聞眼萊豬政策突襲食安會報停開放水
      >> 下載 https://udn.com/news/story/6656/4899044, 食安會報停擺一年江啟臣連四問蘇揆語塞
      >> 下載 https://udn.com/news/story/7325/4898522, 宣導短片負評如潮勞動部中彰投分署急下架
      >> 下載 https://udn.com/news/story/9750/4898727, 瘦肉精檢出台東擬至少罰3萬
      >> 下載 https://udn.com/news/story/7314/4898472, 農田水利署10月1日揭牌17名管理處長同時布達
      >> 下載 https://udn.com/news/story/9750/4898287, 朱立倫揪三君烤素豬肉喊話把萊豬擋門外
      >> 下載 https://udn.com/news/story/6656/4898240, 食安會報想開再開國民黨批蘇貞昌職權凌駕法律
      >> 下載 https://udn.com/news/story/6656/4898077, 未召開行政院層級食安會報蘇貞昌一度語塞
      >> 下載 https://udn.com/news/story/6656/4897938, 重磅快評吳音寧的質譜儀與柯文哲的2024
      >> 下載 https://udn.com/news/story/7315/4897937, 吸毒男37刀殺母剁頭獲判無罪最高法院今撤銷判決
      >> 下載 https://udn.com/news/story/6656/4897817, 食安會報都沒開行政院食安辦3個月開2次會
      >> 下載 https://udn.com/news/story/7241/4897739, 蘋果西打擁新店萬坪土地大飲未來不排除開發住宅
      >> 下載 https://health.udn.com/health/story/5976/4897508, 國內腹瀉疫情上升不想烙賽變中秋烤肉結尾記下這些事
      >> 下載 https://udn.com/news/story/6656/4897656, 江啟臣狂問食安會報開了沒蘇貞昌一度卡詞
      >> 下載 https://udn.com/news/story/7266/4897642, 人氣餐廳9家不合格瓦城原料逾期壽司郎菌超標
      >> 下載 https://udn.com/news/story/6656/4897636, 2022藍白合作柯文哲說要請蔣萬安吃飯
      >> 下載 https://style.udn.com/style/story/8090/4892005, 別再惡性節食減肥了營養師趙函穎分享健康減醣飲食秘訣及外食菜單
      >> 下載 https://udn.com/news/story/7266/4896940, 台南善化農會新開發黑芝麻五穀飲主打自然健康即食
      >> 下載 https://udn.com/news/story/7241/4898911, 台北紡織展聚焦五亮點
      >> 下載 https://udn.com/news/story/7241/4898919, 遠東新參加紡織展規劃雙主題
      >> 下載 https://udn.com/news/story/7252/4898256, 中化生上月每股純益011元
      >> 下載 https://health.udn.com/health/story/6010/4897899, 基隆抽驗中秋食品165件1豆干殘留殺菌劑下架
      >> 下載 https://udn.com/news/story/7240/4897935, 創鑫智慧偉翔生技及亞立田獲准進駐竹科
      >> 下載 https://udn.com/news/story/7266/4897899, 基隆抽驗中秋食品165件1豆干殘留殺菌劑下架
      >> 下載 https://health.udn.com/health/story/6010/4897642, 人氣餐廳9家不合格瓦城原料逾期壽司郎菌超標
      >> 下載 https://udn.com/news/story/7266/4897642, 人氣餐廳9家不合格瓦城原料逾期壽司郎菌超標
      >> 下載 https://udn.com/news/story/7266/4852682, 臭上必比登國民小吃臭豆腐也能吃得很科學
      >> 下載 https://udn.com/news/story/7240/4897479, 胡正隆遠東新廢棄寶特瓶回收產製技術已是業界台積電
      >> 下載 https://udn.com/news/story/7270/4897229, 100廣島風櫻尾琴酒2020版限量發行
      >> 下載 https://style.udn.com/style/story/11350/4897229, 100廣島風櫻尾琴酒2020版限量發行
      >> 下載 https://udn.com/news/story/7238/4897140, 8月製造業景氣燈號終結連五藍轉為黃藍燈
      >> 下載 https://udn.com/news/story/9750/4897110, 影拒萊豬強進口主婦聯盟台中上演行動劇發聲
      >> 下載 https://udn.com/news/story/7266/4896872, 中秋烤肉求醃醬配方超前部署內行人加這一味口感立即升級
      >> 下載 https://udn.com/news/story/7254/4896771, 八方雲集為何躍觀光股王法人曝二關鍵比對手想更多
      >> 下載 https://udn.com/news/story/7238/4896658, 8月製造業景氣回升燈號由藍燈轉黃藍燈
      >> 下載 https://udn.com/news/story/7241/4896463, 浩鼎併購授權齊發擬入股代工廠拿下潤雅67股權
      >> 下載 https://udn.com/news/story/6885/4896391, 營養午餐明年8月才換約新北議員憂用萊豬無法可罰
      >> 下載 https://udn.com/news/story/7320/4899070, 早上萌死意被阻晚上氣爆命危
      >> 下載 https://udn.com/news/story/7315/4898625, 影嘉義氣爆案男燒傷70命危曾傳激烈爭吵
      >> 下載 https://udn.com/news/story/7315/4898594, 影以為對岸打過來了嘉義宏都氣爆居民嚇壞了
      >> 下載 https://udn.com/news/story/7315/4898466, 影嘉義宏都氣爆火警42歲男受傷送醫
      >> 下載 https://udn.com/news/story/7315/4898392, 影嘉義市宏都大樓發生嚴重氣爆火警事故原因待釐清
      >> 下載 https://health.udn.com/health/story/6010/4897899, 基隆抽驗中秋食品165件1豆干殘留殺菌劑下架
      >> 下載 https://udn.com/news/story/7266/4897899, 基隆抽驗中秋食品165件1豆干殘留殺菌劑下架
      >> 下載 https://udn.com/news/story/7266/4897794, 減糖少鈉低碘桑香鬆取代肉鬆拌飯入壽司
      >> 下載 https://udn.com/news/story/7323/4897305, 秋節前台南聯合食品業稽查超過8成初檢不合格
      >> 下載 https://udn.com/news/story/7326/4897025, 台南中秋食品聯合稽查初查不合格率近9成已改善
      >> 下載 https://udn.com/news/story/7266/4895328, 送愛出國美德全球罩送防疫物資訂購無上限全世界寄送
      >> 下載 https://health.udn.com/health/story/6010/4897899, 基隆抽驗中秋食品165件1豆干殘留殺菌劑下架
      >> 下載 https://udn.com/news/story/7266/4897899, 基隆抽驗中秋食品165件1豆干殘留殺菌劑下架
      >> 下載 https://udn.com/news/story/7320/4899177, 槽罐車撞國道匝道氣體槽爆炸起火一死
      >> 下載 https://udn.com/news/story/7320/4899159, 國道彰化系統交流道槽車墜落爆炸起火司機當場死亡
      >> 下載 https://udn.com/news/story/7241/4898752, 成功雞湯打開金錢通路的祕訣
      >> 下載 https://udn.com/news/story/7320/4899070, 早上萌死意被阻晚上氣爆命危
      >> 下載 https://udn.com/news/story/7315/4898594, 影以為對岸打過來了嘉義宏都氣爆居民嚇壞了
      >> 下載 https://udn.com/news/story/7315/4898466, 影嘉義宏都氣爆火警42歲男受傷送醫
      >> 下載 https://udn.com/news/story/7315/4898392, 影嘉義市宏都大樓發生嚴重氣爆火警事故原因待釐清
      >> 下載 https://stars.udn.com/star/story/10091/4898138, 震震有詞收視創新高謝震武歸功善有善報
      >> 下載 https://udn.com/news/story/7315/4897187, 澎湖東吉鋤頭嶼發現二戰遺留未爆水雷澎防部現地爆燬
      >> 下載 https://udn.com/umedia/story/12755/4896722, 國民黨擬提避戰公決案目的到底是避戰還是促戰
      >> 找不到新聞內容，可能是新聞的格式不同所致。
      >> 下載 https://udn.com/news/story/7001/4895256, 日本隊終結者都被拔悍將牛棚也可考慮調整
      >> 下載 https://udn.com/news/story/7333/4898677, 廣東20戰略產業集群計畫出爐
      >> 下載 https://udn.com/news/story/7320/4899142, 高雄透天厝暗夜火警延燒4戶幸無人傷
      >> 下載 https://udn.com/news/story/7252/4898259, 大飲買關係企業三筆地
      >> 下載 https://udn.com/news/story/7239/4899039, 名人Talks分布式金融的流動性盛筵
      >> 下載 https://udn.com/news/story/7239/4898797, 12500點關前震盪高現金價值概念股可攻可守
      >> 下載 https://udn.com/news/story/7326/4898620, 中秋連假出遊雲嘉南多項交通便民措施
      >> 下載 https://fund.udn.com/fund/story/5858/4898482, 第4季投資趨勢美大型股全球債布局重心
      >> 下載 https://fund.udn.com/fund/story/5857/4898317, 日股逆勢漲東歐跌最慘
      >> 下載 https://udn.com/news/story/6656/4898176, 法官迴避被駁黨產會法院合理化法官釋憲動機
      >> 下載 https://udn.com/news/story/7238/4897140, 8月製造業景氣燈號終結連五藍轉為黃藍燈
      >> 下載 https://udn.com/news/story/7088/4896617, 兼職賣讚日本新興行業開IG分身假帳戶按讚可月入10萬
      >> 下載 https://udn.com/news/story/7238/4896658, 8月製造業景氣回升燈號由藍燈轉黃藍燈
      >> 下載 https://udn.com/news/story/7266/4896590, 連假桃園八德有交管2條不塞車路線
      >> 下載 https://udn.com/news/story/7251/4896441, 權值股點火台股早盤漲近百點
      >> 下載 https://udn.com/news/story/7238/4896398, 對疫情擔憂再起多數股市資金淨流出
      >> 下載 https://udn.com/news/story/7238/4896396, 歐美疫情似有升溫之勢風險債市呈壓
      >> 下載 https://udn.com/news/story/7320/4896681, 中和警屏息拆爆裂物誓言找出詐彈客
      >> 下載 https://udn.com/news/story/7333/4898648, 660MW迴圈流化床鍋爐投運
      >> 下載 https://udn.com/news/story/6812/4898296, 東京最高木造辦公大樓預計2025年完工
      >> 下載 https://udn.com/news/story/7238/4897955, 台中電廠減煤減排4010月起自主擴大減煤
      >> 下載 https://udn.com/news/story/7238/4897875, 中火擴大自主減煤10月起進入減煤減排40時代
      >> 下載 https://udn.com/news/story/7270/4897752, 相思木沙發嬰兒浴缸來木作生活節看國產材創意
      >> 下載 https://opinion.udn.com/opinion/story/11870/4897692, 吳宗蓉當綠能遇上濕地衝突中協商環社檢核的倡議哲學
      >> 下載 https://udn.com/news/story/6811/4897253, 排放資訊造假飛雅特克萊斯勒付278億
      >> 下載 https://udn.com/news/story/7314/4898472, 農田水利署10月1日揭牌17名管理處長同時布達
      >> 下載 https://udn.com/news/story/7240/4898250, 科學園區10件投資案獲准總額逾23億元
      >> 下載 https://health.udn.com/health/story/5961/4898201, 人類染食腦蟲全球僅百例台灣曾有個案泡湯感染
      >> 下載 https://udn.com/news/story/7266/4898201, 人類染食腦蟲全球僅百例台灣曾有個案泡湯感染
      >> 下載 https://udn.com/news/story/7241/4897815, 台北紡織展將登場聚焦複合機能個人防護紡織品
      >> 下載 https://health.udn.com/health/story/5976/4897508, 國內腹瀉疫情上升不想烙賽變中秋烤肉結尾記下這些事
      >> 下載 https://udn.com/news/story/7266/4897508, 國內腹瀉疫情上升不想烙賽變中秋烤肉結尾記下這些事
      >> 下載 https://udn.com/news/story/7240/4897479, 胡正隆遠東新廢棄寶特瓶回收產製技術已是業界台積電
      >> 下載 https://udn.com/news/story/120884/4896976, 台灣豬不怕低價美豬打品牌戰壯大國內市占
      >> 下載 https://health.udn.com/health/story/5961/4898201, 人類染食腦蟲全球僅百例台灣曾有個案泡湯感染
      >> 下載 https://udn.com/news/story/7266/4898201, 人類染食腦蟲全球僅百例台灣曾有個案泡湯感染
      >> 下載 https://udn.com/news/story/7321/4897454, 菊朝人馬李穆生涉洩密不服考績吃丙怒槓高市府
      >> 下載 https://udn.com/news/story/7266/4896830, 中秋國慶連假出遊車輛記得先檢查保養避免火燒車
      >> 下載 https://udn.com/news/story/7326/4899264, 布袋海之秋來去高跟鞋教堂附近潟湖划獨木舟體驗
      >> 下載 https://udn.com/news/story/12663/4885884, 青春名人堂夏夏衛生紙
      >> 下載 https://udn.com/news/story/12663/4885876, 滅絕與重生網路徵文優勝作秀子古老的藍血居民
      >> 下載 https://udn.com/news/story/120987/4899148, 食安會報都懶得開蘇貞昌這樣把關萊豬
      >> 下載 https://udn.com/news/story/6811/4898857, 低利率疫情苦了退休族
      >> 下載 https://udn.com/news/story/7338/4899015, 經濟日報社論加入經濟繁榮網路要做好功課
      >> 下載 https://udn.com/news/story/7333/4898677, 廣東20戰略產業集群計畫出爐
      >> 下載 https://udn.com/news/story/121687/4899037, 拜登川普對陸強硬立場一致
      >> 下載 https://udn.com/news/story/120883/4899008, 南韓防疫出包暴露個資掀霸凌政府終於學乖了
      >> 下載 https://udn.com/news/story/6656/4899112, 強在生鮮農委會推國產雞肉冷凍效期挨批本末倒置
      >> 下載 https://udn.com/news/story/7240/4898923, Google對APP抽佣台灣業者影響有限
      >> 下載 https://udn.com/news/story/7240/4899000, 英特爾攜八台廠攻邊緣運算
      >> 下載 https://udn.com/news/story/10930/4899098, 新聞眼改回徵兵對國家防衛不安
      >> 下載 https://udn.com/news/story/10930/4899085, 女性當兵國防部會再評估
      >> 下載 https://udn.com/news/story/10930/4899067, 2共機擾西南空域我追監
      >> 下載 https://udn.com/news/story/10930/4899065, 嚴德發共軍暫無武力犯台徵兆
      >> 下載 https://udn.com/news/story/7331/4899130, 港警阻十一遊行搶先逮捕3人
      >> 下載 https://udn.com/news/story/9750/4899063, 新聞眼萊豬政策突襲食安會報停開放水
      >> 下載 https://udn.com/news/story/6813/4898829, 憂台灣成下一目標美國安顧問促以實力帶來和平
      >> 下載 https://udn.com/news/story/6813/4898990, 慎防川普一記回馬槍拜登密集備戰大選首場辯論
      >> 下載 https://udn.com/news/story/7320/4899160, 轟一聲氫氣槽車從國道衝橋下疑司機摔落當場死亡
      >> 下載 https://udn.com/news/story/7320/4899159, 國道彰化系統交流道槽車墜落爆炸起火司機當場死亡
