     -----> 新聞爬蟲：聯合新聞網

           <<< 聯合新聞網新聞搜尋 >>>
        ------------------------------------------------------
        ------------------------------------------------------
       >> 搜尋關鍵字:"工業用"; 網址:"https://udn.com/search/word/2/工業用"
         <<< 2020-10-12 沒有更多 "工業用" 相關的新聞 !!! >>>
        ------------------------------------------------------
       >> 搜尋關鍵字:"化工"; 網址:"https://udn.com/search/word/2/化工"
         >>> 找到關鍵字 "化工"; 文章資訊: 2020-10-12 01:18:13, 一汽集團十四五將投資逾千億研發, https://udn.com/news/story/7333/4927935
         >>> 找到關鍵字 "化工"; 文章資訊: 2020-10-11 11:53:10, 荒廢地綠美化國產署新北市合作打造休憩綠地, https://udn.com/news/story/7323/4926591
         >>> 找到關鍵字 "化工"; 文章資訊: 2020-10-11 11:01:07, 工業區廠房立體化首案成功台中精科園區詢問度高, https://udn.com/news/story/7241/4926479
         >>> 找到關鍵字 "化工"; 文章資訊: 2020-10-11 09:41:09, 北市斥資14億元4年完成35校圖書館優化, https://udn.com/news/story/6885/4926378
         <<< 2020-10-12 沒有更多 "化工" 相關的新聞 !!! >>>
        ------------------------------------------------------
       >> 搜尋關鍵字:"化災"; 網址:"https://udn.com/search/word/2/化災"
         <<< 2020-10-12 沒有更多 "化災" 相關的新聞 !!! >>>
        ------------------------------------------------------
       >> 搜尋關鍵字:"化學"; 網址:"https://udn.com/search/word/2/化學"
         >>> 找到關鍵字 "化學"; 文章資訊: 2020-10-12 02:00:00, 全民權證弘塑鎖定逾90天, https://udn.com/news/story/7255/4927292
         >>> 找到關鍵字 "化學"; 文章資訊: 2020-10-11 20:03:13, 影壯觀南投茶博千人擂茶現國旗12道光芒, https://udn.com/news/story/7325/4927345
         >>> 找到關鍵字 "化學"; 文章資訊: 2020-10-11 18:00:00, 這輩子你愛夠了嗎真的曾經愛過任何人嗎, https://udn.com/umedia/story/12907/4889469
         >>> 找到關鍵字 "化學"; 文章資訊: 2020-10-11 17:31:27, 耿爽舉10事實嗆美推星球大戰建黑客帝國, https://udn.com/news/story/7331/4927037
         >>> 找到關鍵字 "化學"; 文章資訊: 2020-10-11 16:36:07, 復揚科技火警幸無人員傷亡, https://udn.com/news/story/7320/4927136
         >>> 找到關鍵字 "化學"; 文章資訊: 2020-10-11 15:50:07, 老翁20年囤6萬件珍藏家人整理遺物發現拍賣價竟高達15億, https://udn.com/news/story/6810/4927062
         >>> 找到關鍵字 "化學"; 文章資訊: 2020-10-11 14:32:27, 違反學術倫理科學期刊首次撤稿中國學者文章, https://udn.com/news/story/7332/4926924
         >>> 找到關鍵字 "化學"; 文章資訊: 2020-10-11 13:03:14, 神蹟顯靈地上浮現10年前消失聖母畫信徒放蠟燭鮮花祈禱, https://udn.com/news/story/6810/4926698
         >>> 找到關鍵字 "化學"; 文章資訊: 2020-10-11 12:13:11, 韓流持續發燒高市圖與姊妹市韓國大田市圖互贈好書, https://udn.com/news/story/7327/4926631
         <<< 2020-10-12 沒有更多 "化學" 相關的新聞 !!! >>>
        ------------------------------------------------------
       >> 搜尋關鍵字:"外洩"; 網址:"https://udn.com/search/word/2/外洩"
         >>> 找到關鍵字 "外洩"; 文章資訊: 2020-10-11 18:57:29, 蘭州承諾免費治療布氏病患者加快搬遷肇事廠房, https://udn.com/news/story/7332/4927254
         >>> 找到關鍵字 "外洩"; 文章資訊: 2020-10-11 15:17:05, 伊朗住宅瓦斯外洩氣爆至少2死, https://udn.com/news/story/6809/4927026
         <<< 2020-10-12 沒有更多 "外洩" 相關的新聞 !!! >>>
        ------------------------------------------------------
       >> 搜尋關鍵字:"危害"; 網址:"https://udn.com/search/word/2/危害"
         >>> 找到關鍵字 "危害"; 文章資訊: 2020-10-12 02:30:05, 萊豬周立院開戰陳時中將問到飽, https://udn.com/news/story/9750/4928018
         >>> 找到關鍵字 "危害"; 文章資訊: 2020-10-12 02:17:06, 網拍詐騙227次累犯判10年, https://udn.com/news/story/7315/4928035
         >>> 找到關鍵字 "危害"; 文章資訊: 2020-10-12 01:34:12, 台諜案枋寮顧問認罪李孟居鄉長騙我過去, https://udn.com/news/story/7331/4928041
         >>> 找到關鍵字 "危害"; 文章資訊: 2020-10-12 01:22:12, 李孟居央視節目被認錯陸委會惡意政治炒作, https://udn.com/news/story/7331/4927954
         >>> 找到關鍵字 "危害"; 文章資訊: 2020-10-12 00:56:12, 住宅囤物傳惡臭議員轟零裁處, https://udn.com/news/story/7323/4927524
         >>> 找到關鍵字 "危害"; 文章資訊: 2020-10-12 00:56:12, 淡水拆違建屋主配合少付20萬, https://udn.com/news/story/7323/4927899
         >>> 找到關鍵字 "危害"; 文章資訊: 2020-10-12 00:47:08, 健康名人堂萊劑定位不明風險評估需補強, https://udn.com/news/story/7266/4928079
         >>> 找到關鍵字 "危害"; 文章資訊: 2020-10-11 23:21:04, 陳亞麟臉書嗆五毛黨來洗版玻璃心碎滿地遭出征, https://udn.com/news/story/7331/4927896
         >>> 找到關鍵字 "危害"; 文章資訊: 2020-10-11 23:02:12, 中國稱破獲數百起台灣間諜綠委很符合中共造假風格, https://udn.com/news/story/7331/4927760
         >>> 找到關鍵字 "危害"; 文章資訊: 2020-10-11 22:26:04, 李孟居控被騙過去枋寮鄉長中國的話能聽嗎, https://udn.com/news/story/7331/4927664
         >>> 找到關鍵字 "危害"; 文章資訊: 2020-10-11 22:17:09, 央視播台諜節目李孟居對祖國有傷害, https://udn.com/news/story/7331/4927577
         >>> 找到關鍵字 "危害"; 文章資訊: 2020-10-11 19:52:12, 央視報導大陸偵破數百起台灣間諜竊密案, https://udn.com/news/story/7331/4927333
         >>> 找到關鍵字 "危害"; 文章資訊: 2020-10-11 18:28:59, 用25萬元上網賣掉剛出生女兒狠母涉拐賣兒童罪判囚5年, https://udn.com/news/story/7332/4927218
         >>> 找到關鍵字 "危害"; 文章資訊: 2020-10-11 18:27:58, 立法院美豬週12日登場預計排審9項行政命令, https://udn.com/news/story/9750/4927250
         >>> 找到關鍵字 "危害"; 文章資訊: 2020-10-11 17:14:19, Tuber瀏覽器開自由之窗先遵守九不准七底線, https://udn.com/news/story/7332/4927003
         >>> 找到關鍵字 "危害"; 文章資訊: 2020-10-11 15:40:07, 追求女生想見面情緒失控傳裸照威脅遭判拘役50天, https://udn.com/news/story/7317/4927067
         >>> 找到關鍵字 "危害"; 文章資訊: 2020-10-11 14:46:06, 高雄男網拍詐騙193萬慘判10年法官屬低度之刑, https://udn.com/news/story/7321/4926967
         >>> 找到關鍵字 "危害"; 文章資訊: 2020-10-11 14:41:12, 提早儲水苗栗水情14日亮黃燈4鄉鎮市多地停水, https://udn.com/news/story/7324/4926940
         >>> 找到關鍵字 "危害"; 文章資訊: 2020-10-11 11:28:10, 淡水違建隔93房出租新北16天拆光再收56萬費用, https://udn.com/news/story/7323/4926521
         >>> 找到關鍵字 "危害"; 文章資訊: 2020-10-11 09:17:06, 債務糾紛男子傳訊息恐嚇人法官判拘役20天, https://udn.com/news/story/7321/4926357
        ------------------------------------------------------
       >> 搜尋關鍵字:"有毒"; 網址:"https://udn.com/search/word/2/有毒"
         >>> 找到關鍵字 "有毒"; 文章資訊: 2020-10-11 17:09:18, 黃麴霉素超標吃冷藏1年酸湯子黑龍江1家族7死2命危, https://udn.com/news/story/7332/4927000
         <<< 2020-10-12 沒有更多 "有毒" 相關的新聞 !!! >>>
        ------------------------------------------------------
       >> 搜尋關鍵字:"有害"; 網址:"https://udn.com/search/word/2/有害"
         <<< 2020-10-12 沒有更多 "有害" 相關的新聞 !!! >>>
        ------------------------------------------------------
       >> 搜尋關鍵字:"色料"; 網址:"https://udn.com/search/word/2/色料"
         <<< 2020-10-12 沒有更多 "色料" 相關的新聞 !!! >>>
        ------------------------------------------------------
       >> 搜尋關鍵字:"色素"; 網址:"https://udn.com/search/word/2/色素"
         <<< 2020-10-12 沒有更多 "色素" 相關的新聞 !!! >>>
        ------------------------------------------------------
       >> 搜尋關鍵字:"毒性"; 網址:"https://udn.com/search/word/2/毒性"
         >>> 找到關鍵字 "毒性"; 文章資訊: 2020-10-12 00:47:08, 健康名人堂萊劑定位不明風險評估需補強, https://udn.com/news/story/7266/4928079
         >>> 找到關鍵字 "毒性"; 文章資訊: 2020-10-11 17:36:06, 罕見美國男子染疫無呼吸道症狀但難以說話行走, https://udn.com/news/story/120944/4927208
         >>> 找到關鍵字 "毒性"; 文章資訊: 2020-10-11 17:09:18, 黃麴霉素超標吃冷藏1年酸湯子黑龍江1家族7死2命危, https://udn.com/news/story/7332/4927000
         >>> 找到關鍵字 "毒性"; 文章資訊: 2020-10-11 13:37:40, B肝是媽寶C肝183疾病擬人暗藏肝炎密碼, https://udn.com/news/story/7266/4926805
         <<< 2020-10-12 沒有更多 "毒性" 相關的新聞 !!! >>>
        ------------------------------------------------------
       >> 搜尋關鍵字:"毒品"; 網址:"https://udn.com/search/word/2/毒品"
         >>> 找到關鍵字 "毒品"; 文章資訊: 2020-10-11 09:17:05, 毒癮男子接受勒戒緩起訴期間再吸毒被法官判刑8月, https://udn.com/news/story/7321/4926356
         <<< 2020-10-12 沒有更多 "毒品" 相關的新聞 !!! >>>
        ------------------------------------------------------
       >> 搜尋關鍵字:"致癌"; 網址:"https://udn.com/search/word/2/致癌"
         >>> 找到關鍵字 "致癌"; 文章資訊: 2020-10-12 00:47:08, 健康名人堂萊劑定位不明風險評估需補強, https://udn.com/news/story/7266/4928079
         >>> 找到關鍵字 "致癌"; 文章資訊: 2020-10-11 17:09:18, 黃麴霉素超標吃冷藏1年酸湯子黑龍江1家族7死2命危, https://udn.com/news/story/7332/4927000
         <<< 2020-10-12 沒有更多 "致癌" 相關的新聞 !!! >>>
        ------------------------------------------------------
       >> 搜尋關鍵字:"重金屬"; 網址:"https://udn.com/search/word/2/重金屬"
         <<< 2020-10-12 沒有更多 "重金屬" 相關的新聞 !!! >>>
        ------------------------------------------------------
       >> 搜尋關鍵字:"食安"; 網址:"https://udn.com/search/word/2/食安"
         >>> 找到關鍵字 "食安"; 文章資訊: 2020-10-12 02:30:05, 萊豬周立院開戰陳時中將問到飽, https://udn.com/news/story/9750/4928018
         >>> 找到關鍵字 "食安"; 文章資訊: 2020-10-12 02:08:11, 國民黨改革比改名重要, https://udn.com/news/story/7339/4927833
         >>> 找到關鍵字 "食安"; 文章資訊: 2020-10-12 02:06:11, 聯合講座拓增軍備亦應落實國土安全整備, https://udn.com/news/story/7339/4927830
         >>> 找到關鍵字 "食安"; 文章資訊: 2020-10-12 02:00:00, 大成泰山南僑後市俏, https://udn.com/news/story/7251/4927329
         >>> 找到關鍵字 "食安"; 文章資訊: 2020-10-11 19:54:04, 孫文南院談國民意識與美豬衝擊兩岸關係重災區在高雄, https://udn.com/news/story/6656/4927335
         >>> 找到關鍵字 "食安"; 文章資訊: 2020-10-11 18:27:58, 立法院美豬週12日登場預計排審9項行政命令, https://udn.com/news/story/9750/4927250
         >>> 找到關鍵字 "食安"; 文章資訊: 2020-10-11 12:04:03, 國民黨名去中國江啟臣改名議題不在黨中央議程, https://udn.com/news/story/6656/4926609
         >>> 找到關鍵字 "食安"; 文章資訊: 2020-10-11 11:31:03, 改名風波藍江啟臣當選黨主席已強調改個性不是改名, https://udn.com/news/story/6656/4926524
         >>> 找到關鍵字 "食安"; 文章資訊: 2020-10-11 11:07:06, 婚宴魔術鴿子亂飛屎滴賓客衛生局明天會到餐廳稽查, https://udn.com/news/story/7320/4926486
         <<< 2020-10-12 沒有更多 "食安" 相關的新聞 !!! >>>
        ------------------------------------------------------
       >> 搜尋關鍵字:"香料"; 網址:"https://udn.com/search/word/2/香料"
         >>> 找到關鍵字 "香料"; 文章資訊: 2020-10-11 14:17:08, 老饕必蒐美格2020年度限量酒款曝光, https://udn.com/news/story/7187/4926902
         >>> 找到關鍵字 "香料"; 文章資訊: 2020-10-11 14:17:08, 老饕必蒐美格2020年度限量酒款曝光, https://udn.com/news/story/7270/4926902
         >>> 找到關鍵字 "香料"; 文章資訊: 2020-10-11 14:16:02, 老饕必蒐美格2020年度限量酒款曝光, https://style.udn.com/style/story/11350/4926902
         >>> 找到關鍵字 "香料"; 文章資訊: 2020-10-11 10:01:03, CNN大推櫻花隧道暗黑森林歐洲必逛夢幻街道清單在這裡, https://udn.com/news/story/7171/4913137
         >>> 找到關鍵字 "香料"; 文章資訊: 2020-10-11 08:31:04, BAR春花二店THY桃花源前進西門瞄準年輕世代, https://udn.com/news/story/7187/4925636
         <<< 2020-10-12 沒有更多 "香料" 相關的新聞 !!! >>>
        ------------------------------------------------------
       >> 搜尋關鍵字:"原料"; 網址:"https://udn.com/search/word/2/原料"
         >>> 找到關鍵字 "原料"; 文章資訊: 2020-10-12 02:00:00, 防疫後遺症全球塑膠汙染加劇, https://udn.com/news/story/6811/4927705
         >>> 找到關鍵字 "原料"; 文章資訊: 2020-10-12 02:00:00, Q3轉盈股華夏中鴻漸入佳境, https://udn.com/news/story/7251/4927816
         >>> 找到關鍵字 "原料"; 文章資訊: 2020-10-12 02:00:00, 大成泰山南僑後市俏, https://udn.com/news/story/7251/4927329
         >>> 找到關鍵字 "原料"; 文章資訊: 2020-10-12 01:19:12, 書法熱興起徽墨銷量大躍進, https://udn.com/news/story/7332/4927588
         >>> 找到關鍵字 "原料"; 文章資訊: 2020-10-11 20:03:13, 影壯觀南投茶博千人擂茶現國旗12道光芒, https://udn.com/news/story/7325/4927345
         >>> 找到關鍵字 "原料"; 文章資訊: 2020-10-11 18:27:58, 立法院美豬週12日登場預計排審9項行政命令, https://udn.com/news/story/9750/4927250
         >>> 找到關鍵字 "原料"; 文章資訊: 2020-10-11 17:59:11, 紐約最潮威士忌Hudson也瘋泥煤味, https://udn.com/news/story/7187/4927223
         >>> 找到關鍵字 "原料"; 文章資訊: 2020-10-11 17:59:11, 紐約最潮威士忌Hudson也瘋泥煤味, https://udn.com/news/story/7270/4927223
         >>> 找到關鍵字 "原料"; 文章資訊: 2020-10-11 17:59:02, 紐約最潮威士忌Hudson也瘋泥煤味, https://style.udn.com/style/story/11350/4927223
         >>> 找到關鍵字 "原料"; 文章資訊: 2020-10-11 08:00:00, 食譜香辣肉末酸豇豆眷村菜回味熟悉的味道, https://udn.com/umedia/story/12919/4914240
         <<< 2020-10-12 沒有更多 "原料" 相關的新聞 !!! >>>
        ------------------------------------------------------
       >> 搜尋關鍵字:"氣爆"; 網址:"https://udn.com/search/word/2/氣爆"
         >>> 找到關鍵字 "氣爆"; 文章資訊: 2020-10-11 15:17:05, 伊朗住宅瓦斯外洩氣爆至少2死, https://udn.com/news/story/6809/4927026
         <<< 2020-10-12 沒有更多 "氣爆" 相關的新聞 !!! >>>
        ------------------------------------------------------
       >> 搜尋關鍵字:"添加物"; 網址:"https://udn.com/search/word/2/添加物"
         >>> 找到關鍵字 "添加物"; 文章資訊: 2020-10-12 00:47:08, 健康名人堂萊劑定位不明風險評估需補強, https://udn.com/news/story/7266/4928079
         <<< 2020-10-12 沒有更多 "添加物" 相關的新聞 !!! >>>
        ------------------------------------------------------
       >> 搜尋關鍵字:"黑心"; 網址:"https://udn.com/search/word/2/黑心"
         <<< 2020-10-12 沒有更多 "黑心" 相關的新聞 !!! >>>
        ------------------------------------------------------
       >> 搜尋關鍵字:"漂白"; 網址:"https://udn.com/search/word/2/漂白"
         <<< 2020-10-12 沒有更多 "漂白" 相關的新聞 !!! >>>
        ------------------------------------------------------
       >> 搜尋關鍵字:"爆炸"; 網址:"https://udn.com/search/word/2/爆炸"
         >>> 找到關鍵字 "爆炸"; 文章資訊: 2020-10-12 01:59:05, 讀者主權時代催生高品質新聞, https://udn.com/news/story/7314/4928089
         >>> 找到關鍵字 "爆炸"; 文章資訊: 2020-10-12 01:10:07, 亞塞拜然亞美尼亞停火僅5分鐘, https://udn.com/news/story/6809/4928017
         >>> 找到關鍵字 "爆炸"; 文章資訊: 2020-10-12 00:00:00, 歷史上的10月12日世界級中華國術亞洲錦標賽開幕, https://theme.udn.com/theme/story/121604/4913751
         >>> 找到關鍵字 "爆炸"; 文章資訊: 2020-10-11 21:42:05, 停火僅維持5分鐘亞塞拜然亞美尼亞違反協議開火, https://udn.com/news/story/6809/4927557
         >>> 找到關鍵字 "爆炸"; 文章資訊: 2020-10-11 18:10:36, 停火協議脆弱亞塞拜然控亞美尼亞襲擊釀7死33傷, https://udn.com/news/story/6809/4927169
         >>> 找到關鍵字 "爆炸"; 文章資訊: 2020-10-11 10:41:43, 停火維持僅5分鐘亞塞拜然亞美尼亞互控開火, https://udn.com/news/story/6809/4926423
         >>> 找到關鍵字 "爆炸"; 文章資訊: 2020-10-11 07:00:00, 在成為明星之前要經過多少試煉Jessica首部小說Shine揭露練習生之間的明爭暗算, https://style.udn.com/style/story/12457/4911484
         <<< 2020-10-12 沒有更多 "爆炸" 相關的新聞 !!! >>>
        ------------------------------------------------------
       >> 搜尋關鍵字:"新興"; 網址:"https://udn.com/search/word/2/新興"
         >>> 找到關鍵字 "新興"; 文章資訊: 2020-10-12 07:27:06, UBS舉3理由美股會續漲, https://udn.com/news/story/6811/4928183
         >>> 找到關鍵字 "新興"; 文章資訊: 2020-10-12 02:00:00, 股債混搭長線釣大魚, https://fund.udn.com/fund/story/5858/4927351
         >>> 找到關鍵字 "新興"; 文章資訊: 2020-10-12 02:00:00, 全球市場觀測站印度股市回檔再進場, https://fund.udn.com/fund/story/5858/4927347
         >>> 找到關鍵字 "新興"; 文章資訊: 2020-10-12 02:00:00, 玉山銀黃男州榮獲台灣CEO百強台灣金融業第一名殊榮, https://udn.com/news/story/7239/4927810
         >>> 找到關鍵字 "新興"; 文章資訊: 2020-10-12 02:00:00, 元大金挺永續簽署赤道原則, https://udn.com/news/story/7239/4927802
         >>> 找到關鍵字 "新興"; 文章資訊: 2020-10-12 02:00:00, 股債混搭長線釣大魚, https://udn.com/news/story/7253/4927351
         >>> 找到關鍵字 "新興"; 文章資訊: 2020-10-12 01:43:08, 智能稅務服務營業稅先行掌握源頭稅目, https://udn.com/news/story/7243/4927742
         >>> 找到關鍵字 "新興"; 文章資訊: 2020-10-12 01:42:13, 台東最美教堂像在歐洲街頭, https://udn.com/news/story/7328/4927870
         >>> 找到關鍵字 "新興"; 文章資訊: 2020-10-12 01:36:18, 國衛院打造抗疫國防基地神祕企業家捐助20億, https://udn.com/news/story/7241/4927817
         >>> 找到關鍵字 "新興"; 文章資訊: 2020-10-12 01:18:13, 一汽集團十四五將投資逾千億研發, https://udn.com/news/story/7333/4927935
         >>> 找到關鍵字 "新興"; 文章資訊: 2020-10-11 22:49:21, 亞洲高收債擁三優勢, https://udn.com/news/story/7253/4927349
         >>> 找到關鍵字 "新興"; 文章資訊: 2020-10-11 21:29:06, 知名餅乾店負責人才被送辦今又遭爆謊稱報備警方違停, https://udn.com/news/story/7321/4927536
         >>> 找到關鍵字 "新興"; 文章資訊: 2020-10-11 20:06:03, 亞洲高收債擁三優勢, https://fund.udn.com/fund/story/5856/4927349
         >>> 找到關鍵字 "新興"; 文章資訊: 2020-10-11 14:41:12, 提早儲水苗栗水情14日亮黃燈4鄉鎮市多地停水, https://udn.com/news/story/7324/4926940
         >>> 找到關鍵字 "新興"; 文章資訊: 2020-10-11 12:59:08, 八方雲集買丹堤花不到七千萬這筆交易到底划不划算, https://udn.com/news/story/7241/4926714
         <<< 2020-10-12 沒有更多 "新興" 相關的新聞 !!! >>>
        ------------------------------------------------------
       >> 搜尋關鍵字:"爆裂物"; 網址:"https://udn.com/search/word/2/爆裂物"
         <<< 2020-10-12 沒有更多 "爆裂物" 相關的新聞 !!! >>>
        ------------------------------------------------------
       >> 搜尋關鍵字:"IED"; 網址:"https://udn.com/search/word/2/IED"
         <<< 2020-10-12 沒有更多 "IED" 相關的新聞 !!! >>>
        ------------------------------------------------------
       >> 搜尋關鍵字:"排放"; 網址:"https://udn.com/search/word/2/排放"
         >>> 找到關鍵字 "排放"; 文章資訊: 2020-10-12 02:00:00, 防疫後遺症全球塑膠汙染加劇, https://udn.com/news/story/6811/4927705
         >>> 找到關鍵字 "排放"; 文章資訊: 2020-10-11 16:40:10, 為防季風捲起壞空氣屏東環保局多管齊下抗空汙, https://udn.com/news/story/7266/4927143
         <<< 2020-10-12 沒有更多 "排放" 相關的新聞 !!! >>>
        ------------------------------------------------------
       >> 搜尋關鍵字:"污染"; 網址:"https://udn.com/search/word/2/污染"
         >>> 找到關鍵字 "污染"; 文章資訊: 2020-10-11 16:45:07, 很多病症都在50歲後被發現男性健檢指南告訴你必做哪些項目, https://health.udn.com/health/story/5959/4927150
         >>> 找到關鍵字 "污染"; 文章資訊: 2020-10-11 14:41:12, 提早儲水苗栗水情14日亮黃燈4鄉鎮市多地停水, https://udn.com/news/story/7324/4926940
         >>> 找到關鍵字 "污染"; 文章資訊: 2020-10-11 13:26:09, 10天嬰染沙門氏菌併發敗血症泡奶餵奶前一定要洗手, https://udn.com/news/story/7266/4926778
         >>> 找到關鍵字 "污染"; 文章資訊: 2020-10-11 13:25:03, 10天嬰染沙門氏菌併發敗血症泡奶餵奶前一定要洗手, https://health.udn.com/health/story/6057/4926778
         >>> 找到關鍵字 "污染"; 文章資訊: 2020-10-11 12:29:08, 空氣品質預報高屏紅色警示宜減少戶外活動, https://udn.com/news/story/7266/4926599
         >>> 找到關鍵字 "污染"; 文章資訊: 2020-10-11 12:24:58, 嬰出生10天染沙門氏菌家長餵食沒洗手釀禍, https://udn.com/news/story/7266/4926632
         <<< 2020-10-12 沒有更多 "污染" 相關的新聞 !!! >>>
        ------------------------------------------------------
       >> 搜尋關鍵字:"廢水"; 網址:"https://udn.com/search/word/2/廢水"
         <<< 2020-10-12 沒有更多 "廢水" 相關的新聞 !!! >>>
        ------------------------------------------------------
       >> 搜尋關鍵字:"污水"; 網址:"https://udn.com/search/word/2/污水"
         >>> 找到關鍵字 "污水"; 文章資訊: 2020-10-11 17:28:35, 王毅訪東盟4國與柬埔寨簽自貿協定, https://udn.com/news/story/7331/4927036
         <<< 2020-10-12 沒有更多 "污水" 相關的新聞 !!! >>>
        ------------------------------------------------------
       >> 搜尋關鍵字:"洩漏"; 網址:"https://udn.com/search/word/2/洩漏"
         <<< 2020-10-12 沒有更多 "洩漏" 相關的新聞 !!! >>>
        ------------------------------------------------------
       >> 搜尋關鍵字:"暗管"; 網址:"https://udn.com/search/word/2/暗管"
         <<< 2020-10-12 沒有更多 "暗管" 相關的新聞 !!! >>>
        ------------------------------------------------------
       >> 搜尋關鍵字:"偷排"; 網址:"https://udn.com/search/word/2/偷排"
         <<< 2020-10-12 沒有更多 "偷排" 相關的新聞 !!! >>>
        ------------------------------------------------------
       >> 搜尋關鍵字:"安全"; 網址:"https://udn.com/search/word/2/安全"
         >>> 找到關鍵字 "安全"; 文章資訊: 2020-10-12 05:41:07, 新聞中的法律群眾外包模式挑戰勞動法制, https://udn.com/news/story/7243/4927731
         >>> 找到關鍵字 "安全"; 文章資訊: 2020-10-12 02:23:03, 黨名爭議江啟臣滅火改名不在議程內, https://udn.com/news/story/6656/4928005
         >>> 找到關鍵字 "安全"; 文章資訊: 2020-10-12 02:22:00, 北京瞭望大陸經濟的一扇門與兩道坎, https://udn.com/news/story/7333/4927720
         >>> 找到關鍵字 "安全"; 文章資訊: 2020-10-12 02:19:07, 全民運龍舟選手自撞電桿亡, https://udn.com/news/story/7320/4928028
         >>> 找到關鍵字 "安全"; 文章資訊: 2020-10-12 02:17:06, 病患火燒約束帶員山分院竄火, https://udn.com/news/story/7315/4928042
         >>> 找到關鍵字 "安全"; 文章資訊: 2020-10-12 02:15:11, 扮豪豬吃萊豬蔡政府話術遮醜, https://udn.com/news/story/7339/4927961
         >>> 找到關鍵字 "安全"; 文章資訊: 2020-10-12 02:06:11, 聯合講座拓增軍備亦應落實國土安全整備, https://udn.com/news/story/7339/4927830
         >>> 找到關鍵字 "安全"; 文章資訊: 2020-10-12 02:00:00, 美揪英德籌設安全旅行走廊, https://udn.com/news/story/6811/4927837
         >>> 找到關鍵字 "安全"; 文章資訊: 2020-10-12 02:00:00, 櫻花總座林有土帶產業升級, https://udn.com/news/story/7252/4927334
         >>> 找到關鍵字 "安全"; 文章資訊: 2020-10-12 01:46:09, 機車格退出人行道朝野同喊別急著推, https://udn.com/news/story/7266/4928025
         >>> 找到關鍵字 "安全"; 文章資訊: 2020-10-12 01:39:09, 首波旅遊泡泡台灣帛琉團體行, https://udn.com/news/story/7266/4928055
         >>> 找到關鍵字 "安全"; 文章資訊: 2020-10-12 01:39:09, 台帛機位少學者象徵意義大於實質, https://udn.com/news/story/7266/4928030
         >>> 找到關鍵字 "安全"; 文章資訊: 2020-10-12 01:34:12, 台諜案枋寮顧問認罪李孟居鄉長騙我過去, https://udn.com/news/story/7331/4928041
         >>> 找到關鍵字 "安全"; 文章資訊: 2020-10-12 01:22:12, 李孟居央視節目被認錯陸委會惡意政治炒作, https://udn.com/news/story/7331/4927954
         >>> 找到關鍵字 "安全"; 文章資訊: 2020-10-12 01:18:13, 一汽集團十四五將投資逾千億研發, https://udn.com/news/story/7333/4927935
         >>> 找到關鍵字 "安全"; 文章資訊: 2020-10-12 01:08:05, 川普脫罩演說御醫稱不會傳染, https://udn.com/news/story/121687/4928010
         >>> 找到關鍵字 "安全"; 文章資訊: 2020-10-12 00:59:12, 落羽松當行道樹頭份正反論戰, https://udn.com/news/story/7324/4927519
         >>> 找到關鍵字 "安全"; 文章資訊: 2020-10-12 00:57:10, 醫病天地毛巾擰不乾小心是肌少症, https://udn.com/news/story/7266/4927915
         >>> 找到關鍵字 "安全"; 文章資訊: 2020-10-12 00:56:13, 囤物成癖多有高度不安全感, https://udn.com/news/story/7323/4927525
         >>> 找到關鍵字 "安全"; 文章資訊: 2020-10-12 00:56:12, 淡水拆違建屋主配合少付20萬, https://udn.com/news/story/7323/4927899
        ------------------------------------------------------
       >> 搜尋關鍵字:"槽車"; 網址:"https://udn.com/search/word/2/槽車"
         <<< 2020-10-12 沒有更多 "槽車" 相關的新聞 !!! >>>
       >> 檔案輸出
        ------------------------------------------------------
      >> 下載新聞內容
      >> 下載 https://udn.com/news/story/7333/4927935, 一汽集團十四五將投資逾千億研發
      >> 下載 https://udn.com/news/story/7323/4926591, 荒廢地綠美化國產署新北市合作打造休憩綠地
      >> 下載 https://udn.com/news/story/7241/4926479, 工業區廠房立體化首案成功台中精科園區詢問度高
      >> 下載 https://udn.com/news/story/6885/4926378, 北市斥資14億元4年完成35校圖書館優化
      >> 下載 https://udn.com/news/story/7255/4927292, 全民權證弘塑鎖定逾90天
      >> 下載 https://udn.com/news/story/7325/4927345, 影壯觀南投茶博千人擂茶現國旗12道光芒
      >> 下載 https://udn.com/umedia/story/12907/4889469, 這輩子你愛夠了嗎真的曾經愛過任何人嗎
      >> 找不到新聞內容，可能是新聞的格式不同所致。
      >> 下載 https://udn.com/news/story/7331/4927037, 耿爽舉10事實嗆美推星球大戰建黑客帝國
      >> 下載 https://udn.com/news/story/7320/4927136, 復揚科技火警幸無人員傷亡
      >> 下載 https://udn.com/news/story/6810/4927062, 老翁20年囤6萬件珍藏家人整理遺物發現拍賣價竟高達15億
      >> 下載 https://udn.com/news/story/7332/4926924, 違反學術倫理科學期刊首次撤稿中國學者文章
      >> 下載 https://udn.com/news/story/6810/4926698, 神蹟顯靈地上浮現10年前消失聖母畫信徒放蠟燭鮮花祈禱
      >> 下載 https://udn.com/news/story/7327/4926631, 韓流持續發燒高市圖與姊妹市韓國大田市圖互贈好書
      >> 下載 https://udn.com/news/story/7332/4927254, 蘭州承諾免費治療布氏病患者加快搬遷肇事廠房
      >> 下載 https://udn.com/news/story/6809/4927026, 伊朗住宅瓦斯外洩氣爆至少2死
      >> 下載 https://udn.com/news/story/9750/4928018, 萊豬周立院開戰陳時中將問到飽
      >> 下載 https://udn.com/news/story/7315/4928035, 網拍詐騙227次累犯判10年
      >> 下載 https://udn.com/news/story/7331/4928041, 台諜案枋寮顧問認罪李孟居鄉長騙我過去
      >> 下載 https://udn.com/news/story/7331/4927954, 李孟居央視節目被認錯陸委會惡意政治炒作
      >> 下載 https://udn.com/news/story/7323/4927524, 住宅囤物傳惡臭議員轟零裁處
      >> 下載 https://udn.com/news/story/7323/4927899, 淡水拆違建屋主配合少付20萬
      >> 下載 https://udn.com/news/story/7266/4928079, 健康名人堂萊劑定位不明風險評估需補強
      >> 下載 https://udn.com/news/story/7331/4927896, 陳亞麟臉書嗆五毛黨來洗版玻璃心碎滿地遭出征
      >> 下載 https://udn.com/news/story/7331/4927760, 中國稱破獲數百起台灣間諜綠委很符合中共造假風格
      >> 下載 https://udn.com/news/story/7331/4927664, 李孟居控被騙過去枋寮鄉長中國的話能聽嗎
      >> 下載 https://udn.com/news/story/7331/4927577, 央視播台諜節目李孟居對祖國有傷害
      >> 下載 https://udn.com/news/story/7331/4927333, 央視報導大陸偵破數百起台灣間諜竊密案
      >> 下載 https://udn.com/news/story/7332/4927218, 用25萬元上網賣掉剛出生女兒狠母涉拐賣兒童罪判囚5年
      >> 下載 https://udn.com/news/story/9750/4927250, 立法院美豬週12日登場預計排審9項行政命令
      >> 下載 https://udn.com/news/story/7332/4927003, Tuber瀏覽器開自由之窗先遵守九不准七底線
      >> 下載 https://udn.com/news/story/7317/4927067, 追求女生想見面情緒失控傳裸照威脅遭判拘役50天
      >> 下載 https://udn.com/news/story/7321/4926967, 高雄男網拍詐騙193萬慘判10年法官屬低度之刑
      >> 下載 https://udn.com/news/story/7324/4926940, 提早儲水苗栗水情14日亮黃燈4鄉鎮市多地停水
      >> 下載 https://udn.com/news/story/7323/4926521, 淡水違建隔93房出租新北16天拆光再收56萬費用
      >> 下載 https://udn.com/news/story/7321/4926357, 債務糾紛男子傳訊息恐嚇人法官判拘役20天
      >> 下載 https://udn.com/news/story/7332/4927000, 黃麴霉素超標吃冷藏1年酸湯子黑龍江1家族7死2命危
      >> 下載 https://udn.com/news/story/7266/4928079, 健康名人堂萊劑定位不明風險評估需補強
      >> 下載 https://udn.com/news/story/120944/4927208, 罕見美國男子染疫無呼吸道症狀但難以說話行走
      >> 下載 https://udn.com/news/story/7332/4927000, 黃麴霉素超標吃冷藏1年酸湯子黑龍江1家族7死2命危
      >> 下載 https://udn.com/news/story/7266/4926805, B肝是媽寶C肝183疾病擬人暗藏肝炎密碼
      >> 下載 https://udn.com/news/story/7321/4926356, 毒癮男子接受勒戒緩起訴期間再吸毒被法官判刑8月
      >> 下載 https://udn.com/news/story/7266/4928079, 健康名人堂萊劑定位不明風險評估需補強
      >> 下載 https://udn.com/news/story/7332/4927000, 黃麴霉素超標吃冷藏1年酸湯子黑龍江1家族7死2命危
      >> 下載 https://udn.com/news/story/9750/4928018, 萊豬周立院開戰陳時中將問到飽
      >> 下載 https://udn.com/news/story/7339/4927833, 國民黨改革比改名重要
      >> 下載 https://udn.com/news/story/7339/4927830, 聯合講座拓增軍備亦應落實國土安全整備
      >> 下載 https://udn.com/news/story/7251/4927329, 大成泰山南僑後市俏
      >> 下載 https://udn.com/news/story/6656/4927335, 孫文南院談國民意識與美豬衝擊兩岸關係重災區在高雄
      >> 下載 https://udn.com/news/story/9750/4927250, 立法院美豬週12日登場預計排審9項行政命令
      >> 下載 https://udn.com/news/story/6656/4926609, 國民黨名去中國江啟臣改名議題不在黨中央議程
      >> 下載 https://udn.com/news/story/6656/4926524, 改名風波藍江啟臣當選黨主席已強調改個性不是改名
      >> 下載 https://udn.com/news/story/7320/4926486, 婚宴魔術鴿子亂飛屎滴賓客衛生局明天會到餐廳稽查
      >> 下載 https://udn.com/news/story/7187/4926902, 老饕必蒐美格2020年度限量酒款曝光
      >> 下載 https://udn.com/news/story/7270/4926902, 老饕必蒐美格2020年度限量酒款曝光
      >> 下載 https://style.udn.com/style/story/11350/4926902, 老饕必蒐美格2020年度限量酒款曝光
      >> 下載 https://udn.com/news/story/7171/4913137, CNN大推櫻花隧道暗黑森林歐洲必逛夢幻街道清單在這裡
      >> 下載 https://udn.com/news/story/7187/4925636, BAR春花二店THY桃花源前進西門瞄準年輕世代
      >> 下載 https://udn.com/news/story/6811/4927705, 防疫後遺症全球塑膠汙染加劇
      >> 下載 https://udn.com/news/story/7251/4927816, Q3轉盈股華夏中鴻漸入佳境
      >> 下載 https://udn.com/news/story/7251/4927329, 大成泰山南僑後市俏
      >> 下載 https://udn.com/news/story/7332/4927588, 書法熱興起徽墨銷量大躍進
      >> 下載 https://udn.com/news/story/7325/4927345, 影壯觀南投茶博千人擂茶現國旗12道光芒
      >> 下載 https://udn.com/news/story/9750/4927250, 立法院美豬週12日登場預計排審9項行政命令
      >> 下載 https://udn.com/news/story/7187/4927223, 紐約最潮威士忌Hudson也瘋泥煤味
      >> 下載 https://udn.com/news/story/7270/4927223, 紐約最潮威士忌Hudson也瘋泥煤味
      >> 下載 https://style.udn.com/style/story/11350/4927223, 紐約最潮威士忌Hudson也瘋泥煤味
      >> 下載 https://udn.com/umedia/story/12919/4914240, 食譜香辣肉末酸豇豆眷村菜回味熟悉的味道
      >> 找不到新聞內容，可能是新聞的格式不同所致。
      >> 下載 https://udn.com/news/story/6809/4927026, 伊朗住宅瓦斯外洩氣爆至少2死
      >> 下載 https://udn.com/news/story/7266/4928079, 健康名人堂萊劑定位不明風險評估需補強
      >> 下載 https://udn.com/news/story/7314/4928089, 讀者主權時代催生高品質新聞
      >> 下載 https://udn.com/news/story/6809/4928017, 亞塞拜然亞美尼亞停火僅5分鐘
      >> 下載 https://theme.udn.com/theme/story/121604/4913751, 歷史上的10月12日世界級中華國術亞洲錦標賽開幕
      >> 下載 https://udn.com/news/story/6809/4927557, 停火僅維持5分鐘亞塞拜然亞美尼亞違反協議開火
      >> 下載 https://udn.com/news/story/6809/4927169, 停火協議脆弱亞塞拜然控亞美尼亞襲擊釀7死33傷
      >> 下載 https://udn.com/news/story/6809/4926423, 停火維持僅5分鐘亞塞拜然亞美尼亞互控開火
      >> 下載 https://style.udn.com/style/story/12457/4911484, 在成為明星之前要經過多少試煉Jessica首部小說Shine揭露練習生之間的明爭暗算
      >> 下載 https://udn.com/news/story/6811/4928183, UBS舉3理由美股會續漲
      >> 下載 https://fund.udn.com/fund/story/5858/4927351, 股債混搭長線釣大魚
      >> 下載 https://fund.udn.com/fund/story/5858/4927347, 全球市場觀測站印度股市回檔再進場
      >> 下載 https://udn.com/news/story/7239/4927810, 玉山銀黃男州榮獲台灣CEO百強台灣金融業第一名殊榮
      >> 下載 https://udn.com/news/story/7239/4927802, 元大金挺永續簽署赤道原則
      >> 下載 https://udn.com/news/story/7253/4927351, 股債混搭長線釣大魚
      >> 下載 https://udn.com/news/story/7243/4927742, 智能稅務服務營業稅先行掌握源頭稅目
      >> 下載 https://udn.com/news/story/7328/4927870, 台東最美教堂像在歐洲街頭
      >> 下載 https://udn.com/news/story/7241/4927817, 國衛院打造抗疫國防基地神祕企業家捐助20億
      >> 下載 https://udn.com/news/story/7333/4927935, 一汽集團十四五將投資逾千億研發
      >> 下載 https://udn.com/news/story/7253/4927349, 亞洲高收債擁三優勢
      >> 下載 https://udn.com/news/story/7321/4927536, 知名餅乾店負責人才被送辦今又遭爆謊稱報備警方違停
      >> 下載 https://fund.udn.com/fund/story/5856/4927349, 亞洲高收債擁三優勢
      >> 下載 https://udn.com/news/story/7324/4926940, 提早儲水苗栗水情14日亮黃燈4鄉鎮市多地停水
      >> 下載 https://udn.com/news/story/7241/4926714, 八方雲集買丹堤花不到七千萬這筆交易到底划不划算
      >> 下載 https://udn.com/news/story/6811/4927705, 防疫後遺症全球塑膠汙染加劇
      >> 下載 https://udn.com/news/story/7266/4927143, 為防季風捲起壞空氣屏東環保局多管齊下抗空汙
      >> 下載 https://health.udn.com/health/story/5959/4927150, 很多病症都在50歲後被發現男性健檢指南告訴你必做哪些項目
      >> 下載 https://udn.com/news/story/7324/4926940, 提早儲水苗栗水情14日亮黃燈4鄉鎮市多地停水
      >> 下載 https://udn.com/news/story/7266/4926778, 10天嬰染沙門氏菌併發敗血症泡奶餵奶前一定要洗手
      >> 下載 https://health.udn.com/health/story/6057/4926778, 10天嬰染沙門氏菌併發敗血症泡奶餵奶前一定要洗手
      >> 下載 https://udn.com/news/story/7266/4926599, 空氣品質預報高屏紅色警示宜減少戶外活動
      >> 下載 https://udn.com/news/story/7266/4926632, 嬰出生10天染沙門氏菌家長餵食沒洗手釀禍
      >> 下載 https://udn.com/news/story/7331/4927036, 王毅訪東盟4國與柬埔寨簽自貿協定
      >> 下載 https://udn.com/news/story/7243/4927731, 新聞中的法律群眾外包模式挑戰勞動法制
      >> 下載 https://udn.com/news/story/6656/4928005, 黨名爭議江啟臣滅火改名不在議程內
      >> 下載 https://udn.com/news/story/7333/4927720, 北京瞭望大陸經濟的一扇門與兩道坎
      >> 下載 https://udn.com/news/story/7320/4928028, 全民運龍舟選手自撞電桿亡
      >> 下載 https://udn.com/news/story/7315/4928042, 病患火燒約束帶員山分院竄火
      >> 下載 https://udn.com/news/story/7339/4927961, 扮豪豬吃萊豬蔡政府話術遮醜
      >> 下載 https://udn.com/news/story/7339/4927830, 聯合講座拓增軍備亦應落實國土安全整備
      >> 下載 https://udn.com/news/story/6811/4927837, 美揪英德籌設安全旅行走廊
      >> 下載 https://udn.com/news/story/7252/4927334, 櫻花總座林有土帶產業升級
      >> 下載 https://udn.com/news/story/7266/4928025, 機車格退出人行道朝野同喊別急著推
      >> 下載 https://udn.com/news/story/7266/4928055, 首波旅遊泡泡台灣帛琉團體行
      >> 下載 https://udn.com/news/story/7266/4928030, 台帛機位少學者象徵意義大於實質
      >> 下載 https://udn.com/news/story/7331/4928041, 台諜案枋寮顧問認罪李孟居鄉長騙我過去
      >> 下載 https://udn.com/news/story/7331/4927954, 李孟居央視節目被認錯陸委會惡意政治炒作
      >> 下載 https://udn.com/news/story/7333/4927935, 一汽集團十四五將投資逾千億研發
      >> 下載 https://udn.com/news/story/121687/4928010, 川普脫罩演說御醫稱不會傳染
      >> 下載 https://udn.com/news/story/7324/4927519, 落羽松當行道樹頭份正反論戰
      >> 下載 https://udn.com/news/story/7266/4927915, 醫病天地毛巾擰不乾小心是肌少症
      >> 下載 https://udn.com/news/story/7323/4927525, 囤物成癖多有高度不安全感
      >> 下載 https://udn.com/news/story/7323/4927899, 淡水拆違建屋主配合少付20萬
