     -----> 新聞爬蟲：聯合新聞網

           <<< 聯合新聞網新聞搜尋 >>>
        ------------------------------------------------------
        ------------------------------------------------------
       >> 搜尋關鍵字:"工業用"; 網址:"https://udn.com/search/word/2/工業用"
         >>> 找到關鍵字 "工業用"; 文章資訊: 2020-10-05 02:00:00, 期貨商論壇樺漢期後市樂觀, https://udn.com/news/story/7255/4909764
         >>> 找到關鍵字 "工業用"; 文章資訊: 2020-10-05 00:08:06, 中秋連假4天石門水庫零進帳, https://udn.com/news/story/7266/4910301
         >>> 找到關鍵字 "工業用"; 文章資訊: 2020-10-04 17:15:09, 中秋連假石門水庫集水區零降雨寄望氣象預測北部變天, https://udn.com/news/story/7266/4909600
         >>> 找到關鍵字 "工業用"; 文章資訊: 2020-10-04 12:26:13, 蕭淑貞接任水公司財務處長各界期盼生涯再創高峰, https://udn.com/news/story/7325/4909024
         <<< 2020-10-05 沒有更多 "工業用" 相關的新聞 !!! >>>
        ------------------------------------------------------
       >> 搜尋關鍵字:"化工"; 網址:"https://udn.com/search/word/2/化工"
         >>> 找到關鍵字 "化工"; 文章資訊: 2020-10-04 09:22:09, 秋天也賞杜鵑花新北年產值逾1億元, https://udn.com/news/story/7266/4908736
         <<< 2020-10-05 沒有更多 "化工" 相關的新聞 !!! >>>
        ------------------------------------------------------
       >> 搜尋關鍵字:"化災"; 網址:"https://udn.com/search/word/2/化災"
         <<< 2020-10-05 沒有更多 "化災" 相關的新聞 !!! >>>
        ------------------------------------------------------
       >> 搜尋關鍵字:"化學"; 網址:"https://udn.com/search/word/2/化學"
         >>> 找到關鍵字 "化學"; 文章資訊: 2020-10-05 00:26:26, 新課綱現場探究與實作空白課程推給代理師, https://udn.com/news/story/6885/4910494
         >>> 找到關鍵字 "化學"; 文章資訊: 2020-10-04 23:33:45, 醫病天地面對癌症前基隆議員熬過來了, https://udn.com/news/story/7266/4910321
         >>> 找到關鍵字 "化學"; 文章資訊: 2020-10-04 22:54:05, 中部41級地震驚醒為何沒警報, https://udn.com/news/story/7266/4910075
         >>> 找到關鍵字 "化學"; 文章資訊: 2020-10-04 22:20:11, 新課綱探究與實作資深教師躲遠遠代理教師被推坑, https://udn.com/news/story/6885/4910013
         >>> 找到關鍵字 "化學"; 文章資訊: 2020-10-04 19:05:40, 俄遠東堪察加地區發生海水汙染環團憂生態災難, https://udn.com/news/story/6809/4909684
         >>> 找到關鍵字 "化學"; 文章資訊: 2020-10-04 18:49:08, 三峽登革熱群聚再增1例77歲嬤關節痛確診, https://udn.com/news/story/7266/4909694
         >>> 找到關鍵字 "化學"; 文章資訊: 2020-10-04 17:21:09, 又是五寮里筍園三峽登革熱群聚今再增1例, https://udn.com/news/story/7266/4909605
         >>> 找到關鍵字 "化學"; 文章資訊: 2020-10-04 14:57:13, LOLS10世界賽帶你認識小組賽戰隊GroupCD, https://game.udn.com/game/story/121001/4909402
         >>> 找到關鍵字 "化學"; 文章資訊: 2020-10-04 13:14:57, 日本將批准疫情新藥民眾憂審核倉促, https://udn.com/news/story/120944/4909089
         <<< 2020-10-05 沒有更多 "化學" 相關的新聞 !!! >>>
        ------------------------------------------------------
       >> 搜尋關鍵字:"外洩"; 網址:"https://udn.com/search/word/2/外洩"
         >>> 找到關鍵字 "外洩"; 文章資訊: 2020-10-04 13:53:04, 外洩機密資訊審議委員會曝光張哲平鑑定案件多, https://udn.com/news/story/10930/4909230
         <<< 2020-10-05 沒有更多 "外洩" 相關的新聞 !!! >>>
        ------------------------------------------------------
       >> 搜尋關鍵字:"危害"; 網址:"https://udn.com/search/word/2/危害"
         >>> 找到關鍵字 "危害"; 文章資訊: 2020-10-05 02:49:11, 經濟日報社論氣候改革政府不能置身事外, https://udn.com/news/story/7338/4910239
         >>> 找到關鍵字 "危害"; 文章資訊: 2020-10-05 00:06:21, 美豬接力再戰藍綠相殺3戰場, https://udn.com/news/story/9750/4910419
         >>> 找到關鍵字 "危害"; 文章資訊: 2020-10-04 22:54:05, 中部41級地震驚醒為何沒警報, https://udn.com/news/story/7266/4910075
         >>> 找到關鍵字 "危害"; 文章資訊: 2020-10-04 22:06:07, 影台中毒犯逆向騎車警逮人查獲8包海洛因, https://udn.com/news/story/7315/4909991
         >>> 找到關鍵字 "危害"; 文章資訊: 2020-10-04 17:12:07, 男判11年假釋竟酒駕法官鼓勵他更生逆轉免刑, https://udn.com/news/story/7321/4909594
         >>> 找到關鍵字 "危害"; 文章資訊: 2020-10-04 14:41:06, 張錫銘假釋遭駁興訟案件移台南地院審理, https://udn.com/news/story/7321/4909292
         >>> 找到關鍵字 "危害"; 文章資訊: 2020-10-04 14:36:50, 防山豬吊危害黑熊林務局6日商議獵具實名制, https://udn.com/news/story/7314/4909320
         >>> 找到關鍵字 "危害"; 文章資訊: 2020-10-04 11:03:06, 影男子乾掉1瓶米酒路倒不醒暖警救護警車助返家, https://udn.com/news/story/7320/4908852
         >>> 找到關鍵字 "危害"; 文章資訊: 2020-10-04 09:50:07, 影機車未待轉穿雙白線左轉廂型車反應不及撞上, https://udn.com/news/story/7320/4908755
         >>> 找到關鍵字 "危害"; 文章資訊: 2020-10-04 08:08:12, 琉璃蟻大爆發高雄今年已從六龜擴散到甲仙杉林等地, https://udn.com/news/story/7327/4908681
         >>> 找到關鍵字 "危害"; 文章資訊: 2020-10-04 07:44:18, 法院裁決讓WeChat暫緩被禁美國司法部將提出上訴, https://udn.com/news/story/7086/4908595
         <<< 2020-10-05 沒有更多 "危害" 相關的新聞 !!! >>>
        ------------------------------------------------------
       >> 搜尋關鍵字:"有毒"; 網址:"https://udn.com/search/word/2/有毒"
         >>> 找到關鍵字 "有毒"; 文章資訊: 2020-10-04 22:06:07, 影台中毒犯逆向騎車警逮人查獲8包海洛因, https://udn.com/news/story/7315/4909991
         >>> 找到關鍵字 "有毒"; 文章資訊: 2020-10-04 20:29:02, 姚以緹回歸雄影暢談龍先生毒癮媽媽, https://stars.udn.com/star/story/10090/4909774
         <<< 2020-10-05 沒有更多 "有毒" 相關的新聞 !!! >>>
        ------------------------------------------------------
       >> 搜尋關鍵字:"有害"; 網址:"https://udn.com/search/word/2/有害"
         >>> 找到關鍵字 "有害"; 文章資訊: 2020-10-05 07:10:00, 疫情是騙局為何歐洲人盲信科學家也講不聽, https://udn.com/news/story/120883/4910529
         >>> 找到關鍵字 "有害"; 文章資訊: 2020-10-05 00:48:29, 掩埋場飽和焚化廠老舊垃圾處理雙重危機, https://udn.com/news/story/7314/4910478
         >>> 找到關鍵字 "有害"; 文章資訊: 2020-10-04 18:00:00, 當你凝視議題時議題也凝視你, https://udn.com/umedia/story/12910/4857759
         >>> 找到關鍵字 "有害"; 文章資訊: 2020-10-04 09:26:11, 彰化縣打擊環保犯罪4勇士獲環保署頒發金環獎, https://udn.com/news/story/7325/4908740
         <<< 2020-10-05 沒有更多 "有害" 相關的新聞 !!! >>>
        ------------------------------------------------------
       >> 搜尋關鍵字:"色料"; 網址:"https://udn.com/search/word/2/色料"
         <<< 2020-10-05 沒有更多 "色料" 相關的新聞 !!! >>>
        ------------------------------------------------------
       >> 搜尋關鍵字:"色素"; 網址:"https://udn.com/search/word/2/色素"
         >>> 找到關鍵字 "色素"; 文章資訊: 2020-10-04 11:04:09, 影旅英修藝術設計吳珮蓁做麵包重健康, https://udn.com/news/story/7270/4908853
         <<< 2020-10-05 沒有更多 "色素" 相關的新聞 !!! >>>
        ------------------------------------------------------
       >> 搜尋關鍵字:"毒性"; 網址:"https://udn.com/search/word/2/毒性"
         >>> 找到關鍵字 "毒性"; 文章資訊: 2020-10-05 07:10:00, 疫情是騙局為何歐洲人盲信科學家也講不聽, https://udn.com/news/story/120883/4910529
         >>> 找到關鍵字 "毒性"; 文章資訊: 2020-10-04 22:54:05, 中部41級地震驚醒為何沒警報, https://udn.com/news/story/7266/4910075
         <<< 2020-10-05 沒有更多 "毒性" 相關的新聞 !!! >>>
        ------------------------------------------------------
       >> 搜尋關鍵字:"毒品"; 網址:"https://udn.com/search/word/2/毒品"
         >>> 找到關鍵字 "毒品"; 文章資訊: 2020-10-05 00:48:14, 實務落差教室學不會當警察, https://udn.com/news/story/7320/4910396
         >>> 找到關鍵字 "毒品"; 文章資訊: 2020-10-04 22:06:07, 影台中毒犯逆向騎車警逮人查獲8包海洛因, https://udn.com/news/story/7315/4909991
         >>> 找到關鍵字 "毒品"; 文章資訊: 2020-10-04 18:00:00, 當你凝視議題時議題也凝視你, https://udn.com/umedia/story/12910/4857759
         >>> 找到關鍵字 "毒品"; 文章資訊: 2020-10-04 17:12:07, 男判11年假釋竟酒駕法官鼓勵他更生逆轉免刑, https://udn.com/news/story/7321/4909594
         >>> 找到關鍵字 "毒品"; 文章資訊: 2020-10-04 11:52:49, 象棋教練曾墜毒海覆盤成香港十大傑青, https://udn.com/news/story/7332/4908880
         >>> 找到關鍵字 "毒品"; 文章資訊: 2020-10-04 10:53:06, 暖心警察到家抓通緝犯落空卻義助其孤苦貧病老母, https://udn.com/news/story/7320/4908832
         <<< 2020-10-05 沒有更多 "毒品" 相關的新聞 !!! >>>
        ------------------------------------------------------
       >> 搜尋關鍵字:"致癌"; 網址:"https://udn.com/search/word/2/致癌"
         <<< 2020-10-05 沒有更多 "致癌" 相關的新聞 !!! >>>
        ------------------------------------------------------
       >> 搜尋關鍵字:"重金屬"; 網址:"https://udn.com/search/word/2/重金屬"
         >>> 找到關鍵字 "重金屬"; 文章資訊: 2020-10-04 09:26:11, 彰化縣打擊環保犯罪4勇士獲環保署頒發金環獎, https://udn.com/news/story/7325/4908740
         <<< 2020-10-05 沒有更多 "重金屬" 相關的新聞 !!! >>>
        ------------------------------------------------------
       >> 搜尋關鍵字:"食安"; 網址:"https://udn.com/search/word/2/食安"
         >>> 找到關鍵字 "食安"; 文章資訊: 2020-10-05 00:06:21, 美豬接力再戰藍綠相殺3戰場, https://udn.com/news/story/9750/4910419
         >>> 找到關鍵字 "食安"; 文章資訊: 2020-10-04 16:16:06, 王品瓦城明星光環消失老牌餐飲轉型一快一慢求生, https://udn.com/news/story/120885/4908872
         >>> 找到關鍵字 "食安"; 文章資訊: 2020-10-04 11:04:09, 影旅英修藝術設計吳珮蓁做麵包重健康, https://udn.com/news/story/7270/4908853
         <<< 2020-10-05 沒有更多 "食安" 相關的新聞 !!! >>>
        ------------------------------------------------------
       >> 搜尋關鍵字:"香料"; 網址:"https://udn.com/search/word/2/香料"
         >>> 找到關鍵字 "香料"; 文章資訊: 2020-10-04 11:45:48, 韓柏檉的抗癌餐盤面對面告訴你, https://health.udn.com/health/story/6017/4908943
         >>> 找到關鍵字 "香料"; 文章資訊: 2020-10-04 08:00:00, 台中逢甲美麵屋手作北方文青風麵屋, https://udn.com/umedia/story/12751/4894676
         <<< 2020-10-05 沒有更多 "香料" 相關的新聞 !!! >>>
        ------------------------------------------------------
       >> 搜尋關鍵字:"原料"; 網址:"https://udn.com/search/word/2/原料"
         >>> 找到關鍵字 "原料"; 文章資訊: 2020-10-05 02:00:00, 抗震強勢股達能茂迪商機可期, https://udn.com/news/story/7251/4909940
         >>> 找到關鍵字 "原料"; 文章資訊: 2020-10-05 01:25:34, 杏輝世達博謙3藥廠列食藥署黑名單, https://udn.com/news/story/7266/4910523
         >>> 找到關鍵字 "原料"; 文章資訊: 2020-10-05 00:21:12, 大陸黃金儲量連5年破萬噸, https://udn.com/news/story/7333/4910192
         >>> 找到關鍵字 "原料"; 文章資訊: 2020-10-04 20:45:09, 聯名PINEDE推出手摘紅茶千層小日子茶屋插旗高雄, https://udn.com/news/story/7270/4909788
         >>> 找到關鍵字 "原料"; 文章資訊: 2020-10-04 20:44:02, 聯名PINEDE推出手摘紅茶千層小日子茶屋插旗高雄, https://style.udn.com/style/story/11350/4909788
         >>> 找到關鍵字 "原料"; 文章資訊: 2020-10-04 17:04:09, 藥品出包紀錄造假杏輝等三藥廠遭食藥署列黑名單, https://udn.com/news/story/7266/4909587
         >>> 找到關鍵字 "原料"; 文章資訊: 2020-10-04 17:03:02, 藥品出包紀錄造假杏輝等三藥廠遭食藥署列黑名單, https://health.udn.com/health/story/6012/4909587
         >>> 找到關鍵字 "原料"; 文章資訊: 2020-10-04 12:49:26, 華為中芯拉貨潮9月出口可望連3紅, https://udn.com/news/story/7238/4908798
         >>> 找到關鍵字 "原料"; 文章資訊: 2020-10-04 11:04:09, 影旅英修藝術設計吳珮蓁做麵包重健康, https://udn.com/news/story/7270/4908853
         <<< 2020-10-05 沒有更多 "原料" 相關的新聞 !!! >>>
        ------------------------------------------------------
       >> 搜尋關鍵字:"氣爆"; 網址:"https://udn.com/search/word/2/氣爆"
         >>> 找到關鍵字 "氣爆"; 文章資訊: 2020-10-04 12:16:11, 中秋連假高雄駁二人氣爆棚二伯教戰如何拍特殊團體照, https://udn.com/news/story/7327/4909000
         >>> 找到關鍵字 "氣爆"; 文章資訊: 2020-10-04 12:00:38, 跟排隊槓上中國民眾喜迎遲到的春節, https://udn.com/news/story/7332/4908924
         <<< 2020-10-05 沒有更多 "氣爆" 相關的新聞 !!! >>>
        ------------------------------------------------------
       >> 搜尋關鍵字:"添加物"; 網址:"https://udn.com/search/word/2/添加物"
         >>> 找到關鍵字 "添加物"; 文章資訊: 2020-10-04 11:04:09, 影旅英修藝術設計吳珮蓁做麵包重健康, https://udn.com/news/story/7270/4908853
         <<< 2020-10-05 沒有更多 "添加物" 相關的新聞 !!! >>>
        ------------------------------------------------------
       >> 搜尋關鍵字:"黑心"; 網址:"https://udn.com/search/word/2/黑心"
         >>> 找到關鍵字 "黑心"; 文章資訊: 2020-10-04 16:38:11, Youtuber曝加利口罩防護率更勝國家隊老闆31字回應, https://udn.com/news/story/7315/4909560
         <<< 2020-10-05 沒有更多 "黑心" 相關的新聞 !!! >>>
        ------------------------------------------------------
       >> 搜尋關鍵字:"漂白"; 網址:"https://udn.com/search/word/2/漂白"
         >>> 找到關鍵字 "漂白"; 文章資訊: 2020-10-04 11:39:00, 超噁男友枕頭10年不換她洗出一缸黑水網勸換對象, https://stars.udn.com/star/story/120661/4888216
         >>> 找到關鍵字 "漂白"; 文章資訊: 2020-10-04 11:04:09, 影旅英修藝術設計吳珮蓁做麵包重健康, https://udn.com/news/story/7270/4908853
         <<< 2020-10-05 沒有更多 "漂白" 相關的新聞 !!! >>>
        ------------------------------------------------------
       >> 搜尋關鍵字:"爆炸"; 網址:"https://udn.com/search/word/2/爆炸"
         >>> 找到關鍵字 "爆炸"; 文章資訊: 2020-10-04 17:02:05, 與亞塞拜然戰火激化亞美尼亞稱面臨歷史性威脅, https://udn.com/news/story/6809/4909558
         <<< 2020-10-05 沒有更多 "爆炸" 相關的新聞 !!! >>>
        ------------------------------------------------------
       >> 搜尋關鍵字:"新興"; 網址:"https://udn.com/search/word/2/新興"
         >>> 找到關鍵字 "新興"; 文章資訊: 2020-10-05 07:00:00, 魔球決戰全民公敵運動家有望逐退太空人, https://udn.com/news/story/6999/4909777
         >>> 找到關鍵字 "新興"; 文章資訊: 2020-10-05 03:01:18, 抗震強勢股亂世避風港, https://udn.com/news/story/7251/4909943
         >>> 找到關鍵字 "新興"; 文章資訊: 2020-10-05 02:00:00, 高收債投資級債搶鏡, https://fund.udn.com/fund/story/5856/4909971
         >>> 找到關鍵字 "新興"; 文章資訊: 2020-10-05 02:00:00, 印度股市補漲空間大, https://fund.udn.com/fund/story/5857/4909970
         >>> 找到關鍵字 "新興"; 文章資訊: 2020-10-05 02:00:00, 華為鴻蒙手機明年上市, https://udn.com/news/story/7333/4910274
         >>> 找到關鍵字 "新興"; 文章資訊: 2020-10-05 02:00:00, 專家看本周指標歐美消費復甦不夠力, https://udn.com/news/story/7238/4909946
         >>> 找到關鍵字 "新興"; 文章資訊: 2020-10-05 02:00:00, 抗震強勢股台驊新興動能強勁, https://udn.com/news/story/7251/4909948
         >>> 找到關鍵字 "新興"; 文章資訊: 2020-10-05 02:00:00, 抗震強勢股大亞萬海法人青睞, https://udn.com/news/story/7251/4909939
         >>> 找到關鍵字 "新興"; 文章資訊: 2020-10-05 02:00:00, 高收債投資級債搶鏡, https://udn.com/news/story/121591/4909971
         >>> 找到關鍵字 "新興"; 文章資訊: 2020-10-05 02:00:00, 印度股市補漲空間大, https://udn.com/news/story/121591/4909970
         >>> 找到關鍵字 "新興"; 文章資訊: 2020-10-05 02:00:00, 玉山銀創新獲IDC數位轉型大獎, https://udn.com/news/story/7239/4910246
         >>> 找到關鍵字 "新興"; 文章資訊: 2020-10-05 02:00:00, 蔡明彥專欄汽車原物料族群可短打, https://udn.com/news/story/7251/4909729
         >>> 找到關鍵字 "新興"; 文章資訊: 2020-10-05 02:00:00, 就市論勢半導體面板可留意, https://udn.com/news/story/7251/4909723
         >>> 找到關鍵字 "新興"; 文章資訊: 2020-10-04 23:04:03, 台中捷運綠線備援大樓完工舊社站擴大轉乘功能, https://udn.com/news/story/7325/4910036
         >>> 找到關鍵字 "新興"; 文章資訊: 2020-10-04 20:56:06, 防疫津貼遭侵吞冒領高雄市警局實際查核實際請領, https://udn.com/news/story/7320/4909825
         >>> 找到關鍵字 "新興"; 文章資訊: 2020-10-04 15:40:00, 鴻海不斷投資結盟董座劉揚偉為何趕進度拚33, https://udn.com/news/story/7240/4900652
         >>> 找到關鍵字 "新興"; 文章資訊: 2020-10-04 14:09:06, 花蓮網美咖啡店慘遭祝融老闆無奈暫停營業, https://udn.com/news/story/7320/4909275
         >>> 找到關鍵字 "新興"; 文章資訊: 2020-10-04 12:43:16, 前8月積體電路出口創新高貿易成長關鍵動能, https://udn.com/news/story/7241/4908939
         >>> 找到關鍵字 "新興"; 文章資訊: 2020-10-04 09:23:11, 台中捷運綠線備援行控中心完工強化無人駕駛行車安全, https://udn.com/news/story/7325/4908739
         <<< 2020-10-05 沒有更多 "新興" 相關的新聞 !!! >>>
        ------------------------------------------------------
       >> 搜尋關鍵字:"爆裂物"; 網址:"https://udn.com/search/word/2/爆裂物"
         <<< 2020-10-05 沒有更多 "爆裂物" 相關的新聞 !!! >>>
        ------------------------------------------------------
       >> 搜尋關鍵字:"IED"; 網址:"https://udn.com/search/word/2/IED"
         <<< 2020-10-05 沒有更多 "IED" 相關的新聞 !!! >>>
        ------------------------------------------------------
       >> 搜尋關鍵字:"排放"; 網址:"https://udn.com/search/word/2/排放"
         >>> 找到關鍵字 "排放"; 文章資訊: 2020-10-05 02:49:11, 經濟日報社論氣候改革政府不能置身事外, https://udn.com/news/story/7338/4910239
         >>> 找到關鍵字 "排放"; 文章資訊: 2020-10-04 18:53:52, 蘭州布氏桿菌事件啟動賠償受害民眾不買帳, https://udn.com/news/story/7332/4909656
         >>> 找到關鍵字 "排放"; 文章資訊: 2020-10-04 12:45:07, 中秋連假3天查75間牧場屏縣環保局開罰1間偷排水, https://udn.com/news/story/7320/4909052
         >>> 找到關鍵字 "排放"; 文章資訊: 2020-10-04 11:05:11, 苗栗空汙防制8年來最好目標4年PM25減少1032噸, https://udn.com/news/story/7324/4908855
         >>> 找到關鍵字 "排放"; 文章資訊: 2020-10-04 09:26:11, 彰化縣打擊環保犯罪4勇士獲環保署頒發金環獎, https://udn.com/news/story/7325/4908740
         >>> 找到關鍵字 "排放"; 文章資訊: 2020-10-04 09:04:12, 中市改善空汙多管齊下機車業協助老車報廢拿獎金, https://udn.com/news/story/7325/4908719
         <<< 2020-10-05 沒有更多 "排放" 相關的新聞 !!! >>>
        ------------------------------------------------------
       >> 搜尋關鍵字:"污染"; 網址:"https://udn.com/search/word/2/污染"
         >>> 找到關鍵字 "污染"; 文章資訊: 2020-10-04 16:26:44, 中火堅不廢煤電組盧祭出都審卡氣電, https://udn.com/news/story/7325/4909523
         >>> 找到關鍵字 "污染"; 文章資訊: 2020-10-04 16:06:26, 中火增燃氣機組報告書未完整中市府請台電補正, https://udn.com/news/story/7325/4909452
         >>> 找到關鍵字 "污染"; 文章資訊: 2020-10-04 13:35:04, 中火新增燃氣機組中市府喊暫停要求補資料再審, https://udn.com/news/story/7325/4909189
         <<< 2020-10-05 沒有更多 "污染" 相關的新聞 !!! >>>
        ------------------------------------------------------
       >> 搜尋關鍵字:"廢水"; 網址:"https://udn.com/search/word/2/廢水"
         >>> 找到關鍵字 "廢水"; 文章資訊: 2020-10-04 12:45:07, 中秋連假3天查75間牧場屏縣環保局開罰1間偷排水, https://udn.com/news/story/7320/4909052
         <<< 2020-10-05 沒有更多 "廢水" 相關的新聞 !!! >>>
        ------------------------------------------------------
       >> 搜尋關鍵字:"污水"; 網址:"https://udn.com/search/word/2/污水"
         >>> 找到關鍵字 "污水"; 文章資訊: 2020-10-04 21:55:38, 塞車舊照亂爆退房潮清境指標旅館闢謠幾乎全滿, https://udn.com/news/story/11474/4909966
         <<< 2020-10-05 沒有更多 "污水" 相關的新聞 !!! >>>
        ------------------------------------------------------
       >> 搜尋關鍵字:"洩漏"; 網址:"https://udn.com/search/word/2/洩漏"
         <<< 2020-10-05 沒有更多 "洩漏" 相關的新聞 !!! >>>
        ------------------------------------------------------
       >> 搜尋關鍵字:"暗管"; 網址:"https://udn.com/search/word/2/暗管"
         <<< 2020-10-05 沒有更多 "暗管" 相關的新聞 !!! >>>
        ------------------------------------------------------
       >> 搜尋關鍵字:"偷排"; 網址:"https://udn.com/search/word/2/偷排"
         >>> 找到關鍵字 "偷排"; 文章資訊: 2020-10-04 12:45:07, 中秋連假3天查75間牧場屏縣環保局開罰1間偷排水, https://udn.com/news/story/7320/4909052
         >>> 找到關鍵字 "偷排"; 文章資訊: 2020-10-04 09:26:11, 彰化縣打擊環保犯罪4勇士獲環保署頒發金環獎, https://udn.com/news/story/7325/4908740
         <<< 2020-10-05 沒有更多 "偷排" 相關的新聞 !!! >>>
        ------------------------------------------------------
       >> 搜尋關鍵字:"安全"; 網址:"https://udn.com/search/word/2/安全"
         >>> 找到關鍵字 "安全"; 文章資訊: 2020-10-05 07:04:09, 東北風增強越晚越涼出門記得添衣攜帶雨具, https://udn.com/news/story/7266/4910607
         >>> 找到關鍵字 "安全"; 文章資訊: 2020-10-05 06:48:07, 今天開盤前五件國際事不可不知, https://udn.com/news/story/6813/4910603
         >>> 找到關鍵字 "安全"; 文章資訊: 2020-10-05 06:22:05, 川普確診染疫美國副總統彭斯篩檢再呈陰性, https://udn.com/news/story/121707/4910598
         >>> 找到關鍵字 "安全"; 文章資訊: 2020-10-05 03:04:18, 中芯首度證實遭美封殺未來恐遭重大衝擊, https://udn.com/news/story/7240/4910177
         >>> 找到關鍵字 "安全"; 文章資訊: 2020-10-05 02:33:00, 北京瞭望中美關係兩大腕的敢言, https://udn.com/news/story/7333/4910254
         >>> 找到關鍵字 "安全"; 文章資訊: 2020-10-05 02:00:00, 新生兒投保四險不能少, https://fund.udn.com/fund/story/7488/4909864
         >>> 找到關鍵字 "安全"; 文章資訊: 2020-10-05 02:00:00, 川普染疫衝擊美消費信心, https://udn.com/news/story/6811/4910285
         >>> 找到關鍵字 "安全"; 文章資訊: 2020-10-05 02:00:00, 智慧經營星展銀總座林鑫川強攻數位金融服務, https://udn.com/news/story/7241/4909912
         >>> 找到關鍵字 "安全"; 文章資訊: 2020-10-05 02:00:00, 新聞中的法律數位發展催速兩問題待解, https://udn.com/news/story/7238/4909941
         >>> 找到關鍵字 "安全"; 文章資訊: 2020-10-05 01:25:34, 杏輝世達博謙3藥廠列食藥署黑名單, https://udn.com/news/story/7266/4910523
         >>> 找到關鍵字 "安全"; 文章資訊: 2020-10-05 01:05:51, 從政黨到兩岸和解省思扁第三條路線, https://udn.com/news/story/7339/4910520
         >>> 找到關鍵字 "安全"; 文章資訊: 2020-10-05 01:00:41, 監院報告港府4次來函指情資交換, https://udn.com/news/story/7331/4910427
         >>> 找到關鍵字 "安全"; 文章資訊: 2020-10-05 00:53:49, 酒駕肇事機車6成3占大宗, https://udn.com/news/story/7321/4910417
         >>> 找到關鍵字 "安全"; 文章資訊: 2020-10-05 00:50:36, 川普自推影片好多了醫師最快周一出院, https://udn.com/news/story/121707/4910528
         >>> 找到關鍵字 "安全"; 文章資訊: 2020-10-05 00:49:47, 無照駕駛擬比照酒駕規範, https://udn.com/news/story/7321/4910397
         >>> 找到關鍵字 "安全"; 文章資訊: 2020-10-05 00:49:28, 龐培歐亞洲行縮水訪日不訪韓蒙, https://udn.com/news/story/6809/4910526
         >>> 找到關鍵字 "安全"; 文章資訊: 2020-10-05 00:48:14, 實務落差教室學不會當警察, https://udn.com/news/story/7320/4910396
         >>> 找到關鍵字 "安全"; 文章資訊: 2020-10-05 00:43:50, 川普用實驗新藥白宮醫師談病情避重就輕, https://udn.com/news/story/121707/4910489
         >>> 找到關鍵字 "安全"; 文章資訊: 2020-10-05 00:37:14, 川普確診拜登民調贏10個百分點, https://udn.com/news/story/121687/4910492
         >>> 找到關鍵字 "安全"; 文章資訊: 2020-10-05 00:33:06, 柬埔寨拆除美資援建軍事設施為中國開門, https://udn.com/news/story/6809/4910450
        ------------------------------------------------------
       >> 搜尋關鍵字:"槽車"; 網址:"https://udn.com/search/word/2/槽車"
         <<< 2020-10-05 沒有更多 "槽車" 相關的新聞 !!! >>>
       >> 檔案輸出
        ------------------------------------------------------
      >> 下載新聞內容
      >> 下載 https://udn.com/news/story/7255/4909764, 期貨商論壇樺漢期後市樂觀
      >> 下載 https://udn.com/news/story/7266/4910301, 中秋連假4天石門水庫零進帳
      >> 下載 https://udn.com/news/story/7266/4909600, 中秋連假石門水庫集水區零降雨寄望氣象預測北部變天
      >> 下載 https://udn.com/news/story/7325/4909024, 蕭淑貞接任水公司財務處長各界期盼生涯再創高峰
      >> 下載 https://udn.com/news/story/7266/4908736, 秋天也賞杜鵑花新北年產值逾1億元
      >> 下載 https://udn.com/news/story/6885/4910494, 新課綱現場探究與實作空白課程推給代理師
      >> 下載 https://udn.com/news/story/7266/4910321, 醫病天地面對癌症前基隆議員熬過來了
      >> 下載 https://udn.com/news/story/7266/4910075, 中部41級地震驚醒為何沒警報
      >> 下載 https://udn.com/news/story/6885/4910013, 新課綱探究與實作資深教師躲遠遠代理教師被推坑
      >> 下載 https://udn.com/news/story/6809/4909684, 俄遠東堪察加地區發生海水汙染環團憂生態災難
      >> 下載 https://udn.com/news/story/7266/4909694, 三峽登革熱群聚再增1例77歲嬤關節痛確診
      >> 下載 https://udn.com/news/story/7266/4909605, 又是五寮里筍園三峽登革熱群聚今再增1例
      >> 下載 https://game.udn.com/game/story/121001/4909402, LOLS10世界賽帶你認識小組賽戰隊GroupCD
      >> 下載 https://udn.com/news/story/120944/4909089, 日本將批准疫情新藥民眾憂審核倉促
      >> 下載 https://udn.com/news/story/10930/4909230, 外洩機密資訊審議委員會曝光張哲平鑑定案件多
      >> 下載 https://udn.com/news/story/7338/4910239, 經濟日報社論氣候改革政府不能置身事外
      >> 下載 https://udn.com/news/story/9750/4910419, 美豬接力再戰藍綠相殺3戰場
      >> 下載 https://udn.com/news/story/7266/4910075, 中部41級地震驚醒為何沒警報
      >> 下載 https://udn.com/news/story/7315/4909991, 影台中毒犯逆向騎車警逮人查獲8包海洛因
      >> 下載 https://udn.com/news/story/7321/4909594, 男判11年假釋竟酒駕法官鼓勵他更生逆轉免刑
      >> 下載 https://udn.com/news/story/7321/4909292, 張錫銘假釋遭駁興訟案件移台南地院審理
      >> 下載 https://udn.com/news/story/7314/4909320, 防山豬吊危害黑熊林務局6日商議獵具實名制
      >> 下載 https://udn.com/news/story/7320/4908852, 影男子乾掉1瓶米酒路倒不醒暖警救護警車助返家
      >> 下載 https://udn.com/news/story/7320/4908755, 影機車未待轉穿雙白線左轉廂型車反應不及撞上
      >> 下載 https://udn.com/news/story/7327/4908681, 琉璃蟻大爆發高雄今年已從六龜擴散到甲仙杉林等地
      >> 下載 https://udn.com/news/story/7086/4908595, 法院裁決讓WeChat暫緩被禁美國司法部將提出上訴
      >> 下載 https://udn.com/news/story/7315/4909991, 影台中毒犯逆向騎車警逮人查獲8包海洛因
      >> 下載 https://stars.udn.com/star/story/10090/4909774, 姚以緹回歸雄影暢談龍先生毒癮媽媽
      >> 下載 https://udn.com/news/story/120883/4910529, 疫情是騙局為何歐洲人盲信科學家也講不聽
      >> 下載 https://udn.com/news/story/7314/4910478, 掩埋場飽和焚化廠老舊垃圾處理雙重危機
      >> 下載 https://udn.com/umedia/story/12910/4857759, 當你凝視議題時議題也凝視你
      >> 找不到新聞內容，可能是新聞的格式不同所致。
      >> 下載 https://udn.com/news/story/7325/4908740, 彰化縣打擊環保犯罪4勇士獲環保署頒發金環獎
      >> 下載 https://udn.com/news/story/7270/4908853, 影旅英修藝術設計吳珮蓁做麵包重健康
      >> 下載 https://udn.com/news/story/120883/4910529, 疫情是騙局為何歐洲人盲信科學家也講不聽
      >> 下載 https://udn.com/news/story/7266/4910075, 中部41級地震驚醒為何沒警報
      >> 下載 https://udn.com/news/story/7320/4910396, 實務落差教室學不會當警察
      >> 下載 https://udn.com/news/story/7315/4909991, 影台中毒犯逆向騎車警逮人查獲8包海洛因
      >> 下載 https://udn.com/umedia/story/12910/4857759, 當你凝視議題時議題也凝視你
      >> 找不到新聞內容，可能是新聞的格式不同所致。
      >> 下載 https://udn.com/news/story/7321/4909594, 男判11年假釋竟酒駕法官鼓勵他更生逆轉免刑
      >> 下載 https://udn.com/news/story/7332/4908880, 象棋教練曾墜毒海覆盤成香港十大傑青
      >> 下載 https://udn.com/news/story/7320/4908832, 暖心警察到家抓通緝犯落空卻義助其孤苦貧病老母
      >> 下載 https://udn.com/news/story/7325/4908740, 彰化縣打擊環保犯罪4勇士獲環保署頒發金環獎
      >> 下載 https://udn.com/news/story/9750/4910419, 美豬接力再戰藍綠相殺3戰場
      >> 下載 https://udn.com/news/story/120885/4908872, 王品瓦城明星光環消失老牌餐飲轉型一快一慢求生
      >> 下載 https://udn.com/news/story/7270/4908853, 影旅英修藝術設計吳珮蓁做麵包重健康
      >> 下載 https://health.udn.com/health/story/6017/4908943, 韓柏檉的抗癌餐盤面對面告訴你
      >> 下載 https://udn.com/umedia/story/12751/4894676, 台中逢甲美麵屋手作北方文青風麵屋
      >> 下載 https://udn.com/news/story/7251/4909940, 抗震強勢股達能茂迪商機可期
      >> 下載 https://udn.com/news/story/7266/4910523, 杏輝世達博謙3藥廠列食藥署黑名單
      >> 下載 https://udn.com/news/story/7333/4910192, 大陸黃金儲量連5年破萬噸
      >> 下載 https://udn.com/news/story/7270/4909788, 聯名PINEDE推出手摘紅茶千層小日子茶屋插旗高雄
      >> 下載 https://style.udn.com/style/story/11350/4909788, 聯名PINEDE推出手摘紅茶千層小日子茶屋插旗高雄
      >> 下載 https://udn.com/news/story/7266/4909587, 藥品出包紀錄造假杏輝等三藥廠遭食藥署列黑名單
      >> 下載 https://health.udn.com/health/story/6012/4909587, 藥品出包紀錄造假杏輝等三藥廠遭食藥署列黑名單
      >> 下載 https://udn.com/news/story/7238/4908798, 華為中芯拉貨潮9月出口可望連3紅
      >> 下載 https://udn.com/news/story/7270/4908853, 影旅英修藝術設計吳珮蓁做麵包重健康
      >> 下載 https://udn.com/news/story/7327/4909000, 中秋連假高雄駁二人氣爆棚二伯教戰如何拍特殊團體照
      >> 下載 https://udn.com/news/story/7332/4908924, 跟排隊槓上中國民眾喜迎遲到的春節
      >> 下載 https://udn.com/news/story/7270/4908853, 影旅英修藝術設計吳珮蓁做麵包重健康
      >> 下載 https://udn.com/news/story/7315/4909560, Youtuber曝加利口罩防護率更勝國家隊老闆31字回應
      >> 下載 https://stars.udn.com/star/story/120661/4888216, 超噁男友枕頭10年不換她洗出一缸黑水網勸換對象
      >> 下載 https://udn.com/news/story/7270/4908853, 影旅英修藝術設計吳珮蓁做麵包重健康
      >> 下載 https://udn.com/news/story/6809/4909558, 與亞塞拜然戰火激化亞美尼亞稱面臨歷史性威脅
      >> 下載 https://udn.com/news/story/6999/4909777, 魔球決戰全民公敵運動家有望逐退太空人
      >> 下載 https://udn.com/news/story/7251/4909943, 抗震強勢股亂世避風港
      >> 下載 https://fund.udn.com/fund/story/5856/4909971, 高收債投資級債搶鏡
      >> 下載 https://fund.udn.com/fund/story/5857/4909970, 印度股市補漲空間大
      >> 下載 https://udn.com/news/story/7333/4910274, 華為鴻蒙手機明年上市
      >> 下載 https://udn.com/news/story/7238/4909946, 專家看本周指標歐美消費復甦不夠力
      >> 下載 https://udn.com/news/story/7251/4909948, 抗震強勢股台驊新興動能強勁
      >> 下載 https://udn.com/news/story/7251/4909939, 抗震強勢股大亞萬海法人青睞
      >> 下載 https://udn.com/news/story/121591/4909971, 高收債投資級債搶鏡
      >> 下載 https://udn.com/news/story/121591/4909970, 印度股市補漲空間大
      >> 下載 https://udn.com/news/story/7239/4910246, 玉山銀創新獲IDC數位轉型大獎
      >> 下載 https://udn.com/news/story/7251/4909729, 蔡明彥專欄汽車原物料族群可短打
      >> 下載 https://udn.com/news/story/7251/4909723, 就市論勢半導體面板可留意
      >> 下載 https://udn.com/news/story/7325/4910036, 台中捷運綠線備援大樓完工舊社站擴大轉乘功能
      >> 下載 https://udn.com/news/story/7320/4909825, 防疫津貼遭侵吞冒領高雄市警局實際查核實際請領
      >> 下載 https://udn.com/news/story/7240/4900652, 鴻海不斷投資結盟董座劉揚偉為何趕進度拚33
      >> 下載 https://udn.com/news/story/7320/4909275, 花蓮網美咖啡店慘遭祝融老闆無奈暫停營業
      >> 下載 https://udn.com/news/story/7241/4908939, 前8月積體電路出口創新高貿易成長關鍵動能
      >> 下載 https://udn.com/news/story/7325/4908739, 台中捷運綠線備援行控中心完工強化無人駕駛行車安全
      >> 下載 https://udn.com/news/story/7338/4910239, 經濟日報社論氣候改革政府不能置身事外
      >> 下載 https://udn.com/news/story/7332/4909656, 蘭州布氏桿菌事件啟動賠償受害民眾不買帳
      >> 下載 https://udn.com/news/story/7320/4909052, 中秋連假3天查75間牧場屏縣環保局開罰1間偷排水
      >> 下載 https://udn.com/news/story/7324/4908855, 苗栗空汙防制8年來最好目標4年PM25減少1032噸
      >> 下載 https://udn.com/news/story/7325/4908740, 彰化縣打擊環保犯罪4勇士獲環保署頒發金環獎
      >> 下載 https://udn.com/news/story/7325/4908719, 中市改善空汙多管齊下機車業協助老車報廢拿獎金
      >> 下載 https://udn.com/news/story/7325/4909523, 中火堅不廢煤電組盧祭出都審卡氣電
      >> 下載 https://udn.com/news/story/7325/4909452, 中火增燃氣機組報告書未完整中市府請台電補正
      >> 下載 https://udn.com/news/story/7325/4909189, 中火新增燃氣機組中市府喊暫停要求補資料再審
      >> 下載 https://udn.com/news/story/7320/4909052, 中秋連假3天查75間牧場屏縣環保局開罰1間偷排水
      >> 下載 https://udn.com/news/story/11474/4909966, 塞車舊照亂爆退房潮清境指標旅館闢謠幾乎全滿
      >> 下載 https://udn.com/news/story/7320/4909052, 中秋連假3天查75間牧場屏縣環保局開罰1間偷排水
      >> 下載 https://udn.com/news/story/7325/4908740, 彰化縣打擊環保犯罪4勇士獲環保署頒發金環獎
      >> 下載 https://udn.com/news/story/7266/4910607, 東北風增強越晚越涼出門記得添衣攜帶雨具
      >> 下載 https://udn.com/news/story/6813/4910603, 今天開盤前五件國際事不可不知
      >> 下載 https://udn.com/news/story/121707/4910598, 川普確診染疫美國副總統彭斯篩檢再呈陰性
      >> 下載 https://udn.com/news/story/7240/4910177, 中芯首度證實遭美封殺未來恐遭重大衝擊
      >> 下載 https://udn.com/news/story/7333/4910254, 北京瞭望中美關係兩大腕的敢言
      >> 下載 https://fund.udn.com/fund/story/7488/4909864, 新生兒投保四險不能少
      >> 下載 https://udn.com/news/story/6811/4910285, 川普染疫衝擊美消費信心
      >> 下載 https://udn.com/news/story/7241/4909912, 智慧經營星展銀總座林鑫川強攻數位金融服務
      >> 下載 https://udn.com/news/story/7238/4909941, 新聞中的法律數位發展催速兩問題待解
      >> 下載 https://udn.com/news/story/7266/4910523, 杏輝世達博謙3藥廠列食藥署黑名單
      >> 下載 https://udn.com/news/story/7339/4910520, 從政黨到兩岸和解省思扁第三條路線
      >> 下載 https://udn.com/news/story/7331/4910427, 監院報告港府4次來函指情資交換
      >> 下載 https://udn.com/news/story/7321/4910417, 酒駕肇事機車6成3占大宗
      >> 下載 https://udn.com/news/story/121707/4910528, 川普自推影片好多了醫師最快周一出院
      >> 下載 https://udn.com/news/story/7321/4910397, 無照駕駛擬比照酒駕規範
      >> 下載 https://udn.com/news/story/6809/4910526, 龐培歐亞洲行縮水訪日不訪韓蒙
      >> 下載 https://udn.com/news/story/7320/4910396, 實務落差教室學不會當警察
      >> 下載 https://udn.com/news/story/121707/4910489, 川普用實驗新藥白宮醫師談病情避重就輕
      >> 下載 https://udn.com/news/story/121687/4910492, 川普確診拜登民調贏10個百分點
      >> 下載 https://udn.com/news/story/6809/4910450, 柬埔寨拆除美資援建軍事設施為中國開門
