     -----> 新聞爬蟲：東森新聞報

           <<< 東森新聞報新聞搜尋 >>>
        ------------------------------------------------------
        ------------------------------------------------------
       >> 搜尋關鍵字:"工業用"; 網址:"https://www.ettoday.net/news_search/doSearch.php?keywords=工業用&idx=1&page=1"
         <<< 2020-10-03 沒有更多 "工業用" 相關的新聞 !!! >>>
        ------------------------------------------------------
       >> 搜尋關鍵字:"化工"; 網址:"https://www.ettoday.net/news_search/doSearch.php?keywords=化工&idx=1&page=1"
         >>> 找到關鍵字 "化工"; 文章資訊: 2020-10-02 16:48:00, 他屎意濃括約肌快失守同舍慢慢刷牙犯眾怒下秒被拖出圍毆, https://www.ettoday.net/news/20201002/1823044.htm
         <<< 2020-10-03 沒有更多 "化工" 相關的新聞 !!! >>>
        ------------------------------------------------------
       >> 搜尋關鍵字:"化災"; 網址:"https://www.ettoday.net/news_search/doSearch.php?keywords=化災&idx=1&page=1"
         <<< 2020-10-03 沒有更多 "化災" 相關的新聞 !!! >>>
        ------------------------------------------------------
       >> 搜尋關鍵字:"化學"; 網址:"https://www.ettoday.net/news_search/doSearch.php?keywords=化學&idx=1&page=1"
         >>> 找到關鍵字 "化學"; 文章資訊: 2020-10-02 21:52:00, 友善契作大聯盟新北農業局推優質蜂蜜, https://www.ettoday.net/news/20201002/1823163.htm
         >>> 找到關鍵字 "化學"; 文章資訊: 2020-10-02 15:42:00, 2020諾貝爾3大重點一次看獎金提高頒獎改線上24位得主預測, https://www.ettoday.net/news/20201002/1822793.htm
         >>> 找到關鍵字 "化學"; 文章資訊: 2020-10-02 10:49:00, 川普熱愛速食自爆不禿頭秘訣全因愛吃麥當勞薯條, https://www.ettoday.net/news/20201002/1822770.htm
         >>> 找到關鍵字 "化學"; 文章資訊: 2020-10-02 09:03:00, 防曬一定要30分鐘前擦先搞懂妳買的是哪一種防曬, https://www.ettoday.net/news/20201002/1815115.htm
         <<< 2020-10-03 沒有更多 "化學" 相關的新聞 !!! >>>
        ------------------------------------------------------
       >> 搜尋關鍵字:"外洩"; 網址:"https://www.ettoday.net/news_search/doSearch.php?keywords=外洩&idx=1&page=1"
         >>> 找到關鍵字 "外洩"; 文章資訊: 2020-10-03 00:21:00, 曹格女兒10歲就有超模氣勢短洋裝外洩修長美腿, https://www.ettoday.net/news/20201003/1823183.htm
         <<< 2020-10-03 沒有更多 "外洩" 相關的新聞 !!! >>>
        ------------------------------------------------------
       >> 搜尋關鍵字:"危害"; 網址:"https://www.ettoday.net/news_search/doSearch.php?keywords=危害&idx=1&page=1"
         >>> 找到關鍵字 "危害"; 文章資訊: 2020-10-02 20:28:00, 胸部癢爆是內衣太髒醫曝3噁菌養好養滿沒臭酸隔天繼續穿, https://www.ettoday.net/news/20201002/1822498.htm
         >>> 找到關鍵字 "危害"; 文章資訊: 2020-10-02 16:54:00, 捷運站亂吐紅湯汁保全勸阻無效檳榔哥嗆回家拿刀來找你, https://www.ettoday.net/news/20201002/1823050.htm
         >>> 找到關鍵字 "危害"; 文章資訊: 2020-10-02 16:27:00, 煮大骨湯1步驟害重金屬噴出最毒部位猛吸超過Og也慘了, https://www.ettoday.net/news/20201002/1822821.htm
         >>> 找到關鍵字 "危害"; 文章資訊: 2020-10-02 13:52:00, 川普確診陸官媒總編他一直拒戴口罩現在付出代價了, https://www.ettoday.net/news/20201002/1822927.htm
         >>> 找到關鍵字 "危害"; 文章資訊: 2020-10-02 11:38:00, 偽裝熊貓外送員快遞毒餐保溫箱藏16包毒咖啡超商前落網, https://www.ettoday.net/news/20201002/1822782.htm
         >>> 找到關鍵字 "危害"; 文章資訊: 2020-10-02 10:10:00, 未滿12歲這3類鞭炮不得燃放麟洛消防趁中秋加強宣傳, https://www.ettoday.net/news/20201002/1822730.htm
         <<< 2020-10-03 沒有更多 "危害" 相關的新聞 !!! >>>
        ------------------------------------------------------
       >> 搜尋關鍵字:"有毒"; 網址:"https://www.ettoday.net/news_search/doSearch.php?keywords=有毒&idx=1&page=1"
         <<< 2020-10-03 沒有更多 "有毒" 相關的新聞 !!! >>>
        ------------------------------------------------------
       >> 搜尋關鍵字:"有害"; 網址:"https://www.ettoday.net/news_search/doSearch.php?keywords=有害&idx=1&page=1"
         >>> 找到關鍵字 "有害"; 文章資訊: 2020-10-02 18:41:00, 偷看媽做菜虎斑貓淚流不止轉頭大哭網笑這下QQ了, https://www.ettoday.net/news/20201002/1823053.htm
         >>> 找到關鍵字 "有害"; 文章資訊: 2020-10-02 17:43:00, 這款芭樂啤酒要你沾梅粉一起乾浮誇瓶身引網討論, https://www.ettoday.net/news/20201002/1820960.htm
         >>> 找到關鍵字 "有害"; 文章資訊: 2020-10-02 11:42:00, 天然木瓜牛奶論壇約壞他一看秒奔手剛往下摸結局反轉, https://www.ettoday.net/news/20201002/1822781.htm
         <<< 2020-10-03 沒有更多 "有害" 相關的新聞 !!! >>>
        ------------------------------------------------------
       >> 搜尋關鍵字:"色料"; 網址:"https://www.ettoday.net/news_search/doSearch.php?keywords=色料&idx=1&page=1"
         <<< 2020-10-03 沒有更多 "色料" 相關的新聞 !!! >>>
        ------------------------------------------------------
       >> 搜尋關鍵字:"色素"; 網址:"https://www.ettoday.net/news_search/doSearch.php?keywords=色素&idx=1&page=1"
         >>> 找到關鍵字 "色素"; 文章資訊: 2020-10-02 21:30:00, 柚子抗氧化助排便維生素C是檸檬15倍來學5道料理應景又美味, https://www.ettoday.net/news/20201002/1822773.htm
         >>> 找到關鍵字 "色素"; 文章資訊: 2020-10-02 07:12:00, 痘痘肌必收Dcard狂推15款卸妝水搭配一招還能代謝淺層粉刺, https://www.ettoday.net/news/20201002/1820784.htm
         <<< 2020-10-03 沒有更多 "色素" 相關的新聞 !!! >>>
        ------------------------------------------------------
       >> 搜尋關鍵字:"毒性"; 網址:"https://www.ettoday.net/news_search/doSearch.php?keywords=毒性&idx=1&page=1"
         >>> 找到關鍵字 "毒性"; 文章資訊: 2020-10-02 18:43:00, 如何認識新冠病毒中研院院士賴明詔為醫師講課, https://www.ettoday.net/news/20201002/1823098.htm
         <<< 2020-10-03 沒有更多 "毒性" 相關的新聞 !!! >>>
        ------------------------------------------------------
       >> 搜尋關鍵字:"毒品"; 網址:"https://www.ettoday.net/news_search/doSearch.php?keywords=毒品&idx=1&page=1"
         >>> 找到關鍵字 "毒品"; 文章資訊: 2020-10-03 07:13:00, 饒河夜市大地主二代逆孽奪產驚人身家起底殘忍毆母收押, https://www.ettoday.net/news/20201003/1823219.htm
         >>> 找到關鍵字 "毒品"; 文章資訊: 2020-10-02 17:55:00, 抓到了通緝男誆換機摸走2iPhone遇警拒捕打傷副所長, https://www.ettoday.net/news/20201002/1823019.htm
         >>> 找到關鍵字 "毒品"; 文章資訊: 2020-10-02 15:37:00, 逆襲的男人女友被奪又涉毒落網他怒咬現任新歡是雙槍俠, https://www.ettoday.net/news/20201002/1822988.htm
         >>> 找到關鍵字 "毒品"; 文章資訊: 2020-10-02 14:03:00, 盼宗教融入宣導戒毒工作高雄毒防局訪佛光山交流七誡精神, https://www.ettoday.net/news/20201002/1822942.htm
         >>> 找到關鍵字 "毒品"; 文章資訊: 2020-10-02 11:38:00, 偽裝熊貓外送員快遞毒餐保溫箱藏16包毒咖啡超商前落網, https://www.ettoday.net/news/20201002/1822782.htm
         <<< 2020-10-03 沒有更多 "毒品" 相關的新聞 !!! >>>
        ------------------------------------------------------
       >> 搜尋關鍵字:"致癌"; 網址:"https://www.ettoday.net/news_search/doSearch.php?keywords=致癌&idx=1&page=1"
         <<< 2020-10-03 沒有更多 "致癌" 相關的新聞 !!! >>>
        ------------------------------------------------------
       >> 搜尋關鍵字:"重金屬"; 網址:"https://www.ettoday.net/news_search/doSearch.php?keywords=重金屬&idx=1&page=1"
         >>> 找到關鍵字 "重金屬"; 文章資訊: 2020-10-02 16:27:00, 煮大骨湯1步驟害重金屬噴出最毒部位猛吸超過Og也慘了, https://www.ettoday.net/news/20201002/1822821.htm
         <<< 2020-10-03 沒有更多 "重金屬" 相關的新聞 !!! >>>
        ------------------------------------------------------
       >> 搜尋關鍵字:"食安"; 網址:"https://www.ettoday.net/news_search/doSearch.php?keywords=食安&idx=1&page=1"
         <<< 2020-10-03 沒有更多 "食安" 相關的新聞 !!! >>>
        ------------------------------------------------------
       >> 搜尋關鍵字:"香料"; 網址:"https://www.ettoday.net/news_search/doSearch.php?keywords=香料&idx=1&page=1"
         >>> 找到關鍵字 "香料"; 文章資訊: 2020-10-02 18:00:00, 每口都是銷魂海味高雄超狂爆漿鱈魚卵雞排還有限量隱藏版必吃, https://www.ettoday.net/news/20201002/1822915.htm
         <<< 2020-10-03 沒有更多 "香料" 相關的新聞 !!! >>>
        ------------------------------------------------------
       >> 搜尋關鍵字:"原料"; 網址:"https://www.ettoday.net/news_search/doSearch.php?keywords=原料&idx=1&page=1"
         <<< 2020-10-03 沒有更多 "原料" 相關的新聞 !!! >>>
        ------------------------------------------------------
       >> 搜尋關鍵字:"氣爆"; 網址:"https://www.ettoday.net/news_search/doSearch.php?keywords=氣爆&idx=1&page=1"
         <<< 2020-10-03 沒有更多 "氣爆" 相關的新聞 !!! >>>
        ------------------------------------------------------
       >> 搜尋關鍵字:"添加物"; 網址:"https://www.ettoday.net/news_search/doSearch.php?keywords=添加物&idx=1&page=1"
         <<< 2020-10-03 沒有更多 "添加物" 相關的新聞 !!! >>>
        ------------------------------------------------------
       >> 搜尋關鍵字:"黑心"; 網址:"https://www.ettoday.net/news_search/doSearch.php?keywords=黑心&idx=1&page=1"
         <<< 2020-10-03 沒有更多 "黑心" 相關的新聞 !!! >>>
        ------------------------------------------------------
       >> 搜尋關鍵字:"漂白"; 網址:"https://www.ettoday.net/news_search/doSearch.php?keywords=漂白&idx=1&page=1"
         >>> 找到關鍵字 "漂白"; 文章資訊: 2020-10-02 15:19:00, 仿辛普森惡搞川普躺棺材推特狂酸確診新冠鐵粉炸怒, https://www.ettoday.net/news/20201002/1822933.htm
         <<< 2020-10-03 沒有更多 "漂白" 相關的新聞 !!! >>>
        ------------------------------------------------------
       >> 搜尋關鍵字:"爆炸"; 網址:"https://www.ettoday.net/news_search/doSearch.php?keywords=爆炸&idx=1&page=1"
         >>> 找到關鍵字 "爆炸"; 文章資訊: 2020-10-02 18:00:00, 每口都是銷魂海味高雄超狂爆漿鱈魚卵雞排還有限量隱藏版必吃, https://www.ettoday.net/news/20201002/1822915.htm
         >>> 找到關鍵字 "爆炸"; 文章資訊: 2020-10-02 17:00:00, 金曲31典禮倒數一天精彩6大看點入圍頒獎表演都超大咖, https://www.ettoday.net/news/20201002/1823022.htm
         >>> 找到關鍵字 "爆炸"; 文章資訊: 2020-10-02 14:21:00, 垃圾淹沒民宅隔壁妹哭喊一直撿又不賣苦主曝1招超有效, https://www.ettoday.net/news/20201002/1810463.htm
         >>> 找到關鍵字 "爆炸"; 文章資訊: 2020-10-02 12:34:00, 比太陽亮50億倍NASA釋出超新星SN2018gv影像曝光, https://www.ettoday.net/news/20201002/1822784.htm
         <<< 2020-10-03 沒有更多 "爆炸" 相關的新聞 !!! >>>
        ------------------------------------------------------
       >> 搜尋關鍵字:"新興"; 網址:"https://www.ettoday.net/news_search/doSearch.php?keywords=新興&idx=1&page=1"
         >>> 找到關鍵字 "新興"; 文章資訊: 2020-10-03 07:00:00, 捷運線兩世界環狀線2字頭成絕響天龍地虎單價差20萬, https://www.ettoday.net/news/20201003/1818605.htm
         >>> 找到關鍵字 "新興"; 文章資訊: 2020-10-02 16:10:00, 新高雄車站帶動周邊房市李天鐸打造豪宅級地標大樓自住置產客搶進, https://www.ettoday.net/news/20201002/1815558.htm
         >>> 找到關鍵字 "新興"; 文章資訊: 2020-10-02 14:30:00, 低利率環境資金持續流入新興市場投信長期投資亞洲高收益債正是時候, https://www.ettoday.net/news/20201002/1822613.htm
         >>> 找到關鍵字 "新興"; 文章資訊: 2020-10-02 11:51:00, 南海台海戰機猛飛外媒曝台灣人其實超緊張中方嗆勿阻祖國統一, https://www.ettoday.net/news/20201002/1822772.htm
         >>> 找到關鍵字 "新興"; 文章資訊: 2020-10-02 09:58:00, 美報告抗中紅地圖沒台灣網嗨爆挺我正名台灣代表處, https://www.ettoday.net/news/20201002/1822700.htm
         >>> 找到關鍵字 "新興"; 文章資訊: 2020-10-02 07:14:00, 王宇婕沒什麼存款靠1理財習慣買下第一間房N年後擁3房身價曝, https://www.ettoday.net/news/20201002/1822669.htm
         <<< 2020-10-03 沒有更多 "新興" 相關的新聞 !!! >>>
        ------------------------------------------------------
       >> 搜尋關鍵字:"爆裂物"; 網址:"https://www.ettoday.net/news_search/doSearch.php?keywords=爆裂物&idx=1&page=1"
         <<< 2020-10-03 沒有更多 "爆裂物" 相關的新聞 !!! >>>
        ------------------------------------------------------
       >> 搜尋關鍵字:"IED"; 網址:"https://www.ettoday.net/news_search/doSearch.php?keywords=IED&idx=1&page=1"
         <<< 2020-10-03 沒有更多 "IED" 相關的新聞 !!! >>>
        ------------------------------------------------------
       >> 搜尋關鍵字:"排放"; 網址:"https://www.ettoday.net/news_search/doSearch.php?keywords=排放&idx=1&page=1"
         <<< 2020-10-03 沒有更多 "排放" 相關的新聞 !!! >>>
        ------------------------------------------------------
       >> 搜尋關鍵字:"污染"; 網址:"https://www.ettoday.net/news_search/doSearch.php?keywords=污染&idx=1&page=1"
         <<< 2020-10-03 沒有更多 "污染" 相關的新聞 !!! >>>
        ------------------------------------------------------
       >> 搜尋關鍵字:"廢水"; 網址:"https://www.ettoday.net/news_search/doSearch.php?keywords=廢水&idx=1&page=1"
         <<< 2020-10-03 沒有更多 "廢水" 相關的新聞 !!! >>>
        ------------------------------------------------------
       >> 搜尋關鍵字:"污水"; 網址:"https://www.ettoday.net/news_search/doSearch.php?keywords=污水&idx=1&page=1"
         <<< 2020-10-03 沒有更多 "污水" 相關的新聞 !!! >>>
        ------------------------------------------------------
       >> 搜尋關鍵字:"洩漏"; 網址:"https://www.ettoday.net/news_search/doSearch.php?keywords=洩漏&idx=1&page=1"
         >>> 找到關鍵字 "洩漏"; 文章資訊: 2020-10-02 12:15:00, 金曲最後倒數21頒獎人名單首曝光Ella蔡依林徐若瑄全都來了, https://www.ettoday.net/news/20201002/1822824.htm
         <<< 2020-10-03 沒有更多 "洩漏" 相關的新聞 !!! >>>
        ------------------------------------------------------
       >> 搜尋關鍵字:"暗管"; 網址:"https://www.ettoday.net/news_search/doSearch.php?keywords=暗管&idx=1&page=1"
         <<< 2020-10-03 沒有更多 "暗管" 相關的新聞 !!! >>>
        ------------------------------------------------------
       >> 搜尋關鍵字:"偷排"; 網址:"https://www.ettoday.net/news_search/doSearch.php?keywords=偷排&idx=1&page=1"
         <<< 2020-10-03 沒有更多 "偷排" 相關的新聞 !!! >>>
        ------------------------------------------------------
       >> 搜尋關鍵字:"安全"; 網址:"https://www.ettoday.net/news_search/doSearch.php?keywords=安全&idx=1&page=1"
         >>> 找到關鍵字 "安全"; 文章資訊: 2020-10-03 06:03:00, 美國務卿將訪日韓蒙古國務院目前沒考慮去台灣, https://www.ettoday.net/news/20201003/1823207.htm
         >>> 找到關鍵字 "安全"; 文章資訊: 2020-10-03 00:44:00, 陳一新川普染疫拜登可以躺著選, https://www.ettoday.net/news/20201003/1823188.htm
         >>> 找到關鍵字 "安全"; 文章資訊: 2020-10-03 00:12:00, 川普夫妻染疫白宮隔離中梅蘭妮亞推特曝光病況, https://www.ettoday.net/news/20201003/1823179.htm
         >>> 找到關鍵字 "安全"; 文章資訊: 2020-10-02 22:56:00, 川普確診第1天正在官邸辦公白宮官員曝病況有輕微症狀, https://www.ettoday.net/news/20201002/1823173.htm
         >>> 找到關鍵字 "安全"; 文章資訊: 2020-10-02 22:50:00, 川普夫婦確診中國外交部希望他們早日康復, https://www.ettoday.net/news/20201002/1823170.htm
         >>> 找到關鍵字 "安全"; 文章資訊: 2020-10-02 21:49:00, 快訊老爸確診震驚全球女兒伊凡卡檢測結果出爐了, https://www.ettoday.net/news/20201002/1823164.htm
         >>> 找到關鍵字 "安全"; 文章資訊: 2020-10-02 20:55:00, 快訊川普夫妻確診新冠肺炎拜登回應了, https://www.ettoday.net/news/20201002/1823147.htm
         >>> 找到關鍵字 "安全"; 文章資訊: 2020-10-02 19:23:00, 快訊台中男溺斃水面浮拖鞋路人嚇傻遺體卡攔沙壩底部, https://www.ettoday.net/news/20201002/1823120.htm
         >>> 找到關鍵字 "安全"; 文章資訊: 2020-10-02 18:57:00, 小阿魯女騎士險遭路殺車友揪平鎮警分局旁中秋烤肉, https://www.ettoday.net/news/20201002/1823109.htm
         >>> 找到關鍵字 "安全"; 文章資訊: 2020-10-02 18:46:00, 野柳夜訪女王頭人潮灌爆金山警分局加強交管疏導嚴陣應對, https://www.ettoday.net/news/20201002/1823106.htm
        ------------------------------------------------------
       >> 搜尋關鍵字:"槽車"; 網址:"https://www.ettoday.net/news_search/doSearch.php?keywords=槽車&idx=1&page=1"
         <<< 2020-10-03 沒有更多 "槽車" 相關的新聞 !!! >>>
       >> 檔案輸出
        ------------------------------------------------------
      >> 下載新聞內容
      >> 下載 https://www.ettoday.net/news/20201002/1823044.htm, 他屎意濃括約肌快失守同舍慢慢刷牙犯眾怒下秒被拖出圍毆
      >> 下載 https://www.ettoday.net/news/20201002/1823163.htm, 友善契作大聯盟新北農業局推優質蜂蜜
      >> 下載 https://www.ettoday.net/news/20201002/1822793.htm, 2020諾貝爾3大重點一次看獎金提高頒獎改線上24位得主預測
      >> 下載 https://www.ettoday.net/news/20201002/1822770.htm, 川普熱愛速食自爆不禿頭秘訣全因愛吃麥當勞薯條
      >> 下載 https://www.ettoday.net/news/20201002/1815115.htm, 防曬一定要30分鐘前擦先搞懂妳買的是哪一種防曬
      >> 下載 https://www.ettoday.net/news/20201003/1823183.htm, 曹格女兒10歲就有超模氣勢短洋裝外洩修長美腿
      >> 下載 https://www.ettoday.net/news/20201002/1822498.htm, 胸部癢爆是內衣太髒醫曝3噁菌養好養滿沒臭酸隔天繼續穿
      >> 下載 https://www.ettoday.net/news/20201002/1823050.htm, 捷運站亂吐紅湯汁保全勸阻無效檳榔哥嗆回家拿刀來找你
      >> 下載 https://www.ettoday.net/news/20201002/1822821.htm, 煮大骨湯1步驟害重金屬噴出最毒部位猛吸超過Og也慘了
      >> 下載 https://www.ettoday.net/news/20201002/1822927.htm, 川普確診陸官媒總編他一直拒戴口罩現在付出代價了
      >> 下載 https://www.ettoday.net/news/20201002/1822782.htm, 偽裝熊貓外送員快遞毒餐保溫箱藏16包毒咖啡超商前落網
      >> 下載 https://www.ettoday.net/news/20201002/1822730.htm, 未滿12歲這3類鞭炮不得燃放麟洛消防趁中秋加強宣傳
      >> 下載 https://www.ettoday.net/news/20201002/1823053.htm, 偷看媽做菜虎斑貓淚流不止轉頭大哭網笑這下QQ了
      >> 下載 https://www.ettoday.net/news/20201002/1820960.htm, 這款芭樂啤酒要你沾梅粉一起乾浮誇瓶身引網討論
      >> 下載 https://www.ettoday.net/news/20201002/1822781.htm, 天然木瓜牛奶論壇約壞他一看秒奔手剛往下摸結局反轉
      >> 下載 https://www.ettoday.net/news/20201002/1822773.htm, 柚子抗氧化助排便維生素C是檸檬15倍來學5道料理應景又美味
      >> 下載 https://www.ettoday.net/news/20201002/1820784.htm, 痘痘肌必收Dcard狂推15款卸妝水搭配一招還能代謝淺層粉刺
      >> 下載 https://www.ettoday.net/news/20201002/1823098.htm, 如何認識新冠病毒中研院院士賴明詔為醫師講課
      >> 下載 https://www.ettoday.net/news/20201003/1823219.htm, 饒河夜市大地主二代逆孽奪產驚人身家起底殘忍毆母收押
      >> 下載 https://www.ettoday.net/news/20201002/1823019.htm, 抓到了通緝男誆換機摸走2iPhone遇警拒捕打傷副所長
      >> 下載 https://www.ettoday.net/news/20201002/1822988.htm, 逆襲的男人女友被奪又涉毒落網他怒咬現任新歡是雙槍俠
      >> 下載 https://www.ettoday.net/news/20201002/1822942.htm, 盼宗教融入宣導戒毒工作高雄毒防局訪佛光山交流七誡精神
      >> 下載 https://www.ettoday.net/news/20201002/1822782.htm, 偽裝熊貓外送員快遞毒餐保溫箱藏16包毒咖啡超商前落網
      >> 下載 https://www.ettoday.net/news/20201002/1822821.htm, 煮大骨湯1步驟害重金屬噴出最毒部位猛吸超過Og也慘了
      >> 下載 https://www.ettoday.net/news/20201002/1822915.htm, 每口都是銷魂海味高雄超狂爆漿鱈魚卵雞排還有限量隱藏版必吃
      >> 下載 https://www.ettoday.net/news/20201002/1822933.htm, 仿辛普森惡搞川普躺棺材推特狂酸確診新冠鐵粉炸怒
      >> 下載 https://www.ettoday.net/news/20201002/1822915.htm, 每口都是銷魂海味高雄超狂爆漿鱈魚卵雞排還有限量隱藏版必吃
      >> 下載 https://www.ettoday.net/news/20201002/1823022.htm, 金曲31典禮倒數一天精彩6大看點入圍頒獎表演都超大咖
      >> 下載 https://www.ettoday.net/news/20201002/1810463.htm, 垃圾淹沒民宅隔壁妹哭喊一直撿又不賣苦主曝1招超有效
      >> 下載 https://www.ettoday.net/news/20201002/1822784.htm, 比太陽亮50億倍NASA釋出超新星SN2018gv影像曝光
      >> 下載 https://www.ettoday.net/news/20201003/1818605.htm, 捷運線兩世界環狀線2字頭成絕響天龍地虎單價差20萬
      >> 下載 https://www.ettoday.net/news/20201002/1815558.htm, 新高雄車站帶動周邊房市李天鐸打造豪宅級地標大樓自住置產客搶進
      >> 下載 https://www.ettoday.net/news/20201002/1822613.htm, 低利率環境資金持續流入新興市場投信長期投資亞洲高收益債正是時候
      >> 下載 https://www.ettoday.net/news/20201002/1822772.htm, 南海台海戰機猛飛外媒曝台灣人其實超緊張中方嗆勿阻祖國統一
      >> 下載 https://www.ettoday.net/news/20201002/1822700.htm, 美報告抗中紅地圖沒台灣網嗨爆挺我正名台灣代表處
      >> 下載 https://www.ettoday.net/news/20201002/1822669.htm, 王宇婕沒什麼存款靠1理財習慣買下第一間房N年後擁3房身價曝
      >> 下載 https://www.ettoday.net/news/20201002/1822824.htm, 金曲最後倒數21頒獎人名單首曝光Ella蔡依林徐若瑄全都來了
      >> 下載 https://www.ettoday.net/news/20201003/1823207.htm, 美國務卿將訪日韓蒙古國務院目前沒考慮去台灣
      >> 下載 https://www.ettoday.net/news/20201003/1823188.htm, 陳一新川普染疫拜登可以躺著選
      >> 下載 https://www.ettoday.net/news/20201003/1823179.htm, 川普夫妻染疫白宮隔離中梅蘭妮亞推特曝光病況
      >> 下載 https://www.ettoday.net/news/20201002/1823173.htm, 川普確診第1天正在官邸辦公白宮官員曝病況有輕微症狀
      >> 下載 https://www.ettoday.net/news/20201002/1823170.htm, 川普夫婦確診中國外交部希望他們早日康復
      >> 下載 https://www.ettoday.net/news/20201002/1823164.htm, 快訊老爸確診震驚全球女兒伊凡卡檢測結果出爐了
      >> 下載 https://www.ettoday.net/news/20201002/1823147.htm, 快訊川普夫妻確診新冠肺炎拜登回應了
      >> 下載 https://www.ettoday.net/news/20201002/1823120.htm, 快訊台中男溺斃水面浮拖鞋路人嚇傻遺體卡攔沙壩底部
      >> 下載 https://www.ettoday.net/news/20201002/1823109.htm, 小阿魯女騎士險遭路殺車友揪平鎮警分局旁中秋烤肉
      >> 下載 https://www.ettoday.net/news/20201002/1823106.htm, 野柳夜訪女王頭人潮灌爆金山警分局加強交管疏導嚴陣應對
