     -----> 新聞爬蟲：聯合新聞網

           <<< 聯合新聞網新聞搜尋 >>>
        ------------------------------------------------------
        ------------------------------------------------------
       >> 搜尋關鍵字:"工業用"; 網址:"https://udn.com/search/word/2/工業用"
         >>> 找到關鍵字 "工業用"; 文章資訊: 2020-10-12 17:35:04, 鄭文燦李孟居案有設計的狀況, https://udn.com/news/story/121732/4929637
         >>> 找到關鍵字 "工業用"; 文章資訊: 2020-10-12 13:00:10, 環泥躋身蘋概股股價急攻漲停, https://udn.com/news/story/7252/4928907
         >>> 找到關鍵字 "工業用"; 文章資訊: 2020-10-12 12:41:44, 鈞興KY訂單能見度到年底第4季營運不看淡, https://udn.com/news/story/7240/4928811
         <<< 2020-10-13 沒有更多 "工業用" 相關的新聞 !!! >>>
        ------------------------------------------------------
       >> 搜尋關鍵字:"化工"; 網址:"https://udn.com/search/word/2/化工"
         >>> 找到關鍵字 "化工"; 文章資訊: 2020-10-13 07:24:07, 影鐵路地下化工程員警拖行架走聲援黃春香家群眾, https://udn.com/news/story/7326/4930892
         >>> 找到關鍵字 "化工"; 文章資訊: 2020-10-13 06:43:04, 中工處凌晨奇襲準備強拆南鐵地下化拒遷戶, https://udn.com/news/story/7326/4930875
         >>> 找到關鍵字 "化工"; 文章資訊: 2020-10-13 05:23:11, 直播台南鐵路地下化工程架圍籬群眾和員警發生推擠衝突, https://udn.com/news/story/7326/4930859
         >>> 找到關鍵字 "化工"; 文章資訊: 2020-10-13 02:05:00, 15檔雙成長帶多頭上攻, https://udn.com/news/story/7251/4930530
         >>> 找到關鍵字 "化工"; 文章資訊: 2020-10-13 00:03:14, 吳晟樹與樹葬致內政部民政司殯葬管理科上, https://udn.com/news/story/12661/4929771
         >>> 找到關鍵字 "化工"; 文章資訊: 2020-10-12 17:27:08, 上銀集團總裁卓永財連三屆入選CEOTOP100強, https://udn.com/news/story/7240/4929643
         <<< 2020-10-13 沒有更多 "化工" 相關的新聞 !!! >>>
        ------------------------------------------------------
       >> 搜尋關鍵字:"化災"; 網址:"https://udn.com/search/word/2/化災"
         <<< 2020-10-13 沒有更多 "化災" 相關的新聞 !!! >>>
        ------------------------------------------------------
       >> 搜尋關鍵字:"化學"; 網址:"https://udn.com/search/word/2/化學"
         >>> 找到關鍵字 "化學"; 文章資訊: 2020-10-13 02:17:00, 樂金化學營收獲利創新高, https://udn.com/news/story/6811/4930356
         >>> 找到關鍵字 "化學"; 文章資訊: 2020-10-13 00:23:10, 課表大考驗排得出來就不錯了, https://udn.com/news/story/6898/4930719
         >>> 找到關鍵字 "化學"; 文章資訊: 2020-10-13 00:17:13, 諾貝爾科學獎美國大學拿最多女性得獎比例攀升, https://udn.com/news/story/120764/4930746
         >>> 找到關鍵字 "化學"; 文章資訊: 2020-10-12 22:08:09, 瞄準11億商機牡蠣殼變加熱包餐包加冷水就能燒滾滾, https://udn.com/news/story/7266/4930157
         >>> 找到關鍵字 "化學"; 文章資訊: 2020-10-12 22:07:02, 瞄準11億商機牡蠣殼變加熱包餐包加冷水就能燒滾滾, https://style.udn.com/style/story/11350/4930157
         >>> 找到關鍵字 "化學"; 文章資訊: 2020-10-12 20:14:07, Kona電動車電池恐起火現代汽車擴大召回51萬輛, https://udn.com/news/story/6811/4929774
         >>> 找到關鍵字 "化學"; 文章資訊: 2020-10-12 19:53:52, 諾貝爾經濟學獎揭曉2美國得主都是史丹佛大學名師, https://udn.com/news/story/120764/4929897
         >>> 找到關鍵字 "化學"; 文章資訊: 2020-10-12 19:25:02, 絞肉到底要不要洗內行曝這樣洗小心細菌吃下肚, https://udn.com/news/story/7266/4929588
         >>> 找到關鍵字 "化學"; 文章資訊: 2020-10-12 19:11:08, 崇越電訂單回溫9月營收創今年新高, https://udn.com/news/story/7241/4929795
         >>> 找到關鍵字 "化學"; 文章資訊: 2020-10-12 17:54:06, 諾貝爾經濟學獎揭曉美國2學者拍賣理論獲獎, https://udn.com/news/story/120764/4929704
         >>> 找到關鍵字 "化學"; 文章資訊: 2020-10-12 17:04:08, 影水試所首創牡蠣殼發熱套組天然環保安全, https://udn.com/news/story/7241/4929582
         >>> 找到關鍵字 "化學"; 文章資訊: 2020-10-12 16:47:52, NBA不只是球星巴特勒季後賽展現巨星風範, https://udn.com/news/story/7002/4929512
         >>> 找到關鍵字 "化學"; 文章資訊: 2020-10-12 15:45:50, AXIO時空跨界包超越想像的5in1快取設計, https://udn.com/news/story/7270/4928744
         >>> 找到關鍵字 "化學"; 文章資訊: 2020-10-12 15:39:00, 膽管癌傳統手術效果有效醫次世代基因定序有新契機, https://health.udn.com/health/story/6015/4928720
         >>> 找到關鍵字 "化學"; 文章資訊: 2020-10-12 15:09:05, 樂金化學上季營業利益創新高電動車電池需求超夯, https://udn.com/news/story/6811/4929302
         >>> 找到關鍵字 "化學"; 文章資訊: 2020-10-12 14:37:37, 好讀周報上周大事懶人包誰獲諾貝爾獎新喀里多尼亞獨立失敗, https://udn.com/news/story/6904/4926249
         >>> 找到關鍵字 "化學"; 文章資訊: 2020-10-12 14:11:04, NBA10年9度總冠軍賽球評詹姆斯到那隊都能奪冠, https://udn.com/news/story/7002/4929027
         >>> 找到關鍵字 "化學"; 文章資訊: 2020-10-12 13:12:09, 威士忌也有指紋未來可作為分辨假酒依據, https://udn.com/news/story/7187/4928945
         >>> 找到關鍵字 "化學"; 文章資訊: 2020-10-12 13:12:09, 威士忌也有指紋未來可作為分辨假酒依據, https://udn.com/news/story/7266/4928945
         >>> 找到關鍵字 "化學"; 文章資訊: 2020-10-12 11:58:08, 膽管癌傳統手術效果有效醫次世代基因定序有新契機, https://udn.com/news/story/7266/4928720
        ------------------------------------------------------
       >> 搜尋關鍵字:"外洩"; 網址:"https://udn.com/search/word/2/外洩"
         >>> 找到關鍵字 "外洩"; 文章資訊: 2020-10-13 03:47:10, 科技人文聯合講座你是不是你的你04840d0, https://udn.com/news/story/7339/4930447
         <<< 2020-10-13 沒有更多 "外洩" 相關的新聞 !!! >>>
        ------------------------------------------------------
       >> 搜尋關鍵字:"危害"; 網址:"https://udn.com/search/word/2/危害"
         >>> 找到關鍵字 "危害"; 文章資訊: 2020-10-13 03:32:11, 風電三隻腳再生能源發展需永續視野, https://udn.com/news/story/7339/4930443
         >>> 找到關鍵字 "危害"; 文章資訊: 2020-10-13 00:39:11, 31廚房塞大樓地下室議員憂公安, https://udn.com/news/story/7323/4930220
         >>> 找到關鍵字 "危害"; 文章資訊: 2020-10-12 18:26:00, 萊劑美豬公聽會學者正反意見不一, https://health.udn.com/health/story/6010/4929503
         >>> 找到關鍵字 "危害"; 文章資訊: 2020-10-12 17:34:00, 美豬萊不萊陳時中昨是今非爭議可以止了, https://health.udn.com/health/story/6010/4929520
         >>> 找到關鍵字 "危害"; 文章資訊: 2020-10-12 17:17:03, 2歲以下幼童吃萊豬陳時中不鼓勵但沒禁止, https://udn.com/news/story/9750/4929504
         >>> 找到關鍵字 "危害"; 文章資訊: 2020-10-12 17:16:04, 萊劑美豬公聽會學者正反意見不一, https://udn.com/news/story/9750/4929503
         >>> 找到關鍵字 "危害"; 文章資訊: 2020-10-12 16:42:05, 美豬萊不萊陳時中昨是今非爭議可以止了, https://udn.com/news/story/9750/4929520
         >>> 找到關鍵字 "危害"; 文章資訊: 2020-10-12 16:38:14, 大安區大樓地下塞31個廚房上百爐火24小時運作憂公安, https://udn.com/news/story/7323/4929516
         >>> 找到關鍵字 "危害"; 文章資訊: 2020-10-12 15:58:18, 賓士車議員助理停車證擋在斑馬線身障斜坡道惹怒, https://udn.com/news/story/7324/4929412
         >>> 找到關鍵字 "危害"; 文章資訊: 2020-10-12 15:37:06, 綠色採購排名前3元大金控連九年獲表揚, https://udn.com/news/story/7239/4929365
         >>> 找到關鍵字 "危害"; 文章資訊: 2020-10-12 15:34:03, 楊志良批宣傳美豬沒人格陳時中人身攻擊不好, https://udn.com/news/story/9750/4929358
         >>> 找到關鍵字 "危害"; 文章資訊: 2020-10-12 15:16:04, 李孟居危害國家安全陳亞麟台灣隨手拍也不會怎樣, https://udn.com/news/story/121732/4929320
         >>> 找到關鍵字 "危害"; 文章資訊: 2020-10-12 15:03:06, 澳大利亞籍華裔作家楊恆均案傳近期開庭友人健康堪憂, https://udn.com/news/story/6809/4929253
         >>> 找到關鍵字 "危害"; 文章資訊: 2020-10-12 13:16:03, 首波違建強拆收費新北市庫入帳85萬元, https://house.udn.com/house/story/5886/4928960
         >>> 找到關鍵字 "危害"; 文章資訊: 2020-10-12 13:02:12, 4縣市實施非農地除草劑管理條例學者台中快跟上, https://udn.com/news/story/7327/4928918
         >>> 找到關鍵字 "危害"; 文章資訊: 2020-10-12 11:33:08, 影瘦肉精公聽會媽媽訴誰來保護幼兒, https://udn.com/news/story/7266/4928627
         >>> 找到關鍵字 "危害"; 文章資訊: 2020-10-12 10:18:06, 管轄網路犯罪五眼聯盟籲加密程式開後門, https://udn.com/news/story/6812/4928363
         >>> 找到關鍵字 "危害"; 文章資訊: 2020-10-12 10:16:07, 僅因行車糾紛男子糾集11名少年示威暴力恐嚇判刑6月, https://udn.com/news/story/7321/4928385
         >>> 找到關鍵字 "危害"; 文章資訊: 2020-10-12 10:15:00, 我愛黨所以放棄愛情史達林恐怖下的壓抑與悲傷, https://udn.com/news/story/6812/4928335
         >>> 找到關鍵字 "危害"; 文章資訊: 2020-10-12 10:06:12, 李孟居央視道歉陸委會批對岸誣陷, https://udn.com/news/story/6656/4928340
        ------------------------------------------------------
       >> 搜尋關鍵字:"有毒"; 網址:"https://udn.com/search/word/2/有毒"
         >>> 找到關鍵字 "有毒"; 文章資訊: 2020-10-13 01:28:07, 台南槍擊案冠全台今年已16件, https://udn.com/news/story/7320/4930151
         >>> 找到關鍵字 "有毒"; 文章資訊: 2020-10-12 18:26:00, 萊劑美豬公聽會學者正反意見不一, https://health.udn.com/health/story/6010/4929503
         >>> 找到關鍵字 "有毒"; 文章資訊: 2020-10-12 17:16:04, 萊劑美豬公聽會學者正反意見不一, https://udn.com/news/story/9750/4929503
         >>> 找到關鍵字 "有毒"; 文章資訊: 2020-10-12 13:34:08, 花蓮製麵廠87萬元被竊竊賊得手返家呼呼大睡火速被逮, https://udn.com/news/story/7320/4929024
         >>> 找到關鍵字 "有毒"; 文章資訊: 2020-10-12 12:43:11, 影EXO燦烈代言PRADALINEAROSSA新形象曝光, https://udn.com/news/story/7270/4928851
         >>> 找到關鍵字 "有毒"; 文章資訊: 2020-10-12 12:41:02, 影EXO燦烈代言PRADALINEAROSSA新形象曝光, https://style.udn.com/style/story/8066/4928851
         >>> 找到關鍵字 "有毒"; 文章資訊: 2020-10-12 12:00:34, 我要活下去遭活埋牧羊犬自挖墳墓逃出高速公路遇恩人, https://udn.com/news/story/7470/4928590
         <<< 2020-10-13 沒有更多 "有毒" 相關的新聞 !!! >>>
        ------------------------------------------------------
       >> 搜尋關鍵字:"有害"; 網址:"https://udn.com/search/word/2/有害"
         >>> 找到關鍵字 "有害"; 文章資訊: 2020-10-12 11:27:05, 川普推文自稱免疫推特認有誤導之嫌加註警語, https://udn.com/news/story/121687/4928496
         <<< 2020-10-13 沒有更多 "有害" 相關的新聞 !!! >>>
        ------------------------------------------------------
       >> 搜尋關鍵字:"色料"; 網址:"https://udn.com/search/word/2/色料"
         >>> 找到關鍵字 "色料"; 文章資訊: 2020-10-12 15:38:07, 第17屆康百視美食音樂節17日起在台中市民廣場登場, https://udn.com/news/story/7241/4929368
         >>> 找到關鍵字 "色料"; 文章資訊: 2020-10-12 10:14:38, 台中新社唯一全年可採香菇體驗的農園阿亮香菇園, https://udn.com/umedia/story/12749/4928384
         <<< 2020-10-13 沒有更多 "色料" 相關的新聞 !!! >>>
        ------------------------------------------------------
       >> 搜尋關鍵字:"色素"; 網址:"https://udn.com/search/word/2/色素"
         >>> 找到關鍵字 "色素"; 文章資訊: 2020-10-12 15:51:34, 罪惡的食欲之秋健康路跑X泰山珍穀益營養均衡少負擔, https://udn.com/news/story/7270/4928784
         >>> 找到關鍵字 "色素"; 文章資訊: 2020-10-12 08:52:53, 台中百年餅舖揉合經典與創新的絕妙珍味, https://udn.com/news/story/12677/4928155
         <<< 2020-10-13 沒有更多 "色素" 相關的新聞 !!! >>>
        ------------------------------------------------------
       >> 搜尋關鍵字:"毒性"; 網址:"https://udn.com/search/word/2/毒性"
         >>> 找到關鍵字 "毒性"; 文章資訊: 2020-10-12 21:18:06, 校園諾羅群聚頻傳教育部提醒勤洗手勿生飲生食, https://udn.com/news/story/6885/4930082
         >>> 找到關鍵字 "毒性"; 文章資訊: 2020-10-12 18:26:00, 萊劑美豬公聽會學者正反意見不一, https://health.udn.com/health/story/6010/4929503
         >>> 找到關鍵字 "毒性"; 文章資訊: 2020-10-12 17:34:00, 美豬萊不萊陳時中昨是今非爭議可以止了, https://health.udn.com/health/story/6010/4929520
         >>> 找到關鍵字 "毒性"; 文章資訊: 2020-10-12 17:16:04, 萊劑美豬公聽會學者正反意見不一, https://udn.com/news/story/9750/4929503
         >>> 找到關鍵字 "毒性"; 文章資訊: 2020-10-12 16:42:05, 美豬萊不萊陳時中昨是今非爭議可以止了, https://udn.com/news/story/9750/4929520
         >>> 找到關鍵字 "毒性"; 文章資訊: 2020-10-12 12:12:04, 影政府查驗是呼攏賴士葆籲明年八月公投擋萊豬, https://udn.com/news/story/9750/4928766
         <<< 2020-10-13 沒有更多 "毒性" 相關的新聞 !!! >>>
        ------------------------------------------------------
       >> 搜尋關鍵字:"毒品"; 網址:"https://udn.com/search/word/2/毒品"
       >> **** something wrong!! Restart it!! ****
        ------------------------------------------------------
       >> 搜尋關鍵字:"致癌"; 網址:"https://udn.com/search/word/2/致癌"
         >>> 找到關鍵字 "致癌"; 文章資訊: 2020-10-12 17:17:03, 2歲以下幼童吃萊豬陳時中不鼓勵但沒禁止, https://udn.com/news/story/9750/4929504
         >>> 找到關鍵字 "致癌"; 文章資訊: 2020-10-12 16:15:00, 精準3D定位微創手術肺腫瘤患者術後3天就能回工作崗位, https://health.udn.com/health/story/5979/4928574
         >>> 找到關鍵字 "致癌"; 文章資訊: 2020-10-12 12:12:04, 影政府查驗是呼攏賴士葆籲明年八月公投擋萊豬, https://udn.com/news/story/9750/4928766
         >>> 找到關鍵字 "致癌"; 文章資訊: 2020-10-12 11:33:08, 影瘦肉精公聽會媽媽訴誰來保護幼兒, https://udn.com/news/story/7266/4928627
         >>> 找到關鍵字 "致癌"; 文章資訊: 2020-10-12 11:21:09, 精準3D定位微創手術肺腫瘤患者術後3天就能回工作崗位, https://udn.com/news/story/7266/4928574
         <<< 2020-10-13 沒有更多 "致癌" 相關的新聞 !!! >>>
        ------------------------------------------------------
       >> 搜尋關鍵字:"重金屬"; 網址:"https://udn.com/search/word/2/重金屬"
         >>> 找到關鍵字 "重金屬"; 文章資訊: 2020-10-12 21:26:43, 買新濾水壺喝起來生水味超重網曝正確的使用方式, https://udn.com/news/story/7266/4930031
         <<< 2020-10-13 沒有更多 "重金屬" 相關的新聞 !!! >>>
        ------------------------------------------------------
       >> 搜尋關鍵字:"食安"; 網址:"https://udn.com/search/word/2/食安"
         >>> 找到關鍵字 "食安"; 文章資訊: 2020-10-13 02:49:11, 葉銀華建立公益檢舉制度的必要性, https://udn.com/news/story/7340/4930740
         >>> 找到關鍵字 "食安"; 文章資訊: 2020-10-13 01:33:05, 民眾黨三訴求發起公民連署, https://udn.com/news/story/9750/4930593
         >>> 找到關鍵字 "食安"; 文章資訊: 2020-10-13 01:33:04, 新聞眼萊豬進口配套粗糙補助不如建管理機制, https://udn.com/news/story/9750/4930585
         >>> 找到關鍵字 "食安"; 文章資訊: 2020-10-13 01:25:04, 美豬源頭把關家長催生食材平台農委會回絕, https://udn.com/news/story/9750/4930570
         >>> 找到關鍵字 "食安"; 文章資訊: 2020-10-13 01:02:13, 黃偉哲訪黑橋牌業者宣誓零瘦肉精, https://udn.com/news/story/7326/4930158
         >>> 找到關鍵字 "食安"; 文章資訊: 2020-10-12 21:18:06, 校園諾羅群聚頻傳教育部提醒勤洗手勿生飲生食, https://udn.com/news/story/6885/4930082
         >>> 找到關鍵字 "食安"; 文章資訊: 2020-10-12 19:10:14, 亞洲最大農業機械展10月17日桃園青埔登場, https://udn.com/news/story/7324/4929840
         >>> 找到關鍵字 "食安"; 文章資訊: 2020-10-12 18:45:07, 重磅快評食安把關是呼攏萊豬源頭管理零進度, https://udn.com/news/story/9750/4929790
         >>> 找到關鍵字 "食安"; 文章資訊: 2020-10-12 18:26:00, 萊劑美豬公聽會學者正反意見不一, https://health.udn.com/health/story/6010/4929503
         >>> 找到關鍵字 "食安"; 文章資訊: 2020-10-12 17:16:04, 萊劑美豬公聽會學者正反意見不一, https://udn.com/news/story/9750/4929503
         >>> 找到關鍵字 "食安"; 文章資訊: 2020-10-12 16:53:11, 防堵美豬進校園議員郭建盟籲快篩試劑等程序把關, https://udn.com/news/story/7327/4929546
         >>> 找到關鍵字 "食安"; 文章資訊: 2020-10-12 15:45:13, 影黑橋牌爭取美加市場與偉哲宣誓瘦肉精零檢出, https://udn.com/news/story/7326/4929386
         >>> 找到關鍵字 "食安"; 文章資訊: 2020-10-12 15:09:13, 不用萊豬黃偉哲加強散裝肉品產地標示源頭管理, https://udn.com/news/story/7326/4929202
         >>> 找到關鍵字 "食安"; 文章資訊: 2020-10-12 14:03:46, 助尼泊爾災後重建賴清德印證台灣可幫忙, https://udn.com/news/story/6656/4928936
         >>> 找到關鍵字 "食安"; 文章資訊: 2020-10-12 13:47:13, 影南投縣務會議通過食安條例林明溱瘦肉精零檢出, https://udn.com/news/story/7325/4929052
         >>> 找到關鍵字 "食安"; 文章資訊: 2020-10-12 12:10:05, 民眾黨提公民連署把關美豬進口, https://udn.com/news/story/9750/4928763
         <<< 2020-10-13 沒有更多 "食安" 相關的新聞 !!! >>>
        ------------------------------------------------------
       >> 搜尋關鍵字:"香料"; 網址:"https://udn.com/search/word/2/香料"
         >>> 找到關鍵字 "香料"; 文章資訊: 2020-10-12 15:51:34, 罪惡的食欲之秋健康路跑X泰山珍穀益營養均衡少負擔, https://udn.com/news/story/7270/4928784
         >>> 找到關鍵字 "香料"; 文章資訊: 2020-10-12 13:28:37, 手工製香點燃天然臺灣味陳冠與馨心齋香品, https://udn.com/news/story/6965/4917323
         >>> 找到關鍵字 "香料"; 文章資訊: 2020-10-12 11:25:14, 嘗好時節大倉久和秋季鮮美食材蟹膏腴海膽味香濃, https://udn.com/news/story/7193/4928571
         >>> 找到關鍵字 "香料"; 文章資訊: 2020-10-12 11:20:14, 嘗好時節蟹膏腴海膽味香濃, https://udn.com/news/story/7270/4928571
         >>> 找到關鍵字 "香料"; 文章資訊: 2020-10-12 08:52:53, 台中百年餅舖揉合經典與創新的絕妙珍味, https://udn.com/news/story/12677/4928155
         <<< 2020-10-13 沒有更多 "香料" 相關的新聞 !!! >>>
        ------------------------------------------------------
       >> 搜尋關鍵字:"原料"; 網址:"https://udn.com/search/word/2/原料"
         >>> 找到關鍵字 "原料"; 文章資訊: 2020-10-13 02:15:05, 東洋藥品取得德廠新冠疫苗授權明年首季可望供500萬人施打, https://udn.com/news/story/120940/4930786
         >>> 找到關鍵字 "原料"; 文章資訊: 2020-10-12 21:37:07, 健飲新科技老茶滴雞精萃取粉上市搶攻防疫養顏商機, https://udn.com/news/story/7241/4930102
         >>> 找到關鍵字 "原料"; 文章資訊: 2020-10-12 20:37:01, 淨新違法生產口罩流入下游廠商高市發函要回收, https://udn.com/news/story/7315/4929909
         >>> 找到關鍵字 "原料"; 文章資訊: 2020-10-12 18:50:09, 工研院合作團隊生命之星蠶絲蛋白3D列印仿生皮膚獲獎, https://udn.com/news/story/7238/4929810
         >>> 找到關鍵字 "原料"; 文章資訊: 2020-10-12 18:14:10, 旭然9月營收4986萬元創歷年同期新高, https://udn.com/news/story/7241/4929736
         >>> 找到關鍵字 "原料"; 文章資訊: 2020-10-12 17:30:00, 舊朝往事李今芸辮子去哪兒了, https://udn.com/news/story/12674/4929249
         >>> 找到關鍵字 "原料"; 文章資訊: 2020-10-12 16:44:08, 車市回溫輪胎雙雄正新建大9月營收衝高, https://udn.com/news/story/7241/4929526
         >>> 找到關鍵字 "原料"; 文章資訊: 2020-10-12 15:18:10, 有機認證威士忌來了Ncnean首發單一有機麥芽酒款, https://udn.com/news/story/7187/4929325
         >>> 找到關鍵字 "原料"; 文章資訊: 2020-10-12 15:18:10, 有機認證威士忌來了Ncnean首發單一有機麥芽酒款, https://udn.com/news/story/7270/4929325
         >>> 找到關鍵字 "原料"; 文章資訊: 2020-10-12 15:18:02, 有機認證威士忌來了Ncnean首發單一有機麥芽酒款, https://style.udn.com/style/story/11350/4929325
         >>> 找到關鍵字 "原料"; 文章資訊: 2020-10-12 13:28:39, 心似琉璃一切唯心臺中畫家陳明善, https://udn.com/news/story/6965/4917313
         >>> 找到關鍵字 "原料"; 文章資訊: 2020-10-12 13:08:42, 傳統與創新融合迸出水果多漾鮮滋味, https://udn.com/news/story/12677/4928597
         >>> 找到關鍵字 "原料"; 文章資訊: 2020-10-12 09:12:03, 竹的生活進化論從樸素懷舊到摩登多變, https://udn.com/news/story/6845/4919923
         >>> 找到關鍵字 "原料"; 文章資訊: 2020-10-12 09:11:57, 農村社區復活記歸來強蒡出擊, https://udn.com/news/story/6845/4919977
         <<< 2020-10-13 沒有更多 "原料" 相關的新聞 !!! >>>
        ------------------------------------------------------
       >> 搜尋關鍵字:"氣爆"; 網址:"https://udn.com/search/word/2/氣爆"
         >>> 找到關鍵字 "氣爆"; 文章資訊: 2020-10-12 17:24:02, 秀智合體南柱赫認了激迸火花, https://stars.udn.com/star/story/10091/4929631
         >>> 找到關鍵字 "氣爆"; 文章資訊: 2020-10-12 17:24:02, 秀智合體南柱赫認了激迸火花, https://style.udn.com/style/story/121034/4929631
         >>> 找到關鍵字 "氣爆"; 文章資訊: 2020-10-12 14:44:45, 睡客廳的路易莎董事長黃銘賢和年輕人拚出全台最大咖啡店, https://udn.com/news/story/7241/4917286
         >>> 找到關鍵字 "氣爆"; 文章資訊: 2020-10-12 10:51:10, 連假消費力爆發餐飲爆滿百貨客流業績全面飆升, https://udn.com/news/story/7934/4928459
         >>> 找到關鍵字 "氣爆"; 文章資訊: 2020-10-12 10:41:10, 連假消費力爆發餐飲爆滿百貨客流業績全面飆升, https://udn.com/news/story/7270/4928459
         >>> 找到關鍵字 "氣爆"; 文章資訊: 2020-10-12 10:40:02, 連假消費力爆發餐飲爆滿百貨客流業績全面飆升, https://style.udn.com/style/story/11350/4928459
         <<< 2020-10-13 沒有更多 "氣爆" 相關的新聞 !!! >>>
        ------------------------------------------------------
       >> 搜尋關鍵字:"添加物"; 網址:"https://udn.com/search/word/2/添加物"
         >>> 找到關鍵字 "添加物"; 文章資訊: 2020-10-13 01:33:05, 民眾黨三訴求發起公民連署, https://udn.com/news/story/9750/4930593
         >>> 找到關鍵字 "添加物"; 文章資訊: 2020-10-12 15:51:34, 罪惡的食欲之秋健康路跑X泰山珍穀益營養均衡少負擔, https://udn.com/news/story/7270/4928784
         >>> 找到關鍵字 "添加物"; 文章資訊: 2020-10-12 14:09:10, 金門皇家酒廠皇品學院5年陳高上市, https://udn.com/news/story/7187/4929109
         >>> 找到關鍵字 "添加物"; 文章資訊: 2020-10-12 14:09:10, 金門皇家酒廠皇品學院5年陳高上市, https://udn.com/news/story/7270/4929109
         >>> 找到關鍵字 "添加物"; 文章資訊: 2020-10-12 14:09:03, 金門皇家酒廠皇品學院5年陳高上市, https://style.udn.com/style/story/11350/4929109
         >>> 找到關鍵字 "添加物"; 文章資訊: 2020-10-12 12:10:05, 民眾黨提公民連署把關美豬進口, https://udn.com/news/story/9750/4928763
         <<< 2020-10-13 沒有更多 "添加物" 相關的新聞 !!! >>>
        ------------------------------------------------------
       >> 搜尋關鍵字:"黑心"; 網址:"https://udn.com/search/word/2/黑心"
         >>> 找到關鍵字 "黑心"; 文章資訊: 2020-10-12 16:53:00, 影合康藥局疑售來源不明口罩還要告民眾負責人遭訴, https://health.udn.com/health/story/120952/4928572
         >>> 找到關鍵字 "黑心"; 文章資訊: 2020-10-12 11:20:10, 影合康藥局疑售來源不明口罩還要告民眾負責人遭訴, https://udn.com/news/story/7315/4928572
         <<< 2020-10-13 沒有更多 "黑心" 相關的新聞 !!! >>>
        ------------------------------------------------------
       >> 搜尋關鍵字:"漂白"; 網址:"https://udn.com/search/word/2/漂白"
         <<< 2020-10-13 沒有更多 "漂白" 相關的新聞 !!! >>>
        ------------------------------------------------------
       >> 搜尋關鍵字:"爆炸"; 網址:"https://udn.com/search/word/2/爆炸"
         >>> 找到關鍵字 "爆炸"; 文章資訊: 2020-10-12 18:57:02, 嗜吃甜食暴肥到60幾公斤黃沐妍秀手臂肌肉, https://stars.udn.com/star/story/10091/4929821
         >>> 找到關鍵字 "爆炸"; 文章資訊: 2020-10-12 14:37:37, 好讀周報貝魯特爆炸藝術品浩劫修復面臨考驗, https://udn.com/news/story/6904/4926262
         >>> 找到關鍵字 "爆炸"; 文章資訊: 2020-10-12 12:07:23, 他床墊出現毛黑蟲問是啥網狂歪樓是龍貓的灰塵精靈, https://udn.com/news/story/120911/4928504
         >>> 找到關鍵字 "爆炸"; 文章資訊: 2020-10-12 11:27:06, 只能洩慾不能談愛婚姻中的開放性關係可行嗎, https://health.udn.com/health/story/11573/4928621
         >>> 找到關鍵字 "爆炸"; 文章資訊: 2020-10-12 09:06:23, 馬力歐陪你喝一杯說一個台灣Podcast開拓者的故事, https://udn.com/news/story/6846/4925213
         >>> 找到關鍵字 "爆炸"; 文章資訊: 2020-10-12 09:00:00, 一家姊妹超過癮小S希望女兒在我身上學會可以難過受挫但一定要站起來, https://style.udn.com/style/story/8065/4912704
         <<< 2020-10-13 沒有更多 "爆炸" 相關的新聞 !!! >>>
        ------------------------------------------------------
       >> 搜尋關鍵字:"新興"; 網址:"https://udn.com/search/word/2/新興"
         >>> 找到關鍵字 "新興"; 文章資訊: 2020-10-13 01:12:00, 上市業務宣導八連發, https://udn.com/news/story/7251/4929993
         >>> 找到關鍵字 "新興"; 文章資訊: 2020-10-13 01:04:14, 浙江治塑升級鎖定4類塑料汙染, https://udn.com/news/story/7332/4930720
         >>> 找到關鍵字 "新興"; 文章資訊: 2020-10-13 01:03:00, 外資買亞股最愛陸股, https://fund.udn.com/fund/story/5858/4930044
         >>> 找到關鍵字 "新興"; 文章資訊: 2020-10-13 00:58:00, 債券基金連26周吸金, https://fund.udn.com/fund/story/5856/4930025
         >>> 找到關鍵字 "新興"; 文章資訊: 2020-10-13 00:58:00, 短天期亞高收吸睛, https://fund.udn.com/fund/story/5856/4930026
         >>> 找到關鍵字 "新興"; 文章資訊: 2020-10-13 00:39:11, 31廚房塞大樓地下室議員憂公安, https://udn.com/news/story/7323/4930220
         >>> 找到關鍵字 "新興"; 文章資訊: 2020-10-13 00:35:11, 經濟日報社論蘋果布局紅色鏈的觀察與因應, https://udn.com/news/story/7338/4930330
         >>> 找到關鍵字 "新興"; 文章資訊: 2020-10-12 23:30:04, 新興股票基金買氣回溫, https://fund.udn.com/fund/story/5858/4930644
         >>> 找到關鍵字 "新興"; 文章資訊: 2020-10-12 21:48:56, 吉田建築見山不是山深獲肯定大直水綠清翫價值實價逼近兩百萬, https://house.udn.com/house/story/11132/4930125
         >>> 找到關鍵字 "新興"; 文章資訊: 2020-10-12 20:38:56, 共享外送廚房公安疑慮北市府將會勘, https://udn.com/news/story/7323/4930020
         >>> 找到關鍵字 "新興"; 文章資訊: 2020-10-12 19:34:07, 桃園中路新大樓演練自衛救災逼真民眾上了一課, https://udn.com/news/story/7324/4929883
         >>> 找到關鍵字 "新興"; 文章資訊: 2020-10-12 17:01:08, 擺脫疫情及5G換機潮再起明年全球手機出貨將2位數成長, https://udn.com/news/story/7240/4929576
         >>> 找到關鍵字 "新興"; 文章資訊: 2020-10-12 16:38:14, 大安區大樓地下塞31個廚房上百爐火24小時運作憂公安, https://udn.com/news/story/7323/4929516
         >>> 找到關鍵字 "新興"; 文章資訊: 2020-10-12 15:33:07, 台灣之星拿下2020亞洲最佳企業雇主, https://udn.com/news/story/7240/4929362
         >>> 找到關鍵字 "新興"; 文章資訊: 2020-10-12 15:14:12, 人行中美關係嚴峻資訊技術供應鏈存風險, https://udn.com/news/story/7333/4929317
         >>> 找到關鍵字 "新興"; 文章資訊: 2020-10-12 15:01:12, 竹縣客家藝術節17日登場6團客家八音同場演出, https://udn.com/news/story/7324/4929252
         >>> 找到關鍵字 "新興"; 文章資訊: 2020-10-12 13:37:51, 一切早有預警2013年中美兩國各有實驗室找到新冠肺炎病源, https://udn.com/news/story/120944/4928955
         >>> 找到關鍵字 "新興"; 文章資訊: 2020-10-12 13:12:00, 一路旺到明年這些命格年底前特別順遂, https://udn.com/news/story/7268/4914748
         >>> 找到關鍵字 "新興"; 文章資訊: 2020-10-12 11:48:07, 追尋收益趨勢延續性亞洲高收債可望獲得青睞, https://udn.com/news/story/7238/4928694
         >>> 找到關鍵字 "新興"; 文章資訊: 2020-10-12 10:35:06, 5G人力缺口逾3萬人立委籲公平會追蹤高通和解案後續, https://udn.com/news/story/7238/4928448
        ------------------------------------------------------
       >> 搜尋關鍵字:"爆裂物"; 網址:"https://udn.com/search/word/2/爆裂物"
         >>> 找到關鍵字 "爆裂物"; 文章資訊: 2020-10-12 22:17:07, 男涉犯8起縱火與恐嚇取財檢方聲押, https://udn.com/news/story/7321/4930204
         >>> 找到關鍵字 "爆裂物"; 文章資訊: 2020-10-12 17:01:07, 桃園少輔院幼兒園6縱火案嫌犯抓到了, https://udn.com/news/story/7315/4929577
         <<< 2020-10-13 沒有更多 "爆裂物" 相關的新聞 !!! >>>
        ------------------------------------------------------
       >> 搜尋關鍵字:"IED"; 網址:"https://udn.com/search/word/2/IED"
         <<< 2020-10-13 沒有更多 "IED" 相關的新聞 !!! >>>
        ------------------------------------------------------
       >> 搜尋關鍵字:"排放"; 網址:"https://udn.com/search/word/2/排放"
         >>> 找到關鍵字 "排放"; 文章資訊: 2020-10-13 04:13:11, 汰舊二行程車主還可騎幹嘛換, https://udn.com/news/story/7327/4930214
         >>> 找到關鍵字 "排放"; 文章資訊: 2020-10-13 02:17:00, 歐盟減排規定嚴帶動電動車銷量倍增, https://udn.com/news/story/6811/4930357
         >>> 找到關鍵字 "排放"; 文章資訊: 2020-10-13 01:04:13, 嘉縣首座浮力式光電廠啟用可供1700多戶1年用電, https://udn.com/news/story/7326/4930169
         >>> 找到關鍵字 "排放"; 文章資訊: 2020-10-13 01:03:14, 拚2060碳中和陸強化經濟轉型, https://udn.com/news/story/7333/4930666
         >>> 找到關鍵字 "排放"; 文章資訊: 2020-10-13 00:31:00, 康舒太陽光電站啟用, https://udn.com/news/story/7253/4929923
         >>> 找到關鍵字 "排放"; 文章資訊: 2020-10-12 16:38:14, 大安區大樓地下塞31個廚房上百爐火24小時運作憂公安, https://udn.com/news/story/7323/4929516
         >>> 找到關鍵字 "排放"; 文章資訊: 2020-10-12 16:36:08, 北富銀升級新系統暫離三天半仍卡卡公司回應了, https://udn.com/news/story/7239/4929507
         >>> 找到關鍵字 "排放"; 文章資訊: 2020-10-12 15:37:06, 綠色採購排名前3元大金控連九年獲表揚, https://udn.com/news/story/7239/4929365
         >>> 找到關鍵字 "排放"; 文章資訊: 2020-10-12 15:11:07, 康舒攻綠能嘉義浮力式太陽光電電站啟用, https://udn.com/news/story/7240/4929307
         >>> 找到關鍵字 "排放"; 文章資訊: 2020-10-12 15:10:13, 桃園低碳物流車隊聯盟誓師上路鄭文燦不會變烏賊車, https://udn.com/news/story/7324/4929304
         >>> 找到關鍵字 "排放"; 文章資訊: 2020-10-12 14:54:11, 可供1700多戶用電嘉縣首座浮力式滯洪池發電廠啟用, https://udn.com/news/story/7326/4929215
         >>> 找到關鍵字 "排放"; 文章資訊: 2020-10-12 10:40:30, 食譜起司柚香雞肉壓烤餅冷凍蛋餅皮做快速早餐, https://udn.com/umedia/story/12919/4928461
         <<< 2020-10-13 沒有更多 "排放" 相關的新聞 !!! >>>
        ------------------------------------------------------
       >> 搜尋關鍵字:"污染"; 網址:"https://udn.com/search/word/2/污染"
         >>> 找到關鍵字 "污染"; 文章資訊: 2020-10-12 22:38:05, 東鹼請求國賠協商宜蘭縣府先了解理由再研議, https://udn.com/news/story/7241/4930098
         >>> 找到關鍵字 "污染"; 文章資訊: 2020-10-12 21:18:06, 校園諾羅群聚頻傳教育部提醒勤洗手勿生飲生食, https://udn.com/news/story/6885/4930082
         >>> 找到關鍵字 "污染"; 文章資訊: 2020-10-12 16:15:00, 精準3D定位微創手術肺腫瘤患者術後3天就能回工作崗位, https://health.udn.com/health/story/5979/4928574
         >>> 找到關鍵字 "污染"; 文章資訊: 2020-10-12 12:43:11, 影EXO燦烈代言PRADALINEAROSSA新形象曝光, https://udn.com/news/story/7270/4928851
         >>> 找到關鍵字 "污染"; 文章資訊: 2020-10-12 12:41:02, 影EXO燦烈代言PRADALINEAROSSA新形象曝光, https://style.udn.com/style/story/8066/4928851
         >>> 找到關鍵字 "污染"; 文章資訊: 2020-10-12 11:36:04, 客運業者違規名單與樣態立委提案通過公開上網公告, https://udn.com/news/story/7266/4928637
         >>> 找到關鍵字 "污染"; 文章資訊: 2020-10-12 11:21:09, 精準3D定位微創手術肺腫瘤患者術後3天就能回工作崗位, https://udn.com/news/story/7266/4928574
         >>> 找到關鍵字 "污染"; 文章資訊: 2020-10-12 10:37:11, 來桃園迺八德興仁夜市響應環保集章可換50元消費券, https://udn.com/news/story/7324/4928452
         >>> 找到關鍵字 "污染"; 文章資訊: 2020-10-12 09:06:23, 不做公害多做公益才能領導世界, https://udn.com/news/story/6846/4925235
         >>> 找到關鍵字 "污染"; 文章資訊: 2020-10-12 08:56:09, 桃園以北宜蘭降雨明顯留意南海熱帶低壓動態, https://udn.com/news/story/7266/4928195
         <<< 2020-10-13 沒有更多 "污染" 相關的新聞 !!! >>>
        ------------------------------------------------------
       >> 搜尋關鍵字:"廢水"; 網址:"https://udn.com/search/word/2/廢水"
         >>> 找到關鍵字 "廢水"; 文章資訊: 2020-10-13 01:02:18, 100家與會核工業展覽會北京開幕, https://udn.com/news/story/7333/4930663
         >>> 找到關鍵字 "廢水"; 文章資訊: 2020-10-12 14:37:38, 好讀周報斥資6億元太空馬桶比舊款更適合女性太空人使用, https://udn.com/news/story/6904/4926248
         >>> 找到關鍵字 "廢水"; 文章資訊: 2020-10-12 10:37:11, 來桃園迺八德興仁夜市響應環保集章可換50元消費券, https://udn.com/news/story/7324/4928452
         <<< 2020-10-13 沒有更多 "廢水" 相關的新聞 !!! >>>
        ------------------------------------------------------
       >> 搜尋關鍵字:"污水"; 網址:"https://udn.com/search/word/2/污水"
         >>> 找到關鍵字 "污水"; 文章資訊: 2020-10-12 14:45:11, 陽明山六之六保變住案北市決議重辦環評, https://udn.com/news/story/7323/4929192
         <<< 2020-10-13 沒有更多 "污水" 相關的新聞 !!! >>>
        ------------------------------------------------------
       >> 搜尋關鍵字:"洩漏"; 網址:"https://udn.com/search/word/2/洩漏"
         >>> 找到關鍵字 "洩漏"; 文章資訊: 2020-10-13 02:49:11, 葉銀華建立公益檢舉制度的必要性, https://udn.com/news/story/7340/4930740
         >>> 找到關鍵字 "洩漏"; 文章資訊: 2020-10-12 09:11:57, 弘揚宗教之美中台世界博物館, https://udn.com/news/story/6845/4919960
         <<< 2020-10-13 沒有更多 "洩漏" 相關的新聞 !!! >>>
        ------------------------------------------------------
       >> 搜尋關鍵字:"暗管"; 網址:"https://udn.com/search/word/2/暗管"
         <<< 2020-10-13 沒有更多 "暗管" 相關的新聞 !!! >>>
        ------------------------------------------------------
       >> 搜尋關鍵字:"偷排"; 網址:"https://udn.com/search/word/2/偷排"
         <<< 2020-10-13 沒有更多 "偷排" 相關的新聞 !!! >>>
        ------------------------------------------------------
       >> 搜尋關鍵字:"安全"; 網址:"https://udn.com/search/word/2/安全"
         >>> 找到關鍵字 "安全"; 文章資訊: 2020-10-13 14:37:35, 好讀周報法阿茲海默村以互動社交代替住院治療, https://udn.com/news/story/6812/4926277
         >>> 找到關鍵字 "安全"; 文章資訊: 2020-10-13 04:24:04, 路透川普政府推動3項對台軍售近日將通知國會, https://udn.com/news/story/10930/4930843
         >>> 找到關鍵字 "安全"; 文章資訊: 2020-10-13 03:54:12, 後疫情時代台灣經濟4個風險, https://udn.com/news/story/7339/4930750
         >>> 找到關鍵字 "安全"; 文章資訊: 2020-10-13 03:47:10, 科技人文聯合講座你是不是你的你04840d0, https://udn.com/news/story/7339/4930447
         >>> 找到關鍵字 "安全"; 文章資訊: 2020-10-13 03:45:11, 疫情種族選情美國3大內爆危機, https://udn.com/news/story/7339/4930754
         >>> 找到關鍵字 "安全"; 文章資訊: 2020-10-13 03:41:11, 推動交通安全工作內化民眾素養, https://udn.com/news/story/7339/4930437
         >>> 找到關鍵字 "安全"; 文章資訊: 2020-10-13 02:49:11, 葉銀華建立公益檢舉制度的必要性, https://udn.com/news/story/7340/4930740
         >>> 找到關鍵字 "安全"; 文章資訊: 2020-10-13 02:45:07, 疫情下乘客減紐約市捷運系統犯罪率飆升, https://udn.com/news/story/6813/4930826
         >>> 找到關鍵字 "安全"; 文章資訊: 2020-10-13 02:29:03, 央視報導卓榮泰前助理涉台諜案被捕, https://udn.com/news/story/121732/4930680
         >>> 找到關鍵字 "安全"; 文章資訊: 2020-10-13 02:09:04, 他山之石政府監督團膳日韓官員進駐廠房, https://udn.com/news/story/9750/4930588
         >>> 找到關鍵字 "安全"; 文章資訊: 2020-10-13 02:04:04, 立院決議促海關增訂萊豬號列, https://udn.com/news/story/9750/4930591
         >>> 找到關鍵字 "安全"; 文章資訊: 2020-10-13 01:53:02, 加入COVAX買疫苗仍有疑慮官方採購策略恐轉彎, https://udn.com/news/story/7241/4930359
         >>> 找到關鍵字 "安全"; 文章資訊: 2020-10-13 01:35:09, 肇事冠軍竟列績優公車, https://udn.com/news/story/7266/4930646
         >>> 找到關鍵字 "安全"; 文章資訊: 2020-10-13 01:34:10, 違規客運事證平台上網全都露, https://udn.com/news/story/7266/4930649
         >>> 找到關鍵字 "安全"; 文章資訊: 2020-10-13 01:33:04, 新聞眼萊豬進口配套粗糙補助不如建管理機制, https://udn.com/news/story/9750/4930585
         >>> 找到關鍵字 "安全"; 文章資訊: 2020-10-13 01:12:00, 期貨量能今年拚新高, https://udn.com/news/story/7255/4929996
         >>> 找到關鍵字 "安全"; 文章資訊: 2020-10-13 01:04:15, 跨國醫藥進博會將秀抗疫神器, https://udn.com/news/story/7333/4930702
         >>> 找到關鍵字 "安全"; 文章資訊: 2020-10-13 01:04:13, 六都外第一雲林打造5G縣府大樓, https://udn.com/news/story/7326/4930185
         >>> 找到關鍵字 "安全"; 文章資訊: 2020-10-13 01:03:00, 美股基金定期定額投資, https://fund.udn.com/fund/story/5857/4930043
         >>> 找到關鍵字 "安全"; 文章資訊: 2020-10-13 01:02:18, 100家與會核工業展覽會北京開幕, https://udn.com/news/story/7333/4930663
        ------------------------------------------------------
       >> 搜尋關鍵字:"槽車"; 網址:"https://udn.com/search/word/2/槽車"
         <<< 2020-10-13 沒有更多 "槽車" 相關的新聞 !!! >>>
       >> 檔案輸出
        ------------------------------------------------------
      >> 下載新聞內容
      >> 下載 https://udn.com/news/story/121732/4929637, 鄭文燦李孟居案有設計的狀況
      >> 下載 https://udn.com/news/story/7252/4928907, 環泥躋身蘋概股股價急攻漲停
      >> 下載 https://udn.com/news/story/7240/4928811, 鈞興KY訂單能見度到年底第4季營運不看淡
      >> 下載 https://udn.com/news/story/7326/4930892, 影鐵路地下化工程員警拖行架走聲援黃春香家群眾
      >> 下載 https://udn.com/news/story/7326/4930875, 中工處凌晨奇襲準備強拆南鐵地下化拒遷戶
      >> 下載 https://udn.com/news/story/7326/4930859, 直播台南鐵路地下化工程架圍籬群眾和員警發生推擠衝突
      >> 下載 https://udn.com/news/story/7251/4930530, 15檔雙成長帶多頭上攻
      >> 下載 https://udn.com/news/story/12661/4929771, 吳晟樹與樹葬致內政部民政司殯葬管理科上
      >> 下載 https://udn.com/news/story/7240/4929643, 上銀集團總裁卓永財連三屆入選CEOTOP100強
      >> 下載 https://udn.com/news/story/6811/4930356, 樂金化學營收獲利創新高
      >> 下載 https://udn.com/news/story/6898/4930719, 課表大考驗排得出來就不錯了
      >> 下載 https://udn.com/news/story/120764/4930746, 諾貝爾科學獎美國大學拿最多女性得獎比例攀升
      >> 下載 https://udn.com/news/story/7266/4930157, 瞄準11億商機牡蠣殼變加熱包餐包加冷水就能燒滾滾
      >> 下載 https://style.udn.com/style/story/11350/4930157, 瞄準11億商機牡蠣殼變加熱包餐包加冷水就能燒滾滾
      >> 下載 https://udn.com/news/story/6811/4929774, Kona電動車電池恐起火現代汽車擴大召回51萬輛
      >> 下載 https://udn.com/news/story/120764/4929897, 諾貝爾經濟學獎揭曉2美國得主都是史丹佛大學名師
      >> 下載 https://udn.com/news/story/7266/4929588, 絞肉到底要不要洗內行曝這樣洗小心細菌吃下肚
      >> 下載 https://udn.com/news/story/7241/4929795, 崇越電訂單回溫9月營收創今年新高
      >> 下載 https://udn.com/news/story/120764/4929704, 諾貝爾經濟學獎揭曉美國2學者拍賣理論獲獎
      >> 下載 https://udn.com/news/story/7241/4929582, 影水試所首創牡蠣殼發熱套組天然環保安全
      >> 下載 https://udn.com/news/story/7002/4929512, NBA不只是球星巴特勒季後賽展現巨星風範
      >> 下載 https://udn.com/news/story/7270/4928744, AXIO時空跨界包超越想像的5in1快取設計
      >> 下載 https://health.udn.com/health/story/6015/4928720, 膽管癌傳統手術效果有效醫次世代基因定序有新契機
      >> 下載 https://udn.com/news/story/6811/4929302, 樂金化學上季營業利益創新高電動車電池需求超夯
      >> 下載 https://udn.com/news/story/6904/4926249, 好讀周報上周大事懶人包誰獲諾貝爾獎新喀里多尼亞獨立失敗
      >> 下載 https://udn.com/news/story/7002/4929027, NBA10年9度總冠軍賽球評詹姆斯到那隊都能奪冠
      >> 下載 https://udn.com/news/story/7187/4928945, 威士忌也有指紋未來可作為分辨假酒依據
      >> 下載 https://udn.com/news/story/7266/4928945, 威士忌也有指紋未來可作為分辨假酒依據
      >> 下載 https://udn.com/news/story/7266/4928720, 膽管癌傳統手術效果有效醫次世代基因定序有新契機
      >> 下載 https://udn.com/news/story/7339/4930447, 科技人文聯合講座你是不是你的你04840d0
      >> 下載 https://udn.com/news/story/7339/4930443, 風電三隻腳再生能源發展需永續視野
      >> 下載 https://udn.com/news/story/7323/4930220, 31廚房塞大樓地下室議員憂公安
      >> 下載 https://health.udn.com/health/story/6010/4929503, 萊劑美豬公聽會學者正反意見不一
      >> 下載 https://health.udn.com/health/story/6010/4929520, 美豬萊不萊陳時中昨是今非爭議可以止了
      >> 下載 https://udn.com/news/story/9750/4929504, 2歲以下幼童吃萊豬陳時中不鼓勵但沒禁止
      >> 下載 https://udn.com/news/story/9750/4929503, 萊劑美豬公聽會學者正反意見不一
      >> 下載 https://udn.com/news/story/9750/4929520, 美豬萊不萊陳時中昨是今非爭議可以止了
      >> 下載 https://udn.com/news/story/7323/4929516, 大安區大樓地下塞31個廚房上百爐火24小時運作憂公安
      >> 下載 https://udn.com/news/story/7324/4929412, 賓士車議員助理停車證擋在斑馬線身障斜坡道惹怒
      >> 下載 https://udn.com/news/story/7239/4929365, 綠色採購排名前3元大金控連九年獲表揚
      >> 下載 https://udn.com/news/story/9750/4929358, 楊志良批宣傳美豬沒人格陳時中人身攻擊不好
      >> 下載 https://udn.com/news/story/121732/4929320, 李孟居危害國家安全陳亞麟台灣隨手拍也不會怎樣
      >> 下載 https://udn.com/news/story/6809/4929253, 澳大利亞籍華裔作家楊恆均案傳近期開庭友人健康堪憂
      >> 下載 https://house.udn.com/house/story/5886/4928960, 首波違建強拆收費新北市庫入帳85萬元
      >> 下載 https://udn.com/news/story/7327/4928918, 4縣市實施非農地除草劑管理條例學者台中快跟上
      >> 下載 https://udn.com/news/story/7266/4928627, 影瘦肉精公聽會媽媽訴誰來保護幼兒
      >> 下載 https://udn.com/news/story/6812/4928363, 管轄網路犯罪五眼聯盟籲加密程式開後門
      >> 下載 https://udn.com/news/story/7321/4928385, 僅因行車糾紛男子糾集11名少年示威暴力恐嚇判刑6月
      >> 下載 https://udn.com/news/story/6812/4928335, 我愛黨所以放棄愛情史達林恐怖下的壓抑與悲傷
      >> 找不到新聞內容，可能是新聞的格式不同所致。
      >> 下載 https://udn.com/news/story/6656/4928340, 李孟居央視道歉陸委會批對岸誣陷
      >> 下載 https://udn.com/news/story/7320/4930151, 台南槍擊案冠全台今年已16件
      >> 下載 https://health.udn.com/health/story/6010/4929503, 萊劑美豬公聽會學者正反意見不一
      >> 下載 https://udn.com/news/story/9750/4929503, 萊劑美豬公聽會學者正反意見不一
      >> 下載 https://udn.com/news/story/7320/4929024, 花蓮製麵廠87萬元被竊竊賊得手返家呼呼大睡火速被逮
      >> 下載 https://udn.com/news/story/7270/4928851, 影EXO燦烈代言PRADALINEAROSSA新形象曝光
      >> 下載 https://style.udn.com/style/story/8066/4928851, 影EXO燦烈代言PRADALINEAROSSA新形象曝光
      >> 下載 https://udn.com/news/story/7470/4928590, 我要活下去遭活埋牧羊犬自挖墳墓逃出高速公路遇恩人
      >> 下載 https://udn.com/news/story/121687/4928496, 川普推文自稱免疫推特認有誤導之嫌加註警語
      >> 下載 https://udn.com/news/story/7241/4929368, 第17屆康百視美食音樂節17日起在台中市民廣場登場
      >> 下載 https://udn.com/umedia/story/12749/4928384, 台中新社唯一全年可採香菇體驗的農園阿亮香菇園
      >> 找不到新聞內容，可能是新聞的格式不同所致。
      >> 下載 https://udn.com/news/story/7270/4928784, 罪惡的食欲之秋健康路跑X泰山珍穀益營養均衡少負擔
      >> 下載 https://udn.com/news/story/12677/4928155, 台中百年餅舖揉合經典與創新的絕妙珍味
      >> 下載 https://udn.com/news/story/6885/4930082, 校園諾羅群聚頻傳教育部提醒勤洗手勿生飲生食
      >> 下載 https://health.udn.com/health/story/6010/4929503, 萊劑美豬公聽會學者正反意見不一
      >> 下載 https://health.udn.com/health/story/6010/4929520, 美豬萊不萊陳時中昨是今非爭議可以止了
      >> 下載 https://udn.com/news/story/9750/4929503, 萊劑美豬公聽會學者正反意見不一
      >> 下載 https://udn.com/news/story/9750/4929520, 美豬萊不萊陳時中昨是今非爭議可以止了
      >> 下載 https://udn.com/news/story/9750/4928766, 影政府查驗是呼攏賴士葆籲明年八月公投擋萊豬
      >> 下載 https://udn.com/news/story/9750/4929504, 2歲以下幼童吃萊豬陳時中不鼓勵但沒禁止
      >> 下載 https://health.udn.com/health/story/5979/4928574, 精準3D定位微創手術肺腫瘤患者術後3天就能回工作崗位
      >> 下載 https://udn.com/news/story/9750/4928766, 影政府查驗是呼攏賴士葆籲明年八月公投擋萊豬
      >> 下載 https://udn.com/news/story/7266/4928627, 影瘦肉精公聽會媽媽訴誰來保護幼兒
      >> 下載 https://udn.com/news/story/7266/4928574, 精準3D定位微創手術肺腫瘤患者術後3天就能回工作崗位
      >> 下載 https://udn.com/news/story/7266/4930031, 買新濾水壺喝起來生水味超重網曝正確的使用方式
      >> 下載 https://udn.com/news/story/7340/4930740, 葉銀華建立公益檢舉制度的必要性
      >> 下載 https://udn.com/news/story/9750/4930593, 民眾黨三訴求發起公民連署
      >> 下載 https://udn.com/news/story/9750/4930585, 新聞眼萊豬進口配套粗糙補助不如建管理機制
      >> 下載 https://udn.com/news/story/9750/4930570, 美豬源頭把關家長催生食材平台農委會回絕
      >> 下載 https://udn.com/news/story/7326/4930158, 黃偉哲訪黑橋牌業者宣誓零瘦肉精
      >> 下載 https://udn.com/news/story/6885/4930082, 校園諾羅群聚頻傳教育部提醒勤洗手勿生飲生食
      >> 下載 https://udn.com/news/story/7324/4929840, 亞洲最大農業機械展10月17日桃園青埔登場
      >> 下載 https://udn.com/news/story/9750/4929790, 重磅快評食安把關是呼攏萊豬源頭管理零進度
      >> 下載 https://health.udn.com/health/story/6010/4929503, 萊劑美豬公聽會學者正反意見不一
      >> 下載 https://udn.com/news/story/9750/4929503, 萊劑美豬公聽會學者正反意見不一
      >> 下載 https://udn.com/news/story/7327/4929546, 防堵美豬進校園議員郭建盟籲快篩試劑等程序把關
      >> 下載 https://udn.com/news/story/7326/4929386, 影黑橋牌爭取美加市場與偉哲宣誓瘦肉精零檢出
      >> 下載 https://udn.com/news/story/7326/4929202, 不用萊豬黃偉哲加強散裝肉品產地標示源頭管理
      >> 下載 https://udn.com/news/story/6656/4928936, 助尼泊爾災後重建賴清德印證台灣可幫忙
      >> 下載 https://udn.com/news/story/7325/4929052, 影南投縣務會議通過食安條例林明溱瘦肉精零檢出
      >> 下載 https://udn.com/news/story/9750/4928763, 民眾黨提公民連署把關美豬進口
      >> 下載 https://udn.com/news/story/7270/4928784, 罪惡的食欲之秋健康路跑X泰山珍穀益營養均衡少負擔
      >> 下載 https://udn.com/news/story/6965/4917323, 手工製香點燃天然臺灣味陳冠與馨心齋香品
      >> 下載 https://udn.com/news/story/7193/4928571, 嘗好時節大倉久和秋季鮮美食材蟹膏腴海膽味香濃
      >> 下載 https://udn.com/news/story/7270/4928571, 嘗好時節蟹膏腴海膽味香濃
      >> 下載 https://udn.com/news/story/12677/4928155, 台中百年餅舖揉合經典與創新的絕妙珍味
      >> 下載 https://udn.com/news/story/120940/4930786, 東洋藥品取得德廠新冠疫苗授權明年首季可望供500萬人施打
      >> 下載 https://udn.com/news/story/7241/4930102, 健飲新科技老茶滴雞精萃取粉上市搶攻防疫養顏商機
      >> 下載 https://udn.com/news/story/7315/4929909, 淨新違法生產口罩流入下游廠商高市發函要回收
      >> 下載 https://udn.com/news/story/7238/4929810, 工研院合作團隊生命之星蠶絲蛋白3D列印仿生皮膚獲獎
      >> 下載 https://udn.com/news/story/7241/4929736, 旭然9月營收4986萬元創歷年同期新高
      >> 下載 https://udn.com/news/story/12674/4929249, 舊朝往事李今芸辮子去哪兒了
      >> 下載 https://udn.com/news/story/7241/4929526, 車市回溫輪胎雙雄正新建大9月營收衝高
      >> 下載 https://udn.com/news/story/7187/4929325, 有機認證威士忌來了Ncnean首發單一有機麥芽酒款
      >> 下載 https://udn.com/news/story/7270/4929325, 有機認證威士忌來了Ncnean首發單一有機麥芽酒款
      >> 下載 https://style.udn.com/style/story/11350/4929325, 有機認證威士忌來了Ncnean首發單一有機麥芽酒款
      >> 下載 https://udn.com/news/story/6965/4917313, 心似琉璃一切唯心臺中畫家陳明善
      >> 下載 https://udn.com/news/story/12677/4928597, 傳統與創新融合迸出水果多漾鮮滋味
      >> 下載 https://udn.com/news/story/6845/4919923, 竹的生活進化論從樸素懷舊到摩登多變
      >> 下載 https://udn.com/news/story/6845/4919977, 農村社區復活記歸來強蒡出擊
      >> 下載 https://stars.udn.com/star/story/10091/4929631, 秀智合體南柱赫認了激迸火花
      >> 下載 https://style.udn.com/style/story/121034/4929631, 秀智合體南柱赫認了激迸火花
      >> 下載 https://udn.com/news/story/7241/4917286, 睡客廳的路易莎董事長黃銘賢和年輕人拚出全台最大咖啡店
      >> 下載 https://udn.com/news/story/7934/4928459, 連假消費力爆發餐飲爆滿百貨客流業績全面飆升
      >> 下載 https://udn.com/news/story/7270/4928459, 連假消費力爆發餐飲爆滿百貨客流業績全面飆升
      >> 下載 https://style.udn.com/style/story/11350/4928459, 連假消費力爆發餐飲爆滿百貨客流業績全面飆升
      >> 下載 https://udn.com/news/story/9750/4930593, 民眾黨三訴求發起公民連署
      >> 下載 https://udn.com/news/story/7270/4928784, 罪惡的食欲之秋健康路跑X泰山珍穀益營養均衡少負擔
      >> 下載 https://udn.com/news/story/7187/4929109, 金門皇家酒廠皇品學院5年陳高上市
      >> 下載 https://udn.com/news/story/7270/4929109, 金門皇家酒廠皇品學院5年陳高上市
      >> 下載 https://style.udn.com/style/story/11350/4929109, 金門皇家酒廠皇品學院5年陳高上市
      >> 下載 https://udn.com/news/story/9750/4928763, 民眾黨提公民連署把關美豬進口
      >> 下載 https://health.udn.com/health/story/120952/4928572, 影合康藥局疑售來源不明口罩還要告民眾負責人遭訴
      >> 下載 https://udn.com/news/story/7315/4928572, 影合康藥局疑售來源不明口罩還要告民眾負責人遭訴
      >> 下載 https://stars.udn.com/star/story/10091/4929821, 嗜吃甜食暴肥到60幾公斤黃沐妍秀手臂肌肉
      >> 下載 https://udn.com/news/story/6904/4926262, 好讀周報貝魯特爆炸藝術品浩劫修復面臨考驗
      >> 下載 https://udn.com/news/story/120911/4928504, 他床墊出現毛黑蟲問是啥網狂歪樓是龍貓的灰塵精靈
      >> 下載 https://health.udn.com/health/story/11573/4928621, 只能洩慾不能談愛婚姻中的開放性關係可行嗎
      >> 下載 https://udn.com/news/story/6846/4925213, 馬力歐陪你喝一杯說一個台灣Podcast開拓者的故事
      >> 下載 https://style.udn.com/style/story/8065/4912704, 一家姊妹超過癮小S希望女兒在我身上學會可以難過受挫但一定要站起來
      >> 下載 https://udn.com/news/story/7251/4929993, 上市業務宣導八連發
      >> 下載 https://udn.com/news/story/7332/4930720, 浙江治塑升級鎖定4類塑料汙染
      >> 下載 https://fund.udn.com/fund/story/5858/4930044, 外資買亞股最愛陸股
      >> 下載 https://fund.udn.com/fund/story/5856/4930025, 債券基金連26周吸金
      >> 下載 https://fund.udn.com/fund/story/5856/4930026, 短天期亞高收吸睛
      >> 下載 https://udn.com/news/story/7323/4930220, 31廚房塞大樓地下室議員憂公安
      >> 下載 https://udn.com/news/story/7338/4930330, 經濟日報社論蘋果布局紅色鏈的觀察與因應
      >> 下載 https://fund.udn.com/fund/story/5858/4930644, 新興股票基金買氣回溫
      >> 下載 https://house.udn.com/house/story/11132/4930125, 吉田建築見山不是山深獲肯定大直水綠清翫價值實價逼近兩百萬
      >> 下載 https://udn.com/news/story/7323/4930020, 共享外送廚房公安疑慮北市府將會勘
      >> 下載 https://udn.com/news/story/7324/4929883, 桃園中路新大樓演練自衛救災逼真民眾上了一課
      >> 下載 https://udn.com/news/story/7240/4929576, 擺脫疫情及5G換機潮再起明年全球手機出貨將2位數成長
      >> 下載 https://udn.com/news/story/7323/4929516, 大安區大樓地下塞31個廚房上百爐火24小時運作憂公安
      >> 下載 https://udn.com/news/story/7240/4929362, 台灣之星拿下2020亞洲最佳企業雇主
      >> 下載 https://udn.com/news/story/7333/4929317, 人行中美關係嚴峻資訊技術供應鏈存風險
      >> 下載 https://udn.com/news/story/7324/4929252, 竹縣客家藝術節17日登場6團客家八音同場演出
      >> 下載 https://udn.com/news/story/120944/4928955, 一切早有預警2013年中美兩國各有實驗室找到新冠肺炎病源
      >> 下載 https://udn.com/news/story/7268/4914748, 一路旺到明年這些命格年底前特別順遂
      >> 下載 https://udn.com/news/story/7238/4928694, 追尋收益趨勢延續性亞洲高收債可望獲得青睞
      >> 下載 https://udn.com/news/story/7238/4928448, 5G人力缺口逾3萬人立委籲公平會追蹤高通和解案後續
      >> 下載 https://udn.com/news/story/7321/4930204, 男涉犯8起縱火與恐嚇取財檢方聲押
      >> 下載 https://udn.com/news/story/7315/4929577, 桃園少輔院幼兒園6縱火案嫌犯抓到了
      >> 下載 https://udn.com/news/story/7327/4930214, 汰舊二行程車主還可騎幹嘛換
      >> 下載 https://udn.com/news/story/6811/4930357, 歐盟減排規定嚴帶動電動車銷量倍增
      >> 下載 https://udn.com/news/story/7326/4930169, 嘉縣首座浮力式光電廠啟用可供1700多戶1年用電
      >> 下載 https://udn.com/news/story/7333/4930666, 拚2060碳中和陸強化經濟轉型
      >> 下載 https://udn.com/news/story/7253/4929923, 康舒太陽光電站啟用
      >> 下載 https://udn.com/news/story/7323/4929516, 大安區大樓地下塞31個廚房上百爐火24小時運作憂公安
      >> 下載 https://udn.com/news/story/7239/4929507, 北富銀升級新系統暫離三天半仍卡卡公司回應了
      >> 下載 https://udn.com/news/story/7239/4929365, 綠色採購排名前3元大金控連九年獲表揚
      >> 下載 https://udn.com/news/story/7240/4929307, 康舒攻綠能嘉義浮力式太陽光電電站啟用
      >> 下載 https://udn.com/news/story/7324/4929304, 桃園低碳物流車隊聯盟誓師上路鄭文燦不會變烏賊車
      >> 下載 https://udn.com/news/story/7326/4929215, 可供1700多戶用電嘉縣首座浮力式滯洪池發電廠啟用
      >> 下載 https://udn.com/umedia/story/12919/4928461, 食譜起司柚香雞肉壓烤餅冷凍蛋餅皮做快速早餐
      >> 找不到新聞內容，可能是新聞的格式不同所致。
      >> 下載 https://udn.com/news/story/7241/4930098, 東鹼請求國賠協商宜蘭縣府先了解理由再研議
      >> 下載 https://udn.com/news/story/6885/4930082, 校園諾羅群聚頻傳教育部提醒勤洗手勿生飲生食
      >> 下載 https://health.udn.com/health/story/5979/4928574, 精準3D定位微創手術肺腫瘤患者術後3天就能回工作崗位
      >> 下載 https://udn.com/news/story/7270/4928851, 影EXO燦烈代言PRADALINEAROSSA新形象曝光
      >> 下載 https://style.udn.com/style/story/8066/4928851, 影EXO燦烈代言PRADALINEAROSSA新形象曝光
      >> 下載 https://udn.com/news/story/7266/4928637, 客運業者違規名單與樣態立委提案通過公開上網公告
      >> 下載 https://udn.com/news/story/7266/4928574, 精準3D定位微創手術肺腫瘤患者術後3天就能回工作崗位
      >> 下載 https://udn.com/news/story/7324/4928452, 來桃園迺八德興仁夜市響應環保集章可換50元消費券
      >> 下載 https://udn.com/news/story/6846/4925235, 不做公害多做公益才能領導世界
      >> 下載 https://udn.com/news/story/7266/4928195, 桃園以北宜蘭降雨明顯留意南海熱帶低壓動態
      >> 下載 https://udn.com/news/story/7333/4930663, 100家與會核工業展覽會北京開幕
      >> 下載 https://udn.com/news/story/6904/4926248, 好讀周報斥資6億元太空馬桶比舊款更適合女性太空人使用
      >> 下載 https://udn.com/news/story/7324/4928452, 來桃園迺八德興仁夜市響應環保集章可換50元消費券
      >> 下載 https://udn.com/news/story/7323/4929192, 陽明山六之六保變住案北市決議重辦環評
      >> 下載 https://udn.com/news/story/7340/4930740, 葉銀華建立公益檢舉制度的必要性
      >> 下載 https://udn.com/news/story/6845/4919960, 弘揚宗教之美中台世界博物館
      >> 下載 https://udn.com/news/story/6812/4926277, 好讀周報法阿茲海默村以互動社交代替住院治療
      >> 下載 https://udn.com/news/story/10930/4930843, 路透川普政府推動3項對台軍售近日將通知國會
      >> 下載 https://udn.com/news/story/7339/4930750, 後疫情時代台灣經濟4個風險
      >> 下載 https://udn.com/news/story/7339/4930447, 科技人文聯合講座你是不是你的你04840d0
      >> 下載 https://udn.com/news/story/7339/4930754, 疫情種族選情美國3大內爆危機
      >> 下載 https://udn.com/news/story/7339/4930437, 推動交通安全工作內化民眾素養
      >> 下載 https://udn.com/news/story/7340/4930740, 葉銀華建立公益檢舉制度的必要性
      >> 下載 https://udn.com/news/story/6813/4930826, 疫情下乘客減紐約市捷運系統犯罪率飆升
      >> 下載 https://udn.com/news/story/121732/4930680, 央視報導卓榮泰前助理涉台諜案被捕
      >> 下載 https://udn.com/news/story/9750/4930588, 他山之石政府監督團膳日韓官員進駐廠房
      >> 下載 https://udn.com/news/story/9750/4930591, 立院決議促海關增訂萊豬號列
      >> 下載 https://udn.com/news/story/7241/4930359, 加入COVAX買疫苗仍有疑慮官方採購策略恐轉彎
      >> 下載 https://udn.com/news/story/7266/4930646, 肇事冠軍竟列績優公車
      >> 下載 https://udn.com/news/story/7266/4930649, 違規客運事證平台上網全都露
      >> 下載 https://udn.com/news/story/9750/4930585, 新聞眼萊豬進口配套粗糙補助不如建管理機制
      >> 下載 https://udn.com/news/story/7255/4929996, 期貨量能今年拚新高
      >> 下載 https://udn.com/news/story/7333/4930702, 跨國醫藥進博會將秀抗疫神器
      >> 下載 https://udn.com/news/story/7326/4930185, 六都外第一雲林打造5G縣府大樓
      >> 下載 https://fund.udn.com/fund/story/5857/4930043, 美股基金定期定額投資
      >> 下載 https://udn.com/news/story/7333/4930663, 100家與會核工業展覽會北京開幕
