     -----> 新聞爬蟲：食力

           <<< 食力新聞搜尋 >>>
  ------------------------------------------------------
  ------------------------------------------------------
    >> 搜尋關鍵字:"工業用"; 網址:"https://www.foodnext.net/search"
2020/07/28 2020-07-28 00:00:00
         <<< 2020-10-03 沒有更多 "工業用" 相關的新聞 !!! >>>
  ------------------------------------------------------
    >> 搜尋關鍵字:"化工"; 網址:"https://www.foodnext.net/search"
2020/08/04 2020-08-04 00:00:00
         <<< 2020-10-03 沒有更多 "化工" 相關的新聞 !!! >>>
  ------------------------------------------------------
    >> 搜尋關鍵字:"化災"; 網址:"https://www.foodnext.net/search"
  ------------------------------------------------------
    >> 搜尋關鍵字:"化學"; 網址:"https://www.foodnext.net/search"
2020/09/28 2020-09-28 00:00:00
         <<< 2020-10-03 沒有更多 "化學" 相關的新聞 !!! >>>
  ------------------------------------------------------
    >> 搜尋關鍵字:"外洩"; 網址:"https://www.foodnext.net/search"
2019/10/08 2019-10-08 00:00:00
         <<< 2020-10-03 沒有更多 "外洩" 相關的新聞 !!! >>>
  ------------------------------------------------------
    >> 搜尋關鍵字:"危害"; 網址:"https://www.foodnext.net/search"
2020/09/30 2020-09-30 00:00:00
         <<< 2020-10-03 沒有更多 "危害" 相關的新聞 !!! >>>
  ------------------------------------------------------
    >> 搜尋關鍵字:"有毒"; 網址:"https://www.foodnext.net/search"
2020/09/23 2020-09-23 00:00:00
         <<< 2020-10-03 沒有更多 "有毒" 相關的新聞 !!! >>>
  ------------------------------------------------------
    >> 搜尋關鍵字:"有害"; 網址:"https://www.foodnext.net/search"
2020/09/30 2020-09-30 00:00:00
         <<< 2020-10-03 沒有更多 "有害" 相關的新聞 !!! >>>
  ------------------------------------------------------
    >> 搜尋關鍵字:"色料"; 網址:"https://www.foodnext.net/search"
2019/06/03 2019-06-03 00:00:00
         <<< 2020-10-03 沒有更多 "色料" 相關的新聞 !!! >>>
  ------------------------------------------------------
    >> 搜尋關鍵字:"色素"; 網址:"https://www.foodnext.net/search"
2020/09/26 2020-09-26 00:00:00
         <<< 2020-10-03 沒有更多 "色素" 相關的新聞 !!! >>>
  ------------------------------------------------------
    >> 搜尋關鍵字:"毒性"; 網址:"https://www.foodnext.net/search"
2020/09/30 2020-09-30 00:00:00
         <<< 2020-10-03 沒有更多 "毒性" 相關的新聞 !!! >>>
  ------------------------------------------------------
    >> 搜尋關鍵字:"毒品"; 網址:"https://www.foodnext.net/search"
2020/05/21 2020-05-21 00:00:00
         <<< 2020-10-03 沒有更多 "毒品" 相關的新聞 !!! >>>
  ------------------------------------------------------
    >> 搜尋關鍵字:"致癌"; 網址:"https://www.foodnext.net/search"
2020/09/17 2020-09-17 00:00:00
         <<< 2020-10-03 沒有更多 "致癌" 相關的新聞 !!! >>>
  ------------------------------------------------------
    >> 搜尋關鍵字:"重金屬"; 網址:"https://www.foodnext.net/search"
2020/09/25 2020-09-25 00:00:00
         <<< 2020-10-03 沒有更多 "重金屬" 相關的新聞 !!! >>>
  ------------------------------------------------------
    >> 搜尋關鍵字:"食安"; 網址:"https://www.foodnext.net/search"
2020/09/29 2020-09-29 00:00:00
         <<< 2020-10-03 沒有更多 "食安" 相關的新聞 !!! >>>
  ------------------------------------------------------
    >> 搜尋關鍵字:"香料"; 網址:"https://www.foodnext.net/search"
2020/10/03 2020-10-03 00:00:00
         >>> 找到關鍵字 "香料"; 文章資訊: 2020-10-03 00:00:00, 沒有它就沒有台灣烤香腸文化從府城回憶到世界香腸黑橋牌香腸博物館, https://www.foodnext.net/life/placemaking/paper/5111505715
2020/09/30 2020-09-30 00:00:00
         <<< 2020-10-03 沒有更多 "香料" 相關的新聞 !!! >>>
  ------------------------------------------------------
    >> 搜尋關鍵字:"原料"; 網址:"https://www.foodnext.net/search"
2020/09/29 2020-09-29 00:00:00
         <<< 2020-10-03 沒有更多 "原料" 相關的新聞 !!! >>>
  ------------------------------------------------------
    >> 搜尋關鍵字:"氣爆"; 網址:"https://www.foodnext.net/search"
2020/09/02 2020-09-02 00:00:00
         <<< 2020-10-03 沒有更多 "氣爆" 相關的新聞 !!! >>>
  ------------------------------------------------------
    >> 搜尋關鍵字:"添加物"; 網址:"https://www.foodnext.net/search"
2020/09/30 2020-09-30 00:00:00
         <<< 2020-10-03 沒有更多 "添加物" 相關的新聞 !!! >>>
  ------------------------------------------------------
    >> 搜尋關鍵字:"黑心"; 網址:"https://www.foodnext.net/search"
2020/08/10 2020-08-10 00:00:00
         <<< 2020-10-03 沒有更多 "黑心" 相關的新聞 !!! >>>
  ------------------------------------------------------
    >> 搜尋關鍵字:"漂白"; 網址:"https://www.foodnext.net/search"
2020/09/26 2020-09-26 00:00:00
         <<< 2020-10-03 沒有更多 "漂白" 相關的新聞 !!! >>>
  ------------------------------------------------------
    >> 搜尋關鍵字:"爆炸"; 網址:"https://www.foodnext.net/search"
2020/09/16 2020-09-16 00:00:00
         <<< 2020-10-03 沒有更多 "爆炸" 相關的新聞 !!! >>>
  ------------------------------------------------------
    >> 搜尋關鍵字:"新興"; 網址:"https://www.foodnext.net/search"
2020/09/29 2020-09-29 00:00:00
         <<< 2020-10-03 沒有更多 "新興" 相關的新聞 !!! >>>
  ------------------------------------------------------
    >> 搜尋關鍵字:"爆裂物"; 網址:"https://www.foodnext.net/search"
  ------------------------------------------------------
    >> 搜尋關鍵字:"IED"; 網址:"https://www.foodnext.net/search"
2018/10/08 2018-10-08 00:00:00
         <<< 2020-10-03 沒有更多 "IED" 相關的新聞 !!! >>>
  ------------------------------------------------------
    >> 搜尋關鍵字:"排放"; 網址:"https://www.foodnext.net/search"
2020/09/29 2020-09-29 00:00:00
         <<< 2020-10-03 沒有更多 "排放" 相關的新聞 !!! >>>
  ------------------------------------------------------
    >> 搜尋關鍵字:"污染"; 網址:"https://www.foodnext.net/search"
2020/10/01 2020-10-01 00:00:00
         <<< 2020-10-03 沒有更多 "污染" 相關的新聞 !!! >>>
  ------------------------------------------------------
    >> 搜尋關鍵字:"廢水"; 網址:"https://www.foodnext.net/search"
2020/09/17 2020-09-17 00:00:00
         <<< 2020-10-03 沒有更多 "廢水" 相關的新聞 !!! >>>
  ------------------------------------------------------
    >> 搜尋關鍵字:"污水"; 網址:"https://www.foodnext.net/search"
2020/09/17 2020-09-17 00:00:00
         <<< 2020-10-03 沒有更多 "污水" 相關的新聞 !!! >>>
  ------------------------------------------------------
    >> 搜尋關鍵字:"洩漏"; 網址:"https://www.foodnext.net/search"
2020/04/23 2020-04-23 00:00:00
         <<< 2020-10-03 沒有更多 "洩漏" 相關的新聞 !!! >>>
  ------------------------------------------------------
    >> 搜尋關鍵字:"暗管"; 網址:"https://www.foodnext.net/search"
  ------------------------------------------------------
    >> 搜尋關鍵字:"偷排"; 網址:"https://www.foodnext.net/search"
2019/11/13 2019-11-13 00:00:00
         <<< 2020-10-03 沒有更多 "偷排" 相關的新聞 !!! >>>
  ------------------------------------------------------
    >> 搜尋關鍵字:"安全"; 網址:"https://www.foodnext.net/search"
2020/10/01 2020-10-01 00:00:00
         <<< 2020-10-03 沒有更多 "安全" 相關的新聞 !!! >>>
  ------------------------------------------------------
    >> 搜尋關鍵字:"槽車"; 網址:"https://www.foodnext.net/search"
2018/02/21 2018-02-21 00:00:00
         <<< 2020-10-03 沒有更多 "槽車" 相關的新聞 !!! >>>
       >> 檔案輸出
        ------------------------------------------------------
      >> 下載新聞內容
      >> 下載 https://www.foodnext.net/life/placemaking/paper/5111505715, 沒有它就沒有台灣烤香腸文化從府城回憶到世界香腸黑橋牌香腸博物館
