     -----> 新聞爬蟲：蘋果日報

           <<< 蘋果日報新聞搜尋 >>>
  ------------------------------------------------------
  ------------------------------------------------------
    >> 搜尋關鍵字:"工業用"; 網址:"https://tw.appledaily.com/search/工業用/"
         <<< 2020-09-29 沒有更多 "工業用" 相關的新聞 !!! >>>
  ------------------------------------------------------
    >> 搜尋關鍵字:"化工"; 網址:"https://tw.appledaily.com/search/化工/"
         >>> 找到關鍵字 "化工"; 文章資訊: 2020-09-28 18:40:00, 湖北化工廠爆炸至少5死1傷黃煙密布疑為硝酸洩漏, https://tw.appledaily.com/international/20200928/PFL3CLM3XNHZRJGZFF73APWQU4/
         >>> 找到關鍵字 "化工"; 文章資訊: 2020-09-28 20:10:00, 入獄參與三倍券分裝脫胎換骨受刑人母寫信感謝竹監教化, https://tw.appledaily.com/life/20200928/VLG6IIDQHRFYPBAPG7JJISC2OE/
         <<< 2020-09-29 沒有更多 "化工" 相關的新聞 !!! >>>
  ------------------------------------------------------
    >> 搜尋關鍵字:"化災"; 網址:"https://tw.appledaily.com/search/化災/"
         <<< 2020-09-29 沒有更多 "化災" 相關的新聞 !!! >>>
  ------------------------------------------------------
    >> 搜尋關鍵字:"化學"; 網址:"https://tw.appledaily.com/search/化學/"
         >>> 找到關鍵字 "化學"; 文章資訊: 2020-09-29 05:30:00, 浩鼎合併原料藥代工廠潤雅確保新藥上市品質, https://tw.appledaily.com/property/20200929/RZ4XLU6LFJCLHNHPJPXOEEZXJQ/
         >>> 找到關鍵字 "化學"; 文章資訊: 2020-09-28 18:17:00, 樂金化學才說要分拆電池事業就傳出特斯拉想入股, https://tw.appledaily.com/property/20200928/MZZMSU2IPZFMBB2E2XTGHX7AXU/
         >>> 找到關鍵字 "化學"; 文章資訊: 2020-09-28 20:54:00, 沙烏地古老湖泊發現12萬年前腳印料為最早人類生命證據, https://tw.appledaily.com/international/20200928/M6MNVNJGMNCU7KKB4ALHXIGKD4/
         <<< 2020-09-29 沒有更多 "化學" 相關的新聞 !!! >>>
  ------------------------------------------------------
    >> 搜尋關鍵字:"外洩"; 網址:"https://tw.appledaily.com/search/外洩/"
         <<< 2020-09-29 沒有更多 "外洩" 相關的新聞 !!! >>>
  ------------------------------------------------------
    >> 搜尋關鍵字:"危害"; 網址:"https://tw.appledaily.com/search/危害/"
         >>> 找到關鍵字 "危害"; 文章資訊: 2020-09-29 00:00:00, 遭大陸不肖業者盜用賣假貨江宏恩喊告, https://tw.appledaily.com/headline/20200929/74BAEFO2QBGGNB7T5ZDK3H7LYI/
         >>> 找到關鍵字 "危害"; 文章資訊: 2020-09-28 19:22:00, 台反共桌游逆統戰獲中國官媒加持香港玩家搶購, https://tw.appledaily.com/international/20200928/S5CCN5P5YJGQFHLRCNJD4YUGGM/
         <<< 2020-09-29 沒有更多 "危害" 相關的新聞 !!! >>>
  ------------------------------------------------------
    >> 搜尋關鍵字:"有毒"; 網址:"https://tw.appledaily.com/search/有毒/"
         <<< 2020-09-29 沒有更多 "有毒" 相關的新聞 !!! >>>
  ------------------------------------------------------
    >> 搜尋關鍵字:"有害"; 網址:"https://tw.appledaily.com/search/有害/"
         >>> 找到關鍵字 "有害"; 文章資訊: 2020-09-28 22:07:00, 玖壹壹健志喝到斷片35萬名錶飛了洋蔥茫坐路邊哭哭, https://tw.appledaily.com/entertainment/20200928/TJ6VR5R5MVHF5JZKZWKEZMMXEY/
         >>> 找到關鍵字 "有害"; 文章資訊: 2020-09-28 20:04:00, 報復同事錢多事少鬼女幼師下毒幼童吃八寶粥1死23傷, https://tw.appledaily.com/international/20200928/KXJ3H6OSTZESTM5ECLG53FJXGY/
         >>> 找到關鍵字 "有害"; 文章資訊: 2020-09-28 20:35:00, 阿美族中國人起底瞎扯祖靈交付責任批族人不敢築夢, https://tw.appledaily.com/politics/20200928/VSR5DYUBJFBXBI6WBYS3NCDADY/
         >>> 找到關鍵字 "有害"; 文章資訊: 2020-09-28 18:16:00, 瑪黑餐酒新菜善用在地食材生魚片佐金鑽鳳梨刺蔥清爽開胃, https://tw.appledaily.com/supplement/20200928/GYX7JZAV6RAZPNH76RFOJA5OMI/
         <<< 2020-09-29 沒有更多 "有害" 相關的新聞 !!! >>>
  ------------------------------------------------------
    >> 搜尋關鍵字:"色料"; 網址:"https://tw.appledaily.com/search/色料/"
         <<< 2020-09-29 沒有更多 "色料" 相關的新聞 !!! >>>
  ------------------------------------------------------
    >> 搜尋關鍵字:"色素"; 網址:"https://tw.appledaily.com/search/色素/"
      **** something wrong!! Restart it!! ****
  ------------------------------------------------------
    >> 搜尋關鍵字:"毒性"; 網址:"https://tw.appledaily.com/search/毒性/"
         <<< 2020-09-29 沒有更多 "毒性" 相關的新聞 !!! >>>
  ------------------------------------------------------
    >> 搜尋關鍵字:"毒品"; 網址:"https://tw.appledaily.com/search/毒品/"
         >>> 找到關鍵字 "毒品"; 文章資訊: 2020-09-28 21:04:00, 囂張黑幫空運215公斤毒品竟順利從華儲偷走警抓十五分幫大哥追回6億K他命, https://tw.appledaily.com/local/20200928/OILXPMC4FFBFFBL34YORIZQ5T4/
         >>> 找到關鍵字 "毒品"; 文章資訊: 2020-09-28 16:42:00, 扯北市府僱員遭警查獲毒品有吸毒紀錄卻仍在職協助家暴婦女更生人, https://tw.appledaily.com/life/20200928/LQOTQ7WDVJG5RF5PWSNGPHKIQU/
         >>> 找到關鍵字 "毒品"; 文章資訊: 2020-09-29 00:00:00, 黑幫空運6億毒闖華儲盜貨, https://tw.appledaily.com/headline/20200929/BH5U5X57JVB5BF7NQU3ZG7MKBM/
         >>> 找到關鍵字 "毒品"; 文章資訊: 2020-09-28 21:47:00, 警界籃球高手陳屍溫泉旅館浴室摔倒顱內出血不治台語片, https://tw.appledaily.com/local/20200928/EMJNK6A5KZD3XJ5JTQEWAAOOHU/
         >>> 找到關鍵字 "毒品"; 文章資訊: 2020-09-28 17:49:00, 借人1000萬投資卻被凹欠債囂張黑幫押人痛毆逼簽本票, https://tw.appledaily.com/local/20200928/E7OJ53WTZJB2PAOUMD3AB3ARAA/
         <<< 2020-09-29 沒有更多 "毒品" 相關的新聞 !!! >>>
  ------------------------------------------------------
    >> 搜尋關鍵字:"致癌"; 網址:"https://tw.appledaily.com/search/致癌/"
         >>> 找到關鍵字 "致癌"; 文章資訊: 2020-09-29 00:00:00, 準市長激辯萊豬蔣萬安沒致癌分析陳時中難長期評估, https://tw.appledaily.com/headline/20200929/GIF3OC7GCJDW7E5ILERXSHYUCM/
         >>> 找到關鍵字 "致癌"; 文章資訊: 2020-09-28 19:44:00, 準市長立院交鋒蔣萬安4問萊豬風險陳時中只有這樣回, https://tw.appledaily.com/life/20200928/7LHTTAO3V5BQLJFK3MKZXB757U/
         <<< 2020-09-29 沒有更多 "致癌" 相關的新聞 !!! >>>
  ------------------------------------------------------
    >> 搜尋關鍵字:"重金屬"; 網址:"https://tw.appledaily.com/search/重金屬/"
         <<< 2020-09-29 沒有更多 "重金屬" 相關的新聞 !!! >>>
  ------------------------------------------------------
    >> 搜尋關鍵字:"食安"; 網址:"https://tw.appledaily.com/search/食安/"
         <<< 2020-09-29 沒有更多 "食安" 相關的新聞 !!! >>>
  ------------------------------------------------------
    >> 搜尋關鍵字:"香料"; 網址:"https://tw.appledaily.com/search/香料/"
      **** something wrong!! Restart it!! ****
  ------------------------------------------------------
    >> 搜尋關鍵字:"原料"; 網址:"https://tw.appledaily.com/search/原料/"
         >>> 找到關鍵字 "原料"; 文章資訊: 2020-09-29 05:30:00, 浩鼎合併原料藥代工廠潤雅確保新藥上市品質, https://tw.appledaily.com/property/20200929/RZ4XLU6LFJCLHNHPJPXOEEZXJQ/
         >>> 找到關鍵字 "原料"; 文章資訊: 2020-09-28 17:44:00, 中國原料偽台灣製白人牙膏負責人被訴堅稱疏失, https://tw.appledaily.com/local/20200928/S3RJXY6P75GPBKKHMYA52KATGI/
         >>> 找到關鍵字 "原料"; 文章資訊: 2020-09-28 19:08:00, 多家機構看空前景中芯陸港兩地股價重挫, https://tw.appledaily.com/property/20200928/7GJANIXBQ5CAZNNIXOX6AIMGHA/
         <<< 2020-09-29 沒有更多 "原料" 相關的新聞 !!! >>>
  ------------------------------------------------------
    >> 搜尋關鍵字:"氣爆"; 網址:"https://tw.appledaily.com/search/氣爆/"
         <<< 2020-09-29 沒有更多 "氣爆" 相關的新聞 !!! >>>
  ------------------------------------------------------
    >> 搜尋關鍵字:"添加物"; 網址:"https://tw.appledaily.com/search/添加物/"
         <<< 2020-09-29 沒有更多 "添加物" 相關的新聞 !!! >>>
  ------------------------------------------------------
    >> 搜尋關鍵字:"黑心"; 網址:"https://tw.appledaily.com/search/黑心/"
         >>> 找到關鍵字 "黑心"; 文章資訊: 2020-09-29 00:00:00, 遭大陸不肖業者盜用賣假貨江宏恩喊告, https://tw.appledaily.com/headline/20200929/74BAEFO2QBGGNB7T5ZDK3H7LYI/
         <<< 2020-09-29 沒有更多 "黑心" 相關的新聞 !!! >>>
  ------------------------------------------------------
    >> 搜尋關鍵字:"漂白"; 網址:"https://tw.appledaily.com/search/漂白/"
         <<< 2020-09-29 沒有更多 "漂白" 相關的新聞 !!! >>>
  ------------------------------------------------------
    >> 搜尋關鍵字:"爆炸"; 網址:"https://tw.appledaily.com/search/爆炸/"
         >>> 找到關鍵字 "爆炸"; 文章資訊: 2020-09-28 18:40:00, 湖北化工廠爆炸至少5死1傷黃煙密布疑為硝酸洩漏, https://tw.appledaily.com/international/20200928/PFL3CLM3XNHZRJGZFF73APWQU4/
         <<< 2020-09-29 沒有更多 "爆炸" 相關的新聞 !!! >>>
  ------------------------------------------------------
    >> 搜尋關鍵字:"新興"; 網址:"https://tw.appledaily.com/search/新興/"
         >>> 找到關鍵字 "新興"; 文章資訊: 2020-09-29 00:00:00, 鴻海國巨結盟33變3x3, https://tw.appledaily.com/finance/20200929/GFWWQMRET5FHXJWF4P7YWL4BVI/
         >>> 找到關鍵字 "新興"; 文章資訊: 2020-09-29 00:00:00, 蘋論民進黨壯年了以後, https://tw.appledaily.com/headline/20200929/3OIM2KMQZFATREUQW6NESEV5MA/
         >>> 找到關鍵字 "新興"; 文章資訊: 2020-09-29 00:00:00, 美中台探針中國城市難取代香港金融中心邱萬鈞, https://tw.appledaily.com/forum/20200929/NNGYD3G4OFB3JDO2IDCXEOTTVE/
         <<< 2020-09-29 沒有更多 "新興" 相關的新聞 !!! >>>
  ------------------------------------------------------
    >> 搜尋關鍵字:"爆裂物"; 網址:"https://tw.appledaily.com/search/爆裂物/"
         <<< 2020-09-29 沒有更多 "爆裂物" 相關的新聞 !!! >>>
  ------------------------------------------------------
    >> 搜尋關鍵字:"IED"; 網址:"https://tw.appledaily.com/search/IED/"
         <<< 2020-09-29 沒有更多 "IED" 相關的新聞 !!! >>>
  ------------------------------------------------------
    >> 搜尋關鍵字:"排放"; 網址:"https://tw.appledaily.com/search/排放/"
         >>> 找到關鍵字 "排放"; 文章資訊: 2020-09-29 00:09:00, 不再有純燃油車2021年式VolvoXC60新增B4入門款售價215萬元起, https://tw.appledaily.com/gadget/20200929/2ZUIRPXNUJBVXBX3TV26BIYQ2Y/
         <<< 2020-09-29 沒有更多 "排放" 相關的新聞 !!! >>>
  ------------------------------------------------------
    >> 搜尋關鍵字:"污染"; 網址:"https://tw.appledaily.com/search/污染/"
         >>> 找到關鍵字 "污染"; 文章資訊: 2020-09-29 00:00:00, 沒有灌溉水源要如何種出農作物葉昱呈, https://tw.appledaily.com/forum/20200929/IYTCRMLTHFHBTCA77LO3HE2E6E/
         <<< 2020-09-29 沒有更多 "污染" 相關的新聞 !!! >>>
  ------------------------------------------------------
    >> 搜尋關鍵字:"廢水"; 網址:"https://tw.appledaily.com/search/廢水/"
         <<< 2020-09-29 沒有更多 "廢水" 相關的新聞 !!! >>>
  ------------------------------------------------------
    >> 搜尋關鍵字:"污水"; 網址:"https://tw.appledaily.com/search/污水/"
         <<< 2020-09-29 沒有更多 "污水" 相關的新聞 !!! >>>
  ------------------------------------------------------
    >> 搜尋關鍵字:"洩漏"; 網址:"https://tw.appledaily.com/search/洩漏/"
         >>> 找到關鍵字 "洩漏"; 文章資訊: 2020-09-28 18:40:00, 湖北化工廠爆炸至少5死1傷黃煙密布疑為硝酸洩漏, https://tw.appledaily.com/international/20200928/PFL3CLM3XNHZRJGZFF73APWQU4/
         <<< 2020-09-29 沒有更多 "洩漏" 相關的新聞 !!! >>>
  ------------------------------------------------------
    >> 搜尋關鍵字:"暗管"; 網址:"https://tw.appledaily.com/search/暗管/"
         <<< 2020-09-29 沒有更多 "暗管" 相關的新聞 !!! >>>
  ------------------------------------------------------
    >> 搜尋關鍵字:"偷排"; 網址:"https://tw.appledaily.com/search/偷排/"
      **** something wrong!! Restart it!! ****
  ------------------------------------------------------
    >> 搜尋關鍵字:"安全"; 網址:"https://tw.appledaily.com/search/安全/"
         >>> 找到關鍵字 "安全"; 文章資訊: 2020-09-29 00:00:00, 保障平交道安全台鐵加裝緊急按鈕, https://tw.appledaily.com/headline/20200929/VQWMUTZG4JEPVBRM4SSZRO3PKI/
         >>> 找到關鍵字 "安全"; 文章資訊: 2020-09-29 07:24:00, 丈夫遭鯊魚攻擊婦人不顧懷孕跳海搶救, https://tw.appledaily.com/international/20200929/FG3MGRL5KNGTXHLJ3N7BNCGWZY/
         >>> 找到關鍵字 "安全"; 文章資訊: 2020-09-29 07:28:00, 男稱遭圍毆躲機場捷運站拒送醫指定要抽黑豆, https://tw.appledaily.com/local/20200929/B33U52ZNGNDVTHUMKE3Y75UYHU/
         >>> 找到關鍵字 "安全"; 文章資訊: 2020-09-29 00:16:00, 大猩猩暴揍女飼養員衝破3道安全門她重傷雙臂俱斷多處骨折, https://tw.appledaily.com/international/20200929/WXTEWZ54C5HGPH4SXVJUXB4ZEY/
         >>> 找到關鍵字 "安全"; 文章資訊: 2020-09-29 06:52:00, 批美拳頭大破壞規則王毅偷蜘蛛人經典台詞大國權力大責任更大, https://tw.appledaily.com/international/20200929/LGF44E7765AJTHPT33PFKKKJNM/
         >>> 找到關鍵字 "安全"; 文章資訊: 2020-09-28 12:17:00, 保障平交道安全台鐵加裝大型方向指示器緊急按鈕, https://tw.appledaily.com/life/20200928/RPXFKI6FLVF7FO5J73PJUA5RYE/
         >>> 找到關鍵字 "安全"; 文章資訊: 2020-09-28 13:57:00, 共機擾台藍委憂替美國打代理人戰爭吳釗燮駁政府有責任捍衛國家安全, https://tw.appledaily.com/politics/20200928/3OPIZGLRFNG6JOX2BIFS62ZMME/
         >>> 找到關鍵字 "安全"; 文章資訊: 2020-09-29 05:35:00, 華為公主引渡案再開庭孟晚舟律師美國的證據誤導加拿大, https://tw.appledaily.com/international/20200929/ESJUICQKIBDRDLN3YTLBPVKYH4/
         >>> 找到關鍵字 "安全"; 文章資訊: 2020-09-29 04:46:00, 德國官員對中國新冷戰開打美歐須並肩合作, https://tw.appledaily.com/international/20200929/FMRFKGHJA5EUHN3O2ETMCTAZI4/
         >>> 找到關鍵字 "安全"; 文章資訊: 2020-09-29 00:00:00, 5G自駕巴士試乘了, https://tw.appledaily.com/headline/20200929/3V3YT7HEI5EYNC3RQJXI6UZFLU/
         >>> 找到關鍵字 "安全"; 文章資訊: 2020-09-29 00:00:00, 準市長激辯萊豬蔣萬安沒致癌分析陳時中難長期評估, https://tw.appledaily.com/headline/20200929/GIF3OC7GCJDW7E5ILERXSHYUCM/
         >>> 找到關鍵字 "安全"; 文章資訊: 2020-09-29 00:00:00, 美施壓德國再踢鐵板梅克爾仍堅拒禁用華為, https://tw.appledaily.com/headline/20200929/F4FDH7UUDBCTHNQSITKIWDLORQ/
         >>> 找到關鍵字 "安全"; 文章資訊: 2020-09-29 00:00:00, 美封殺中芯恐成引爆點, https://tw.appledaily.com/headline/20200929/3TLNTWLGXBH4HCSNGYYJ4IZMJY/
         <<< 2020-09-29 沒有更多 "安全" 相關的新聞 !!! >>>
  ------------------------------------------------------
    >> 搜尋關鍵字:"槽車"; 網址:"https://tw.appledaily.com/search/槽車/"
         <<< 2020-09-29 沒有更多 "槽車" 相關的新聞 !!! >>>
       >> 檔案輸出
        ------------------------------------------------------
      >> 下載新聞內容
      >> 下載 https://tw.appledaily.com/international/20200928/PFL3CLM3XNHZRJGZFF73APWQU4/, 湖北化工廠爆炸至少5死1傷黃煙密布疑為硝酸洩漏
      >> 下載 https://tw.appledaily.com/life/20200928/VLG6IIDQHRFYPBAPG7JJISC2OE/, 入獄參與三倍券分裝脫胎換骨受刑人母寫信感謝竹監教化
      >> 下載 https://tw.appledaily.com/property/20200929/RZ4XLU6LFJCLHNHPJPXOEEZXJQ/, 浩鼎合併原料藥代工廠潤雅確保新藥上市品質
      >> 下載 https://tw.appledaily.com/property/20200928/MZZMSU2IPZFMBB2E2XTGHX7AXU/, 樂金化學才說要分拆電池事業就傳出特斯拉想入股
      >> 下載 https://tw.appledaily.com/international/20200928/M6MNVNJGMNCU7KKB4ALHXIGKD4/, 沙烏地古老湖泊發現12萬年前腳印料為最早人類生命證據
      >> 下載 https://tw.appledaily.com/headline/20200929/74BAEFO2QBGGNB7T5ZDK3H7LYI/, 遭大陸不肖業者盜用賣假貨江宏恩喊告
      >> 下載 https://tw.appledaily.com/international/20200928/S5CCN5P5YJGQFHLRCNJD4YUGGM/, 台反共桌游逆統戰獲中國官媒加持香港玩家搶購
      >> 下載 https://tw.appledaily.com/entertainment/20200928/TJ6VR5R5MVHF5JZKZWKEZMMXEY/, 玖壹壹健志喝到斷片35萬名錶飛了洋蔥茫坐路邊哭哭
      >> 下載 https://tw.appledaily.com/international/20200928/KXJ3H6OSTZESTM5ECLG53FJXGY/, 報復同事錢多事少鬼女幼師下毒幼童吃八寶粥1死23傷
      >> 下載 https://tw.appledaily.com/politics/20200928/VSR5DYUBJFBXBI6WBYS3NCDADY/, 阿美族中國人起底瞎扯祖靈交付責任批族人不敢築夢
      >> 下載 https://tw.appledaily.com/supplement/20200928/GYX7JZAV6RAZPNH76RFOJA5OMI/, 瑪黑餐酒新菜善用在地食材生魚片佐金鑽鳳梨刺蔥清爽開胃
      >> 下載 https://tw.appledaily.com/local/20200928/OILXPMC4FFBFFBL34YORIZQ5T4/, 囂張黑幫空運215公斤毒品竟順利從華儲偷走警抓十五分幫大哥追回6億K他命
      >> 下載 https://tw.appledaily.com/life/20200928/LQOTQ7WDVJG5RF5PWSNGPHKIQU/, 扯北市府僱員遭警查獲毒品有吸毒紀錄卻仍在職協助家暴婦女更生人
      >> 下載 https://tw.appledaily.com/headline/20200929/BH5U5X57JVB5BF7NQU3ZG7MKBM/, 黑幫空運6億毒闖華儲盜貨
      >> 下載 https://tw.appledaily.com/local/20200928/EMJNK6A5KZD3XJ5JTQEWAAOOHU/, 警界籃球高手陳屍溫泉旅館浴室摔倒顱內出血不治台語片
      >> 下載 https://tw.appledaily.com/local/20200928/E7OJ53WTZJB2PAOUMD3AB3ARAA/, 借人1000萬投資卻被凹欠債囂張黑幫押人痛毆逼簽本票
      >> 下載 https://tw.appledaily.com/headline/20200929/GIF3OC7GCJDW7E5ILERXSHYUCM/, 準市長激辯萊豬蔣萬安沒致癌分析陳時中難長期評估
      >> 下載 https://tw.appledaily.com/life/20200928/7LHTTAO3V5BQLJFK3MKZXB757U/, 準市長立院交鋒蔣萬安4問萊豬風險陳時中只有這樣回
      >> 下載 https://tw.appledaily.com/property/20200929/RZ4XLU6LFJCLHNHPJPXOEEZXJQ/, 浩鼎合併原料藥代工廠潤雅確保新藥上市品質
      >> 下載 https://tw.appledaily.com/local/20200928/S3RJXY6P75GPBKKHMYA52KATGI/, 中國原料偽台灣製白人牙膏負責人被訴堅稱疏失
      >> 下載 https://tw.appledaily.com/property/20200928/7GJANIXBQ5CAZNNIXOX6AIMGHA/, 多家機構看空前景中芯陸港兩地股價重挫
      >> 下載 https://tw.appledaily.com/headline/20200929/74BAEFO2QBGGNB7T5ZDK3H7LYI/, 遭大陸不肖業者盜用賣假貨江宏恩喊告
      >> 下載 https://tw.appledaily.com/international/20200928/PFL3CLM3XNHZRJGZFF73APWQU4/, 湖北化工廠爆炸至少5死1傷黃煙密布疑為硝酸洩漏
      >> 下載 https://tw.appledaily.com/finance/20200929/GFWWQMRET5FHXJWF4P7YWL4BVI/, 鴻海國巨結盟33變3x3
      >> 下載 https://tw.appledaily.com/headline/20200929/3OIM2KMQZFATREUQW6NESEV5MA/, 蘋論民進黨壯年了以後
      >> 下載 https://tw.appledaily.com/forum/20200929/NNGYD3G4OFB3JDO2IDCXEOTTVE/, 美中台探針中國城市難取代香港金融中心邱萬鈞
      >> 下載 https://tw.appledaily.com/gadget/20200929/2ZUIRPXNUJBVXBX3TV26BIYQ2Y/, 不再有純燃油車2021年式VolvoXC60新增B4入門款售價215萬元起
      >> 下載 https://tw.appledaily.com/forum/20200929/IYTCRMLTHFHBTCA77LO3HE2E6E/, 沒有灌溉水源要如何種出農作物葉昱呈
      >> 下載 https://tw.appledaily.com/international/20200928/PFL3CLM3XNHZRJGZFF73APWQU4/, 湖北化工廠爆炸至少5死1傷黃煙密布疑為硝酸洩漏
      >> 下載 https://tw.appledaily.com/headline/20200929/VQWMUTZG4JEPVBRM4SSZRO3PKI/, 保障平交道安全台鐵加裝緊急按鈕
      >> 下載 https://tw.appledaily.com/international/20200929/FG3MGRL5KNGTXHLJ3N7BNCGWZY/, 丈夫遭鯊魚攻擊婦人不顧懷孕跳海搶救
      >> 下載 https://tw.appledaily.com/local/20200929/B33U52ZNGNDVTHUMKE3Y75UYHU/, 男稱遭圍毆躲機場捷運站拒送醫指定要抽黑豆
      >> 下載 https://tw.appledaily.com/international/20200929/WXTEWZ54C5HGPH4SXVJUXB4ZEY/, 大猩猩暴揍女飼養員衝破3道安全門她重傷雙臂俱斷多處骨折
      >> 下載 https://tw.appledaily.com/international/20200929/LGF44E7765AJTHPT33PFKKKJNM/, 批美拳頭大破壞規則王毅偷蜘蛛人經典台詞大國權力大責任更大
      >> 下載 https://tw.appledaily.com/life/20200928/RPXFKI6FLVF7FO5J73PJUA5RYE/, 保障平交道安全台鐵加裝大型方向指示器緊急按鈕
      >> 下載 https://tw.appledaily.com/politics/20200928/3OPIZGLRFNG6JOX2BIFS62ZMME/, 共機擾台藍委憂替美國打代理人戰爭吳釗燮駁政府有責任捍衛國家安全
      >> 下載 https://tw.appledaily.com/international/20200929/ESJUICQKIBDRDLN3YTLBPVKYH4/, 華為公主引渡案再開庭孟晚舟律師美國的證據誤導加拿大
      >> 下載 https://tw.appledaily.com/international/20200929/FMRFKGHJA5EUHN3O2ETMCTAZI4/, 德國官員對中國新冷戰開打美歐須並肩合作
      >> 下載 https://tw.appledaily.com/headline/20200929/3V3YT7HEI5EYNC3RQJXI6UZFLU/, 5G自駕巴士試乘了
      >> 下載 https://tw.appledaily.com/headline/20200929/GIF3OC7GCJDW7E5ILERXSHYUCM/, 準市長激辯萊豬蔣萬安沒致癌分析陳時中難長期評估
      >> 下載 https://tw.appledaily.com/headline/20200929/F4FDH7UUDBCTHNQSITKIWDLORQ/, 美施壓德國再踢鐵板梅克爾仍堅拒禁用華為
      >> 下載 https://tw.appledaily.com/headline/20200929/3TLNTWLGXBH4HCSNGYYJ4IZMJY/, 美封殺中芯恐成引爆點
