     -----> 新聞爬蟲：蘋果日報

           <<< 蘋果日報新聞搜尋 >>>
  ------------------------------------------------------
  ------------------------------------------------------
    >> 搜尋關鍵字:"工業用"; 網址:"https://tw.appledaily.com/search/工業用/"
         <<< 2020-10-10 沒有更多 "工業用" 相關的新聞 !!! >>>
  ------------------------------------------------------
    >> 搜尋關鍵字:"化工"; 網址:"https://tw.appledaily.com/search/化工/"
         <<< 2020-10-10 沒有更多 "化工" 相關的新聞 !!! >>>
  ------------------------------------------------------
    >> 搜尋關鍵字:"化災"; 網址:"https://tw.appledaily.com/search/化災/"
         <<< 2020-10-10 沒有更多 "化災" 相關的新聞 !!! >>>
  ------------------------------------------------------
    >> 搜尋關鍵字:"化學"; 網址:"https://tw.appledaily.com/search/化學/"
         >>> 找到關鍵字 "化學"; 文章資訊: 2020-10-09 15:35:00, 被罵又老又沒用七旬翁持腐蝕性液體把前妻潑到毀容, https://tw.appledaily.com/international/20201009/62BX7CW2MFDLRNBNW7NLYZG56Q/
         <<< 2020-10-10 沒有更多 "化學" 相關的新聞 !!! >>>
  ------------------------------------------------------
    >> 搜尋關鍵字:"外洩"; 網址:"https://tw.appledaily.com/search/外洩/"
      **** something wrong!! Restart it!! ****
  ------------------------------------------------------
    >> 搜尋關鍵字:"危害"; 網址:"https://tw.appledaily.com/search/危害/"
         >>> 找到關鍵字 "危害"; 文章資訊: 2020-10-10 00:00:00, 蘋中人探採暗夜精靈毒譜陳怡寧, https://tw.appledaily.com/headline/20201010/XZNVXMOP2ZDKHFZOR3G5ENZB5A/
         >>> 找到關鍵字 "危害"; 文章資訊: 2020-10-10 00:00:00, 印籍大廚家傳夢幻咖哩追求有機回饋台灣展初心, https://tw.appledaily.com/lifestyle/20201010/X77JT2BQFVET5B3OXYKOLUXHNQ/
         >>> 找到關鍵字 "危害"; 文章資訊: 2020-10-09 21:15:00, 金門女清潔隊員清晨掃街慘遭醉男開車撞飛命危, https://tw.appledaily.com/local/20201009/N3TSW6JBQJHHXEWPG2QBQOHTTY/
         >>> 找到關鍵字 "危害"; 文章資訊: 2020-10-09 19:51:00, 蘋滋味印度大廚賣夢幻咖哩有機無毒回饋台灣, https://tw.appledaily.com/micromovie/20201009/YXAKW5APSNHMZKBWIWAM53PA5Y/
         >>> 找到關鍵字 "危害"; 文章資訊: 2020-10-09 16:24:00, 警察上門逮人通緝犯陽台裝伸懶腰丟包毒品, https://tw.appledaily.com/local/20201009/G7ATSNMV5JHVVJCWQVISISBSDA/
         >>> 找到關鍵字 "危害"; 文章資訊: 2020-10-09 16:00:00, 山老鼠肆虐深山尋寶賺暴利現場直播攬客鋸切樹瘤, https://tw.appledaily.com/local/20201009/LIVTJEZZQVBVXAHVMDOPAC25KE/
         >>> 找到關鍵字 "危害"; 文章資訊: 2020-10-09 14:12:00, 她被搭訕給電話竟成噩夢闖公司告同事性侵她還揚言殺她全家, https://tw.appledaily.com/local/20201009/ZT6VVJHTHVALXIXT3ADMBBJVNE/
         >>> 找到關鍵字 "危害"; 文章資訊: 2020-10-09 13:00:00, 精神科醫師觀點一直製造麻煩的自戀總統, https://tw.appledaily.com/forum/20201009/I6TF2W6A6RG25D3SNI7AYTDN4E/
         <<< 2020-10-10 沒有更多 "危害" 相關的新聞 !!! >>>
  ------------------------------------------------------
    >> 搜尋關鍵字:"有毒"; 網址:"https://tw.appledaily.com/search/有毒/"
         <<< 2020-10-10 沒有更多 "有毒" 相關的新聞 !!! >>>
  ------------------------------------------------------
    >> 搜尋關鍵字:"有害"; 網址:"https://tw.appledaily.com/search/有害/"
         >>> 找到關鍵字 "有害"; 文章資訊: 2020-10-10 00:00:00, 蘋中人探採暗夜精靈毒譜陳怡寧, https://tw.appledaily.com/headline/20201010/XZNVXMOP2ZDKHFZOR3G5ENZB5A/
         >>> 找到關鍵字 "有害"; 文章資訊: 2020-10-10 01:08:00, 跑趴續攤新據點Checkitout國泰萬怡高空酒吧開幕打無限暢飲, https://tw.appledaily.com/supplement/20201010/QCAINAOSO5HIBCRTXCZX7IMYCI/
         >>> 找到關鍵字 "有害"; 文章資訊: 2020-10-09 15:17:00, 獨家毋湯蜂蜜不是酒越陳越香過期像喝醬油, https://tw.appledaily.com/life/20201009/EVTIUOF2B5HMLOA5NHODPUEPHQ/
         <<< 2020-10-10 沒有更多 "有害" 相關的新聞 !!! >>>
  ------------------------------------------------------
    >> 搜尋關鍵字:"色料"; 網址:"https://tw.appledaily.com/search/色料/"
      **** something wrong!! Restart it!! ****
  ------------------------------------------------------
    >> 搜尋關鍵字:"色素"; 網址:"https://tw.appledaily.com/search/色素/"
         <<< 2020-10-10 沒有更多 "色素" 相關的新聞 !!! >>>
  ------------------------------------------------------
    >> 搜尋關鍵字:"毒性"; 網址:"https://tw.appledaily.com/search/毒性/"
         >>> 找到關鍵字 "毒性"; 文章資訊: 2020-10-09 14:55:00, 腿上被大蜈蚣螫傷退役泰拳拳王毒發死, https://tw.appledaily.com/international/20201009/GIR66DNH3FCIBFHQPNRAXSY6IQ/
         <<< 2020-10-10 沒有更多 "毒性" 相關的新聞 !!! >>>
  ------------------------------------------------------
    >> 搜尋關鍵字:"毒品"; 網址:"https://tw.appledaily.com/search/毒品/"
      **** something wrong!! Restart it!! ****
  ------------------------------------------------------
    >> 搜尋關鍵字:"致癌"; 網址:"https://tw.appledaily.com/search/致癌/"
         <<< 2020-10-10 沒有更多 "致癌" 相關的新聞 !!! >>>
  ------------------------------------------------------
    >> 搜尋關鍵字:"重金屬"; 網址:"https://tw.appledaily.com/search/重金屬/"
         <<< 2020-10-10 沒有更多 "重金屬" 相關的新聞 !!! >>>
  ------------------------------------------------------
    >> 搜尋關鍵字:"食安"; 網址:"https://tw.appledaily.com/search/食安/"
         >>> 找到關鍵字 "食安"; 文章資訊: 2020-10-10 00:15:00, 10項3歲以下嬰幼兒用品標檢局明年強制列檢一網打盡, https://tw.appledaily.com/life/20201010/TZ7KNSHFTBCR3CUA2AWZVOOKDQ/
         >>> 找到關鍵字 "食安"; 文章資訊: 2020-10-09 17:30:00, 托嬰中心小米漿誤加脫氧劑4嬰送醫挨罰至少6萬負責人出面道歉, https://tw.appledaily.com/life/20201009/MQJKN342GNDZTAFMIRFK4ZFHPU/
         >>> 找到關鍵字 "食安"; 文章資訊: 2020-10-09 14:09:00, 中央山脈深層泉水攏是假黑心商鑿井挖地下水混摻賣賺393萬下場出爐, https://tw.appledaily.com/local/20201009/7RJKL22S45DTNIKTO4HN3GV3TA/
         >>> 找到關鍵字 "食安"; 文章資訊: 2020-10-09 13:58:00, 工地管理智慧化中保科技9月營收亮眼, https://tw.appledaily.com/property/20201009/PTNZLLJZONGGJJ2M6G27YTH53U/
         <<< 2020-10-10 沒有更多 "食安" 相關的新聞 !!! >>>
  ------------------------------------------------------
    >> 搜尋關鍵字:"香料"; 網址:"https://tw.appledaily.com/search/香料/"
         >>> 找到關鍵字 "香料"; 文章資訊: 2020-10-10 00:00:00, 印籍大廚家傳夢幻咖哩追求有機回饋台灣展初心, https://tw.appledaily.com/lifestyle/20201010/X77JT2BQFVET5B3OXYKOLUXHNQ/
         >>> 找到關鍵字 "香料"; 文章資訊: 2020-10-10 00:14:00, 讀果保健精讀濕疹萬用膏難根治亂用潤膚乳小心更癢, https://tw.appledaily.com/life/20201010/VQMZFGQIWZBMNHHEMK3LJGUXGA/
         >>> 找到關鍵字 "香料"; 文章資訊: 2020-10-09 19:51:00, 蘋滋味印度大廚賣夢幻咖哩有機無毒回饋台灣, https://tw.appledaily.com/micromovie/20201009/YXAKW5APSNHMZKBWIWAM53PA5Y/
         <<< 2020-10-10 沒有更多 "香料" 相關的新聞 !!! >>>
  ------------------------------------------------------
    >> 搜尋關鍵字:"原料"; 網址:"https://tw.appledaily.com/search/原料/"
      **** something wrong!! Restart it!! ****
  ------------------------------------------------------
    >> 搜尋關鍵字:"氣爆"; 網址:"https://tw.appledaily.com/search/氣爆/"
         <<< 2020-10-10 沒有更多 "氣爆" 相關的新聞 !!! >>>
  ------------------------------------------------------
    >> 搜尋關鍵字:"添加物"; 網址:"https://tw.appledaily.com/search/添加物/"
         >>> 找到關鍵字 "添加物"; 文章資訊: 2020-10-10 00:14:00, 讀果保健精讀濕疹萬用膏難根治亂用潤膚乳小心更癢, https://tw.appledaily.com/life/20201010/VQMZFGQIWZBMNHHEMK3LJGUXGA/
         <<< 2020-10-10 沒有更多 "添加物" 相關的新聞 !!! >>>
  ------------------------------------------------------
    >> 搜尋關鍵字:"黑心"; 網址:"https://tw.appledaily.com/search/黑心/"
      **** something wrong!! Restart it!! ****
  ------------------------------------------------------
    >> 搜尋關鍵字:"漂白"; 網址:"https://tw.appledaily.com/search/漂白/"
         >>> 找到關鍵字 "漂白"; 文章資訊: 2020-10-10 00:00:00, 蘋中人探採暗夜精靈毒譜陳怡寧, https://tw.appledaily.com/headline/20201010/XZNVXMOP2ZDKHFZOR3G5ENZB5A/
         <<< 2020-10-10 沒有更多 "漂白" 相關的新聞 !!! >>>
  ------------------------------------------------------
    >> 搜尋關鍵字:"爆炸"; 網址:"https://tw.appledaily.com/search/爆炸/"
         >>> 找到關鍵字 "爆炸"; 文章資訊: 2020-10-10 04:04:00, 早餐店倉庫起火4人獲救1送醫, https://tw.appledaily.com/local/20201010/55ODJV544RFHXHTSBHURXL432I/
         <<< 2020-10-10 沒有更多 "爆炸" 相關的新聞 !!! >>>
  ------------------------------------------------------
    >> 搜尋關鍵字:"新興"; 網址:"https://tw.appledaily.com/search/新興/"
         >>> 找到關鍵字 "新興"; 文章資訊: 2020-10-10 00:00:00, 專家評析系列6之6台灣的外交需要戰略思維劉必榮, https://tw.appledaily.com/forum/20201010/F3W7NJCU25F3FN4TPGCV2P7USU/
         >>> 找到關鍵字 "新興"; 文章資訊: 2020-10-10 00:00:00, 日德英已開放委託專業公司消毒, https://tw.appledaily.com/headline/20201010/BCN5SNSVCJG7NEKGTXBTG42JTU/
         >>> 找到關鍵字 "新興"; 文章資訊: 2020-10-10 00:00:00, 網攻一場無煙硝的隱形戰爭林昕璇, https://tw.appledaily.com/forum/20201010/NWXNP4UC6ZA3TIKR3Y3BQ7X5VU/
         >>> 找到關鍵字 "新興"; 文章資訊: 2020-10-10 00:00:00, 蘋中人探採暗夜精靈毒譜陳怡寧, https://tw.appledaily.com/headline/20201010/XZNVXMOP2ZDKHFZOR3G5ENZB5A/
         >>> 找到關鍵字 "新興"; 文章資訊: 2020-10-10 00:00:00, 台中科技走廊利多集結4區旺, https://tw.appledaily.com/property/20201010/CD4X7JBBUNFRDFTOQUCXOOEDM4/
         >>> 找到關鍵字 "新興"; 文章資訊: 2020-10-09 21:30:00, 專家評析系列6之6台灣的外交需要戰略思維劉必榮, https://tw.appledaily.com/forum/20201009/ZFAQNCR425AJRHXUGQHS7CTM3M/
         >>> 找到關鍵字 "新興"; 文章資訊: 2020-10-09 16:38:00, 網攻一場無煙硝的隱形戰爭林昕璇, https://tw.appledaily.com/forum/20201009/IZSOBQE6KVELLD6MUPYTMY352U/
         >>> 找到關鍵字 "新興"; 文章資訊: 2020-10-09 15:57:00, 一次性醫材日德英開放消毒後重複用衛福部為國內醫界解套, https://tw.appledaily.com/life/20201009/WRBDWSSSPJDHXHHZ6ZMHGBR2UY/
         >>> 找到關鍵字 "新興"; 文章資訊: 2020-10-09 15:36:00, 求職照過來北市勞動局科技業1016徵才職缺527個月薪40K起跳, https://tw.appledaily.com/life/20201009/YD2L5FLVQFG5DKADNPWAYMNAKM/
         >>> 找到關鍵字 "新興"; 文章資訊: 2020-10-09 11:30:00, 整合供應鏈台灣自行車產業微增量開發策略, https://tw.appledaily.com/forum/20201009/HJKQZ57AUJCPVPA4BEASNJ65NM/
         >>> 找到關鍵字 "新興"; 文章資訊: 2020-10-09 10:11:00, 宣明智燒15億助兒完成生技夢, https://tw.appledaily.com/local/20201009/K445B4WZGJAOPOK23ZRXOD76BQ/
         >>> 找到關鍵字 "新興"; 文章資訊: 2020-10-09 09:00:00, 中信銀下半年資本市場面臨3大風險Q4資產配置可採4555股債布局, https://tw.appledaily.com/property/20201009/IKYIBKGU2BAFVNAD4YK7GAPDMQ/
         >>> 找到關鍵字 "新興"; 文章資訊: 2020-10-09 08:47:00, 高雄計程車違規左轉保全員遭撞飛送醫, https://tw.appledaily.com/local/20201009/S7PI3AAU7VBKNIXGX5BUKPGQWM/
         <<< 2020-10-10 沒有更多 "新興" 相關的新聞 !!! >>>
  ------------------------------------------------------
    >> 搜尋關鍵字:"爆裂物"; 網址:"https://tw.appledaily.com/search/爆裂物/"
      **** something wrong!! Restart it!! ****
  ------------------------------------------------------
    >> 搜尋關鍵字:"IED"; 網址:"https://tw.appledaily.com/search/IED/"
         <<< 2020-10-10 沒有更多 "IED" 相關的新聞 !!! >>>
  ------------------------------------------------------
    >> 搜尋關鍵字:"排放"; 網址:"https://tw.appledaily.com/search/排放/"
         <<< 2020-10-10 沒有更多 "排放" 相關的新聞 !!! >>>
  ------------------------------------------------------
    >> 搜尋關鍵字:"污染"; 網址:"https://tw.appledaily.com/search/污染/"
         >>> 找到關鍵字 "污染"; 文章資訊: 2020-10-10 00:30:00, 溢遊未盡3暢遊古巴加拿大廖科溢圓夢直呼兩極世界, https://tw.appledaily.com/supplement/20201010/BLMBXWOWFRAE7MG4XW7ERF7A24/
         <<< 2020-10-10 沒有更多 "污染" 相關的新聞 !!! >>>
  ------------------------------------------------------
    >> 搜尋關鍵字:"廢水"; 網址:"https://tw.appledaily.com/search/廢水/"
         <<< 2020-10-10 沒有更多 "廢水" 相關的新聞 !!! >>>
  ------------------------------------------------------
    >> 搜尋關鍵字:"污水"; 網址:"https://tw.appledaily.com/search/污水/"
         >>> 找到關鍵字 "污水"; 文章資訊: 2020-10-09 19:06:00, 雙北水肥戰一觸即發新北關閉投肥站業者跑來台北倒惹議, https://tw.appledaily.com/life/20201009/GW6UN5MM5FAD5AU3BJTZJU6E7A/
         <<< 2020-10-10 沒有更多 "污水" 相關的新聞 !!! >>>
  ------------------------------------------------------
    >> 搜尋關鍵字:"洩漏"; 網址:"https://tw.appledaily.com/search/洩漏/"
      **** something wrong!! Restart it!! ****
  ------------------------------------------------------
    >> 搜尋關鍵字:"暗管"; 網址:"https://tw.appledaily.com/search/暗管/"
         <<< 2020-10-10 沒有更多 "暗管" 相關的新聞 !!! >>>
  ------------------------------------------------------
    >> 搜尋關鍵字:"偷排"; 網址:"https://tw.appledaily.com/search/偷排/"
         <<< 2020-10-10 沒有更多 "偷排" 相關的新聞 !!! >>>
  ------------------------------------------------------
    >> 搜尋關鍵字:"安全"; 網址:"https://tw.appledaily.com/search/安全/"
         >>> 找到關鍵字 "安全"; 文章資訊: 2020-10-10 08:00:00, 新店社區土地糾紛警衛亭半夜遭挖土機強拆破壞, https://tw.appledaily.com/local/20201010/HL6QY46MKRF53P3Y2L4336EMJQ/
         >>> 找到關鍵字 "安全"; 文章資訊: 2020-10-10 07:59:00, 蘋果Live國慶大會防疫國家隊領唱國歌F16Ｖ凱道衝場, https://tw.appledaily.com/politics/20201010/O3XGUANJEJDLFHBEQJWXG4EBL4/
         >>> 找到關鍵字 "安全"; 文章資訊: 2020-10-10 07:51:00, 4939棟老樓外牆強制檢測遭喊價百萬惹民怨柯市府急喊卡, https://tw.appledaily.com/life/20201010/PF6B2SFMMFEC7D4LNQU2JFHT4M/
         >>> 找到關鍵字 "安全"; 文章資訊: 2020-10-10 07:48:00, 10項3歲以下嬰幼兒用品標檢局明年強制列檢一網打盡, https://tw.appledaily.com/life/20201010/TZ7KNSHFTBCR3CUA2AWZVOOKDQ/
         >>> 找到關鍵字 "安全"; 文章資訊: 2020-10-10 07:06:00, 普丁緋聞女友銷聲匿跡兩年消息神隱證明她已誕下普丁孩子, https://tw.appledaily.com/international/20201010/MRBBCFCOIZHG3G57WBRA25HNP4/
         >>> 找到關鍵字 "安全"; 文章資訊: 2020-10-10 07:00:00, 國慶演說蔡英文提醒國人團結走出困境喊話中國化解區域緊張, https://tw.appledaily.com/politics/20201010/53SP3VA5CBBUJLQW7UZPLEE7H4/
         >>> 找到關鍵字 "安全"; 文章資訊: 2020-10-10 06:40:00, 美擬限制騰訊和螞蟻集團華春瑩驚呼無異現代海盜, https://tw.appledaily.com/international/20201010/NKS5Y7AFPJHS5PVC6XBMS3F2VI/
         >>> 找到關鍵字 "安全"; 文章資訊: 2020-10-10 05:25:00, 小氣爸拒絕警察砸窗救人1歲女困新車內活活悶死, https://tw.appledaily.com/international/20201010/R3STC4OT4JC3TDJNRB5HMVKVCM/
         >>> 找到關鍵字 "安全"; 文章資訊: 2020-10-10 05:06:00, 美神盾驅逐艦又駛入西沙海域解放軍氣到快崩潰赤裸裸的航行霸權, https://tw.appledaily.com/international/20201010/V7V5UE3CCBBVLBQWH25ZN7KNRU/
         >>> 找到關鍵字 "安全"; 文章資訊: 2020-10-10 03:52:00, 新加坡學者自願當中國間諜盼弱化美國美法官輕判14個月, https://tw.appledaily.com/international/20201010/UGMSIG6JFVEKXGIL572TSLYLHQ/
         >>> 找到關鍵字 "安全"; 文章資訊: 2020-10-10 00:00:00, 總統維持穩定是兩岸共同責任, https://tw.appledaily.com/headline/20201010/3RB2MYUUSNG6FGQLF7STKSIVAI/
         >>> 找到關鍵字 "安全"; 文章資訊: 2020-10-10 00:00:00, 蘋論困局中的國慶, https://tw.appledaily.com/headline/20201010/RM6EPJLOZVAYXHKMXEAEAI2B64/
         >>> 找到關鍵字 "安全"; 文章資訊: 2020-10-10 00:00:00, 美前官員籲華府租給台灣F35, https://tw.appledaily.com/headline/20201010/SYLXZIONYBG2XDRBGEHFFWWAWU/
         >>> 找到關鍵字 "安全"; 文章資訊: 2020-10-10 00:00:00, 抑制考試教育把自主性還給孩子郭力昕, https://tw.appledaily.com/forum/20201010/DQVDUSMQUFB3DFA7XCBIZ3NNIA/
         >>> 找到關鍵字 "安全"; 文章資訊: 2020-10-10 00:00:00, 川普醫療團隊的超前部署賴秀穗, https://tw.appledaily.com/forum/20201010/WF4N5FZXJZCAVCL5HBMXF6OMVE/
         >>> 找到關鍵字 "安全"; 文章資訊: 2020-10-10 00:00:00, 醫薪資外所得應列健保費基礎, https://tw.appledaily.com/headline/20201010/NHQW6Z6EYNGCJEFMAJCNQQD6EY/
         >>> 找到關鍵字 "安全"; 文章資訊: 2020-10-10 00:00:00, 網攻一場無煙硝的隱形戰爭林昕璇, https://tw.appledaily.com/forum/20201010/NWXNP4UC6ZA3TIKR3Y3BQ7X5VU/
         >>> 找到關鍵字 "安全"; 文章資訊: 2020-10-10 00:00:00, 專家評析系列6之6台灣的外交需要戰略思維劉必榮, https://tw.appledaily.com/forum/20201010/F3W7NJCU25F3FN4TPGCV2P7USU/
         >>> 找到關鍵字 "安全"; 文章資訊: 2020-10-10 00:00:00, 北台沿海9級強陣風女遭巨浪奪命, https://tw.appledaily.com/headline/20201010/E6E7Z45NZFGN3FJ3J4MYJTRK7Q/
         >>> 找到關鍵字 "安全"; 文章資訊: 2020-10-10 00:00:00, 假期症候群掛病號當心毛孩貪吃釀禍, https://tw.appledaily.com/lifestyle/20201010/H4E67X4EEVFPNCVOJLHGORSUIE/
  ------------------------------------------------------
    >> 搜尋關鍵字:"槽車"; 網址:"https://tw.appledaily.com/search/槽車/"
         >>> 找到關鍵字 "槽車"; 文章資訊: 2020-10-09 16:58:00, 連假交通不斷更新午後國道意外超順國5可飆70公里以上, https://tw.appledaily.com/life/20201009/3PPPIRDTDFH7HM37I2HX4F35NM/
         <<< 2020-10-10 沒有更多 "槽車" 相關的新聞 !!! >>>
       >> 檔案輸出
        ------------------------------------------------------
      >> 下載新聞內容
      >> 下載 https://tw.appledaily.com/international/20201009/62BX7CW2MFDLRNBNW7NLYZG56Q/, 被罵又老又沒用七旬翁持腐蝕性液體把前妻潑到毀容
      >> 下載 https://tw.appledaily.com/headline/20201010/XZNVXMOP2ZDKHFZOR3G5ENZB5A/, 蘋中人探採暗夜精靈毒譜陳怡寧
      >> 下載 https://tw.appledaily.com/lifestyle/20201010/X77JT2BQFVET5B3OXYKOLUXHNQ/, 印籍大廚家傳夢幻咖哩追求有機回饋台灣展初心
      >> 下載 https://tw.appledaily.com/local/20201009/N3TSW6JBQJHHXEWPG2QBQOHTTY/, 金門女清潔隊員清晨掃街慘遭醉男開車撞飛命危
      >> 下載 https://tw.appledaily.com/micromovie/20201009/YXAKW5APSNHMZKBWIWAM53PA5Y/, 蘋滋味印度大廚賣夢幻咖哩有機無毒回饋台灣
      >> 下載 https://tw.appledaily.com/local/20201009/G7ATSNMV5JHVVJCWQVISISBSDA/, 警察上門逮人通緝犯陽台裝伸懶腰丟包毒品
      >> 下載 https://tw.appledaily.com/local/20201009/LIVTJEZZQVBVXAHVMDOPAC25KE/, 山老鼠肆虐深山尋寶賺暴利現場直播攬客鋸切樹瘤
      >> 下載 https://tw.appledaily.com/local/20201009/ZT6VVJHTHVALXIXT3ADMBBJVNE/, 她被搭訕給電話竟成噩夢闖公司告同事性侵她還揚言殺她全家
      >> 下載 https://tw.appledaily.com/forum/20201009/I6TF2W6A6RG25D3SNI7AYTDN4E/, 精神科醫師觀點一直製造麻煩的自戀總統
      >> 下載 https://tw.appledaily.com/headline/20201010/XZNVXMOP2ZDKHFZOR3G5ENZB5A/, 蘋中人探採暗夜精靈毒譜陳怡寧
      >> 下載 https://tw.appledaily.com/supplement/20201010/QCAINAOSO5HIBCRTXCZX7IMYCI/, 跑趴續攤新據點Checkitout國泰萬怡高空酒吧開幕打無限暢飲
      >> 下載 https://tw.appledaily.com/life/20201009/EVTIUOF2B5HMLOA5NHODPUEPHQ/, 獨家毋湯蜂蜜不是酒越陳越香過期像喝醬油
      >> 下載 https://tw.appledaily.com/international/20201009/GIR66DNH3FCIBFHQPNRAXSY6IQ/, 腿上被大蜈蚣螫傷退役泰拳拳王毒發死
      >> 下載 https://tw.appledaily.com/life/20201010/TZ7KNSHFTBCR3CUA2AWZVOOKDQ/, 10項3歲以下嬰幼兒用品標檢局明年強制列檢一網打盡
      >> 下載 https://tw.appledaily.com/life/20201009/MQJKN342GNDZTAFMIRFK4ZFHPU/, 托嬰中心小米漿誤加脫氧劑4嬰送醫挨罰至少6萬負責人出面道歉
      >> 下載 https://tw.appledaily.com/local/20201009/7RJKL22S45DTNIKTO4HN3GV3TA/, 中央山脈深層泉水攏是假黑心商鑿井挖地下水混摻賣賺393萬下場出爐
      >> 下載 https://tw.appledaily.com/property/20201009/PTNZLLJZONGGJJ2M6G27YTH53U/, 工地管理智慧化中保科技9月營收亮眼
      >> 下載 https://tw.appledaily.com/lifestyle/20201010/X77JT2BQFVET5B3OXYKOLUXHNQ/, 印籍大廚家傳夢幻咖哩追求有機回饋台灣展初心
      >> 下載 https://tw.appledaily.com/life/20201010/VQMZFGQIWZBMNHHEMK3LJGUXGA/, 讀果保健精讀濕疹萬用膏難根治亂用潤膚乳小心更癢
      >> 下載 https://tw.appledaily.com/micromovie/20201009/YXAKW5APSNHMZKBWIWAM53PA5Y/, 蘋滋味印度大廚賣夢幻咖哩有機無毒回饋台灣
      >> 下載 https://tw.appledaily.com/life/20201010/VQMZFGQIWZBMNHHEMK3LJGUXGA/, 讀果保健精讀濕疹萬用膏難根治亂用潤膚乳小心更癢
      >> 下載 https://tw.appledaily.com/headline/20201010/XZNVXMOP2ZDKHFZOR3G5ENZB5A/, 蘋中人探採暗夜精靈毒譜陳怡寧
      >> 下載 https://tw.appledaily.com/local/20201010/55ODJV544RFHXHTSBHURXL432I/, 早餐店倉庫起火4人獲救1送醫
      >> 下載 https://tw.appledaily.com/forum/20201010/F3W7NJCU25F3FN4TPGCV2P7USU/, 專家評析系列6之6台灣的外交需要戰略思維劉必榮
      >> 下載 https://tw.appledaily.com/headline/20201010/BCN5SNSVCJG7NEKGTXBTG42JTU/, 日德英已開放委託專業公司消毒
      >> 下載 https://tw.appledaily.com/forum/20201010/NWXNP4UC6ZA3TIKR3Y3BQ7X5VU/, 網攻一場無煙硝的隱形戰爭林昕璇
      >> 下載 https://tw.appledaily.com/headline/20201010/XZNVXMOP2ZDKHFZOR3G5ENZB5A/, 蘋中人探採暗夜精靈毒譜陳怡寧
      >> 下載 https://tw.appledaily.com/property/20201010/CD4X7JBBUNFRDFTOQUCXOOEDM4/, 台中科技走廊利多集結4區旺
      >> 下載 https://tw.appledaily.com/forum/20201009/ZFAQNCR425AJRHXUGQHS7CTM3M/, 專家評析系列6之6台灣的外交需要戰略思維劉必榮
      >> 下載 https://tw.appledaily.com/forum/20201009/IZSOBQE6KVELLD6MUPYTMY352U/, 網攻一場無煙硝的隱形戰爭林昕璇
      >> 下載 https://tw.appledaily.com/life/20201009/WRBDWSSSPJDHXHHZ6ZMHGBR2UY/, 一次性醫材日德英開放消毒後重複用衛福部為國內醫界解套
      >> 下載 https://tw.appledaily.com/life/20201009/YD2L5FLVQFG5DKADNPWAYMNAKM/, 求職照過來北市勞動局科技業1016徵才職缺527個月薪40K起跳
      >> 下載 https://tw.appledaily.com/forum/20201009/HJKQZ57AUJCPVPA4BEASNJ65NM/, 整合供應鏈台灣自行車產業微增量開發策略
      >> 下載 https://tw.appledaily.com/local/20201009/K445B4WZGJAOPOK23ZRXOD76BQ/, 宣明智燒15億助兒完成生技夢
      >> 下載 https://tw.appledaily.com/property/20201009/IKYIBKGU2BAFVNAD4YK7GAPDMQ/, 中信銀下半年資本市場面臨3大風險Q4資產配置可採4555股債布局
      >> 下載 https://tw.appledaily.com/local/20201009/S7PI3AAU7VBKNIXGX5BUKPGQWM/, 高雄計程車違規左轉保全員遭撞飛送醫
      >> 下載 https://tw.appledaily.com/supplement/20201010/BLMBXWOWFRAE7MG4XW7ERF7A24/, 溢遊未盡3暢遊古巴加拿大廖科溢圓夢直呼兩極世界
      >> 下載 https://tw.appledaily.com/life/20201009/GW6UN5MM5FAD5AU3BJTZJU6E7A/, 雙北水肥戰一觸即發新北關閉投肥站業者跑來台北倒惹議
      >> 下載 https://tw.appledaily.com/local/20201010/HL6QY46MKRF53P3Y2L4336EMJQ/, 新店社區土地糾紛警衛亭半夜遭挖土機強拆破壞
      >> 下載 https://tw.appledaily.com/politics/20201010/O3XGUANJEJDLFHBEQJWXG4EBL4/, 蘋果Live國慶大會防疫國家隊領唱國歌F16Ｖ凱道衝場
      >> 下載 https://tw.appledaily.com/life/20201010/PF6B2SFMMFEC7D4LNQU2JFHT4M/, 4939棟老樓外牆強制檢測遭喊價百萬惹民怨柯市府急喊卡
      >> 下載 https://tw.appledaily.com/life/20201010/TZ7KNSHFTBCR3CUA2AWZVOOKDQ/, 10項3歲以下嬰幼兒用品標檢局明年強制列檢一網打盡
      >> 下載 https://tw.appledaily.com/international/20201010/MRBBCFCOIZHG3G57WBRA25HNP4/, 普丁緋聞女友銷聲匿跡兩年消息神隱證明她已誕下普丁孩子
      >> 下載 https://tw.appledaily.com/politics/20201010/53SP3VA5CBBUJLQW7UZPLEE7H4/, 國慶演說蔡英文提醒國人團結走出困境喊話中國化解區域緊張
      >> 下載 https://tw.appledaily.com/international/20201010/NKS5Y7AFPJHS5PVC6XBMS3F2VI/, 美擬限制騰訊和螞蟻集團華春瑩驚呼無異現代海盜
      >> 下載 https://tw.appledaily.com/international/20201010/R3STC4OT4JC3TDJNRB5HMVKVCM/, 小氣爸拒絕警察砸窗救人1歲女困新車內活活悶死
      >> 下載 https://tw.appledaily.com/international/20201010/V7V5UE3CCBBVLBQWH25ZN7KNRU/, 美神盾驅逐艦又駛入西沙海域解放軍氣到快崩潰赤裸裸的航行霸權
      >> 下載 https://tw.appledaily.com/international/20201010/UGMSIG6JFVEKXGIL572TSLYLHQ/, 新加坡學者自願當中國間諜盼弱化美國美法官輕判14個月
      >> 下載 https://tw.appledaily.com/headline/20201010/3RB2MYUUSNG6FGQLF7STKSIVAI/, 總統維持穩定是兩岸共同責任
      >> 下載 https://tw.appledaily.com/headline/20201010/RM6EPJLOZVAYXHKMXEAEAI2B64/, 蘋論困局中的國慶
      >> 下載 https://tw.appledaily.com/headline/20201010/SYLXZIONYBG2XDRBGEHFFWWAWU/, 美前官員籲華府租給台灣F35
      >> 下載 https://tw.appledaily.com/forum/20201010/DQVDUSMQUFB3DFA7XCBIZ3NNIA/, 抑制考試教育把自主性還給孩子郭力昕
      >> 下載 https://tw.appledaily.com/forum/20201010/WF4N5FZXJZCAVCL5HBMXF6OMVE/, 川普醫療團隊的超前部署賴秀穗
      >> 下載 https://tw.appledaily.com/headline/20201010/NHQW6Z6EYNGCJEFMAJCNQQD6EY/, 醫薪資外所得應列健保費基礎
      >> 下載 https://tw.appledaily.com/forum/20201010/NWXNP4UC6ZA3TIKR3Y3BQ7X5VU/, 網攻一場無煙硝的隱形戰爭林昕璇
      >> 下載 https://tw.appledaily.com/forum/20201010/F3W7NJCU25F3FN4TPGCV2P7USU/, 專家評析系列6之6台灣的外交需要戰略思維劉必榮
      >> 下載 https://tw.appledaily.com/headline/20201010/E6E7Z45NZFGN3FJ3J4MYJTRK7Q/, 北台沿海9級強陣風女遭巨浪奪命
      >> 下載 https://tw.appledaily.com/lifestyle/20201010/H4E67X4EEVFPNCVOJLHGORSUIE/, 假期症候群掛病號當心毛孩貪吃釀禍
      >> 下載 https://tw.appledaily.com/life/20201009/3PPPIRDTDFH7HM37I2HX4F35NM/, 連假交通不斷更新午後國道意外超順國5可飆70公里以上
