     -----> 新聞爬蟲：食力

           <<< 食力新聞搜尋 >>>
  ------------------------------------------------------
  ------------------------------------------------------
    >> 搜尋關鍵字:"工業用"; 網址:"https://www.foodnext.net/search"
         <<< 2020-10-11 沒有更多 "工業用" 相關的新聞 !!! >>>
  ------------------------------------------------------
    >> 搜尋關鍵字:"化工"; 網址:"https://www.foodnext.net/search"
         <<< 2020-10-11 沒有更多 "化工" 相關的新聞 !!! >>>
  ------------------------------------------------------
    >> 搜尋關鍵字:"化災"; 網址:"https://www.foodnext.net/search"
  ------------------------------------------------------
    >> 搜尋關鍵字:"化學"; 網址:"https://www.foodnext.net/search"
         <<< 2020-10-11 沒有更多 "化學" 相關的新聞 !!! >>>
  ------------------------------------------------------
    >> 搜尋關鍵字:"外洩"; 網址:"https://www.foodnext.net/search"
         <<< 2020-10-11 沒有更多 "外洩" 相關的新聞 !!! >>>
  ------------------------------------------------------
    >> 搜尋關鍵字:"危害"; 網址:"https://www.foodnext.net/search"
         <<< 2020-10-11 沒有更多 "危害" 相關的新聞 !!! >>>
  ------------------------------------------------------
    >> 搜尋關鍵字:"有毒"; 網址:"https://www.foodnext.net/search"
         <<< 2020-10-11 沒有更多 "有毒" 相關的新聞 !!! >>>
  ------------------------------------------------------
    >> 搜尋關鍵字:"有害"; 網址:"https://www.foodnext.net/search"
         <<< 2020-10-11 沒有更多 "有害" 相關的新聞 !!! >>>
  ------------------------------------------------------
    >> 搜尋關鍵字:"色料"; 網址:"https://www.foodnext.net/search"
         <<< 2020-10-11 沒有更多 "色料" 相關的新聞 !!! >>>
  ------------------------------------------------------
    >> 搜尋關鍵字:"色素"; 網址:"https://www.foodnext.net/search"
         <<< 2020-10-11 沒有更多 "色素" 相關的新聞 !!! >>>
  ------------------------------------------------------
    >> 搜尋關鍵字:"毒性"; 網址:"https://www.foodnext.net/search"
         <<< 2020-10-11 沒有更多 "毒性" 相關的新聞 !!! >>>
  ------------------------------------------------------
    >> 搜尋關鍵字:"毒品"; 網址:"https://www.foodnext.net/search"
         <<< 2020-10-11 沒有更多 "毒品" 相關的新聞 !!! >>>
  ------------------------------------------------------
    >> 搜尋關鍵字:"致癌"; 網址:"https://www.foodnext.net/search"
         <<< 2020-10-11 沒有更多 "致癌" 相關的新聞 !!! >>>
  ------------------------------------------------------
    >> 搜尋關鍵字:"重金屬"; 網址:"https://www.foodnext.net/search"
         <<< 2020-10-11 沒有更多 "重金屬" 相關的新聞 !!! >>>
  ------------------------------------------------------
    >> 搜尋關鍵字:"食安"; 網址:"https://www.foodnext.net/search"
         <<< 2020-10-11 沒有更多 "食安" 相關的新聞 !!! >>>
  ------------------------------------------------------
    >> 搜尋關鍵字:"香料"; 網址:"https://www.foodnext.net/search"
         <<< 2020-10-11 沒有更多 "香料" 相關的新聞 !!! >>>
  ------------------------------------------------------
    >> 搜尋關鍵字:"原料"; 網址:"https://www.foodnext.net/search"
         <<< 2020-10-11 沒有更多 "原料" 相關的新聞 !!! >>>
  ------------------------------------------------------
    >> 搜尋關鍵字:"氣爆"; 網址:"https://www.foodnext.net/search"
         <<< 2020-10-11 沒有更多 "氣爆" 相關的新聞 !!! >>>
  ------------------------------------------------------
    >> 搜尋關鍵字:"添加物"; 網址:"https://www.foodnext.net/search"
         >>> 找到關鍵字 "添加物"; 文章資訊: 2020-10-11 00:00:00, 希臘優格巨頭Chobani加快創新腳步推出無糖優格進軍益生菌飲料品類, https://www.foodnext.net/news/newsnation/paper/5975518336
         <<< 2020-10-11 沒有更多 "添加物" 相關的新聞 !!! >>>
  ------------------------------------------------------
    >> 搜尋關鍵字:"黑心"; 網址:"https://www.foodnext.net/search"
         <<< 2020-10-11 沒有更多 "黑心" 相關的新聞 !!! >>>
  ------------------------------------------------------
    >> 搜尋關鍵字:"漂白"; 網址:"https://www.foodnext.net/search"
         <<< 2020-10-11 沒有更多 "漂白" 相關的新聞 !!! >>>
  ------------------------------------------------------
    >> 搜尋關鍵字:"爆炸"; 網址:"https://www.foodnext.net/search"
         <<< 2020-10-11 沒有更多 "爆炸" 相關的新聞 !!! >>>
  ------------------------------------------------------
    >> 搜尋關鍵字:"新興"; 網址:"https://www.foodnext.net/search"
         >>> 找到關鍵字 "新興"; 文章資訊: 2020-10-11 00:00:00, 希臘優格巨頭Chobani加快創新腳步推出無糖優格進軍益生菌飲料品類, https://www.foodnext.net/news/newsnation/paper/5975518336
         <<< 2020-10-11 沒有更多 "新興" 相關的新聞 !!! >>>
  ------------------------------------------------------
    >> 搜尋關鍵字:"爆裂物"; 網址:"https://www.foodnext.net/search"
  ------------------------------------------------------
    >> 搜尋關鍵字:"IED"; 網址:"https://www.foodnext.net/search"
         <<< 2020-10-11 沒有更多 "IED" 相關的新聞 !!! >>>
  ------------------------------------------------------
    >> 搜尋關鍵字:"排放"; 網址:"https://www.foodnext.net/search"
         <<< 2020-10-11 沒有更多 "排放" 相關的新聞 !!! >>>
  ------------------------------------------------------
    >> 搜尋關鍵字:"污染"; 網址:"https://www.foodnext.net/search"
         <<< 2020-10-11 沒有更多 "污染" 相關的新聞 !!! >>>
  ------------------------------------------------------
    >> 搜尋關鍵字:"廢水"; 網址:"https://www.foodnext.net/search"
         <<< 2020-10-11 沒有更多 "廢水" 相關的新聞 !!! >>>
  ------------------------------------------------------
    >> 搜尋關鍵字:"污水"; 網址:"https://www.foodnext.net/search"
         <<< 2020-10-11 沒有更多 "污水" 相關的新聞 !!! >>>
  ------------------------------------------------------
    >> 搜尋關鍵字:"洩漏"; 網址:"https://www.foodnext.net/search"
         <<< 2020-10-11 沒有更多 "洩漏" 相關的新聞 !!! >>>
  ------------------------------------------------------
    >> 搜尋關鍵字:"暗管"; 網址:"https://www.foodnext.net/search"
  ------------------------------------------------------
    >> 搜尋關鍵字:"偷排"; 網址:"https://www.foodnext.net/search"
         <<< 2020-10-11 沒有更多 "偷排" 相關的新聞 !!! >>>
  ------------------------------------------------------
    >> 搜尋關鍵字:"安全"; 網址:"https://www.foodnext.net/search"
         >>> 找到關鍵字 "安全"; 文章資訊: 2020-10-11 00:00:00, 菜鳥農夫救星一支手機管150坪農場還能用5G抓害蟲遠端用藥, https://www.foodnext.net/science/technology/paper/5739522052
         <<< 2020-10-11 沒有更多 "安全" 相關的新聞 !!! >>>
  ------------------------------------------------------
    >> 搜尋關鍵字:"槽車"; 網址:"https://www.foodnext.net/search"
         <<< 2020-10-11 沒有更多 "槽車" 相關的新聞 !!! >>>
       >> 檔案輸出
        ------------------------------------------------------
      >> 下載新聞內容
      >> 下載 https://www.foodnext.net/news/newsnation/paper/5975518336, 希臘優格巨頭Chobani加快創新腳步推出無糖優格進軍益生菌飲料品類
      >> 下載 https://www.foodnext.net/news/newsnation/paper/5975518336, 希臘優格巨頭Chobani加快創新腳步推出無糖優格進軍益生菌飲料品類
      >> 下載 https://www.foodnext.net/science/technology/paper/5739522052, 菜鳥農夫救星一支手機管150坪農場還能用5G抓害蟲遠端用藥
