     -----> 新聞爬蟲：東森新聞報

           <<< 東森新聞報新聞搜尋 >>>
        ------------------------------------------------------
        ------------------------------------------------------
       >> 搜尋關鍵字:"工業用"; 網址:"https://www.ettoday.net/news_search/doSearch.php?keywords=工業用&idx=1&page=1"
         <<< 2020-10-11 沒有更多 "工業用" 相關的新聞 !!! >>>
        ------------------------------------------------------
       >> 搜尋關鍵字:"化工"; 網址:"https://www.ettoday.net/news_search/doSearch.php?keywords=化工&idx=1&page=1"
         >>> 找到關鍵字 "化工"; 文章資訊: 2020-10-10 09:22:00, 台科大打造智能化工廠將半導體製程廢棄物再利用, https://www.ettoday.net/news/20201010/1828271.htm
         <<< 2020-10-11 沒有更多 "化工" 相關的新聞 !!! >>>
        ------------------------------------------------------
       >> 搜尋關鍵字:"化災"; 網址:"https://www.ettoday.net/news_search/doSearch.php?keywords=化災&idx=1&page=1"
         <<< 2020-10-11 沒有更多 "化災" 相關的新聞 !!! >>>
        ------------------------------------------------------
       >> 搜尋關鍵字:"化學"; 網址:"https://www.ettoday.net/news_search/doSearch.php?keywords=化學&idx=1&page=1"
         >>> 找到關鍵字 "化學"; 文章資訊: 2020-10-11 04:56:00, 還原奶揭祕真假鮮奶成本差數倍價格差不多買了變冤大頭, https://www.ettoday.net/news/20201011/1828778.htm
         >>> 找到關鍵字 "化學"; 文章資訊: 2020-10-11 00:34:00, 台灣首起溶屍案清大三角戀學長閨蜜偷吃慘遭虐殺王水毀屍, https://www.ettoday.net/news/20201011/1828764.htm
         >>> 找到關鍵字 "化學"; 文章資訊: 2020-10-10 16:15:00, 聖母瑪利亞顯神跡粉筆畫像時隔13年突重新浮現, https://www.ettoday.net/news/20201010/1828587.htm
         >>> 找到關鍵字 "化學"; 文章資訊: 2020-10-10 09:28:00, 耿爽美國推動星球大戰才是全球安全最大威脅, https://www.ettoday.net/news/20201010/1828285.htm
         >>> 找到關鍵字 "化學"; 文章資訊: 2020-10-10 09:22:00, 台科大打造智能化工廠將半導體製程廢棄物再利用, https://www.ettoday.net/news/20201010/1828271.htm
         >>> 找到關鍵字 "化學"; 文章資訊: 2020-10-10 09:00:00, 石虎米成國慶禮盒曝石虎與農民關係和平共處, https://www.ettoday.net/news/20201010/1827442.htm
         <<< 2020-10-11 沒有更多 "化學" 相關的新聞 !!! >>>
        ------------------------------------------------------
       >> 搜尋關鍵字:"外洩"; 網址:"https://www.ettoday.net/news_search/doSearch.php?keywords=外洩&idx=1&page=1"
         <<< 2020-10-11 沒有更多 "外洩" 相關的新聞 !!! >>>
        ------------------------------------------------------
       >> 搜尋關鍵字:"危害"; 網址:"https://www.ettoday.net/news_search/doSearch.php?keywords=危害&idx=1&page=1"
         >>> 找到關鍵字 "危害"; 文章資訊: 2020-10-10 17:16:00, 租屋遇鄰居狂抽菸她聞二手菸無奈求助網曝5招密技秒勸退, https://www.ettoday.net/news/20201010/1815252.htm
         >>> 找到關鍵字 "危害"; 文章資訊: 2020-10-10 15:42:00, 3年天天吃鱈魚堡配咖啡她喊胸悶醫驚血管塞爆恐中風致命, https://www.ettoday.net/news/20201010/1828260.htm
         >>> 找到關鍵字 "危害"; 文章資訊: 2020-10-10 11:12:00, 營養師帶你快速了解瘦肉精風險2訣竅教你挑選, https://www.ettoday.net/news/20201010/1828221.htm
         >>> 找到關鍵字 "危害"; 文章資訊: 2020-10-10 10:35:00, 台24線霧台山區路段玩滑板後車跟拍網PO文怒譙警方要罰, https://www.ettoday.net/news/20201010/1828353.htm
         >>> 找到關鍵字 "危害"; 文章資訊: 2020-10-10 09:19:00, 一早灌咖啡喝錯時機恐血糖飆高影響內分泌吃2種食物助醒腦, https://www.ettoday.net/news/20201010/1827779.htm
         >>> 找到關鍵字 "危害"; 文章資訊: 2020-10-10 07:30:00, 嫩妹西門町夜唱被撿屍無恥人夫強拖廁所還邀友要不要, https://www.ettoday.net/news/20201010/1828235.htm
         <<< 2020-10-11 沒有更多 "危害" 相關的新聞 !!! >>>
        ------------------------------------------------------
       >> 搜尋關鍵字:"有毒"; 網址:"https://www.ettoday.net/news_search/doSearch.php?keywords=有毒&idx=1&page=1"
         >>> 找到關鍵字 "有毒"; 文章資訊: 2020-10-10 10:51:00, 超詭譎長髮蠕動生物驚現維州官員急警告揭觸摸下場, https://www.ettoday.net/news/20201010/1828268.htm
         <<< 2020-10-11 沒有更多 "有毒" 相關的新聞 !!! >>>
        ------------------------------------------------------
       >> 搜尋關鍵字:"有害"; 網址:"https://www.ettoday.net/news_search/doSearch.php?keywords=有害&idx=1&page=1"
         <<< 2020-10-11 沒有更多 "有害" 相關的新聞 !!! >>>
        ------------------------------------------------------
       >> 搜尋關鍵字:"色料"; 網址:"https://www.ettoday.net/news_search/doSearch.php?keywords=色料&idx=1&page=1"
         <<< 2020-10-11 沒有更多 "色料" 相關的新聞 !!! >>>
        ------------------------------------------------------
       >> 搜尋關鍵字:"色素"; 網址:"https://www.ettoday.net/news_search/doSearch.php?keywords=色素&idx=1&page=1"
         <<< 2020-10-11 沒有更多 "色素" 相關的新聞 !!! >>>
        ------------------------------------------------------
       >> 搜尋關鍵字:"毒性"; 網址:"https://www.ettoday.net/news_search/doSearch.php?keywords=毒性&idx=1&page=1"
         >>> 找到關鍵字 "毒性"; 文章資訊: 2020-10-10 19:29:00, 嚴重會致命月經來別做7件傻事棉棉更換時間曝妳一片撐多久, https://www.ettoday.net/news/20201010/1825740.htm
         >>> 找到關鍵字 "毒性"; 文章資訊: 2020-10-10 15:43:00, 棉條塞5天險害命她下體狂飄臭摳出發黑塊發燒嘔吐陷昏迷, https://www.ettoday.net/news/20201010/1828347.htm
         >>> 找到關鍵字 "毒性"; 文章資訊: 2020-10-10 11:12:00, 營養師帶你快速了解瘦肉精風險2訣竅教你挑選, https://www.ettoday.net/news/20201010/1828221.htm
         <<< 2020-10-11 沒有更多 "毒性" 相關的新聞 !!! >>>
        ------------------------------------------------------
       >> 搜尋關鍵字:"毒品"; 網址:"https://www.ettoday.net/news_search/doSearch.php?keywords=毒品&idx=1&page=1"
         >>> 找到關鍵字 "毒品"; 文章資訊: 2020-10-11 06:37:00, 雲林男加霸王油猛踩油門離去詐欺取財下場罰金繳58倍, https://www.ettoday.net/news/20201011/1828787.htm
         >>> 找到關鍵字 "毒品"; 文章資訊: 2020-10-10 14:26:00, 白目騎士再起底不滿遭資遣怒砸收費亭疑從桃園騎國道北上, https://www.ettoday.net/news/20201010/1828504.htm
         >>> 找到關鍵字 "毒品"; 文章資訊: 2020-10-10 13:05:00, 中壢當街擄人太驚悚警圍捕拔槍畫面曝7煞被壓制起獲槍械, https://www.ettoday.net/news/20201010/1828412.htm
         >>> 找到關鍵字 "毒品"; 文章資訊: 2020-10-10 11:25:00, 從新北被一路跟到中壢他遭4人強押上廂型車大批警力出動圍捕, https://www.ettoday.net/news/20201010/1828398.htm
         <<< 2020-10-11 沒有更多 "毒品" 相關的新聞 !!! >>>
        ------------------------------------------------------
       >> 搜尋關鍵字:"致癌"; 網址:"https://www.ettoday.net/news_search/doSearch.php?keywords=致癌&idx=1&page=1"
         >>> 找到關鍵字 "致癌"; 文章資訊: 2020-10-10 11:12:00, 營養師帶你快速了解瘦肉精風險2訣竅教你挑選, https://www.ettoday.net/news/20201010/1828221.htm
         <<< 2020-10-11 沒有更多 "致癌" 相關的新聞 !!! >>>
        ------------------------------------------------------
       >> 搜尋關鍵字:"重金屬"; 網址:"https://www.ettoday.net/news_search/doSearch.php?keywords=重金屬&idx=1&page=1"
         <<< 2020-10-11 沒有更多 "重金屬" 相關的新聞 !!! >>>
        ------------------------------------------------------
       >> 搜尋關鍵字:"食安"; 網址:"https://www.ettoday.net/news_search/doSearch.php?keywords=食安&idx=1&page=1"
         >>> 找到關鍵字 "食安"; 文章資訊: 2020-10-10 23:39:00, 政府認證萊豬可以吃名醫氣炸何不提倡吃蟑螂也不會死, https://www.ettoday.net/news/20201010/1828754.htm
         >>> 找到關鍵字 "食安"; 文章資訊: 2020-10-10 19:29:00, 林為洲拋黨名去中國國民黨改革才是重心而非改名, https://www.ettoday.net/news/20201010/1828703.htm
         >>> 找到關鍵字 "食安"; 文章資訊: 2020-10-10 17:55:00, 陳佩琪酸林飛帆直接承認生計考量換了位置換腦袋, https://www.ettoday.net/news/20201010/1828650.htm
         >>> 找到關鍵字 "食安"; 文章資訊: 2020-10-10 16:13:00, 食品宣稱降血糖治老花攏係假今年33件膨風廣告無法開罰, https://www.ettoday.net/news/20201010/1828562.htm
         >>> 找到關鍵字 "食安"; 文章資訊: 2020-10-10 14:10:00, 寒冬滋補雲林宣傳國產羊肉2500份羊肉米糕吃免驚, https://www.ettoday.net/news/20201010/1828513.htm
         <<< 2020-10-11 沒有更多 "食安" 相關的新聞 !!! >>>
        ------------------------------------------------------
       >> 搜尋關鍵字:"香料"; 網址:"https://www.ettoday.net/news_search/doSearch.php?keywords=香料&idx=1&page=1"
         >>> 找到關鍵字 "香料"; 文章資訊: 2020-10-10 21:28:00, 吃蔬果更卡屎便秘分4種最強排便法順爆了他激推真的有效, https://www.ettoday.net/news/20201010/1825486.htm
         <<< 2020-10-11 沒有更多 "香料" 相關的新聞 !!! >>>
        ------------------------------------------------------
       >> 搜尋關鍵字:"原料"; 網址:"https://www.ettoday.net/news_search/doSearch.php?keywords=原料&idx=1&page=1"
         >>> 找到關鍵字 "原料"; 文章資訊: 2020-10-11 00:47:00, 老婆餅沒老婆蠔油裡有蠔嗎製作過程曝光原料竟是蠔的洗澡水, https://www.ettoday.net/news/20201011/1828699.htm
         >>> 找到關鍵字 "原料"; 文章資訊: 2020-10-10 23:55:00, 與國同慶國民經典肉燥麵前進花園夜市連假搶攻懷舊商機, https://www.ettoday.net/news/20201010/1828757.htm
         <<< 2020-10-11 沒有更多 "原料" 相關的新聞 !!! >>>
        ------------------------------------------------------
       >> 搜尋關鍵字:"氣爆"; 網址:"https://www.ettoday.net/news_search/doSearch.php?keywords=氣爆&idx=1&page=1"
         >>> 找到關鍵字 "氣爆"; 文章資訊: 2020-10-10 15:07:00, 12星座面對心機鬼的反應雙子根本天生剋星獅子以暴制暴, https://www.ettoday.net/news/20201010/1826803.htm
         <<< 2020-10-11 沒有更多 "氣爆" 相關的新聞 !!! >>>
        ------------------------------------------------------
       >> 搜尋關鍵字:"添加物"; 網址:"https://www.ettoday.net/news_search/doSearch.php?keywords=添加物&idx=1&page=1"
         >>> 找到關鍵字 "添加物"; 文章資訊: 2020-10-10 17:55:00, 陳佩琪酸林飛帆直接承認生計考量換了位置換腦袋, https://www.ettoday.net/news/20201010/1828650.htm
         <<< 2020-10-11 沒有更多 "添加物" 相關的新聞 !!! >>>
        ------------------------------------------------------
       >> 搜尋關鍵字:"黑心"; 網址:"https://www.ettoday.net/news_search/doSearch.php?keywords=黑心&idx=1&page=1"
         <<< 2020-10-11 沒有更多 "黑心" 相關的新聞 !!! >>>
        ------------------------------------------------------
       >> 搜尋關鍵字:"漂白"; 網址:"https://www.ettoday.net/news_search/doSearch.php?keywords=漂白&idx=1&page=1"
         <<< 2020-10-11 沒有更多 "漂白" 相關的新聞 !!! >>>
        ------------------------------------------------------
       >> 搜尋關鍵字:"爆炸"; 網址:"https://www.ettoday.net/news_search/doSearch.php?keywords=爆炸&idx=1&page=1"
         >>> 找到關鍵字 "爆炸"; 文章資訊: 2020-10-10 11:50:00, 台中早餐店凌晨起火鄰居聽爆炸聲嚇壞4人一度受困, https://www.ettoday.net/news/20201010/1828422.htm
         >>> 找到關鍵字 "爆炸"; 文章資訊: 2020-10-10 10:19:00, 貝魯特爆炸至少4死市區慘炸成廢墟又是儲存不當釀禍, https://www.ettoday.net/news/20201010/1828269.htm
         <<< 2020-10-11 沒有更多 "爆炸" 相關的新聞 !!! >>>
        ------------------------------------------------------
       >> 搜尋關鍵字:"新興"; 網址:"https://www.ettoday.net/news_search/doSearch.php?keywords=新興&idx=1&page=1"
         >>> 找到關鍵字 "新興"; 文章資訊: 2020-10-10 16:34:00, 國慶升旗鄭文燦台灣價值獲國際認同桃園發展更好, https://www.ettoday.net/news/20201010/1828606.htm
         >>> 找到關鍵字 "新興"; 文章資訊: 2020-10-10 11:00:00, 壽星免費入園雙胞胎門票半價國慶連假台南6大銅板價省錢玩法, https://www.ettoday.net/news/20201010/1827687.htm
         <<< 2020-10-11 沒有更多 "新興" 相關的新聞 !!! >>>
        ------------------------------------------------------
       >> 搜尋關鍵字:"爆裂物"; 網址:"https://www.ettoday.net/news_search/doSearch.php?keywords=爆裂物&idx=1&page=1"
         >>> 找到關鍵字 "爆裂物"; 文章資訊: 2020-10-10 12:38:00, 美軍研發軍犬專用AR護目鏡可遠距下令防危險爆裂物, https://www.ettoday.net/news/20201010/1828396.htm
         <<< 2020-10-11 沒有更多 "爆裂物" 相關的新聞 !!! >>>
        ------------------------------------------------------
       >> 搜尋關鍵字:"IED"; 網址:"https://www.ettoday.net/news_search/doSearch.php?keywords=IED&idx=1&page=1"
         <<< 2020-10-11 沒有更多 "IED" 相關的新聞 !!! >>>
        ------------------------------------------------------
       >> 搜尋關鍵字:"排放"; 網址:"https://www.ettoday.net/news_search/doSearch.php?keywords=排放&idx=1&page=1"
         >>> 找到關鍵字 "排放"; 文章資訊: 2020-10-10 07:03:00, 夜尿多可能與白天久站有關教你簡易計算尿液量評估腿部是否積水, https://www.ettoday.net/news/20201010/1800470.htm
         <<< 2020-10-11 沒有更多 "排放" 相關的新聞 !!! >>>
        ------------------------------------------------------
       >> 搜尋關鍵字:"污染"; 網址:"https://www.ettoday.net/news_search/doSearch.php?keywords=污染&idx=1&page=1"
         <<< 2020-10-11 沒有更多 "污染" 相關的新聞 !!! >>>
        ------------------------------------------------------
       >> 搜尋關鍵字:"廢水"; 網址:"https://www.ettoday.net/news_search/doSearch.php?keywords=廢水&idx=1&page=1"
         <<< 2020-10-11 沒有更多 "廢水" 相關的新聞 !!! >>>
        ------------------------------------------------------
       >> 搜尋關鍵字:"污水"; 網址:"https://www.ettoday.net/news_search/doSearch.php?keywords=污水&idx=1&page=1"
         <<< 2020-10-11 沒有更多 "污水" 相關的新聞 !!! >>>
        ------------------------------------------------------
       >> 搜尋關鍵字:"洩漏"; 網址:"https://www.ettoday.net/news_search/doSearch.php?keywords=洩漏&idx=1&page=1"
         <<< 2020-10-11 沒有更多 "洩漏" 相關的新聞 !!! >>>
        ------------------------------------------------------
       >> 搜尋關鍵字:"暗管"; 網址:"https://www.ettoday.net/news_search/doSearch.php?keywords=暗管&idx=1&page=1"
         <<< 2020-10-11 沒有更多 "暗管" 相關的新聞 !!! >>>
        ------------------------------------------------------
       >> 搜尋關鍵字:"偷排"; 網址:"https://www.ettoday.net/news_search/doSearch.php?keywords=偷排&idx=1&page=1"
         <<< 2020-10-11 沒有更多 "偷排" 相關的新聞 !!! >>>
        ------------------------------------------------------
       >> 搜尋關鍵字:"安全"; 網址:"https://www.ettoday.net/news_search/doSearch.php?keywords=安全&idx=1&page=1"
         >>> 找到關鍵字 "安全"; 文章資訊: 2020-10-11 07:22:00, 偷吃學弟新婚護理師妻人夫警凌晨開房被抓包下場出爐, https://www.ettoday.net/news/20201011/1828791.htm
         >>> 找到關鍵字 "安全"; 文章資訊: 2020-10-11 06:21:00, 印媒反中推印台系列專題聚焦台印合作確保共同發展, https://www.ettoday.net/news/20201011/1828786.htm
         >>> 找到關鍵字 "安全"; 文章資訊: 2020-10-11 06:07:00, AIT主席祝賀雙十國慶持續推動台美關係幫助台灣提升國防, https://www.ettoday.net/news/20201011/1828785.htm
         >>> 找到關鍵字 "安全"; 文章資訊: 2020-10-11 05:51:00, 川普無罩面對支持者染疫後白宮首辦活動數百人喊我們愛你, https://www.ettoday.net/news/20201011/1828783.htm
         >>> 找到關鍵字 "安全"; 文章資訊: 2020-10-11 05:43:00, 金正恩哭了北韓75周年黨慶大閱兵讚疫情0確診感謝偉大人民, https://www.ettoday.net/news/20201011/1828781.htm
         >>> 找到關鍵字 "安全"; 文章資訊: 2020-10-11 00:38:00, 熔絲熔斷台中總站夜市開幕第2天大停電台電回應了, https://www.ettoday.net/news/20201011/1828701.htm
         >>> 找到關鍵字 "安全"; 文章資訊: 2020-10-10 21:37:00, 快訊開幕第2天網罵爆台中總站夜市大停電民眾拿手機打燈, https://www.ettoday.net/news/20201010/1828737.htm
         >>> 找到關鍵字 "安全"; 文章資訊: 2020-10-10 21:28:00, 吃蔬果更卡屎便秘分4種最強排便法順爆了他激推真的有效, https://www.ettoday.net/news/20201010/1825486.htm
         >>> 找到關鍵字 "安全"; 文章資訊: 2020-10-10 20:20:00, 突遭狂粉拉手往前走孟佳曬失禮照動怒不該這樣開玩笑, https://www.ettoday.net/news/20201010/1828716.htm
         >>> 找到關鍵字 "安全"; 文章資訊: 2020-10-10 19:30:00, 陸委會大陸應展現維持兩岸關係的態度和承擔, https://www.ettoday.net/news/20201010/1828694.htm
        ------------------------------------------------------
       >> 搜尋關鍵字:"槽車"; 網址:"https://www.ettoday.net/news_search/doSearch.php?keywords=槽車&idx=1&page=1"
         <<< 2020-10-11 沒有更多 "槽車" 相關的新聞 !!! >>>
       >> 檔案輸出
        ------------------------------------------------------
      >> 下載新聞內容
      >> 下載 https://www.ettoday.net/news/20201010/1828271.htm, 台科大打造智能化工廠將半導體製程廢棄物再利用
      >> 下載 https://www.ettoday.net/news/20201011/1828778.htm, 還原奶揭祕真假鮮奶成本差數倍價格差不多買了變冤大頭
      >> 下載 https://www.ettoday.net/news/20201011/1828764.htm, 台灣首起溶屍案清大三角戀學長閨蜜偷吃慘遭虐殺王水毀屍
      >> 下載 https://www.ettoday.net/news/20201010/1828587.htm, 聖母瑪利亞顯神跡粉筆畫像時隔13年突重新浮現
      >> 下載 https://www.ettoday.net/news/20201010/1828285.htm, 耿爽美國推動星球大戰才是全球安全最大威脅
      >> 下載 https://www.ettoday.net/news/20201010/1828271.htm, 台科大打造智能化工廠將半導體製程廢棄物再利用
      >> 下載 https://www.ettoday.net/news/20201010/1827442.htm, 石虎米成國慶禮盒曝石虎與農民關係和平共處
      >> 下載 https://www.ettoday.net/news/20201010/1815252.htm, 租屋遇鄰居狂抽菸她聞二手菸無奈求助網曝5招密技秒勸退
      >> 下載 https://www.ettoday.net/news/20201010/1828260.htm, 3年天天吃鱈魚堡配咖啡她喊胸悶醫驚血管塞爆恐中風致命
      >> 下載 https://www.ettoday.net/news/20201010/1828221.htm, 營養師帶你快速了解瘦肉精風險2訣竅教你挑選
      >> 下載 https://www.ettoday.net/news/20201010/1828353.htm, 台24線霧台山區路段玩滑板後車跟拍網PO文怒譙警方要罰
      >> 下載 https://www.ettoday.net/news/20201010/1827779.htm, 一早灌咖啡喝錯時機恐血糖飆高影響內分泌吃2種食物助醒腦
      >> 下載 https://www.ettoday.net/news/20201010/1828235.htm, 嫩妹西門町夜唱被撿屍無恥人夫強拖廁所還邀友要不要
      >> 下載 https://www.ettoday.net/news/20201010/1828268.htm, 超詭譎長髮蠕動生物驚現維州官員急警告揭觸摸下場
      >> 下載 https://www.ettoday.net/news/20201010/1825740.htm, 嚴重會致命月經來別做7件傻事棉棉更換時間曝妳一片撐多久
      >> 下載 https://www.ettoday.net/news/20201010/1828347.htm, 棉條塞5天險害命她下體狂飄臭摳出發黑塊發燒嘔吐陷昏迷
      >> 下載 https://www.ettoday.net/news/20201010/1828221.htm, 營養師帶你快速了解瘦肉精風險2訣竅教你挑選
      >> 下載 https://www.ettoday.net/news/20201011/1828787.htm, 雲林男加霸王油猛踩油門離去詐欺取財下場罰金繳58倍
      >> 下載 https://www.ettoday.net/news/20201010/1828504.htm, 白目騎士再起底不滿遭資遣怒砸收費亭疑從桃園騎國道北上
      >> 下載 https://www.ettoday.net/news/20201010/1828412.htm, 中壢當街擄人太驚悚警圍捕拔槍畫面曝7煞被壓制起獲槍械
      >> 下載 https://www.ettoday.net/news/20201010/1828398.htm, 從新北被一路跟到中壢他遭4人強押上廂型車大批警力出動圍捕
      >> 下載 https://www.ettoday.net/news/20201010/1828221.htm, 營養師帶你快速了解瘦肉精風險2訣竅教你挑選
      >> 下載 https://www.ettoday.net/news/20201010/1828754.htm, 政府認證萊豬可以吃名醫氣炸何不提倡吃蟑螂也不會死
      >> 下載 https://www.ettoday.net/news/20201010/1828703.htm, 林為洲拋黨名去中國國民黨改革才是重心而非改名
      >> 下載 https://www.ettoday.net/news/20201010/1828650.htm, 陳佩琪酸林飛帆直接承認生計考量換了位置換腦袋
      >> 下載 https://www.ettoday.net/news/20201010/1828562.htm, 食品宣稱降血糖治老花攏係假今年33件膨風廣告無法開罰
      >> 下載 https://www.ettoday.net/news/20201010/1828513.htm, 寒冬滋補雲林宣傳國產羊肉2500份羊肉米糕吃免驚
      >> 下載 https://www.ettoday.net/news/20201010/1825486.htm, 吃蔬果更卡屎便秘分4種最強排便法順爆了他激推真的有效
      >> 下載 https://www.ettoday.net/news/20201011/1828699.htm, 老婆餅沒老婆蠔油裡有蠔嗎製作過程曝光原料竟是蠔的洗澡水
      >> 下載 https://www.ettoday.net/news/20201010/1828757.htm, 與國同慶國民經典肉燥麵前進花園夜市連假搶攻懷舊商機
      >> 下載 https://www.ettoday.net/news/20201010/1826803.htm, 12星座面對心機鬼的反應雙子根本天生剋星獅子以暴制暴
      >> 下載 https://www.ettoday.net/news/20201010/1828650.htm, 陳佩琪酸林飛帆直接承認生計考量換了位置換腦袋
      >> 下載 https://www.ettoday.net/news/20201010/1828422.htm, 台中早餐店凌晨起火鄰居聽爆炸聲嚇壞4人一度受困
      >> 下載 https://www.ettoday.net/news/20201010/1828269.htm, 貝魯特爆炸至少4死市區慘炸成廢墟又是儲存不當釀禍
      >> 下載 https://www.ettoday.net/news/20201010/1828606.htm, 國慶升旗鄭文燦台灣價值獲國際認同桃園發展更好
      >> 下載 https://www.ettoday.net/news/20201010/1827687.htm, 壽星免費入園雙胞胎門票半價國慶連假台南6大銅板價省錢玩法
      >> 下載 https://www.ettoday.net/news/20201010/1828396.htm, 美軍研發軍犬專用AR護目鏡可遠距下令防危險爆裂物
      >> 下載 https://www.ettoday.net/news/20201010/1800470.htm, 夜尿多可能與白天久站有關教你簡易計算尿液量評估腿部是否積水
      >> 下載 https://www.ettoday.net/news/20201011/1828791.htm, 偷吃學弟新婚護理師妻人夫警凌晨開房被抓包下場出爐
      >> 下載 https://www.ettoday.net/news/20201011/1828786.htm, 印媒反中推印台系列專題聚焦台印合作確保共同發展
      >> 下載 https://www.ettoday.net/news/20201011/1828785.htm, AIT主席祝賀雙十國慶持續推動台美關係幫助台灣提升國防
      >> 下載 https://www.ettoday.net/news/20201011/1828783.htm, 川普無罩面對支持者染疫後白宮首辦活動數百人喊我們愛你
      >> 下載 https://www.ettoday.net/news/20201011/1828781.htm, 金正恩哭了北韓75周年黨慶大閱兵讚疫情0確診感謝偉大人民
      >> 下載 https://www.ettoday.net/news/20201011/1828701.htm, 熔絲熔斷台中總站夜市開幕第2天大停電台電回應了
      >> 下載 https://www.ettoday.net/news/20201010/1828737.htm, 快訊開幕第2天網罵爆台中總站夜市大停電民眾拿手機打燈
      >> 下載 https://www.ettoday.net/news/20201010/1825486.htm, 吃蔬果更卡屎便秘分4種最強排便法順爆了他激推真的有效
      >> 下載 https://www.ettoday.net/news/20201010/1828716.htm, 突遭狂粉拉手往前走孟佳曬失禮照動怒不該這樣開玩笑
      >> 下載 https://www.ettoday.net/news/20201010/1828694.htm, 陸委會大陸應展現維持兩岸關係的態度和承擔
