     -----> 新聞爬蟲：東森新聞報

           <<< 東森新聞報新聞搜尋 >>>
        ------------------------------------------------------
        ------------------------------------------------------
       >> 搜尋關鍵字:"工業用"; 網址:"https://www.ettoday.net/news_search/doSearch.php?keywords=工業用&idx=1&page=1"
         <<< 2020-10-12 沒有更多 "工業用" 相關的新聞 !!! >>>
        ------------------------------------------------------
       >> 搜尋關鍵字:"化工"; 網址:"https://www.ettoday.net/news_search/doSearch.php?keywords=化工&idx=1&page=1"
         <<< 2020-10-12 沒有更多 "化工" 相關的新聞 !!! >>>
        ------------------------------------------------------
       >> 搜尋關鍵字:"化災"; 網址:"https://www.ettoday.net/news_search/doSearch.php?keywords=化災&idx=1&page=1"
         <<< 2020-10-12 沒有更多 "化災" 相關的新聞 !!! >>>
        ------------------------------------------------------
       >> 搜尋關鍵字:"化學"; 網址:"https://www.ettoday.net/news_search/doSearch.php?keywords=化學&idx=1&page=1"
         >>> 找到關鍵字 "化學"; 文章資訊: 2020-10-11 10:11:00, 神秘兩小時喝自來水湖北20多人上吐下瀉有人昏迷10天未醒, https://www.ettoday.net/news/20201011/1828863.htm
         >>> 找到關鍵字 "化學"; 文章資訊: 2020-10-11 09:44:00, 瘋狂網購18年塞爆2屋家人嚇壞找拍賣發現竟是15億元收藏, https://www.ettoday.net/news/20201011/1828812.htm
         <<< 2020-10-12 沒有更多 "化學" 相關的新聞 !!! >>>
        ------------------------------------------------------
       >> 搜尋關鍵字:"外洩"; 網址:"https://www.ettoday.net/news_search/doSearch.php?keywords=外洩&idx=1&page=1"
         >>> 找到關鍵字 "外洩"; 文章資訊: 2020-10-11 10:11:00, 神秘兩小時喝自來水湖北20多人上吐下瀉有人昏迷10天未醒, https://www.ettoday.net/news/20201011/1828863.htm
         <<< 2020-10-12 沒有更多 "外洩" 相關的新聞 !!! >>>
        ------------------------------------------------------
       >> 搜尋關鍵字:"危害"; 網址:"https://www.ettoday.net/news_search/doSearch.php?keywords=危害&idx=1&page=1"
         >>> 找到關鍵字 "危害"; 文章資訊: 2020-10-11 22:59:00, 陸稱破獲數百起台諜案陸委會無稽之談栽贓我方人民, https://www.ettoday.net/news/20201011/1829227.htm
         >>> 找到關鍵字 "危害"; 文章資訊: 2020-10-11 20:57:00, 李孟居282號囚服畫面首曝光潛入深圳偷拍武警集結遭關押, https://www.ettoday.net/news/20201011/1829203.htm
         >>> 找到關鍵字 "危害"; 文章資訊: 2020-10-11 15:33:00, 台中1歲女童鎖困BMW車內年輕媽未拔鑰匙消防急扣鎖匠搶救, https://www.ettoday.net/news/20201011/1829058.htm
         >>> 找到關鍵字 "危害"; 文章資訊: 2020-10-11 10:56:00, 婦每天喝咖啡加2包糖配魚堡習慣持續3年慘高血脂上身, https://www.ettoday.net/news/20201011/1828889.htm
         >>> 找到關鍵字 "危害"; 文章資訊: 2020-10-11 09:24:00, 高屏地區紅豆苗期高雄區農改場籲農友留意根腐病, https://www.ettoday.net/news/20201011/1828817.htm
         <<< 2020-10-12 沒有更多 "危害" 相關的新聞 !!! >>>
        ------------------------------------------------------
       >> 搜尋關鍵字:"有毒"; 網址:"https://www.ettoday.net/news_search/doSearch.php?keywords=有毒&idx=1&page=1"
         <<< 2020-10-12 沒有更多 "有毒" 相關的新聞 !!! >>>
        ------------------------------------------------------
       >> 搜尋關鍵字:"有害"; 網址:"https://www.ettoday.net/news_search/doSearch.php?keywords=有害&idx=1&page=1"
         >>> 找到關鍵字 "有害"; 文章資訊: 2020-10-11 08:00:00, 把握治療時機血糖才有機會逆轉勝, https://www.ettoday.net/news/20201011/1825464.htm
         <<< 2020-10-12 沒有更多 "有害" 相關的新聞 !!! >>>
        ------------------------------------------------------
       >> 搜尋關鍵字:"色料"; 網址:"https://www.ettoday.net/news_search/doSearch.php?keywords=色料&idx=1&page=1"
         <<< 2020-10-12 沒有更多 "色料" 相關的新聞 !!! >>>
        ------------------------------------------------------
       >> 搜尋關鍵字:"色素"; 網址:"https://www.ettoday.net/news_search/doSearch.php?keywords=色素&idx=1&page=1"
         >>> 找到關鍵字 "色素"; 文章資訊: 2020-10-12 06:31:00, 尿尿變色先別慌藥師解析6種尿色跟這些藥有關, https://www.ettoday.net/news/20201012/1829242.htm
         >>> 找到關鍵字 "色素"; 文章資訊: 2020-10-11 19:08:00, 布魯克林愛到癡狂直接把未婚妻雙眼刺青在脖子上, https://www.ettoday.net/news/20201011/1829175.htm
         >>> 找到關鍵字 "色素"; 文章資訊: 2020-10-11 14:53:00, 天然雙色熊熊冰萌翻台南新開雪花冰鋪現挖西瓜球超療癒, https://www.ettoday.net/news/20201011/1814853.htm
         <<< 2020-10-12 沒有更多 "色素" 相關的新聞 !!! >>>
        ------------------------------------------------------
       >> 搜尋關鍵字:"毒性"; 網址:"https://www.ettoday.net/news_search/doSearch.php?keywords=毒性&idx=1&page=1"
         <<< 2020-10-12 沒有更多 "毒性" 相關的新聞 !!! >>>
        ------------------------------------------------------
       >> 搜尋關鍵字:"毒品"; 網址:"https://www.ettoday.net/news_search/doSearch.php?keywords=毒品&idx=1&page=1"
         >>> 找到關鍵字 "毒品"; 文章資訊: 2020-10-11 17:57:00, 金正恩痛哭道歉攏是假韓媒抓包戴瑞士名錶根本是鱷魚眼淚, https://www.ettoday.net/news/20201011/1829119.htm
         >>> 找到關鍵字 "毒品"; 文章資訊: 2020-10-11 14:26:00, 1年只有2次母怕水禁他洗澡貧童遭同儕霸凌臉壓馬桶廚餘倒頭, https://www.ettoday.net/news/20201011/1828989.htm
         <<< 2020-10-12 沒有更多 "毒品" 相關的新聞 !!! >>>
        ------------------------------------------------------
       >> 搜尋關鍵字:"致癌"; 網址:"https://www.ettoday.net/news_search/doSearch.php?keywords=致癌&idx=1&page=1"
         <<< 2020-10-12 沒有更多 "致癌" 相關的新聞 !!! >>>
        ------------------------------------------------------
       >> 搜尋關鍵字:"重金屬"; 網址:"https://www.ettoday.net/news_search/doSearch.php?keywords=重金屬&idx=1&page=1"
         <<< 2020-10-12 沒有更多 "重金屬" 相關的新聞 !!! >>>
        ------------------------------------------------------
       >> 搜尋關鍵字:"食安"; 網址:"https://www.ettoday.net/news_search/doSearch.php?keywords=食安&idx=1&page=1"
         >>> 找到關鍵字 "食安"; 文章資訊: 2020-10-11 11:28:00, 國民黨改名去中國江啟臣當前黨內應關心民生議題, https://www.ettoday.net/news/20201011/1828926.htm
         <<< 2020-10-12 沒有更多 "食安" 相關的新聞 !!! >>>
        ------------------------------------------------------
       >> 搜尋關鍵字:"香料"; 網址:"https://www.ettoday.net/news_search/doSearch.php?keywords=香料&idx=1&page=1"
         >>> 找到關鍵字 "香料"; 文章資訊: 2020-10-11 14:53:00, 天然雙色熊熊冰萌翻台南新開雪花冰鋪現挖西瓜球超療癒, https://www.ettoday.net/news/20201011/1814853.htm
         <<< 2020-10-12 沒有更多 "香料" 相關的新聞 !!! >>>
        ------------------------------------------------------
       >> 搜尋關鍵字:"原料"; 網址:"https://www.ettoday.net/news_search/doSearch.php?keywords=原料&idx=1&page=1"
         >>> 找到關鍵字 "原料"; 文章資訊: 2020-10-11 13:26:00, 校醫院住滿學生山西財大爆諾羅病毒集體感染男宿舍封了, https://www.ettoday.net/news/20201011/1828999.htm
         >>> 找到關鍵字 "原料"; 文章資訊: 2020-10-11 12:22:00, 米糧俱樂部希望廣場開賣農糧署要送50元抵用券和1年份好禮, https://www.ettoday.net/news/20201011/1828963.htm
         <<< 2020-10-12 沒有更多 "原料" 相關的新聞 !!! >>>
        ------------------------------------------------------
       >> 搜尋關鍵字:"氣爆"; 網址:"https://www.ettoday.net/news_search/doSearch.php?keywords=氣爆&idx=1&page=1"
         >>> 找到關鍵字 "氣爆"; 文章資訊: 2020-10-11 11:05:00, 獨陸落跑富豪花2千萬偷渡來台派專人赴美拿回上億名畫珠寶, https://www.ettoday.net/news/20201011/1826658.htm
         >>> 找到關鍵字 "氣爆"; 文章資訊: 2020-10-11 09:05:00, 獨陸落跑富豪偷渡來台帶金條5千萬現金爽住文華東方, https://www.ettoday.net/news/20201011/1826639.htm
         <<< 2020-10-12 沒有更多 "氣爆" 相關的新聞 !!! >>>
        ------------------------------------------------------
       >> 搜尋關鍵字:"添加物"; 網址:"https://www.ettoday.net/news_search/doSearch.php?keywords=添加物&idx=1&page=1"
         <<< 2020-10-12 沒有更多 "添加物" 相關的新聞 !!! >>>
        ------------------------------------------------------
       >> 搜尋關鍵字:"黑心"; 網址:"https://www.ettoday.net/news_search/doSearch.php?keywords=黑心&idx=1&page=1"
         <<< 2020-10-12 沒有更多 "黑心" 相關的新聞 !!! >>>
        ------------------------------------------------------
       >> 搜尋關鍵字:"漂白"; 網址:"https://www.ettoday.net/news_search/doSearch.php?keywords=漂白&idx=1&page=1"
         >>> 找到關鍵字 "漂白"; 文章資訊: 2020-10-11 09:21:00, 孕婦中標害胎兒感染水痘湯汁流出6大殺傷力曝慘變皮蛇, https://www.ettoday.net/news/20201011/1827031.htm
         <<< 2020-10-12 沒有更多 "漂白" 相關的新聞 !!! >>>
        ------------------------------------------------------
       >> 搜尋關鍵字:"爆炸"; 網址:"https://www.ettoday.net/news_search/doSearch.php?keywords=爆炸&idx=1&page=1"
         >>> 找到關鍵字 "爆炸"; 文章資訊: 2020-10-11 14:32:00, 飆仔苗栗往大甲狂衝7警車一字橫停封路演練場面肅殺如電影, https://www.ettoday.net/news/20201011/1829017.htm
         >>> 找到關鍵字 "爆炸"; 文章資訊: 2020-10-11 12:47:00, 小S徐熙娣佛系育兒術可以難過受挫但一定要站起來, https://www.ettoday.net/news/20201011/1824933.htm
         >>> 找到關鍵字 "爆炸"; 文章資訊: 2020-10-11 12:22:00, 失意男爬50公尺高壓電塔前妻趕往喊話警消花4小時將人救下, https://www.ettoday.net/news/20201011/1828944.htm
         <<< 2020-10-12 沒有更多 "爆炸" 相關的新聞 !!! >>>
        ------------------------------------------------------
       >> 搜尋關鍵字:"新興"; 網址:"https://www.ettoday.net/news_search/doSearch.php?keywords=新興&idx=1&page=1"
         >>> 找到關鍵字 "新興"; 文章資訊: 2020-10-11 22:45:00, 高雄餅乾界LV老闆違停竟自稱交大核准警怒了涉詐欺罪, https://www.ettoday.net/news/20201011/1829221.htm
         <<< 2020-10-12 沒有更多 "新興" 相關的新聞 !!! >>>
        ------------------------------------------------------
       >> 搜尋關鍵字:"爆裂物"; 網址:"https://www.ettoday.net/news_search/doSearch.php?keywords=爆裂物&idx=1&page=1"
         <<< 2020-10-12 沒有更多 "爆裂物" 相關的新聞 !!! >>>
        ------------------------------------------------------
       >> 搜尋關鍵字:"IED"; 網址:"https://www.ettoday.net/news_search/doSearch.php?keywords=IED&idx=1&page=1"
         <<< 2020-10-12 沒有更多 "IED" 相關的新聞 !!! >>>
        ------------------------------------------------------
       >> 搜尋關鍵字:"排放"; 網址:"https://www.ettoday.net/news_search/doSearch.php?keywords=排放&idx=1&page=1"
         >>> 找到關鍵字 "排放"; 文章資訊: 2020-10-11 14:05:00, 4個大學生發明會吃微粒的輪胎降6成汙染最快2030年量產, https://www.ettoday.net/news/20201011/1827437.htm
         >>> 找到關鍵字 "排放"; 文章資訊: 2020-10-11 10:11:00, 神秘兩小時喝自來水湖北20多人上吐下瀉有人昏迷10天未醒, https://www.ettoday.net/news/20201011/1828863.htm
         <<< 2020-10-12 沒有更多 "排放" 相關的新聞 !!! >>>
        ------------------------------------------------------
       >> 搜尋關鍵字:"污染"; 網址:"https://www.ettoday.net/news_search/doSearch.php?keywords=污染&idx=1&page=1"
         >>> 找到關鍵字 "污染"; 文章資訊: 2020-10-11 13:26:00, 校醫院住滿學生山西財大爆諾羅病毒集體感染男宿舍封了, https://www.ettoday.net/news/20201011/1828999.htm
         >>> 找到關鍵字 "污染"; 文章資訊: 2020-10-11 12:44:00, 餵食沒洗手釀禍嬰出生10天染沙門氏菌腸穿孔敗血症命危, https://www.ettoday.net/news/20201011/1828883.htm
         >>> 找到關鍵字 "污染"; 文章資訊: 2020-10-11 10:11:00, 神秘兩小時喝自來水湖北20多人上吐下瀉有人昏迷10天未醒, https://www.ettoday.net/news/20201011/1828863.htm
         <<< 2020-10-12 沒有更多 "污染" 相關的新聞 !!! >>>
        ------------------------------------------------------
       >> 搜尋關鍵字:"廢水"; 網址:"https://www.ettoday.net/news_search/doSearch.php?keywords=廢水&idx=1&page=1"
         <<< 2020-10-12 沒有更多 "廢水" 相關的新聞 !!! >>>
        ------------------------------------------------------
       >> 搜尋關鍵字:"污水"; 網址:"https://www.ettoday.net/news_search/doSearch.php?keywords=污水&idx=1&page=1"
         >>> 找到關鍵字 "污水"; 文章資訊: 2020-10-11 13:00:00, 下山煞不住撞護欄烏來單車男噴摔50m深谷人沒事全身擦挫傷, https://www.ettoday.net/news/20201011/1828983.htm
         >>> 找到關鍵字 "污水"; 文章資訊: 2020-10-11 10:11:00, 神秘兩小時喝自來水湖北20多人上吐下瀉有人昏迷10天未醒, https://www.ettoday.net/news/20201011/1828863.htm
         <<< 2020-10-12 沒有更多 "污水" 相關的新聞 !!! >>>
        ------------------------------------------------------
       >> 搜尋關鍵字:"洩漏"; 網址:"https://www.ettoday.net/news_search/doSearch.php?keywords=洩漏&idx=1&page=1"
         >>> 找到關鍵字 "洩漏"; 文章資訊: 2020-10-11 14:23:00, 爆料達人AirTagsAirPodsStudio將缺席發表會售價外觀先洩漏, https://www.ettoday.net/news/20201011/1829023.htm
         >>> 找到關鍵字 "洩漏"; 文章資訊: 2020-10-11 10:11:00, 神秘兩小時喝自來水湖北20多人上吐下瀉有人昏迷10天未醒, https://www.ettoday.net/news/20201011/1828863.htm
         <<< 2020-10-12 沒有更多 "洩漏" 相關的新聞 !!! >>>
        ------------------------------------------------------
       >> 搜尋關鍵字:"暗管"; 網址:"https://www.ettoday.net/news_search/doSearch.php?keywords=暗管&idx=1&page=1"
         <<< 2020-10-12 沒有更多 "暗管" 相關的新聞 !!! >>>
        ------------------------------------------------------
       >> 搜尋關鍵字:"偷排"; 網址:"https://www.ettoday.net/news_search/doSearch.php?keywords=偷排&idx=1&page=1"
         <<< 2020-10-12 沒有更多 "偷排" 相關的新聞 !!! >>>
        ------------------------------------------------------
       >> 搜尋關鍵字:"安全"; 網址:"https://www.ettoday.net/news_search/doSearch.php?keywords=安全&idx=1&page=1"
         >>> 找到關鍵字 "安全"; 文章資訊: 2020-10-12 07:08:00, 大家要等我們台中總站夜市擬休市團隊凌晨431字吐心聲, https://www.ettoday.net/news/20201012/1829259.htm
         >>> 找到關鍵字 "安全"; 文章資訊: 2020-10-12 06:39:00, 陸稱破獲數百起台諜案國安局持續關注發展李孟居穿囚服自白, https://www.ettoday.net/news/20201012/1829255.htm
         >>> 找到關鍵字 "安全"; 文章資訊: 2020-10-12 06:36:00, 國1深夜車禍2車撞護欄分隔島2人傷女駕駛蹲坐地上嚇壞, https://www.ettoday.net/news/20201012/1829256.htm
         >>> 找到關鍵字 "安全"; 文章資訊: 2020-10-11 22:59:00, 陸稱破獲數百起台諜案陸委會無稽之談栽贓我方人民, https://www.ettoday.net/news/20201011/1829227.htm
         >>> 找到關鍵字 "安全"; 文章資訊: 2020-10-11 22:45:00, 高雄餅乾界LV老闆違停竟自稱交大核准警怒了涉詐欺罪, https://www.ettoday.net/news/20201011/1829221.htm
         >>> 找到關鍵字 "安全"; 文章資訊: 2020-10-11 22:22:00, 換季皮膚變酒糟玫瑰斑大爆發改善四內四外找回面子, https://www.ettoday.net/news/20201011/1828880.htm
         >>> 找到關鍵字 "安全"; 文章資訊: 2020-10-11 21:12:00, 桃園男駕車轉彎超速失控撞路樹車體變型開了大天窗送醫不治, https://www.ettoday.net/news/20201011/1829205.htm
         >>> 找到關鍵字 "安全"; 文章資訊: 2020-10-11 20:57:00, 李孟居282號囚服畫面首曝光潛入深圳偷拍武警集結遭關押, https://www.ettoday.net/news/20201011/1829203.htm
         >>> 找到關鍵字 "安全"; 文章資訊: 2020-10-11 20:17:00, 陸國安單位偵破百起台灣間諜案公布台灣間諜戴頭套畫面, https://www.ettoday.net/news/20201011/1829193.htm
         >>> 找到關鍵字 "安全"; 文章資訊: 2020-10-11 20:13:00, MotoGP雨神攪局Petrucci強勢奪冠法國站最速報, https://www.ettoday.net/news/20201011/1829166.htm
        ------------------------------------------------------
       >> 搜尋關鍵字:"槽車"; 網址:"https://www.ettoday.net/news_search/doSearch.php?keywords=槽車&idx=1&page=1"
         <<< 2020-10-12 沒有更多 "槽車" 相關的新聞 !!! >>>
       >> 檔案輸出
        ------------------------------------------------------
      >> 下載新聞內容
      >> 下載 https://www.ettoday.net/news/20201011/1828863.htm, 神秘兩小時喝自來水湖北20多人上吐下瀉有人昏迷10天未醒
      >> 下載 https://www.ettoday.net/news/20201011/1828812.htm, 瘋狂網購18年塞爆2屋家人嚇壞找拍賣發現竟是15億元收藏
      >> 下載 https://www.ettoday.net/news/20201011/1828863.htm, 神秘兩小時喝自來水湖北20多人上吐下瀉有人昏迷10天未醒
      >> 下載 https://www.ettoday.net/news/20201011/1829227.htm, 陸稱破獲數百起台諜案陸委會無稽之談栽贓我方人民
      >> 下載 https://www.ettoday.net/news/20201011/1829203.htm, 李孟居282號囚服畫面首曝光潛入深圳偷拍武警集結遭關押
      >> 下載 https://www.ettoday.net/news/20201011/1829058.htm, 台中1歲女童鎖困BMW車內年輕媽未拔鑰匙消防急扣鎖匠搶救
      >> 下載 https://www.ettoday.net/news/20201011/1828889.htm, 婦每天喝咖啡加2包糖配魚堡習慣持續3年慘高血脂上身
      >> 下載 https://www.ettoday.net/news/20201011/1828817.htm, 高屏地區紅豆苗期高雄區農改場籲農友留意根腐病
      >> 下載 https://www.ettoday.net/news/20201011/1825464.htm, 把握治療時機血糖才有機會逆轉勝
      >> 下載 https://www.ettoday.net/news/20201012/1829242.htm, 尿尿變色先別慌藥師解析6種尿色跟這些藥有關
      >> 下載 https://www.ettoday.net/news/20201011/1829175.htm, 布魯克林愛到癡狂直接把未婚妻雙眼刺青在脖子上
      >> 下載 https://www.ettoday.net/news/20201011/1814853.htm, 天然雙色熊熊冰萌翻台南新開雪花冰鋪現挖西瓜球超療癒
      >> 下載 https://www.ettoday.net/news/20201011/1829119.htm, 金正恩痛哭道歉攏是假韓媒抓包戴瑞士名錶根本是鱷魚眼淚
      >> 下載 https://www.ettoday.net/news/20201011/1828989.htm, 1年只有2次母怕水禁他洗澡貧童遭同儕霸凌臉壓馬桶廚餘倒頭
      >> 下載 https://www.ettoday.net/news/20201011/1828926.htm, 國民黨改名去中國江啟臣當前黨內應關心民生議題
      >> 下載 https://www.ettoday.net/news/20201011/1814853.htm, 天然雙色熊熊冰萌翻台南新開雪花冰鋪現挖西瓜球超療癒
      >> 下載 https://www.ettoday.net/news/20201011/1828999.htm, 校醫院住滿學生山西財大爆諾羅病毒集體感染男宿舍封了
      >> 下載 https://www.ettoday.net/news/20201011/1828963.htm, 米糧俱樂部希望廣場開賣農糧署要送50元抵用券和1年份好禮
      >> 下載 https://www.ettoday.net/news/20201011/1826658.htm, 獨陸落跑富豪花2千萬偷渡來台派專人赴美拿回上億名畫珠寶
      >> 下載 https://www.ettoday.net/news/20201011/1826639.htm, 獨陸落跑富豪偷渡來台帶金條5千萬現金爽住文華東方
      >> 下載 https://www.ettoday.net/news/20201011/1827031.htm, 孕婦中標害胎兒感染水痘湯汁流出6大殺傷力曝慘變皮蛇
      >> 下載 https://www.ettoday.net/news/20201011/1829017.htm, 飆仔苗栗往大甲狂衝7警車一字橫停封路演練場面肅殺如電影
      >> 下載 https://www.ettoday.net/news/20201011/1824933.htm, 小S徐熙娣佛系育兒術可以難過受挫但一定要站起來
      >> 下載 https://www.ettoday.net/news/20201011/1828944.htm, 失意男爬50公尺高壓電塔前妻趕往喊話警消花4小時將人救下
      >> 下載 https://www.ettoday.net/news/20201011/1829221.htm, 高雄餅乾界LV老闆違停竟自稱交大核准警怒了涉詐欺罪
      >> 下載 https://www.ettoday.net/news/20201011/1827437.htm, 4個大學生發明會吃微粒的輪胎降6成汙染最快2030年量產
      >> 下載 https://www.ettoday.net/news/20201011/1828863.htm, 神秘兩小時喝自來水湖北20多人上吐下瀉有人昏迷10天未醒
      >> 下載 https://www.ettoday.net/news/20201011/1828999.htm, 校醫院住滿學生山西財大爆諾羅病毒集體感染男宿舍封了
      >> 下載 https://www.ettoday.net/news/20201011/1828883.htm, 餵食沒洗手釀禍嬰出生10天染沙門氏菌腸穿孔敗血症命危
      >> 下載 https://www.ettoday.net/news/20201011/1828863.htm, 神秘兩小時喝自來水湖北20多人上吐下瀉有人昏迷10天未醒
      >> 下載 https://www.ettoday.net/news/20201011/1828983.htm, 下山煞不住撞護欄烏來單車男噴摔50m深谷人沒事全身擦挫傷
      >> 下載 https://www.ettoday.net/news/20201011/1828863.htm, 神秘兩小時喝自來水湖北20多人上吐下瀉有人昏迷10天未醒
      >> 下載 https://www.ettoday.net/news/20201011/1829023.htm, 爆料達人AirTagsAirPodsStudio將缺席發表會售價外觀先洩漏
      >> 下載 https://www.ettoday.net/news/20201011/1828863.htm, 神秘兩小時喝自來水湖北20多人上吐下瀉有人昏迷10天未醒
      >> 下載 https://www.ettoday.net/news/20201012/1829259.htm, 大家要等我們台中總站夜市擬休市團隊凌晨431字吐心聲
      >> 下載 https://www.ettoday.net/news/20201012/1829255.htm, 陸稱破獲數百起台諜案國安局持續關注發展李孟居穿囚服自白
      >> 下載 https://www.ettoday.net/news/20201012/1829256.htm, 國1深夜車禍2車撞護欄分隔島2人傷女駕駛蹲坐地上嚇壞
      >> 下載 https://www.ettoday.net/news/20201011/1829227.htm, 陸稱破獲數百起台諜案陸委會無稽之談栽贓我方人民
      >> 下載 https://www.ettoday.net/news/20201011/1829221.htm, 高雄餅乾界LV老闆違停竟自稱交大核准警怒了涉詐欺罪
      >> 下載 https://www.ettoday.net/news/20201011/1828880.htm, 換季皮膚變酒糟玫瑰斑大爆發改善四內四外找回面子
      >> 下載 https://www.ettoday.net/news/20201011/1829205.htm, 桃園男駕車轉彎超速失控撞路樹車體變型開了大天窗送醫不治
      >> 下載 https://www.ettoday.net/news/20201011/1829203.htm, 李孟居282號囚服畫面首曝光潛入深圳偷拍武警集結遭關押
      >> 下載 https://www.ettoday.net/news/20201011/1829193.htm, 陸國安單位偵破百起台灣間諜案公布台灣間諜戴頭套畫面
      >> 下載 https://www.ettoday.net/news/20201011/1829166.htm, MotoGP雨神攪局Petrucci強勢奪冠法國站最速報
