     -----> 新聞爬蟲：中央通訊社

           <<< 中央通訊社新聞搜尋 >>>
  ------------------------------------------------------
  ------------------------------------------------------
    >> 搜尋關鍵字:"工業用"; 網址:"https://www.cna.com.tw/search/hysearchws.aspx?q=工業用"
         <<< 2020-10-03 沒有更多 "工業用" 相關的新聞 !!! >>>
  ------------------------------------------------------
    >> 搜尋關鍵字:"化工"; 網址:"https://www.cna.com.tw/search/hysearchws.aspx?q=化工"
         <<< 2020-10-03 沒有更多 "化工" 相關的新聞 !!! >>>
  ------------------------------------------------------
    >> 搜尋關鍵字:"化災"; 網址:"https://www.cna.com.tw/search/hysearchws.aspx?q=化災"
         <<< 2020-10-03 沒有更多 "化災" 相關的新聞 !!! >>>
  ------------------------------------------------------
    >> 搜尋關鍵字:"化學"; 網址:"https://www.cna.com.tw/search/hysearchws.aspx?q=化學"
         >>> 找到關鍵字 "化學"; 文章資訊: 2020-10-02 17:06:00, 三峽本土登革熱增5例群聚疫情擴大至30人202010021706, https://www.cna.com.tw/news/firstnews/202010020160.aspx
         <<< 2020-10-03 沒有更多 "化學" 相關的新聞 !!! >>>
  ------------------------------------------------------
    >> 搜尋關鍵字:"外洩"; 網址:"https://www.cna.com.tw/search/hysearchws.aspx?q=外洩"
         <<< 2020-10-03 沒有更多 "外洩" 相關的新聞 !!! >>>
  ------------------------------------------------------
    >> 搜尋關鍵字:"危害"; 網址:"https://www.cna.com.tw/search/hysearchws.aspx?q=危害"
         >>> 找到關鍵字 "危害"; 文章資訊: 2020-10-02 15:56:00, 川普確診中國網路熱議關鍵字衝上微博熱搜榜首202010021556, https://www.cna.com.tw/news/aopl/202010020139.aspx
         >>> 找到關鍵字 "危害"; 文章資訊: 2020-10-02 16:36:00, 日本全民免費接種疫苗適用救濟制度202010021636, https://www.cna.com.tw/news/aopl/202010020150.aspx
         >>> 找到關鍵字 "危害"; 文章資訊: 2020-10-02 13:01:00, 台灣黑熊特生中心療養喝完水後大啖水果餐202010021301, https://www.cna.com.tw/news/ahel/202010020089.aspx
         <<< 2020-10-03 沒有更多 "危害" 相關的新聞 !!! >>>
  ------------------------------------------------------
    >> 搜尋關鍵字:"有毒"; 網址:"https://www.cna.com.tw/search/hysearchws.aspx?q=有毒"
         >>> 找到關鍵字 "有毒"; 文章資訊: 2020-10-02 17:48:00, 毒品通緝犯缺錢偷iPhone鳳山警負傷逮人202010021748, https://www.cna.com.tw/news/asoc/202010020182.aspx
         <<< 2020-10-03 沒有更多 "有毒" 相關的新聞 !!! >>>
  ------------------------------------------------------
    >> 搜尋關鍵字:"有害"; 網址:"https://www.cna.com.tw/search/hysearchws.aspx?q=有害"
         <<< 2020-10-03 沒有更多 "有害" 相關的新聞 !!! >>>
  ------------------------------------------------------
    >> 搜尋關鍵字:"色料"; 網址:"https://www.cna.com.tw/search/hysearchws.aspx?q=色料"
         <<< 2020-10-03 沒有更多 "色料" 相關的新聞 !!! >>>
  ------------------------------------------------------
    >> 搜尋關鍵字:"色素"; 網址:"https://www.cna.com.tw/search/hysearchws.aspx?q=色素"
         <<< 2020-10-03 沒有更多 "色素" 相關的新聞 !!! >>>
  ------------------------------------------------------
    >> 搜尋關鍵字:"毒性"; 網址:"https://www.cna.com.tw/search/hysearchws.aspx?q=毒性"
         >>> 找到關鍵字 "毒性"; 文章資訊: 2020-10-02 14:53:00, 中國擴大接種試驗中疫苗維權人士不信任202010021453, https://www.cna.com.tw/news/acn/202010020122.aspx
         >>> 找到關鍵字 "毒性"; 文章資訊: 2020-10-02 10:16:00, 武漢肺炎增2例境外移入分別從美日返台確診202010021016, https://www.cna.com.tw/news/firstnews/202010020037.aspx
         <<< 2020-10-03 沒有更多 "毒性" 相關的新聞 !!! >>>
  ------------------------------------------------------
    >> 搜尋關鍵字:"毒品"; 網址:"https://www.cna.com.tw/search/hysearchws.aspx?q=毒品"
         >>> 找到關鍵字 "毒品"; 文章資訊: 2020-10-02 19:28:00, 菲律賓掃毒戰受害家屬槍手闖入家中射殺丈夫202010021928, https://www.cna.com.tw/news/aopl/202010020208.aspx
         >>> 找到關鍵字 "毒品"; 文章資訊: 2020-10-02 17:48:00, 毒品通緝犯缺錢偷iPhone鳳山警負傷逮人202010021748, https://www.cna.com.tw/news/asoc/202010020182.aspx
         >>> 找到關鍵字 "毒品"; 文章資訊: 2020-10-02 14:58:00, 偽裝外送員運毒被逮蛋餅盒內起出毒咖啡包202010021458, https://www.cna.com.tw/news/asoc/202010020124.aspx
         <<< 2020-10-03 沒有更多 "毒品" 相關的新聞 !!! >>>
  ------------------------------------------------------
    >> 搜尋關鍵字:"致癌"; 網址:"https://www.cna.com.tw/search/hysearchws.aspx?q=致癌"
         <<< 2020-10-03 沒有更多 "致癌" 相關的新聞 !!! >>>
  ------------------------------------------------------
    >> 搜尋關鍵字:"重金屬"; 網址:"https://www.cna.com.tw/search/hysearchws.aspx?q=重金屬"
         <<< 2020-10-03 沒有更多 "重金屬" 相關的新聞 !!! >>>
  ------------------------------------------------------
    >> 搜尋關鍵字:"食安"; 網址:"https://www.cna.com.tw/search/hysearchws.aspx?q=食安"
         >>> 找到關鍵字 "食安"; 文章資訊: 2020-10-02 19:37:00, 確保糧食安全四川加快立法鼓勵藏糧於民202010021937, https://www.cna.com.tw/news/acn/202010020209.aspx
         >>> 找到關鍵字 "食安"; 文章資訊: 2020-10-02 17:31:00, 北韓對中國進出口大減疫情衝擊經濟恐達10年202010021731, https://www.cna.com.tw/news/aopl/202010020164.aspx
         >>> 找到關鍵字 "食安"; 文章資訊: 2020-10-02 12:47:00, 藍推問卷調查找支持者一起上街頭反萊豬202010021247, https://www.cna.com.tw/news/aipl/202010020086.aspx
         <<< 2020-10-03 沒有更多 "食安" 相關的新聞 !!! >>>
  ------------------------------------------------------
    >> 搜尋關鍵字:"香料"; 網址:"https://www.cna.com.tw/search/hysearchws.aspx?q=香料"
         <<< 2020-10-03 沒有更多 "香料" 相關的新聞 !!! >>>
  ------------------------------------------------------
    >> 搜尋關鍵字:"原料"; 網址:"https://www.cna.com.tw/search/hysearchws.aspx?q=原料"
         <<< 2020-10-03 沒有更多 "原料" 相關的新聞 !!! >>>
  ------------------------------------------------------
    >> 搜尋關鍵字:"氣爆"; 網址:"https://www.cna.com.tw/search/hysearchws.aspx?q=氣爆"
         <<< 2020-10-03 沒有更多 "氣爆" 相關的新聞 !!! >>>
  ------------------------------------------------------
    >> 搜尋關鍵字:"添加物"; 網址:"https://www.cna.com.tw/search/hysearchws.aspx?q=添加物"
         <<< 2020-10-03 沒有更多 "添加物" 相關的新聞 !!! >>>
  ------------------------------------------------------
    >> 搜尋關鍵字:"黑心"; 網址:"https://www.cna.com.tw/search/hysearchws.aspx?q=黑心"
         <<< 2020-10-03 沒有更多 "黑心" 相關的新聞 !!! >>>
  ------------------------------------------------------
    >> 搜尋關鍵字:"漂白"; 網址:"https://www.cna.com.tw/search/hysearchws.aspx?q=漂白"
         <<< 2020-10-03 沒有更多 "漂白" 相關的新聞 !!! >>>
  ------------------------------------------------------
    >> 搜尋關鍵字:"爆炸"; 網址:"https://www.cna.com.tw/search/hysearchws.aspx?q=爆炸"
         <<< 2020-10-03 沒有更多 "爆炸" 相關的新聞 !!! >>>
  ------------------------------------------------------
    >> 搜尋關鍵字:"新興"; 網址:"https://www.cna.com.tw/search/hysearchws.aspx?q=新興"
         >>> 找到關鍵字 "新興"; 文章資訊: 2020-10-02 15:44:00, 連結5大核心戰略產業政府籌組資安國家隊202010021544, https://www.cna.com.tw/news/aipl/202010020138.aspx
         <<< 2020-10-03 沒有更多 "新興" 相關的新聞 !!! >>>
  ------------------------------------------------------
    >> 搜尋關鍵字:"爆裂物"; 網址:"https://www.cna.com.tw/search/hysearchws.aspx?q=爆裂物"
         <<< 2020-10-03 沒有更多 "爆裂物" 相關的新聞 !!! >>>
  ------------------------------------------------------
    >> 搜尋關鍵字:"IED"; 網址:"https://www.cna.com.tw/search/hysearchws.aspx?q=IED"
         <<< 2020-10-03 沒有更多 "IED" 相關的新聞 !!! >>>
  ------------------------------------------------------
    >> 搜尋關鍵字:"排放"; 網址:"https://www.cna.com.tw/search/hysearchws.aspx?q=排放"
         <<< 2020-10-03 沒有更多 "排放" 相關的新聞 !!! >>>
  ------------------------------------------------------
    >> 搜尋關鍵字:"污染"; 網址:"https://www.cna.com.tw/search/hysearchws.aspx?q=污染"
         >>> 找到關鍵字 "污染"; 文章資訊: 2020-10-02 08:15:00, 駐教廷使館中秋宴客不忘防疫大使戴面罩當打菜員202010020815, https://www.cna.com.tw/news/aipl/202010020018.aspx
         >>> 找到關鍵字 "污染"; 文章資訊: 2020-10-02 07:59:00, 巴西多地收到不明種子包裹中國示警是詐騙郵件202010020759, https://www.cna.com.tw/news/aopl/202010020014.aspx
         <<< 2020-10-03 沒有更多 "污染" 相關的新聞 !!! >>>
  ------------------------------------------------------
    >> 搜尋關鍵字:"廢水"; 網址:"https://www.cna.com.tw/search/hysearchws.aspx?q=廢水"
         <<< 2020-10-03 沒有更多 "廢水" 相關的新聞 !!! >>>
  ------------------------------------------------------
    >> 搜尋關鍵字:"污水"; 網址:"https://www.cna.com.tw/search/hysearchws.aspx?q=污水"
         <<< 2020-10-03 沒有更多 "污水" 相關的新聞 !!! >>>
  ------------------------------------------------------
    >> 搜尋關鍵字:"洩漏"; 網址:"https://www.cna.com.tw/search/hysearchws.aspx?q=洩漏"
         <<< 2020-10-03 沒有更多 "洩漏" 相關的新聞 !!! >>>
  ------------------------------------------------------
    >> 搜尋關鍵字:"暗管"; 網址:"https://www.cna.com.tw/search/hysearchws.aspx?q=暗管"
         <<< 2020-10-03 沒有更多 "暗管" 相關的新聞 !!! >>>
  ------------------------------------------------------
    >> 搜尋關鍵字:"偷排"; 網址:"https://www.cna.com.tw/search/hysearchws.aspx?q=偷排"
         <<< 2020-10-03 沒有更多 "偷排" 相關的新聞 !!! >>>
  ------------------------------------------------------
    >> 搜尋關鍵字:"安全"; 網址:"https://www.cna.com.tw/search/hysearchws.aspx?q=安全"
         >>> 找到關鍵字 "安全"; 文章資訊: 2020-10-03 03:52:00, 不滿選舉欺騙和暴力鎮壓美制裁白俄羅斯高官202010030352, https://www.cna.com.tw/news/aopl/202010030010.aspx
         >>> 找到關鍵字 "安全"; 文章資訊: 2020-10-03 01:07:00, 首場與川普同台辯論拜登篩檢陰性未受波及202010030107, https://www.cna.com.tw/news/aopl/202010030005.aspx
         >>> 找到關鍵字 "安全"; 文章資訊: 2020-10-03 00:25:00, 蓬佩奧訪亞洲是否考慮來台國務院目前沒計畫202010030025, https://www.cna.com.tw/news/aopl/202010030003.aspx
         >>> 找到關鍵字 "安全"; 文章資訊: 2020-10-02 11:08:00, 川普推文證實確診武漢肺炎妻子梅蘭妮亞也染疫更新202010021108, https://www.cna.com.tw/news/firstnews/202010025002.aspx
         >>> 找到關鍵字 "安全"; 文章資訊: 2020-10-02 22:10:00, 亞美尼亞人與亞塞拜然激戰納卡區累計158死202010022210, https://www.cna.com.tw/news/aopl/202010020245.aspx
         >>> 找到關鍵字 "安全"; 文章資訊: 2020-10-02 22:00:00, 中國駐美大使再喊話兩國應讓關係重回正確軌道202010022200, https://www.cna.com.tw/news/aopl/202010020240.aspx
         >>> 找到關鍵字 "安全"; 文章資訊: 2020-10-02 21:15:00, 川普確診武漢肺炎拜登推文關心盼早日康復202010022115, https://www.cna.com.tw/news/aopl/202010020231.aspx
         >>> 找到關鍵字 "安全"; 文章資訊: 2020-10-02 19:54:00, 武漢肺炎疫情席捲全球各國確診政要一次看202010021954, https://www.cna.com.tw/news/firstnews/202010020214.aspx
         >>> 找到關鍵字 "安全"; 文章資訊: 2020-10-02 20:09:00, 哈紹吉遇害兩週年正義難伸沙烏地付出外交代價202010022009, https://www.cna.com.tw/news/aopl/202010020217.aspx
         >>> 找到關鍵字 "安全"; 文章資訊: 2020-10-02 19:03:00, 野柳夜訪女王頭再爆人潮提前開放入園紓解怨氣202010021903, https://www.cna.com.tw/news/aloc/202010020201.aspx
         >>> 找到關鍵字 "安全"; 文章資訊: 2020-10-02 19:37:00, 確保糧食安全四川加快立法鼓勵藏糧於民202010021937, https://www.cna.com.tw/news/acn/202010020209.aspx
         >>> 找到關鍵字 "安全"; 文章資訊: 2020-10-02 18:04:00, 外傘頂洲膠筏船長罹難工研院證實承包商所僱船商202010021804, https://www.cna.com.tw/news/asoc/202010020188.aspx
         >>> 找到關鍵字 "安全"; 文章資訊: 2020-10-02 17:45:00, 秦良丰艱辛復健不放棄總統這就是國軍志氣202010021745, https://www.cna.com.tw/news/aipl/202010020181.aspx
         >>> 找到關鍵字 "安全"; 文章資訊: 2020-10-02 13:51:00, 川普削減難民接收上限至15萬人首納香港人202010021351, https://www.cna.com.tw/news/aopl/202010020103.aspx
         >>> 找到關鍵字 "安全"; 文章資訊: 2020-10-02 17:54:00, 侯友宜已去函北市府盼提早收回環狀線經營權202010021754, https://www.cna.com.tw/news/ahel/202010020184.aspx
         >>> 找到關鍵字 "安全"; 文章資訊: 2020-10-02 16:25:00, 川普確診武漢肺炎美專家恐一週後才現症狀202010021625, https://www.cna.com.tw/news/firstnews/202010025005.aspx
         >>> 找到關鍵字 "安全"; 文章資訊: 2020-10-02 17:31:00, 北韓對中國進出口大減疫情衝擊經濟恐達10年202010021731, https://www.cna.com.tw/news/aopl/202010020164.aspx
         >>> 找到關鍵字 "安全"; 文章資訊: 2020-10-02 15:57:00, 陳時中參觀基隆潮藝術讚賞結合在地不簡單202010021557, https://www.cna.com.tw/news/aloc/202010020140.aspx
         >>> 找到關鍵字 "安全"; 文章資訊: 2020-10-02 13:40:00, 川普夫婦確診在白宮隔離醫師目前狀況良好202010021340, https://www.cna.com.tw/news/firstnews/202010025004.aspx
         >>> 找到關鍵字 "安全"; 文章資訊: 2020-10-02 16:36:00, 日本全民免費接種疫苗適用救濟制度202010021636, https://www.cna.com.tw/news/aopl/202010020150.aspx
         >>> 找到關鍵字 "安全"; 文章資訊: 2020-10-02 15:32:00, 川普夫婦確診外交部向AIT轉達我方慰問202010021532, https://www.cna.com.tw/news/aipl/202010020131.aspx
         >>> 找到關鍵字 "安全"; 文章資訊: 2020-10-02 14:53:00, 中國擴大接種試驗中疫苗維權人士不信任202010021453, https://www.cna.com.tw/news/acn/202010020122.aspx
         >>> 找到關鍵字 "安全"; 文章資訊: 2020-10-02 14:00:00, 加州野火燒不停消防隊員搶救國旗被讚真英雄202010021400, https://www.cna.com.tw/news/aopl/202010020107.aspx
         >>> 找到關鍵字 "安全"; 文章資訊: 2020-10-02 12:18:00, 李登輝五指山墓園國防部將設立24小時監控系統202010021218, https://www.cna.com.tw/news/aipl/202010020078.aspx
         >>> 找到關鍵字 "安全"; 文章資訊: 2020-10-02 13:43:00, 補習班老師涉猥褻13歲男學生判賠15萬202010021343, https://www.cna.com.tw/news/asoc/202010020101.aspx
         >>> 找到關鍵字 "安全"; 文章資訊: 2020-10-02 12:54:00, 舉五星旗宣傳最高罰5萬綠委王定宇提案修法增訂202010021254, https://www.cna.com.tw/news/firstnews/202010020087.aspx
         >>> 找到關鍵字 "安全"; 文章資訊: 2020-10-02 12:39:00, 俄美法齊籲停火無用亞塞拜然亞美尼亞打更兇影202010021239, https://www.cna.com.tw/news/firstnews/202010020085.aspx
         >>> 找到關鍵字 "安全"; 文章資訊: 2020-10-02 11:52:00, 英語和資安跨域結合教育部學習平台推競賽202010021152, https://www.cna.com.tw/news/ahel/202010020070.aspx
         >>> 找到關鍵字 "安全"; 文章資訊: 2020-10-02 11:46:00, 美參議員支持台美BTA總統府對台政策正面回應202010021146, https://www.cna.com.tw/news/aipl/202010020067.aspx
         >>> 找到關鍵字 "安全"; 文章資訊: 2020-10-02 11:22:00, 俄羅斯也嚴查中國竊密俄科學家被捕面臨重刑202010021122, https://www.cna.com.tw/news/aopl/202010020055.aspx
         >>> 找到關鍵字 "安全"; 文章資訊: 2020-10-02 09:10:00, 中國十一長假首日傳悲劇山西冰雕館失火釀13死202010020910, https://www.cna.com.tw/news/acn/202010020024.aspx
         >>> 找到關鍵字 "安全"; 文章資訊: 2020-10-02 08:15:00, 駐教廷使館中秋宴客不忘防疫大使戴面罩當打菜員202010020815, https://www.cna.com.tw/news/aipl/202010020018.aspx
         >>> 找到關鍵字 "安全"; 文章資訊: 2020-10-02 07:59:00, 巴西多地收到不明種子包裹中國示警是詐騙郵件202010020759, https://www.cna.com.tw/news/aopl/202010020014.aspx
         <<< 2020-10-03 沒有更多 "安全" 相關的新聞 !!! >>>
  ------------------------------------------------------
    >> 搜尋關鍵字:"槽車"; 網址:"https://www.cna.com.tw/search/hysearchws.aspx?q=槽車"
         <<< 2020-10-03 沒有更多 "槽車" 相關的新聞 !!! >>>
       >> 檔案輸出
        ------------------------------------------------------
      >> 下載新聞內容
      >> 下載 https://www.cna.com.tw/news/firstnews/202010020160.aspx, 三峽本土登革熱增5例群聚疫情擴大至30人202010021706
      >> 下載 https://www.cna.com.tw/news/aopl/202010020139.aspx, 川普確診中國網路熱議關鍵字衝上微博熱搜榜首202010021556
      >> 下載 https://www.cna.com.tw/news/aopl/202010020150.aspx, 日本全民免費接種疫苗適用救濟制度202010021636
      >> 下載 https://www.cna.com.tw/news/ahel/202010020089.aspx, 台灣黑熊特生中心療養喝完水後大啖水果餐202010021301
      >> 下載 https://www.cna.com.tw/news/asoc/202010020182.aspx, 毒品通緝犯缺錢偷iPhone鳳山警負傷逮人202010021748
      >> 下載 https://www.cna.com.tw/news/acn/202010020122.aspx, 中國擴大接種試驗中疫苗維權人士不信任202010021453
      >> 下載 https://www.cna.com.tw/news/firstnews/202010020037.aspx, 武漢肺炎增2例境外移入分別從美日返台確診202010021016
      >> 下載 https://www.cna.com.tw/news/aopl/202010020208.aspx, 菲律賓掃毒戰受害家屬槍手闖入家中射殺丈夫202010021928
      >> 下載 https://www.cna.com.tw/news/asoc/202010020182.aspx, 毒品通緝犯缺錢偷iPhone鳳山警負傷逮人202010021748
      >> 下載 https://www.cna.com.tw/news/asoc/202010020124.aspx, 偽裝外送員運毒被逮蛋餅盒內起出毒咖啡包202010021458
      >> 下載 https://www.cna.com.tw/news/acn/202010020209.aspx, 確保糧食安全四川加快立法鼓勵藏糧於民202010021937
      >> 下載 https://www.cna.com.tw/news/aopl/202010020164.aspx, 北韓對中國進出口大減疫情衝擊經濟恐達10年202010021731
      >> 下載 https://www.cna.com.tw/news/aipl/202010020086.aspx, 藍推問卷調查找支持者一起上街頭反萊豬202010021247
      >> 下載 https://www.cna.com.tw/news/aipl/202010020138.aspx, 連結5大核心戰略產業政府籌組資安國家隊202010021544
      >> 下載 https://www.cna.com.tw/news/aipl/202010020018.aspx, 駐教廷使館中秋宴客不忘防疫大使戴面罩當打菜員202010020815
      >> 下載 https://www.cna.com.tw/news/aopl/202010020014.aspx, 巴西多地收到不明種子包裹中國示警是詐騙郵件202010020759
      >> 下載 https://www.cna.com.tw/news/aopl/202010030010.aspx, 不滿選舉欺騙和暴力鎮壓美制裁白俄羅斯高官202010030352
      >> 下載 https://www.cna.com.tw/news/aopl/202010030005.aspx, 首場與川普同台辯論拜登篩檢陰性未受波及202010030107
      >> 下載 https://www.cna.com.tw/news/aopl/202010030003.aspx, 蓬佩奧訪亞洲是否考慮來台國務院目前沒計畫202010030025
      >> 下載 https://www.cna.com.tw/news/firstnews/202010025002.aspx, 川普推文證實確診武漢肺炎妻子梅蘭妮亞也染疫更新202010021108
      >> 下載 https://www.cna.com.tw/news/aopl/202010020245.aspx, 亞美尼亞人與亞塞拜然激戰納卡區累計158死202010022210
      >> 下載 https://www.cna.com.tw/news/aopl/202010020240.aspx, 中國駐美大使再喊話兩國應讓關係重回正確軌道202010022200
      >> 下載 https://www.cna.com.tw/news/aopl/202010020231.aspx, 川普確診武漢肺炎拜登推文關心盼早日康復202010022115
      >> 下載 https://www.cna.com.tw/news/firstnews/202010020214.aspx, 武漢肺炎疫情席捲全球各國確診政要一次看202010021954
      >> 下載 https://www.cna.com.tw/news/aopl/202010020217.aspx, 哈紹吉遇害兩週年正義難伸沙烏地付出外交代價202010022009
      >> 下載 https://www.cna.com.tw/news/aloc/202010020201.aspx, 野柳夜訪女王頭再爆人潮提前開放入園紓解怨氣202010021903
      >> 下載 https://www.cna.com.tw/news/acn/202010020209.aspx, 確保糧食安全四川加快立法鼓勵藏糧於民202010021937
      >> 下載 https://www.cna.com.tw/news/asoc/202010020188.aspx, 外傘頂洲膠筏船長罹難工研院證實承包商所僱船商202010021804
      >> 下載 https://www.cna.com.tw/news/aipl/202010020181.aspx, 秦良丰艱辛復健不放棄總統這就是國軍志氣202010021745
      >> 下載 https://www.cna.com.tw/news/aopl/202010020103.aspx, 川普削減難民接收上限至15萬人首納香港人202010021351
      >> 下載 https://www.cna.com.tw/news/ahel/202010020184.aspx, 侯友宜已去函北市府盼提早收回環狀線經營權202010021754
      >> 下載 https://www.cna.com.tw/news/firstnews/202010025005.aspx, 川普確診武漢肺炎美專家恐一週後才現症狀202010021625
      >> 下載 https://www.cna.com.tw/news/aopl/202010020164.aspx, 北韓對中國進出口大減疫情衝擊經濟恐達10年202010021731
      >> 下載 https://www.cna.com.tw/news/aloc/202010020140.aspx, 陳時中參觀基隆潮藝術讚賞結合在地不簡單202010021557
      >> 下載 https://www.cna.com.tw/news/firstnews/202010025004.aspx, 川普夫婦確診在白宮隔離醫師目前狀況良好202010021340
      >> 下載 https://www.cna.com.tw/news/aopl/202010020150.aspx, 日本全民免費接種疫苗適用救濟制度202010021636
      >> 下載 https://www.cna.com.tw/news/aipl/202010020131.aspx, 川普夫婦確診外交部向AIT轉達我方慰問202010021532
      >> 下載 https://www.cna.com.tw/news/acn/202010020122.aspx, 中國擴大接種試驗中疫苗維權人士不信任202010021453
      >> 下載 https://www.cna.com.tw/news/aopl/202010020107.aspx, 加州野火燒不停消防隊員搶救國旗被讚真英雄202010021400
      >> 下載 https://www.cna.com.tw/news/aipl/202010020078.aspx, 李登輝五指山墓園國防部將設立24小時監控系統202010021218
      >> 下載 https://www.cna.com.tw/news/asoc/202010020101.aspx, 補習班老師涉猥褻13歲男學生判賠15萬202010021343
      >> 下載 https://www.cna.com.tw/news/firstnews/202010020087.aspx, 舉五星旗宣傳最高罰5萬綠委王定宇提案修法增訂202010021254
      >> 下載 https://www.cna.com.tw/news/firstnews/202010020085.aspx, 俄美法齊籲停火無用亞塞拜然亞美尼亞打更兇影202010021239
      >> 下載 https://www.cna.com.tw/news/ahel/202010020070.aspx, 英語和資安跨域結合教育部學習平台推競賽202010021152
      >> 下載 https://www.cna.com.tw/news/aipl/202010020067.aspx, 美參議員支持台美BTA總統府對台政策正面回應202010021146
      >> 下載 https://www.cna.com.tw/news/aopl/202010020055.aspx, 俄羅斯也嚴查中國竊密俄科學家被捕面臨重刑202010021122
      >> 下載 https://www.cna.com.tw/news/acn/202010020024.aspx, 中國十一長假首日傳悲劇山西冰雕館失火釀13死202010020910
      >> 下載 https://www.cna.com.tw/news/aipl/202010020018.aspx, 駐教廷使館中秋宴客不忘防疫大使戴面罩當打菜員202010020815
      >> 下載 https://www.cna.com.tw/news/aopl/202010020014.aspx, 巴西多地收到不明種子包裹中國示警是詐騙郵件202010020759
