     -----> 新聞爬蟲：中央通訊社

           <<< 中央通訊社新聞搜尋 >>>
  ------------------------------------------------------
  ------------------------------------------------------
    >> 搜尋關鍵字:"工業用"; 網址:"https://www.cna.com.tw/search/hysearchws.aspx?q=工業用"
         >>> 找到關鍵字 "工業用"; 文章資訊: 2020-10-10 08:46:00, 南水局南部至11月民生工業農業供水無虞202010100846, https://www.cna.com.tw/news/ahel/202010100021.aspx
         <<< 2020-10-11 沒有更多 "工業用" 相關的新聞 !!! >>>
  ------------------------------------------------------
    >> 搜尋關鍵字:"化工"; 網址:"https://www.cna.com.tw/search/hysearchws.aspx?q=化工"
         >>> 找到關鍵字 "化工"; 文章資訊: 2020-10-10 16:55:00, 青農迎娶美嬌娘曳引車當結婚禮車沿途超吸睛202010101655, https://www.cna.com.tw/news/ahel/202010100165.aspx
         <<< 2020-10-11 沒有更多 "化工" 相關的新聞 !!! >>>
  ------------------------------------------------------
    >> 搜尋關鍵字:"化災"; 網址:"https://www.cna.com.tw/search/hysearchws.aspx?q=化災"
         <<< 2020-10-11 沒有更多 "化災" 相關的新聞 !!! >>>
  ------------------------------------------------------
    >> 搜尋關鍵字:"化學"; 網址:"https://www.cna.com.tw/search/hysearchws.aspx?q=化學"
         >>> 找到關鍵字 "化學"; 文章資訊: 2020-10-10 15:59:00, 10041010一週大事202010101559, https://www.cna.com.tw/news/firstnews/202010105008.aspx
         >>> 找到關鍵字 "化學"; 文章資訊: 2020-10-10 13:07:00, 男子當街朝女潑灑硫酸判賠202萬元202010101307, https://www.cna.com.tw/news/asoc/202010100099.aspx
         >>> 找到關鍵字 "化學"; 文章資訊: 2020-10-10 11:22:00, 友善耕作與農民和平共處石虎米為國慶禮盒之一202010101122, https://www.cna.com.tw/news/ahel/202010100061.aspx
         <<< 2020-10-11 沒有更多 "化學" 相關的新聞 !!! >>>
  ------------------------------------------------------
    >> 搜尋關鍵字:"外洩"; 網址:"https://www.cna.com.tw/search/hysearchws.aspx?q=外洩"
         <<< 2020-10-11 沒有更多 "外洩" 相關的新聞 !!! >>>
  ------------------------------------------------------
    >> 搜尋關鍵字:"危害"; 網址:"https://www.cna.com.tw/search/hysearchws.aspx?q=危害"
         >>> 找到關鍵字 "危害"; 文章資訊: 2020-10-10 13:44:00, 萊劑美豬開放進口專家籲強化把關與民眾溝通202010101344, https://www.cna.com.tw/news/ahel/202010100108.aspx
         >>> 找到關鍵字 "危害"; 文章資訊: 2020-10-10 13:28:00, 澳籍作家楊恆均遭控間諜傳近期將於北京受審202010101328, https://www.cna.com.tw/news/aopl/202010100107.aspx
         <<< 2020-10-11 沒有更多 "危害" 相關的新聞 !!! >>>
  ------------------------------------------------------
    >> 搜尋關鍵字:"有毒"; 網址:"https://www.cna.com.tw/search/hysearchws.aspx?q=有毒"
         <<< 2020-10-11 沒有更多 "有毒" 相關的新聞 !!! >>>
  ------------------------------------------------------
    >> 搜尋關鍵字:"有害"; 網址:"https://www.cna.com.tw/search/hysearchws.aspx?q=有害"
         >>> 找到關鍵字 "有害"; 文章資訊: 2020-10-10 21:02:00, 馬祖酒連5年成國慶國宴酒調製新喝法現魅力202010102102, https://www.cna.com.tw/news/aloc/202010100233.aspx
         <<< 2020-10-11 沒有更多 "有害" 相關的新聞 !!! >>>
  ------------------------------------------------------
    >> 搜尋關鍵字:"色料"; 網址:"https://www.cna.com.tw/search/hysearchws.aspx?q=色料"
         <<< 2020-10-11 沒有更多 "色料" 相關的新聞 !!! >>>
  ------------------------------------------------------
    >> 搜尋關鍵字:"色素"; 網址:"https://www.cna.com.tw/search/hysearchws.aspx?q=色素"
         <<< 2020-10-11 沒有更多 "色素" 相關的新聞 !!! >>>
  ------------------------------------------------------
    >> 搜尋關鍵字:"毒性"; 網址:"https://www.cna.com.tw/search/hysearchws.aspx?q=毒性"
         >>> 找到關鍵字 "毒性"; 文章資訊: 2020-10-10 13:44:00, 萊劑美豬開放進口專家籲強化把關與民眾溝通202010101344, https://www.cna.com.tw/news/ahel/202010100108.aspx
         <<< 2020-10-11 沒有更多 "毒性" 相關的新聞 !!! >>>
  ------------------------------------------------------
    >> 搜尋關鍵字:"毒品"; 網址:"https://www.cna.com.tw/search/hysearchws.aspx?q=毒品"
         >>> 找到關鍵字 "毒品"; 文章資訊: 2020-10-10 22:14:00, 香港名媛赴韓整型喪命警方調查指向醫療疏失202010102214, https://www.cna.com.tw/news/aopl/202010100248.aspx
         <<< 2020-10-11 沒有更多 "毒品" 相關的新聞 !!! >>>
  ------------------------------------------------------
    >> 搜尋關鍵字:"致癌"; 網址:"https://www.cna.com.tw/search/hysearchws.aspx?q=致癌"
         <<< 2020-10-11 沒有更多 "致癌" 相關的新聞 !!! >>>
  ------------------------------------------------------
    >> 搜尋關鍵字:"重金屬"; 網址:"https://www.cna.com.tw/search/hysearchws.aspx?q=重金屬"
         <<< 2020-10-11 沒有更多 "重金屬" 相關的新聞 !!! >>>
  ------------------------------------------------------
    >> 搜尋關鍵字:"食安"; 網址:"https://www.cna.com.tw/search/hysearchws.aspx?q=食安"
         >>> 找到關鍵字 "食安"; 文章資訊: 2020-10-10 13:44:00, 萊劑美豬開放進口專家籲強化把關與民眾溝通202010101344, https://www.cna.com.tw/news/ahel/202010100108.aspx
         >>> 找到關鍵字 "食安"; 文章資訊: 2020-10-10 07:15:00, 早安世界台南國慶焰火加碼1萬發料將湧入20萬人潮202010100715, https://www.cna.com.tw/news/firstnews/202010105001.aspx
         <<< 2020-10-11 沒有更多 "食安" 相關的新聞 !!! >>>
  ------------------------------------------------------
    >> 搜尋關鍵字:"香料"; 網址:"https://www.cna.com.tw/search/hysearchws.aspx?q=香料"
         <<< 2020-10-11 沒有更多 "香料" 相關的新聞 !!! >>>
  ------------------------------------------------------
    >> 搜尋關鍵字:"原料"; 網址:"https://www.cna.com.tw/search/hysearchws.aspx?q=原料"
         >>> 找到關鍵字 "原料"; 文章資訊: 2020-10-10 12:35:00, 台北紡織展13日登場聚焦五大主軸202010101235, https://www.cna.com.tw/news/afe/202010100092.aspx
         >>> 找到關鍵字 "原料"; 文章資訊: 2020-10-10 11:56:00, 扭轉危機成轉機紡織業搶進防疫品市場202010101156, https://www.cna.com.tw/news/afe/202010100073.aspx
         >>> 找到關鍵字 "原料"; 文章資訊: 2020-10-10 09:16:00, 看準龐大素食人口卜蜂大成鴨子划水布局植物肉202010100916, https://www.cna.com.tw/news/ahel/202010100027.aspx
         >>> 找到關鍵字 "原料"; 文章資訊: 2020-10-10 09:04:00, 植物肉釣出愛嘗鮮族群超商餐飲業搶食600億商機202010100904, https://www.cna.com.tw/news/firstnews/202010100023.aspx
         <<< 2020-10-11 沒有更多 "原料" 相關的新聞 !!! >>>
  ------------------------------------------------------
    >> 搜尋關鍵字:"氣爆"; 網址:"https://www.cna.com.tw/search/hysearchws.aspx?q=氣爆"
         <<< 2020-10-11 沒有更多 "氣爆" 相關的新聞 !!! >>>
  ------------------------------------------------------
    >> 搜尋關鍵字:"添加物"; 網址:"https://www.cna.com.tw/search/hysearchws.aspx?q=添加物"
         >>> 找到關鍵字 "添加物"; 文章資訊: 2020-10-10 13:44:00, 萊劑美豬開放進口專家籲強化把關與民眾溝通202010101344, https://www.cna.com.tw/news/ahel/202010100108.aspx
         <<< 2020-10-11 沒有更多 "添加物" 相關的新聞 !!! >>>
  ------------------------------------------------------
    >> 搜尋關鍵字:"黑心"; 網址:"https://www.cna.com.tw/search/hysearchws.aspx?q=黑心"
         <<< 2020-10-11 沒有更多 "黑心" 相關的新聞 !!! >>>
  ------------------------------------------------------
    >> 搜尋關鍵字:"漂白"; 網址:"https://www.cna.com.tw/search/hysearchws.aspx?q=漂白"
         <<< 2020-10-11 沒有更多 "漂白" 相關的新聞 !!! >>>
  ------------------------------------------------------
    >> 搜尋關鍵字:"爆炸"; 網址:"https://www.cna.com.tw/search/hysearchws.aspx?q=爆炸"
         >>> 找到關鍵字 "爆炸"; 文章資訊: 2020-10-10 21:19:00, 台南國慶焰火吸引逾42萬人觀賞遊客直呼太震撼了影202010102119, https://www.cna.com.tw/news/firstnews/202010100237.aspx
         >>> 找到關鍵字 "爆炸"; 文章資訊: 2020-10-10 11:09:00, 黎巴嫩貝魯特再傳油槽爆炸起火4死逾30傷202010101109, https://www.cna.com.tw/news/firstnews/202010100052.aspx
         <<< 2020-10-11 沒有更多 "爆炸" 相關的新聞 !!! >>>
  ------------------------------------------------------
    >> 搜尋關鍵字:"新興"; 網址:"https://www.cna.com.tw/search/hysearchws.aspx?q=新興"
         >>> 找到關鍵字 "新興"; 文章資訊: 2020-10-10 22:38:00, 駐西班牙代表發表國慶談話分享自由民主精神202010102238, https://www.cna.com.tw/news/aipl/202010100251.aspx
         >>> 找到關鍵字 "新興"; 文章資訊: 2020-10-10 21:42:00, 金曲樂團滅火器高雄駁二演唱聽眾熱情爆棚202010102142, https://www.cna.com.tw/news/ahel/202010100243.aspx
         >>> 找到關鍵字 "新興"; 文章資訊: 2020-10-10 11:31:00, 雙十國慶侯友宜騎單車鄭文燦幸福做為台灣人202010101131, https://www.cna.com.tw/news/aipl/202010100068.aspx
         >>> 找到關鍵字 "新興"; 文章資訊: 2020-10-10 09:04:00, 植物肉釣出愛嘗鮮族群超商餐飲業搶食600億商機202010100904, https://www.cna.com.tw/news/firstnews/202010100023.aspx
         <<< 2020-10-11 沒有更多 "新興" 相關的新聞 !!! >>>
  ------------------------------------------------------
    >> 搜尋關鍵字:"爆裂物"; 網址:"https://www.cna.com.tw/search/hysearchws.aspx?q=爆裂物"
         <<< 2020-10-11 沒有更多 "爆裂物" 相關的新聞 !!! >>>
  ------------------------------------------------------
    >> 搜尋關鍵字:"IED"; 網址:"https://www.cna.com.tw/search/hysearchws.aspx?q=IED"
         <<< 2020-10-11 沒有更多 "IED" 相關的新聞 !!! >>>
  ------------------------------------------------------
    >> 搜尋關鍵字:"排放"; 網址:"https://www.cna.com.tw/search/hysearchws.aspx?q=排放"
         <<< 2020-10-11 沒有更多 "排放" 相關的新聞 !!! >>>
  ------------------------------------------------------
    >> 搜尋關鍵字:"污染"; 網址:"https://www.cna.com.tw/search/hysearchws.aspx?q=污染"
         >>> 找到關鍵字 "污染"; 文章資訊: 2020-10-10 12:35:00, 台北紡織展13日登場聚焦五大主軸202010101235, https://www.cna.com.tw/news/afe/202010100092.aspx
         <<< 2020-10-11 沒有更多 "污染" 相關的新聞 !!! >>>
  ------------------------------------------------------
    >> 搜尋關鍵字:"廢水"; 網址:"https://www.cna.com.tw/search/hysearchws.aspx?q=廢水"
         <<< 2020-10-11 沒有更多 "廢水" 相關的新聞 !!! >>>
  ------------------------------------------------------
    >> 搜尋關鍵字:"污水"; 網址:"https://www.cna.com.tw/search/hysearchws.aspx?q=污水"
         >>> 找到關鍵字 "污水"; 文章資訊: 2020-10-10 19:56:00, 北市修改收水肥時間提高檢驗值業者指刻意刁難202010101956, https://www.cna.com.tw/news/ahel/202010100220.aspx
         <<< 2020-10-11 沒有更多 "污水" 相關的新聞 !!! >>>
  ------------------------------------------------------
    >> 搜尋關鍵字:"洩漏"; 網址:"https://www.cna.com.tw/search/hysearchws.aspx?q=洩漏"
         <<< 2020-10-11 沒有更多 "洩漏" 相關的新聞 !!! >>>
  ------------------------------------------------------
    >> 搜尋關鍵字:"暗管"; 網址:"https://www.cna.com.tw/search/hysearchws.aspx?q=暗管"
         <<< 2020-10-11 沒有更多 "暗管" 相關的新聞 !!! >>>
  ------------------------------------------------------
    >> 搜尋關鍵字:"偷排"; 網址:"https://www.cna.com.tw/search/hysearchws.aspx?q=偷排"
         <<< 2020-10-11 沒有更多 "偷排" 相關的新聞 !!! >>>
  ------------------------------------------------------
    >> 搜尋關鍵字:"安全"; 網址:"https://www.cna.com.tw/search/hysearchws.aspx?q=安全"
         >>> 找到關鍵字 "安全"; 文章資訊: 2020-10-11 03:16:00, 川普染疫後白宮辦首場公開活動數百人聚集出席202010110316, https://www.cna.com.tw/news/firstnews/202010110006.aspx
         >>> 找到關鍵字 "安全"; 文章資訊: 2020-10-11 01:32:00, 印媒反中推印台系列報導聚焦印台緊密合作202010110132, https://www.cna.com.tw/news/aopl/202010110004.aspx
         >>> 找到關鍵字 "安全"; 文章資訊: 2020-10-11 01:01:00, AIT主席賀雙十續推動美台關係助台灣提升國防202010110101, https://www.cna.com.tw/news/firstnews/202010110003.aspx
         >>> 找到關鍵字 "安全"; 文章資訊: 2020-10-10 23:47:00, 蔡總統國慶演說獲學者肯定北京是否接橄欖枝持保留202010102347, https://www.cna.com.tw/news/aipl/202010100261.aspx
         >>> 找到關鍵字 "安全"; 文章資訊: 2020-10-10 23:19:00, 台中總站夜市開幕第二天跳電不減遊客興致202010102319, https://www.cna.com.tw/news/asoc/202010100260.aspx
         >>> 找到關鍵字 "安全"; 文章資訊: 2020-10-10 19:47:00, 蔡總統善意北京不領情陸委會籲勿一再誤判形勢202010101947, https://www.cna.com.tw/news/acn/202010100217.aspx
         >>> 找到關鍵字 "安全"; 文章資訊: 2020-10-10 20:34:00, 俄國武漢肺炎疫情延燒新增1萬2846例確診創新高202010102034, https://www.cna.com.tw/news/aopl/202010100228.aspx
         >>> 找到關鍵字 "安全"; 文章資訊: 2020-10-10 20:19:00, 金門發現大批鏽蝕機槍彈無安全顧慮將銷毀202010102019, https://www.cna.com.tw/news/asoc/202010100224.aspx
         >>> 找到關鍵字 "安全"; 文章資訊: 2020-10-10 15:59:00, 10041010一週大事202010101559, https://www.cna.com.tw/news/firstnews/202010105008.aspx
         >>> 找到關鍵字 "安全"; 文章資訊: 2020-10-10 18:15:00, 京華城工地出現男乾屍北市府不會勒令停工202010101815, https://www.cna.com.tw/news/asoc/202010100198.aspx
         >>> 找到關鍵字 "安全"; 文章資訊: 2020-10-10 18:13:00, 化解微信抖音僵局學者建議美迫中開放谷歌臉書202010101813, https://www.cna.com.tw/news/aopl/202010100197.aspx
         >>> 找到關鍵字 "安全"; 文章資訊: 2020-10-10 15:09:00, 馬祖飛機起降如航空母艦上建攔阻系統延長跑道獨家202010101509, https://www.cna.com.tw/news/firstnews/202010100130.aspx
         >>> 找到關鍵字 "安全"; 文章資訊: 2020-10-10 11:58:00, 國慶致敬防疫英雄蔡總統讓國際看見堅韌之島202010101158, https://www.cna.com.tw/news/aipl/202010100076.aspx
         >>> 找到關鍵字 "安全"; 文章資訊: 2020-10-10 17:44:00, 颱風昌鴻侵襲日氣象廳對2離島發布最高等級警報202010101744, https://www.cna.com.tw/news/aopl/202010100184.aspx
         >>> 找到關鍵字 "安全"; 文章資訊: 2020-10-10 12:06:00, 蔡總統感性訴求朝野團結把壯大國家留給下一代202010101206, https://www.cna.com.tw/news/firstnews/202010100078.aspx
         >>> 找到關鍵字 "安全"; 文章資訊: 2020-10-10 15:48:00, 清潔人員遭酒駕追撞身亡楊鎮浯要求警加強取締202010101548, https://www.cna.com.tw/news/asoc/202010100141.aspx
         >>> 找到關鍵字 "安全"; 文章資訊: 2020-10-10 16:24:00, 國土辦規劃11場兵推模擬桃機遇襲應變202010101624, https://www.cna.com.tw/news/firstnews/202010100155.aspx
         >>> 找到關鍵字 "安全"; 文章資訊: 2020-10-10 16:03:00, 國慶焰火晚間台南登場安平港邊湧卡位人潮202010101603, https://www.cna.com.tw/news/ahel/202010100145.aspx
         >>> 找到關鍵字 "安全"; 文章資訊: 2020-10-10 16:11:00, 南鐵東移2戶保留樓梯鐵道局工程技術評估不可行202010101611, https://www.cna.com.tw/news/aloc/202010100148.aspx
         >>> 找到關鍵字 "安全"; 文章資訊: 2020-10-10 14:46:00, 蔡總統國慶演說學者展現戰略高度台灣應更自信202010101446, https://www.cna.com.tw/news/firstnews/202010100122.aspx
         >>> 找到關鍵字 "安全"; 文章資訊: 2020-10-10 10:36:00, 總統國慶演說符合對等尊嚴願促成兩岸有意義對話全文202010101036, https://www.cna.com.tw/news/firstnews/202010105005.aspx
         >>> 找到關鍵字 "安全"; 文章資訊: 2020-10-10 11:00:00, 國慶演說蔡總統只要北京有心化解對立願促成兩岸對話202010101100, https://www.cna.com.tw/news/firstnews/202010100048.aspx
         >>> 找到關鍵字 "安全"; 文章資訊: 2020-10-10 15:13:00, 31隻貓未絕育遭罰155萬法院判決不能一貓一罰202010101513, https://www.cna.com.tw/news/asoc/202010100131.aspx
         >>> 找到關鍵字 "安全"; 文章資訊: 2020-10-10 15:02:00, 殉職士官林楷強火化公祭楊鎮浯應盤整國軍裝備202010101502, https://www.cna.com.tw/news/aipl/202010100128.aspx
         >>> 找到關鍵字 "安全"; 文章資訊: 2020-10-10 14:52:00, 川普稱抗體療法治癒COVID19比疫苗還讚202010101452, https://www.cna.com.tw/news/aopl/202010100124.aspx
         >>> 找到關鍵字 "安全"; 文章資訊: 2020-10-10 14:37:00, 搶攻疫後旅遊觀光局駐星辦事處推買珍奶抽機票202010101437, https://www.cna.com.tw/news/ahel/202010100121.aspx
         >>> 找到關鍵字 "安全"; 文章資訊: 2020-10-10 13:16:00, 多良車站海風大釀傘害遊客雨傘吹落鐵軌恐影響安全202010101316, https://www.cna.com.tw/news/aloc/202010100102.aspx
         >>> 找到關鍵字 "安全"; 文章資訊: 2020-10-10 13:56:00, 美國建立抗中聯盟蓬佩奧欲拉攏印度202010101356, https://www.cna.com.tw/news/aopl/202010100112.aspx
         >>> 找到關鍵字 "安全"; 文章資訊: 2020-10-10 13:46:00, 日本海上自衛隊南海演習出動3艘軍艦202010101346, https://www.cna.com.tw/news/aopl/202010100110.aspx
         >>> 找到關鍵字 "安全"; 文章資訊: 2020-10-10 13:44:00, 萊劑美豬開放進口專家籲強化把關與民眾溝通202010101344, https://www.cna.com.tw/news/ahel/202010100108.aspx
         >>> 找到關鍵字 "安全"; 文章資訊: 2020-10-10 10:25:00, 國慶典禮空勤黑鷹低飛總統府廣場吸睛202010101025, https://www.cna.com.tw/news/aipl/202010100041.aspx
         >>> 找到關鍵字 "安全"; 文章資訊: 2020-10-10 13:28:00, 澳籍作家楊恆均遭控間諜傳近期將於北京受審202010101328, https://www.cna.com.tw/news/aopl/202010100107.aspx
         >>> 找到關鍵字 "安全"; 文章資訊: 2020-10-10 12:14:00, 受制國安法香港雙十國慶活動恐成歷史202010101214, https://www.cna.com.tw/news/acn/202010100085.aspx
         >>> 找到關鍵字 "安全"; 文章資訊: 2020-10-10 12:31:00, 花蓮慶雙十4050面國旗13鄉鎮交通要道高掛到月底202010101231, https://www.cna.com.tw/news/aloc/202010100089.aspx
         >>> 找到關鍵字 "安全"; 文章資訊: 2020-10-10 10:25:00, 香港親台人士升旗慶雙十無懼國安法影202010101025, https://www.cna.com.tw/news/acn/202010100042.aspx
         >>> 找到關鍵字 "安全"; 文章資訊: 2020-10-10 11:31:00, 雙十國慶侯友宜騎單車鄭文燦幸福做為台灣人202010101131, https://www.cna.com.tw/news/aipl/202010100068.aspx
         >>> 找到關鍵字 "安全"; 文章資訊: 2020-10-10 12:35:00, 台北紡織展13日登場聚焦五大主軸202010101235, https://www.cna.com.tw/news/afe/202010100092.aspx
         >>> 找到關鍵字 "安全"; 文章資訊: 2020-10-10 11:19:00, 總統示弱不會帶來和平精進國防降低戰爭風險202010101119, https://www.cna.com.tw/news/aipl/202010100054.aspx
         >>> 找到關鍵字 "安全"; 文章資訊: 2020-10-10 11:41:00, 國慶焰火將登場南市府動員6400人部署202010101141, https://www.cna.com.tw/news/aloc/202010100069.aspx
         >>> 找到關鍵字 "安全"; 文章資訊: 2020-10-10 10:14:00, 國民黨辦升旗江啟臣籲民進黨思考對中華民國認同202010101014, https://www.cna.com.tw/news/aipl/202010100036.aspx
         >>> 找到關鍵字 "安全"; 文章資訊: 2020-10-10 08:43:00, 唐鳳台灣用AI使政府透明中共把人民變透明202010100843, https://www.cna.com.tw/news/aipl/202010100020.aspx
         >>> 找到關鍵字 "安全"; 文章資訊: 2020-10-10 09:04:00, 美國驅逐艦駛入西沙海域進行演習202010100904, https://www.cna.com.tw/news/firstnews/202010100024.aspx
         >>> 找到關鍵字 "安全"; 文章資訊: 2020-10-10 07:37:00, 線上音樂會慶雙十駐德代表處直播台灣作品影202010100737, https://www.cna.com.tw/news/aipl/202010100015.aspx
         >>> 找到關鍵字 "安全"; 文章資訊: 2020-10-10 08:06:00, 武漢肺炎全球最新情報1010202010100806, https://www.cna.com.tw/news/firstnews/202010100017.aspx
         >>> 找到關鍵字 "安全"; 文章資訊: 2020-10-10 07:15:00, 早安世界台南國慶焰火加碼1萬發料將湧入20萬人潮202010100715, https://www.cna.com.tw/news/firstnews/202010105001.aspx
         <<< 2020-10-11 沒有更多 "安全" 相關的新聞 !!! >>>
  ------------------------------------------------------
    >> 搜尋關鍵字:"槽車"; 網址:"https://www.cna.com.tw/search/hysearchws.aspx?q=槽車"
         <<< 2020-10-11 沒有更多 "槽車" 相關的新聞 !!! >>>
       >> 檔案輸出
        ------------------------------------------------------
      >> 下載新聞內容
      >> 下載 https://www.cna.com.tw/news/ahel/202010100021.aspx, 南水局南部至11月民生工業農業供水無虞202010100846
      >> 下載 https://www.cna.com.tw/news/ahel/202010100165.aspx, 青農迎娶美嬌娘曳引車當結婚禮車沿途超吸睛202010101655
      >> 下載 https://www.cna.com.tw/news/firstnews/202010105008.aspx, 10041010一週大事202010101559
      >> 下載 https://www.cna.com.tw/news/asoc/202010100099.aspx, 男子當街朝女潑灑硫酸判賠202萬元202010101307
      >> 下載 https://www.cna.com.tw/news/ahel/202010100061.aspx, 友善耕作與農民和平共處石虎米為國慶禮盒之一202010101122
      >> 下載 https://www.cna.com.tw/news/ahel/202010100108.aspx, 萊劑美豬開放進口專家籲強化把關與民眾溝通202010101344
      >> 下載 https://www.cna.com.tw/news/aopl/202010100107.aspx, 澳籍作家楊恆均遭控間諜傳近期將於北京受審202010101328
      >> 下載 https://www.cna.com.tw/news/aloc/202010100233.aspx, 馬祖酒連5年成國慶國宴酒調製新喝法現魅力202010102102
      >> 下載 https://www.cna.com.tw/news/ahel/202010100108.aspx, 萊劑美豬開放進口專家籲強化把關與民眾溝通202010101344
      >> 下載 https://www.cna.com.tw/news/aopl/202010100248.aspx, 香港名媛赴韓整型喪命警方調查指向醫療疏失202010102214
      >> 下載 https://www.cna.com.tw/news/ahel/202010100108.aspx, 萊劑美豬開放進口專家籲強化把關與民眾溝通202010101344
      >> 下載 https://www.cna.com.tw/news/firstnews/202010105001.aspx, 早安世界台南國慶焰火加碼1萬發料將湧入20萬人潮202010100715
      >> 下載 https://www.cna.com.tw/news/afe/202010100092.aspx, 台北紡織展13日登場聚焦五大主軸202010101235
      >> 下載 https://www.cna.com.tw/news/afe/202010100073.aspx, 扭轉危機成轉機紡織業搶進防疫品市場202010101156
      >> 下載 https://www.cna.com.tw/news/ahel/202010100027.aspx, 看準龐大素食人口卜蜂大成鴨子划水布局植物肉202010100916
      >> 下載 https://www.cna.com.tw/news/firstnews/202010100023.aspx, 植物肉釣出愛嘗鮮族群超商餐飲業搶食600億商機202010100904
      >> 下載 https://www.cna.com.tw/news/ahel/202010100108.aspx, 萊劑美豬開放進口專家籲強化把關與民眾溝通202010101344
      >> 下載 https://www.cna.com.tw/news/firstnews/202010100237.aspx, 台南國慶焰火吸引逾42萬人觀賞遊客直呼太震撼了影202010102119
      >> 下載 https://www.cna.com.tw/news/firstnews/202010100052.aspx, 黎巴嫩貝魯特再傳油槽爆炸起火4死逾30傷202010101109
      >> 下載 https://www.cna.com.tw/news/aipl/202010100251.aspx, 駐西班牙代表發表國慶談話分享自由民主精神202010102238
      >> 下載 https://www.cna.com.tw/news/ahel/202010100243.aspx, 金曲樂團滅火器高雄駁二演唱聽眾熱情爆棚202010102142
      >> 下載 https://www.cna.com.tw/news/aipl/202010100068.aspx, 雙十國慶侯友宜騎單車鄭文燦幸福做為台灣人202010101131
      >> 下載 https://www.cna.com.tw/news/firstnews/202010100023.aspx, 植物肉釣出愛嘗鮮族群超商餐飲業搶食600億商機202010100904
      >> 下載 https://www.cna.com.tw/news/afe/202010100092.aspx, 台北紡織展13日登場聚焦五大主軸202010101235
      >> 下載 https://www.cna.com.tw/news/ahel/202010100220.aspx, 北市修改收水肥時間提高檢驗值業者指刻意刁難202010101956
      >> 下載 https://www.cna.com.tw/news/firstnews/202010110006.aspx, 川普染疫後白宮辦首場公開活動數百人聚集出席202010110316
      >> 下載 https://www.cna.com.tw/news/aopl/202010110004.aspx, 印媒反中推印台系列報導聚焦印台緊密合作202010110132
      >> 下載 https://www.cna.com.tw/news/firstnews/202010110003.aspx, AIT主席賀雙十續推動美台關係助台灣提升國防202010110101
      >> 下載 https://www.cna.com.tw/news/aipl/202010100261.aspx, 蔡總統國慶演說獲學者肯定北京是否接橄欖枝持保留202010102347
      >> 下載 https://www.cna.com.tw/news/asoc/202010100260.aspx, 台中總站夜市開幕第二天跳電不減遊客興致202010102319
      >> 下載 https://www.cna.com.tw/news/acn/202010100217.aspx, 蔡總統善意北京不領情陸委會籲勿一再誤判形勢202010101947
      >> 下載 https://www.cna.com.tw/news/aopl/202010100228.aspx, 俄國武漢肺炎疫情延燒新增1萬2846例確診創新高202010102034
      >> 下載 https://www.cna.com.tw/news/asoc/202010100224.aspx, 金門發現大批鏽蝕機槍彈無安全顧慮將銷毀202010102019
      >> 下載 https://www.cna.com.tw/news/firstnews/202010105008.aspx, 10041010一週大事202010101559
      >> 下載 https://www.cna.com.tw/news/asoc/202010100198.aspx, 京華城工地出現男乾屍北市府不會勒令停工202010101815
      >> 下載 https://www.cna.com.tw/news/aopl/202010100197.aspx, 化解微信抖音僵局學者建議美迫中開放谷歌臉書202010101813
      >> 下載 https://www.cna.com.tw/news/firstnews/202010100130.aspx, 馬祖飛機起降如航空母艦上建攔阻系統延長跑道獨家202010101509
      >> 下載 https://www.cna.com.tw/news/aipl/202010100076.aspx, 國慶致敬防疫英雄蔡總統讓國際看見堅韌之島202010101158
      >> 下載 https://www.cna.com.tw/news/aopl/202010100184.aspx, 颱風昌鴻侵襲日氣象廳對2離島發布最高等級警報202010101744
      >> 下載 https://www.cna.com.tw/news/firstnews/202010100078.aspx, 蔡總統感性訴求朝野團結把壯大國家留給下一代202010101206
      >> 下載 https://www.cna.com.tw/news/asoc/202010100141.aspx, 清潔人員遭酒駕追撞身亡楊鎮浯要求警加強取締202010101548
      >> 下載 https://www.cna.com.tw/news/firstnews/202010100155.aspx, 國土辦規劃11場兵推模擬桃機遇襲應變202010101624
      >> 下載 https://www.cna.com.tw/news/ahel/202010100145.aspx, 國慶焰火晚間台南登場安平港邊湧卡位人潮202010101603
      >> 下載 https://www.cna.com.tw/news/aloc/202010100148.aspx, 南鐵東移2戶保留樓梯鐵道局工程技術評估不可行202010101611
      >> 下載 https://www.cna.com.tw/news/firstnews/202010100122.aspx, 蔡總統國慶演說學者展現戰略高度台灣應更自信202010101446
      >> 下載 https://www.cna.com.tw/news/firstnews/202010105005.aspx, 總統國慶演說符合對等尊嚴願促成兩岸有意義對話全文202010101036
      >> 下載 https://www.cna.com.tw/news/firstnews/202010100048.aspx, 國慶演說蔡總統只要北京有心化解對立願促成兩岸對話202010101100
      >> 下載 https://www.cna.com.tw/news/asoc/202010100131.aspx, 31隻貓未絕育遭罰155萬法院判決不能一貓一罰202010101513
      >> 下載 https://www.cna.com.tw/news/aipl/202010100128.aspx, 殉職士官林楷強火化公祭楊鎮浯應盤整國軍裝備202010101502
      >> 下載 https://www.cna.com.tw/news/aopl/202010100124.aspx, 川普稱抗體療法治癒COVID19比疫苗還讚202010101452
      >> 下載 https://www.cna.com.tw/news/ahel/202010100121.aspx, 搶攻疫後旅遊觀光局駐星辦事處推買珍奶抽機票202010101437
      >> 下載 https://www.cna.com.tw/news/aloc/202010100102.aspx, 多良車站海風大釀傘害遊客雨傘吹落鐵軌恐影響安全202010101316
      >> 下載 https://www.cna.com.tw/news/aopl/202010100112.aspx, 美國建立抗中聯盟蓬佩奧欲拉攏印度202010101356
      >> 下載 https://www.cna.com.tw/news/aopl/202010100110.aspx, 日本海上自衛隊南海演習出動3艘軍艦202010101346
      >> 下載 https://www.cna.com.tw/news/ahel/202010100108.aspx, 萊劑美豬開放進口專家籲強化把關與民眾溝通202010101344
      >> 下載 https://www.cna.com.tw/news/aipl/202010100041.aspx, 國慶典禮空勤黑鷹低飛總統府廣場吸睛202010101025
      >> 下載 https://www.cna.com.tw/news/aopl/202010100107.aspx, 澳籍作家楊恆均遭控間諜傳近期將於北京受審202010101328
      >> 下載 https://www.cna.com.tw/news/acn/202010100085.aspx, 受制國安法香港雙十國慶活動恐成歷史202010101214
      >> 下載 https://www.cna.com.tw/news/aloc/202010100089.aspx, 花蓮慶雙十4050面國旗13鄉鎮交通要道高掛到月底202010101231
      >> 下載 https://www.cna.com.tw/news/acn/202010100042.aspx, 香港親台人士升旗慶雙十無懼國安法影202010101025
      >> 下載 https://www.cna.com.tw/news/aipl/202010100068.aspx, 雙十國慶侯友宜騎單車鄭文燦幸福做為台灣人202010101131
      >> 下載 https://www.cna.com.tw/news/afe/202010100092.aspx, 台北紡織展13日登場聚焦五大主軸202010101235
      >> 下載 https://www.cna.com.tw/news/aipl/202010100054.aspx, 總統示弱不會帶來和平精進國防降低戰爭風險202010101119
      >> 下載 https://www.cna.com.tw/news/aloc/202010100069.aspx, 國慶焰火將登場南市府動員6400人部署202010101141
      >> 下載 https://www.cna.com.tw/news/aipl/202010100036.aspx, 國民黨辦升旗江啟臣籲民進黨思考對中華民國認同202010101014
      >> 下載 https://www.cna.com.tw/news/aipl/202010100020.aspx, 唐鳳台灣用AI使政府透明中共把人民變透明202010100843
      >> 下載 https://www.cna.com.tw/news/firstnews/202010100024.aspx, 美國驅逐艦駛入西沙海域進行演習202010100904
      >> 下載 https://www.cna.com.tw/news/aipl/202010100015.aspx, 線上音樂會慶雙十駐德代表處直播台灣作品影202010100737
      >> 下載 https://www.cna.com.tw/news/firstnews/202010100017.aspx, 武漢肺炎全球最新情報1010202010100806
      >> 下載 https://www.cna.com.tw/news/firstnews/202010105001.aspx, 早安世界台南國慶焰火加碼1萬發料將湧入20萬人潮202010100715
