     -----> 新聞爬蟲：中央通訊社

           <<< 中央通訊社新聞搜尋 >>>
  ------------------------------------------------------
  ------------------------------------------------------
    >> 搜尋關鍵字:"工業用"; 網址:"https://www.cna.com.tw/search/hysearchws.aspx?q=工業用"
         <<< 2020-09-29 沒有更多 "工業用" 相關的新聞 !!! >>>
  ------------------------------------------------------
    >> 搜尋關鍵字:"化工"; 網址:"https://www.cna.com.tw/search/hysearchws.aspx?q=化工"
         >>> 找到關鍵字 "化工"; 文章資訊: 2020-09-28 15:47:00, 台鐵419處平交道10月底前裝設大型方向指示器202009281547, https://www.cna.com.tw/news/ahel/202009280179.aspx
         <<< 2020-09-29 沒有更多 "化工" 相關的新聞 !!! >>>
  ------------------------------------------------------
    >> 搜尋關鍵字:"化災"; 網址:"https://www.cna.com.tw/search/hysearchws.aspx?q=化災"
         <<< 2020-09-29 沒有更多 "化災" 相關的新聞 !!! >>>
  ------------------------------------------------------
    >> 搜尋關鍵字:"化學"; 網址:"https://www.cna.com.tw/search/hysearchws.aspx?q=化學"
         >>> 找到關鍵字 "化學"; 文章資訊: 2020-09-28 18:36:00, 空污費率草案遭環團質疑環署盼110年1月上路202009281836, https://www.cna.com.tw/news/ahel/202009280264.aspx
         >>> 找到關鍵字 "化學"; 文章資訊: 2020-09-28 14:35:00, 上緯子公司上海科創板掛牌單日漲幅逾5倍202009281435, https://www.cna.com.tw/news/afe/202009280145.aspx
         >>> 找到關鍵字 "化學"; 文章資訊: 2020-09-28 08:01:00, 旅德奧瑞台灣學者聚柏林談研究熱情業界展望202009280801, https://www.cna.com.tw/news/ahel/202009280012.aspx
         <<< 2020-09-29 沒有更多 "化學" 相關的新聞 !!! >>>
  ------------------------------------------------------
    >> 搜尋關鍵字:"外洩"; 網址:"https://www.cna.com.tw/search/hysearchws.aspx?q=外洩"
         >>> 找到關鍵字 "外洩"; 文章資訊: 2020-09-28 21:14:00, 涉評議秘密司法院拒轉大法官會議資料為政治檔案202009282114, https://www.cna.com.tw/news/aipl/202009280313.aspx
         <<< 2020-09-29 沒有更多 "外洩" 相關的新聞 !!! >>>
  ------------------------------------------------------
    >> 搜尋關鍵字:"危害"; 網址:"https://www.cna.com.tw/search/hysearchws.aspx?q=危害"
         >>> 找到關鍵字 "危害"; 文章資訊: 2020-09-28 07:13:00, 早安世界全球氣候市長聯盟矮化台灣六都合作要正名202009280713, https://www.cna.com.tw/news/firstnews/202009285001.aspx
         <<< 2020-09-29 沒有更多 "危害" 相關的新聞 !!! >>>
  ------------------------------------------------------
    >> 搜尋關鍵字:"有毒"; 網址:"https://www.cna.com.tw/search/hysearchws.aspx?q=有毒"
         >>> 找到關鍵字 "有毒"; 文章資訊: 2020-09-28 17:55:00, 刑事局破跨境航空貨櫃運毒案市價逾6億元202009281755, https://www.cna.com.tw/news/asoc/202009280247.aspx
         <<< 2020-09-29 沒有更多 "有毒" 相關的新聞 !!! >>>
  ------------------------------------------------------
    >> 搜尋關鍵字:"有害"; 網址:"https://www.cna.com.tw/search/hysearchws.aspx?q=有害"
         >>> 找到關鍵字 "有害"; 文章資訊: 2020-09-28 11:42:00, 蔣萬安質疑萊劑美豬缺致癌評估陳時中重申安全202009281142, https://www.cna.com.tw/news/ahel/202009280066.aspx
         >>> 找到關鍵字 "有害"; 文章資訊: 2020-09-28 15:54:00, 中國擴大接種武漢肺炎試驗疫苗紐時存在未知風險202009281554, https://www.cna.com.tw/news/firstnews/202009280182.aspx
         <<< 2020-09-29 沒有更多 "有害" 相關的新聞 !!! >>>
  ------------------------------------------------------
    >> 搜尋關鍵字:"色料"; 網址:"https://www.cna.com.tw/search/hysearchws.aspx?q=色料"
         <<< 2020-09-29 沒有更多 "色料" 相關的新聞 !!! >>>
  ------------------------------------------------------
    >> 搜尋關鍵字:"色素"; 網址:"https://www.cna.com.tw/search/hysearchws.aspx?q=色素"
         <<< 2020-09-29 沒有更多 "色素" 相關的新聞 !!! >>>
  ------------------------------------------------------
    >> 搜尋關鍵字:"毒性"; 網址:"https://www.cna.com.tw/search/hysearchws.aspx?q=毒性"
         <<< 2020-09-29 沒有更多 "毒性" 相關的新聞 !!! >>>
  ------------------------------------------------------
    >> 搜尋關鍵字:"毒品"; 網址:"https://www.cna.com.tw/search/hysearchws.aspx?q=毒品"
         >>> 找到關鍵字 "毒品"; 文章資訊: 2020-09-28 17:55:00, 刑事局破跨境航空貨櫃運毒案市價逾6億元202009281755, https://www.cna.com.tw/news/asoc/202009280247.aspx
         >>> 找到關鍵字 "毒品"; 文章資訊: 2020-09-28 15:17:00, 墨西哥酒吧發生血腥暴力7男4女喪命202009281517, https://www.cna.com.tw/news/aopl/202009280167.aspx
         >>> 找到關鍵字 "毒品"; 文章資訊: 2020-09-28 13:36:00, 全台掃黑北市警強力掃蕩171處逮429嫌202009281336, https://www.cna.com.tw/news/asoc/202009280114.aspx
         <<< 2020-09-29 沒有更多 "毒品" 相關的新聞 !!! >>>
  ------------------------------------------------------
    >> 搜尋關鍵字:"致癌"; 網址:"https://www.cna.com.tw/search/hysearchws.aspx?q=致癌"
         >>> 找到關鍵字 "致癌"; 文章資訊: 2020-09-28 11:42:00, 蔣萬安質疑萊劑美豬缺致癌評估陳時中重申安全202009281142, https://www.cna.com.tw/news/ahel/202009280066.aspx
         >>> 找到關鍵字 "致癌"; 文章資訊: 2020-09-28 18:36:00, 空污費率草案遭環團質疑環署盼110年1月上路202009281836, https://www.cna.com.tw/news/ahel/202009280264.aspx
         <<< 2020-09-29 沒有更多 "致癌" 相關的新聞 !!! >>>
  ------------------------------------------------------
    >> 搜尋關鍵字:"重金屬"; 網址:"https://www.cna.com.tw/search/hysearchws.aspx?q=重金屬"
         <<< 2020-09-29 沒有更多 "重金屬" 相關的新聞 !!! >>>
  ------------------------------------------------------
    >> 搜尋關鍵字:"食安"; 網址:"https://www.cna.com.tw/search/hysearchws.aspx?q=食安"
         >>> 找到關鍵字 "食安"; 文章資訊: 2020-09-28 11:42:00, 蔣萬安質疑萊劑美豬缺致癌評估陳時中重申安全202009281142, https://www.cna.com.tw/news/ahel/202009280066.aspx
         >>> 找到關鍵字 "食安"; 文章資訊: 2020-09-28 17:51:00, 台中高校住宿生吃同家餐盒疑食物中毒擴及3校130人202009281751, https://www.cna.com.tw/news/firstnews/202009280244.aspx
         >>> 找到關鍵字 "食安"; 文章資訊: 2020-09-28 17:04:00, 立委質詢問台北市長人選陳時中蔣萬安很優秀202009281704, https://www.cna.com.tw/news/aipl/202009280215.aspx
         >>> 找到關鍵字 "食安"; 文章資訊: 2020-09-28 15:50:00, 國產豬肉呷安心雲林成立零瘦肉精聯盟202009281550, https://www.cna.com.tw/news/ahel/202009280180.aspx
         <<< 2020-09-29 沒有更多 "食安" 相關的新聞 !!! >>>
  ------------------------------------------------------
    >> 搜尋關鍵字:"香料"; 網址:"https://www.cna.com.tw/search/hysearchws.aspx?q=香料"
         <<< 2020-09-29 沒有更多 "香料" 相關的新聞 !!! >>>
  ------------------------------------------------------
    >> 搜尋關鍵字:"原料"; 網址:"https://www.cna.com.tw/search/hysearchws.aspx?q=原料"
         >>> 找到關鍵字 "原料"; 文章資訊: 2020-09-28 12:17:00, 國際原料行情走跌豐興調降廢鋼鋼筋盤價202009281217, https://www.cna.com.tw/news/afe/202009280082.aspx
         <<< 2020-09-29 沒有更多 "原料" 相關的新聞 !!! >>>
  ------------------------------------------------------
    >> 搜尋關鍵字:"氣爆"; 網址:"https://www.cna.com.tw/search/hysearchws.aspx?q=氣爆"
         <<< 2020-09-29 沒有更多 "氣爆" 相關的新聞 !!! >>>
  ------------------------------------------------------
    >> 搜尋關鍵字:"添加物"; 網址:"https://www.cna.com.tw/search/hysearchws.aspx?q=添加物"
         <<< 2020-09-29 沒有更多 "添加物" 相關的新聞 !!! >>>
  ------------------------------------------------------
    >> 搜尋關鍵字:"黑心"; 網址:"https://www.cna.com.tw/search/hysearchws.aspx?q=黑心"
         <<< 2020-09-29 沒有更多 "黑心" 相關的新聞 !!! >>>
  ------------------------------------------------------
    >> 搜尋關鍵字:"漂白"; 網址:"https://www.cna.com.tw/search/hysearchws.aspx?q=漂白"
         >>> 找到關鍵字 "漂白"; 文章資訊: 2020-09-28 18:14:00, 林文淵非蔡總統人馬大同市場派也無中資問題202009281814, https://www.cna.com.tw/news/firstnews/202009280252.aspx
         >>> 找到關鍵字 "漂白"; 文章資訊: 2020-09-28 18:35:00, 一班越南救援包機直擊社會主義層層鐵腕防疫202009281835, https://www.cna.com.tw/news/firstnews/202009280263.aspx
         <<< 2020-09-29 沒有更多 "漂白" 相關的新聞 !!! >>>
  ------------------------------------------------------
    >> 搜尋關鍵字:"爆炸"; 網址:"https://www.cna.com.tw/search/hysearchws.aspx?q=爆炸"
         >>> 找到關鍵字 "爆炸"; 文章資訊: 2020-09-28 14:00:00, 黎巴嫩新政府難產馬克宏痛批集體背棄承諾202009281400, https://www.cna.com.tw/news/aopl/202009280122.aspx
         <<< 2020-09-29 沒有更多 "爆炸" 相關的新聞 !!! >>>
  ------------------------------------------------------
    >> 搜尋關鍵字:"新興"; 網址:"https://www.cna.com.tw/search/hysearchws.aspx?q=新興"
         >>> 找到關鍵字 "新興"; 文章資訊: 2020-09-28 19:16:00, 鴻海國巨強強聯手搶攻數位健康醫療與電動車市場202009281916, https://www.cna.com.tw/news/afe/202009280278.aspx
         >>> 找到關鍵字 "新興"; 文章資訊: 2020-09-28 17:13:00, 海基會台商秋節座談許勝雄續為兩岸和平努力202009281713, https://www.cna.com.tw/news/acn/202009280218.aspx
         >>> 找到關鍵字 "新興"; 文章資訊: 2020-09-28 16:03:00, 參加自強活動高市男警浴室失足摔倒不治202009281603, https://www.cna.com.tw/news/asoc/202009280184.aspx
         >>> 找到關鍵字 "新興"; 文章資訊: 2020-09-28 14:51:00, 全台掃黑高市警逮捕98人扣154萬元202009281451, https://www.cna.com.tw/news/asoc/202009280154.aspx
         >>> 找到關鍵字 "新興"; 文章資訊: 2020-09-28 12:24:00, 遠傳布局5G自駕車看旺企業專網商機202009281224, https://www.cna.com.tw/news/afe/202009280084.aspx
         <<< 2020-09-29 沒有更多 "新興" 相關的新聞 !!! >>>
  ------------------------------------------------------
    >> 搜尋關鍵字:"爆裂物"; 網址:"https://www.cna.com.tw/search/hysearchws.aspx?q=爆裂物"
         >>> 找到關鍵字 "爆裂物"; 文章資訊: 2020-09-28 13:13:00, 澎湖鋤頭嶼疑似二戰水雷軍方29日現地爆毀202009281313, https://www.cna.com.tw/news/acul/202009280103.aspx
         <<< 2020-09-29 沒有更多 "爆裂物" 相關的新聞 !!! >>>
  ------------------------------------------------------
    >> 搜尋關鍵字:"IED"; 網址:"https://www.cna.com.tw/search/hysearchws.aspx?q=IED"
         <<< 2020-09-29 沒有更多 "IED" 相關的新聞 !!! >>>
  ------------------------------------------------------
    >> 搜尋關鍵字:"排放"; 網址:"https://www.cna.com.tw/search/hysearchws.aspx?q=排放"
         >>> 找到關鍵字 "排放"; 文章資訊: 2020-09-28 18:36:00, 空污費率草案遭環團質疑環署盼110年1月上路202009281836, https://www.cna.com.tw/news/ahel/202009280264.aspx
         >>> 找到關鍵字 "排放"; 文章資訊: 2020-09-28 14:38:00, 空污PM25橘色站日數環保署擬3年減半202009281438, https://www.cna.com.tw/news/ahel/202009280147.aspx
         >>> 找到關鍵字 "排放"; 文章資訊: 2020-09-28 13:49:00, 符合標準養豬場排水農委會研議改搭排灌溉溝渠202009281349, https://www.cna.com.tw/news/ahel/202009280117.aspx
         <<< 2020-09-29 沒有更多 "排放" 相關的新聞 !!! >>>
  ------------------------------------------------------
    >> 搜尋關鍵字:"污染"; 網址:"https://www.cna.com.tw/search/hysearchws.aspx?q=污染"
         >>> 找到關鍵字 "污染"; 文章資訊: 2020-09-28 17:54:00, 空污增眼中風機率年長及三高患者更危險202009281754, https://www.cna.com.tw/news/ahel/202009280245.aspx
         >>> 找到關鍵字 "污染"; 文章資訊: 2020-09-28 18:36:00, 空污費率草案遭環團質疑環署盼110年1月上路202009281836, https://www.cna.com.tw/news/ahel/202009280264.aspx
         >>> 找到關鍵字 "污染"; 文章資訊: 2020-09-28 16:47:00, 雙北水肥爭議新北興建2投置站解決202009281647, https://www.cna.com.tw/news/aloc/202009280206.aspx
         >>> 找到關鍵字 "污染"; 文章資訊: 2020-09-28 14:49:00, 華碩雲端加入大數據分析計畫智慧應用落地台中202009281449, https://www.cna.com.tw/news/ait/202009280151.aspx
         >>> 找到關鍵字 "污染"; 文章資訊: 2020-09-28 14:38:00, 空污PM25橘色站日數環保署擬3年減半202009281438, https://www.cna.com.tw/news/ahel/202009280147.aspx
         <<< 2020-09-29 沒有更多 "污染" 相關的新聞 !!! >>>
  ------------------------------------------------------
    >> 搜尋關鍵字:"廢水"; 網址:"https://www.cna.com.tw/search/hysearchws.aspx?q=廢水"
         >>> 找到關鍵字 "廢水"; 文章資訊: 2020-09-28 13:49:00, 符合標準養豬場排水農委會研議改搭排灌溉溝渠202009281349, https://www.cna.com.tw/news/ahel/202009280117.aspx
         <<< 2020-09-29 沒有更多 "廢水" 相關的新聞 !!! >>>
  ------------------------------------------------------
    >> 搜尋關鍵字:"污水"; 網址:"https://www.cna.com.tw/search/hysearchws.aspx?q=污水"
         >>> 找到關鍵字 "污水"; 文章資訊: 2020-09-28 16:47:00, 雙北水肥爭議新北興建2投置站解決202009281647, https://www.cna.com.tw/news/aloc/202009280206.aspx
         >>> 找到關鍵字 "污水"; 文章資訊: 2020-09-28 13:49:00, 符合標準養豬場排水農委會研議改搭排灌溉溝渠202009281349, https://www.cna.com.tw/news/ahel/202009280117.aspx
         <<< 2020-09-29 沒有更多 "污水" 相關的新聞 !!! >>>
  ------------------------------------------------------
    >> 搜尋關鍵字:"洩漏"; 網址:"https://www.cna.com.tw/search/hysearchws.aspx?q=洩漏"
         <<< 2020-09-29 沒有更多 "洩漏" 相關的新聞 !!! >>>
  ------------------------------------------------------
    >> 搜尋關鍵字:"暗管"; 網址:"https://www.cna.com.tw/search/hysearchws.aspx?q=暗管"
         <<< 2020-09-29 沒有更多 "暗管" 相關的新聞 !!! >>>
  ------------------------------------------------------
    >> 搜尋關鍵字:"偷排"; 網址:"https://www.cna.com.tw/search/hysearchws.aspx?q=偷排"
         <<< 2020-09-29 沒有更多 "偷排" 相關的新聞 !!! >>>
  ------------------------------------------------------
    >> 搜尋關鍵字:"安全"; 網址:"https://www.cna.com.tw/search/hysearchws.aspx?q=安全"
         >>> 找到關鍵字 "安全"; 文章資訊: 2020-09-28 09:30:00, 市長聯盟矮化台灣更正吳釗燮不分朝野爭取成功202009280930, https://www.cna.com.tw/news/firstnews/202009285003.aspx
         >>> 找到關鍵字 "安全"; 文章資訊: 2020-09-28 11:42:00, 蔣萬安質疑萊劑美豬缺致癌評估陳時中重申安全202009281142, https://www.cna.com.tw/news/ahel/202009280066.aspx
         >>> 找到關鍵字 "安全"; 文章資訊: 2020-09-28 22:31:00, 王毅諷美自以為拳頭大破壞規則將被時代拋棄202009282231, https://www.cna.com.tw/news/acn/202009280332.aspx
         >>> 找到關鍵字 "安全"; 文章資訊: 2020-09-28 22:14:00, 香港民陣101遊行申請上訴失敗202009282214, https://www.cna.com.tw/news/acn/202009280328.aspx
         >>> 找到關鍵字 "安全"; 文章資訊: 2020-09-28 20:29:00, 金融總會今發布白皮書提四大金融建言202009282029, https://www.cna.com.tw/news/afe/202009280299.aspx
         >>> 找到關鍵字 "安全"; 文章資訊: 2020-09-28 19:39:00, 原能會年底完成核二除役審查核三最遲2021年7月交202009281939, https://www.cna.com.tw/news/afe/202009280285.aspx
         >>> 找到關鍵字 "安全"; 文章資訊: 2020-09-28 19:49:00, 德公布核廢最終處置選址標準90個地區列入考慮202009281949, https://www.cna.com.tw/news/aopl/202009280290.aspx
         >>> 找到關鍵字 "安全"; 文章資訊: 2020-09-28 18:42:00, 連假恐湧車潮花蓮嚴陣以待加設停車場202009281842, https://www.cna.com.tw/news/aloc/202009280267.aspx
         >>> 找到關鍵字 "安全"; 文章資訊: 2020-09-28 19:00:00, 秋節連假估湧入車潮台東聯外省道交管202009281900, https://www.cna.com.tw/news/ahel/202009280273.aspx
         >>> 找到關鍵字 "安全"; 文章資訊: 2020-09-28 18:57:00, 營運路段振動北捷不影響行車安全202009281857, https://www.cna.com.tw/news/aloc/202009280272.aspx
         >>> 找到關鍵字 "安全"; 文章資訊: 2020-09-28 18:21:00, 澳洲樂園泛舟4死意外業者挨罰7300萬元202009281821, https://www.cna.com.tw/news/aopl/202009280256.aspx
         >>> 找到關鍵字 "安全"; 文章資訊: 2020-09-28 18:18:00, Google打擊不實資訊聚焦3大策略202009281818, https://www.cna.com.tw/news/ait/202009280254.aspx
         >>> 找到關鍵字 "安全"; 文章資訊: 2020-09-28 18:15:00, 德國官員對中國新冷戰開打美歐須並肩合作202009281815, https://www.cna.com.tw/news/aopl/202009280253.aspx
         >>> 找到關鍵字 "安全"; 文章資訊: 2020-09-28 17:17:00, 婦人遭撞倒臥水溝不治男涉肇逃返家竟與親友烤肉202009281717, https://www.cna.com.tw/news/asoc/202009280220.aspx
         >>> 找到關鍵字 "安全"; 文章資訊: 2020-09-28 17:55:00, 中國十一長假業者對報復性旅遊審慎樂觀202009281755, https://www.cna.com.tw/news/acn/202009280246.aspx
         >>> 找到關鍵字 "安全"; 文章資訊: 2020-09-28 17:49:00, 中共國慶前夕解放軍4大海域同步軍演202009281749, https://www.cna.com.tw/news/acn/202009280243.aspx
         >>> 找到關鍵字 "安全"; 文章資訊: 2020-09-28 17:01:00, 散裝香菇產地標示不實約4主要是中國香菇202009281701, https://www.cna.com.tw/news/ahel/202009280213.aspx
         >>> 找到關鍵字 "安全"; 文章資訊: 2020-09-28 16:59:00, 台美是否可能復交吳釗燮持續深化各領域關係202009281659, https://www.cna.com.tw/news/aipl/202009280212.aspx
         >>> 找到關鍵字 "安全"; 文章資訊: 2020-09-28 16:15:00, 港區國安法生效後頭2個月21人被捕202009281615, https://www.cna.com.tw/news/firstnews/202009280189.aspx
         >>> 找到關鍵字 "安全"; 文章資訊: 2020-09-28 15:54:00, 中國擴大接種武漢肺炎試驗疫苗紐時存在未知風險202009281554, https://www.cna.com.tw/news/firstnews/202009280182.aspx
         >>> 找到關鍵字 "安全"; 文章資訊: 2020-09-28 15:50:00, 國產豬肉呷安心雲林成立零瘦肉精聯盟202009281550, https://www.cna.com.tw/news/ahel/202009280180.aspx
         >>> 找到關鍵字 "安全"; 文章資訊: 2020-09-28 15:47:00, 台鐵419處平交道10月底前裝設大型方向指示器202009281547, https://www.cna.com.tw/news/ahel/202009280179.aspx
         >>> 找到關鍵字 "安全"; 文章資訊: 2020-09-28 15:42:00, 北市推高齡失智友善賣場辦模擬訓練設樂齡專區202009281542, https://www.cna.com.tw/news/ahel/202009280176.aspx
         >>> 找到關鍵字 "安全"; 文章資訊: 2020-09-28 15:03:00, 亞美尼亞與亞塞拜然重啟戰端來龍去脈一次看202009281503, https://www.cna.com.tw/news/firstnews/202009280159.aspx
         >>> 找到關鍵字 "安全"; 文章資訊: 2020-09-28 15:24:00, 大同經營權之爭府不存在所謂總統人馬202009281524, https://www.cna.com.tw/news/aipl/202009280169.aspx
         >>> 找到關鍵字 "安全"; 文章資訊: 2020-09-28 14:48:00, 進口名車拒檢企圖衝撞警開一槍駕駛仍逃逸202009281448, https://www.cna.com.tw/news/asoc/202009280150.aspx
         >>> 找到關鍵字 "安全"; 文章資訊: 2020-09-28 14:01:00, 遠見縣市總體競爭力第一林智堅榮耀屬市民202009281401, https://www.cna.com.tw/news/aipl/202009280124.aspx
         >>> 找到關鍵字 "安全"; 文章資訊: 2020-09-28 14:32:00, 北市自駕巴士免費預約試搭信義路6處可上下車202009281432, https://www.cna.com.tw/news/aloc/202009280140.aspx
         >>> 找到關鍵字 "安全"; 文章資訊: 2020-09-28 14:34:00, 吳釗燮台海緊張起因中國外交打壓軍事威脅202009281434, https://www.cna.com.tw/news/aipl/202009280144.aspx
         >>> 找到關鍵字 "安全"; 文章資訊: 2020-09-28 12:44:00, 遠見縣市總體競爭力新竹市第一台北市首度退居第二202009281244, https://www.cna.com.tw/news/firstnews/202009280090.aspx
         >>> 找到關鍵字 "安全"; 文章資訊: 2020-09-28 13:18:00, 國道3號安坑隧道5車追撞初判未保持安全距離202009281318, https://www.cna.com.tw/news/asoc/202009280106.aspx
         >>> 找到關鍵字 "安全"; 文章資訊: 2020-09-28 13:50:00, 彰化139縣道事故多部分路段速限降為40公里202009281350, https://www.cna.com.tw/news/aloc/202009280119.aspx
         >>> 找到關鍵字 "安全"; 文章資訊: 2020-09-28 13:51:00, 陳時中若疫苗研發順利110年Q3覆蓋率達6成202009281351, https://www.cna.com.tw/news/ahel/202009280120.aspx
         >>> 找到關鍵字 "安全"; 文章資訊: 2020-09-28 13:03:00, 台藝人中國國慶唱我的祖國若確認違法最重罰50萬202009281303, https://www.cna.com.tw/news/firstnews/202009280099.aspx
         >>> 找到關鍵字 "安全"; 文章資訊: 2020-09-28 13:08:00, 蘇澳漁船遭衝撞國民黨籲日方遵守漁業協定202009281308, https://www.cna.com.tw/news/aipl/202009280102.aspx
         >>> 找到關鍵字 "安全"; 文章資訊: 2020-09-28 13:20:00, 紐澳防疫有成耶誕前可望彼此局部開放202009281320, https://www.cna.com.tw/news/aopl/202009280107.aspx
         >>> 找到關鍵字 "安全"; 文章資訊: 2020-09-28 11:51:00, 達悟少年穿族服出席金鐘遭虧蘇貞昌籲尊重202009281151, https://www.cna.com.tw/news/aipl/202009280068.aspx
         >>> 找到關鍵字 "安全"; 文章資訊: 2020-09-28 10:54:00, 撿拾漁具遭日公務船衝撞蘇澳漁民群情激憤影202009281054, https://www.cna.com.tw/news/firstnews/202009280040.aspx
         >>> 找到關鍵字 "安全"; 文章資訊: 2020-09-28 11:25:00, 延攬國外專才就業金卡破千蔡總統台灣充滿機會202009281125, https://www.cna.com.tw/news/aipl/202009280057.aspx
         >>> 找到關鍵字 "安全"; 文章資訊: 2020-09-28 12:28:00, 為愛女討公道潘曉穎母親批港府保護陳同佳202009281228, https://www.cna.com.tw/news/acn/202009280086.aspx
         >>> 找到關鍵字 "安全"; 文章資訊: 2020-09-28 11:32:00, 工研院攜廠商打團體戰組電動車產業聯盟202009281132, https://www.cna.com.tw/news/afe/202009280060.aspx
         >>> 找到關鍵字 "安全"; 文章資訊: 2020-09-28 11:23:00, 加州納帕酒鄉竄起野火社區與醫院受迫疏散202009281123, https://www.cna.com.tw/news/aopl/202009280056.aspx
         >>> 找到關鍵字 "安全"; 文章資訊: 2020-09-28 08:33:00, 台南孔廟祭孔跳六佾舞按古禮恢復拔智慧毛搶手202009280833, https://www.cna.com.tw/news/acul/202009280015.aspx
         >>> 找到關鍵字 "安全"; 文章資訊: 2020-09-28 08:10:00, 華南雲雨區影響北台濕涼颱風鯨魚對台無影響202009280810, https://www.cna.com.tw/news/ahel/202009280013.aspx
         <<< 2020-09-29 沒有更多 "安全" 相關的新聞 !!! >>>
  ------------------------------------------------------
    >> 搜尋關鍵字:"槽車"; 網址:"https://www.cna.com.tw/search/hysearchws.aspx?q=槽車"
         <<< 2020-09-29 沒有更多 "槽車" 相關的新聞 !!! >>>
       >> 檔案輸出
        ------------------------------------------------------
      >> 下載新聞內容
      >> 下載 https://www.cna.com.tw/news/ahel/202009280179.aspx, 台鐵419處平交道10月底前裝設大型方向指示器202009281547
      >> 下載 https://www.cna.com.tw/news/ahel/202009280264.aspx, 空污費率草案遭環團質疑環署盼110年1月上路202009281836
      >> 下載 https://www.cna.com.tw/news/afe/202009280145.aspx, 上緯子公司上海科創板掛牌單日漲幅逾5倍202009281435
      >> 下載 https://www.cna.com.tw/news/ahel/202009280012.aspx, 旅德奧瑞台灣學者聚柏林談研究熱情業界展望202009280801
      >> 下載 https://www.cna.com.tw/news/aipl/202009280313.aspx, 涉評議秘密司法院拒轉大法官會議資料為政治檔案202009282114
      >> 下載 https://www.cna.com.tw/news/firstnews/202009285001.aspx, 早安世界全球氣候市長聯盟矮化台灣六都合作要正名202009280713
      >> 下載 https://www.cna.com.tw/news/asoc/202009280247.aspx, 刑事局破跨境航空貨櫃運毒案市價逾6億元202009281755
      >> 下載 https://www.cna.com.tw/news/ahel/202009280066.aspx, 蔣萬安質疑萊劑美豬缺致癌評估陳時中重申安全202009281142
      >> 下載 https://www.cna.com.tw/news/firstnews/202009280182.aspx, 中國擴大接種武漢肺炎試驗疫苗紐時存在未知風險202009281554
      >> 下載 https://www.cna.com.tw/news/asoc/202009280247.aspx, 刑事局破跨境航空貨櫃運毒案市價逾6億元202009281755
      >> 下載 https://www.cna.com.tw/news/aopl/202009280167.aspx, 墨西哥酒吧發生血腥暴力7男4女喪命202009281517
      >> 下載 https://www.cna.com.tw/news/asoc/202009280114.aspx, 全台掃黑北市警強力掃蕩171處逮429嫌202009281336
      >> 下載 https://www.cna.com.tw/news/ahel/202009280066.aspx, 蔣萬安質疑萊劑美豬缺致癌評估陳時中重申安全202009281142
      >> 下載 https://www.cna.com.tw/news/ahel/202009280264.aspx, 空污費率草案遭環團質疑環署盼110年1月上路202009281836
      >> 下載 https://www.cna.com.tw/news/ahel/202009280066.aspx, 蔣萬安質疑萊劑美豬缺致癌評估陳時中重申安全202009281142
      >> 下載 https://www.cna.com.tw/news/firstnews/202009280244.aspx, 台中高校住宿生吃同家餐盒疑食物中毒擴及3校130人202009281751
      >> 下載 https://www.cna.com.tw/news/aipl/202009280215.aspx, 立委質詢問台北市長人選陳時中蔣萬安很優秀202009281704
      >> 下載 https://www.cna.com.tw/news/ahel/202009280180.aspx, 國產豬肉呷安心雲林成立零瘦肉精聯盟202009281550
      >> 下載 https://www.cna.com.tw/news/afe/202009280082.aspx, 國際原料行情走跌豐興調降廢鋼鋼筋盤價202009281217
      >> 下載 https://www.cna.com.tw/news/firstnews/202009280252.aspx, 林文淵非蔡總統人馬大同市場派也無中資問題202009281814
      >> 下載 https://www.cna.com.tw/news/firstnews/202009280263.aspx, 一班越南救援包機直擊社會主義層層鐵腕防疫202009281835
      >> 下載 https://www.cna.com.tw/news/aopl/202009280122.aspx, 黎巴嫩新政府難產馬克宏痛批集體背棄承諾202009281400
      >> 下載 https://www.cna.com.tw/news/afe/202009280278.aspx, 鴻海國巨強強聯手搶攻數位健康醫療與電動車市場202009281916
      >> 下載 https://www.cna.com.tw/news/acn/202009280218.aspx, 海基會台商秋節座談許勝雄續為兩岸和平努力202009281713
      >> 下載 https://www.cna.com.tw/news/asoc/202009280184.aspx, 參加自強活動高市男警浴室失足摔倒不治202009281603
      >> 下載 https://www.cna.com.tw/news/asoc/202009280154.aspx, 全台掃黑高市警逮捕98人扣154萬元202009281451
      >> 下載 https://www.cna.com.tw/news/afe/202009280084.aspx, 遠傳布局5G自駕車看旺企業專網商機202009281224
      >> 下載 https://www.cna.com.tw/news/acul/202009280103.aspx, 澎湖鋤頭嶼疑似二戰水雷軍方29日現地爆毀202009281313
      >> 下載 https://www.cna.com.tw/news/ahel/202009280264.aspx, 空污費率草案遭環團質疑環署盼110年1月上路202009281836
      >> 下載 https://www.cna.com.tw/news/ahel/202009280147.aspx, 空污PM25橘色站日數環保署擬3年減半202009281438
      >> 下載 https://www.cna.com.tw/news/ahel/202009280117.aspx, 符合標準養豬場排水農委會研議改搭排灌溉溝渠202009281349
      >> 下載 https://www.cna.com.tw/news/ahel/202009280245.aspx, 空污增眼中風機率年長及三高患者更危險202009281754
      >> 下載 https://www.cna.com.tw/news/ahel/202009280264.aspx, 空污費率草案遭環團質疑環署盼110年1月上路202009281836
      >> 下載 https://www.cna.com.tw/news/aloc/202009280206.aspx, 雙北水肥爭議新北興建2投置站解決202009281647
      >> 下載 https://www.cna.com.tw/news/ait/202009280151.aspx, 華碩雲端加入大數據分析計畫智慧應用落地台中202009281449
      >> 下載 https://www.cna.com.tw/news/ahel/202009280147.aspx, 空污PM25橘色站日數環保署擬3年減半202009281438
      >> 下載 https://www.cna.com.tw/news/ahel/202009280117.aspx, 符合標準養豬場排水農委會研議改搭排灌溉溝渠202009281349
      >> 下載 https://www.cna.com.tw/news/aloc/202009280206.aspx, 雙北水肥爭議新北興建2投置站解決202009281647
      >> 下載 https://www.cna.com.tw/news/ahel/202009280117.aspx, 符合標準養豬場排水農委會研議改搭排灌溉溝渠202009281349
      >> 下載 https://www.cna.com.tw/news/firstnews/202009285003.aspx, 市長聯盟矮化台灣更正吳釗燮不分朝野爭取成功202009280930
      >> 下載 https://www.cna.com.tw/news/ahel/202009280066.aspx, 蔣萬安質疑萊劑美豬缺致癌評估陳時中重申安全202009281142
      >> 下載 https://www.cna.com.tw/news/acn/202009280332.aspx, 王毅諷美自以為拳頭大破壞規則將被時代拋棄202009282231
      >> 下載 https://www.cna.com.tw/news/acn/202009280328.aspx, 香港民陣101遊行申請上訴失敗202009282214
      >> 下載 https://www.cna.com.tw/news/afe/202009280299.aspx, 金融總會今發布白皮書提四大金融建言202009282029
      >> 下載 https://www.cna.com.tw/news/afe/202009280285.aspx, 原能會年底完成核二除役審查核三最遲2021年7月交202009281939
      >> 下載 https://www.cna.com.tw/news/aopl/202009280290.aspx, 德公布核廢最終處置選址標準90個地區列入考慮202009281949
      >> 下載 https://www.cna.com.tw/news/aloc/202009280267.aspx, 連假恐湧車潮花蓮嚴陣以待加設停車場202009281842
      >> 下載 https://www.cna.com.tw/news/ahel/202009280273.aspx, 秋節連假估湧入車潮台東聯外省道交管202009281900
      >> 下載 https://www.cna.com.tw/news/aloc/202009280272.aspx, 營運路段振動北捷不影響行車安全202009281857
      >> 下載 https://www.cna.com.tw/news/aopl/202009280256.aspx, 澳洲樂園泛舟4死意外業者挨罰7300萬元202009281821
      >> 下載 https://www.cna.com.tw/news/ait/202009280254.aspx, Google打擊不實資訊聚焦3大策略202009281818
      >> 下載 https://www.cna.com.tw/news/aopl/202009280253.aspx, 德國官員對中國新冷戰開打美歐須並肩合作202009281815
      >> 下載 https://www.cna.com.tw/news/asoc/202009280220.aspx, 婦人遭撞倒臥水溝不治男涉肇逃返家竟與親友烤肉202009281717
      >> 下載 https://www.cna.com.tw/news/acn/202009280246.aspx, 中國十一長假業者對報復性旅遊審慎樂觀202009281755
      >> 下載 https://www.cna.com.tw/news/acn/202009280243.aspx, 中共國慶前夕解放軍4大海域同步軍演202009281749
      >> 下載 https://www.cna.com.tw/news/ahel/202009280213.aspx, 散裝香菇產地標示不實約4主要是中國香菇202009281701
      >> 下載 https://www.cna.com.tw/news/aipl/202009280212.aspx, 台美是否可能復交吳釗燮持續深化各領域關係202009281659
      >> 下載 https://www.cna.com.tw/news/firstnews/202009280189.aspx, 港區國安法生效後頭2個月21人被捕202009281615
      >> 下載 https://www.cna.com.tw/news/firstnews/202009280182.aspx, 中國擴大接種武漢肺炎試驗疫苗紐時存在未知風險202009281554
      >> 下載 https://www.cna.com.tw/news/ahel/202009280180.aspx, 國產豬肉呷安心雲林成立零瘦肉精聯盟202009281550
      >> 下載 https://www.cna.com.tw/news/ahel/202009280179.aspx, 台鐵419處平交道10月底前裝設大型方向指示器202009281547
      >> 下載 https://www.cna.com.tw/news/ahel/202009280176.aspx, 北市推高齡失智友善賣場辦模擬訓練設樂齡專區202009281542
      >> 下載 https://www.cna.com.tw/news/firstnews/202009280159.aspx, 亞美尼亞與亞塞拜然重啟戰端來龍去脈一次看202009281503
      >> 下載 https://www.cna.com.tw/news/aipl/202009280169.aspx, 大同經營權之爭府不存在所謂總統人馬202009281524
      >> 下載 https://www.cna.com.tw/news/asoc/202009280150.aspx, 進口名車拒檢企圖衝撞警開一槍駕駛仍逃逸202009281448
      >> 下載 https://www.cna.com.tw/news/aipl/202009280124.aspx, 遠見縣市總體競爭力第一林智堅榮耀屬市民202009281401
      >> 下載 https://www.cna.com.tw/news/aloc/202009280140.aspx, 北市自駕巴士免費預約試搭信義路6處可上下車202009281432
      >> 下載 https://www.cna.com.tw/news/aipl/202009280144.aspx, 吳釗燮台海緊張起因中國外交打壓軍事威脅202009281434
      >> 下載 https://www.cna.com.tw/news/firstnews/202009280090.aspx, 遠見縣市總體競爭力新竹市第一台北市首度退居第二202009281244
      >> 下載 https://www.cna.com.tw/news/asoc/202009280106.aspx, 國道3號安坑隧道5車追撞初判未保持安全距離202009281318
      >> 下載 https://www.cna.com.tw/news/aloc/202009280119.aspx, 彰化139縣道事故多部分路段速限降為40公里202009281350
      >> 下載 https://www.cna.com.tw/news/ahel/202009280120.aspx, 陳時中若疫苗研發順利110年Q3覆蓋率達6成202009281351
      >> 下載 https://www.cna.com.tw/news/firstnews/202009280099.aspx, 台藝人中國國慶唱我的祖國若確認違法最重罰50萬202009281303
      >> 下載 https://www.cna.com.tw/news/aipl/202009280102.aspx, 蘇澳漁船遭衝撞國民黨籲日方遵守漁業協定202009281308
      >> 下載 https://www.cna.com.tw/news/aopl/202009280107.aspx, 紐澳防疫有成耶誕前可望彼此局部開放202009281320
      >> 下載 https://www.cna.com.tw/news/aipl/202009280068.aspx, 達悟少年穿族服出席金鐘遭虧蘇貞昌籲尊重202009281151
      >> 下載 https://www.cna.com.tw/news/firstnews/202009280040.aspx, 撿拾漁具遭日公務船衝撞蘇澳漁民群情激憤影202009281054
      >> 下載 https://www.cna.com.tw/news/aipl/202009280057.aspx, 延攬國外專才就業金卡破千蔡總統台灣充滿機會202009281125
      >> 下載 https://www.cna.com.tw/news/acn/202009280086.aspx, 為愛女討公道潘曉穎母親批港府保護陳同佳202009281228
      >> 下載 https://www.cna.com.tw/news/afe/202009280060.aspx, 工研院攜廠商打團體戰組電動車產業聯盟202009281132
      >> 下載 https://www.cna.com.tw/news/aopl/202009280056.aspx, 加州納帕酒鄉竄起野火社區與醫院受迫疏散202009281123
      >> 下載 https://www.cna.com.tw/news/acul/202009280015.aspx, 台南孔廟祭孔跳六佾舞按古禮恢復拔智慧毛搶手202009280833
      >> 下載 https://www.cna.com.tw/news/ahel/202009280013.aspx, 華南雲雨區影響北台濕涼颱風鯨魚對台無影響202009280810
