     -----> 新聞爬蟲：蘋果日報

           <<< 蘋果日報新聞搜尋 >>>
  ------------------------------------------------------
  ------------------------------------------------------
    >> 搜尋關鍵字:"工業用"; 網址:"https://tw.appledaily.com/search/工業用/"
         <<< 2020-10-02 沒有更多 "工業用" 相關的新聞 !!! >>>
  ------------------------------------------------------
    >> 搜尋關鍵字:"化工"; 網址:"https://tw.appledaily.com/search/化工/"
         <<< 2020-10-02 沒有更多 "化工" 相關的新聞 !!! >>>
  ------------------------------------------------------
    >> 搜尋關鍵字:"化災"; 網址:"https://tw.appledaily.com/search/化災/"
         <<< 2020-10-02 沒有更多 "化災" 相關的新聞 !!! >>>
  ------------------------------------------------------
    >> 搜尋關鍵字:"化學"; 網址:"https://tw.appledaily.com/search/化學/"
         >>> 找到關鍵字 "化學"; 文章資訊: 2020-10-02 00:00:00, 低成就是罪過嗎孩子的求救信李棟旭, https://tw.appledaily.com/forum/20201002/4KHH7DMFKNCNPNP4FP6ZEDUJ2I/
         <<< 2020-10-02 沒有更多 "化學" 相關的新聞 !!! >>>
  ------------------------------------------------------
    >> 搜尋關鍵字:"外洩"; 網址:"https://tw.appledaily.com/search/外洩/"
         <<< 2020-10-02 沒有更多 "外洩" 相關的新聞 !!! >>>
  ------------------------------------------------------
    >> 搜尋關鍵字:"危害"; 網址:"https://tw.appledaily.com/search/危害/"
         >>> 找到關鍵字 "危害"; 文章資訊: 2020-10-02 00:00:00, 遭大陸不肖業者盜用賣假貨江宏恩喊告, https://tw.appledaily.com/headline/20201002/X34CGMKOVNE5NCQMTJWNQ56NW4/
         <<< 2020-10-02 沒有更多 "危害" 相關的新聞 !!! >>>
  ------------------------------------------------------
    >> 搜尋關鍵字:"有毒"; 網址:"https://tw.appledaily.com/search/有毒/"
         <<< 2020-10-02 沒有更多 "有毒" 相關的新聞 !!! >>>
  ------------------------------------------------------
    >> 搜尋關鍵字:"有害"; 網址:"https://tw.appledaily.com/search/有害/"
         >>> 找到關鍵字 "有害"; 文章資訊: 2020-10-01 09:56:00, 女住院昏迷78天醒來後發現老公高調睡了她的媽, https://tw.appledaily.com/international/20201001/SMD2D2ISVNHKFOEOVXR3IEVMWU/
         <<< 2020-10-02 沒有更多 "有害" 相關的新聞 !!! >>>
  ------------------------------------------------------
    >> 搜尋關鍵字:"色料"; 網址:"https://tw.appledaily.com/search/色料/"
      **** something wrong!! Restart it!! ****
  ------------------------------------------------------
    >> 搜尋關鍵字:"色素"; 網址:"https://tw.appledaily.com/search/色素/"
         <<< 2020-10-02 沒有更多 "色素" 相關的新聞 !!! >>>
  ------------------------------------------------------
    >> 搜尋關鍵字:"毒性"; 網址:"https://tw.appledaily.com/search/毒性/"
         <<< 2020-10-02 沒有更多 "毒性" 相關的新聞 !!! >>>
  ------------------------------------------------------
    >> 搜尋關鍵字:"毒品"; 網址:"https://tw.appledaily.com/search/毒品/"
         >>> 找到關鍵字 "毒品"; 文章資訊: 2020-10-02 00:01:00, 獨家踢爆2雜交趴老司機曝3小時肉搏規則女孩OB觀戰免費, https://tw.appledaily.com/local/20201002/JDESMGQ7FBCBTKD4B3TYXFR2I4/
         >>> 找到關鍵字 "毒品"; 文章資訊: 2020-10-02 00:01:00, 獨家踢爆1雜交趴11男戰4女民宿淪淫窟主辦人月撈30萬, https://tw.appledaily.com/local/20201002/3ZBM76P6EJAP5CGLUCHZ75Q2YY/
         <<< 2020-10-02 沒有更多 "毒品" 相關的新聞 !!! >>>
  ------------------------------------------------------
    >> 搜尋關鍵字:"致癌"; 網址:"https://tw.appledaily.com/search/致癌/"
         >>> 找到關鍵字 "致癌"; 文章資訊: 2020-10-02 00:00:00, 植物肉掀風潮銷量飆7倍, https://tw.appledaily.com/headline/20201002/7AZT4MPIKRB67H2VCFYVIMG7IA/
         <<< 2020-10-02 沒有更多 "致癌" 相關的新聞 !!! >>>
  ------------------------------------------------------
    >> 搜尋關鍵字:"重金屬"; 網址:"https://tw.appledaily.com/search/重金屬/"
         <<< 2020-10-02 沒有更多 "重金屬" 相關的新聞 !!! >>>
  ------------------------------------------------------
    >> 搜尋關鍵字:"食安"; 網址:"https://tw.appledaily.com/search/食安/"
         >>> 找到關鍵字 "食安"; 文章資訊: 2020-10-02 00:00:00, 植物肉掀風潮銷量飆7倍, https://tw.appledaily.com/headline/20201002/7AZT4MPIKRB67H2VCFYVIMG7IA/
         <<< 2020-10-02 沒有更多 "食安" 相關的新聞 !!! >>>
  ------------------------------------------------------
    >> 搜尋關鍵字:"香料"; 網址:"https://tw.appledaily.com/search/香料/"
      **** something wrong!! Restart it!! ****
  ------------------------------------------------------
    >> 搜尋關鍵字:"原料"; 網址:"https://tw.appledaily.com/search/原料/"
         <<< 2020-10-02 沒有更多 "原料" 相關的新聞 !!! >>>
  ------------------------------------------------------
    >> 搜尋關鍵字:"氣爆"; 網址:"https://tw.appledaily.com/search/氣爆/"
         <<< 2020-10-02 沒有更多 "氣爆" 相關的新聞 !!! >>>
  ------------------------------------------------------
    >> 搜尋關鍵字:"添加物"; 網址:"https://tw.appledaily.com/search/添加物/"
      **** something wrong!! Restart it!! ****
  ------------------------------------------------------
    >> 搜尋關鍵字:"黑心"; 網址:"https://tw.appledaily.com/search/黑心/"
         >>> 找到關鍵字 "黑心"; 文章資訊: 2020-10-02 00:00:00, 遭大陸不肖業者盜用賣假貨江宏恩喊告, https://tw.appledaily.com/headline/20201002/X34CGMKOVNE5NCQMTJWNQ56NW4/
         <<< 2020-10-02 沒有更多 "黑心" 相關的新聞 !!! >>>
  ------------------------------------------------------
    >> 搜尋關鍵字:"漂白"; 網址:"https://tw.appledaily.com/search/漂白/"
         <<< 2020-10-02 沒有更多 "漂白" 相關的新聞 !!! >>>
  ------------------------------------------------------
    >> 搜尋關鍵字:"爆炸"; 網址:"https://tw.appledaily.com/search/爆炸/"
      **** something wrong!! Restart it!! ****
  ------------------------------------------------------
    >> 搜尋關鍵字:"新興"; 網址:"https://tw.appledaily.com/search/新興/"
         >>> 找到關鍵字 "新興"; 文章資訊: 2020-10-02 00:00:00, 蘋論美國的選舉台灣的民主, https://tw.appledaily.com/headline/20201002/N4ZYJI4A55A2DPALYMYMWNS6SY/
         <<< 2020-10-02 沒有更多 "新興" 相關的新聞 !!! >>>
  ------------------------------------------------------
    >> 搜尋關鍵字:"爆裂物"; 網址:"https://tw.appledaily.com/search/爆裂物/"
         <<< 2020-10-02 沒有更多 "爆裂物" 相關的新聞 !!! >>>
  ------------------------------------------------------
    >> 搜尋關鍵字:"IED"; 網址:"https://tw.appledaily.com/search/IED/"
         >>> 找到關鍵字 "IED"; 文章資訊: 2020-10-01 07:20:00, 獨家參賽世界盃搶365兆醫療口罩大餅台灣印刷雙龍頭撩落去, https://tw.appledaily.com/life/20201001/NQPR5MRCNJDU7DRBAO5J5WUFHQ/
         <<< 2020-10-02 沒有更多 "IED" 相關的新聞 !!! >>>
  ------------------------------------------------------
    >> 搜尋關鍵字:"排放"; 網址:"https://tw.appledaily.com/search/排放/"
         >>> 找到關鍵字 "排放"; 文章資訊: 2020-10-01 17:03:00, 疫情年大調查施羅德宜布局永續市場, https://tw.appledaily.com/property/20201001/D7R5YAFS4ZDHDJOPLLSQCZRAS4/
         <<< 2020-10-02 沒有更多 "排放" 相關的新聞 !!! >>>
  ------------------------------------------------------
    >> 搜尋關鍵字:"污染"; 網址:"https://tw.appledaily.com/search/污染/"
         >>> 找到關鍵字 "污染"; 文章資訊: 2020-10-02 00:00:00, 中壢萬人封街烤肉飄香十里, https://tw.appledaily.com/headline/20201002/UABPCR5AX5EONIZYOBVMBDA3LI/
         >>> 找到關鍵字 "污染"; 文章資訊: 2020-10-01 22:40:00, 獨家直擊台灣黑熊中陷阱咬左掌濺血掙扎185小時獲救截不截肢獸醫說話了, https://tw.appledaily.com/life/20201001/6YU67UZP6FC2NGZNOIJHZ7G5NM/
         >>> 找到關鍵字 "污染"; 文章資訊: 2020-10-01 13:58:00, 水利會千億資產轉移農水署署長蔡昇甫專款專用於農民身上, https://tw.appledaily.com/life/20201001/3CUL5KNJINHGVNJRWIIY3L6TYA/
         <<< 2020-10-02 沒有更多 "污染" 相關的新聞 !!! >>>
  ------------------------------------------------------
    >> 搜尋關鍵字:"廢水"; 網址:"https://tw.appledaily.com/search/廢水/"
      **** something wrong!! Restart it!! ****
  ------------------------------------------------------
    >> 搜尋關鍵字:"污水"; 網址:"https://tw.appledaily.com/search/污水/"
         <<< 2020-10-02 沒有更多 "污水" 相關的新聞 !!! >>>
  ------------------------------------------------------
    >> 搜尋關鍵字:"洩漏"; 網址:"https://tw.appledaily.com/search/洩漏/"
         <<< 2020-10-02 沒有更多 "洩漏" 相關的新聞 !!! >>>
  ------------------------------------------------------
    >> 搜尋關鍵字:"暗管"; 網址:"https://tw.appledaily.com/search/暗管/"
         <<< 2020-10-02 沒有更多 "暗管" 相關的新聞 !!! >>>
  ------------------------------------------------------
    >> 搜尋關鍵字:"偷排"; 網址:"https://tw.appledaily.com/search/偷排/"
         <<< 2020-10-02 沒有更多 "偷排" 相關的新聞 !!! >>>
  ------------------------------------------------------
    >> 搜尋關鍵字:"安全"; 網址:"https://tw.appledaily.com/search/安全/"
         >>> 找到關鍵字 "安全"; 文章資訊: 2020-10-02 07:49:00, 中秋夜入籠台灣黑熊三度中陷阱斷2掌6趾獲救首夜這樣過, https://tw.appledaily.com/life/20201002/U56IUQNNDVG2BLHHE5ZH7NPPJA/
         >>> 找到關鍵字 "安全"; 文章資訊: 2020-10-02 07:11:00, 英國政府報告華為產品有嚴重安全缺陷, https://tw.appledaily.com/international/20201002/K26BNDCJNJGW3ODFKNTMD6STF4/
         >>> 找到關鍵字 "安全"; 文章資訊: 2020-10-02 07:31:00, 秋節連假第2天旅遊車潮湧現嚴防7大地雷路段, https://tw.appledaily.com/life/20201002/E4VZRXI4TNG75IWLVZONWFENV4/
         >>> 找到關鍵字 "安全"; 文章資訊: 2020-10-02 07:04:00, 歐盟峰會草擬聲明據報關切港人權及中國少數民族議題, https://tw.appledaily.com/international/20201002/XDQRV34CKBHLXDZDTLYLXJATEU/
         >>> 找到關鍵字 "安全"; 文章資訊: 2020-10-01 18:11:00, 國民黨可能是最後一個安全的中秋節發文挨轟唱衰台灣, https://tw.appledaily.com/politics/20201001/T34D7PYIMNELRBO5WDCRVCMTLA/
         >>> 找到關鍵字 "安全"; 文章資訊: 2020-10-02 03:33:00, 美公布明年度計劃接收15萬難民香港首度被納入, https://tw.appledaily.com/international/20201002/JS7EW3VANFHHNH2J2WMIR3GCOM/
         >>> 找到關鍵字 "安全"; 文章資訊: 2020-10-02 03:35:00, 美眾院通過香港人民自由和選擇法案加速在美港人難民申請, https://tw.appledaily.com/international/20201002/SCMLRUER5BAM5EZKDTRKAXBHNU/
         >>> 找到關鍵字 "安全"; 文章資訊: 2020-10-02 00:00:00, 警犬桃園地景節賣萌宣導防竊, https://tw.appledaily.com/headline/20201002/WBKIIRBFQJHL5DLUHLVKE7YSWI/
         >>> 找到關鍵字 "安全"; 文章資訊: 2020-10-02 00:00:00, 林鄭罔顧民意讚中共嗆外國制裁粗暴, https://tw.appledaily.com/headline/20201002/5EMML3JCSFEIDM726IVD63YIUI/
         >>> 找到關鍵字 "安全"; 文章資訊: 2020-10-02 00:00:00, 衛報科技公司疑洩密港用戶個資恐送中, https://tw.appledaily.com/headline/20201002/BE4MNAF2NBAX3P6ASN2GZRRFQM/
         <<< 2020-10-02 沒有更多 "安全" 相關的新聞 !!! >>>
  ------------------------------------------------------
    >> 搜尋關鍵字:"槽車"; 網址:"https://tw.appledaily.com/search/槽車/"
      **** something wrong!! Restart it!! ****
       >> 檔案輸出
        ------------------------------------------------------
      >> 下載新聞內容
      >> 下載 https://tw.appledaily.com/forum/20201002/4KHH7DMFKNCNPNP4FP6ZEDUJ2I/, 低成就是罪過嗎孩子的求救信李棟旭
      >> 下載 https://tw.appledaily.com/headline/20201002/X34CGMKOVNE5NCQMTJWNQ56NW4/, 遭大陸不肖業者盜用賣假貨江宏恩喊告
      >> 下載 https://tw.appledaily.com/international/20201001/SMD2D2ISVNHKFOEOVXR3IEVMWU/, 女住院昏迷78天醒來後發現老公高調睡了她的媽
      >> 下載 https://tw.appledaily.com/local/20201002/JDESMGQ7FBCBTKD4B3TYXFR2I4/, 獨家踢爆2雜交趴老司機曝3小時肉搏規則女孩OB觀戰免費
      >> 下載 https://tw.appledaily.com/local/20201002/3ZBM76P6EJAP5CGLUCHZ75Q2YY/, 獨家踢爆1雜交趴11男戰4女民宿淪淫窟主辦人月撈30萬
      >> 下載 https://tw.appledaily.com/headline/20201002/7AZT4MPIKRB67H2VCFYVIMG7IA/, 植物肉掀風潮銷量飆7倍
      >> 下載 https://tw.appledaily.com/headline/20201002/7AZT4MPIKRB67H2VCFYVIMG7IA/, 植物肉掀風潮銷量飆7倍
      >> 下載 https://tw.appledaily.com/headline/20201002/X34CGMKOVNE5NCQMTJWNQ56NW4/, 遭大陸不肖業者盜用賣假貨江宏恩喊告
      >> 下載 https://tw.appledaily.com/headline/20201002/N4ZYJI4A55A2DPALYMYMWNS6SY/, 蘋論美國的選舉台灣的民主
      >> 下載 https://tw.appledaily.com/life/20201001/NQPR5MRCNJDU7DRBAO5J5WUFHQ/, 獨家參賽世界盃搶365兆醫療口罩大餅台灣印刷雙龍頭撩落去
      >> 下載 https://tw.appledaily.com/property/20201001/D7R5YAFS4ZDHDJOPLLSQCZRAS4/, 疫情年大調查施羅德宜布局永續市場
      >> 下載 https://tw.appledaily.com/headline/20201002/UABPCR5AX5EONIZYOBVMBDA3LI/, 中壢萬人封街烤肉飄香十里
      >> 下載 https://tw.appledaily.com/life/20201001/6YU67UZP6FC2NGZNOIJHZ7G5NM/, 獨家直擊台灣黑熊中陷阱咬左掌濺血掙扎185小時獲救截不截肢獸醫說話了
      >> 下載 https://tw.appledaily.com/life/20201001/3CUL5KNJINHGVNJRWIIY3L6TYA/, 水利會千億資產轉移農水署署長蔡昇甫專款專用於農民身上
      >> 下載 https://tw.appledaily.com/life/20201002/U56IUQNNDVG2BLHHE5ZH7NPPJA/, 中秋夜入籠台灣黑熊三度中陷阱斷2掌6趾獲救首夜這樣過
      >> 下載 https://tw.appledaily.com/international/20201002/K26BNDCJNJGW3ODFKNTMD6STF4/, 英國政府報告華為產品有嚴重安全缺陷
      >> 下載 https://tw.appledaily.com/life/20201002/E4VZRXI4TNG75IWLVZONWFENV4/, 秋節連假第2天旅遊車潮湧現嚴防7大地雷路段
      >> 下載 https://tw.appledaily.com/international/20201002/XDQRV34CKBHLXDZDTLYLXJATEU/, 歐盟峰會草擬聲明據報關切港人權及中國少數民族議題
      >> 下載 https://tw.appledaily.com/politics/20201001/T34D7PYIMNELRBO5WDCRVCMTLA/, 國民黨可能是最後一個安全的中秋節發文挨轟唱衰台灣
      >> 下載 https://tw.appledaily.com/international/20201002/JS7EW3VANFHHNH2J2WMIR3GCOM/, 美公布明年度計劃接收15萬難民香港首度被納入
      >> 下載 https://tw.appledaily.com/international/20201002/SCMLRUER5BAM5EZKDTRKAXBHNU/, 美眾院通過香港人民自由和選擇法案加速在美港人難民申請
      >> 下載 https://tw.appledaily.com/headline/20201002/WBKIIRBFQJHL5DLUHLVKE7YSWI/, 警犬桃園地景節賣萌宣導防竊
      >> 下載 https://tw.appledaily.com/headline/20201002/5EMML3JCSFEIDM726IVD63YIUI/, 林鄭罔顧民意讚中共嗆外國制裁粗暴
      >> 下載 https://tw.appledaily.com/headline/20201002/BE4MNAF2NBAX3P6ASN2GZRRFQM/, 衛報科技公司疑洩密港用戶個資恐送中
