     -----> 新聞爬蟲：中央通訊社

           <<< 中央通訊社新聞搜尋 >>>
  ------------------------------------------------------
  ------------------------------------------------------
    >> 搜尋關鍵字:"工業用"; 網址:"https://www.cna.com.tw/search/hysearchws.aspx?q=工業用"
         <<< 2020-09-30 沒有更多 "工業用" 相關的新聞 !!! >>>
  ------------------------------------------------------
    >> 搜尋關鍵字:"化工"; 網址:"https://www.cna.com.tw/search/hysearchws.aspx?q=化工"
         >>> 找到關鍵字 "化工"; 文章資訊: 2020-09-29 17:50:00, 維特齊訪台成果50名華語獎學金供捷克學生申請202009291750, https://www.cna.com.tw/news/aipl/202009290265.aspx
         >>> 找到關鍵字 "化工"; 文章資訊: 2020-09-29 12:20:00, 南鐵剩2戶拒遷盼設定地上權交部會影響鐵道安全202009291220, https://www.cna.com.tw/news/ahel/202009290100.aspx
         >>> 找到關鍵字 "化工"; 文章資訊: 2020-09-29 14:51:00, 南鐵地下化清領日治遺跡局部異地保存視情況復原202009291451, https://www.cna.com.tw/news/acul/202009290173.aspx
         <<< 2020-09-30 沒有更多 "化工" 相關的新聞 !!! >>>
  ------------------------------------------------------
    >> 搜尋關鍵字:"化災"; 網址:"https://www.cna.com.tw/search/hysearchws.aspx?q=化災"
         <<< 2020-09-30 沒有更多 "化災" 相關的新聞 !!! >>>
  ------------------------------------------------------
    >> 搜尋關鍵字:"化學"; 網址:"https://www.cna.com.tw/search/hysearchws.aspx?q=化學"
         >>> 找到關鍵字 "化學"; 文章資訊: 2020-09-29 19:40:00, 人工繁殖抗癌藥源珊瑚海生館團隊獲未來科技獎202009291940, https://www.cna.com.tw/news/ait/202009290310.aspx
         >>> 找到關鍵字 "化學"; 文章資訊: 2020-09-29 19:40:00, 科學園區10件投資案獲准總額逾23億元202009291940, https://www.cna.com.tw/news/afe/202009290311.aspx
         >>> 找到關鍵字 "化學"; 文章資訊: 2020-09-29 11:50:00, 教部續盤點各地需求增設社區部落互助教保中心202009291150, https://www.cna.com.tw/news/ahel/202009290090.aspx
         >>> 找到關鍵字 "化學"; 文章資訊: 2020-09-29 09:18:00, 浩鼎併購授權齊發擬入股代工廠拿下潤雅67股權202009290918, https://www.cna.com.tw/news/afe/202009290026.aspx
         <<< 2020-09-30 沒有更多 "化學" 相關的新聞 !!! >>>
  ------------------------------------------------------
    >> 搜尋關鍵字:"外洩"; 網址:"https://www.cna.com.tw/search/hysearchws.aspx?q=外洩"
         >>> 找到關鍵字 "外洩"; 文章資訊: 2020-09-29 11:23:00, 川普被爆10年沒繳稅引眾怒鐵粉出征護航202009291123, https://www.cna.com.tw/news/aopl/202009290074.aspx
         <<< 2020-09-30 沒有更多 "外洩" 相關的新聞 !!! >>>
  ------------------------------------------------------
    >> 搜尋關鍵字:"危害"; 網址:"https://www.cna.com.tw/search/hysearchws.aspx?q=危害"
         >>> 找到關鍵字 "危害"; 文章資訊: 2020-09-29 16:52:00, 北市抽查中秋相關商品露營帳篷不合格率高202009291652, https://www.cna.com.tw/news/aloc/202009290230.aspx
         >>> 找到關鍵字 "危害"; 文章資訊: 2020-09-29 15:38:00, 男倉儲員網路自學種大麻刑事局逮捕送辦202009291538, https://www.cna.com.tw/news/asoc/202009290192.aspx
         >>> 找到關鍵字 "危害"; 文章資訊: 2020-09-29 15:47:00, 三圓董事長驚收2顆子彈男女嫌犯各判8月和6月202009291547, https://www.cna.com.tw/news/asoc/202009290195.aspx
         >>> 找到關鍵字 "危害"; 文章資訊: 2020-09-29 10:54:00, 唐姓男子被控猥褻女童二審改判10月可上訴202009291054, https://www.cna.com.tw/news/asoc/202009290054.aspx
         <<< 2020-09-30 沒有更多 "危害" 相關的新聞 !!! >>>
  ------------------------------------------------------
    >> 搜尋關鍵字:"有毒"; 網址:"https://www.cna.com.tw/search/hysearchws.aspx?q=有毒"
         <<< 2020-09-30 沒有更多 "有毒" 相關的新聞 !!! >>>
  ------------------------------------------------------
    >> 搜尋關鍵字:"有害"; 網址:"https://www.cna.com.tw/search/hysearchws.aspx?q=有害"
         >>> 找到關鍵字 "有害"; 文章資訊: 2020-09-29 21:59:00, 總統大選網路聲量第3朱立倫好遙遠的事202009292159, https://www.cna.com.tw/news/aipl/202009290359.aspx
         >>> 找到關鍵字 "有害"; 文章資訊: 2020-09-29 16:12:00, 強硬但有別於川普拜登中國政策須打造特色202009291612, https://www.cna.com.tw/news/aopl/202009290203.aspx
         >>> 找到關鍵字 "有害"; 文章資訊: 2020-09-29 13:52:00, 2020世界啤酒大賽柏克金奪2獎202009291352, https://www.cna.com.tw/news/firstnews/202009290147.aspx
         <<< 2020-09-30 沒有更多 "有害" 相關的新聞 !!! >>>
  ------------------------------------------------------
    >> 搜尋關鍵字:"色料"; 網址:"https://www.cna.com.tw/search/hysearchws.aspx?q=色料"
         <<< 2020-09-30 沒有更多 "色料" 相關的新聞 !!! >>>
  ------------------------------------------------------
    >> 搜尋關鍵字:"色素"; 網址:"https://www.cna.com.tw/search/hysearchws.aspx?q=色素"
         <<< 2020-09-30 沒有更多 "色素" 相關的新聞 !!! >>>
  ------------------------------------------------------
    >> 搜尋關鍵字:"毒性"; 網址:"https://www.cna.com.tw/search/hysearchws.aspx?q=毒性"
         >>> 找到關鍵字 "毒性"; 文章資訊: 2020-09-29 14:55:00, 中秋節到腹瀉疫情升一週逾11萬人次就醫202009291455, https://www.cna.com.tw/news/ahel/202009290176.aspx
         <<< 2020-09-30 沒有更多 "毒性" 相關的新聞 !!! >>>
  ------------------------------------------------------
    >> 搜尋關鍵字:"毒品"; 網址:"https://www.cna.com.tw/search/hysearchws.aspx?q=毒品"
         >>> 找到關鍵字 "毒品"; 文章資訊: 2020-09-29 17:38:00, 男弒母斷頭二審逆轉無罪最高法院發回更審202009291738, https://www.cna.com.tw/news/firstnews/202009295003.aspx
         >>> 找到關鍵字 "毒品"; 文章資訊: 2020-09-29 15:38:00, 男倉儲員網路自學種大麻刑事局逮捕送辦202009291538, https://www.cna.com.tw/news/asoc/202009290192.aspx
         >>> 找到關鍵字 "毒品"; 文章資訊: 2020-09-29 12:28:00, 中秋節前加強反毒防詐檢警攜手治安宣導202009291228, https://www.cna.com.tw/news/asoc/202009290105.aspx
         <<< 2020-09-30 沒有更多 "毒品" 相關的新聞 !!! >>>
  ------------------------------------------------------
    >> 搜尋關鍵字:"致癌"; 網址:"https://www.cna.com.tw/search/hysearchws.aspx?q=致癌"
         <<< 2020-09-30 沒有更多 "致癌" 相關的新聞 !!! >>>
  ------------------------------------------------------
    >> 搜尋關鍵字:"重金屬"; 網址:"https://www.cna.com.tw/search/hysearchws.aspx?q=重金屬"
         >>> 找到關鍵字 "重金屬"; 文章資訊: 2020-09-29 14:20:00, 馬祖淡菜堆滿航廈產值可望再創新高6000萬202009291420, https://www.cna.com.tw/news/aloc/202009290158.aspx
         <<< 2020-09-30 沒有更多 "重金屬" 相關的新聞 !!! >>>
  ------------------------------------------------------
    >> 搜尋關鍵字:"食安"; 網址:"https://www.cna.com.tw/search/hysearchws.aspx?q=食安"
         >>> 找到關鍵字 "食安"; 文章資訊: 2020-09-29 18:35:00, 食安稽查人氣餐廳9家業者出包202009291835, https://www.cna.com.tw/news/ahel/202009290286.aspx
         >>> 找到關鍵字 "食安"; 文章資訊: 2020-09-29 21:41:00, 農田水利署10月1日揭牌17名管理處長同時布達202009292141, https://www.cna.com.tw/news/ahel/202009290352.aspx
         >>> 找到關鍵字 "食安"; 文章資訊: 2020-09-29 10:52:00, 北市長兩大熱門人選蔣萬安讚陳時中非常能溝通影202009291052, https://www.cna.com.tw/news/aipl/202009290052.aspx
         >>> 找到關鍵字 "食安"; 文章資訊: 2020-09-29 16:48:00, 藍促開食安會報行政院即時督導會議更有效率202009291648, https://www.cna.com.tw/news/aipl/202009290227.aspx
         >>> 找到關鍵字 "食安"; 文章資訊: 2020-09-29 12:40:00, 台南中秋食品聯合稽查初查不合格率近9成已改善202009291240, https://www.cna.com.tw/news/ahel/202009290112.aspx
         >>> 找到關鍵字 "食安"; 文章資訊: 2020-09-29 13:16:00, 食安會報停擺逾一年國民黨籲行政院速召開202009291316, https://www.cna.com.tw/news/aipl/202009290127.aspx
         >>> 找到關鍵字 "食安"; 文章資訊: 2020-09-29 11:41:00, 台中市3校學生疑食物中毒5人仍住院觀察202009291141, https://www.cna.com.tw/news/ahel/202009290086.aspx
         <<< 2020-09-30 沒有更多 "食安" 相關的新聞 !!! >>>
  ------------------------------------------------------
    >> 搜尋關鍵字:"香料"; 網址:"https://www.cna.com.tw/search/hysearchws.aspx?q=香料"
         <<< 2020-09-30 沒有更多 "香料" 相關的新聞 !!! >>>
  ------------------------------------------------------
    >> 搜尋關鍵字:"原料"; 網址:"https://www.cna.com.tw/search/hysearchws.aspx?q=原料"
         >>> 找到關鍵字 "原料"; 文章資訊: 2020-09-29 19:04:00, 筆芯微雕出168個鏈環李健竹獲金氏世界紀錄認證202009291904, https://www.cna.com.tw/news/firstnews/202009290301.aspx
         >>> 找到關鍵字 "原料"; 文章資訊: 2020-09-29 18:35:00, 食安稽查人氣餐廳9家業者出包202009291835, https://www.cna.com.tw/news/ahel/202009290286.aspx
         >>> 找到關鍵字 "原料"; 文章資訊: 2020-09-29 14:32:00, 台北紡織展10月登場遠東新防疫綠色經濟成亮點202009291432, https://www.cna.com.tw/news/afe/202009290164.aspx
         >>> 找到關鍵字 "原料"; 文章資訊: 2020-09-29 11:14:00, 青銀志工攜手做月餅中秋傳愛關懷在地弱勢202009291114, https://www.cna.com.tw/news/ahel/202009290062.aspx
         >>> 找到關鍵字 "原料"; 文章資訊: 2020-09-29 09:18:00, 浩鼎併購授權齊發擬入股代工廠拿下潤雅67股權202009290918, https://www.cna.com.tw/news/afe/202009290026.aspx
         <<< 2020-09-30 沒有更多 "原料" 相關的新聞 !!! >>>
  ------------------------------------------------------
    >> 搜尋關鍵字:"氣爆"; 網址:"https://www.cna.com.tw/search/hysearchws.aspx?q=氣爆"
         >>> 找到關鍵字 "氣爆"; 文章資訊: 2020-09-29 22:07:00, 嘉義市住商大樓氣爆火警1男子全身燒燙傷202009292207, https://www.cna.com.tw/news/asoc/202009290363.aspx
         <<< 2020-09-30 沒有更多 "氣爆" 相關的新聞 !!! >>>
  ------------------------------------------------------
    >> 搜尋關鍵字:"添加物"; 網址:"https://www.cna.com.tw/search/hysearchws.aspx?q=添加物"
         >>> 找到關鍵字 "添加物"; 文章資訊: 2020-09-29 19:59:00, 桑葉搖身變成桑香鬆三高等族群安心吃202009291959, https://www.cna.com.tw/news/ahel/202009290317.aspx
         >>> 找到關鍵字 "添加物"; 文章資訊: 2020-09-29 12:40:00, 台南中秋食品聯合稽查初查不合格率近9成已改善202009291240, https://www.cna.com.tw/news/ahel/202009290112.aspx
         <<< 2020-09-30 沒有更多 "添加物" 相關的新聞 !!! >>>
  ------------------------------------------------------
    >> 搜尋關鍵字:"黑心"; 網址:"https://www.cna.com.tw/search/hysearchws.aspx?q=黑心"
         <<< 2020-09-30 沒有更多 "黑心" 相關的新聞 !!! >>>
  ------------------------------------------------------
    >> 搜尋關鍵字:"漂白"; 網址:"https://www.cna.com.tw/search/hysearchws.aspx?q=漂白"
         <<< 2020-09-30 沒有更多 "漂白" 相關的新聞 !!! >>>
  ------------------------------------------------------
    >> 搜尋關鍵字:"爆炸"; 網址:"https://www.cna.com.tw/search/hysearchws.aspx?q=爆炸"
         >>> 找到關鍵字 "爆炸"; 文章資訊: 2020-09-30 02:16:00, 槽罐車撞國道匝道氣體槽爆炸起火一死202009300216, https://www.cna.com.tw/news/asoc/202009300006.aspx
         >>> 找到關鍵字 "爆炸"; 文章資訊: 2020-09-29 22:07:00, 嘉義市住商大樓氣爆火警1男子全身燒燙傷202009292207, https://www.cna.com.tw/news/asoc/202009290363.aspx
         >>> 找到關鍵字 "爆炸"; 文章資訊: 2020-09-29 14:30:00, 澎湖鋤頭嶼疑二戰水雷軍方29日完成爆毀202009291430, https://www.cna.com.tw/news/asoc/202009290162.aspx
         <<< 2020-09-30 沒有更多 "爆炸" 相關的新聞 !!! >>>
  ------------------------------------------------------
    >> 搜尋關鍵字:"新興"; 網址:"https://www.cna.com.tw/search/hysearchws.aspx?q=新興"
         >>> 找到關鍵字 "新興"; 文章資訊: 2020-09-29 18:49:00, 法官迴避被駁黨產會法院合理化法官釋憲動機202009291849, https://www.cna.com.tw/news/aipl/202009290294.aspx
         >>> 找到關鍵字 "新興"; 文章資訊: 2020-09-29 11:03:00, 電子旺季8月製造業景氣燈號脫離衰退藍燈202009291103, https://www.cna.com.tw/news/afe/202009290058.aspx
         <<< 2020-09-30 沒有更多 "新興" 相關的新聞 !!! >>>
  ------------------------------------------------------
    >> 搜尋關鍵字:"爆裂物"; 網址:"https://www.cna.com.tw/search/hysearchws.aspx?q=爆裂物"
         <<< 2020-09-30 沒有更多 "爆裂物" 相關的新聞 !!! >>>
  ------------------------------------------------------
    >> 搜尋關鍵字:"IED"; 網址:"https://www.cna.com.tw/search/hysearchws.aspx?q=IED"
         <<< 2020-09-30 沒有更多 "IED" 相關的新聞 !!! >>>
  ------------------------------------------------------
    >> 搜尋關鍵字:"排放"; 網址:"https://www.cna.com.tw/search/hysearchws.aspx?q=排放"
         >>> 找到關鍵字 "排放"; 文章資訊: 2020-09-29 20:10:00, 東京最高木造辦公大樓預計2025年完工202009292010, https://www.cna.com.tw/news/aopl/202009290323.aspx
         >>> 找到關鍵字 "排放"; 文章資訊: 2020-09-29 18:50:00, 中火10月起擴大自主減煤空污季最多7部機運轉202009291850, https://www.cna.com.tw/news/afe/202009290296.aspx
         >>> 找到關鍵字 "排放"; 文章資訊: 2020-09-29 13:44:00, 飛雅特克萊斯勒排廢數據造假挨賠278億202009291344, https://www.cna.com.tw/news/aopl/202009290141.aspx
         <<< 2020-09-30 沒有更多 "排放" 相關的新聞 !!! >>>
  ------------------------------------------------------
    >> 搜尋關鍵字:"污染"; 網址:"https://www.cna.com.tw/search/hysearchws.aspx?q=污染"
         >>> 找到關鍵字 "污染"; 文章資訊: 2020-09-29 21:41:00, 農田水利署10月1日揭牌17名管理處長同時布達202009292141, https://www.cna.com.tw/news/ahel/202009290352.aspx
         >>> 找到關鍵字 "污染"; 文章資訊: 2020-09-29 19:00:00, 人類染食腦蟲全球僅百例台灣曾有個案泡湯感染202009291900, https://www.cna.com.tw/news/firstnews/202009290300.aspx
         >>> 找到關鍵字 "污染"; 文章資訊: 2020-09-29 19:40:00, 科學園區10件投資案獲准總額逾23億元202009291940, https://www.cna.com.tw/news/afe/202009290311.aspx
         >>> 找到關鍵字 "污染"; 文章資訊: 2020-09-29 17:23:00, 台北紡織展1013登場個人防護用品成亮點202009291723, https://www.cna.com.tw/news/afe/202009290242.aspx
         >>> 找到關鍵字 "污染"; 文章資訊: 2020-09-29 14:55:00, 中秋節到腹瀉疫情升一週逾11萬人次就醫202009291455, https://www.cna.com.tw/news/ahel/202009290176.aspx
         >>> 找到關鍵字 "污染"; 文章資訊: 2020-09-29 14:32:00, 台北紡織展10月登場遠東新防疫綠色經濟成亮點202009291432, https://www.cna.com.tw/news/afe/202009290164.aspx
         <<< 2020-09-30 沒有更多 "污染" 相關的新聞 !!! >>>
  ------------------------------------------------------
    >> 搜尋關鍵字:"廢水"; 網址:"https://www.cna.com.tw/search/hysearchws.aspx?q=廢水"
         <<< 2020-09-30 沒有更多 "廢水" 相關的新聞 !!! >>>
  ------------------------------------------------------
    >> 搜尋關鍵字:"污水"; 網址:"https://www.cna.com.tw/search/hysearchws.aspx?q=污水"
         >>> 找到關鍵字 "污水"; 文章資訊: 2020-09-29 19:00:00, 人類染食腦蟲全球僅百例台灣曾有個案泡湯感染202009291900, https://www.cna.com.tw/news/firstnews/202009290300.aspx
         >>> 找到關鍵字 "污水"; 文章資訊: 2020-09-29 12:26:00, 6歲童染食腦變形蟲不治美國德州發布災難公告202009291226, https://www.cna.com.tw/news/firstnews/202009290103.aspx
         <<< 2020-09-30 沒有更多 "污水" 相關的新聞 !!! >>>
  ------------------------------------------------------
    >> 搜尋關鍵字:"洩漏"; 網址:"https://www.cna.com.tw/search/hysearchws.aspx?q=洩漏"
         >>> 找到關鍵字 "洩漏"; 文章資訊: 2020-09-29 18:35:00, 陳其邁總預算說明國民黨議員批沒亮點202009291835, https://www.cna.com.tw/news/aloc/202009290285.aspx
         <<< 2020-09-30 沒有更多 "洩漏" 相關的新聞 !!! >>>
  ------------------------------------------------------
    >> 搜尋關鍵字:"暗管"; 網址:"https://www.cna.com.tw/search/hysearchws.aspx?q=暗管"
         <<< 2020-09-30 沒有更多 "暗管" 相關的新聞 !!! >>>
  ------------------------------------------------------
    >> 搜尋關鍵字:"偷排"; 網址:"https://www.cna.com.tw/search/hysearchws.aspx?q=偷排"
         <<< 2020-09-30 沒有更多 "偷排" 相關的新聞 !!! >>>
  ------------------------------------------------------
    >> 搜尋關鍵字:"安全"; 網址:"https://www.cna.com.tw/search/hysearchws.aspx?q=安全"
         >>> 找到關鍵字 "安全"; 文章資訊: 2020-09-29 17:15:00, 雲科大產學合作自駕車3產品將跨足國外市場202009291715, https://www.cna.com.tw/news/ait/202009290238.aspx
         >>> 找到關鍵字 "安全"; 文章資訊: 2020-09-29 18:45:00, 新北機車安全月高齡者死傷較去年同期增1成202009291845, https://www.cna.com.tw/news/aloc/202009290292.aspx
         >>> 找到關鍵字 "安全"; 文章資訊: 2020-09-29 23:21:00, 慎防川普一記回馬槍拜登密集備戰大選首場辯論202009292321, https://www.cna.com.tw/news/aopl/202009290379.aspx
         >>> 找到關鍵字 "安全"; 文章資訊: 2020-09-29 23:08:00, 憂台灣成下一目標美國安顧問促以實力帶來和平202009292308, https://www.cna.com.tw/news/aopl/202009290378.aspx
         >>> 找到關鍵字 "安全"; 文章資訊: 2020-09-29 18:35:00, 食安稽查人氣餐廳9家業者出包202009291835, https://www.cna.com.tw/news/ahel/202009290286.aspx
         >>> 找到關鍵字 "安全"; 文章資訊: 2020-09-29 21:54:00, 安坑輕軌施工國3南下部分路段10月夜間封閉202009292154, https://www.cna.com.tw/news/ahel/202009290356.aspx
         >>> 找到關鍵字 "安全"; 文章資訊: 2020-09-29 21:41:00, 農田水利署10月1日揭牌17名管理處長同時布達202009292141, https://www.cna.com.tw/news/ahel/202009290352.aspx
         >>> 找到關鍵字 "安全"; 文章資訊: 2020-09-29 14:40:00, 國道7號環評10年未定蘇貞昌困難漸漸排除202009291440, https://www.cna.com.tw/news/aipl/202009290170.aspx
         >>> 找到關鍵字 "安全"; 文章資訊: 2020-09-29 21:19:00, 國片東京影展大放異彩孤味惡之畫等4片入選202009292119, https://www.cna.com.tw/news/amov/202009290347.aspx
         >>> 找到關鍵字 "安全"; 文章資訊: 2020-09-29 21:04:00, 美國比中國強賴清德台灣堅守民主可立於不敗202009292104, https://www.cna.com.tw/news/afe/202009290342.aspx
         >>> 找到關鍵字 "安全"; 文章資訊: 2020-09-29 20:56:00, 研究美國近28萬學童染疫約占總確診數4202009292056, https://www.cna.com.tw/news/aopl/202009290339.aspx
         >>> 找到關鍵字 "安全"; 文章資訊: 2020-09-29 17:44:00, 迎戰中秋車潮花蓮警方超前部署統計車流量202009291744, https://www.cna.com.tw/news/aloc/202009290263.aspx
         >>> 找到關鍵字 "安全"; 文章資訊: 2020-09-29 12:20:00, 南鐵剩2戶拒遷盼設定地上權交部會影響鐵道安全202009291220, https://www.cna.com.tw/news/ahel/202009290100.aspx
         >>> 找到關鍵字 "安全"; 文章資訊: 2020-09-29 19:24:00, 英特爾攜手8家台廠搶攻邊緣運算商機202009291924, https://www.cna.com.tw/news/afe/202009290305.aspx
         >>> 找到關鍵字 "安全"; 文章資訊: 2020-09-29 19:00:00, 人類染食腦蟲全球僅百例台灣曾有個案泡湯感染202009291900, https://www.cna.com.tw/news/firstnews/202009290300.aspx
         >>> 找到關鍵字 "安全"; 文章資訊: 2020-09-29 18:35:00, 網民發起101縱火堵路港警拘3人202009291835, https://www.cna.com.tw/news/acn/202009290287.aspx
         >>> 找到關鍵字 "安全"; 文章資訊: 2020-09-29 18:19:00, 聯合國報告北韓進口石油量遠超過制裁上限202009291819, https://www.cna.com.tw/news/aopl/202009290279.aspx
         >>> 找到關鍵字 "安全"; 文章資訊: 2020-09-29 17:15:00, 中企撤出美股又一家新浪將從那斯達克下市202009291715, https://www.cna.com.tw/news/firstnews/202009290239.aspx
         >>> 找到關鍵字 "安全"; 文章資訊: 2020-09-29 17:53:00, 憂顏損孩子會受苦顱顏家庭心糾結202009291753, https://www.cna.com.tw/news/ahel/202009290267.aspx
         >>> 找到關鍵字 "安全"; 文章資訊: 2020-09-29 17:14:00, 流浪狗叼8幼犬求助好心民宿幫坐月子助認養202009291714, https://www.cna.com.tw/news/aloc/202009290237.aspx
         >>> 找到關鍵字 "安全"; 文章資訊: 2020-09-29 15:59:00, 兩岸開戰能撐多久蘇貞昌台灣不會倒202009291559, https://www.cna.com.tw/news/firstnews/202009290198.aspx
         >>> 找到關鍵字 "安全"; 文章資訊: 2020-09-29 16:49:00, 中秋連假湧車潮警政署提醒4重點避塞車202009291649, https://www.cna.com.tw/news/asoc/202009290229.aspx
         >>> 找到關鍵字 "安全"; 文章資訊: 2020-09-29 16:12:00, 強硬但有別於川普拜登中國政策須打造特色202009291612, https://www.cna.com.tw/news/aopl/202009290203.aspx
         >>> 找到關鍵字 "安全"; 文章資訊: 2020-09-29 14:15:00, 習近平稱新疆千萬人喜遷新居專家大規模迫遷202009291415, https://www.cna.com.tw/news/acn/202009290154.aspx
         >>> 找到關鍵字 "安全"; 文章資訊: 2020-09-29 16:59:00, 美日印澳外長106齊聚東京談抗疫及合作202009291659, https://www.cna.com.tw/news/aopl/202009290231.aspx
         >>> 找到關鍵字 "安全"; 文章資訊: 2020-09-29 16:48:00, 藍促開食安會報行政院即時督導會議更有效率202009291648, https://www.cna.com.tw/news/aipl/202009290227.aspx
         >>> 找到關鍵字 "安全"; 文章資訊: 2020-09-29 16:33:00, 男子未戴口罩急診遭攔對醫師亮刀揮舞判刑2月202009291633, https://www.cna.com.tw/news/asoc/202009290215.aspx
         >>> 找到關鍵字 "安全"; 文章資訊: 2020-09-29 16:33:00, 香港網民發起101遊行6千警力嚴陣以待202009291633, https://www.cna.com.tw/news/acn/202009290216.aspx
         >>> 找到關鍵字 "安全"; 文章資訊: 2020-09-29 16:21:00, 墨西哥數百女性上街抗議籲全國墮胎合法化202009291621, https://www.cna.com.tw/news/aopl/202009290208.aspx
         >>> 找到關鍵字 "安全"; 文章資訊: 2020-09-29 15:30:00, 進口低價進逼中秋烤肉農委會力推國產雞202009291530, https://www.cna.com.tw/news/ahel/202009290188.aspx
         >>> 找到關鍵字 "安全"; 文章資訊: 2020-09-29 15:47:00, 三圓董事長驚收2顆子彈男女嫌犯各判8月和6月202009291547, https://www.cna.com.tw/news/asoc/202009290195.aspx
         >>> 找到關鍵字 "安全"; 文章資訊: 2020-09-29 14:55:00, 中秋節到腹瀉疫情升一週逾11萬人次就醫202009291455, https://www.cna.com.tw/news/ahel/202009290176.aspx
         >>> 找到關鍵字 "安全"; 文章資訊: 2020-09-29 14:20:00, 馬祖淡菜堆滿航廈產值可望再創新高6000萬202009291420, https://www.cna.com.tw/news/aloc/202009290158.aspx
         >>> 找到關鍵字 "安全"; 文章資訊: 2020-09-29 14:53:00, 尼加拉瓜政府推法案遭批箝制媒體及反對派202009291453, https://www.cna.com.tw/news/aopl/202009290174.aspx
         >>> 找到關鍵字 "安全"; 文章資訊: 2020-09-29 12:38:00, 立委促銷國產豬陳吉仲下周將公布台灣豬標章202009291238, https://www.cna.com.tw/news/aipl/202009290109.aspx
         >>> 找到關鍵字 "安全"; 文章資訊: 2020-09-29 14:11:00, 男子晚期肝癌經肝動脈化療14公分腫瘤幾乎消失202009291411, https://www.cna.com.tw/news/ahel/202009290153.aspx
         >>> 找到關鍵字 "安全"; 文章資訊: 2020-09-29 12:54:00, 新版護照順利進行中領務局預計110年元月發行202009291254, https://www.cna.com.tw/news/firstnews/202009290117.aspx
         >>> 找到關鍵字 "安全"; 文章資訊: 2020-09-29 14:33:00, 無人機註冊10月起收50元不可越級考試202009291433, https://www.cna.com.tw/news/ahel/202009290166.aspx
         >>> 找到關鍵字 "安全"; 文章資訊: 2020-09-29 11:41:00, 美是否售台攻擊武器嚴德發雙方因應情勢調整202009291141, https://www.cna.com.tw/news/aipl/202009290087.aspx
         >>> 找到關鍵字 "安全"; 文章資訊: 2020-09-29 12:26:00, 6歲童染食腦變形蟲不治美國德州發布災難公告202009291226, https://www.cna.com.tw/news/firstnews/202009290103.aspx
         >>> 找到關鍵字 "安全"; 文章資訊: 2020-09-29 13:39:00, 高雄凌晨接連毀店砸車陳其邁打擊犯罪不手軟202009291339, https://www.cna.com.tw/news/asoc/202009290138.aspx
         >>> 找到關鍵字 "安全"; 文章資訊: 2020-09-29 13:16:00, 食安會報停擺逾一年國民黨籲行政院速召開202009291316, https://www.cna.com.tw/news/aipl/202009290127.aspx
         >>> 找到關鍵字 "安全"; 文章資訊: 2020-09-29 11:41:00, 台中市3校學生疑食物中毒5人仍住院觀察202009291141, https://www.cna.com.tw/news/ahel/202009290086.aspx
         >>> 找到關鍵字 "安全"; 文章資訊: 2020-09-29 10:59:00, 憂港區國安法影響牛津大學學生研究中國可匿名交報告202009291059, https://www.cna.com.tw/news/firstnews/202009290057.aspx
         >>> 找到關鍵字 "安全"; 文章資訊: 2020-09-29 10:56:00, 談全民國防教育蘇貞昌決心是國防的一種202009291056, https://www.cna.com.tw/news/aipl/202009290055.aspx
         >>> 找到關鍵字 "安全"; 文章資訊: 2020-09-29 11:27:00, 擋下TikTok封殺令美法官川普可能逾越法律202009291127, https://www.cna.com.tw/news/aopl/202009290075.aspx
         >>> 找到關鍵字 "安全"; 文章資訊: 2020-09-29 11:43:00, 高市議會定期會105登場陳其邁勉團隊謙虛溝通202009291143, https://www.cna.com.tw/news/aloc/202009290088.aspx
         >>> 找到關鍵字 "安全"; 文章資訊: 2020-09-29 11:28:00, 聯航與工會達成協議近3千機師免走無薪假一途202009291128, https://www.cna.com.tw/news/aopl/202009290077.aspx
         >>> 找到關鍵字 "安全"; 文章資訊: 2020-09-29 08:33:00, 亞美尼亞交戰亞塞拜然聯合國安理會開緊急會議202009290833, https://www.cna.com.tw/news/aopl/202009290020.aspx
         >>> 找到關鍵字 "安全"; 文章資訊: 2020-09-29 10:23:00, 駐美官員台美關係進展長期累積成果202009291023, https://www.cna.com.tw/news/aipl/202009290043.aspx
         >>> 找到關鍵字 "安全"; 文章資訊: 2020-09-29 09:53:00, 臉書移除菲軍警相關假帳號杜特蒂揚言禁營運202009290953, https://www.cna.com.tw/news/aopl/202009290036.aspx
         >>> 找到關鍵字 "安全"; 文章資訊: 2020-09-29 09:32:00, 陳日君千里求見教宗遭拒惹哭網友惹毛義媒202009290932, https://www.cna.com.tw/news/firstnews/202009290029.aspx
         >>> 找到關鍵字 "安全"; 文章資訊: 2020-09-29 08:53:00, 110年度總預算歲出增加4蘇貞昌盼朝野支持202009290853, https://www.cna.com.tw/news/firstnews/202009290023.aspx
         >>> 找到關鍵字 "安全"; 文章資訊: 2020-09-29 08:39:00, 東北風減弱氣溫回升多雲花東北部零星雨202009290839, https://www.cna.com.tw/news/ahel/202009290021.aspx
         <<< 2020-09-30 沒有更多 "安全" 相關的新聞 !!! >>>
  ------------------------------------------------------
    >> 搜尋關鍵字:"槽車"; 網址:"https://www.cna.com.tw/search/hysearchws.aspx?q=槽車"
         <<< 2020-09-30 沒有更多 "槽車" 相關的新聞 !!! >>>
       >> 檔案輸出
        ------------------------------------------------------
      >> 下載新聞內容
      >> 下載 https://www.cna.com.tw/news/aipl/202009290265.aspx, 維特齊訪台成果50名華語獎學金供捷克學生申請202009291750
      >> 下載 https://www.cna.com.tw/news/ahel/202009290100.aspx, 南鐵剩2戶拒遷盼設定地上權交部會影響鐵道安全202009291220
      >> 下載 https://www.cna.com.tw/news/acul/202009290173.aspx, 南鐵地下化清領日治遺跡局部異地保存視情況復原202009291451
      >> 下載 https://www.cna.com.tw/news/ait/202009290310.aspx, 人工繁殖抗癌藥源珊瑚海生館團隊獲未來科技獎202009291940
      >> 下載 https://www.cna.com.tw/news/afe/202009290311.aspx, 科學園區10件投資案獲准總額逾23億元202009291940
      >> 下載 https://www.cna.com.tw/news/ahel/202009290090.aspx, 教部續盤點各地需求增設社區部落互助教保中心202009291150
      >> 下載 https://www.cna.com.tw/news/afe/202009290026.aspx, 浩鼎併購授權齊發擬入股代工廠拿下潤雅67股權202009290918
      >> 下載 https://www.cna.com.tw/news/aopl/202009290074.aspx, 川普被爆10年沒繳稅引眾怒鐵粉出征護航202009291123
      >> 下載 https://www.cna.com.tw/news/aloc/202009290230.aspx, 北市抽查中秋相關商品露營帳篷不合格率高202009291652
      >> 下載 https://www.cna.com.tw/news/asoc/202009290192.aspx, 男倉儲員網路自學種大麻刑事局逮捕送辦202009291538
      >> 下載 https://www.cna.com.tw/news/asoc/202009290195.aspx, 三圓董事長驚收2顆子彈男女嫌犯各判8月和6月202009291547
      >> 下載 https://www.cna.com.tw/news/asoc/202009290054.aspx, 唐姓男子被控猥褻女童二審改判10月可上訴202009291054
      >> 下載 https://www.cna.com.tw/news/aipl/202009290359.aspx, 總統大選網路聲量第3朱立倫好遙遠的事202009292159
      >> 下載 https://www.cna.com.tw/news/aopl/202009290203.aspx, 強硬但有別於川普拜登中國政策須打造特色202009291612
      >> 下載 https://www.cna.com.tw/news/firstnews/202009290147.aspx, 2020世界啤酒大賽柏克金奪2獎202009291352
      >> 下載 https://www.cna.com.tw/news/ahel/202009290176.aspx, 中秋節到腹瀉疫情升一週逾11萬人次就醫202009291455
      >> 下載 https://www.cna.com.tw/news/firstnews/202009295003.aspx, 男弒母斷頭二審逆轉無罪最高法院發回更審202009291738
      >> 下載 https://www.cna.com.tw/news/asoc/202009290192.aspx, 男倉儲員網路自學種大麻刑事局逮捕送辦202009291538
      >> 下載 https://www.cna.com.tw/news/asoc/202009290105.aspx, 中秋節前加強反毒防詐檢警攜手治安宣導202009291228
      >> 下載 https://www.cna.com.tw/news/aloc/202009290158.aspx, 馬祖淡菜堆滿航廈產值可望再創新高6000萬202009291420
      >> 下載 https://www.cna.com.tw/news/ahel/202009290286.aspx, 食安稽查人氣餐廳9家業者出包202009291835
      >> 下載 https://www.cna.com.tw/news/ahel/202009290352.aspx, 農田水利署10月1日揭牌17名管理處長同時布達202009292141
      >> 下載 https://www.cna.com.tw/news/aipl/202009290052.aspx, 北市長兩大熱門人選蔣萬安讚陳時中非常能溝通影202009291052
      >> 下載 https://www.cna.com.tw/news/aipl/202009290227.aspx, 藍促開食安會報行政院即時督導會議更有效率202009291648
      >> 下載 https://www.cna.com.tw/news/ahel/202009290112.aspx, 台南中秋食品聯合稽查初查不合格率近9成已改善202009291240
      >> 下載 https://www.cna.com.tw/news/aipl/202009290127.aspx, 食安會報停擺逾一年國民黨籲行政院速召開202009291316
      >> 下載 https://www.cna.com.tw/news/ahel/202009290086.aspx, 台中市3校學生疑食物中毒5人仍住院觀察202009291141
      >> 下載 https://www.cna.com.tw/news/firstnews/202009290301.aspx, 筆芯微雕出168個鏈環李健竹獲金氏世界紀錄認證202009291904
      >> 下載 https://www.cna.com.tw/news/ahel/202009290286.aspx, 食安稽查人氣餐廳9家業者出包202009291835
      >> 下載 https://www.cna.com.tw/news/afe/202009290164.aspx, 台北紡織展10月登場遠東新防疫綠色經濟成亮點202009291432
      >> 下載 https://www.cna.com.tw/news/ahel/202009290062.aspx, 青銀志工攜手做月餅中秋傳愛關懷在地弱勢202009291114
      >> 下載 https://www.cna.com.tw/news/afe/202009290026.aspx, 浩鼎併購授權齊發擬入股代工廠拿下潤雅67股權202009290918
      >> 下載 https://www.cna.com.tw/news/asoc/202009290363.aspx, 嘉義市住商大樓氣爆火警1男子全身燒燙傷202009292207
      >> 下載 https://www.cna.com.tw/news/ahel/202009290317.aspx, 桑葉搖身變成桑香鬆三高等族群安心吃202009291959
      >> 下載 https://www.cna.com.tw/news/ahel/202009290112.aspx, 台南中秋食品聯合稽查初查不合格率近9成已改善202009291240
      >> 下載 https://www.cna.com.tw/news/asoc/202009300006.aspx, 槽罐車撞國道匝道氣體槽爆炸起火一死202009300216
      >> 下載 https://www.cna.com.tw/news/asoc/202009290363.aspx, 嘉義市住商大樓氣爆火警1男子全身燒燙傷202009292207
      >> 下載 https://www.cna.com.tw/news/asoc/202009290162.aspx, 澎湖鋤頭嶼疑二戰水雷軍方29日完成爆毀202009291430
      >> 下載 https://www.cna.com.tw/news/aipl/202009290294.aspx, 法官迴避被駁黨產會法院合理化法官釋憲動機202009291849
      >> 下載 https://www.cna.com.tw/news/afe/202009290058.aspx, 電子旺季8月製造業景氣燈號脫離衰退藍燈202009291103
      >> 下載 https://www.cna.com.tw/news/aopl/202009290323.aspx, 東京最高木造辦公大樓預計2025年完工202009292010
      >> 下載 https://www.cna.com.tw/news/afe/202009290296.aspx, 中火10月起擴大自主減煤空污季最多7部機運轉202009291850
      >> 下載 https://www.cna.com.tw/news/aopl/202009290141.aspx, 飛雅特克萊斯勒排廢數據造假挨賠278億202009291344
      >> 下載 https://www.cna.com.tw/news/ahel/202009290352.aspx, 農田水利署10月1日揭牌17名管理處長同時布達202009292141
      >> 下載 https://www.cna.com.tw/news/firstnews/202009290300.aspx, 人類染食腦蟲全球僅百例台灣曾有個案泡湯感染202009291900
      >> 下載 https://www.cna.com.tw/news/afe/202009290311.aspx, 科學園區10件投資案獲准總額逾23億元202009291940
      >> 下載 https://www.cna.com.tw/news/afe/202009290242.aspx, 台北紡織展1013登場個人防護用品成亮點202009291723
      >> 下載 https://www.cna.com.tw/news/ahel/202009290176.aspx, 中秋節到腹瀉疫情升一週逾11萬人次就醫202009291455
      >> 下載 https://www.cna.com.tw/news/afe/202009290164.aspx, 台北紡織展10月登場遠東新防疫綠色經濟成亮點202009291432
      >> 下載 https://www.cna.com.tw/news/firstnews/202009290300.aspx, 人類染食腦蟲全球僅百例台灣曾有個案泡湯感染202009291900
      >> 下載 https://www.cna.com.tw/news/firstnews/202009290103.aspx, 6歲童染食腦變形蟲不治美國德州發布災難公告202009291226
      >> 下載 https://www.cna.com.tw/news/aloc/202009290285.aspx, 陳其邁總預算說明國民黨議員批沒亮點202009291835
      >> 下載 https://www.cna.com.tw/news/ait/202009290238.aspx, 雲科大產學合作自駕車3產品將跨足國外市場202009291715
      >> 下載 https://www.cna.com.tw/news/aloc/202009290292.aspx, 新北機車安全月高齡者死傷較去年同期增1成202009291845
      >> 下載 https://www.cna.com.tw/news/aopl/202009290379.aspx, 慎防川普一記回馬槍拜登密集備戰大選首場辯論202009292321
      >> 下載 https://www.cna.com.tw/news/aopl/202009290378.aspx, 憂台灣成下一目標美國安顧問促以實力帶來和平202009292308
      >> 下載 https://www.cna.com.tw/news/ahel/202009290286.aspx, 食安稽查人氣餐廳9家業者出包202009291835
      >> 下載 https://www.cna.com.tw/news/ahel/202009290356.aspx, 安坑輕軌施工國3南下部分路段10月夜間封閉202009292154
      >> 下載 https://www.cna.com.tw/news/ahel/202009290352.aspx, 農田水利署10月1日揭牌17名管理處長同時布達202009292141
      >> 下載 https://www.cna.com.tw/news/aipl/202009290170.aspx, 國道7號環評10年未定蘇貞昌困難漸漸排除202009291440
      >> 下載 https://www.cna.com.tw/news/amov/202009290347.aspx, 國片東京影展大放異彩孤味惡之畫等4片入選202009292119
      >> 下載 https://www.cna.com.tw/news/afe/202009290342.aspx, 美國比中國強賴清德台灣堅守民主可立於不敗202009292104
      >> 下載 https://www.cna.com.tw/news/aopl/202009290339.aspx, 研究美國近28萬學童染疫約占總確診數4202009292056
      >> 下載 https://www.cna.com.tw/news/aloc/202009290263.aspx, 迎戰中秋車潮花蓮警方超前部署統計車流量202009291744
      >> 下載 https://www.cna.com.tw/news/ahel/202009290100.aspx, 南鐵剩2戶拒遷盼設定地上權交部會影響鐵道安全202009291220
      >> 下載 https://www.cna.com.tw/news/afe/202009290305.aspx, 英特爾攜手8家台廠搶攻邊緣運算商機202009291924
      >> 下載 https://www.cna.com.tw/news/firstnews/202009290300.aspx, 人類染食腦蟲全球僅百例台灣曾有個案泡湯感染202009291900
      >> 下載 https://www.cna.com.tw/news/acn/202009290287.aspx, 網民發起101縱火堵路港警拘3人202009291835
      >> 下載 https://www.cna.com.tw/news/aopl/202009290279.aspx, 聯合國報告北韓進口石油量遠超過制裁上限202009291819
      >> 下載 https://www.cna.com.tw/news/firstnews/202009290239.aspx, 中企撤出美股又一家新浪將從那斯達克下市202009291715
      >> 下載 https://www.cna.com.tw/news/ahel/202009290267.aspx, 憂顏損孩子會受苦顱顏家庭心糾結202009291753
      >> 下載 https://www.cna.com.tw/news/aloc/202009290237.aspx, 流浪狗叼8幼犬求助好心民宿幫坐月子助認養202009291714
      >> 下載 https://www.cna.com.tw/news/firstnews/202009290198.aspx, 兩岸開戰能撐多久蘇貞昌台灣不會倒202009291559
      >> 下載 https://www.cna.com.tw/news/asoc/202009290229.aspx, 中秋連假湧車潮警政署提醒4重點避塞車202009291649
      >> 下載 https://www.cna.com.tw/news/aopl/202009290203.aspx, 強硬但有別於川普拜登中國政策須打造特色202009291612
      >> 下載 https://www.cna.com.tw/news/acn/202009290154.aspx, 習近平稱新疆千萬人喜遷新居專家大規模迫遷202009291415
      >> 下載 https://www.cna.com.tw/news/aopl/202009290231.aspx, 美日印澳外長106齊聚東京談抗疫及合作202009291659
      >> 下載 https://www.cna.com.tw/news/aipl/202009290227.aspx, 藍促開食安會報行政院即時督導會議更有效率202009291648
      >> 下載 https://www.cna.com.tw/news/asoc/202009290215.aspx, 男子未戴口罩急診遭攔對醫師亮刀揮舞判刑2月202009291633
      >> 下載 https://www.cna.com.tw/news/acn/202009290216.aspx, 香港網民發起101遊行6千警力嚴陣以待202009291633
      >> 下載 https://www.cna.com.tw/news/aopl/202009290208.aspx, 墨西哥數百女性上街抗議籲全國墮胎合法化202009291621
      >> 下載 https://www.cna.com.tw/news/ahel/202009290188.aspx, 進口低價進逼中秋烤肉農委會力推國產雞202009291530
      >> 下載 https://www.cna.com.tw/news/asoc/202009290195.aspx, 三圓董事長驚收2顆子彈男女嫌犯各判8月和6月202009291547
      >> 下載 https://www.cna.com.tw/news/ahel/202009290176.aspx, 中秋節到腹瀉疫情升一週逾11萬人次就醫202009291455
      >> 下載 https://www.cna.com.tw/news/aloc/202009290158.aspx, 馬祖淡菜堆滿航廈產值可望再創新高6000萬202009291420
      >> 下載 https://www.cna.com.tw/news/aopl/202009290174.aspx, 尼加拉瓜政府推法案遭批箝制媒體及反對派202009291453
      >> 下載 https://www.cna.com.tw/news/aipl/202009290109.aspx, 立委促銷國產豬陳吉仲下周將公布台灣豬標章202009291238
      >> 下載 https://www.cna.com.tw/news/ahel/202009290153.aspx, 男子晚期肝癌經肝動脈化療14公分腫瘤幾乎消失202009291411
      >> 下載 https://www.cna.com.tw/news/firstnews/202009290117.aspx, 新版護照順利進行中領務局預計110年元月發行202009291254
      >> 下載 https://www.cna.com.tw/news/ahel/202009290166.aspx, 無人機註冊10月起收50元不可越級考試202009291433
      >> 下載 https://www.cna.com.tw/news/aipl/202009290087.aspx, 美是否售台攻擊武器嚴德發雙方因應情勢調整202009291141
      >> 下載 https://www.cna.com.tw/news/firstnews/202009290103.aspx, 6歲童染食腦變形蟲不治美國德州發布災難公告202009291226
      >> 下載 https://www.cna.com.tw/news/asoc/202009290138.aspx, 高雄凌晨接連毀店砸車陳其邁打擊犯罪不手軟202009291339
      >> 下載 https://www.cna.com.tw/news/aipl/202009290127.aspx, 食安會報停擺逾一年國民黨籲行政院速召開202009291316
      >> 下載 https://www.cna.com.tw/news/ahel/202009290086.aspx, 台中市3校學生疑食物中毒5人仍住院觀察202009291141
      >> 下載 https://www.cna.com.tw/news/firstnews/202009290057.aspx, 憂港區國安法影響牛津大學學生研究中國可匿名交報告202009291059
      >> 下載 https://www.cna.com.tw/news/aipl/202009290055.aspx, 談全民國防教育蘇貞昌決心是國防的一種202009291056
      >> 下載 https://www.cna.com.tw/news/aopl/202009290075.aspx, 擋下TikTok封殺令美法官川普可能逾越法律202009291127
      >> 下載 https://www.cna.com.tw/news/aloc/202009290088.aspx, 高市議會定期會105登場陳其邁勉團隊謙虛溝通202009291143
      >> 下載 https://www.cna.com.tw/news/aopl/202009290077.aspx, 聯航與工會達成協議近3千機師免走無薪假一途202009291128
      >> 下載 https://www.cna.com.tw/news/aopl/202009290020.aspx, 亞美尼亞交戰亞塞拜然聯合國安理會開緊急會議202009290833
      >> 下載 https://www.cna.com.tw/news/aipl/202009290043.aspx, 駐美官員台美關係進展長期累積成果202009291023
      >> 下載 https://www.cna.com.tw/news/aopl/202009290036.aspx, 臉書移除菲軍警相關假帳號杜特蒂揚言禁營運202009290953
      >> 下載 https://www.cna.com.tw/news/firstnews/202009290029.aspx, 陳日君千里求見教宗遭拒惹哭網友惹毛義媒202009290932
      >> 下載 https://www.cna.com.tw/news/firstnews/202009290023.aspx, 110年度總預算歲出增加4蘇貞昌盼朝野支持202009290853
      >> 下載 https://www.cna.com.tw/news/ahel/202009290021.aspx, 東北風減弱氣溫回升多雲花東北部零星雨202009290839
