     -----> 新聞爬蟲：聯合新聞網

           <<< 聯合新聞網新聞搜尋 >>>
        ------------------------------------------------------
        ------------------------------------------------------
       >> 搜尋關鍵字:"工業用"; 網址:"https://udn.com/search/word/2/工業用"
         >>> 找到關鍵字 "工業用"; 文章資訊: 2020-10-02 00:18:34, 水利會改制農田水利署掛牌, https://udn.com/news/story/7314/4904212
         >>> 找到關鍵字 "工業用"; 文章資訊: 2020-10-01 17:08:08, 10月天然氣價格不調整桶裝瓦斯一桶漲8元, https://udn.com/news/story/7238/4903365
         >>> 找到關鍵字 "工業用"; 文章資訊: 2020-10-01 11:33:04, 水利會官派農田水利署正式揭牌今天成立重水源調度, https://udn.com/news/story/7314/4902528
         <<< 2020-10-02 沒有更多 "工業用" 相關的新聞 !!! >>>
        ------------------------------------------------------
       >> 搜尋關鍵字:"化工"; 網址:"https://udn.com/search/word/2/化工"
         >>> 找到關鍵字 "化工"; 文章資訊: 2020-10-02 02:16:04, 英法股市收盤小漲德股遭拜耳拖累收跌, https://udn.com/news/story/6811/4904379
         >>> 找到關鍵字 "化工"; 文章資訊: 2020-10-02 01:25:07, 高啟全王永慶張忠謀愛將, https://udn.com/news/story/7240/4904037
         >>> 找到關鍵字 "化工"; 文章資訊: 2020-10-02 01:14:20, 境外資金回流香港占大宗, https://udn.com/news/story/7238/4904136
         >>> 找到關鍵字 "化工"; 文章資訊: 2020-10-02 01:13:05, 中國花博會上海台協參展, https://udn.com/news/story/7333/4904317
         >>> 找到關鍵字 "化工"; 文章資訊: 2020-10-01 19:37:06, 海外個人資金匯回香港占逾八成, https://udn.com/news/story/7238/4903550
         >>> 找到關鍵字 "化工"; 文章資訊: 2020-10-01 15:28:15, Arm擴展車用系統與自動化工業應用需求推動ProjectCassini設計, https://udn.com/news/story/7086/4902150
         >>> 找到關鍵字 "化工"; 文章資訊: 2020-10-01 13:39:04, 水利會官派被疑綁樁農水署長事務官需行政中立, https://udn.com/news/story/7314/4902902
         >>> 找到關鍵字 "化工"; 文章資訊: 2020-10-01 12:40:09, 南迴鐵路電氣化台東端中秋首次送電成功, https://udn.com/news/story/7266/4902724
         >>> 找到關鍵字 "化工"; 文章資訊: 2020-10-01 12:38:24, 研究中資收購歐洲企業背後常有政府影子, https://udn.com/news/story/6811/4902697
         <<< 2020-10-02 沒有更多 "化工" 相關的新聞 !!! >>>
        ------------------------------------------------------
       >> 搜尋關鍵字:"化災"; 網址:"https://udn.com/search/word/2/化災"
         <<< 2020-10-02 沒有更多 "化災" 相關的新聞 !!! >>>
        ------------------------------------------------------
       >> 搜尋關鍵字:"化學"; 網址:"https://udn.com/search/word/2/化學"
         >>> 找到關鍵字 "化學"; 文章資訊: 2020-10-02 01:13:05, 中國花博會上海台協參展, https://udn.com/news/story/7333/4904317
         >>> 找到關鍵字 "化學"; 文章資訊: 2020-10-02 00:48:00, 合成的化妝品一定不好專家直言別上有機天然的當, https://health.udn.com/health/story/6045/4890580
         >>> 找到關鍵字 "化學"; 文章資訊: 2020-10-01 21:59:10, 台灣創新技術博覽會元智獲獲得7獎項, https://udn.com/news/story/6928/4903777
         >>> 找到關鍵字 "化學"; 文章資訊: 2020-10-01 19:24:08, 從少見癌症日揭開癌細胞基因秘密的打怪冒險之旅, https://udn.com/news/story/7266/4903537
         >>> 找到關鍵字 "化學"; 文章資訊: 2020-10-01 17:26:11, 又是五寮里筍園三峽登革熱群聚今再增2例已累計25人, https://udn.com/news/story/7266/4903397
         >>> 找到關鍵字 "化學"; 文章資訊: 2020-10-01 12:50:20, 大佛普拉斯後的全新感悟同學麥娜絲道出真實人生的無奈嘆息, https://udn.com/news/story/7266/4896533
         >>> 找到關鍵字 "化學"; 文章資訊: 2020-10-01 09:40:37, 黑暗巨塔德意志銀行如何逃過戰後納粹清算, https://global.udn.com/global_vision/story/8663/4899445
         >>> 找到關鍵字 "化學"; 文章資訊: 2020-10-01 09:10:00, 吃蝦配檸檬等於吃砒霜中秋烤肉怎麼吃才安全, https://health.udn.com/health/story/6037/4900835
         <<< 2020-10-02 沒有更多 "化學" 相關的新聞 !!! >>>
        ------------------------------------------------------
       >> 搜尋關鍵字:"外洩"; 網址:"https://udn.com/search/word/2/外洩"
         >>> 找到關鍵字 "外洩"; 文章資訊: 2020-10-01 16:02:28, 國際太空站氣體外洩加劇太空人睡夢中被緊急叫醒抓漏, https://udn.com/news/story/120883/4903225
         >>> 找到關鍵字 "外洩"; 文章資訊: 2020-10-01 15:58:05, 國際太空站驚傳氣體外洩太空人正在俄羅斯區塊全力搜尋, https://udn.com/news/story/6809/4903298
         >>> 找到關鍵字 "外洩"; 文章資訊: 2020-10-01 13:55:00, 季節更替脾胃易出狀況3道初秋食療藥膳幫你養生護脾胃, https://health.udn.com/health/story/6037/4902881
         >>> 找到關鍵字 "外洩"; 文章資訊: 2020-10-01 12:39:38, 一張垃圾車路線圖讓東引前線守軍全都露, https://udn.com/news/story/120986/4902482
         <<< 2020-10-02 沒有更多 "外洩" 相關的新聞 !!! >>>
        ------------------------------------------------------
       >> 搜尋關鍵字:"危害"; 網址:"https://udn.com/search/word/2/危害"
         >>> 找到關鍵字 "危害"; 文章資訊: 2020-10-02 00:34:50, 又見藥品下架世達再回收6款藥, https://udn.com/news/story/7266/4904226
         >>> 找到關鍵字 "危害"; 文章資訊: 2020-10-02 00:24:43, 我嬰兒死亡率偏高城鄉差距嚴重, https://udn.com/news/story/7266/4904224
         >>> 找到關鍵字 "危害"; 文章資訊: 2020-10-01 23:12:03, 名家觀點都更條例修法要能行遍天下, https://house.udn.com/house/story/5886/4904001
         >>> 找到關鍵字 "危害"; 文章資訊: 2020-10-01 21:28:11, 長榮樂團中秋夜南投奏響樂音舉辦戶外無菸音樂會, https://udn.com/news/story/7325/4903693
         >>> 找到關鍵字 "危害"; 文章資訊: 2020-10-01 18:34:07, 熱影像儀搭配共生面罩雲林成功從火場救出受困老人, https://udn.com/news/story/7320/4903483
         >>> 找到關鍵字 "危害"; 文章資訊: 2020-10-01 16:26:08, 誤傷頻發生無法忍受台灣黑熊協會管理應更精進, https://udn.com/news/story/7325/4903334
         >>> 找到關鍵字 "危害"; 文章資訊: 2020-10-01 15:48:21, 邊騎車邊用電腦被封車神清華生有苦衷, https://udn.com/news/story/7332/4903241
         >>> 找到關鍵字 "危害"; 文章資訊: 2020-10-01 15:35:27, 美國防長訪突尼西亞簽10年軍事合作協議, https://udn.com/news/story/6809/4903218
         >>> 找到關鍵字 "危害"; 文章資訊: 2020-10-01 14:32:07, 影網路訂貨宅配毒品高雄警查獲幕後操控者, https://udn.com/news/story/7315/4903105
         >>> 找到關鍵字 "危害"; 文章資訊: 2020-10-01 13:36:14, 影誤陷山豬吊的台灣黑熊正要麻醉搶救至急救站, https://udn.com/news/story/7325/4902893
         >>> 找到關鍵字 "危害"; 文章資訊: 2020-10-01 12:10:07, 小貨車被檢舉鐵路平交道超車挨罰34000元法院撤銷罰單, https://udn.com/news/story/7321/4902638
         >>> 找到關鍵字 "危害"; 文章資訊: 2020-10-01 11:49:06, 五楊高架上不滿被按喇叭駕駛惡意急煞釀追撞還囂張揮鐮刀, https://udn.com/news/story/7321/4902581
         >>> 找到關鍵字 "危害"; 文章資訊: 2020-10-01 11:04:12, 台灣黑熊誤入果園受困鋼索專家人多不利救援已管制, https://udn.com/news/story/7325/4902471
         >>> 找到關鍵字 "危害"; 文章資訊: 2020-10-01 09:00:00, 比爾蓋茲和李嘉誠都是大股東植物肉帶動熱錢滾進引爆話題的魅力在哪, https://health.udn.com/health/story/6037/4897732
         <<< 2020-10-02 沒有更多 "危害" 相關的新聞 !!! >>>
        ------------------------------------------------------
       >> 搜尋關鍵字:"有毒"; 網址:"https://udn.com/search/word/2/有毒"
         >>> 找到關鍵字 "有毒"; 文章資訊: 2020-10-01 15:02:00, 路邊野菇不要採認明這2種植物別誤食, https://health.udn.com/health/story/6008/4902911
         >>> 找到關鍵字 "有毒"; 文章資訊: 2020-10-01 14:32:07, 影網路訂貨宅配毒品高雄警查獲幕後操控者, https://udn.com/news/story/7315/4903105
         >>> 找到關鍵字 "有毒"; 文章資訊: 2020-10-01 13:41:10, 路邊野菇不要採認明這2種植物別誤食, https://udn.com/news/story/7266/4902911
         >>> 找到關鍵字 "有毒"; 文章資訊: 2020-10-01 12:37:00, 愛護腎臟從謹腎用藥開始, https://health.udn.com/health/story/5976/4901189
         >>> 找到關鍵字 "有毒"; 文章資訊: 2020-10-01 09:29:05, 4度毒駕肇禍女童死母重傷粗工二審改判7年賠償近千萬, https://udn.com/news/story/7321/4902291
         >>> 找到關鍵字 "有毒"; 文章資訊: 2020-10-01 09:10:00, 吃蝦配檸檬等於吃砒霜中秋烤肉怎麼吃才安全, https://health.udn.com/health/story/6037/4900835
         >>> 找到關鍵字 "有毒"; 文章資訊: 2020-10-01 07:20:00, 中秋全台烤肉香烤香腸先戳洞搭配芭樂大蒜吃免驚, https://udn.com/news/story/11474/4899614
         <<< 2020-10-02 沒有更多 "有毒" 相關的新聞 !!! >>>
        ------------------------------------------------------
       >> 搜尋關鍵字:"有害"; 網址:"https://udn.com/search/word/2/有害"
         >>> 找到關鍵字 "有害"; 文章資訊: 2020-10-01 23:01:43, 在地心產業小夫妻創乾拌麵6年外銷14國, https://udn.com/news/story/7326/4903847
         >>> 找到關鍵字 "有害"; 文章資訊: 2020-10-01 22:26:08, 影宇宙級飛行體驗星宇追月號正式啟航, https://udn.com/news/story/7241/4903866
         >>> 找到關鍵字 "有害"; 文章資訊: 2020-10-01 16:30:00, 享受烤肉避免致癌物上身顏宗海留意６原則烤肉也能很健康, https://health.udn.com/health/story/6037/4902788
         >>> 找到關鍵字 "有害"; 文章資訊: 2020-10-01 14:38:11, 來新北音樂盒野餐4日登場邀民眾白天玩到晚上, https://udn.com/news/story/7323/4903118
         >>> 找到關鍵字 "有害"; 文章資訊: 2020-10-01 11:30:00, 中秋月圓人不圓做好這７件事燒烤也能安心健康吃, https://health.udn.com/health/story/6037/4901075
         >>> 找到關鍵字 "有害"; 文章資訊: 2020-10-01 10:30:00, 節慶日逼自己只能喜悅容易變焦慮或憂鬱, https://udn.com/news/story/121484/4897184
         <<< 2020-10-02 沒有更多 "有害" 相關的新聞 !!! >>>
        ------------------------------------------------------
       >> 搜尋關鍵字:"色料"; 網址:"https://udn.com/search/word/2/色料"
         <<< 2020-10-02 沒有更多 "色料" 相關的新聞 !!! >>>
        ------------------------------------------------------
       >> 搜尋關鍵字:"色素"; 網址:"https://udn.com/search/word/2/色素"
         >>> 找到關鍵字 "色素"; 文章資訊: 2020-10-02 00:05:03, 2020第17屆台積電青年學生文學獎散文組三獎賴宛妤粉紅, https://udn.com/news/story/12661/4900265
         >>> 找到關鍵字 "色素"; 文章資訊: 2020-10-01 22:26:56, 我的經驗王明鉅腳綁沙包控糖練出好體力, https://udn.com/news/story/7266/4903718
         >>> 找到關鍵字 "色素"; 文章資訊: 2020-10-01 20:09:10, 名醫女兒說爸爸體力勝過大學同學王明鉅透露練肌秘訣, https://udn.com/news/story/7266/4903565
         >>> 找到關鍵字 "色素"; 文章資訊: 2020-10-01 10:00:00, 心理測驗藏秘密選月餅透露你心裡深處未圓的遺憾, https://udn.com/news/story/7268/4897467
         >>> 找到關鍵字 "色素"; 文章資訊: 2020-10-01 08:00:00, 中秋烤肉不能只知道吃魷魚透抽軟絲章魚還傻傻分不清嗎, https://udn.com/news/story/11474/4900480
         <<< 2020-10-02 沒有更多 "色素" 相關的新聞 !!! >>>
        ------------------------------------------------------
       >> 搜尋關鍵字:"毒性"; 網址:"https://udn.com/search/word/2/毒性"
         >>> 找到關鍵字 "毒性"; 文章資訊: 2020-10-02 00:48:00, 合成的化妝品一定不好專家直言別上有機天然的當, https://health.udn.com/health/story/6045/4890580
         >>> 找到關鍵字 "毒性"; 文章資訊: 2020-10-01 12:37:00, 愛護腎臟從謹腎用藥開始, https://health.udn.com/health/story/5976/4901189
         >>> 找到關鍵字 "毒性"; 文章資訊: 2020-10-01 09:10:00, 吃蝦配檸檬等於吃砒霜中秋烤肉怎麼吃才安全, https://health.udn.com/health/story/6037/4900835
         <<< 2020-10-02 沒有更多 "毒性" 相關的新聞 !!! >>>
        ------------------------------------------------------
       >> 搜尋關鍵字:"毒品"; 網址:"https://udn.com/search/word/2/毒品"
         >>> 找到關鍵字 "毒品"; 文章資訊: 2020-10-02 01:11:38, 偷車賊撞警辯以為仇家妨害公務判無罪, https://udn.com/news/story/7321/4904371
         >>> 找到關鍵字 "毒品"; 文章資訊: 2020-10-01 17:50:07, 全國同步威力檢肅屏東警聯合桃園警5天共逮124人, https://udn.com/news/story/7315/4903432
         >>> 找到關鍵字 "毒品"; 文章資訊: 2020-10-01 17:48:05, 軍車違規要連坐國防部公告軍車管理處罰辦法修正條文, https://udn.com/news/story/10930/4903431
         >>> 找到關鍵字 "毒品"; 文章資訊: 2020-10-01 14:32:07, 影網路訂貨宅配毒品高雄警查獲幕後操控者, https://udn.com/news/story/7315/4903105
         >>> 找到關鍵字 "毒品"; 文章資訊: 2020-10-01 12:07:02, 日本大無限樂團前成員染毒遭判刑, https://stars.udn.com/star/story/10092/4902636
         >>> 找到關鍵字 "毒品"; 文章資訊: 2020-10-01 11:00:09, 法官信了男子衝撞警察稱以為是仇家妨害公務無罪, https://udn.com/news/story/7321/4902454
         >>> 找到關鍵字 "毒品"; 文章資訊: 2020-10-01 09:29:05, 4度毒駕肇禍女童死母重傷粗工二審改判7年賠償近千萬, https://udn.com/news/story/7321/4902291
         <<< 2020-10-02 沒有更多 "毒品" 相關的新聞 !!! >>>
        ------------------------------------------------------
       >> 搜尋關鍵字:"致癌"; 網址:"https://udn.com/search/word/2/致癌"
         >>> 找到關鍵字 "致癌"; 文章資訊: 2020-10-02 00:34:50, 又見藥品下架世達再回收6款藥, https://udn.com/news/story/7266/4904226
         >>> 找到關鍵字 "致癌"; 文章資訊: 2020-10-01 20:31:12, 上海機場東航機務人員被飛機牽引車輾斃網民看畫面細思極恐, https://udn.com/news/story/7332/4903583
         >>> 找到關鍵字 "致癌"; 文章資訊: 2020-10-01 19:25:08, 次世代基因定序爭取治療時間卻面臨生命與金錢拔河, https://udn.com/news/story/7266/4903538
         >>> 找到關鍵字 "致癌"; 文章資訊: 2020-10-01 16:30:00, 享受烤肉避免致癌物上身顏宗海留意６原則烤肉也能很健康, https://health.udn.com/health/story/6037/4902788
         >>> 找到關鍵字 "致癌"; 文章資訊: 2020-10-01 12:37:00, 愛護腎臟從謹腎用藥開始, https://health.udn.com/health/story/5976/4901189
         >>> 找到關鍵字 "致癌"; 文章資訊: 2020-10-01 12:21:00, 中秋夜烤肉營養師3招教你怎麼健康吃, https://health.udn.com/health/story/6037/4902585
         >>> 找到關鍵字 "致癌"; 文章資訊: 2020-10-01 11:50:10, 中秋夜烤肉營養師3招教你怎麼健康吃, https://udn.com/news/story/11474/4902585
         >>> 找到關鍵字 "致癌"; 文章資訊: 2020-10-01 11:30:00, 中秋月圓人不圓做好這７件事燒烤也能安心健康吃, https://health.udn.com/health/story/6037/4901075
         >>> 找到關鍵字 "致癌"; 文章資訊: 2020-10-01 10:41:00, 生命與金錢的拔河次世代基因定序助癌症病患爭取治療時間, https://health.udn.com/health/story/6016/4902333
         >>> 找到關鍵字 "致癌"; 文章資訊: 2020-10-01 10:30:00, 中秋烤肉趣營養師破解烤肉的４大NG行為, https://health.udn.com/health/story/6037/4897617
         >>> 找到關鍵字 "致癌"; 文章資訊: 2020-10-01 09:10:00, 吃蝦配檸檬等於吃砒霜中秋烤肉怎麼吃才安全, https://health.udn.com/health/story/6037/4900835
         >>> 找到關鍵字 "致癌"; 文章資訊: 2020-10-01 07:20:00, 中秋全台烤肉香烤香腸先戳洞搭配芭樂大蒜吃免驚, https://udn.com/news/story/11474/4899614
         <<< 2020-10-02 沒有更多 "致癌" 相關的新聞 !!! >>>
        ------------------------------------------------------
       >> 搜尋關鍵字:"重金屬"; 網址:"https://udn.com/search/word/2/重金屬"
         >>> 找到關鍵字 "重金屬"; 文章資訊: 2020-10-02 00:48:00, 合成的化妝品一定不好專家直言別上有機天然的當, https://health.udn.com/health/story/6045/4890580
         >>> 找到關鍵字 "重金屬"; 文章資訊: 2020-10-01 22:48:27, 台南後壁掩埋爐渣田遭爆委託出售, https://udn.com/news/story/7326/4903821
         >>> 找到關鍵字 "重金屬"; 文章資訊: 2020-10-01 12:37:00, 愛護腎臟從謹腎用藥開始, https://health.udn.com/health/story/5976/4901189
         >>> 找到關鍵字 "重金屬"; 文章資訊: 2020-10-01 11:25:07, 坑人農田下方埋爐渣竟要出售台南環團爆料防受害, https://udn.com/news/story/7315/4902512
         >>> 找到關鍵字 "重金屬"; 文章資訊: 2020-10-01 10:30:00, 中秋烤肉趣營養師破解烤肉的４大NG行為, https://health.udn.com/health/story/6037/4897617
         >>> 找到關鍵字 "重金屬"; 文章資訊: 2020-10-01 10:10:00, 孩子歡必霸有3種聰明父母如何識別疏通情緒, https://udn.com/news/story/121484/4897121
         >>> 找到關鍵字 "重金屬"; 文章資訊: 2020-10-01 07:20:00, 中秋全台烤肉香烤香腸先戳洞搭配芭樂大蒜吃免驚, https://udn.com/news/story/11474/4899614
         <<< 2020-10-02 沒有更多 "重金屬" 相關的新聞 !!! >>>
        ------------------------------------------------------
       >> 搜尋關鍵字:"食安"; 網址:"https://udn.com/search/word/2/食安"
         >>> 找到關鍵字 "食安"; 文章資訊: 2020-10-02 01:03:50, 聯合報社論放狠話帶風向不應是為政者的好風格, https://udn.com/news/story/7338/4904220
         >>> 找到關鍵字 "食安"; 文章資訊: 2020-10-01 23:49:12, 宜蘭嚴選冠軍米出爐藍耀毅像呵護孩子種出好稻米, https://udn.com/news/story/7328/4904252
         >>> 找到關鍵字 "食安"; 文章資訊: 2020-10-01 18:01:23, 蘇揆位穩上防疫有成壓過強勢作風爭議黨內蔡蘇體制不會異動, https://udn.com/news/story/120884/4903387
         >>> 找到關鍵字 "食安"; 文章資訊: 2020-10-01 12:59:10, 防萊豬嘉義市導入智慧平台學童家長可上網查食材, https://udn.com/news/story/7326/4902778
         >>> 找到關鍵字 "食安"; 文章資訊: 2020-10-01 12:21:00, 中秋夜烤肉營養師3招教你怎麼健康吃, https://health.udn.com/health/story/6037/4902585
         >>> 找到關鍵字 "食安"; 文章資訊: 2020-10-01 11:50:10, 中秋夜烤肉營養師3招教你怎麼健康吃, https://udn.com/news/story/11474/4902585
         >>> 找到關鍵字 "食安"; 文章資訊: 2020-10-01 09:00:00, 比爾蓋茲和李嘉誠都是大股東植物肉帶動熱錢滾進引爆話題的魅力在哪, https://health.udn.com/health/story/6037/4897732
         >>> 找到關鍵字 "食安"; 文章資訊: 2020-10-01 09:00:00, 瘦肉精豬肉怎麼吃才不會超標哪些族群要小心, https://udn.com/news/story/9750/4902212
         >>> 找到關鍵字 "食安"; 文章資訊: 2020-10-01 07:58:04, 因疫情未開食安會議王鴻薇陳時中離市長越來越遠, https://udn.com/news/story/120940/4902226
         <<< 2020-10-02 沒有更多 "食安" 相關的新聞 !!! >>>
        ------------------------------------------------------
       >> 搜尋關鍵字:"香料"; 網址:"https://udn.com/search/word/2/香料"
         >>> 找到關鍵字 "香料"; 文章資訊: 2020-10-02 06:00:00, 走味關係新專欄登場胃尋台東, https://udn.com/news/story/12662/4897917
         >>> 找到關鍵字 "香料"; 文章資訊: 2020-10-02 00:48:00, 合成的化妝品一定不好專家直言別上有機天然的當, https://health.udn.com/health/story/6045/4890580
         >>> 找到關鍵字 "香料"; 文章資訊: 2020-10-01 17:04:00, 吃月餅烤肉怕胖教育部示範中秋閃脂4招, https://health.udn.com/health/story/6037/4902652
         >>> 找到關鍵字 "香料"; 文章資訊: 2020-10-01 15:30:00, 吃當季柚子除了直接吃也可做高級料理達人教你做營養美味的３道柚子西菜, https://health.udn.com/health/story/6036/4889735
         >>> 找到關鍵字 "香料"; 文章資訊: 2020-10-01 14:30:00, 吃當季柚子助消化解便秘但熱量不低吃下整顆熱量高達500大卡有三種人要注意, https://health.udn.com/health/story/6036/4889682
         >>> 找到關鍵字 "香料"; 文章資訊: 2020-10-01 12:13:07, 吃月餅烤肉怕胖教育部示範中秋閃脂4招, https://udn.com/news/story/7266/4902652
         >>> 找到關鍵字 "香料"; 文章資訊: 2020-10-01 10:30:00, 中秋烤肉趣營養師破解烤肉的４大NG行為, https://health.udn.com/health/story/6037/4897617
         <<< 2020-10-02 沒有更多 "香料" 相關的新聞 !!! >>>
        ------------------------------------------------------
       >> 搜尋關鍵字:"原料"; 網址:"https://udn.com/search/word/2/原料"
         >>> 找到關鍵字 "原料"; 文章資訊: 2020-10-02 06:17:00, 林佳瑩台灣為什麼要跟COVAX簽約談全球衛生的合作契機, https://opinion.udn.com/opinion/story/6785/4896584
         >>> 找到關鍵字 "原料"; 文章資訊: 2020-10-02 01:12:20, 玉米期貨攀七個月高點, https://udn.com/news/story/6811/4904096
         >>> 找到關鍵字 "原料"; 文章資訊: 2020-10-02 01:12:17, 川普下令擴大稀土開採, https://udn.com/news/story/6813/4904126
         >>> 找到關鍵字 "原料"; 文章資訊: 2020-10-02 00:48:00, 合成的化妝品一定不好專家直言別上有機天然的當, https://health.udn.com/health/story/6045/4890580
         >>> 找到關鍵字 "原料"; 文章資訊: 2020-10-01 13:55:00, 季節更替脾胃易出狀況3道初秋食療藥膳幫你養生護脾胃, https://health.udn.com/health/story/6037/4902881
         >>> 找到關鍵字 "原料"; 文章資訊: 2020-10-01 13:06:08, 口罩國家隊涉違法轉包增產釩泰呼籲政府建立輔導機制, https://udn.com/news/story/7320/4902807
         >>> 找到關鍵字 "原料"; 文章資訊: 2020-10-01 11:56:06, 因應中國大陸威脅川普簽署命令擴大稀土開採, https://udn.com/news/story/6813/4902598
         >>> 找到關鍵字 "原料"; 文章資訊: 2020-10-01 09:40:37, 黑暗巨塔德意志銀行如何逃過戰後納粹清算, https://global.udn.com/global_vision/story/8663/4899445
         >>> 找到關鍵字 "原料"; 文章資訊: 2020-10-01 09:00:00, 比爾蓋茲和李嘉誠都是大股東植物肉帶動熱錢滾進引爆話題的魅力在哪, https://health.udn.com/health/story/6037/4897732
         >>> 找到關鍵字 "原料"; 文章資訊: 2020-10-01 08:00:30, 哪個季節的茶最好專家教你分辨不同季節的茶個性, https://health.udn.com/health/story/6037/4897565
         <<< 2020-10-02 沒有更多 "原料" 相關的新聞 !!! >>>
        ------------------------------------------------------
       >> 搜尋關鍵字:"氣爆"; 網址:"https://udn.com/search/word/2/氣爆"
         >>> 找到關鍵字 "氣爆"; 文章資訊: 2020-10-02 01:10:47, 不出國悶壞了百貨周年慶買氣爆發, https://udn.com/news/story/7241/4903966
         <<< 2020-10-02 沒有更多 "氣爆" 相關的新聞 !!! >>>
        ------------------------------------------------------
       >> 搜尋關鍵字:"添加物"; 網址:"https://udn.com/search/word/2/添加物"
         >>> 找到關鍵字 "添加物"; 文章資訊: 2020-10-01 23:01:43, 在地心產業小夫妻創乾拌麵6年外銷14國, https://udn.com/news/story/7326/4903847
         >>> 找到關鍵字 "添加物"; 文章資訊: 2020-10-01 12:21:00, 中秋夜烤肉營養師3招教你怎麼健康吃, https://health.udn.com/health/story/6037/4902585
         >>> 找到關鍵字 "添加物"; 文章資訊: 2020-10-01 11:50:10, 中秋夜烤肉營養師3招教你怎麼健康吃, https://udn.com/news/story/11474/4902585
         <<< 2020-10-02 沒有更多 "添加物" 相關的新聞 !!! >>>
        ------------------------------------------------------
       >> 搜尋關鍵字:"黑心"; 網址:"https://udn.com/search/word/2/黑心"
         >>> 找到關鍵字 "黑心"; 文章資訊: 2020-10-01 13:06:08, 口罩國家隊涉違法轉包增產釩泰呼籲政府建立輔導機制, https://udn.com/news/story/7320/4902807
         <<< 2020-10-02 沒有更多 "黑心" 相關的新聞 !!! >>>
        ------------------------------------------------------
       >> 搜尋關鍵字:"漂白"; 網址:"https://udn.com/search/word/2/漂白"
         >>> 找到關鍵字 "漂白"; 文章資訊: 2020-10-01 07:20:00, 中秋全台烤肉香烤香腸先戳洞搭配芭樂大蒜吃免驚, https://udn.com/news/story/11474/4899614
         <<< 2020-10-02 沒有更多 "漂白" 相關的新聞 !!! >>>
        ------------------------------------------------------
       >> 搜尋關鍵字:"爆炸"; 網址:"https://udn.com/search/word/2/爆炸"
         >>> 找到關鍵字 "爆炸"; 文章資訊: 2020-10-01 23:16:34, 烈嶼華南汽水廠再造盼重現風華, https://udn.com/news/story/7327/4903792
         >>> 找到關鍵字 "爆炸"; 文章資訊: 2020-10-01 22:37:11, 烈嶼華南汽水廠玩創意活化蛻變成懷舊故事館, https://udn.com/news/story/7327/4903899
         >>> 找到關鍵字 "爆炸"; 文章資訊: 2020-10-01 20:50:14, 十一黃金周第一天各地景區爆滿高速公路動彈不得, https://udn.com/news/story/7331/4903631
         >>> 找到關鍵字 "爆炸"; 文章資訊: 2020-10-01 20:08:02, 專訪躺棺材嚇壞阿嬤金曲準歌王JShoen不想坐冷板凳, https://stars.udn.com/star/story/10092/4903566
         >>> 找到關鍵字 "爆炸"; 文章資訊: 2020-10-01 19:22:26, 烈嶼華南汽水廠重生丸樂世界蛻變成文創基地, https://udn.com/news/story/7327/4903460
         >>> 找到關鍵字 "爆炸"; 文章資訊: 2020-10-01 17:54:50, 為何資訊發達在股市賺錢仍是少數股民點出這2原因是關鍵, https://udn.com/news/story/12806/4903388
         >>> 找到關鍵字 "爆炸"; 文章資訊: 2020-10-01 16:49:06, 桃園透天厝火警4人受困阿嬤一度OCHA電自行車惹禍, https://udn.com/news/story/7320/4903353
         >>> 找到關鍵字 "爆炸"; 文章資訊: 2020-10-01 15:25:07, 竹南國3南下中午6車追撞中秋節車流一度回堵6公里, https://udn.com/news/story/7320/4903243
         >>> 找到關鍵字 "爆炸"; 文章資訊: 2020-10-01 12:53:34, 北市公車變電箱突起火她驚恐不要放有水的東西, https://udn.com/news/story/120911/4902756
         >>> 找到關鍵字 "爆炸"; 文章資訊: 2020-10-01 10:10:00, 孩子歡必霸有3種聰明父母如何識別疏通情緒, https://udn.com/news/story/121484/4897121
         >>> 找到關鍵字 "爆炸"; 文章資訊: 2020-10-01 09:40:37, 黑暗巨塔德意志銀行如何逃過戰後納粹清算, https://global.udn.com/global_vision/story/8663/4899445
         <<< 2020-10-02 沒有更多 "爆炸" 相關的新聞 !!! >>>
        ------------------------------------------------------
       >> 搜尋關鍵字:"新興"; 網址:"https://udn.com/search/word/2/新興"
         >>> 找到關鍵字 "新興"; 文章資訊: 2020-10-02 01:14:24, 超商攻團購須逐筆開發票, https://udn.com/news/story/7243/4904029
         >>> 找到關鍵字 "新興"; 文章資訊: 2020-10-02 01:12:20, 國際變數多亞股剉著等, https://udn.com/news/story/6811/4904107
         >>> 找到關鍵字 "新興"; 文章資訊: 2020-10-02 01:10:46, 台灣DRAM教父高啟全離開紫光集團, https://udn.com/news/story/7240/4904045
         >>> 找到關鍵字 "新興"; 文章資訊: 2020-10-02 00:45:08, 名人TALKS走過新冠巨變全球邁向復甦, https://udn.com/news/story/7238/4904351
         >>> 找到關鍵字 "新興"; 文章資訊: 2020-10-02 00:41:29, 未來10年10大投資主題, https://udn.com/news/story/7239/4904239
         >>> 找到關鍵字 "新興"; 文章資訊: 2020-10-02 00:37:56, 宅經濟發威創作者筆電3種市場需求, https://udn.com/news/story/7240/4904243
         >>> 找到關鍵字 "新興"; 文章資訊: 2020-10-02 00:32:08, 鈊象傳奇攻海外報捷, https://udn.com/news/story/7254/4903609
         >>> 找到關鍵字 "新興"; 文章資訊: 2020-10-02 00:30:11, 中光電TV背光模組出貨衝, https://udn.com/news/story/7254/4903578
         >>> 找到關鍵字 "新興"; 文章資訊: 2020-10-01 23:57:02, 債券商品資金漸回流, https://fund.udn.com/fund/story/5856/4904280
         >>> 找到關鍵字 "新興"; 文章資訊: 2020-10-01 23:56:02, 超前投資緊抓十趨勢, https://fund.udn.com/fund/story/5858/4904277
         >>> 找到關鍵字 "新興"; 文章資訊: 2020-10-01 23:47:02, Q4投資策略股票優先, https://fund.udn.com/fund/story/5858/4904246
         >>> 找到關鍵字 "新興"; 文章資訊: 2020-10-01 23:22:54, 台灣設計展開展鄭文燦驚豔, https://udn.com/news/story/7324/4903727
         >>> 找到關鍵字 "新興"; 文章資訊: 2020-10-01 21:51:58, 美封殺TikTok歐洲卻照瘋英國挪威尤甚, https://udn.com/news/story/6809/4903717
         >>> 找到關鍵字 "新興"; 文章資訊: 2020-10-01 21:28:11, 長榮樂團中秋夜南投奏響樂音舉辦戶外無菸音樂會, https://udn.com/news/story/7325/4903693
         >>> 找到關鍵字 "新興"; 文章資訊: 2020-10-01 21:16:10, 國人最愛十檔境外基金今年來只有兩檔正報酬, https://udn.com/news/story/7239/4903686
         >>> 找到關鍵字 "新興"; 文章資訊: 2020-10-01 20:04:02, Q4布局首選科技族, https://fund.udn.com/fund/story/5857/4903562
         >>> 找到關鍵字 "新興"; 文章資訊: 2020-10-01 16:15:47, 國內疫苗無法領先國際專家點出三大問題, https://udn.com/news/story/120884/4903152
         >>> 找到關鍵字 "新興"; 文章資訊: 2020-10-01 15:36:12, 2020台灣設計展首日鄭文燦率團前進新竹由林智堅導覽, https://udn.com/news/story/7324/4903264
         >>> 找到關鍵字 "新興"; 文章資訊: 2020-10-01 14:32:07, 影網路訂貨宅配毒品高雄警查獲幕後操控者, https://udn.com/news/story/7315/4903105
         >>> 找到關鍵字 "新興"; 文章資訊: 2020-10-01 13:42:08, 化合物半導體具戰略性業者台灣供應鏈待串聯, https://udn.com/news/story/7240/4902894
        ------------------------------------------------------
       >> 搜尋關鍵字:"爆裂物"; 網址:"https://udn.com/search/word/2/爆裂物"
         <<< 2020-10-02 沒有更多 "爆裂物" 相關的新聞 !!! >>>
        ------------------------------------------------------
       >> 搜尋關鍵字:"IED"; 網址:"https://udn.com/search/word/2/IED"
         <<< 2020-10-02 沒有更多 "IED" 相關的新聞 !!! >>>
        ------------------------------------------------------
       >> 搜尋關鍵字:"排放"; 網址:"https://udn.com/search/word/2/排放"
         >>> 找到關鍵字 "排放"; 文章資訊: 2020-10-02 02:06:13, 拚陸電動車市場大眾砸5200億, https://udn.com/news/story/7333/4904266
         >>> 找到關鍵字 "排放"; 文章資訊: 2020-10-02 01:10:47, 碳費收取鎖定290家排放大戶, https://udn.com/news/story/7238/4904015
         >>> 找到關鍵字 "排放"; 文章資訊: 2020-10-02 00:32:40, 排碳大戶台電中油努力減碳達標, https://udn.com/news/story/7314/4904270
         >>> 找到關鍵字 "排放"; 文章資訊: 2020-10-02 00:27:18, 環保署長透露年排碳量25萬噸以上擬收碳費, https://udn.com/news/story/7314/4904264
         >>> 找到關鍵字 "排放"; 文章資訊: 2020-10-01 23:57:03, 永續概念基金投報率佳, https://fund.udn.com/fund/story/5857/4904282
         >>> 找到關鍵字 "排放"; 文章資訊: 2020-10-01 23:41:47, 監控溪流水質揪禍首台中布設水盒子30台, https://udn.com/news/story/7325/4903863
         >>> 找到關鍵字 "排放"; 文章資訊: 2020-10-01 15:31:11, 秋風起空汙不易消散高市環保局要緊盯空品變化, https://udn.com/news/story/7266/4903257
         >>> 找到關鍵字 "排放"; 文章資訊: 2020-10-01 15:26:14, iOS142測試版本編碼內容暗示iPhone12將取消提供耳機配件, https://udn.com/news/story/7098/4902148
         >>> 找到關鍵字 "排放"; 文章資訊: 2020-10-01 10:41:10, 即時監控水環境台中環保局加裝30台水盒子, https://udn.com/news/story/7325/4902416
         >>> 找到關鍵字 "排放"; 文章資訊: 2020-10-01 09:00:00, 比爾蓋茲和李嘉誠都是大股東植物肉帶動熱錢滾進引爆話題的魅力在哪, https://health.udn.com/health/story/6037/4897732
         <<< 2020-10-02 沒有更多 "排放" 相關的新聞 !!! >>>
        ------------------------------------------------------
       >> 搜尋關鍵字:"污染"; 網址:"https://udn.com/search/word/2/污染"
         >>> 找到關鍵字 "污染"; 文章資訊: 2020-10-01 16:30:00, 享受烤肉避免致癌物上身顏宗海留意６原則烤肉也能很健康, https://health.udn.com/health/story/6037/4902788
         >>> 找到關鍵字 "污染"; 文章資訊: 2020-10-01 15:31:11, 秋風起空汙不易消散高市環保局要緊盯空品變化, https://udn.com/news/story/7266/4903257
         >>> 找到關鍵字 "污染"; 文章資訊: 2020-10-01 14:33:12, 桃園只有虎頭山公園能烤肉54烤肉爐全滿有人7點就登記, https://udn.com/news/story/7324/4903106
         >>> 找到關鍵字 "污染"; 文章資訊: 2020-10-01 11:20:06, 水利會改制為農田水利署揭牌成立, https://udn.com/news/story/6656/4902498
         >>> 找到關鍵字 "污染"; 文章資訊: 2020-10-01 10:30:00, 中秋烤肉趣營養師破解烤肉的４大NG行為, https://health.udn.com/health/story/6037/4897617
         <<< 2020-10-02 沒有更多 "污染" 相關的新聞 !!! >>>
        ------------------------------------------------------
       >> 搜尋關鍵字:"廢水"; 網址:"https://udn.com/search/word/2/廢水"
         >>> 找到關鍵字 "廢水"; 文章資訊: 2020-10-01 23:41:47, 監控溪流水質揪禍首台中布設水盒子30台, https://udn.com/news/story/7325/4903863
         >>> 找到關鍵字 "廢水"; 文章資訊: 2020-10-01 10:41:10, 即時監控水環境台中環保局加裝30台水盒子, https://udn.com/news/story/7325/4902416
         <<< 2020-10-02 沒有更多 "廢水" 相關的新聞 !!! >>>
        ------------------------------------------------------
       >> 搜尋關鍵字:"污水"; 網址:"https://udn.com/search/word/2/污水"
         <<< 2020-10-02 沒有更多 "污水" 相關的新聞 !!! >>>
        ------------------------------------------------------
       >> 搜尋關鍵字:"洩漏"; 網址:"https://udn.com/search/word/2/洩漏"
         >>> 找到關鍵字 "洩漏"; 文章資訊: 2020-10-02 01:26:08, 這些半導體大咖還在對岸奮鬥, https://udn.com/news/story/7240/4904027
         >>> 找到關鍵字 "洩漏"; 文章資訊: 2020-10-01 16:02:28, 國際太空站氣體外洩加劇太空人睡夢中被緊急叫醒抓漏, https://udn.com/news/story/120883/4903225
         >>> 找到關鍵字 "洩漏"; 文章資訊: 2020-10-01 15:58:05, 國際太空站驚傳氣體外洩太空人正在俄羅斯區塊全力搜尋, https://udn.com/news/story/6809/4903298
         >>> 找到關鍵字 "洩漏"; 文章資訊: 2020-10-01 12:39:38, 一張垃圾車路線圖讓東引前線守軍全都露, https://udn.com/news/story/120986/4902482
         <<< 2020-10-02 沒有更多 "洩漏" 相關的新聞 !!! >>>
        ------------------------------------------------------
       >> 搜尋關鍵字:"暗管"; 網址:"https://udn.com/search/word/2/暗管"
         <<< 2020-10-02 沒有更多 "暗管" 相關的新聞 !!! >>>
        ------------------------------------------------------
       >> 搜尋關鍵字:"偷排"; 網址:"https://udn.com/search/word/2/偷排"
         >>> 找到關鍵字 "偷排"; 文章資訊: 2020-10-01 23:41:47, 監控溪流水質揪禍首台中布設水盒子30台, https://udn.com/news/story/7325/4903863
         >>> 找到關鍵字 "偷排"; 文章資訊: 2020-10-01 10:41:10, 即時監控水環境台中環保局加裝30台水盒子, https://udn.com/news/story/7325/4902416
         <<< 2020-10-02 沒有更多 "偷排" 相關的新聞 !!! >>>
        ------------------------------------------------------
       >> 搜尋關鍵字:"安全"; 網址:"https://udn.com/search/word/2/安全"
         >>> 找到關鍵字 "安全"; 文章資訊: 2020-10-02 06:17:00, 林佳瑩台灣為什麼要跟COVAX簽約談全球衛生的合作契機, https://opinion.udn.com/opinion/story/6785/4896584
         >>> 找到關鍵字 "安全"; 文章資訊: 2020-10-02 05:10:22, 半數美參議員致函貿易代表籲啟動美台BTA談判, https://udn.com/news/story/6813/4904443
         >>> 找到關鍵字 "安全"; 文章資訊: 2020-10-02 05:10:22, 反對川普連任56名共和黨前國安官員為拜登背書, https://udn.com/news/story/6813/4904426
         >>> 找到關鍵字 "安全"; 文章資訊: 2020-10-02 04:42:05, 美參議院50跨黨派議員聯名致函敦促展開對台貿易談判, https://udn.com/news/story/7238/4904439
         >>> 找到關鍵字 "安全"; 文章資訊: 2020-10-02 02:09:07, 美眾院外委會通過法案供在美港人臨時保護身分, https://udn.com/news/story/6813/4904394
         >>> 找到關鍵字 "安全"; 文章資訊: 2020-10-02 01:13:59, 殉職警公祭陳家欽編4億改善裝備, https://udn.com/news/story/7320/4904368
         >>> 找到關鍵字 "安全"; 文章資訊: 2020-10-02 01:12:21, 德國擬立法變相封鎖華為, https://udn.com/news/story/6811/4904032
         >>> 找到關鍵字 "安全"; 文章資訊: 2020-10-02 01:10:49, 鴻海集團攻醫療傳捷報, https://udn.com/news/story/7240/4904201
         >>> 找到關鍵字 "安全"; 文章資訊: 2020-10-02 01:09:26, 嚴控軟硬體防疫旅館成功關鍵, https://udn.com/news/story/7241/4904210
         >>> 找到關鍵字 "安全"; 文章資訊: 2020-10-02 01:09:12, 前中職投手買嘉瑞車禍亡, https://udn.com/news/story/7320/4904367
         >>> 找到關鍵字 "安全"; 文章資訊: 2020-10-02 00:48:00, 合成的化妝品一定不好專家直言別上有機天然的當, https://health.udn.com/health/story/6045/4890580
         >>> 找到關鍵字 "安全"; 文章資訊: 2020-10-02 00:42:12, 夜訪女王活動人潮爆量野柳地質公園一出一進大排長龍, https://udn.com/news/story/7323/4904361
         >>> 找到關鍵字 "安全"; 文章資訊: 2020-10-02 00:41:04, 五指山軍人公墓李登輝墓基曝光軍警增兵部署監控系統, https://udn.com/news/story/6656/4904358
         >>> 找到關鍵字 "安全"; 文章資訊: 2020-10-02 00:39:08, 三陽國產小休旅接單旺, https://udn.com/news/story/7252/4903607
         >>> 找到關鍵字 "安全"; 文章資訊: 2020-10-02 00:30:10, 虹堡併歐商強攻支付業務, https://udn.com/news/story/7253/4903577
         >>> 找到關鍵字 "安全"; 文章資訊: 2020-10-02 00:28:07, 集保債票券交易導入區塊鏈, https://udn.com/news/story/7239/4903576
         >>> 找到關鍵字 "安全"; 文章資訊: 2020-10-02 00:13:10, 法案違反脫歐協議歐盟對英提訴訟, https://udn.com/news/story/6809/4904186
         >>> 找到關鍵字 "安全"; 文章資訊: 2020-10-02 00:13:10, 李登輝10月7日安葬五指山墓園警戒森嚴, https://udn.com/news/story/6656/4904285
         >>> 找到關鍵字 "安全"; 文章資訊: 2020-10-02 00:05:03, 2020第17屆台積電青年學生文學獎散文組三獎賴宛妤粉紅, https://udn.com/news/story/12661/4900265
         >>> 找到關鍵字 "安全"; 文章資訊: 2020-10-02 00:00:08, 美神秘大數據公司帕蘭泰爾上市市值飆6000多億, https://udn.com/news/story/6811/4904221
        ------------------------------------------------------
       >> 搜尋關鍵字:"槽車"; 網址:"https://udn.com/search/word/2/槽車"
         >>> 找到關鍵字 "槽車"; 文章資訊: 2020-10-02 06:49:08, 不斷更新中秋連假第二天北上南下建議這時間出發, https://udn.com/news/story/11474/4904480
         <<< 2020-10-02 沒有更多 "槽車" 相關的新聞 !!! >>>
       >> 檔案輸出
        ------------------------------------------------------
      >> 下載新聞內容
      >> 下載 https://udn.com/news/story/7314/4904212, 水利會改制農田水利署掛牌
      >> 下載 https://udn.com/news/story/7238/4903365, 10月天然氣價格不調整桶裝瓦斯一桶漲8元
      >> 下載 https://udn.com/news/story/7314/4902528, 水利會官派農田水利署正式揭牌今天成立重水源調度
      >> 下載 https://udn.com/news/story/6811/4904379, 英法股市收盤小漲德股遭拜耳拖累收跌
      >> 下載 https://udn.com/news/story/7240/4904037, 高啟全王永慶張忠謀愛將
      >> 下載 https://udn.com/news/story/7238/4904136, 境外資金回流香港占大宗
      >> 下載 https://udn.com/news/story/7333/4904317, 中國花博會上海台協參展
      >> 下載 https://udn.com/news/story/7238/4903550, 海外個人資金匯回香港占逾八成
      >> 下載 https://udn.com/news/story/7086/4902150, Arm擴展車用系統與自動化工業應用需求推動ProjectCassini設計
      >> 下載 https://udn.com/news/story/7314/4902902, 水利會官派被疑綁樁農水署長事務官需行政中立
      >> 下載 https://udn.com/news/story/7266/4902724, 南迴鐵路電氣化台東端中秋首次送電成功
      >> 下載 https://udn.com/news/story/6811/4902697, 研究中資收購歐洲企業背後常有政府影子
      >> 下載 https://udn.com/news/story/7333/4904317, 中國花博會上海台協參展
      >> 下載 https://health.udn.com/health/story/6045/4890580, 合成的化妝品一定不好專家直言別上有機天然的當
      >> 下載 https://udn.com/news/story/6928/4903777, 台灣創新技術博覽會元智獲獲得7獎項
      >> 下載 https://udn.com/news/story/7266/4903537, 從少見癌症日揭開癌細胞基因秘密的打怪冒險之旅
      >> 下載 https://udn.com/news/story/7266/4903397, 又是五寮里筍園三峽登革熱群聚今再增2例已累計25人
      >> 下載 https://udn.com/news/story/7266/4896533, 大佛普拉斯後的全新感悟同學麥娜絲道出真實人生的無奈嘆息
      >> 下載 https://global.udn.com/global_vision/story/8663/4899445, 黑暗巨塔德意志銀行如何逃過戰後納粹清算
      >> 下載 https://health.udn.com/health/story/6037/4900835, 吃蝦配檸檬等於吃砒霜中秋烤肉怎麼吃才安全
      >> 下載 https://udn.com/news/story/120883/4903225, 國際太空站氣體外洩加劇太空人睡夢中被緊急叫醒抓漏
      >> 下載 https://udn.com/news/story/6809/4903298, 國際太空站驚傳氣體外洩太空人正在俄羅斯區塊全力搜尋
      >> 下載 https://health.udn.com/health/story/6037/4902881, 季節更替脾胃易出狀況3道初秋食療藥膳幫你養生護脾胃
      >> 下載 https://udn.com/news/story/120986/4902482, 一張垃圾車路線圖讓東引前線守軍全都露
      >> 下載 https://udn.com/news/story/7266/4904226, 又見藥品下架世達再回收6款藥
      >> 下載 https://udn.com/news/story/7266/4904224, 我嬰兒死亡率偏高城鄉差距嚴重
      >> 下載 https://house.udn.com/house/story/5886/4904001, 名家觀點都更條例修法要能行遍天下
      >> 下載 https://udn.com/news/story/7325/4903693, 長榮樂團中秋夜南投奏響樂音舉辦戶外無菸音樂會
      >> 下載 https://udn.com/news/story/7320/4903483, 熱影像儀搭配共生面罩雲林成功從火場救出受困老人
      >> 下載 https://udn.com/news/story/7325/4903334, 誤傷頻發生無法忍受台灣黑熊協會管理應更精進
      >> 下載 https://udn.com/news/story/7332/4903241, 邊騎車邊用電腦被封車神清華生有苦衷
      >> 下載 https://udn.com/news/story/6809/4903218, 美國防長訪突尼西亞簽10年軍事合作協議
      >> 下載 https://udn.com/news/story/7315/4903105, 影網路訂貨宅配毒品高雄警查獲幕後操控者
      >> 下載 https://udn.com/news/story/7325/4902893, 影誤陷山豬吊的台灣黑熊正要麻醉搶救至急救站
      >> 下載 https://udn.com/news/story/7321/4902638, 小貨車被檢舉鐵路平交道超車挨罰34000元法院撤銷罰單
      >> 下載 https://udn.com/news/story/7321/4902581, 五楊高架上不滿被按喇叭駕駛惡意急煞釀追撞還囂張揮鐮刀
      >> 下載 https://udn.com/news/story/7325/4902471, 台灣黑熊誤入果園受困鋼索專家人多不利救援已管制
      >> 下載 https://health.udn.com/health/story/6037/4897732, 比爾蓋茲和李嘉誠都是大股東植物肉帶動熱錢滾進引爆話題的魅力在哪
      >> 下載 https://health.udn.com/health/story/6008/4902911, 路邊野菇不要採認明這2種植物別誤食
      >> 下載 https://udn.com/news/story/7315/4903105, 影網路訂貨宅配毒品高雄警查獲幕後操控者
      >> 下載 https://udn.com/news/story/7266/4902911, 路邊野菇不要採認明這2種植物別誤食
      >> 下載 https://health.udn.com/health/story/5976/4901189, 愛護腎臟從謹腎用藥開始
      >> 下載 https://udn.com/news/story/7321/4902291, 4度毒駕肇禍女童死母重傷粗工二審改判7年賠償近千萬
      >> 下載 https://health.udn.com/health/story/6037/4900835, 吃蝦配檸檬等於吃砒霜中秋烤肉怎麼吃才安全
      >> 下載 https://udn.com/news/story/11474/4899614, 中秋全台烤肉香烤香腸先戳洞搭配芭樂大蒜吃免驚
      >> 下載 https://udn.com/news/story/7326/4903847, 在地心產業小夫妻創乾拌麵6年外銷14國
      >> 下載 https://udn.com/news/story/7241/4903866, 影宇宙級飛行體驗星宇追月號正式啟航
      >> 下載 https://health.udn.com/health/story/6037/4902788, 享受烤肉避免致癌物上身顏宗海留意６原則烤肉也能很健康
      >> 下載 https://udn.com/news/story/7323/4903118, 來新北音樂盒野餐4日登場邀民眾白天玩到晚上
      >> 下載 https://health.udn.com/health/story/6037/4901075, 中秋月圓人不圓做好這７件事燒烤也能安心健康吃
      >> 下載 https://udn.com/news/story/121484/4897184, 節慶日逼自己只能喜悅容易變焦慮或憂鬱
      >> 下載 https://udn.com/news/story/12661/4900265, 2020第17屆台積電青年學生文學獎散文組三獎賴宛妤粉紅
      >> 下載 https://udn.com/news/story/7266/4903718, 我的經驗王明鉅腳綁沙包控糖練出好體力
      >> 下載 https://udn.com/news/story/7266/4903565, 名醫女兒說爸爸體力勝過大學同學王明鉅透露練肌秘訣
      >> 下載 https://udn.com/news/story/7268/4897467, 心理測驗藏秘密選月餅透露你心裡深處未圓的遺憾
      >> 下載 https://udn.com/news/story/11474/4900480, 中秋烤肉不能只知道吃魷魚透抽軟絲章魚還傻傻分不清嗎
      >> 下載 https://health.udn.com/health/story/6045/4890580, 合成的化妝品一定不好專家直言別上有機天然的當
      >> 下載 https://health.udn.com/health/story/5976/4901189, 愛護腎臟從謹腎用藥開始
      >> 下載 https://health.udn.com/health/story/6037/4900835, 吃蝦配檸檬等於吃砒霜中秋烤肉怎麼吃才安全
      >> 下載 https://udn.com/news/story/7321/4904371, 偷車賊撞警辯以為仇家妨害公務判無罪
      >> 下載 https://udn.com/news/story/7315/4903432, 全國同步威力檢肅屏東警聯合桃園警5天共逮124人
      >> 下載 https://udn.com/news/story/10930/4903431, 軍車違規要連坐國防部公告軍車管理處罰辦法修正條文
      >> 下載 https://udn.com/news/story/7315/4903105, 影網路訂貨宅配毒品高雄警查獲幕後操控者
      >> 下載 https://stars.udn.com/star/story/10092/4902636, 日本大無限樂團前成員染毒遭判刑
      >> 下載 https://udn.com/news/story/7321/4902454, 法官信了男子衝撞警察稱以為是仇家妨害公務無罪
      >> 下載 https://udn.com/news/story/7321/4902291, 4度毒駕肇禍女童死母重傷粗工二審改判7年賠償近千萬
      >> 下載 https://udn.com/news/story/7266/4904226, 又見藥品下架世達再回收6款藥
      >> 下載 https://udn.com/news/story/7332/4903583, 上海機場東航機務人員被飛機牽引車輾斃網民看畫面細思極恐
      >> 下載 https://udn.com/news/story/7266/4903538, 次世代基因定序爭取治療時間卻面臨生命與金錢拔河
      >> 下載 https://health.udn.com/health/story/6037/4902788, 享受烤肉避免致癌物上身顏宗海留意６原則烤肉也能很健康
      >> 下載 https://health.udn.com/health/story/5976/4901189, 愛護腎臟從謹腎用藥開始
      >> 下載 https://health.udn.com/health/story/6037/4902585, 中秋夜烤肉營養師3招教你怎麼健康吃
      >> 下載 https://udn.com/news/story/11474/4902585, 中秋夜烤肉營養師3招教你怎麼健康吃
      >> 下載 https://health.udn.com/health/story/6037/4901075, 中秋月圓人不圓做好這７件事燒烤也能安心健康吃
      >> 下載 https://health.udn.com/health/story/6016/4902333, 生命與金錢的拔河次世代基因定序助癌症病患爭取治療時間
      >> 下載 https://health.udn.com/health/story/6037/4897617, 中秋烤肉趣營養師破解烤肉的４大NG行為
      >> 下載 https://health.udn.com/health/story/6037/4900835, 吃蝦配檸檬等於吃砒霜中秋烤肉怎麼吃才安全
      >> 下載 https://udn.com/news/story/11474/4899614, 中秋全台烤肉香烤香腸先戳洞搭配芭樂大蒜吃免驚
      >> 下載 https://health.udn.com/health/story/6045/4890580, 合成的化妝品一定不好專家直言別上有機天然的當
      >> 下載 https://udn.com/news/story/7326/4903821, 台南後壁掩埋爐渣田遭爆委託出售
      >> 下載 https://health.udn.com/health/story/5976/4901189, 愛護腎臟從謹腎用藥開始
      >> 下載 https://udn.com/news/story/7315/4902512, 坑人農田下方埋爐渣竟要出售台南環團爆料防受害
      >> 下載 https://health.udn.com/health/story/6037/4897617, 中秋烤肉趣營養師破解烤肉的４大NG行為
      >> 下載 https://udn.com/news/story/121484/4897121, 孩子歡必霸有3種聰明父母如何識別疏通情緒
      >> 下載 https://udn.com/news/story/11474/4899614, 中秋全台烤肉香烤香腸先戳洞搭配芭樂大蒜吃免驚
      >> 下載 https://udn.com/news/story/7338/4904220, 聯合報社論放狠話帶風向不應是為政者的好風格
      >> 下載 https://udn.com/news/story/7328/4904252, 宜蘭嚴選冠軍米出爐藍耀毅像呵護孩子種出好稻米
      >> 下載 https://udn.com/news/story/120884/4903387, 蘇揆位穩上防疫有成壓過強勢作風爭議黨內蔡蘇體制不會異動
      >> 下載 https://udn.com/news/story/7326/4902778, 防萊豬嘉義市導入智慧平台學童家長可上網查食材
      >> 下載 https://health.udn.com/health/story/6037/4902585, 中秋夜烤肉營養師3招教你怎麼健康吃
      >> 下載 https://udn.com/news/story/11474/4902585, 中秋夜烤肉營養師3招教你怎麼健康吃
      >> 下載 https://health.udn.com/health/story/6037/4897732, 比爾蓋茲和李嘉誠都是大股東植物肉帶動熱錢滾進引爆話題的魅力在哪
      >> 下載 https://udn.com/news/story/9750/4902212, 瘦肉精豬肉怎麼吃才不會超標哪些族群要小心
      >> 找不到新聞內容，可能是新聞的格式不同所致。
      >> 下載 https://udn.com/news/story/120940/4902226, 因疫情未開食安會議王鴻薇陳時中離市長越來越遠
      >> 下載 https://udn.com/news/story/12662/4897917, 走味關係新專欄登場胃尋台東
      >> 下載 https://health.udn.com/health/story/6045/4890580, 合成的化妝品一定不好專家直言別上有機天然的當
      >> 下載 https://health.udn.com/health/story/6037/4902652, 吃月餅烤肉怕胖教育部示範中秋閃脂4招
      >> 下載 https://health.udn.com/health/story/6036/4889735, 吃當季柚子除了直接吃也可做高級料理達人教你做營養美味的３道柚子西菜
      >> 下載 https://health.udn.com/health/story/6036/4889682, 吃當季柚子助消化解便秘但熱量不低吃下整顆熱量高達500大卡有三種人要注意
      >> 下載 https://udn.com/news/story/7266/4902652, 吃月餅烤肉怕胖教育部示範中秋閃脂4招
      >> 下載 https://health.udn.com/health/story/6037/4897617, 中秋烤肉趣營養師破解烤肉的４大NG行為
      >> 下載 https://opinion.udn.com/opinion/story/6785/4896584, 林佳瑩台灣為什麼要跟COVAX簽約談全球衛生的合作契機
      >> 下載 https://udn.com/news/story/6811/4904096, 玉米期貨攀七個月高點
      >> 下載 https://udn.com/news/story/6813/4904126, 川普下令擴大稀土開採
      >> 下載 https://health.udn.com/health/story/6045/4890580, 合成的化妝品一定不好專家直言別上有機天然的當
      >> 下載 https://health.udn.com/health/story/6037/4902881, 季節更替脾胃易出狀況3道初秋食療藥膳幫你養生護脾胃
      >> 下載 https://udn.com/news/story/7320/4902807, 口罩國家隊涉違法轉包增產釩泰呼籲政府建立輔導機制
      >> 下載 https://udn.com/news/story/6813/4902598, 因應中國大陸威脅川普簽署命令擴大稀土開採
      >> 下載 https://global.udn.com/global_vision/story/8663/4899445, 黑暗巨塔德意志銀行如何逃過戰後納粹清算
      >> 下載 https://health.udn.com/health/story/6037/4897732, 比爾蓋茲和李嘉誠都是大股東植物肉帶動熱錢滾進引爆話題的魅力在哪
      >> 下載 https://health.udn.com/health/story/6037/4897565, 哪個季節的茶最好專家教你分辨不同季節的茶個性
      >> 下載 https://udn.com/news/story/7241/4903966, 不出國悶壞了百貨周年慶買氣爆發
      >> 下載 https://udn.com/news/story/7326/4903847, 在地心產業小夫妻創乾拌麵6年外銷14國
      >> 下載 https://health.udn.com/health/story/6037/4902585, 中秋夜烤肉營養師3招教你怎麼健康吃
      >> 下載 https://udn.com/news/story/11474/4902585, 中秋夜烤肉營養師3招教你怎麼健康吃
      >> 下載 https://udn.com/news/story/7320/4902807, 口罩國家隊涉違法轉包增產釩泰呼籲政府建立輔導機制
      >> 下載 https://udn.com/news/story/11474/4899614, 中秋全台烤肉香烤香腸先戳洞搭配芭樂大蒜吃免驚
      >> 下載 https://udn.com/news/story/7327/4903792, 烈嶼華南汽水廠再造盼重現風華
      >> 下載 https://udn.com/news/story/7327/4903899, 烈嶼華南汽水廠玩創意活化蛻變成懷舊故事館
      >> 下載 https://udn.com/news/story/7331/4903631, 十一黃金周第一天各地景區爆滿高速公路動彈不得
      >> 下載 https://stars.udn.com/star/story/10092/4903566, 專訪躺棺材嚇壞阿嬤金曲準歌王JShoen不想坐冷板凳
      >> 下載 https://udn.com/news/story/7327/4903460, 烈嶼華南汽水廠重生丸樂世界蛻變成文創基地
      >> 下載 https://udn.com/news/story/12806/4903388, 為何資訊發達在股市賺錢仍是少數股民點出這2原因是關鍵
      >> 下載 https://udn.com/news/story/7320/4903353, 桃園透天厝火警4人受困阿嬤一度OCHA電自行車惹禍
      >> 下載 https://udn.com/news/story/7320/4903243, 竹南國3南下中午6車追撞中秋節車流一度回堵6公里
      >> 下載 https://udn.com/news/story/120911/4902756, 北市公車變電箱突起火她驚恐不要放有水的東西
      >> 下載 https://udn.com/news/story/121484/4897121, 孩子歡必霸有3種聰明父母如何識別疏通情緒
      >> 下載 https://global.udn.com/global_vision/story/8663/4899445, 黑暗巨塔德意志銀行如何逃過戰後納粹清算
      >> 下載 https://udn.com/news/story/7243/4904029, 超商攻團購須逐筆開發票
      >> 下載 https://udn.com/news/story/6811/4904107, 國際變數多亞股剉著等
      >> 下載 https://udn.com/news/story/7240/4904045, 台灣DRAM教父高啟全離開紫光集團
      >> 下載 https://udn.com/news/story/7238/4904351, 名人TALKS走過新冠巨變全球邁向復甦
      >> 下載 https://udn.com/news/story/7239/4904239, 未來10年10大投資主題
      >> 下載 https://udn.com/news/story/7240/4904243, 宅經濟發威創作者筆電3種市場需求
      >> 下載 https://udn.com/news/story/7254/4903609, 鈊象傳奇攻海外報捷
      >> 下載 https://udn.com/news/story/7254/4903578, 中光電TV背光模組出貨衝
      >> 下載 https://fund.udn.com/fund/story/5856/4904280, 債券商品資金漸回流
      >> 下載 https://fund.udn.com/fund/story/5858/4904277, 超前投資緊抓十趨勢
      >> 下載 https://fund.udn.com/fund/story/5858/4904246, Q4投資策略股票優先
      >> 下載 https://udn.com/news/story/7324/4903727, 台灣設計展開展鄭文燦驚豔
      >> 下載 https://udn.com/news/story/6809/4903717, 美封殺TikTok歐洲卻照瘋英國挪威尤甚
      >> 下載 https://udn.com/news/story/7325/4903693, 長榮樂團中秋夜南投奏響樂音舉辦戶外無菸音樂會
      >> 下載 https://udn.com/news/story/7239/4903686, 國人最愛十檔境外基金今年來只有兩檔正報酬
      >> 下載 https://fund.udn.com/fund/story/5857/4903562, Q4布局首選科技族
      >> 下載 https://udn.com/news/story/120884/4903152, 國內疫苗無法領先國際專家點出三大問題
      >> 下載 https://udn.com/news/story/7324/4903264, 2020台灣設計展首日鄭文燦率團前進新竹由林智堅導覽
      >> 下載 https://udn.com/news/story/7315/4903105, 影網路訂貨宅配毒品高雄警查獲幕後操控者
      >> 下載 https://udn.com/news/story/7240/4902894, 化合物半導體具戰略性業者台灣供應鏈待串聯
      >> 下載 https://udn.com/news/story/7333/4904266, 拚陸電動車市場大眾砸5200億
      >> 下載 https://udn.com/news/story/7238/4904015, 碳費收取鎖定290家排放大戶
      >> 下載 https://udn.com/news/story/7314/4904270, 排碳大戶台電中油努力減碳達標
      >> 下載 https://udn.com/news/story/7314/4904264, 環保署長透露年排碳量25萬噸以上擬收碳費
      >> 下載 https://fund.udn.com/fund/story/5857/4904282, 永續概念基金投報率佳
      >> 下載 https://udn.com/news/story/7325/4903863, 監控溪流水質揪禍首台中布設水盒子30台
      >> 下載 https://udn.com/news/story/7266/4903257, 秋風起空汙不易消散高市環保局要緊盯空品變化
      >> 下載 https://udn.com/news/story/7098/4902148, iOS142測試版本編碼內容暗示iPhone12將取消提供耳機配件
      >> 下載 https://udn.com/news/story/7325/4902416, 即時監控水環境台中環保局加裝30台水盒子
      >> 下載 https://health.udn.com/health/story/6037/4897732, 比爾蓋茲和李嘉誠都是大股東植物肉帶動熱錢滾進引爆話題的魅力在哪
      >> 下載 https://health.udn.com/health/story/6037/4902788, 享受烤肉避免致癌物上身顏宗海留意６原則烤肉也能很健康
      >> 下載 https://udn.com/news/story/7266/4903257, 秋風起空汙不易消散高市環保局要緊盯空品變化
      >> 下載 https://udn.com/news/story/7324/4903106, 桃園只有虎頭山公園能烤肉54烤肉爐全滿有人7點就登記
      >> 下載 https://udn.com/news/story/6656/4902498, 水利會改制為農田水利署揭牌成立
      >> 下載 https://health.udn.com/health/story/6037/4897617, 中秋烤肉趣營養師破解烤肉的４大NG行為
      >> 下載 https://udn.com/news/story/7325/4903863, 監控溪流水質揪禍首台中布設水盒子30台
      >> 下載 https://udn.com/news/story/7325/4902416, 即時監控水環境台中環保局加裝30台水盒子
      >> 下載 https://udn.com/news/story/7240/4904027, 這些半導體大咖還在對岸奮鬥
      >> 下載 https://udn.com/news/story/120883/4903225, 國際太空站氣體外洩加劇太空人睡夢中被緊急叫醒抓漏
      >> 下載 https://udn.com/news/story/6809/4903298, 國際太空站驚傳氣體外洩太空人正在俄羅斯區塊全力搜尋
      >> 下載 https://udn.com/news/story/120986/4902482, 一張垃圾車路線圖讓東引前線守軍全都露
      >> 下載 https://udn.com/news/story/7325/4903863, 監控溪流水質揪禍首台中布設水盒子30台
      >> 下載 https://udn.com/news/story/7325/4902416, 即時監控水環境台中環保局加裝30台水盒子
      >> 下載 https://opinion.udn.com/opinion/story/6785/4896584, 林佳瑩台灣為什麼要跟COVAX簽約談全球衛生的合作契機
      >> 下載 https://udn.com/news/story/6813/4904443, 半數美參議員致函貿易代表籲啟動美台BTA談判
      >> 下載 https://udn.com/news/story/6813/4904426, 反對川普連任56名共和黨前國安官員為拜登背書
      >> 下載 https://udn.com/news/story/7238/4904439, 美參議院50跨黨派議員聯名致函敦促展開對台貿易談判
      >> 下載 https://udn.com/news/story/6813/4904394, 美眾院外委會通過法案供在美港人臨時保護身分
      >> 下載 https://udn.com/news/story/7320/4904368, 殉職警公祭陳家欽編4億改善裝備
      >> 下載 https://udn.com/news/story/6811/4904032, 德國擬立法變相封鎖華為
      >> 下載 https://udn.com/news/story/7240/4904201, 鴻海集團攻醫療傳捷報
      >> 下載 https://udn.com/news/story/7241/4904210, 嚴控軟硬體防疫旅館成功關鍵
      >> 下載 https://udn.com/news/story/7320/4904367, 前中職投手買嘉瑞車禍亡
      >> 下載 https://health.udn.com/health/story/6045/4890580, 合成的化妝品一定不好專家直言別上有機天然的當
      >> 下載 https://udn.com/news/story/7323/4904361, 夜訪女王活動人潮爆量野柳地質公園一出一進大排長龍
      >> 下載 https://udn.com/news/story/6656/4904358, 五指山軍人公墓李登輝墓基曝光軍警增兵部署監控系統
      >> 下載 https://udn.com/news/story/7252/4903607, 三陽國產小休旅接單旺
      >> 下載 https://udn.com/news/story/7253/4903577, 虹堡併歐商強攻支付業務
      >> 下載 https://udn.com/news/story/7239/4903576, 集保債票券交易導入區塊鏈
      >> 下載 https://udn.com/news/story/6809/4904186, 法案違反脫歐協議歐盟對英提訴訟
      >> 下載 https://udn.com/news/story/6656/4904285, 李登輝10月7日安葬五指山墓園警戒森嚴
      >> 下載 https://udn.com/news/story/12661/4900265, 2020第17屆台積電青年學生文學獎散文組三獎賴宛妤粉紅
      >> 下載 https://udn.com/news/story/6811/4904221, 美神秘大數據公司帕蘭泰爾上市市值飆6000多億
      >> 下載 https://udn.com/news/story/11474/4904480, 不斷更新中秋連假第二天北上南下建議這時間出發
