     -----> 新聞爬蟲：聯合新聞網

           <<< 聯合新聞網新聞搜尋 >>>
        ------------------------------------------------------
        ------------------------------------------------------
       >> 搜尋關鍵字:"工業用"; 網址:"https://udn.com/search/word/2/工業用"
         >>> 找到關鍵字 "工業用"; 文章資訊: 2020-10-09 23:34:06, 水情急王美花目前不會衝擊產業, https://udn.com/news/story/7266/4923796
         >>> 找到關鍵字 "工業用"; 文章資訊: 2020-10-09 17:11:12, 嘉雲蘭潭仁義潭湖山水庫蓄水超過9成年底供水無虞, https://udn.com/news/story/7326/4923263
         >>> 找到關鍵字 "工業用"; 文章資訊: 2020-10-09 11:32:08, 石門水庫首次無颱風降雨王美花二期灌溉將公布對策, https://udn.com/news/story/7266/4922447
         <<< 2020-10-10 沒有更多 "工業用" 相關的新聞 !!! >>>
        ------------------------------------------------------
       >> 搜尋關鍵字:"化工"; 網址:"https://udn.com/search/word/2/化工"
         >>> 找到關鍵字 "化工"; 文章資訊: 2020-10-09 14:25:10, 人間國寶張日貴家鄉滿州聲音博物館感性啟用, https://udn.com/news/story/7327/4922991
         <<< 2020-10-10 沒有更多 "化工" 相關的新聞 !!! >>>
        ------------------------------------------------------
       >> 搜尋關鍵字:"化災"; 網址:"https://udn.com/search/word/2/化災"
         <<< 2020-10-10 沒有更多 "化災" 相關的新聞 !!! >>>
        ------------------------------------------------------
       >> 搜尋關鍵字:"化學"; 網址:"https://udn.com/search/word/2/化學"
         >>> 找到關鍵字 "化學"; 文章資訊: 2020-10-10 00:54:11, 誤吞鈕扣電池4歲女童暴斃, https://udn.com/news/story/7315/4924113
         >>> 找到關鍵字 "化學"; 文章資訊: 2020-10-10 00:21:43, 美人腿給她勇氣勵馨女兒獎肯定, https://udn.com/news/story/6885/4924087
         >>> 找到關鍵字 "化學"; 文章資訊: 2020-10-09 23:43:38, 密謀綁架密西根州長13嫌被捕, https://udn.com/news/story/6813/4924080
         >>> 找到關鍵字 "化學"; 文章資訊: 2020-10-09 22:56:44, 質譜分析儀快又準新北蔬果藥不得9天檢出19件, https://udn.com/news/story/7323/4923689
         >>> 找到關鍵字 "化學"; 文章資訊: 2020-10-09 20:06:02, 諾貝爾獎得主珍妮佛道納以基因編輯大革命警示世人, https://udn.com/news/story/12674/4923446
         >>> 找到關鍵字 "化學"; 文章資訊: 2020-10-09 19:27:59, 智庫台灣加入CPTPP大馬GDP增138億元, https://udn.com/news/story/6811/4923427
         >>> 找到關鍵字 "化學"; 文章資訊: 2020-10-09 19:25:09, 從小裝義肢她感謝美人腿帶她冒險前行, https://udn.com/news/story/7266/4923429
         >>> 找到關鍵字 "化學"; 文章資訊: 2020-10-09 17:40:27, 2020諾貝爾和平獎搶救饑荒但止不住組織性侵的世界糧食計劃署, https://global.udn.com/global_vision/story/8662/4923098
         >>> 找到關鍵字 "化學"; 文章資訊: 2020-10-09 17:05:07, 諾貝爾和平獎揭曉世界糧食計畫署獲殊榮, https://udn.com/news/story/120764/4923258
         >>> 找到關鍵字 "化學"; 文章資訊: 2020-10-09 14:57:10, 泰山汽修與師大跨界合作用VR學汽車美容, https://udn.com/news/story/6885/4923052
         >>> 找到關鍵字 "化學"; 文章資訊: 2020-10-09 08:00:00, 重訓新手該怎麼選擇鍛鍊方法專家教你依5大項判斷, https://health.udn.com/health/story/6033/4917407
         <<< 2020-10-10 沒有更多 "化學" 相關的新聞 !!! >>>
        ------------------------------------------------------
       >> 搜尋關鍵字:"外洩"; 網址:"https://udn.com/search/word/2/外洩"
         >>> 找到關鍵字 "外洩"; 文章資訊: 2020-10-10 00:14:44, 聯合報黑白集特定勢力威脅言論自由, https://udn.com/news/story/7338/4924067
         >>> 找到關鍵字 "外洩"; 文章資訊: 2020-10-09 23:31:06, 防北韓中國間諜日本警視廳外事部門擬改組, https://udn.com/news/story/6809/4923847
         >>> 找到關鍵字 "外洩"; 文章資訊: 2020-10-09 20:06:18, 比地球更適合生命生存科學家發現24個超宜居星球, https://udn.com/news/story/120883/4922954
         >>> 找到關鍵字 "外洩"; 文章資訊: 2020-10-09 10:07:36, 林立洋妻控婚姻遭破壞陳柏渝衰被指小三怒反擊, https://stars.udn.com/star/story/10088/4922232
         <<< 2020-10-10 沒有更多 "外洩" 相關的新聞 !!! >>>
        ------------------------------------------------------
       >> 搜尋關鍵字:"危害"; 網址:"https://udn.com/search/word/2/危害"
         >>> 找到關鍵字 "危害"; 文章資訊: 2020-10-10 00:51:27, 回家殺你們父母嚇壞仍原諒病兒, https://udn.com/news/story/7321/4924121
         >>> 找到關鍵字 "危害"; 文章資訊: 2020-10-10 00:13:11, 下周審美豬蔣萬安衛福部先互嗆, https://udn.com/news/story/9750/4924103
         >>> 找到關鍵字 "危害"; 文章資訊: 2020-10-10 00:02:00, 蹲下站起來頭就暈姿勢性昏厥好發6大族群醫師教這樣防範, https://health.udn.com/health/story/5965/4919827
         >>> 找到關鍵字 "危害"; 文章資訊: 2020-10-09 22:58:12, 建案開挖路崩裂基市府勒令停工, https://udn.com/news/story/7328/4923695
         >>> 找到關鍵字 "危害"; 文章資訊: 2020-10-09 20:06:57, 女清潔隊員騎車遭酒駕男追撞命危家屬放棄急救, https://udn.com/news/story/7320/4923461
         >>> 找到關鍵字 "危害"; 文章資訊: 2020-10-09 17:07:11, 基隆龍安街建案施工路面崩裂居民憂安全市府勒令停工, https://udn.com/news/story/7328/4923259
         >>> 找到關鍵字 "危害"; 文章資訊: 2020-10-09 13:14:53, 黑鷹2年摔2架因訓練不足去年比表定少了233次, https://udn.com/news/story/120986/4922581
         >>> 找到關鍵字 "危害"; 文章資訊: 2020-10-09 12:40:00, 偉大的俄羅斯回來了黨的面前沒有愛情史達林恐怖下的壓抑悲傷, https://global.udn.com/global_vision/story/8664/4920194
         >>> 找到關鍵字 "危害"; 文章資訊: 2020-10-09 10:47:05, 計畫殺父母矯正機關校長父母認兒暴戾氣已消獲輕判, https://udn.com/news/story/7321/4922309
         >>> 找到關鍵字 "危害"; 文章資訊: 2020-10-09 10:00:00, 為什麼牛肉可吃半熟而雞豬不行家醫科醫師替你解惑, https://health.udn.com/health/story/6037/4919663
         >>> 找到關鍵字 "危害"; 文章資訊: 2020-10-09 07:56:04, 高市托嬰中心昨驚傳食物中毒4幼童送醫, https://udn.com/news/story/7320/4922102
         >>> 找到關鍵字 "危害"; 文章資訊: 2020-10-09 07:50:30, 美政府考慮禁用支付寶微信支付恐引發陸對美企報復潮, https://udn.com/news/story/7086/4922005
         <<< 2020-10-10 沒有更多 "危害" 相關的新聞 !!! >>>
        ------------------------------------------------------
       >> 搜尋關鍵字:"有毒"; 網址:"https://udn.com/search/word/2/有毒"
         >>> 找到關鍵字 "有毒"; 文章資訊: 2020-10-10 02:12:08, 父子齊心達爾膚挺過轉骨低潮, https://udn.com/news/story/7241/4923466
         <<< 2020-10-10 沒有更多 "有毒" 相關的新聞 !!! >>>
        ------------------------------------------------------
       >> 搜尋關鍵字:"有害"; 網址:"https://udn.com/search/word/2/有害"
         >>> 找到關鍵字 "有害"; 文章資訊: 2020-10-09 11:17:06, 臺灣企銀主辦達清環保2258億聯貸案, https://udn.com/news/story/7239/4922393
         <<< 2020-10-10 沒有更多 "有害" 相關的新聞 !!! >>>
        ------------------------------------------------------
       >> 搜尋關鍵字:"色料"; 網址:"https://udn.com/search/word/2/色料"
         <<< 2020-10-10 沒有更多 "色料" 相關的新聞 !!! >>>
        ------------------------------------------------------
       >> 搜尋關鍵字:"色素"; 網址:"https://udn.com/search/word/2/色素"
         >>> 找到關鍵字 "色素"; 文章資訊: 2020-10-09 17:55:40, 印尼部落居民擁極美藍眼睛網友驚呼像森林守護者, https://udn.com/news/story/6812/4923322
         <<< 2020-10-10 沒有更多 "色素" 相關的新聞 !!! >>>
        ------------------------------------------------------
       >> 搜尋關鍵字:"毒性"; 網址:"https://udn.com/search/word/2/毒性"
         >>> 找到關鍵字 "毒性"; 文章資訊: 2020-10-09 23:49:38, 探索新聞心傷未癒情緒異常目睹兒恐變施暴者, https://udn.com/news/story/7314/4924075
         >>> 找到關鍵字 "毒性"; 文章資訊: 2020-10-09 17:05:00, 洗腎都是因吃太多藥哪一種止痛藥會傷腎醫師解惑腎臟病迷思, https://health.udn.com/health/story/5975/4919822
         <<< 2020-10-10 沒有更多 "毒性" 相關的新聞 !!! >>>
        ------------------------------------------------------
       >> 搜尋關鍵字:"毒品"; 網址:"https://udn.com/search/word/2/毒品"
         >>> 找到關鍵字 "毒品"; 文章資訊: 2020-10-09 15:58:06, 情侶買毒正要嗨遇警飛車逃他護女友想一肩扛驗尿破功, https://udn.com/news/story/7320/4923169
         >>> 找到關鍵字 "毒品"; 文章資訊: 2020-10-09 14:10:07, 影通緝男見警敲門往後陽台丟包毒品難逃警前後包夾, https://udn.com/news/story/7315/4922925
         >>> 找到關鍵字 "毒品"; 文章資訊: 2020-10-09 10:40:07, 影通通趴下北市賭場國慶前夕首日開張馬上被衝破, https://udn.com/news/story/7315/4922294
         <<< 2020-10-10 沒有更多 "毒品" 相關的新聞 !!! >>>
        ------------------------------------------------------
       >> 搜尋關鍵字:"致癌"; 網址:"https://udn.com/search/word/2/致癌"
         >>> 找到關鍵字 "致癌"; 文章資訊: 2020-10-10 02:12:08, 父子齊心達爾膚挺過轉骨低潮, https://udn.com/news/story/7241/4923466
         <<< 2020-10-10 沒有更多 "致癌" 相關的新聞 !!! >>>
        ------------------------------------------------------
       >> 搜尋關鍵字:"重金屬"; 網址:"https://udn.com/search/word/2/重金屬"
         >>> 找到關鍵字 "重金屬"; 文章資訊: 2020-10-10 02:12:08, 父子齊心達爾膚挺過轉骨低潮, https://udn.com/news/story/7241/4923466
         <<< 2020-10-10 沒有更多 "重金屬" 相關的新聞 !!! >>>
        ------------------------------------------------------
       >> 搜尋關鍵字:"食安"; 網址:"https://udn.com/search/word/2/食安"
         >>> 找到關鍵字 "食安"; 文章資訊: 2020-10-10 00:21:37, 對抗飢餓世界糧食署摘諾貝爾和平獎, https://udn.com/news/story/120764/4924144
         >>> 找到關鍵字 "食安"; 文章資訊: 2020-10-10 00:10:32, 新聞眼反美豬大戰藍先鎖定食安, https://udn.com/news/story/9750/4924099
         >>> 找到關鍵字 "食安"; 文章資訊: 2020-10-10 00:07:18, 全國豬協將改選擴大反美豬戰場, https://udn.com/news/story/9750/4924098
         >>> 找到關鍵字 "食安"; 文章資訊: 2020-10-10 00:04:24, 畫中有話把關萊豬做些甚麼吧, https://udn.com/news/story/7339/4924059
         >>> 找到關鍵字 "食安"; 文章資訊: 2020-10-10 00:02:24, 有政府請安心別再以騙代變, https://udn.com/news/story/7339/4924054
         >>> 找到關鍵字 "食安"; 文章資訊: 2020-10-09 23:59:15, 錯用陳主委比美豬更可怕, https://udn.com/news/story/7339/4924052
         >>> 找到關鍵字 "食安"; 文章資訊: 2020-10-09 23:44:06, 世界糧食計畫署艾森豪催生, https://udn.com/news/story/120764/4924073
         >>> 找到關鍵字 "食安"; 文章資訊: 2020-10-09 20:54:13, 高雄托嬰中心誤將脫氧劑打入小米漿負責人道歉, https://udn.com/news/story/7320/4923537
         >>> 找到關鍵字 "食安"; 文章資訊: 2020-10-09 18:32:19, 對抗飢餓受肯定世界糧食計劃署獲諾貝爾和平獎, https://udn.com/news/story/120764/4923341
         >>> 找到關鍵字 "食安"; 文章資訊: 2020-10-09 18:04:05, 世界糧食計畫署獲和平獎發言人非常光榮, https://udn.com/news/story/120764/4923346
         >>> 找到關鍵字 "食安"; 文章資訊: 2020-10-09 17:46:06, 諾貝爾和平獎搶救饑荒但止不住性侵的WFP, https://udn.com/news/story/120764/4923321
         >>> 找到關鍵字 "食安"; 文章資訊: 2020-10-09 17:40:27, 2020諾貝爾和平獎搶救饑荒但止不住組織性侵的世界糧食計劃署, https://global.udn.com/global_vision/story/8662/4923098
         >>> 找到關鍵字 "食安"; 文章資訊: 2020-10-09 17:05:07, 諾貝爾和平獎揭曉世界糧食計畫署獲殊榮, https://udn.com/news/story/120764/4923258
         >>> 找到關鍵字 "食安"; 文章資訊: 2020-10-09 13:56:04, 家長團體營養午餐家長付錢不是政府餵什麼就吃什麼, https://udn.com/news/story/9750/4922862
         >>> 找到關鍵字 "食安"; 文章資訊: 2020-10-09 11:59:12, 台南科大採購1噸香蕉支持蕉農善盡大學社會責任, https://udn.com/news/story/6929/4922542
         >>> 找到關鍵字 "食安"; 文章資訊: 2020-10-09 11:46:03, 即時短評民進黨還有多少反萊豬死小孩, https://udn.com/news/story/11091/4922505
         >>> 找到關鍵字 "食安"; 文章資訊: 2020-10-09 10:24:05, 擋萊豬藍祭自治條例牴觸中央法令政院暫不走法律戰, https://udn.com/news/story/9750/4922253
         <<< 2020-10-10 沒有更多 "食安" 相關的新聞 !!! >>>
        ------------------------------------------------------
       >> 搜尋關鍵字:"香料"; 網址:"https://udn.com/search/word/2/香料"
         >>> 找到關鍵字 "香料"; 文章資訊: 2020-10-09 14:07:09, 把藏紅花敷上臉YSL頂級金緻奢華賦活系列周慶必入手, https://udn.com/news/story/7270/4922911
         >>> 找到關鍵字 "香料"; 文章資訊: 2020-10-09 14:04:03, 把藏紅花敷上臉YSL頂級金緻奢華賦活系列周慶必入手, https://style.udn.com/style/story/8079/4922911
         >>> 找到關鍵字 "香料"; 文章資訊: 2020-10-09 11:43:09, 偽出國過耶誕WedgwoodXWHotel聯名午茶最終回艷光, https://udn.com/news/story/7270/4922477
         >>> 找到關鍵字 "香料"; 文章資訊: 2020-10-09 11:41:03, 偽出國過耶誕WedgwoodXWHotel聯名午茶最終回艷光, https://style.udn.com/style/story/11350/4922477
         <<< 2020-10-10 沒有更多 "香料" 相關的新聞 !!! >>>
        ------------------------------------------------------
       >> 搜尋關鍵字:"原料"; 網址:"https://udn.com/search/word/2/原料"
         >>> 找到關鍵字 "原料"; 文章資訊: 2020-10-10 01:23:08, 台北紡織展防疫環保展場兩大顯學, https://udn.com/news/story/7241/4923896
         >>> 找到關鍵字 "原料"; 文章資訊: 2020-10-10 00:47:09, 手表奧斯卡2020年入圍最佳男表的有, https://udn.com/news/story/7270/4924207
         >>> 找到關鍵字 "原料"; 文章資訊: 2020-10-10 00:46:02, 手表奧斯卡2020年入圍最佳男表的有, https://style.udn.com/style/story/11350/4924207
         >>> 找到關鍵字 "原料"; 文章資訊: 2020-10-09 21:44:07, 2020新光三越第十回日本商品展台中登場邀民眾嚐鮮, https://udn.com/news/story/7266/4923646
         >>> 找到關鍵字 "原料"; 文章資訊: 2020-10-09 21:03:02, 被拍一日約會4男簡沛恩累快爆肝還有第5個, https://stars.udn.com/star/story/10089/4923561
         >>> 找到關鍵字 "原料"; 文章資訊: 2020-10-09 18:57:09, 超商聯名新貨到老虎堂甜點燒丼鮮食大份量松包子吃一波, https://udn.com/news/story/7270/4923401
         >>> 找到關鍵字 "原料"; 文章資訊: 2020-10-09 18:56:02, 超商聯名新貨到老虎堂甜點燒丼鮮食大份量松包子吃一波, https://style.udn.com/style/story/11350/4923401
         >>> 找到關鍵字 "原料"; 文章資訊: 2020-10-09 15:30:11, LEVIS發揚永續精神打造史上第一條100可回收牛仔褲, https://udn.com/news/story/7270/4923129
         >>> 找到關鍵字 "原料"; 文章資訊: 2020-10-09 15:28:02, LEVIS發揚永續精神打造史上第一條100可回收牛仔褲, https://style.udn.com/style/story/8066/4923129
         >>> 找到關鍵字 "原料"; 文章資訊: 2020-10-09 12:14:44, 愛國者遊戲FBI破獲地下民兵的密西根州長選前刺殺陰謀, https://global.udn.com/global_vision/story/8662/4922567
         >>> 找到關鍵字 "原料"; 文章資訊: 2020-10-09 11:05:12, 高雄市一托嬰中心4名幼兒送醫社會局初查是食物中毒, https://udn.com/news/story/7320/4922374
         >>> 找到關鍵字 "原料"; 文章資訊: 2020-10-09 11:05:03, 高雄市一托嬰中心4名幼兒送醫社會局初查是食物中毒, https://health.udn.com/health/story/5999/4922374
         <<< 2020-10-10 沒有更多 "原料" 相關的新聞 !!! >>>
        ------------------------------------------------------
       >> 搜尋關鍵字:"氣爆"; 網址:"https://udn.com/search/word/2/氣爆"
         <<< 2020-10-10 沒有更多 "氣爆" 相關的新聞 !!! >>>
        ------------------------------------------------------
       >> 搜尋關鍵字:"添加物"; 網址:"https://udn.com/search/word/2/添加物"
         >>> 找到關鍵字 "添加物"; 文章資訊: 2020-10-09 23:17:02, 車站美食通捷運淡水站南瓜入菜佐河景視覺味覺享受, https://udn.com/news/story/7323/4923855
         >>> 找到關鍵字 "添加物"; 文章資訊: 2020-10-09 13:56:04, 家長團體營養午餐家長付錢不是政府餵什麼就吃什麼, https://udn.com/news/story/9750/4922862
         >>> 找到關鍵字 "添加物"; 文章資訊: 2020-10-09 10:57:14, 日本食物重鹹洗腎人卻比台灣低網點出關鍵因素, https://udn.com/news/story/120911/4922298
         >>> 找到關鍵字 "添加物"; 文章資訊: 2020-10-09 09:00:00, 狂嗑黑色甘草糖恐致死FDA40歲以上每天食用2盎司可能會使你心律不整, https://health.udn.com/health/story/6037/4919360
         <<< 2020-10-10 沒有更多 "添加物" 相關的新聞 !!! >>>
        ------------------------------------------------------
       >> 搜尋關鍵字:"黑心"; 網址:"https://udn.com/search/word/2/黑心"
         >>> 找到關鍵字 "黑心"; 文章資訊: 2020-10-09 14:46:12, 網購兔皮幫愛貓保暖挨批殘忍港女反駁貓都吃兔肉, https://udn.com/news/story/7332/4922916
         <<< 2020-10-10 沒有更多 "黑心" 相關的新聞 !!! >>>
        ------------------------------------------------------
       >> 搜尋關鍵字:"漂白"; 網址:"https://udn.com/search/word/2/漂白"
         >>> 找到關鍵字 "漂白"; 文章資訊: 2020-10-09 15:30:40, 水洗乾洗都不准麥當勞限量抱枕標籤網看傻免責聲明無誤, https://udn.com/news/story/120912/4923115
         <<< 2020-10-10 沒有更多 "漂白" 相關的新聞 !!! >>>
        ------------------------------------------------------
       >> 搜尋關鍵字:"爆炸"; 網址:"https://udn.com/search/word/2/爆炸"
         >>> 找到關鍵字 "爆炸"; 文章資訊: 2020-10-09 20:06:18, 比地球更適合生命生存科學家發現24個超宜居星球, https://udn.com/news/story/120883/4922954
         >>> 找到關鍵字 "爆炸"; 文章資訊: 2020-10-09 15:00:07, 影隱藏在彈坑內的海灘無人機空拍墨西哥荒島秘境, https://udn.com/news/story/6812/4923061
         >>> 找到關鍵字 "爆炸"; 文章資訊: 2020-10-09 14:55:47, 像惡魔吞噬南韓蔚山33層大樓深夜起火燒成火柱, https://udn.com/news/story/6809/4923028
         >>> 找到關鍵字 "爆炸"; 文章資訊: 2020-10-09 13:48:09, 副手辯論會後大爆炸川普嗆賀錦麗是共產黨怪物, https://udn.com/news/story/121687/4922679
         >>> 找到關鍵字 "爆炸"; 文章資訊: 2020-10-09 13:12:47, 68歲普亭又當爸美女體操選手傳為他生雙胞胎後人間蒸發, https://udn.com/news/story/120883/4922641
         <<< 2020-10-10 沒有更多 "爆炸" 相關的新聞 !!! >>>
        ------------------------------------------------------
       >> 搜尋關鍵字:"新興"; 網址:"https://udn.com/search/word/2/新興"
         >>> 找到關鍵字 "新興"; 文章資訊: 2020-10-10 01:39:06, 大選倒數華爾街押川普落敗, https://udn.com/news/story/6811/4923860
         >>> 找到關鍵字 "新興"; 文章資訊: 2020-10-10 01:24:07, 複製精測模式中華電孵新金雞, https://udn.com/news/story/7240/4923902
         >>> 找到關鍵字 "新興"; 文章資訊: 2020-10-10 01:21:08, 八方搶賺咖啡財革新成挑戰, https://udn.com/news/story/7241/4923889
         >>> 找到關鍵字 "新興"; 文章資訊: 2020-10-10 00:30:11, 5G應用夯MLCC出貨看升, https://udn.com/news/story/7253/4923524
         >>> 找到關鍵字 "新興"; 文章資訊: 2020-10-10 00:18:12, 水餃店跨足咖啡3路夾殺老牌聯手突圍, https://udn.com/news/story/7241/4924055
         >>> 找到關鍵字 "新興"; 文章資訊: 2020-10-09 23:09:02, 基金特蒐新興基金明年後勁強, https://fund.udn.com/fund/story/5858/4923907
         >>> 找到關鍵字 "新興"; 文章資訊: 2020-10-09 22:48:37, 熱帶水果產值俏高屏推種山竹榴槤紅毛丹, https://udn.com/news/story/7327/4923716
         >>> 找到關鍵字 "新興"; 文章資訊: 2020-10-09 17:21:10, 0056帶頭衝10月ETF除息秀六檔配息率衝破4, https://udn.com/news/story/7251/4923276
         >>> 找到關鍵字 "新興"; 文章資訊: 2020-10-09 16:54:11, 2020台中國際動漫博覽會來畫自己的主場, https://udn.com/news/story/7325/4923240
         <<< 2020-10-10 沒有更多 "新興" 相關的新聞 !!! >>>
        ------------------------------------------------------
       >> 搜尋關鍵字:"爆裂物"; 網址:"https://udn.com/search/word/2/爆裂物"
         >>> 找到關鍵字 "爆裂物"; 文章資訊: 2020-10-09 23:43:38, 密謀綁架密西根州長13嫌被捕, https://udn.com/news/story/6813/4924080
         >>> 找到關鍵字 "爆裂物"; 文章資訊: 2020-10-09 12:14:44, 愛國者遊戲FBI破獲地下民兵的密西根州長選前刺殺陰謀, https://global.udn.com/global_vision/story/8662/4922567
         <<< 2020-10-10 沒有更多 "爆裂物" 相關的新聞 !!! >>>
        ------------------------------------------------------
       >> 搜尋關鍵字:"IED"; 網址:"https://udn.com/search/word/2/IED"
         <<< 2020-10-10 沒有更多 "IED" 相關的新聞 !!! >>>
        ------------------------------------------------------
       >> 搜尋關鍵字:"排放"; 網址:"https://udn.com/search/word/2/排放"
         >>> 找到關鍵字 "排放"; 文章資訊: 2020-10-10 00:21:50, 科技人文聯合講座習近平宣示實現碳中和將掀起國際浪潮, https://udn.com/news/story/7339/4924001
         >>> 找到關鍵字 "排放"; 文章資訊: 2020-10-09 23:25:15, 油脂堵下水道議員促設截留器, https://udn.com/news/story/7323/4923928
         >>> 找到關鍵字 "排放"; 文章資訊: 2020-10-09 11:51:15, 雙薪家庭遇高工時鐵板親子關係也一起陪葬, https://udn.com/news/story/120888/4922394
         <<< 2020-10-10 沒有更多 "排放" 相關的新聞 !!! >>>
        ------------------------------------------------------
       >> 搜尋關鍵字:"污染"; 網址:"https://udn.com/search/word/2/污染"
         >>> 找到關鍵字 "污染"; 文章資訊: 2020-10-09 13:14:08, 別再亂塗鴉北市環保局隨機塗鴉將重罰, https://udn.com/news/story/7266/4922759
         >>> 找到關鍵字 "污染"; 文章資訊: 2020-10-09 10:50:13, 抓到了隨機塗鴉把民宅當畫布北市環保局重罰12萬, https://udn.com/news/story/7323/4922311
         <<< 2020-10-10 沒有更多 "污染" 相關的新聞 !!! >>>
        ------------------------------------------------------
       >> 搜尋關鍵字:"廢水"; 網址:"https://udn.com/search/word/2/廢水"
         <<< 2020-10-10 沒有更多 "廢水" 相關的新聞 !!! >>>
        ------------------------------------------------------
       >> 搜尋關鍵字:"污水"; 網址:"https://udn.com/search/word/2/污水"
         >>> 找到關鍵字 "污水"; 文章資訊: 2020-10-09 21:59:31, 北市迪化污水廠修改收水肥時間引發業者抱怨, https://udn.com/news/story/7323/4923648
         <<< 2020-10-10 沒有更多 "污水" 相關的新聞 !!! >>>
        ------------------------------------------------------
       >> 搜尋關鍵字:"洩漏"; 網址:"https://udn.com/search/word/2/洩漏"
         >>> 找到關鍵字 "洩漏"; 文章資訊: 2020-10-09 17:23:47, 廠商女特助擄走鐵改局女主管拍裸照判2年6月, https://udn.com/news/story/7321/4923277
         >>> 找到關鍵字 "洩漏"; 文章資訊: 2020-10-09 11:08:12, 全國創先啟用台中環保局以無人機遠端採樣水質, https://udn.com/news/story/7325/4922377
         <<< 2020-10-10 沒有更多 "洩漏" 相關的新聞 !!! >>>
        ------------------------------------------------------
       >> 搜尋關鍵字:"暗管"; 網址:"https://udn.com/search/word/2/暗管"
         <<< 2020-10-10 沒有更多 "暗管" 相關的新聞 !!! >>>
        ------------------------------------------------------
       >> 搜尋關鍵字:"偷排"; 網址:"https://udn.com/search/word/2/偷排"
         <<< 2020-10-10 沒有更多 "偷排" 相關的新聞 !!! >>>
        ------------------------------------------------------
       >> 搜尋關鍵字:"安全"; 網址:"https://udn.com/search/word/2/安全"
         >>> 找到關鍵字 "安全"; 文章資訊: 2020-10-10 07:25:04, 國慶壓軸衝場F16空軍四聯隊有皇家空軍稱譽航空迷期待, https://udn.com/news/story/10930/4924311
         >>> 找到關鍵字 "安全"; 文章資訊: 2020-10-10 07:23:06, 川普反對遠距辯論美國取消第二次總統候選人辯論, https://udn.com/news/story/121687/4924310
         >>> 找到關鍵字 "安全"; 文章資訊: 2020-10-10 06:53:07, 傳色情影片又10次言語性騷一審判賠80萬二審改判10萬, https://udn.com/news/story/7317/4924303
         >>> 找到關鍵字 "安全"; 文章資訊: 2020-10-10 06:27:42, 川普10日白宮公開談話12日佛州舉辦造勢, https://udn.com/news/story/6813/4924292
         >>> 找到關鍵字 "安全"; 文章資訊: 2020-10-10 06:00:00, 總編開箱美豬來了歷史會記住這些人跟死小孩, https://udn.com/news/story/9750/4924277
         >>> 找到關鍵字 "安全"; 文章資訊: 2020-10-10 05:50:00, 美豬來了歷史會記住這些人跟死小孩, https://udn.com/news/story/120987/4923634
         >>> 找到關鍵字 "安全"; 文章資訊: 2020-10-10 02:12:08, 父子齊心達爾膚挺過轉骨低潮, https://udn.com/news/story/7241/4923466
         >>> 找到關鍵字 "安全"; 文章資訊: 2020-10-10 01:09:07, 國慶談話強調台灣關鍵力量蔡總統打造新經濟, https://udn.com/news/story/7238/4923843
         >>> 找到關鍵字 "安全"; 文章資訊: 2020-10-10 00:46:01, 阿富汗撤軍川普要準備對付中俄北韓, https://udn.com/news/story/6813/4923813
         >>> 找到關鍵字 "安全"; 文章資訊: 2020-10-10 00:39:14, 自認不具感染力川普10日重返造勢, https://udn.com/news/story/121687/4923817
         >>> 找到關鍵字 "安全"; 文章資訊: 2020-10-10 00:29:08, 拓凱Q3營收攀七季高點, https://udn.com/news/story/7252/4923520
         >>> 找到關鍵字 "安全"; 文章資訊: 2020-10-10 00:23:57, 美大選逾660萬人已投票投票率估創百年新高, https://udn.com/news/story/121687/4923806
         >>> 找到關鍵字 "安全"; 文章資訊: 2020-10-10 00:21:37, 對抗飢餓世界糧食署摘諾貝爾和平獎, https://udn.com/news/story/120764/4924144
         >>> 找到關鍵字 "安全"; 文章資訊: 2020-10-10 00:14:44, 聯合報黑白集特定勢力威脅言論自由, https://udn.com/news/story/7338/4924067
         >>> 找到關鍵字 "安全"; 文章資訊: 2020-10-10 00:14:12, 國慶演說蔡總統兩岸穩定是彼此責任, https://udn.com/news/story/10474/4924096
         >>> 找到關鍵字 "安全"; 文章資訊: 2020-10-10 00:10:00, 川普確診仍不甩防疫幕僚靠近得全副武裝, https://udn.com/news/story/120883/4923467
         >>> 找到關鍵字 "安全"; 文章資訊: 2020-10-10 00:09:31, 聯合報社論不讓共機壓境中華民國真正生日快樂, https://udn.com/news/story/7338/4924061
         >>> 找到關鍵字 "安全"; 文章資訊: 2020-10-10 00:04:44, 畫中有話說好的認同自由呢, https://udn.com/news/story/7339/4924060
         >>> 找到關鍵字 "安全"; 文章資訊: 2020-10-10 00:02:24, 有政府請安心別再以騙代變, https://udn.com/news/story/7339/4924054
         >>> 找到關鍵字 "安全"; 文章資訊: 2020-10-10 00:02:00, 蹲下站起來頭就暈姿勢性昏厥好發6大族群醫師教這樣防範, https://health.udn.com/health/story/5965/4919827
        ------------------------------------------------------
       >> 搜尋關鍵字:"槽車"; 網址:"https://udn.com/search/word/2/槽車"
         >>> 找到關鍵字 "槽車"; 文章資訊: 2020-10-09 15:29:04, 影女子駕車想事情擦撞貨車國道飛車翻滾近10圈, https://autos.udn.com/autos/story/12168/4922435
         >>> 找到關鍵字 "槽車"; 文章資訊: 2020-10-09 13:08:09, 國慶連假首日6大地雷國道近中午出現紫爆路段, https://udn.com/news/story/7266/4922082
         >>> 找到關鍵字 "槽車"; 文章資訊: 2020-10-09 11:30:08, 影女子駕車想事情擦撞貨車國道飛車翻滾近10圈, https://udn.com/news/story/7320/4922435
         <<< 2020-10-10 沒有更多 "槽車" 相關的新聞 !!! >>>
       >> 檔案輸出
        ------------------------------------------------------
      >> 下載新聞內容
      >> 下載 https://udn.com/news/story/7266/4923796, 水情急王美花目前不會衝擊產業
      >> 下載 https://udn.com/news/story/7326/4923263, 嘉雲蘭潭仁義潭湖山水庫蓄水超過9成年底供水無虞
      >> 下載 https://udn.com/news/story/7266/4922447, 石門水庫首次無颱風降雨王美花二期灌溉將公布對策
      >> 下載 https://udn.com/news/story/7327/4922991, 人間國寶張日貴家鄉滿州聲音博物館感性啟用
      >> 下載 https://udn.com/news/story/7315/4924113, 誤吞鈕扣電池4歲女童暴斃
      >> 下載 https://udn.com/news/story/6885/4924087, 美人腿給她勇氣勵馨女兒獎肯定
      >> 下載 https://udn.com/news/story/6813/4924080, 密謀綁架密西根州長13嫌被捕
      >> 下載 https://udn.com/news/story/7323/4923689, 質譜分析儀快又準新北蔬果藥不得9天檢出19件
      >> 下載 https://udn.com/news/story/12674/4923446, 諾貝爾獎得主珍妮佛道納以基因編輯大革命警示世人
      >> 下載 https://udn.com/news/story/6811/4923427, 智庫台灣加入CPTPP大馬GDP增138億元
      >> 下載 https://udn.com/news/story/7266/4923429, 從小裝義肢她感謝美人腿帶她冒險前行
      >> 下載 https://global.udn.com/global_vision/story/8662/4923098, 2020諾貝爾和平獎搶救饑荒但止不住組織性侵的世界糧食計劃署
      >> 下載 https://udn.com/news/story/120764/4923258, 諾貝爾和平獎揭曉世界糧食計畫署獲殊榮
      >> 下載 https://udn.com/news/story/6885/4923052, 泰山汽修與師大跨界合作用VR學汽車美容
      >> 下載 https://health.udn.com/health/story/6033/4917407, 重訓新手該怎麼選擇鍛鍊方法專家教你依5大項判斷
      >> 下載 https://udn.com/news/story/7338/4924067, 聯合報黑白集特定勢力威脅言論自由
      >> 下載 https://udn.com/news/story/6809/4923847, 防北韓中國間諜日本警視廳外事部門擬改組
      >> 下載 https://udn.com/news/story/120883/4922954, 比地球更適合生命生存科學家發現24個超宜居星球
      >> 下載 https://stars.udn.com/star/story/10088/4922232, 林立洋妻控婚姻遭破壞陳柏渝衰被指小三怒反擊
      >> 下載 https://udn.com/news/story/7321/4924121, 回家殺你們父母嚇壞仍原諒病兒
      >> 下載 https://udn.com/news/story/9750/4924103, 下周審美豬蔣萬安衛福部先互嗆
      >> 下載 https://health.udn.com/health/story/5965/4919827, 蹲下站起來頭就暈姿勢性昏厥好發6大族群醫師教這樣防範
      >> 下載 https://udn.com/news/story/7328/4923695, 建案開挖路崩裂基市府勒令停工
      >> 下載 https://udn.com/news/story/7320/4923461, 女清潔隊員騎車遭酒駕男追撞命危家屬放棄急救
      >> 下載 https://udn.com/news/story/7328/4923259, 基隆龍安街建案施工路面崩裂居民憂安全市府勒令停工
      >> 下載 https://udn.com/news/story/120986/4922581, 黑鷹2年摔2架因訓練不足去年比表定少了233次
      >> 下載 https://global.udn.com/global_vision/story/8664/4920194, 偉大的俄羅斯回來了黨的面前沒有愛情史達林恐怖下的壓抑悲傷
      >> 下載 https://udn.com/news/story/7321/4922309, 計畫殺父母矯正機關校長父母認兒暴戾氣已消獲輕判
      >> 下載 https://health.udn.com/health/story/6037/4919663, 為什麼牛肉可吃半熟而雞豬不行家醫科醫師替你解惑
      >> 下載 https://udn.com/news/story/7320/4922102, 高市托嬰中心昨驚傳食物中毒4幼童送醫
      >> 下載 https://udn.com/news/story/7086/4922005, 美政府考慮禁用支付寶微信支付恐引發陸對美企報復潮
      >> 下載 https://udn.com/news/story/7241/4923466, 父子齊心達爾膚挺過轉骨低潮
      >> 下載 https://udn.com/news/story/7239/4922393, 臺灣企銀主辦達清環保2258億聯貸案
      >> 下載 https://udn.com/news/story/6812/4923322, 印尼部落居民擁極美藍眼睛網友驚呼像森林守護者
      >> 下載 https://udn.com/news/story/7314/4924075, 探索新聞心傷未癒情緒異常目睹兒恐變施暴者
      >> 下載 https://health.udn.com/health/story/5975/4919822, 洗腎都是因吃太多藥哪一種止痛藥會傷腎醫師解惑腎臟病迷思
      >> 下載 https://udn.com/news/story/7320/4923169, 情侶買毒正要嗨遇警飛車逃他護女友想一肩扛驗尿破功
      >> 下載 https://udn.com/news/story/7315/4922925, 影通緝男見警敲門往後陽台丟包毒品難逃警前後包夾
      >> 下載 https://udn.com/news/story/7315/4922294, 影通通趴下北市賭場國慶前夕首日開張馬上被衝破
      >> 下載 https://udn.com/news/story/7241/4923466, 父子齊心達爾膚挺過轉骨低潮
      >> 下載 https://udn.com/news/story/7241/4923466, 父子齊心達爾膚挺過轉骨低潮
      >> 下載 https://udn.com/news/story/120764/4924144, 對抗飢餓世界糧食署摘諾貝爾和平獎
      >> 下載 https://udn.com/news/story/9750/4924099, 新聞眼反美豬大戰藍先鎖定食安
      >> 下載 https://udn.com/news/story/9750/4924098, 全國豬協將改選擴大反美豬戰場
      >> 下載 https://udn.com/news/story/7339/4924059, 畫中有話把關萊豬做些甚麼吧
      >> 下載 https://udn.com/news/story/7339/4924054, 有政府請安心別再以騙代變
      >> 下載 https://udn.com/news/story/7339/4924052, 錯用陳主委比美豬更可怕
      >> 下載 https://udn.com/news/story/120764/4924073, 世界糧食計畫署艾森豪催生
      >> 下載 https://udn.com/news/story/7320/4923537, 高雄托嬰中心誤將脫氧劑打入小米漿負責人道歉
      >> 下載 https://udn.com/news/story/120764/4923341, 對抗飢餓受肯定世界糧食計劃署獲諾貝爾和平獎
      >> 下載 https://udn.com/news/story/120764/4923346, 世界糧食計畫署獲和平獎發言人非常光榮
      >> 下載 https://udn.com/news/story/120764/4923321, 諾貝爾和平獎搶救饑荒但止不住性侵的WFP
      >> 找不到新聞內容，可能是新聞的格式不同所致。
      >> 下載 https://global.udn.com/global_vision/story/8662/4923098, 2020諾貝爾和平獎搶救饑荒但止不住組織性侵的世界糧食計劃署
      >> 下載 https://udn.com/news/story/120764/4923258, 諾貝爾和平獎揭曉世界糧食計畫署獲殊榮
      >> 下載 https://udn.com/news/story/9750/4922862, 家長團體營養午餐家長付錢不是政府餵什麼就吃什麼
      >> 下載 https://udn.com/news/story/6929/4922542, 台南科大採購1噸香蕉支持蕉農善盡大學社會責任
      >> 下載 https://udn.com/news/story/11091/4922505, 即時短評民進黨還有多少反萊豬死小孩
      >> 下載 https://udn.com/news/story/9750/4922253, 擋萊豬藍祭自治條例牴觸中央法令政院暫不走法律戰
      >> 下載 https://udn.com/news/story/7270/4922911, 把藏紅花敷上臉YSL頂級金緻奢華賦活系列周慶必入手
      >> 下載 https://style.udn.com/style/story/8079/4922911, 把藏紅花敷上臉YSL頂級金緻奢華賦活系列周慶必入手
      >> 下載 https://udn.com/news/story/7270/4922477, 偽出國過耶誕WedgwoodXWHotel聯名午茶最終回艷光
      >> 下載 https://style.udn.com/style/story/11350/4922477, 偽出國過耶誕WedgwoodXWHotel聯名午茶最終回艷光
      >> 下載 https://udn.com/news/story/7241/4923896, 台北紡織展防疫環保展場兩大顯學
      >> 下載 https://udn.com/news/story/7270/4924207, 手表奧斯卡2020年入圍最佳男表的有
      >> 下載 https://style.udn.com/style/story/11350/4924207, 手表奧斯卡2020年入圍最佳男表的有
      >> 下載 https://udn.com/news/story/7266/4923646, 2020新光三越第十回日本商品展台中登場邀民眾嚐鮮
      >> 下載 https://stars.udn.com/star/story/10089/4923561, 被拍一日約會4男簡沛恩累快爆肝還有第5個
      >> 下載 https://udn.com/news/story/7270/4923401, 超商聯名新貨到老虎堂甜點燒丼鮮食大份量松包子吃一波
      >> 下載 https://style.udn.com/style/story/11350/4923401, 超商聯名新貨到老虎堂甜點燒丼鮮食大份量松包子吃一波
      >> 下載 https://udn.com/news/story/7270/4923129, LEVIS發揚永續精神打造史上第一條100可回收牛仔褲
      >> 下載 https://style.udn.com/style/story/8066/4923129, LEVIS發揚永續精神打造史上第一條100可回收牛仔褲
      >> 下載 https://global.udn.com/global_vision/story/8662/4922567, 愛國者遊戲FBI破獲地下民兵的密西根州長選前刺殺陰謀
      >> 下載 https://udn.com/news/story/7320/4922374, 高雄市一托嬰中心4名幼兒送醫社會局初查是食物中毒
      >> 下載 https://health.udn.com/health/story/5999/4922374, 高雄市一托嬰中心4名幼兒送醫社會局初查是食物中毒
      >> 下載 https://udn.com/news/story/7323/4923855, 車站美食通捷運淡水站南瓜入菜佐河景視覺味覺享受
      >> 下載 https://udn.com/news/story/9750/4922862, 家長團體營養午餐家長付錢不是政府餵什麼就吃什麼
      >> 下載 https://udn.com/news/story/120911/4922298, 日本食物重鹹洗腎人卻比台灣低網點出關鍵因素
      >> 下載 https://health.udn.com/health/story/6037/4919360, 狂嗑黑色甘草糖恐致死FDA40歲以上每天食用2盎司可能會使你心律不整
      >> 下載 https://udn.com/news/story/7332/4922916, 網購兔皮幫愛貓保暖挨批殘忍港女反駁貓都吃兔肉
      >> 下載 https://udn.com/news/story/120912/4923115, 水洗乾洗都不准麥當勞限量抱枕標籤網看傻免責聲明無誤
      >> 下載 https://udn.com/news/story/120883/4922954, 比地球更適合生命生存科學家發現24個超宜居星球
      >> 下載 https://udn.com/news/story/6812/4923061, 影隱藏在彈坑內的海灘無人機空拍墨西哥荒島秘境
      >> 下載 https://udn.com/news/story/6809/4923028, 像惡魔吞噬南韓蔚山33層大樓深夜起火燒成火柱
      >> 下載 https://udn.com/news/story/121687/4922679, 副手辯論會後大爆炸川普嗆賀錦麗是共產黨怪物
      >> 下載 https://udn.com/news/story/120883/4922641, 68歲普亭又當爸美女體操選手傳為他生雙胞胎後人間蒸發
      >> 下載 https://udn.com/news/story/6811/4923860, 大選倒數華爾街押川普落敗
      >> 下載 https://udn.com/news/story/7240/4923902, 複製精測模式中華電孵新金雞
      >> 下載 https://udn.com/news/story/7241/4923889, 八方搶賺咖啡財革新成挑戰
      >> 下載 https://udn.com/news/story/7253/4923524, 5G應用夯MLCC出貨看升
      >> 下載 https://udn.com/news/story/7241/4924055, 水餃店跨足咖啡3路夾殺老牌聯手突圍
      >> 下載 https://fund.udn.com/fund/story/5858/4923907, 基金特蒐新興基金明年後勁強
      >> 下載 https://udn.com/news/story/7327/4923716, 熱帶水果產值俏高屏推種山竹榴槤紅毛丹
      >> 下載 https://udn.com/news/story/7251/4923276, 0056帶頭衝10月ETF除息秀六檔配息率衝破4
      >> 下載 https://udn.com/news/story/7325/4923240, 2020台中國際動漫博覽會來畫自己的主場
      >> 下載 https://udn.com/news/story/6813/4924080, 密謀綁架密西根州長13嫌被捕
      >> 下載 https://global.udn.com/global_vision/story/8662/4922567, 愛國者遊戲FBI破獲地下民兵的密西根州長選前刺殺陰謀
      >> 下載 https://udn.com/news/story/7339/4924001, 科技人文聯合講座習近平宣示實現碳中和將掀起國際浪潮
      >> 下載 https://udn.com/news/story/7323/4923928, 油脂堵下水道議員促設截留器
      >> 下載 https://udn.com/news/story/120888/4922394, 雙薪家庭遇高工時鐵板親子關係也一起陪葬
      >> 下載 https://udn.com/news/story/7266/4922759, 別再亂塗鴉北市環保局隨機塗鴉將重罰
      >> 下載 https://udn.com/news/story/7323/4922311, 抓到了隨機塗鴉把民宅當畫布北市環保局重罰12萬
      >> 下載 https://udn.com/news/story/7323/4923648, 北市迪化污水廠修改收水肥時間引發業者抱怨
      >> 下載 https://udn.com/news/story/7321/4923277, 廠商女特助擄走鐵改局女主管拍裸照判2年6月
      >> 下載 https://udn.com/news/story/7325/4922377, 全國創先啟用台中環保局以無人機遠端採樣水質
      >> 下載 https://udn.com/news/story/10930/4924311, 國慶壓軸衝場F16空軍四聯隊有皇家空軍稱譽航空迷期待
      >> 下載 https://udn.com/news/story/121687/4924310, 川普反對遠距辯論美國取消第二次總統候選人辯論
      >> 下載 https://udn.com/news/story/7317/4924303, 傳色情影片又10次言語性騷一審判賠80萬二審改判10萬
      >> 下載 https://udn.com/news/story/6813/4924292, 川普10日白宮公開談話12日佛州舉辦造勢
      >> 下載 https://udn.com/news/story/9750/4924277, 總編開箱美豬來了歷史會記住這些人跟死小孩
      >> 找不到新聞內容，可能是新聞的格式不同所致。
      >> 下載 https://udn.com/news/story/120987/4923634, 美豬來了歷史會記住這些人跟死小孩
      >> 下載 https://udn.com/news/story/7241/4923466, 父子齊心達爾膚挺過轉骨低潮
      >> 下載 https://udn.com/news/story/7238/4923843, 國慶談話強調台灣關鍵力量蔡總統打造新經濟
      >> 下載 https://udn.com/news/story/6813/4923813, 阿富汗撤軍川普要準備對付中俄北韓
      >> 下載 https://udn.com/news/story/121687/4923817, 自認不具感染力川普10日重返造勢
      >> 下載 https://udn.com/news/story/7252/4923520, 拓凱Q3營收攀七季高點
      >> 下載 https://udn.com/news/story/121687/4923806, 美大選逾660萬人已投票投票率估創百年新高
      >> 下載 https://udn.com/news/story/120764/4924144, 對抗飢餓世界糧食署摘諾貝爾和平獎
      >> 下載 https://udn.com/news/story/7338/4924067, 聯合報黑白集特定勢力威脅言論自由
      >> 下載 https://udn.com/news/story/10474/4924096, 國慶演說蔡總統兩岸穩定是彼此責任
      >> 下載 https://udn.com/news/story/120883/4923467, 川普確診仍不甩防疫幕僚靠近得全副武裝
      >> 下載 https://udn.com/news/story/7338/4924061, 聯合報社論不讓共機壓境中華民國真正生日快樂
      >> 下載 https://udn.com/news/story/7339/4924060, 畫中有話說好的認同自由呢
      >> 下載 https://udn.com/news/story/7339/4924054, 有政府請安心別再以騙代變
      >> 下載 https://health.udn.com/health/story/5965/4919827, 蹲下站起來頭就暈姿勢性昏厥好發6大族群醫師教這樣防範
      >> 下載 https://autos.udn.com/autos/story/12168/4922435, 影女子駕車想事情擦撞貨車國道飛車翻滾近10圈
      >> 下載 https://udn.com/news/story/7266/4922082, 國慶連假首日6大地雷國道近中午出現紫爆路段
      >> 下載 https://udn.com/news/story/7320/4922435, 影女子駕車想事情擦撞貨車國道飛車翻滾近10圈
