     -----> 新聞爬蟲：蘋果日報

           <<< 蘋果日報新聞搜尋 >>>
  ------------------------------------------------------
  ------------------------------------------------------
    >> 搜尋關鍵字:"工業用"; 網址:"https://tw.appledaily.com/search/工業用/"
         >>> 找到關鍵字 "工業用"; 文章資訊: 2020-10-04 00:00:00, 網紅送測加利口罩勝MIT指揮中心無法採信, https://tw.appledaily.com/headline/20201004/BSJX4BPFKNAYDCUTKVYRQKUWH4/
         <<< 2020-10-04 沒有更多 "工業用" 相關的新聞 !!! >>>
  ------------------------------------------------------
    >> 搜尋關鍵字:"化工"; 網址:"https://tw.appledaily.com/search/化工/"
         <<< 2020-10-04 沒有更多 "化工" 相關的新聞 !!! >>>
  ------------------------------------------------------
    >> 搜尋關鍵字:"化災"; 網址:"https://tw.appledaily.com/search/化災/"
         <<< 2020-10-04 沒有更多 "化災" 相關的新聞 !!! >>>
  ------------------------------------------------------
    >> 搜尋關鍵字:"化學"; 網址:"https://tw.appledaily.com/search/化學/"
      **** something wrong!! Restart it!! ****
  ------------------------------------------------------
    >> 搜尋關鍵字:"外洩"; 網址:"https://tw.appledaily.com/search/外洩/"
         >>> 找到關鍵字 "外洩"; 文章資訊: 2020-10-03 18:00:00, 高雄燕巢連假廢棄物亂倒恐汙染典寶溪藍批市府螺絲鬆, https://tw.appledaily.com/local/20201003/IF22DJ346ZCJNBUTVSGGJOU73E/
         <<< 2020-10-04 沒有更多 "外洩" 相關的新聞 !!! >>>
  ------------------------------------------------------
    >> 搜尋關鍵字:"危害"; 網址:"https://tw.appledaily.com/search/危害/"
         <<< 2020-10-04 沒有更多 "危害" 相關的新聞 !!! >>>
  ------------------------------------------------------
    >> 搜尋關鍵字:"有毒"; 網址:"https://tw.appledaily.com/search/有毒/"
      **** something wrong!! Restart it!! ****
  ------------------------------------------------------
    >> 搜尋關鍵字:"有害"; 網址:"https://tw.appledaily.com/search/有害/"
         >>> 找到關鍵字 "有害"; 文章資訊: 2020-10-03 18:00:00, 高雄燕巢連假廢棄物亂倒恐汙染典寶溪藍批市府螺絲鬆, https://tw.appledaily.com/local/20201003/IF22DJ346ZCJNBUTVSGGJOU73E/
         >>> 找到關鍵字 "有害"; 文章資訊: 2020-10-03 13:12:00, 孕婦憂烤肉煙傷胎兒名醫平時吸更多PAHs, https://tw.appledaily.com/life/20201003/2BG3L42HYFGFZO7PQ5DZX2PBAI/
         <<< 2020-10-04 沒有更多 "有害" 相關的新聞 !!! >>>
  ------------------------------------------------------
    >> 搜尋關鍵字:"色料"; 網址:"https://tw.appledaily.com/search/色料/"
         <<< 2020-10-04 沒有更多 "色料" 相關的新聞 !!! >>>
  ------------------------------------------------------
    >> 搜尋關鍵字:"色素"; 網址:"https://tw.appledaily.com/search/色素/"
         <<< 2020-10-04 沒有更多 "色素" 相關的新聞 !!! >>>
  ------------------------------------------------------
    >> 搜尋關鍵字:"毒性"; 網址:"https://tw.appledaily.com/search/毒性/"
         >>> 找到關鍵字 "毒性"; 文章資訊: 2020-10-04 00:10:00, 獨家告百億身價外商餵毒性侵全無罪小模冏了精液毒品都是別人的, https://tw.appledaily.com/local/20201004/SR25BDCHZ5AEHMW2GU23LSDGGA/
         >>> 找到關鍵字 "毒性"; 文章資訊: 2020-10-04 00:00:00, 惡鄰餵毒毛孩掙扎扯斷鍊亡, https://tw.appledaily.com/headline/20201004/IZTEVPAKEBCP3BRPFU7XNHIMUM/
         >>> 找到關鍵字 "毒性"; 文章資訊: 2020-10-03 23:07:00, 秋節瘋柚子防交互作用吃這6種藥的人特別小心, https://tw.appledaily.com/life/20201003/VK5NN3FPXZHE5CXZ6S2WFCB4GE/
         >>> 找到關鍵字 "毒性"; 文章資訊: 2020-10-03 18:00:00, 高雄燕巢連假廢棄物亂倒恐汙染典寶溪藍批市府螺絲鬆, https://tw.appledaily.com/local/20201003/IF22DJ346ZCJNBUTVSGGJOU73E/
         <<< 2020-10-04 沒有更多 "毒性" 相關的新聞 !!! >>>
  ------------------------------------------------------
    >> 搜尋關鍵字:"毒品"; 網址:"https://tw.appledaily.com/search/毒品/"
      **** something wrong!! Restart it!! ****
  ------------------------------------------------------
    >> 搜尋關鍵字:"致癌"; 網址:"https://tw.appledaily.com/search/致癌/"
         <<< 2020-10-04 沒有更多 "致癌" 相關的新聞 !!! >>>
  ------------------------------------------------------
    >> 搜尋關鍵字:"重金屬"; 網址:"https://tw.appledaily.com/search/重金屬/"
      **** something wrong!! Restart it!! ****
  ------------------------------------------------------
    >> 搜尋關鍵字:"食安"; 網址:"https://tw.appledaily.com/search/食安/"
         <<< 2020-10-04 沒有更多 "食安" 相關的新聞 !!! >>>
  ------------------------------------------------------
    >> 搜尋關鍵字:"香料"; 網址:"https://tw.appledaily.com/search/香料/"
         <<< 2020-10-04 沒有更多 "香料" 相關的新聞 !!! >>>
  ------------------------------------------------------
    >> 搜尋關鍵字:"原料"; 網址:"https://tw.appledaily.com/search/原料/"
      **** something wrong!! Restart it!! ****
  ------------------------------------------------------
    >> 搜尋關鍵字:"氣爆"; 網址:"https://tw.appledaily.com/search/氣爆/"
         <<< 2020-10-04 沒有更多 "氣爆" 相關的新聞 !!! >>>
  ------------------------------------------------------
    >> 搜尋關鍵字:"添加物"; 網址:"https://tw.appledaily.com/search/添加物/"
         <<< 2020-10-04 沒有更多 "添加物" 相關的新聞 !!! >>>
  ------------------------------------------------------
    >> 搜尋關鍵字:"黑心"; 網址:"https://tw.appledaily.com/search/黑心/"
         <<< 2020-10-04 沒有更多 "黑心" 相關的新聞 !!! >>>
  ------------------------------------------------------
    >> 搜尋關鍵字:"漂白"; 網址:"https://tw.appledaily.com/search/漂白/"
      **** something wrong!! Restart it!! ****
  ------------------------------------------------------
    >> 搜尋關鍵字:"爆炸"; 網址:"https://tw.appledaily.com/search/爆炸/"
         <<< 2020-10-04 沒有更多 "爆炸" 相關的新聞 !!! >>>
  ------------------------------------------------------
    >> 搜尋關鍵字:"新興"; 網址:"https://tw.appledaily.com/search/新興/"
         >>> 找到關鍵字 "新興"; 文章資訊: 2020-10-04 00:00:00, 感染者康復像接種疫苗專家再傳染可能性低, https://tw.appledaily.com/headline/20201004/7GPT2NH76FC6RJTFFL5SEZX4TE/
         >>> 找到關鍵字 "新興"; 文章資訊: 2020-10-03 19:26:00, 川普確診美媒感染源直指是她國內專家可能性微乎其微, https://tw.appledaily.com/life/20201003/NK3VOF3VUZH3LEKJQT35IECYK4/
         <<< 2020-10-04 沒有更多 "新興" 相關的新聞 !!! >>>
  ------------------------------------------------------
    >> 搜尋關鍵字:"爆裂物"; 網址:"https://tw.appledaily.com/search/爆裂物/"
         <<< 2020-10-04 沒有更多 "爆裂物" 相關的新聞 !!! >>>
  ------------------------------------------------------
    >> 搜尋關鍵字:"IED"; 網址:"https://tw.appledaily.com/search/IED/"
         <<< 2020-10-04 沒有更多 "IED" 相關的新聞 !!! >>>
  ------------------------------------------------------
    >> 搜尋關鍵字:"排放"; 網址:"https://tw.appledaily.com/search/排放/"
         >>> 找到關鍵字 "排放"; 文章資訊: 2020-10-03 13:12:00, 孕婦憂烤肉煙傷胎兒名醫平時吸更多PAHs, https://tw.appledaily.com/life/20201003/2BG3L42HYFGFZO7PQ5DZX2PBAI/
         <<< 2020-10-04 沒有更多 "排放" 相關的新聞 !!! >>>
  ------------------------------------------------------
    >> 搜尋關鍵字:"污染"; 網址:"https://tw.appledaily.com/search/污染/"
      **** something wrong!! Restart it!! ****
  ------------------------------------------------------
    >> 搜尋關鍵字:"廢水"; 網址:"https://tw.appledaily.com/search/廢水/"
         <<< 2020-10-04 沒有更多 "廢水" 相關的新聞 !!! >>>
  ------------------------------------------------------
    >> 搜尋關鍵字:"污水"; 網址:"https://tw.appledaily.com/search/污水/"
         <<< 2020-10-04 沒有更多 "污水" 相關的新聞 !!! >>>
  ------------------------------------------------------
    >> 搜尋關鍵字:"洩漏"; 網址:"https://tw.appledaily.com/search/洩漏/"
         >>> 找到關鍵字 "洩漏"; 文章資訊: 2020-10-04 00:00:00, KellyTalk郭雪芙逗貓慢活認真顧臉不求快, https://tw.appledaily.com/entertainment/20201004/AIBW4JIHL5GGFMI3XJLM42RDIU/
         >>> 找到關鍵字 "洩漏"; 文章資訊: 2020-10-04 00:00:00, 校園性騷擾首重保密創傷需專業諮商, https://tw.appledaily.com/lifestyle/20201004/RNMME54RABAANECHIA7O76JMTA/
         <<< 2020-10-04 沒有更多 "洩漏" 相關的新聞 !!! >>>
  ------------------------------------------------------
    >> 搜尋關鍵字:"暗管"; 網址:"https://tw.appledaily.com/search/暗管/"
      **** something wrong!! Restart it!! ****
  ------------------------------------------------------
    >> 搜尋關鍵字:"偷排"; 網址:"https://tw.appledaily.com/search/偷排/"
         <<< 2020-10-04 沒有更多 "偷排" 相關的新聞 !!! >>>
  ------------------------------------------------------
    >> 搜尋關鍵字:"安全"; 網址:"https://tw.appledaily.com/search/安全/"
         >>> 找到關鍵字 "安全"; 文章資訊: 2020-10-04 07:10:00, 奧迪迴轉遭飆速福斯衝撞撞上騎樓6機車無辜遭毀, https://tw.appledaily.com/local/20201004/YOO2U4OGPBA7RJXIHYX2RMT5MM/
         >>> 找到關鍵字 "安全"; 文章資訊: 2020-10-04 07:00:00, 北市里長收深圳神秘包裹憂夾帶病毒不敢拆封, https://tw.appledaily.com/politics/20201004/3B3PWD4HTZF5TPVV42ZGMUH4TI/
         >>> 找到關鍵字 "安全"; 文章資訊: 2020-10-04 06:52:00, 總疫報英法均刷新單日新增確診紀錄馬德里成全歐首個再封城首都, https://tw.appledaily.com/international/20201004/C3F4IYWOKNEXXHXP3P5GQ24CTE/
         >>> 找到關鍵字 "安全"; 文章資訊: 2020-10-04 00:15:00, 台海緊張兩岸戰力雖懸殊退將張延廷國軍掌制空權仍可打持久戰, https://tw.appledaily.com/politics/20201004/OTPD3CL5WJGDLFVMDDLPWIOZUI/
         >>> 找到關鍵字 "安全"; 文章資訊: 2020-10-04 06:26:00, 川普確診白宮幕僚怕了開始戴口罩上班, https://tw.appledaily.com/international/20201004/RGQGWNURXNDUBBUIKNHKY52UGU/
         >>> 找到關鍵字 "安全"; 文章資訊: 2020-10-04 06:16:00, 港男不投案港府竟要求台灣真心履行最基本的法治方便陳同佳赴台, https://tw.appledaily.com/international/20201004/OKLSGEGPO5GZRKTBSH7B4JXXEE/
         >>> 找到關鍵字 "安全"; 文章資訊: 2020-10-03 12:05:00, 健保安全準備金不足費率蓄勢待漲陳時中沒投資就沒健康, https://tw.appledaily.com/life/20201003/JT2PPVCODRBNXEF2SIOL6DDYDY/
         >>> 找到關鍵字 "安全"; 文章資訊: 2020-10-04 04:47:00, 捷克重量級議員明年春也要率團訪台聚焦資安合作應對中俄老大哥威脅, https://tw.appledaily.com/international/20201004/3PLHTWTUJFBQ3O7O54AEBF3LHA/
         <<< 2020-10-04 沒有更多 "安全" 相關的新聞 !!! >>>
  ------------------------------------------------------
    >> 搜尋關鍵字:"槽車"; 網址:"https://tw.appledaily.com/search/槽車/"
         <<< 2020-10-04 沒有更多 "槽車" 相關的新聞 !!! >>>
       >> 檔案輸出
        ------------------------------------------------------
      >> 下載新聞內容
      >> 下載 https://tw.appledaily.com/headline/20201004/BSJX4BPFKNAYDCUTKVYRQKUWH4/, 網紅送測加利口罩勝MIT指揮中心無法採信
      >> 下載 https://tw.appledaily.com/local/20201003/IF22DJ346ZCJNBUTVSGGJOU73E/, 高雄燕巢連假廢棄物亂倒恐汙染典寶溪藍批市府螺絲鬆
      >> 下載 https://tw.appledaily.com/local/20201003/IF22DJ346ZCJNBUTVSGGJOU73E/, 高雄燕巢連假廢棄物亂倒恐汙染典寶溪藍批市府螺絲鬆
      >> 下載 https://tw.appledaily.com/life/20201003/2BG3L42HYFGFZO7PQ5DZX2PBAI/, 孕婦憂烤肉煙傷胎兒名醫平時吸更多PAHs
      >> 下載 https://tw.appledaily.com/local/20201004/SR25BDCHZ5AEHMW2GU23LSDGGA/, 獨家告百億身價外商餵毒性侵全無罪小模冏了精液毒品都是別人的
      >> 下載 https://tw.appledaily.com/headline/20201004/IZTEVPAKEBCP3BRPFU7XNHIMUM/, 惡鄰餵毒毛孩掙扎扯斷鍊亡
      >> 下載 https://tw.appledaily.com/life/20201003/VK5NN3FPXZHE5CXZ6S2WFCB4GE/, 秋節瘋柚子防交互作用吃這6種藥的人特別小心
      >> 下載 https://tw.appledaily.com/local/20201003/IF22DJ346ZCJNBUTVSGGJOU73E/, 高雄燕巢連假廢棄物亂倒恐汙染典寶溪藍批市府螺絲鬆
      >> 下載 https://tw.appledaily.com/headline/20201004/7GPT2NH76FC6RJTFFL5SEZX4TE/, 感染者康復像接種疫苗專家再傳染可能性低
      >> 下載 https://tw.appledaily.com/life/20201003/NK3VOF3VUZH3LEKJQT35IECYK4/, 川普確診美媒感染源直指是她國內專家可能性微乎其微
      >> 下載 https://tw.appledaily.com/life/20201003/2BG3L42HYFGFZO7PQ5DZX2PBAI/, 孕婦憂烤肉煙傷胎兒名醫平時吸更多PAHs
      >> 下載 https://tw.appledaily.com/entertainment/20201004/AIBW4JIHL5GGFMI3XJLM42RDIU/, KellyTalk郭雪芙逗貓慢活認真顧臉不求快
      >> 下載 https://tw.appledaily.com/lifestyle/20201004/RNMME54RABAANECHIA7O76JMTA/, 校園性騷擾首重保密創傷需專業諮商
      >> 下載 https://tw.appledaily.com/local/20201004/YOO2U4OGPBA7RJXIHYX2RMT5MM/, 奧迪迴轉遭飆速福斯衝撞撞上騎樓6機車無辜遭毀
      >> 下載 https://tw.appledaily.com/politics/20201004/3B3PWD4HTZF5TPVV42ZGMUH4TI/, 北市里長收深圳神秘包裹憂夾帶病毒不敢拆封
      >> 下載 https://tw.appledaily.com/international/20201004/C3F4IYWOKNEXXHXP3P5GQ24CTE/, 總疫報英法均刷新單日新增確診紀錄馬德里成全歐首個再封城首都
      >> 下載 https://tw.appledaily.com/politics/20201004/OTPD3CL5WJGDLFVMDDLPWIOZUI/, 台海緊張兩岸戰力雖懸殊退將張延廷國軍掌制空權仍可打持久戰
      >> 下載 https://tw.appledaily.com/international/20201004/RGQGWNURXNDUBBUIKNHKY52UGU/, 川普確診白宮幕僚怕了開始戴口罩上班
      >> 下載 https://tw.appledaily.com/international/20201004/OKLSGEGPO5GZRKTBSH7B4JXXEE/, 港男不投案港府竟要求台灣真心履行最基本的法治方便陳同佳赴台
      >> 下載 https://tw.appledaily.com/life/20201003/JT2PPVCODRBNXEF2SIOL6DDYDY/, 健保安全準備金不足費率蓄勢待漲陳時中沒投資就沒健康
      >> 下載 https://tw.appledaily.com/international/20201004/3PLHTWTUJFBQ3O7O54AEBF3LHA/, 捷克重量級議員明年春也要率團訪台聚焦資安合作應對中俄老大哥威脅
