     -----> 新聞爬蟲：中國時報電子報

           <<< 中國時報電子報新聞搜尋 >>>
        ------------------------------------------------------
        ------------------------------------------------------
       >> 搜尋關鍵字:"工業用"; 網址:"https://www.chinatimes.com/search/工業用?page=1&chdtv"
         <<< 2020-10-06 沒有更多 "工業用" 相關的新聞 !!! >>>
        ------------------------------------------------------
       >> 搜尋關鍵字:"化工"; 網址:"https://www.chinatimes.com/search/化工?page=1&chdtv"
         <<< 2020-10-06 沒有更多 "化工" 相關的新聞 !!! >>>
        ------------------------------------------------------
       >> 搜尋關鍵字:"化災"; 網址:"https://www.chinatimes.com/search/化災?page=1&chdtv"
         <<< 2020-10-06 沒有更多 "化災" 相關的新聞 !!! >>>
        ------------------------------------------------------
       >> 搜尋關鍵字:"化學"; 網址:"https://www.chinatimes.com/search/化學?page=1&chdtv"
         >>> 找到關鍵字 "化學"; 文章資訊: 2020-10-05 13:58:00, 國際產業今年首8個月全球EV電池銷售樂金化學市占首位, https://www.chinatimes.com/realtimenews/20201005002904-260410
         <<< 2020-10-06 沒有更多 "化學" 相關的新聞 !!! >>>
        ------------------------------------------------------
       >> 搜尋關鍵字:"外洩"; 網址:"https://www.chinatimes.com/search/外洩?page=1&chdtv"
         >>> 找到關鍵字 "外洩"; 文章資訊: 2020-10-05 10:02:00, 中秋連假最後一天碧潭美食街疑瓦斯外洩釀氣爆, https://www.chinatimes.com/realtimenews/20201005001447-260402
         <<< 2020-10-06 沒有更多 "外洩" 相關的新聞 !!! >>>
        ------------------------------------------------------
       >> 搜尋關鍵字:"危害"; 網址:"https://www.chinatimes.com/search/危害?page=1&chdtv"
         <<< 2020-10-06 沒有更多 "危害" 相關的新聞 !!! >>>
        ------------------------------------------------------
       >> 搜尋關鍵字:"有毒"; 網址:"https://www.chinatimes.com/search/有毒?page=1&chdtv"
         <<< 2020-10-06 沒有更多 "有毒" 相關的新聞 !!! >>>
        ------------------------------------------------------
       >> 搜尋關鍵字:"有害"; 網址:"https://www.chinatimes.com/search/有害?page=1&chdtv"
         <<< 2020-10-06 沒有更多 "有害" 相關的新聞 !!! >>>
        ------------------------------------------------------
       >> 搜尋關鍵字:"色料"; 網址:"https://www.chinatimes.com/search/色料?page=1&chdtv"
         <<< 2020-10-06 沒有更多 "色料" 相關的新聞 !!! >>>
        ------------------------------------------------------
       >> 搜尋關鍵字:"色素"; 網址:"https://www.chinatimes.com/search/色素?page=1&chdtv"
         <<< 2020-10-06 沒有更多 "色素" 相關的新聞 !!! >>>
        ------------------------------------------------------
       >> 搜尋關鍵字:"毒性"; 網址:"https://www.chinatimes.com/search/毒性?page=1&chdtv"
         <<< 2020-10-06 沒有更多 "毒性" 相關的新聞 !!! >>>
        ------------------------------------------------------
       >> 搜尋關鍵字:"毒品"; 網址:"https://www.chinatimes.com/search/毒品?page=1&chdtv"
         <<< 2020-10-06 沒有更多 "毒品" 相關的新聞 !!! >>>
        ------------------------------------------------------
       >> 搜尋關鍵字:"致癌"; 網址:"https://www.chinatimes.com/search/致癌?page=1&chdtv"
         <<< 2020-10-06 沒有更多 "致癌" 相關的新聞 !!! >>>
        ------------------------------------------------------
       >> 搜尋關鍵字:"重金屬"; 網址:"https://www.chinatimes.com/search/重金屬?page=1&chdtv"
         <<< 2020-10-06 沒有更多 "重金屬" 相關的新聞 !!! >>>
        ------------------------------------------------------
       >> 搜尋關鍵字:"食安"; 網址:"https://www.chinatimes.com/search/食安?page=1&chdtv"
         >>> 找到關鍵字 "食安"; 文章資訊: 2020-10-05 17:01:00, 燕窩月餅空運來台未拆發霉綠議員槓標示不清, https://www.chinatimes.com/realtimenews/20201005003997-260405
         >>> 找到關鍵字 "食安"; 文章資訊: 2020-10-05 16:34:00, 黃守達揭網流傳19名學生上吐下瀉食安處派員到供膳處查核, https://www.chinatimes.com/realtimenews/20201005003864-260405
         <<< 2020-10-06 沒有更多 "食安" 相關的新聞 !!! >>>
        ------------------------------------------------------
       >> 搜尋關鍵字:"香料"; 網址:"https://www.chinatimes.com/search/香料?page=1&chdtv"
         <<< 2020-10-06 沒有更多 "香料" 相關的新聞 !!! >>>
        ------------------------------------------------------
       >> 搜尋關鍵字:"原料"; 網址:"https://www.chinatimes.com/search/原料?page=1&chdtv"
         <<< 2020-10-06 沒有更多 "原料" 相關的新聞 !!! >>>
        ------------------------------------------------------
       >> 搜尋關鍵字:"氣爆"; 網址:"https://www.chinatimes.com/search/氣爆?page=1&chdtv"
         >>> 找到關鍵字 "氣爆"; 文章資訊: 2020-10-05 10:02:00, 中秋連假最後一天碧潭美食街疑瓦斯外洩釀氣爆, https://www.chinatimes.com/realtimenews/20201005001447-260402
         >>> 找到關鍵字 "氣爆"; 文章資訊: 2020-10-05 17:31:00, 顧客說不用就沒檢查瓦斯行害氣爆判賠89萬元, https://www.chinatimes.com/realtimenews/20201005004156-260402
         <<< 2020-10-06 沒有更多 "氣爆" 相關的新聞 !!! >>>
        ------------------------------------------------------
       >> 搜尋關鍵字:"添加物"; 網址:"https://www.chinatimes.com/search/添加物?page=1&chdtv"
         <<< 2020-10-06 沒有更多 "添加物" 相關的新聞 !!! >>>
        ------------------------------------------------------
       >> 搜尋關鍵字:"黑心"; 網址:"https://www.chinatimes.com/search/黑心?page=1&chdtv"
         <<< 2020-10-06 沒有更多 "黑心" 相關的新聞 !!! >>>
        ------------------------------------------------------
       >> 搜尋關鍵字:"漂白"; 網址:"https://www.chinatimes.com/search/漂白?page=1&chdtv"
         <<< 2020-10-06 沒有更多 "漂白" 相關的新聞 !!! >>>
        ------------------------------------------------------
       >> 搜尋關鍵字:"爆炸"; 網址:"https://www.chinatimes.com/search/爆炸?page=1&chdtv"
         <<< 2020-10-06 沒有更多 "爆炸" 相關的新聞 !!! >>>
        ------------------------------------------------------
       >> 搜尋關鍵字:"新興"; 網址:"https://www.chinatimes.com/search/新興?page=1&chdtv"
         <<< 2020-10-06 沒有更多 "新興" 相關的新聞 !!! >>>
        ------------------------------------------------------
       >> 搜尋關鍵字:"爆裂物"; 網址:"https://www.chinatimes.com/search/爆裂物?page=1&chdtv"
         <<< 2020-10-06 沒有更多 "爆裂物" 相關的新聞 !!! >>>
        ------------------------------------------------------
       >> 搜尋關鍵字:"IED"; 網址:"https://www.chinatimes.com/search/IED?page=1&chdtv"
        ------------------------------------------------------
       >> 搜尋關鍵字:"排放"; 網址:"https://www.chinatimes.com/search/排放?page=1&chdtv"
         <<< 2020-10-06 沒有更多 "排放" 相關的新聞 !!! >>>
        ------------------------------------------------------
       >> 搜尋關鍵字:"污染"; 網址:"https://www.chinatimes.com/search/污染?page=1&chdtv"
         <<< 2020-10-06 沒有更多 "污染" 相關的新聞 !!! >>>
        ------------------------------------------------------
       >> 搜尋關鍵字:"廢水"; 網址:"https://www.chinatimes.com/search/廢水?page=1&chdtv"
         <<< 2020-10-06 沒有更多 "廢水" 相關的新聞 !!! >>>
        ------------------------------------------------------
       >> 搜尋關鍵字:"污水"; 網址:"https://www.chinatimes.com/search/污水?page=1&chdtv"
         >>> 找到關鍵字 "污水"; 文章資訊: 2020-10-05 17:38:00, 竹北水資源回收中心第二期開工, https://house.chinatimes.com/20201005004211-264413
         <<< 2020-10-06 沒有更多 "污水" 相關的新聞 !!! >>>
        ------------------------------------------------------
       >> 搜尋關鍵字:"洩漏"; 網址:"https://www.chinatimes.com/search/洩漏?page=1&chdtv"
         <<< 2020-10-06 沒有更多 "洩漏" 相關的新聞 !!! >>>
        ------------------------------------------------------
       >> 搜尋關鍵字:"暗管"; 網址:"https://www.chinatimes.com/search/暗管?page=1&chdtv"
         <<< 2020-10-06 沒有更多 "暗管" 相關的新聞 !!! >>>
        ------------------------------------------------------
       >> 搜尋關鍵字:"偷排"; 網址:"https://www.chinatimes.com/search/偷排?page=1&chdtv"
         <<< 2020-10-06 沒有更多 "偷排" 相關的新聞 !!! >>>
        ------------------------------------------------------
       >> 搜尋關鍵字:"安全"; 網址:"https://www.chinatimes.com/search/安全?page=1&chdtv"
         >>> 找到關鍵字 "安全"; 文章資訊: 2020-10-05 14:55:00, 特斯拉正透過車內鏡頭偵測駕駛眼部與動作狀態未來可能藉此增加安全監督機能增進行車安全, https://autos.chinatimes.com/20201005003277-264301
         >>> 找到關鍵字 "安全"; 文章資訊: 2020-10-05 16:34:00, 總鑽牛角尖把伴侶推更遠沒安全感的你需要謹記5點原則, https://www.chinatimes.com/realtimenews/20201005003888-260405
         >>> 找到關鍵字 "安全"; 文章資訊: 2020-10-05 19:56:00, 連5年消防訓練中心安檢不合格消防署深自檢討, https://www.chinatimes.com/realtimenews/20201005004936-260402
         >>> 找到關鍵字 "安全"; 文章資訊: 2020-10-05 18:47:00, 台中12名印尼籍學生發燒腹瀉疑染疫衛生局排除染疫可能, https://www.chinatimes.com/realtimenews/20201005004664-260405
         >>> 找到關鍵字 "安全"; 文章資訊: 2020-10-05 13:34:00, 故前總統李登輝奉安10月67日交管, https://www.chinatimes.com/realtimenews/20201005002790-260405
         >>> 找到關鍵字 "安全"; 文章資訊: 2020-10-05 12:18:00, Arm新技術為自主系統帶來具安全能力的運算解決方案, https://www.chinatimes.com/realtimenews/20201005002396-260410
         >>> 找到關鍵字 "安全"; 文章資訊: 2020-10-05 17:30:00, 精誠攜瑞擎數位搶攻政府金融電信業資安商機, https://www.chinatimes.com/realtimenews/20201005004170-260410
         <<< 2020-10-06 沒有更多 "安全" 相關的新聞 !!! >>>
        ------------------------------------------------------
       >> 搜尋關鍵字:"槽車"; 網址:"https://www.chinatimes.com/search/槽車?page=1&chdtv"
         <<< 2020-10-06 沒有更多 "槽車" 相關的新聞 !!! >>>
       >> 檔案輸出
        ------------------------------------------------------
      >> 下載新聞內容
      >> 下載 https://www.chinatimes.com/realtimenews/20201005002904-260410, 國際產業今年首8個月全球EV電池銷售樂金化學市占首位
      >> 下載 https://www.chinatimes.com/realtimenews/20201005001447-260402, 中秋連假最後一天碧潭美食街疑瓦斯外洩釀氣爆
      >> 下載 https://www.chinatimes.com/realtimenews/20201005003997-260405, 燕窩月餅空運來台未拆發霉綠議員槓標示不清
      >> 下載 https://www.chinatimes.com/realtimenews/20201005003864-260405, 黃守達揭網流傳19名學生上吐下瀉食安處派員到供膳處查核
      >> 下載 https://www.chinatimes.com/realtimenews/20201005001447-260402, 中秋連假最後一天碧潭美食街疑瓦斯外洩釀氣爆
      >> 下載 https://www.chinatimes.com/realtimenews/20201005004156-260402, 顧客說不用就沒檢查瓦斯行害氣爆判賠89萬元
      >> 下載 https://house.chinatimes.com/20201005004211-264413, 竹北水資源回收中心第二期開工
      >> 下載 https://autos.chinatimes.com/20201005003277-264301, 特斯拉正透過車內鏡頭偵測駕駛眼部與動作狀態未來可能藉此增加安全監督機能增進行車安全
      >> 下載 https://www.chinatimes.com/realtimenews/20201005003888-260405, 總鑽牛角尖把伴侶推更遠沒安全感的你需要謹記5點原則
      >> 下載 https://www.chinatimes.com/realtimenews/20201005004936-260402, 連5年消防訓練中心安檢不合格消防署深自檢討
      >> 下載 https://www.chinatimes.com/realtimenews/20201005004664-260405, 台中12名印尼籍學生發燒腹瀉疑染疫衛生局排除染疫可能
      >> 下載 https://www.chinatimes.com/realtimenews/20201005002790-260405, 故前總統李登輝奉安10月67日交管
      >> 下載 https://www.chinatimes.com/realtimenews/20201005002396-260410, Arm新技術為自主系統帶來具安全能力的運算解決方案
      >> 下載 https://www.chinatimes.com/realtimenews/20201005004170-260410, 精誠攜瑞擎數位搶攻政府金融電信業資安商機
