     -----> 新聞爬蟲：蘋果日報

           <<< 蘋果日報新聞搜尋 >>>
  ------------------------------------------------------
  ------------------------------------------------------
    >> 搜尋關鍵字:"工業用"; 網址:"https://tw.appledaily.com/search/工業用/"
         >>> 找到關鍵字 "工業用"; 文章資訊: 2020-10-08 15:43:00, 外資力挺股價上看45元聯電市值逼近4千億大關, https://tw.appledaily.com/property/20201008/2FSU2UB7LFEUVK2YJUECHWI3XE/
         >>> 找到關鍵字 "工業用"; 文章資訊: 2020-10-08 13:04:00, 降雨量創新低水利署防疫工業用水無影響, https://tw.appledaily.com/politics/20201008/QG6DHC2RXRAB3CQH4VTGN4EUFA/
         <<< 2020-10-09 沒有更多 "工業用" 相關的新聞 !!! >>>
  ------------------------------------------------------
    >> 搜尋關鍵字:"化工"; 網址:"https://tw.appledaily.com/search/化工/"
         >>> 找到關鍵字 "化工"; 文章資訊: 2020-10-09 05:45:00, 10家中小企業擴大投資台灣44億, https://tw.appledaily.com/property/20201009/6MWEGVKWGVHNJHHGWER6Q2JZZY/
         >>> 找到關鍵字 "化工"; 文章資訊: 2020-10-09 03:15:00, 中共武統台灣七部曲首推演兩岸一旦開戰美日澳印救台圍中, https://tw.appledaily.com/international/20201009/3HGWOL27GJDTZGS7GGYLDOJB3A/
         >>> 找到關鍵字 "化工"; 文章資訊: 2020-10-08 12:58:00, 鴻海與SAP戰略結盟工業40規範導入全球廠區, https://tw.appledaily.com/property/20201008/BWIA3RQEQVCI7JO4NO4I3G6T74/
         <<< 2020-10-09 沒有更多 "化工" 相關的新聞 !!! >>>
  ------------------------------------------------------
    >> 搜尋關鍵字:"化災"; 網址:"https://tw.appledaily.com/search/化災/"
         <<< 2020-10-09 沒有更多 "化災" 相關的新聞 !!! >>>
  ------------------------------------------------------
    >> 搜尋關鍵字:"化學"; 網址:"https://tw.appledaily.com/search/化學/"
      **** something wrong!! Restart it!! ****
  ------------------------------------------------------
    >> 搜尋關鍵字:"外洩"; 網址:"https://tw.appledaily.com/search/外洩/"
         >>> 找到關鍵字 "外洩"; 文章資訊: 2020-10-09 00:00:00, 慟戰車翻覆中士殉職, https://tw.appledaily.com/headline/20201009/4YHDSURVLBHGJGQKR7SEG4FB54/
         >>> 找到關鍵字 "外洩"; 文章資訊: 2020-10-08 22:52:00, 演習殉職金門戰車下坡翻覆重壓車長目擊者他半身卡車外哀嚎, https://tw.appledaily.com/local/20201008/4L3TQU4ZKFE7PIPW57OX6J5XH4/
         >>> 找到關鍵字 "外洩"; 文章資訊: 2020-10-08 18:25:00, 陳其邁首備詢黃捷不翻白眼了同框綠議員戴彩虹口罩, https://tw.appledaily.com/politics/20201008/YQE2DXHQIZBADJZYETPOABKXME/
         <<< 2020-10-09 沒有更多 "外洩" 相關的新聞 !!! >>>
  ------------------------------------------------------
    >> 搜尋關鍵字:"危害"; 網址:"https://tw.appledaily.com/search/危害/"
         >>> 找到關鍵字 "危害"; 文章資訊: 2020-10-09 05:59:00, 山老鼠肆虐深山尋寶賺暴利現場直播攬客鋸切樹瘤, https://tw.appledaily.com/local/20201009/LIVTJEZZQVBVXAHVMDOPAC25KE/
         >>> 找到關鍵字 "危害"; 文章資訊: 2020-10-09 00:00:00, 回歸社會有風險弒母剁頭男回籠, https://tw.appledaily.com/headline/20201009/AOFJ46VDYBG4BNMYU54443YKKE/
         >>> 找到關鍵字 "危害"; 文章資訊: 2020-10-09 00:00:00, 蘋論政府應保護防疫吹哨者, https://tw.appledaily.com/headline/20201009/DPT2ZX7OUBBFFHWZXGN2Q3J22Y/
         >>> 找到關鍵字 "危害"; 文章資訊: 2020-10-09 00:10:00, 蘋滋味印度大廚賣夢幻咖哩有機無毒回饋台灣, https://tw.appledaily.com/micromovie/20201009/YXAKW5APSNHMZKBWIWAM53PA5Y/
         >>> 找到關鍵字 "危害"; 文章資訊: 2020-10-09 00:05:00, 遇搭訕男心動交往女慘遭恐怖情人勾勾纏, https://tw.appledaily.com/local/20201009/ZT6VVJHTHVALXIXT3ADMBBJVNE/
         >>> 找到關鍵字 "危害"; 文章資訊: 2020-10-08 20:03:00, 一封email曝錢櫃大火真實原因練台生為衝業績違規施工不停業害6命, https://tw.appledaily.com/local/20201008/AQBXZXMYUZDHNGAGPHZVTZYFKQ/
         >>> 找到關鍵字 "危害"; 文章資訊: 2020-10-08 17:17:00, 富山漁港清出百公斤鬼網台東招募潛海戰將力抗隱形殺手, https://tw.appledaily.com/life/20201008/MJCTMQFK3VHLJNSXK4JAHRGMSE/
         >>> 找到關鍵字 "危害"; 文章資訊: 2020-10-08 12:47:00, 弒母剁頭逆子回籠回歸社會有風險高院改裁定羈押, https://tw.appledaily.com/local/20201008/HIQQO5W6PFBCTNPDDNTFQAD7YI/
         >>> 找到關鍵字 "危害"; 文章資訊: 2020-10-08 07:39:00, 令人髮指美國賓州男涉強姦10個月大親女致死, https://tw.appledaily.com/international/20201008/FRYKDJSVYFB47GKUEHNESZMYZE/
         <<< 2020-10-09 沒有更多 "危害" 相關的新聞 !!! >>>
  ------------------------------------------------------
    >> 搜尋關鍵字:"有毒"; 網址:"https://tw.appledaily.com/search/有毒/"
         <<< 2020-10-09 沒有更多 "有毒" 相關的新聞 !!! >>>
  ------------------------------------------------------
    >> 搜尋關鍵字:"有害"; 網址:"https://tw.appledaily.com/search/有害/"
      **** something wrong!! Restart it!! ****
  ------------------------------------------------------
    >> 搜尋關鍵字:"色料"; 網址:"https://tw.appledaily.com/search/色料/"
         <<< 2020-10-09 沒有更多 "色料" 相關的新聞 !!! >>>
  ------------------------------------------------------
    >> 搜尋關鍵字:"色素"; 網址:"https://tw.appledaily.com/search/色素/"
         <<< 2020-10-09 沒有更多 "色素" 相關的新聞 !!! >>>
  ------------------------------------------------------
    >> 搜尋關鍵字:"毒性"; 網址:"https://tw.appledaily.com/search/毒性/"
         >>> 找到關鍵字 "毒性"; 文章資訊: 2020-10-09 06:40:00, 腿上被大蜈蚣螫傷退役泰拳拳王毒發死, https://tw.appledaily.com/international/20201009/GIR66DNH3FCIBFHQPNRAXSY6IQ/
         >>> 找到關鍵字 "毒性"; 文章資訊: 2020-10-08 12:34:00, 台中男如兔子紅眼睛原來這薄膜染病毒險失明, https://tw.appledaily.com/life/20201008/STPLTNUCRRGFJH5UT7QFV4FWQI/
         <<< 2020-10-09 沒有更多 "毒性" 相關的新聞 !!! >>>
  ------------------------------------------------------
    >> 搜尋關鍵字:"毒品"; 網址:"https://tw.appledaily.com/search/毒品/"
         >>> 找到關鍵字 "毒品"; 文章資訊: 2020-10-09 00:00:00, 回歸社會有風險弒母剁頭男回籠, https://tw.appledaily.com/headline/20201009/AOFJ46VDYBG4BNMYU54443YKKE/
         >>> 找到關鍵字 "毒品"; 文章資訊: 2020-10-09 00:00:00, 起底寶和會專養槍手立院旁也開槍, https://tw.appledaily.com/headline/20201009/XA6NTW27JVCNLBB7JHZ4XXFCMQ/
         >>> 找到關鍵字 "毒品"; 文章資訊: 2020-10-08 21:00:00, 館長槍擊案兇狠寶和會起底施俊吉曾犯立院旁槍擊案專訓練幫派槍手, https://tw.appledaily.com/local/20201008/JNC2VQ344ZDZXHOFBVYEZF47WI/
         >>> 找到關鍵字 "毒品"; 文章資訊: 2020-10-08 12:47:00, 弒母剁頭逆子回籠回歸社會有風險高院改裁定羈押, https://tw.appledaily.com/local/20201008/HIQQO5W6PFBCTNPDDNTFQAD7YI/
         >>> 找到關鍵字 "毒品"; 文章資訊: 2020-10-08 12:20:00, 中市街頭砸車免驚警察破窗逮毒蟲, https://tw.appledaily.com/local/20201008/3DW3GV32IVFSDCJPP5S3MTWCZE/
         <<< 2020-10-09 沒有更多 "毒品" 相關的新聞 !!! >>>
  ------------------------------------------------------
    >> 搜尋關鍵字:"致癌"; 網址:"https://tw.appledaily.com/search/致癌/"
      **** something wrong!! Restart it!! ****
