     -----> 新聞爬蟲：東森新聞報

           <<< 東森新聞報新聞搜尋 >>>
        ------------------------------------------------------
        ------------------------------------------------------
       >> 搜尋關鍵字:"工業用"; 網址:"https://www.ettoday.net/news_search/doSearch.php?keywords=工業用&idx=1&page=1"
         <<< 2020-10-06 沒有更多 "工業用" 相關的新聞 !!! >>>
        ------------------------------------------------------
       >> 搜尋關鍵字:"化工"; 網址:"https://www.ettoday.net/news_search/doSearch.php?keywords=化工&idx=1&page=1"
         >>> 找到關鍵字 "化工"; 文章資訊: 2020-10-05 13:43:00, 大廠歸位高雄新站成解藥電腦街空店面緩慢去化, https://www.ettoday.net/news/20201005/1824644.htm
         <<< 2020-10-06 沒有更多 "化工" 相關的新聞 !!! >>>
        ------------------------------------------------------
       >> 搜尋關鍵字:"化災"; 網址:"https://www.ettoday.net/news_search/doSearch.php?keywords=化災&idx=1&page=1"
         <<< 2020-10-06 沒有更多 "化災" 相關的新聞 !!! >>>
        ------------------------------------------------------
       >> 搜尋關鍵字:"化學"; 網址:"https://www.ettoday.net/news_search/doSearch.php?keywords=化學&idx=1&page=1"
         >>> 找到關鍵字 "化學"; 文章資訊: 2020-10-05 19:25:00, 第一夫婦染疫表現大不同川普抱病外出犯眾怒夫人卻乖乖隔離, https://www.ettoday.net/news/20201005/1824901.htm
         >>> 找到關鍵字 "化學"; 文章資訊: 2020-10-05 17:35:00, 快訊諾貝爾生醫獎揭曉3學者發現C肝病毒共同獲得, https://www.ettoday.net/news/20201005/1824897.htm
         >>> 找到關鍵字 "化學"; 文章資訊: 2020-10-05 17:18:00, 新纖50週年藝術開趴董座吳東昇打好基礎再攀高峰, https://www.ettoday.net/news/20201005/1824899.htm
         >>> 找到關鍵字 "化學"; 文章資訊: 2020-10-05 17:14:00, 新北登革熱續燒五寮尖筍園群聚連6天增病例累積42人確診, https://www.ettoday.net/news/20201005/1824900.htm
         >>> 找到關鍵字 "化學"; 文章資訊: 2020-10-05 11:31:00, 愛因斯坦小時候數學爛高中成績單曝光網根本全方位天才, https://www.ettoday.net/news/20201005/1824388.htm
         >>> 找到關鍵字 "化學"; 文章資訊: 2020-10-05 11:22:00, 諾貝爾生醫獎今登場學者曝新冠肺炎相關研究獲獎機率低, https://www.ettoday.net/news/20201005/1824375.htm
         >>> 找到關鍵字 "化學"; 文章資訊: 2020-10-05 09:05:00, 問世一年戰力依舊滿編馬自達CX30刷存在感刷得心安理得, https://www.ettoday.net/news/20201005/1824283.htm
         <<< 2020-10-06 沒有更多 "化學" 相關的新聞 !!! >>>
        ------------------------------------------------------
       >> 搜尋關鍵字:"外洩"; 網址:"https://www.ettoday.net/news_search/doSearch.php?keywords=外洩&idx=1&page=1"
         >>> 找到關鍵字 "外洩"; 文章資訊: 2020-10-05 18:10:00, 手機回收月起跑台南市環保局回收手機趁現在, https://www.ettoday.net/news/20201005/1824949.htm
         >>> 找到關鍵字 "外洩"; 文章資訊: 2020-10-05 12:47:00, 駭客再對人力銀行下手1111此為9年前舊案資安已提升, https://www.ettoday.net/news/20201005/1824659.htm
         >>> 找到關鍵字 "外洩"; 文章資訊: 2020-10-05 12:08:00, 2013年求職個資疑遭駭客入侵104人力銀行已向調查局報案追查, https://www.ettoday.net/news/20201005/1824619.htm
         >>> 找到關鍵字 "外洩"; 文章資訊: 2020-10-05 11:40:00, 專家求職者個資成為駭客眼中的肥肉連續假期易成攻擊日, https://www.ettoday.net/news/20201005/1824579.htm
         <<< 2020-10-06 沒有更多 "外洩" 相關的新聞 !!! >>>
        ------------------------------------------------------
       >> 搜尋關鍵字:"危害"; 網址:"https://www.ettoday.net/news_search/doSearch.php?keywords=危害&idx=1&page=1"
         >>> 找到關鍵字 "危害"; 文章資訊: 2020-10-05 17:08:00, 為保經營權提告阻召開股東臨時會大同公司派敗訴, https://www.ettoday.net/news/20201005/1824889.htm
         >>> 找到關鍵字 "危害"; 文章資訊: 2020-10-05 07:38:00, 不想去馬祖役男砸27萬代驗免役槍手再幫兩人驗退秒被抓包, https://www.ettoday.net/news/20201005/1824336.htm
         >>> 找到關鍵字 "危害"; 文章資訊: 2020-10-05 07:03:00, 喝酒臉紅其實是病酒精不耐症即使少量飲酒罹癌風險仍有126倍, https://www.ettoday.net/news/20201005/1798669.htm
         <<< 2020-10-06 沒有更多 "危害" 相關的新聞 !!! >>>
        ------------------------------------------------------
       >> 搜尋關鍵字:"有毒"; 網址:"https://www.ettoday.net/news_search/doSearch.php?keywords=有毒&idx=1&page=1"
         <<< 2020-10-06 沒有更多 "有毒" 相關的新聞 !!! >>>
        ------------------------------------------------------
       >> 搜尋關鍵字:"有害"; 網址:"https://www.ettoday.net/news_search/doSearch.php?keywords=有害&idx=1&page=1"
         >>> 找到關鍵字 "有害"; 文章資訊: 2020-10-05 20:20:00, 日研究看大海能放鬆專家曝海洋療法3步驟秒退憂鬱情緒, https://www.ettoday.net/news/20201005/1824929.htm
         >>> 找到關鍵字 "有害"; 文章資訊: 2020-10-05 17:48:00, 旅客注意明年起私帶菸品超量未申報入境罰鍰變雙倍, https://www.ettoday.net/news/20201005/1824934.htm
         >>> 找到關鍵字 "有害"; 文章資訊: 2020-10-05 16:01:00, 半夜孕吐貼心汪秒醒陪衝廁所媽感動才不會因懷孕不要牠, https://www.ettoday.net/news/20201005/1824518.htm
         >>> 找到關鍵字 "有害"; 文章資訊: 2020-10-05 14:38:00, 泡在啤酒中超Chill新竹輕旅行提案隱藏版咖啡廳賞忘憂湖景, https://www.ettoday.net/news/20201005/1824546.htm
         <<< 2020-10-06 沒有更多 "有害" 相關的新聞 !!! >>>
        ------------------------------------------------------
       >> 搜尋關鍵字:"色料"; 網址:"https://www.ettoday.net/news_search/doSearch.php?keywords=色料&idx=1&page=1"
         <<< 2020-10-06 沒有更多 "色料" 相關的新聞 !!! >>>
        ------------------------------------------------------
       >> 搜尋關鍵字:"色素"; 網址:"https://www.ettoday.net/news_search/doSearch.php?keywords=色素&idx=1&page=1"
         >>> 找到關鍵字 "色素"; 文章資訊: 2020-10-05 12:43:00, 減肥照吃滷味小籠包醫曝3菜色塞飽墊胃地雷款一碰破功, https://www.ettoday.net/news/20201005/1820955.htm
         <<< 2020-10-06 沒有更多 "色素" 相關的新聞 !!! >>>
        ------------------------------------------------------
       >> 搜尋關鍵字:"毒性"; 網址:"https://www.ettoday.net/news_search/doSearch.php?keywords=毒性&idx=1&page=1"
         <<< 2020-10-06 沒有更多 "毒性" 相關的新聞 !!! >>>
        ------------------------------------------------------
       >> 搜尋關鍵字:"毒品"; 網址:"https://www.ettoday.net/news_search/doSearch.php?keywords=毒品&idx=1&page=1"
         >>> 找到關鍵字 "毒品"; 文章資訊: 2020-10-06 01:10:00, 苗栗屠狗地獄鬥狗虐殺鐵鍊綁3隻比特犬屍骸飼主到案說明了, https://www.ettoday.net/news/20201006/1825063.htm
         >>> 找到關鍵字 "毒品"; 文章資訊: 2020-10-05 18:57:00, 桃園弒母斷頭案梁男將出獄高院週四急開庭避免漏接, https://www.ettoday.net/news/20201005/1824984.htm
         >>> 找到關鍵字 "毒品"; 文章資訊: 2020-10-05 14:37:00, 疑友人是抓耙子當街痛毆打斷球桿悍警掏槍喊趴下壓制, https://www.ettoday.net/news/20201005/1824718.htm
         <<< 2020-10-06 沒有更多 "毒品" 相關的新聞 !!! >>>
        ------------------------------------------------------
       >> 搜尋關鍵字:"致癌"; 網址:"https://www.ettoday.net/news_search/doSearch.php?keywords=致癌&idx=1&page=1"
         <<< 2020-10-06 沒有更多 "致癌" 相關的新聞 !!! >>>
        ------------------------------------------------------
       >> 搜尋關鍵字:"重金屬"; 網址:"https://www.ettoday.net/news_search/doSearch.php?keywords=重金屬&idx=1&page=1"
         <<< 2020-10-06 沒有更多 "重金屬" 相關的新聞 !!! >>>
        ------------------------------------------------------
       >> 搜尋關鍵字:"食安"; 網址:"https://www.ettoday.net/news_search/doSearch.php?keywords=食安&idx=1&page=1"
         >>> 找到關鍵字 "食安"; 文章資訊: 2020-10-06 06:00:00, 光盤行動化臨保為公益上海食物銀行5年搶救708萬噸食品, https://www.ettoday.net/news/20201006/1825042.htm
         >>> 找到關鍵字 "食安"; 文章資訊: 2020-10-05 18:24:00, 台中12名印尼籍學生發燒腹瀉疑染疫快篩結果出爐, https://www.ettoday.net/news/20201005/1824955.htm
         >>> 找到關鍵字 "食安"; 文章資訊: 2020-10-05 17:16:00, 香港老行家月餅受潮發霉中市議員怒批境外食安漏洞, https://www.ettoday.net/news/20201005/1824872.htm
         >>> 找到關鍵字 "食安"; 文章資訊: 2020-10-05 17:15:00, 網購香港老行家月餅驚見發霉中市府協助消費者境外申訴, https://www.ettoday.net/news/20201005/1824887.htm
         >>> 找到關鍵字 "食安"; 文章資訊: 2020-10-05 11:05:00, 美豬明年11開放馮世寬開一槍我不會撒謊我不敢吃, https://www.ettoday.net/news/20201005/1824409.htm
         >>> 找到關鍵字 "食安"; 文章資訊: 2020-10-05 10:50:00, 陳其邁將上場備詢國民黨磨刀霍霍美豬美牛成攻防戰, https://www.ettoday.net/news/20201005/1824521.htm
         <<< 2020-10-06 沒有更多 "食安" 相關的新聞 !!! >>>
        ------------------------------------------------------
       >> 搜尋關鍵字:"香料"; 網址:"https://www.ettoday.net/news_search/doSearch.php?keywords=香料&idx=1&page=1"
         >>> 找到關鍵字 "香料"; 文章資訊: 2020-10-05 10:52:00, 姓名有石看過來石研室點爆炒鍋享買一送一10月底前限定, https://www.ettoday.net/news/20201005/1824534.htm
         <<< 2020-10-06 沒有更多 "香料" 相關的新聞 !!! >>>
        ------------------------------------------------------
       >> 搜尋關鍵字:"原料"; 網址:"https://www.ettoday.net/news_search/doSearch.php?keywords=原料&idx=1&page=1"
         >>> 找到關鍵字 "原料"; 文章資訊: 2020-10-06 07:01:00, 加料手搖飲明年起標示總熱量總糖量業者措手不及但配合, https://www.ettoday.net/news/20201006/1824957.htm
         >>> 找到關鍵字 "原料"; 文章資訊: 2020-10-05 17:18:00, 新纖50週年藝術開趴董座吳東昇打好基礎再攀高峰, https://www.ettoday.net/news/20201005/1824899.htm
         >>> 找到關鍵字 "原料"; 文章資訊: 2020-10-05 16:50:00, 巴黎時裝周BALENCIAGA掀起巨型包熱潮籃球鏈洋裝超吸睛, https://www.ettoday.net/news/20201005/1824847.htm
         >>> 找到關鍵字 "原料"; 文章資訊: 2020-10-05 14:38:00, 泡在啤酒中超Chill新竹輕旅行提案隱藏版咖啡廳賞忘憂湖景, https://www.ettoday.net/news/20201005/1824546.htm
         >>> 找到關鍵字 "原料"; 文章資訊: 2020-10-05 11:52:00, 影明年元旦起手搖飲要標總熱量總糖量違者最高罰300萬, https://www.ettoday.net/news/20201005/1824598.htm
         <<< 2020-10-06 沒有更多 "原料" 相關的新聞 !!! >>>
        ------------------------------------------------------
       >> 搜尋關鍵字:"氣爆"; 網址:"https://www.ettoday.net/news_search/doSearch.php?keywords=氣爆&idx=1&page=1"
         >>> 找到關鍵字 "氣爆"; 文章資訊: 2020-10-05 12:46:00, 2020需要被療癒精選北中南10家甜點用舒芙蕾水果塔撫慰身心, https://www.ettoday.net/news/20201005/1821897.htm
         >>> 找到關鍵字 "氣爆"; 文章資訊: 2020-10-05 12:06:00, 碧潭商店街清晨氣爆鐵捲門遭炸開鍋碗四散真兇是牠, https://www.ettoday.net/news/20201005/1824614.htm
         <<< 2020-10-06 沒有更多 "氣爆" 相關的新聞 !!! >>>
        ------------------------------------------------------
       >> 搜尋關鍵字:"添加物"; 網址:"https://www.ettoday.net/news_search/doSearch.php?keywords=添加物&idx=1&page=1"
         <<< 2020-10-06 沒有更多 "添加物" 相關的新聞 !!! >>>
        ------------------------------------------------------
       >> 搜尋關鍵字:"黑心"; 網址:"https://www.ettoday.net/news_search/doSearch.php?keywords=黑心&idx=1&page=1"
         <<< 2020-10-06 沒有更多 "黑心" 相關的新聞 !!! >>>
        ------------------------------------------------------
       >> 搜尋關鍵字:"漂白"; 網址:"https://www.ettoday.net/news_search/doSearch.php?keywords=漂白&idx=1&page=1"
         >>> 找到關鍵字 "漂白"; 文章資訊: 2020-10-05 13:14:00, 清潔劑也沒用她想用砂紙磨浴室地磚去汙網阻止會報銷, https://www.ettoday.net/news/20201005/1824620.htm
         <<< 2020-10-06 沒有更多 "漂白" 相關的新聞 !!! >>>
        ------------------------------------------------------
       >> 搜尋關鍵字:"爆炸"; 網址:"https://www.ettoday.net/news_search/doSearch.php?keywords=爆炸&idx=1&page=1"
         >>> 找到關鍵字 "爆炸"; 文章資訊: 2020-10-06 01:22:00, 酒吧提供免費WiFi老闆竟被依反恐法直接逮捕, https://www.ettoday.net/news/20201006/1825081.htm
         >>> 找到關鍵字 "爆炸"; 文章資訊: 2020-10-05 20:27:00, 野生阿湯哥站在高速火車頂上搏鬥見到粉絲搶拍反應超親民, https://www.ettoday.net/news/20201005/1825009.htm
         >>> 找到關鍵字 "爆炸"; 文章資訊: 2020-10-05 20:21:00, 納卡衝突影片曝警報聲中火砲雨炸落平民區街道狂震動, https://www.ettoday.net/news/20201005/1824856.htm
         <<< 2020-10-06 沒有更多 "爆炸" 相關的新聞 !!! >>>
        ------------------------------------------------------
       >> 搜尋關鍵字:"新興"; 網址:"https://www.ettoday.net/news_search/doSearch.php?keywords=新興&idx=1&page=1"
         >>> 找到關鍵字 "新興"; 文章資訊: 2020-10-06 06:00:00, 吳學展2020Podcast元年熱錢正湧入同級節目業配收入超越YouTuber, https://www.ettoday.net/news/20201006/1824944.htm
         >>> 找到關鍵字 "新興"; 文章資訊: 2020-10-05 17:31:00, 黑馬生活機能被圈粉安平區連2月登台南交易后座, https://www.ettoday.net/news/20201005/1824903.htm
         >>> 找到關鍵字 "新興"; 文章資訊: 2020-10-05 16:33:00, 石原聰美爆下月登記當人妻不嫁社長選上班族激怒分手內幕曝光, https://www.ettoday.net/news/20201005/1824862.htm
         >>> 找到關鍵字 "新興"; 文章資訊: 2020-10-05 14:26:00, 9月卡鬼不怕北市高資產族狂買大安交易量擠進前3名, https://www.ettoday.net/news/20201005/1824721.htm
         >>> 找到關鍵字 "新興"; 文章資訊: 2020-10-05 10:04:00, 詭異左切畫面曝高雄醉男凌晨自撞電桿擦出金屬火花爆頭亡, https://www.ettoday.net/news/20201005/1824450.htm
         >>> 找到關鍵字 "新興"; 文章資訊: 2020-10-05 08:15:00, 快訊中秋連假結束上班首日高雄男撞電桿當街爆頭亡路面竄火光影曝, https://www.ettoday.net/news/20201005/1824356.htm
         <<< 2020-10-06 沒有更多 "新興" 相關的新聞 !!! >>>
        ------------------------------------------------------
       >> 搜尋關鍵字:"爆裂物"; 網址:"https://www.ettoday.net/news_search/doSearch.php?keywords=爆裂物&idx=1&page=1"
         <<< 2020-10-06 沒有更多 "爆裂物" 相關的新聞 !!! >>>
        ------------------------------------------------------
       >> 搜尋關鍵字:"IED"; 網址:"https://www.ettoday.net/news_search/doSearch.php?keywords=IED&idx=1&page=1"
         <<< 2020-10-06 沒有更多 "IED" 相關的新聞 !!! >>>
        ------------------------------------------------------
       >> 搜尋關鍵字:"排放"; 網址:"https://www.ettoday.net/news_search/doSearch.php?keywords=排放&idx=1&page=1"
         >>> 找到關鍵字 "排放"; 文章資訊: 2020-10-05 21:24:00, 鞋子太多好煩惱鞋櫃數字密碼大公開3招設計高跟鞋都能塞, https://www.ettoday.net/news/20201005/1812040.htm
         >>> 找到關鍵字 "排放"; 文章資訊: 2020-10-05 16:37:00, 每小時排放百萬病毒北大研究呼吸是新冠重要傳播方式, https://www.ettoday.net/news/20201005/1824870.htm
         <<< 2020-10-06 沒有更多 "排放" 相關的新聞 !!! >>>
        ------------------------------------------------------
       >> 搜尋關鍵字:"污染"; 網址:"https://www.ettoday.net/news_search/doSearch.php?keywords=污染&idx=1&page=1"
         >>> 找到關鍵字 "污染"; 文章資訊: 2020-10-05 18:43:00, 台灣設計師陳季敏在店裡蓋告解小窗這時來還能吃到貴婦下午茶, https://www.ettoday.net/news/20201005/1824863.htm
         >>> 找到關鍵字 "污染"; 文章資訊: 2020-10-05 13:14:00, 陽台辦迷你烤肉趴警突敲門拍照坦承很無奈下場恐罰10萬, https://www.ettoday.net/news/20201005/1822312.htm
         <<< 2020-10-06 沒有更多 "污染" 相關的新聞 !!! >>>
        ------------------------------------------------------
       >> 搜尋關鍵字:"廢水"; 網址:"https://www.ettoday.net/news_search/doSearch.php?keywords=廢水&idx=1&page=1"
         >>> 找到關鍵字 "廢水"; 文章資訊: 2020-10-05 23:59:00, 蘇必略湖水都能驗出新冠病毒明尼蘇達州社區病毒量爆高, https://www.ettoday.net/news/20201005/1825050.htm
         <<< 2020-10-06 沒有更多 "廢水" 相關的新聞 !!! >>>
        ------------------------------------------------------
       >> 搜尋關鍵字:"污水"; 網址:"https://www.ettoday.net/news_search/doSearch.php?keywords=污水&idx=1&page=1"
         >>> 找到關鍵字 "污水"; 文章資訊: 2020-10-05 10:53:00, 武漢上週全城環境食品大篩查新冠核酸結果出爐, https://www.ettoday.net/news/20201005/1824532.htm
         <<< 2020-10-06 沒有更多 "污水" 相關的新聞 !!! >>>
        ------------------------------------------------------
       >> 搜尋關鍵字:"洩漏"; 網址:"https://www.ettoday.net/news_search/doSearch.php?keywords=洩漏&idx=1&page=1"
         >>> 找到關鍵字 "洩漏"; 文章資訊: 2020-10-05 19:15:00, 鄭伊健7年婚脫口老婆已經是肥婆美女妻高EQ對話閃炸, https://www.ettoday.net/news/20201005/1824990.htm
         >>> 找到關鍵字 "洩漏"; 文章資訊: 2020-10-05 12:06:00, 碧潭商店街清晨氣爆鐵捲門遭炸開鍋碗四散真兇是牠, https://www.ettoday.net/news/20201005/1824614.htm
         <<< 2020-10-06 沒有更多 "洩漏" 相關的新聞 !!! >>>
        ------------------------------------------------------
       >> 搜尋關鍵字:"暗管"; 網址:"https://www.ettoday.net/news_search/doSearch.php?keywords=暗管&idx=1&page=1"
         <<< 2020-10-06 沒有更多 "暗管" 相關的新聞 !!! >>>
        ------------------------------------------------------
       >> 搜尋關鍵字:"偷排"; 網址:"https://www.ettoday.net/news_search/doSearch.php?keywords=偷排&idx=1&page=1"
         <<< 2020-10-06 沒有更多 "偷排" 相關的新聞 !!! >>>
        ------------------------------------------------------
       >> 搜尋關鍵字:"安全"; 網址:"https://www.ettoday.net/news_search/doSearch.php?keywords=安全&idx=1&page=1"
         >>> 找到關鍵字 "安全"; 文章資訊: 2020-10-06 07:56:00, 影川普出院了住院治療僅3晚閃電離開重返白宮, https://www.ettoday.net/news/20201006/1825100.htm
         >>> 找到關鍵字 "安全"; 文章資訊: 2020-10-06 07:01:00, 加料手搖飲明年起標示總熱量總糖量業者措手不及但配合, https://www.ettoday.net/news/20201006/1824957.htm
         >>> 找到關鍵字 "安全"; 文章資訊: 2020-10-06 07:00:00, 楊聰財法規創造性騷擾犯趴趴走的機會, https://www.ettoday.net/news/20201006/1824840.htm
         >>> 找到關鍵字 "安全"; 文章資訊: 2020-10-06 06:04:00, 40粉絲曬月夜排小鬼追思演唱會自印我們都會好好的手幅悼偶像, https://www.ettoday.net/news/20201006/1825092.htm
         >>> 找到關鍵字 "安全"; 文章資訊: 2020-10-06 02:28:00, 日本將嚴審中國留學生簽證防止國安相關技術外流, https://www.ettoday.net/news/20201006/1825084.htm
         >>> 找到關鍵字 "安全"; 文章資訊: 2020-10-06 01:52:00, 烤肉吃土虱的蛋急診腸胃科醫噴笑第一次聽到給出解答了, https://www.ettoday.net/news/20201006/1825082.htm
         >>> 找到關鍵字 "安全"; 文章資訊: 2020-10-06 01:15:00, 賤民女子遭高種姓4男性侵命案印度警方稱國際陰謀, https://www.ettoday.net/news/20201006/1825080.htm
         >>> 找到關鍵字 "安全"; 文章資訊: 2020-10-06 00:17:00, 費玉清觀察人性百態怪癖曝光恆述法師同居瘋掉很痛苦, https://www.ettoday.net/news/20201006/1825072.htm
         >>> 找到關鍵字 "安全"; 文章資訊: 2020-10-05 22:01:00, 量體溫不用戳耳朵夾溫度計腋下貼片休息睡覺都能測, https://www.ettoday.net/news/20201005/1824241.htm
         >>> 找到關鍵字 "安全"; 文章資訊: 2020-10-05 20:43:00, 國道9連撞大逆轉機車族破解影片嗆駕駛干二輪屁事, https://www.ettoday.net/news/20201005/1825010.htm
        ------------------------------------------------------
       >> 搜尋關鍵字:"槽車"; 網址:"https://www.ettoday.net/news_search/doSearch.php?keywords=槽車&idx=1&page=1"
         <<< 2020-10-06 沒有更多 "槽車" 相關的新聞 !!! >>>
       >> 檔案輸出
        ------------------------------------------------------
      >> 下載新聞內容
      >> 下載 https://www.ettoday.net/news/20201005/1824644.htm, 大廠歸位高雄新站成解藥電腦街空店面緩慢去化
      >> 下載 https://www.ettoday.net/news/20201005/1824901.htm, 第一夫婦染疫表現大不同川普抱病外出犯眾怒夫人卻乖乖隔離
      >> 下載 https://www.ettoday.net/news/20201005/1824897.htm, 快訊諾貝爾生醫獎揭曉3學者發現C肝病毒共同獲得
      >> 下載 https://www.ettoday.net/news/20201005/1824899.htm, 新纖50週年藝術開趴董座吳東昇打好基礎再攀高峰
      >> 下載 https://www.ettoday.net/news/20201005/1824900.htm, 新北登革熱續燒五寮尖筍園群聚連6天增病例累積42人確診
      >> 下載 https://www.ettoday.net/news/20201005/1824388.htm, 愛因斯坦小時候數學爛高中成績單曝光網根本全方位天才
      >> 下載 https://www.ettoday.net/news/20201005/1824375.htm, 諾貝爾生醫獎今登場學者曝新冠肺炎相關研究獲獎機率低
      >> 下載 https://www.ettoday.net/news/20201005/1824283.htm, 問世一年戰力依舊滿編馬自達CX30刷存在感刷得心安理得
      >> 下載 https://www.ettoday.net/news/20201005/1824949.htm, 手機回收月起跑台南市環保局回收手機趁現在
      >> 下載 https://www.ettoday.net/news/20201005/1824659.htm, 駭客再對人力銀行下手1111此為9年前舊案資安已提升
      >> 下載 https://www.ettoday.net/news/20201005/1824619.htm, 2013年求職個資疑遭駭客入侵104人力銀行已向調查局報案追查
      >> 下載 https://www.ettoday.net/news/20201005/1824579.htm, 專家求職者個資成為駭客眼中的肥肉連續假期易成攻擊日
      >> 下載 https://www.ettoday.net/news/20201005/1824889.htm, 為保經營權提告阻召開股東臨時會大同公司派敗訴
      >> 下載 https://www.ettoday.net/news/20201005/1824336.htm, 不想去馬祖役男砸27萬代驗免役槍手再幫兩人驗退秒被抓包
      >> 下載 https://www.ettoday.net/news/20201005/1798669.htm, 喝酒臉紅其實是病酒精不耐症即使少量飲酒罹癌風險仍有126倍
      >> 下載 https://www.ettoday.net/news/20201005/1824929.htm, 日研究看大海能放鬆專家曝海洋療法3步驟秒退憂鬱情緒
      >> 下載 https://www.ettoday.net/news/20201005/1824934.htm, 旅客注意明年起私帶菸品超量未申報入境罰鍰變雙倍
      >> 下載 https://www.ettoday.net/news/20201005/1824518.htm, 半夜孕吐貼心汪秒醒陪衝廁所媽感動才不會因懷孕不要牠
      >> 下載 https://www.ettoday.net/news/20201005/1824546.htm, 泡在啤酒中超Chill新竹輕旅行提案隱藏版咖啡廳賞忘憂湖景
      >> 下載 https://www.ettoday.net/news/20201005/1820955.htm, 減肥照吃滷味小籠包醫曝3菜色塞飽墊胃地雷款一碰破功
      >> 下載 https://www.ettoday.net/news/20201006/1825063.htm, 苗栗屠狗地獄鬥狗虐殺鐵鍊綁3隻比特犬屍骸飼主到案說明了
      >> 下載 https://www.ettoday.net/news/20201005/1824984.htm, 桃園弒母斷頭案梁男將出獄高院週四急開庭避免漏接
      >> 下載 https://www.ettoday.net/news/20201005/1824718.htm, 疑友人是抓耙子當街痛毆打斷球桿悍警掏槍喊趴下壓制
      >> 下載 https://www.ettoday.net/news/20201006/1825042.htm, 光盤行動化臨保為公益上海食物銀行5年搶救708萬噸食品
      >> 下載 https://www.ettoday.net/news/20201005/1824955.htm, 台中12名印尼籍學生發燒腹瀉疑染疫快篩結果出爐
      >> 下載 https://www.ettoday.net/news/20201005/1824872.htm, 香港老行家月餅受潮發霉中市議員怒批境外食安漏洞
      >> 下載 https://www.ettoday.net/news/20201005/1824887.htm, 網購香港老行家月餅驚見發霉中市府協助消費者境外申訴
      >> 下載 https://www.ettoday.net/news/20201005/1824409.htm, 美豬明年11開放馮世寬開一槍我不會撒謊我不敢吃
      >> 下載 https://www.ettoday.net/news/20201005/1824521.htm, 陳其邁將上場備詢國民黨磨刀霍霍美豬美牛成攻防戰
      >> 下載 https://www.ettoday.net/news/20201005/1824534.htm, 姓名有石看過來石研室點爆炒鍋享買一送一10月底前限定
      >> 下載 https://www.ettoday.net/news/20201006/1824957.htm, 加料手搖飲明年起標示總熱量總糖量業者措手不及但配合
      >> 下載 https://www.ettoday.net/news/20201005/1824899.htm, 新纖50週年藝術開趴董座吳東昇打好基礎再攀高峰
      >> 下載 https://www.ettoday.net/news/20201005/1824847.htm, 巴黎時裝周BALENCIAGA掀起巨型包熱潮籃球鏈洋裝超吸睛
      >> 下載 https://www.ettoday.net/news/20201005/1824546.htm, 泡在啤酒中超Chill新竹輕旅行提案隱藏版咖啡廳賞忘憂湖景
      >> 下載 https://www.ettoday.net/news/20201005/1824598.htm, 影明年元旦起手搖飲要標總熱量總糖量違者最高罰300萬
      >> 下載 https://www.ettoday.net/news/20201005/1821897.htm, 2020需要被療癒精選北中南10家甜點用舒芙蕾水果塔撫慰身心
      >> 下載 https://www.ettoday.net/news/20201005/1824614.htm, 碧潭商店街清晨氣爆鐵捲門遭炸開鍋碗四散真兇是牠
      >> 下載 https://www.ettoday.net/news/20201005/1824620.htm, 清潔劑也沒用她想用砂紙磨浴室地磚去汙網阻止會報銷
      >> 下載 https://www.ettoday.net/news/20201006/1825081.htm, 酒吧提供免費WiFi老闆竟被依反恐法直接逮捕
      >> 下載 https://www.ettoday.net/news/20201005/1825009.htm, 野生阿湯哥站在高速火車頂上搏鬥見到粉絲搶拍反應超親民
      >> 下載 https://www.ettoday.net/news/20201005/1824856.htm, 納卡衝突影片曝警報聲中火砲雨炸落平民區街道狂震動
      >> 下載 https://www.ettoday.net/news/20201006/1824944.htm, 吳學展2020Podcast元年熱錢正湧入同級節目業配收入超越YouTuber
      >> 下載 https://www.ettoday.net/news/20201005/1824903.htm, 黑馬生活機能被圈粉安平區連2月登台南交易后座
      >> 下載 https://www.ettoday.net/news/20201005/1824862.htm, 石原聰美爆下月登記當人妻不嫁社長選上班族激怒分手內幕曝光
      >> 下載 https://www.ettoday.net/news/20201005/1824721.htm, 9月卡鬼不怕北市高資產族狂買大安交易量擠進前3名
      >> 下載 https://www.ettoday.net/news/20201005/1824450.htm, 詭異左切畫面曝高雄醉男凌晨自撞電桿擦出金屬火花爆頭亡
      >> 下載 https://www.ettoday.net/news/20201005/1824356.htm, 快訊中秋連假結束上班首日高雄男撞電桿當街爆頭亡路面竄火光影曝
      >> 下載 https://www.ettoday.net/news/20201005/1812040.htm, 鞋子太多好煩惱鞋櫃數字密碼大公開3招設計高跟鞋都能塞
      >> 下載 https://www.ettoday.net/news/20201005/1824870.htm, 每小時排放百萬病毒北大研究呼吸是新冠重要傳播方式
      >> 下載 https://www.ettoday.net/news/20201005/1824863.htm, 台灣設計師陳季敏在店裡蓋告解小窗這時來還能吃到貴婦下午茶
      >> 下載 https://www.ettoday.net/news/20201005/1822312.htm, 陽台辦迷你烤肉趴警突敲門拍照坦承很無奈下場恐罰10萬
      >> 下載 https://www.ettoday.net/news/20201005/1825050.htm, 蘇必略湖水都能驗出新冠病毒明尼蘇達州社區病毒量爆高
      >> 下載 https://www.ettoday.net/news/20201005/1824532.htm, 武漢上週全城環境食品大篩查新冠核酸結果出爐
      >> 下載 https://www.ettoday.net/news/20201005/1824990.htm, 鄭伊健7年婚脫口老婆已經是肥婆美女妻高EQ對話閃炸
      >> 下載 https://www.ettoday.net/news/20201005/1824614.htm, 碧潭商店街清晨氣爆鐵捲門遭炸開鍋碗四散真兇是牠
      >> 下載 https://www.ettoday.net/news/20201006/1825100.htm, 影川普出院了住院治療僅3晚閃電離開重返白宮
      >> 下載 https://www.ettoday.net/news/20201006/1824957.htm, 加料手搖飲明年起標示總熱量總糖量業者措手不及但配合
      >> 下載 https://www.ettoday.net/news/20201006/1824840.htm, 楊聰財法規創造性騷擾犯趴趴走的機會
      >> 下載 https://www.ettoday.net/news/20201006/1825092.htm, 40粉絲曬月夜排小鬼追思演唱會自印我們都會好好的手幅悼偶像
      >> 下載 https://www.ettoday.net/news/20201006/1825084.htm, 日本將嚴審中國留學生簽證防止國安相關技術外流
      >> 下載 https://www.ettoday.net/news/20201006/1825082.htm, 烤肉吃土虱的蛋急診腸胃科醫噴笑第一次聽到給出解答了
      >> 下載 https://www.ettoday.net/news/20201006/1825080.htm, 賤民女子遭高種姓4男性侵命案印度警方稱國際陰謀
      >> 下載 https://www.ettoday.net/news/20201006/1825072.htm, 費玉清觀察人性百態怪癖曝光恆述法師同居瘋掉很痛苦
      >> 下載 https://www.ettoday.net/news/20201005/1824241.htm, 量體溫不用戳耳朵夾溫度計腋下貼片休息睡覺都能測
      >> 下載 https://www.ettoday.net/news/20201005/1825010.htm, 國道9連撞大逆轉機車族破解影片嗆駕駛干二輪屁事
