     -----> 新聞爬蟲：東森新聞報

           <<< 東森新聞報新聞搜尋 >>>
        ------------------------------------------------------
        ------------------------------------------------------
       >> 搜尋關鍵字:"工業用"; 網址:"https://www.ettoday.net/news_search/doSearch.php?keywords=工業用&idx=1&page=1"
         <<< 2020-09-29 沒有更多 "工業用" 相關的新聞 !!! >>>
        ------------------------------------------------------
       >> 搜尋關鍵字:"化工"; 網址:"https://www.ettoday.net/news_search/doSearch.php?keywords=化工&idx=1&page=1"
         >>> 找到關鍵字 "化工"; 文章資訊: 2020-09-28 18:41:00, 快訊湖北化工廠爆炸現場硝酸洩漏黃煙亂竄傷亡人數曝, https://www.ettoday.net/news/20200928/1820072.htm
         >>> 找到關鍵字 "化工"; 文章資訊: 2020-09-28 16:41:00, 減少平交道事故台鐵增設大型方向指示器緊急按鈕2組4組, https://www.ettoday.net/news/20200928/1820009.htm
         >>> 找到關鍵字 "化工"; 文章資訊: 2020-09-28 10:54:00, 祖傳遺產地剩一紙租約農家女為弱勢奔走勇嗆林務局, https://www.ettoday.net/news/20200928/1819461.htm
         >>> 找到關鍵字 "化工"; 文章資訊: 2020-09-28 09:51:00, 買500萬賓士GClass當行動炮房富二代特殊癖好搞殘OL, https://www.ettoday.net/news/20200928/1819549.htm
         <<< 2020-09-29 沒有更多 "化工" 相關的新聞 !!! >>>
        ------------------------------------------------------
       >> 搜尋關鍵字:"化災"; 網址:"https://www.ettoday.net/news_search/doSearch.php?keywords=化災&idx=1&page=1"
         <<< 2020-09-29 沒有更多 "化災" 相關的新聞 !!! >>>
        ------------------------------------------------------
       >> 搜尋關鍵字:"化學"; 網址:"https://www.ettoday.net/news_search/doSearch.php?keywords=化學&idx=1&page=1"
         >>> 找到關鍵字 "化學"; 文章資訊: 2020-09-28 19:19:00, 肝癌末期轉移腹膜肝動脈化療手術治療打開活路, https://www.ettoday.net/news/20200928/1820146.htm
         >>> 找到關鍵字 "化學"; 文章資訊: 2020-09-28 19:15:00, 新北三峽五寮里筍園登革熱群聚再擴大今又有3人確診, https://www.ettoday.net/news/20200928/1820141.htm
         >>> 找到關鍵字 "化學"; 文章資訊: 2020-09-28 17:20:00, 制裁中芯不單純彭博美國高層利用中國威脅來洗大澡, https://www.ettoday.net/news/20200928/1819875.htm
         >>> 找到關鍵字 "化學"; 文章資訊: 2020-09-28 16:19:00, 啊堯又配音了同學麥娜絲第2支預告笑翻4位主角名字有玄機, https://www.ettoday.net/news/20200928/1819953.htm
         >>> 找到關鍵字 "化學"; 文章資訊: 2020-09-28 09:41:00, 法網謝淑薇女雙第一種子首戰對決美澳組合, https://www.ettoday.net/news/20200928/1819532.htm
         >>> 找到關鍵字 "化學"; 文章資訊: 2020-09-28 08:56:00, 旅德奧瑞台灣學者聚柏林談研究熱情業界展望, https://www.ettoday.net/news/20200928/1819450.htm
         <<< 2020-09-29 沒有更多 "化學" 相關的新聞 !!! >>>
        ------------------------------------------------------
       >> 搜尋關鍵字:"外洩"; 網址:"https://www.ettoday.net/news_search/doSearch.php?keywords=外洩&idx=1&page=1"
         >>> 找到關鍵字 "外洩"; 文章資訊: 2020-09-28 10:54:00, 祖傳遺產地剩一紙租約農家女為弱勢奔走勇嗆林務局, https://www.ettoday.net/news/20200928/1819461.htm
         >>> 找到關鍵字 "外洩"; 文章資訊: 2020-09-28 08:30:00, 換名片出人命正妹OL控傳產少東人夫騙炮他第一次就闖紅燈, https://www.ettoday.net/news/20200928/1819448.htm
         <<< 2020-09-29 沒有更多 "外洩" 相關的新聞 !!! >>>
        ------------------------------------------------------
       >> 搜尋關鍵字:"危害"; 網址:"https://www.ettoday.net/news_search/doSearch.php?keywords=危害&idx=1&page=1"
         >>> 找到關鍵字 "危害"; 文章資訊: 2020-09-29 07:09:00, 北京研究母乳能對抗新冠乳清抑制100活體病毒株, https://www.ettoday.net/news/20200929/1820274.htm
         >>> 找到關鍵字 "危害"; 文章資訊: 2020-09-29 04:27:00, 睡夢老喬vs毒瘤白癡拜登川普整場大選各種金句狂噴, https://www.ettoday.net/news/20200929/1820247.htm
         >>> 找到關鍵字 "危害"; 文章資訊: 2020-09-28 21:46:00, 衛福部稱瘦肉精安全蔣萬安丟這3題質問陳時中, https://www.ettoday.net/news/20200928/1820201.htm
         >>> 找到關鍵字 "危害"; 文章資訊: 2020-09-28 21:08:00, 北市約聘人員涉毒仍在職許淑華怒轟民眾安全誰把關, https://www.ettoday.net/news/20200928/1820168.htm
         >>> 找到關鍵字 "危害"; 文章資訊: 2020-09-28 12:50:00, 蘇澳漁船遭衝撞吳釗燮追究責任沒有碰到日本就軟弱, https://www.ettoday.net/news/20200928/1819748.htm
         >>> 找到關鍵字 "危害"; 文章資訊: 2020-09-28 12:49:00, 醫院課長勸戴口罩遭推倒貨車司機嗆他碰到我身體很噁心, https://www.ettoday.net/news/20200928/1819682.htm
         >>> 找到關鍵字 "危害"; 文章資訊: 2020-09-28 12:32:00, 基隆討債集團擁罕見突擊步槍惡靈古堡5女主角所持致命武器, https://www.ettoday.net/news/20200928/1819764.htm
         >>> 找到關鍵字 "危害"; 文章資訊: 2020-09-28 11:52:00, 台灣2成血腥鴨蛋進不了歐盟動團邀民眾一人一信抗議農委會, https://www.ettoday.net/news/20200928/1819712.htm
         <<< 2020-09-29 沒有更多 "危害" 相關的新聞 !!! >>>
        ------------------------------------------------------
       >> 搜尋關鍵字:"有毒"; 網址:"https://www.ettoday.net/news_search/doSearch.php?keywords=有毒&idx=1&page=1"
         <<< 2020-09-29 沒有更多 "有毒" 相關的新聞 !!! >>>
        ------------------------------------------------------
       >> 搜尋關鍵字:"有害"; 網址:"https://www.ettoday.net/news_search/doSearch.php?keywords=有害&idx=1&page=1"
         >>> 找到關鍵字 "有害"; 文章資訊: 2020-09-28 21:46:00, 衛福部稱瘦肉精安全蔣萬安丟這3題質問陳時中, https://www.ettoday.net/news/20200928/1820201.htm
         >>> 找到關鍵字 "有害"; 文章資訊: 2020-09-28 14:50:00, 蘋果更新官網澄清AppStore與創作者的合作模式, https://www.ettoday.net/news/20200928/1819852.htm
         >>> 找到關鍵字 "有害"; 文章資訊: 2020-09-28 12:48:00, 英國貨櫃驚見260噸危險廢棄物斯里蘭卡硬起來全部送回去, https://www.ettoday.net/news/20200928/1819512.htm
         >>> 找到關鍵字 "有害"; 文章資訊: 2020-09-28 10:46:00, 前CIA高官紐約市逾百中國間諜行動中遭遇前所未有的攻擊, https://www.ettoday.net/news/20200928/1819496.htm
         <<< 2020-09-29 沒有更多 "有害" 相關的新聞 !!! >>>
        ------------------------------------------------------
       >> 搜尋關鍵字:"色料"; 網址:"https://www.ettoday.net/news_search/doSearch.php?keywords=色料&idx=1&page=1"
         <<< 2020-09-29 沒有更多 "色料" 相關的新聞 !!! >>>
        ------------------------------------------------------
       >> 搜尋關鍵字:"色素"; 網址:"https://www.ettoday.net/news_search/doSearch.php?keywords=色素&idx=1&page=1"
         >>> 找到關鍵字 "色素"; 文章資訊: 2020-09-28 16:59:00, 額頭莫名長出紅斑不痛不癢還變大一查竟是前10大恐怖癌症, https://www.ettoday.net/news/20200928/1820015.htm
         >>> 找到關鍵字 "色素"; 文章資訊: 2020-09-28 12:49:00, 老婦臉長紅斑竟是癌醫提皮膚鱗狀細胞癌高危險群, https://www.ettoday.net/news/20200928/1819773.htm
         <<< 2020-09-29 沒有更多 "色素" 相關的新聞 !!! >>>
        ------------------------------------------------------
       >> 搜尋關鍵字:"毒性"; 網址:"https://www.ettoday.net/news_search/doSearch.php?keywords=毒性&idx=1&page=1"
         >>> 找到關鍵字 "毒性"; 文章資訊: 2020-09-28 20:24:00, 天堂果實木虌果茄紅素是番茄25倍專家曝最營養部位, https://www.ettoday.net/news/20200928/1820080.htm
         <<< 2020-09-29 沒有更多 "毒性" 相關的新聞 !!! >>>
        ------------------------------------------------------
       >> 搜尋關鍵字:"毒品"; 網址:"https://www.ettoday.net/news_search/doSearch.php?keywords=毒品&idx=1&page=1"
         >>> 找到關鍵字 "毒品"; 文章資訊: 2020-09-28 21:08:00, 北市約聘人員涉毒仍在職許淑華怒轟民眾安全誰把關, https://www.ettoday.net/news/20200928/1820168.htm
         >>> 找到關鍵字 "毒品"; 文章資訊: 2020-09-28 16:47:00, 墨西哥黑幫掃射酒吧11死血腥暴力再升級7月才屠殺24人, https://www.ettoday.net/news/20200928/1819908.htm
         >>> 找到關鍵字 "毒品"; 文章資訊: 2020-09-28 16:46:00, 北市警掃黑5天逮400人抄171據點秀數據治安良好, https://www.ettoday.net/news/20200928/1819999.htm
         >>> 找到關鍵字 "毒品"; 文章資訊: 2020-09-28 16:11:00, 十五分幫大哥運毒6億K他命存華航倉儲神鬼司機管制區搬貨清空, https://www.ettoday.net/news/20200928/1819948.htm
         >>> 找到關鍵字 "毒品"; 文章資訊: 2020-09-28 14:25:00, 警界籃球高手好好先生自強活動出意外浴室摔倒顱內出血不治, https://www.ettoday.net/news/20200928/1819843.htm
         >>> 找到關鍵字 "毒品"; 文章資訊: 2020-09-28 12:32:00, 基隆討債集團擁罕見突擊步槍惡靈古堡5女主角所持致命武器, https://www.ettoday.net/news/20200928/1819764.htm
         >>> 找到關鍵字 "毒品"; 文章資訊: 2020-09-28 11:05:00, 嫌哭鬧父親竟FM2安眠藥摻奶餵食2月大女兒女嬰遭毒死, https://www.ettoday.net/news/20200928/1819627.htm
         <<< 2020-09-29 沒有更多 "毒品" 相關的新聞 !!! >>>
        ------------------------------------------------------
       >> 搜尋關鍵字:"致癌"; 網址:"https://www.ettoday.net/news_search/doSearch.php?keywords=致癌&idx=1&page=1"
         >>> 找到關鍵字 "致癌"; 文章資訊: 2020-09-28 11:25:00, 國軍禁瘦肉精蔣萬安四問為什麼陳時中承諾提供專家會議紀錄, https://www.ettoday.net/news/20200928/1819548.htm
         <<< 2020-09-29 沒有更多 "致癌" 相關的新聞 !!! >>>
        ------------------------------------------------------
       >> 搜尋關鍵字:"重金屬"; 網址:"https://www.ettoday.net/news_search/doSearch.php?keywords=重金屬&idx=1&page=1"
         <<< 2020-09-29 沒有更多 "重金屬" 相關的新聞 !!! >>>
        ------------------------------------------------------
       >> 搜尋關鍵字:"食安"; 網址:"https://www.ettoday.net/news_search/doSearch.php?keywords=食安&idx=1&page=1"
         >>> 找到關鍵字 "食安"; 文章資訊: 2020-09-29 00:05:00, 兩份綠營民調曝蔡英文聲望下跌開放萊豬引民怨, https://www.ettoday.net/news/20200929/1820202.htm
         >>> 找到關鍵字 "食安"; 文章資訊: 2020-09-28 22:45:00, 台中市食安處抽驗糕餅食材277件產品全數合格, https://www.ettoday.net/news/20200928/1820214.htm
         >>> 找到關鍵字 "食安"; 文章資訊: 2020-09-28 21:46:00, 衛福部稱瘦肉精安全蔣萬安丟這3題質問陳時中, https://www.ettoday.net/news/20200928/1820201.htm
         >>> 找到關鍵字 "食安"; 文章資訊: 2020-09-28 21:00:00, 台中集體中毒擴3校130高中生交叉比對菜色泡芙最可疑, https://www.ettoday.net/news/20200928/1820128.htm
         >>> 找到關鍵字 "食安"; 文章資訊: 2020-09-28 20:51:00, 台中學生疑集體食物中毒案人數破百再添1校52生, https://www.ettoday.net/news/20200928/1820179.htm
         >>> 找到關鍵字 "食安"; 文章資訊: 2020-09-28 17:00:00, 豬價上週跌至每公斤68元雲林成立零瘦肉精聯盟力抗萊豬, https://www.ettoday.net/news/20200928/1819956.htm
         >>> 找到關鍵字 "食安"; 文章資訊: 2020-09-28 15:19:00, 北市學校被爆拿到沒鋼印口罩衛生局有可能是之前的庫存, https://www.ettoday.net/news/20200928/1819912.htm
         >>> 找到關鍵字 "食安"; 文章資訊: 2020-09-28 14:59:00, 越南生產大陸香菇標國產消保處公布29件市售乾香菇違規裁處在案, https://www.ettoday.net/news/20200928/1819872.htm
         >>> 找到關鍵字 "食安"; 文章資訊: 2020-09-28 11:25:00, 台灣民意基金會蔡英文支持度55受進口美豬影響下滑11, https://www.ettoday.net/news/20200928/1819692.htm
         >>> 找到關鍵字 "食安"; 文章資訊: 2020-09-28 09:59:00, 我爸爸是國小老師柯文哲祭孔對老師有特別感情, https://www.ettoday.net/news/20200928/1819515.htm
        ------------------------------------------------------
       >> 搜尋關鍵字:"香料"; 網址:"https://www.ettoday.net/news_search/doSearch.php?keywords=香料&idx=1&page=1"
         >>> 找到關鍵字 "香料"; 文章資訊: 2020-09-28 17:28:00, 女星都靠針灸美容4大功效一定要知道專業中醫還能加速瘦身, https://www.ettoday.net/news/20200928/1815858.htm
         >>> 找到關鍵字 "香料"; 文章資訊: 2020-09-28 15:52:00, 英語多益通五個英文單字中秋烤肉用哪種, https://www.ettoday.net/news/20200928/1819857.htm
         >>> 找到關鍵字 "香料"; 文章資訊: 2020-09-28 12:37:00, 讓貓貓連吃40天罐罐下單就抽日本頂級Aixia金罐寵物雲中秋網購250商品特惠, https://www.ettoday.net/news/20200928/1819621.htm
         >>> 找到關鍵字 "香料"; 文章資訊: 2020-09-28 12:00:00, 抹茶乳酪綿密清爽羅東巷弄小清新咖啡屋焙茶每口都療癒, https://www.ettoday.net/news/20200928/1815492.htm
         <<< 2020-09-29 沒有更多 "香料" 相關的新聞 !!! >>>
        ------------------------------------------------------
       >> 搜尋關鍵字:"原料"; 網址:"https://www.ettoday.net/news_search/doSearch.php?keywords=原料&idx=1&page=1"
         >>> 找到關鍵字 "原料"; 文章資訊: 2020-09-28 22:45:00, 台中市食安處抽驗糕餅食材277件產品全數合格, https://www.ettoday.net/news/20200928/1820214.htm
         >>> 找到關鍵字 "原料"; 文章資訊: 2020-09-28 19:50:00, 朋友催促打卡跟風他喝下秋天第一杯奶茶馬上送醫, https://www.ettoday.net/news/20200928/1820160.htm
         >>> 找到關鍵字 "原料"; 文章資訊: 2020-09-28 19:21:00, 三大名師推薦熱門潛力股中芯禁令受惠股東奧概念股6檔報你知, https://www.ettoday.net/news/20200928/1820140.htm
         >>> 找到關鍵字 "原料"; 文章資訊: 2020-09-28 17:00:00, 豬價上週跌至每公斤68元雲林成立零瘦肉精聯盟力抗萊豬, https://www.ettoday.net/news/20200928/1819956.htm
         >>> 找到關鍵字 "原料"; 文章資訊: 2020-09-28 15:52:00, 英語多益通五個英文單字中秋烤肉用哪種, https://www.ettoday.net/news/20200928/1819857.htm
         >>> 找到關鍵字 "原料"; 文章資訊: 2020-09-28 12:37:00, 讓貓貓連吃40天罐罐下單就抽日本頂級Aixia金罐寵物雲中秋網購250商品特惠, https://www.ettoday.net/news/20200928/1819621.htm
         >>> 找到關鍵字 "原料"; 文章資訊: 2020-09-28 11:00:00, 監守自盜口罩1500片遭士官長舉報中校指揮官竟嗆我要弄死他, https://www.ettoday.net/news/20200928/1819635.htm
         <<< 2020-09-29 沒有更多 "原料" 相關的新聞 !!! >>>
        ------------------------------------------------------
       >> 搜尋關鍵字:"氣爆"; 網址:"https://www.ettoday.net/news_search/doSearch.php?keywords=氣爆&idx=1&page=1"
         >>> 找到關鍵字 "氣爆"; 文章資訊: 2020-09-28 16:37:00, 剃到一半沒電貓背像狗啃爆氣上樓奴才急道歉都不給抱, https://www.ettoday.net/news/20200928/1819476.htm
         >>> 找到關鍵字 "氣爆"; 文章資訊: 2020-09-28 16:17:00, 永靖鄉代會11席7人賄選判刑解職只剩3人可遞補, https://www.ettoday.net/news/20200928/1819963.htm
         >>> 找到關鍵字 "氣爆"; 文章資訊: 2020-09-28 12:00:00, 刻在你心底的名字人氣飆漲RUN新聞直擊驊森CP梳化現場, https://www.ettoday.net/news/20200928/1817950.htm
         >>> 找到關鍵字 "氣爆"; 文章資訊: 2020-09-28 10:50:00, 遠見縣市競爭力台中進步六都之最盧秀燕持續努力再創佳績, https://www.ettoday.net/news/20200928/1819634.htm
         <<< 2020-09-29 沒有更多 "氣爆" 相關的新聞 !!! >>>
        ------------------------------------------------------
       >> 搜尋關鍵字:"添加物"; 網址:"https://www.ettoday.net/news_search/doSearch.php?keywords=添加物&idx=1&page=1"
         >>> 找到關鍵字 "添加物"; 文章資訊: 2020-09-28 12:37:00, 讓貓貓連吃40天罐罐下單就抽日本頂級Aixia金罐寵物雲中秋網購250商品特惠, https://www.ettoday.net/news/20200928/1819621.htm
         >>> 找到關鍵字 "添加物"; 文章資訊: 2020-09-28 12:00:00, 抹茶乳酪綿密清爽羅東巷弄小清新咖啡屋焙茶每口都療癒, https://www.ettoday.net/news/20200928/1815492.htm
         <<< 2020-09-29 沒有更多 "添加物" 相關的新聞 !!! >>>
        ------------------------------------------------------
       >> 搜尋關鍵字:"黑心"; 網址:"https://www.ettoday.net/news_search/doSearch.php?keywords=黑心&idx=1&page=1"
         >>> 找到關鍵字 "黑心"; 文章資訊: 2020-09-29 02:43:00, 陸男自蓋MIT鋼印蝦皮賣黑心盒裝口罩桃園租屋驚藏42萬片, https://www.ettoday.net/news/20200929/1820251.htm
         >>> 找到關鍵字 "黑心"; 文章資訊: 2020-09-28 19:05:00, 再揪黑心業者網售醫療口罩大陸貨補MIT鋼印扣47萬片, https://www.ettoday.net/news/20200928/1820129.htm
         >>> 找到關鍵字 "黑心"; 文章資訊: 2020-09-28 18:02:00, 獨知名大學男宿爆浴廁偷拍疑雲搭配生活照組合包狂賣, https://www.ettoday.net/news/20200928/1820074.htm
         >>> 找到關鍵字 "黑心"; 文章資訊: 2020-09-28 12:32:00, 基隆討債集團擁罕見突擊步槍惡靈古堡5女主角所持致命武器, https://www.ettoday.net/news/20200928/1819764.htm
         <<< 2020-09-29 沒有更多 "黑心" 相關的新聞 !!! >>>
        ------------------------------------------------------
       >> 搜尋關鍵字:"漂白"; 網址:"https://www.ettoday.net/news_search/doSearch.php?keywords=漂白&idx=1&page=1"
         <<< 2020-09-29 沒有更多 "漂白" 相關的新聞 !!! >>>
        ------------------------------------------------------
       >> 搜尋關鍵字:"爆炸"; 網址:"https://www.ettoday.net/news_search/doSearch.php?keywords=爆炸&idx=1&page=1"
         >>> 找到關鍵字 "爆炸"; 文章資訊: 2020-09-29 06:00:00, 美軍使出秘密武器忍者飛彈旋轉鋼刀剁掉蓋達高層, https://www.ettoday.net/news/20200929/1819939.htm
         >>> 找到關鍵字 "爆炸"; 文章資訊: 2020-09-28 22:22:00, 林依晨至今還會祝他教師節快樂黃子佼收到私訊曝19年前緣分, https://www.ettoday.net/news/20200928/1820213.htm
         >>> 找到關鍵字 "爆炸"; 文章資訊: 2020-09-28 18:41:00, 快訊湖北化工廠爆炸現場硝酸洩漏黃煙亂竄傷亡人數曝, https://www.ettoday.net/news/20200928/1820072.htm
         >>> 找到關鍵字 "爆炸"; 文章資訊: 2020-09-28 15:28:00, 小鬼錄玩很大最常說1句話網淚崩紅隊鬼哥的好不會忘, https://www.ettoday.net/news/20200928/1819906.htm
         >>> 找到關鍵字 "爆炸"; 文章資訊: 2020-09-28 13:45:00, 老婆點名花園小精靈他砸8萬搬來3公尺恐龍她夜半開門嚇爛狂叫, https://www.ettoday.net/news/20200928/1802795.htm
         >>> 找到關鍵字 "爆炸"; 文章資訊: 2020-09-28 13:39:00, 宋兆文增程弓三再擴展我戰略空間, https://www.ettoday.net/news/20200928/1819799.htm
         >>> 找到關鍵字 "爆炸"; 文章資訊: 2020-09-28 10:46:00, 冰箱放廚房NO切忌這7個位置破壞風水, https://www.ettoday.net/news/20200928/1801114.htm
         <<< 2020-09-29 沒有更多 "爆炸" 相關的新聞 !!! >>>
        ------------------------------------------------------
       >> 搜尋關鍵字:"新興"; 網址:"https://www.ettoday.net/news_search/doSearch.php?keywords=新興&idx=1&page=1"
         >>> 找到關鍵字 "新興"; 文章資訊: 2020-09-28 18:16:00, 鴻海結盟國巨強化33領域第3季展開關鍵零組件合作, https://www.ettoday.net/news/20200928/1820110.htm
         >>> 找到關鍵字 "新興"; 文章資訊: 2020-09-28 16:47:00, 暫不提延長合約坦圖我真的喜歡在塞爾提克打球, https://www.ettoday.net/news/20200928/1819975.htm
         >>> 找到關鍵字 "新興"; 文章資訊: 2020-09-28 16:31:00, 景氣好轉國發會8月燈號轉為綠燈經濟漸趨回穩, https://www.ettoday.net/news/20200928/1820002.htm
         >>> 找到關鍵字 "新興"; 文章資訊: 2020-09-28 14:25:00, 警界籃球高手好好先生自強活動出意外浴室摔倒顱內出血不治, https://www.ettoday.net/news/20200928/1819843.htm
         >>> 找到關鍵字 "新興"; 文章資訊: 2020-09-28 13:45:00, 盧秀燕議會施政總報告台中持續進步努力給市民幸福, https://www.ettoday.net/news/20200928/1819809.htm
         >>> 找到關鍵字 "新興"; 文章資訊: 2020-09-28 12:52:00, 快訊高市警陳屍溫泉旅館疑浴室摔倒顱內出血致死, https://www.ettoday.net/news/20200928/1819786.htm
         >>> 找到關鍵字 "新興"; 文章資訊: 2020-09-28 10:50:00, YahooTV大玩XR化身虛擬角色看電影還能異地開會, https://www.ettoday.net/news/20200928/1819638.htm
         >>> 找到關鍵字 "新興"; 文章資訊: 2020-09-28 09:33:00, 時間管理大師張上淳獲師鐸獎曝身扛多項重擔為難之處, https://www.ettoday.net/news/20200928/1819505.htm
         >>> 找到關鍵字 "新興"; 文章資訊: 2020-09-28 07:00:00, 御姊愛Podcast比其他平台更具特殊優勢給播客新手的五點建議, https://www.ettoday.net/news/20200928/1818524.htm
         <<< 2020-09-29 沒有更多 "新興" 相關的新聞 !!! >>>
        ------------------------------------------------------
       >> 搜尋關鍵字:"爆裂物"; 網址:"https://www.ettoday.net/news_search/doSearch.php?keywords=爆裂物&idx=1&page=1"
         >>> 找到關鍵字 "爆裂物"; 文章資訊: 2020-09-28 19:42:00, 500kg二戰水雷疑留落澎湖無人島軍方29日現地爆毀, https://www.ettoday.net/news/20200928/1820145.htm
         <<< 2020-09-29 沒有更多 "爆裂物" 相關的新聞 !!! >>>
        ------------------------------------------------------
       >> 搜尋關鍵字:"IED"; 網址:"https://www.ettoday.net/news_search/doSearch.php?keywords=IED&idx=1&page=1"
         <<< 2020-09-29 沒有更多 "IED" 相關的新聞 !!! >>>
        ------------------------------------------------------
       >> 搜尋關鍵字:"排放"; 網址:"https://www.ettoday.net/news_search/doSearch.php?keywords=排放&idx=1&page=1"
         >>> 找到關鍵字 "排放"; 文章資訊: 2020-09-28 19:28:00, 打嗝4天他壞壞邊衝刺邊ㄜ超崩潰最後一刻驚現神奇效果, https://www.ettoday.net/news/20200928/1819760.htm
         >>> 找到關鍵字 "排放"; 文章資訊: 2020-09-28 11:46:00, 市長聯盟矮化台灣已更正北市感謝各縣市積極爭取, https://www.ettoday.net/news/20200928/1819664.htm
         >>> 找到關鍵字 "排放"; 文章資訊: 2020-09-28 10:05:00, 美國加州2035年起禁售燃油車全美最大新車市場開第一槍, https://www.ettoday.net/news/20200928/1819378.htm
         >>> 找到關鍵字 "排放"; 文章資訊: 2020-09-28 09:05:00, 賓士戴姆勒總部大砍4000名人力銷量重挫讓三芒星得含淚勒褲袋, https://www.ettoday.net/news/20200928/1817857.htm
         <<< 2020-09-29 沒有更多 "排放" 相關的新聞 !!! >>>
        ------------------------------------------------------
       >> 搜尋關鍵字:"污染"; 網址:"https://www.ettoday.net/news_search/doSearch.php?keywords=污染&idx=1&page=1"
         >>> 找到關鍵字 "污染"; 文章資訊: 2020-10-01 09:00:00, 中秋5地雷烤肉月餅和柚子來者不拒小心鬧肚子還可能食物中毒, https://www.ettoday.net/news/20201001/1532883.htm
         >>> 找到關鍵字 "污染"; 文章資訊: 2020-09-28 19:49:00, 德州食腦菌爆發地用水禁令解除TCEQ煮沸才可使用, https://www.ettoday.net/news/20200928/1819669.htm
         >>> 找到關鍵字 "污染"; 文章資訊: 2020-09-28 15:51:00, 空污不只傷肺研究眼中風機率增11倍7族群風險更高, https://www.ettoday.net/news/20200928/1819876.htm
         >>> 找到關鍵字 "污染"; 文章資訊: 2020-09-28 10:05:00, 美國加州2035年起禁售燃油車全美最大新車市場開第一槍, https://www.ettoday.net/news/20200928/1819378.htm
         <<< 2020-09-29 沒有更多 "污染" 相關的新聞 !!! >>>
        ------------------------------------------------------
       >> 搜尋關鍵字:"廢水"; 網址:"https://www.ettoday.net/news_search/doSearch.php?keywords=廢水&idx=1&page=1"
         <<< 2020-09-29 沒有更多 "廢水" 相關的新聞 !!! >>>
        ------------------------------------------------------
       >> 搜尋關鍵字:"污水"; 網址:"https://www.ettoday.net/news_search/doSearch.php?keywords=污水&idx=1&page=1"
         <<< 2020-09-29 沒有更多 "污水" 相關的新聞 !!! >>>
        ------------------------------------------------------
       >> 搜尋關鍵字:"洩漏"; 網址:"https://www.ettoday.net/news_search/doSearch.php?keywords=洩漏&idx=1&page=1"
         >>> 找到關鍵字 "洩漏"; 文章資訊: 2020-09-28 18:41:00, 快訊湖北化工廠爆炸現場硝酸洩漏黃煙亂竄傷亡人數曝, https://www.ettoday.net/news/20200928/1820072.htm
         >>> 找到關鍵字 "洩漏"; 文章資訊: 2020-09-28 11:14:00, 注意LINE簡單設定2步驟杜絕陌生廣告訊息狂發, https://www.ettoday.net/news/20200928/1819678.htm
         >>> 找到關鍵字 "洩漏"; 文章資訊: 2020-09-28 10:50:00, YahooTV大玩XR化身虛擬角色看電影還能異地開會, https://www.ettoday.net/news/20200928/1819638.htm
         >>> 找到關鍵字 "洩漏"; 文章資訊: 2020-09-28 10:23:00, 小心別亂點網瘋傳愛迪達週年慶送鞋送口罩是詐騙, https://www.ettoday.net/news/20200928/1819569.htm
         <<< 2020-09-29 沒有更多 "洩漏" 相關的新聞 !!! >>>
        ------------------------------------------------------
       >> 搜尋關鍵字:"暗管"; 網址:"https://www.ettoday.net/news_search/doSearch.php?keywords=暗管&idx=1&page=1"
         <<< 2020-09-29 沒有更多 "暗管" 相關的新聞 !!! >>>
        ------------------------------------------------------
       >> 搜尋關鍵字:"偷排"; 網址:"https://www.ettoday.net/news_search/doSearch.php?keywords=偷排&idx=1&page=1"
         <<< 2020-09-29 沒有更多 "偷排" 相關的新聞 !!! >>>
        ------------------------------------------------------
       >> 搜尋關鍵字:"安全"; 網址:"https://www.ettoday.net/news_search/doSearch.php?keywords=安全&idx=1&page=1"
         >>> 找到關鍵字 "安全"; 文章資訊: 2020-09-29 07:18:00, 獨警守一整晚逼車水產行最新現場曝重機騎士獨自出征了, https://www.ettoday.net/news/20200929/1820277.htm
         >>> 找到關鍵字 "安全"; 文章資訊: 2020-09-29 07:00:00, 公費疫苗105開打哪種疫苗效果最好, https://www.ettoday.net/news/20200929/1819980.htm
         >>> 找到關鍵字 "安全"; 文章資訊: 2020-09-29 06:57:00, 落選立委轉戰林森北牛郎被性侵女客灌醉強壓店長覬覦得逞, https://www.ettoday.net/news/20200929/1820276.htm
         >>> 找到關鍵字 "安全"; 文章資訊: 2020-09-29 01:43:00, 撞飛女騎士躺水溝慘死台南男回家烤肉被抓秒癱軟竟無保請回, https://www.ettoday.net/news/20200929/1820137.htm
         >>> 找到關鍵字 "安全"; 文章資訊: 2020-09-29 00:28:00, 美軍岩國基地追加部署F35市長霸氣表態維持威懾力所必需, https://www.ettoday.net/news/20200929/1820240.htm
         >>> 找到關鍵字 "安全"; 文章資訊: 2020-09-28 22:45:00, 台中市食安處抽驗糕餅食材277件產品全數合格, https://www.ettoday.net/news/20200928/1820214.htm
         >>> 找到關鍵字 "安全"; 文章資訊: 2020-09-28 21:46:00, 衛福部稱瘦肉精安全蔣萬安丟這3題質問陳時中, https://www.ettoday.net/news/20200928/1820201.htm
         >>> 找到關鍵字 "安全"; 文章資訊: 2020-09-28 21:08:00, 北市約聘人員涉毒仍在職許淑華怒轟民眾安全誰把關, https://www.ettoday.net/news/20200928/1820168.htm
         >>> 找到關鍵字 "安全"; 文章資訊: 2020-09-28 20:23:00, 連假首選沙鹿店3層獨棟套房每日放風零食愛貓住到不回家, https://www.ettoday.net/news/20200928/1820105.htm
         >>> 找到關鍵字 "安全"; 文章資訊: 2020-09-28 19:49:00, 德州食腦菌爆發地用水禁令解除TCEQ煮沸才可使用, https://www.ettoday.net/news/20200928/1819669.htm
        ------------------------------------------------------
       >> 搜尋關鍵字:"槽車"; 網址:"https://www.ettoday.net/news_search/doSearch.php?keywords=槽車&idx=1&page=1"
         <<< 2020-09-29 沒有更多 "槽車" 相關的新聞 !!! >>>
       >> 檔案輸出
        ------------------------------------------------------
      >> 下載新聞內容
      >> 下載 https://www.ettoday.net/news/20200928/1820072.htm, 快訊湖北化工廠爆炸現場硝酸洩漏黃煙亂竄傷亡人數曝
      >> 下載 https://www.ettoday.net/news/20200928/1820009.htm, 減少平交道事故台鐵增設大型方向指示器緊急按鈕2組4組
      >> 下載 https://www.ettoday.net/news/20200928/1819461.htm, 祖傳遺產地剩一紙租約農家女為弱勢奔走勇嗆林務局
      >> 下載 https://www.ettoday.net/news/20200928/1819549.htm, 買500萬賓士GClass當行動炮房富二代特殊癖好搞殘OL
      >> 下載 https://www.ettoday.net/news/20200928/1820146.htm, 肝癌末期轉移腹膜肝動脈化療手術治療打開活路
      >> 下載 https://www.ettoday.net/news/20200928/1820141.htm, 新北三峽五寮里筍園登革熱群聚再擴大今又有3人確診
      >> 下載 https://www.ettoday.net/news/20200928/1819875.htm, 制裁中芯不單純彭博美國高層利用中國威脅來洗大澡
      >> 下載 https://www.ettoday.net/news/20200928/1819953.htm, 啊堯又配音了同學麥娜絲第2支預告笑翻4位主角名字有玄機
      >> 下載 https://www.ettoday.net/news/20200928/1819532.htm, 法網謝淑薇女雙第一種子首戰對決美澳組合
      >> 下載 https://www.ettoday.net/news/20200928/1819450.htm, 旅德奧瑞台灣學者聚柏林談研究熱情業界展望
      >> 下載 https://www.ettoday.net/news/20200928/1819461.htm, 祖傳遺產地剩一紙租約農家女為弱勢奔走勇嗆林務局
      >> 下載 https://www.ettoday.net/news/20200928/1819448.htm, 換名片出人命正妹OL控傳產少東人夫騙炮他第一次就闖紅燈
      >> 下載 https://www.ettoday.net/news/20200929/1820274.htm, 北京研究母乳能對抗新冠乳清抑制100活體病毒株
      >> 下載 https://www.ettoday.net/news/20200929/1820247.htm, 睡夢老喬vs毒瘤白癡拜登川普整場大選各種金句狂噴
      >> 下載 https://www.ettoday.net/news/20200928/1820201.htm, 衛福部稱瘦肉精安全蔣萬安丟這3題質問陳時中
      >> 下載 https://www.ettoday.net/news/20200928/1820168.htm, 北市約聘人員涉毒仍在職許淑華怒轟民眾安全誰把關
      >> 下載 https://www.ettoday.net/news/20200928/1819748.htm, 蘇澳漁船遭衝撞吳釗燮追究責任沒有碰到日本就軟弱
      >> 下載 https://www.ettoday.net/news/20200928/1819682.htm, 醫院課長勸戴口罩遭推倒貨車司機嗆他碰到我身體很噁心
      >> 下載 https://www.ettoday.net/news/20200928/1819764.htm, 基隆討債集團擁罕見突擊步槍惡靈古堡5女主角所持致命武器
      >> 下載 https://www.ettoday.net/news/20200928/1819712.htm, 台灣2成血腥鴨蛋進不了歐盟動團邀民眾一人一信抗議農委會
      >> 下載 https://www.ettoday.net/news/20200928/1820201.htm, 衛福部稱瘦肉精安全蔣萬安丟這3題質問陳時中
      >> 下載 https://www.ettoday.net/news/20200928/1819852.htm, 蘋果更新官網澄清AppStore與創作者的合作模式
      >> 下載 https://www.ettoday.net/news/20200928/1819512.htm, 英國貨櫃驚見260噸危險廢棄物斯里蘭卡硬起來全部送回去
      >> 下載 https://www.ettoday.net/news/20200928/1819496.htm, 前CIA高官紐約市逾百中國間諜行動中遭遇前所未有的攻擊
      >> 下載 https://www.ettoday.net/news/20200928/1820015.htm, 額頭莫名長出紅斑不痛不癢還變大一查竟是前10大恐怖癌症
      >> 下載 https://www.ettoday.net/news/20200928/1819773.htm, 老婦臉長紅斑竟是癌醫提皮膚鱗狀細胞癌高危險群
      >> 下載 https://www.ettoday.net/news/20200928/1820080.htm, 天堂果實木虌果茄紅素是番茄25倍專家曝最營養部位
      >> 下載 https://www.ettoday.net/news/20200928/1820168.htm, 北市約聘人員涉毒仍在職許淑華怒轟民眾安全誰把關
      >> 下載 https://www.ettoday.net/news/20200928/1819908.htm, 墨西哥黑幫掃射酒吧11死血腥暴力再升級7月才屠殺24人
      >> 下載 https://www.ettoday.net/news/20200928/1819999.htm, 北市警掃黑5天逮400人抄171據點秀數據治安良好
      >> 下載 https://www.ettoday.net/news/20200928/1819948.htm, 十五分幫大哥運毒6億K他命存華航倉儲神鬼司機管制區搬貨清空
      >> 下載 https://www.ettoday.net/news/20200928/1819843.htm, 警界籃球高手好好先生自強活動出意外浴室摔倒顱內出血不治
      >> 下載 https://www.ettoday.net/news/20200928/1819764.htm, 基隆討債集團擁罕見突擊步槍惡靈古堡5女主角所持致命武器
      >> 下載 https://www.ettoday.net/news/20200928/1819627.htm, 嫌哭鬧父親竟FM2安眠藥摻奶餵食2月大女兒女嬰遭毒死
      >> 下載 https://www.ettoday.net/news/20200928/1819548.htm, 國軍禁瘦肉精蔣萬安四問為什麼陳時中承諾提供專家會議紀錄
      >> 下載 https://www.ettoday.net/news/20200929/1820202.htm, 兩份綠營民調曝蔡英文聲望下跌開放萊豬引民怨
      >> 下載 https://www.ettoday.net/news/20200928/1820214.htm, 台中市食安處抽驗糕餅食材277件產品全數合格
      >> 下載 https://www.ettoday.net/news/20200928/1820201.htm, 衛福部稱瘦肉精安全蔣萬安丟這3題質問陳時中
      >> 下載 https://www.ettoday.net/news/20200928/1820128.htm, 台中集體中毒擴3校130高中生交叉比對菜色泡芙最可疑
      >> 下載 https://www.ettoday.net/news/20200928/1820179.htm, 台中學生疑集體食物中毒案人數破百再添1校52生
      >> 下載 https://www.ettoday.net/news/20200928/1819956.htm, 豬價上週跌至每公斤68元雲林成立零瘦肉精聯盟力抗萊豬
      >> 下載 https://www.ettoday.net/news/20200928/1819912.htm, 北市學校被爆拿到沒鋼印口罩衛生局有可能是之前的庫存
      >> 下載 https://www.ettoday.net/news/20200928/1819872.htm, 越南生產大陸香菇標國產消保處公布29件市售乾香菇違規裁處在案
      >> 下載 https://www.ettoday.net/news/20200928/1819692.htm, 台灣民意基金會蔡英文支持度55受進口美豬影響下滑11
      >> 下載 https://www.ettoday.net/news/20200928/1819515.htm, 我爸爸是國小老師柯文哲祭孔對老師有特別感情
      >> 下載 https://www.ettoday.net/news/20200928/1815858.htm, 女星都靠針灸美容4大功效一定要知道專業中醫還能加速瘦身
      >> 下載 https://www.ettoday.net/news/20200928/1819857.htm, 英語多益通五個英文單字中秋烤肉用哪種
      >> 下載 https://www.ettoday.net/news/20200928/1819621.htm, 讓貓貓連吃40天罐罐下單就抽日本頂級Aixia金罐寵物雲中秋網購250商品特惠
      >> 下載 https://www.ettoday.net/news/20200928/1815492.htm, 抹茶乳酪綿密清爽羅東巷弄小清新咖啡屋焙茶每口都療癒
      >> 下載 https://www.ettoday.net/news/20200928/1820214.htm, 台中市食安處抽驗糕餅食材277件產品全數合格
      >> 下載 https://www.ettoday.net/news/20200928/1820160.htm, 朋友催促打卡跟風他喝下秋天第一杯奶茶馬上送醫
      >> 下載 https://www.ettoday.net/news/20200928/1820140.htm, 三大名師推薦熱門潛力股中芯禁令受惠股東奧概念股6檔報你知
      >> 下載 https://www.ettoday.net/news/20200928/1819956.htm, 豬價上週跌至每公斤68元雲林成立零瘦肉精聯盟力抗萊豬
      >> 下載 https://www.ettoday.net/news/20200928/1819857.htm, 英語多益通五個英文單字中秋烤肉用哪種
      >> 下載 https://www.ettoday.net/news/20200928/1819621.htm, 讓貓貓連吃40天罐罐下單就抽日本頂級Aixia金罐寵物雲中秋網購250商品特惠
      >> 下載 https://www.ettoday.net/news/20200928/1819635.htm, 監守自盜口罩1500片遭士官長舉報中校指揮官竟嗆我要弄死他
      >> 下載 https://www.ettoday.net/news/20200928/1819476.htm, 剃到一半沒電貓背像狗啃爆氣上樓奴才急道歉都不給抱
      >> 下載 https://www.ettoday.net/news/20200928/1819963.htm, 永靖鄉代會11席7人賄選判刑解職只剩3人可遞補
      >> 下載 https://www.ettoday.net/news/20200928/1817950.htm, 刻在你心底的名字人氣飆漲RUN新聞直擊驊森CP梳化現場
      >> 下載 https://www.ettoday.net/news/20200928/1819634.htm, 遠見縣市競爭力台中進步六都之最盧秀燕持續努力再創佳績
      >> 下載 https://www.ettoday.net/news/20200928/1819621.htm, 讓貓貓連吃40天罐罐下單就抽日本頂級Aixia金罐寵物雲中秋網購250商品特惠
      >> 下載 https://www.ettoday.net/news/20200928/1815492.htm, 抹茶乳酪綿密清爽羅東巷弄小清新咖啡屋焙茶每口都療癒
      >> 下載 https://www.ettoday.net/news/20200929/1820251.htm, 陸男自蓋MIT鋼印蝦皮賣黑心盒裝口罩桃園租屋驚藏42萬片
      >> 下載 https://www.ettoday.net/news/20200928/1820129.htm, 再揪黑心業者網售醫療口罩大陸貨補MIT鋼印扣47萬片
      >> 下載 https://www.ettoday.net/news/20200928/1820074.htm, 獨知名大學男宿爆浴廁偷拍疑雲搭配生活照組合包狂賣
      >> 下載 https://www.ettoday.net/news/20200928/1819764.htm, 基隆討債集團擁罕見突擊步槍惡靈古堡5女主角所持致命武器
      >> 下載 https://www.ettoday.net/news/20200929/1819939.htm, 美軍使出秘密武器忍者飛彈旋轉鋼刀剁掉蓋達高層
      >> 下載 https://www.ettoday.net/news/20200928/1820213.htm, 林依晨至今還會祝他教師節快樂黃子佼收到私訊曝19年前緣分
      >> 下載 https://www.ettoday.net/news/20200928/1820072.htm, 快訊湖北化工廠爆炸現場硝酸洩漏黃煙亂竄傷亡人數曝
      >> 下載 https://www.ettoday.net/news/20200928/1819906.htm, 小鬼錄玩很大最常說1句話網淚崩紅隊鬼哥的好不會忘
      >> 下載 https://www.ettoday.net/news/20200928/1802795.htm, 老婆點名花園小精靈他砸8萬搬來3公尺恐龍她夜半開門嚇爛狂叫
      >> 下載 https://www.ettoday.net/news/20200928/1819799.htm, 宋兆文增程弓三再擴展我戰略空間
      >> 下載 https://www.ettoday.net/news/20200928/1801114.htm, 冰箱放廚房NO切忌這7個位置破壞風水
      >> 下載 https://www.ettoday.net/news/20200928/1820110.htm, 鴻海結盟國巨強化33領域第3季展開關鍵零組件合作
      >> 下載 https://www.ettoday.net/news/20200928/1819975.htm, 暫不提延長合約坦圖我真的喜歡在塞爾提克打球
      >> 下載 https://www.ettoday.net/news/20200928/1820002.htm, 景氣好轉國發會8月燈號轉為綠燈經濟漸趨回穩
      >> 下載 https://www.ettoday.net/news/20200928/1819843.htm, 警界籃球高手好好先生自強活動出意外浴室摔倒顱內出血不治
      >> 下載 https://www.ettoday.net/news/20200928/1819809.htm, 盧秀燕議會施政總報告台中持續進步努力給市民幸福
      >> 下載 https://www.ettoday.net/news/20200928/1819786.htm, 快訊高市警陳屍溫泉旅館疑浴室摔倒顱內出血致死
      >> 下載 https://www.ettoday.net/news/20200928/1819638.htm, YahooTV大玩XR化身虛擬角色看電影還能異地開會
      >> 下載 https://www.ettoday.net/news/20200928/1819505.htm, 時間管理大師張上淳獲師鐸獎曝身扛多項重擔為難之處
      >> 下載 https://www.ettoday.net/news/20200928/1818524.htm, 御姊愛Podcast比其他平台更具特殊優勢給播客新手的五點建議
      >> 下載 https://www.ettoday.net/news/20200928/1820145.htm, 500kg二戰水雷疑留落澎湖無人島軍方29日現地爆毀
      >> 下載 https://www.ettoday.net/news/20200928/1819760.htm, 打嗝4天他壞壞邊衝刺邊ㄜ超崩潰最後一刻驚現神奇效果
      >> 下載 https://www.ettoday.net/news/20200928/1819664.htm, 市長聯盟矮化台灣已更正北市感謝各縣市積極爭取
      >> 下載 https://www.ettoday.net/news/20200928/1819378.htm, 美國加州2035年起禁售燃油車全美最大新車市場開第一槍
      >> 下載 https://www.ettoday.net/news/20200928/1817857.htm, 賓士戴姆勒總部大砍4000名人力銷量重挫讓三芒星得含淚勒褲袋
      >> 下載 https://www.ettoday.net/news/20201001/1532883.htm, 中秋5地雷烤肉月餅和柚子來者不拒小心鬧肚子還可能食物中毒
      >> 下載 https://www.ettoday.net/news/20200928/1819669.htm, 德州食腦菌爆發地用水禁令解除TCEQ煮沸才可使用
      >> 下載 https://www.ettoday.net/news/20200928/1819876.htm, 空污不只傷肺研究眼中風機率增11倍7族群風險更高
      >> 下載 https://www.ettoday.net/news/20200928/1819378.htm, 美國加州2035年起禁售燃油車全美最大新車市場開第一槍
      >> 下載 https://www.ettoday.net/news/20200928/1820072.htm, 快訊湖北化工廠爆炸現場硝酸洩漏黃煙亂竄傷亡人數曝
      >> 下載 https://www.ettoday.net/news/20200928/1819678.htm, 注意LINE簡單設定2步驟杜絕陌生廣告訊息狂發
      >> 下載 https://www.ettoday.net/news/20200928/1819638.htm, YahooTV大玩XR化身虛擬角色看電影還能異地開會
      >> 下載 https://www.ettoday.net/news/20200928/1819569.htm, 小心別亂點網瘋傳愛迪達週年慶送鞋送口罩是詐騙
      >> 下載 https://www.ettoday.net/news/20200929/1820277.htm, 獨警守一整晚逼車水產行最新現場曝重機騎士獨自出征了
      >> 下載 https://www.ettoday.net/news/20200929/1819980.htm, 公費疫苗105開打哪種疫苗效果最好
      >> 下載 https://www.ettoday.net/news/20200929/1820276.htm, 落選立委轉戰林森北牛郎被性侵女客灌醉強壓店長覬覦得逞
      >> 下載 https://www.ettoday.net/news/20200929/1820137.htm, 撞飛女騎士躺水溝慘死台南男回家烤肉被抓秒癱軟竟無保請回
      >> 下載 https://www.ettoday.net/news/20200929/1820240.htm, 美軍岩國基地追加部署F35市長霸氣表態維持威懾力所必需
      >> 下載 https://www.ettoday.net/news/20200928/1820214.htm, 台中市食安處抽驗糕餅食材277件產品全數合格
      >> 下載 https://www.ettoday.net/news/20200928/1820201.htm, 衛福部稱瘦肉精安全蔣萬安丟這3題質問陳時中
      >> 下載 https://www.ettoday.net/news/20200928/1820168.htm, 北市約聘人員涉毒仍在職許淑華怒轟民眾安全誰把關
      >> 下載 https://www.ettoday.net/news/20200928/1820105.htm, 連假首選沙鹿店3層獨棟套房每日放風零食愛貓住到不回家
      >> 下載 https://www.ettoday.net/news/20200928/1819669.htm, 德州食腦菌爆發地用水禁令解除TCEQ煮沸才可使用
