     -----> 新聞爬蟲：蘋果日報

           <<< 蘋果日報新聞搜尋 >>>
  ------------------------------------------------------
  ------------------------------------------------------
    >> 搜尋關鍵字:"工業用"; 網址:"https://tw.appledaily.com/search/工業用/"
         <<< 2020-10-12 沒有更多 "工業用" 相關的新聞 !!! >>>
  ------------------------------------------------------
    >> 搜尋關鍵字:"化工"; 網址:"https://tw.appledaily.com/search/化工/"
         >>> 找到關鍵字 "化工"; 文章資訊: 2020-10-12 00:00:00, 3千萬農機娶嬌妻, https://tw.appledaily.com/headline/20201012/OG6GT6CBAJBSXEMBYEGASXVEUY/
         <<< 2020-10-12 沒有更多 "化工" 相關的新聞 !!! >>>
  ------------------------------------------------------
    >> 搜尋關鍵字:"化災"; 網址:"https://tw.appledaily.com/search/化災/"
         <<< 2020-10-12 沒有更多 "化災" 相關的新聞 !!! >>>
  ------------------------------------------------------
    >> 搜尋關鍵字:"化學"; 網址:"https://tw.appledaily.com/search/化學/"
         >>> 找到關鍵字 "化學"; 文章資訊: 2020-10-12 00:00:00, 周興哲被趙岱新打入冷宮差6歲姊弟戀破局, https://tw.appledaily.com/entertainment/20201012/QE6G2GGWVVCYNP2J4EFMKX2RJE/
         >>> 找到關鍵字 "化學"; 文章資訊: 2020-10-11 19:50:00, 網購18年包裹塞爆兩屋親人傻眼想全扔結果全是寶價值15億元, https://tw.appledaily.com/international/20201011/BZDQSXBLBBAR7E4FDOYC37CGS4/
         >>> 找到關鍵字 "化學"; 文章資訊: 2020-10-11 19:00:00, 俄國反對派納瓦尼談中毒經過我知道我快死了, https://tw.appledaily.com/international/20201011/QP63WY2PLVGYBH556N6NFQ2DM4/
         >>> 找到關鍵字 "化學"; 文章資訊: 2020-10-11 17:35:00, 獨家周興哲姊弟戀切了穩交前主播2年過不了這關, https://tw.appledaily.com/entertainment/20201011/E5GTPU7FBBEBPEK2AW22BPCHSI/
         >>> 找到關鍵字 "化學"; 文章資訊: 2020-10-11 15:50:00, 科學期刊首次撤稿中國學者文章稱違反學術倫理, https://tw.appledaily.com/international/20201011/F2WS2EIH3VC7VJ2YVBODCVSBME/
         <<< 2020-10-12 沒有更多 "化學" 相關的新聞 !!! >>>
  ------------------------------------------------------
    >> 搜尋關鍵字:"外洩"; 網址:"https://tw.appledaily.com/search/外洩/"
         >>> 找到關鍵字 "外洩"; 文章資訊: 2020-10-11 23:21:00, 文攻武嚇一起來中國宣稱破獲數百起台諜案屏東顧問李孟居被自白變主角, https://tw.appledaily.com/international/20201011/43Y6J47QZZF7TG4T2WQQ4GTRNI/
         <<< 2020-10-12 沒有更多 "外洩" 相關的新聞 !!! >>>
  ------------------------------------------------------
    >> 搜尋關鍵字:"危害"; 網址:"https://tw.appledaily.com/search/危害/"
         >>> 找到關鍵字 "危害"; 文章資訊: 2020-10-12 00:00:00, 枋寮顧問被自白我斥中國停止栽贓, https://tw.appledaily.com/headline/20201012/ZDGOVPDHTZC5PFAJ3QOAEC5STU/
         >>> 找到關鍵字 "危害"; 文章資訊: 2020-10-12 00:00:00, 監控共機頻繁起降我緊急採購戰機輪胎, https://tw.appledaily.com/headline/20201012/2QM5TCEXJ5FZNEXDK2QMDVJHVY/
         >>> 找到關鍵字 "危害"; 文章資訊: 2020-10-12 00:00:00, 枋寮鄉長中國統戰外宣聽聽就好, https://tw.appledaily.com/headline/20201012/YZNBEDEREVCWLL3BS7FK4KJ6LE/
         >>> 找到關鍵字 "危害"; 文章資訊: 2020-10-11 23:39:00, 中國稱破獲數百起台諜案綠委齊批羅織罪名恐嚇台灣, https://tw.appledaily.com/politics/20201011/OFDVQO22MNC6NEZ2ZSSTYB5PME/
         >>> 找到關鍵字 "危害"; 文章資訊: 2020-10-11 23:21:00, 文攻武嚇一起來中國宣稱破獲數百起台諜案屏東顧問李孟居被自白變主角, https://tw.appledaily.com/international/20201011/43Y6J47QZZF7TG4T2WQQ4GTRNI/
         >>> 找到關鍵字 "危害"; 文章資訊: 2020-10-11 22:56:00, 央視稱破百起台諜案陸委會正告中共當局停止構陷入罪無端栽贓, https://tw.appledaily.com/politics/20201011/I6HLSXVJWZG23BODUB5PNPN2JE/
         >>> 找到關鍵字 "危害"; 文章資訊: 2020-10-11 21:26:00, 中國稱破獲數百起台諜案證據證人都不用王定宇批獨裁中共說你是你就是, https://tw.appledaily.com/politics/20201011/OC4FPUP3QNEZHOH25XWKXCFUM4/
         <<< 2020-10-12 沒有更多 "危害" 相關的新聞 !!! >>>
  ------------------------------------------------------
    >> 搜尋關鍵字:"有毒"; 網址:"https://tw.appledaily.com/search/有毒/"
         >>> 找到關鍵字 "有毒"; 文章資訊: 2020-10-12 00:00:00, 300坪隔成93套房新北超狂違建拆了, https://tw.appledaily.com/headline/20201012/DWPQWBEBLRCANII4H7DQYUSE2M/
         <<< 2020-10-12 沒有更多 "有毒" 相關的新聞 !!! >>>
  ------------------------------------------------------
    >> 搜尋關鍵字:"有害"; 網址:"https://tw.appledaily.com/search/有害/"
      **** something wrong!! Restart it!! ****
  ------------------------------------------------------
    >> 搜尋關鍵字:"色料"; 網址:"https://tw.appledaily.com/search/色料/"
         <<< 2020-10-12 沒有更多 "色料" 相關的新聞 !!! >>>
  ------------------------------------------------------
    >> 搜尋關鍵字:"色素"; 網址:"https://tw.appledaily.com/search/色素/"
         <<< 2020-10-12 沒有更多 "色素" 相關的新聞 !!! >>>
  ------------------------------------------------------
    >> 搜尋關鍵字:"毒性"; 網址:"https://tw.appledaily.com/search/毒性/"
         >>> 找到關鍵字 "毒性"; 文章資訊: 2020-10-11 17:14:00, 美籍男突然說話走路困難竟是武漢肺炎惹禍, https://tw.appledaily.com/international/20201011/J4MCGTXM7RHEJLCDXHLKALWTAQ/
         >>> 找到關鍵字 "毒性"; 文章資訊: 2020-10-11 14:39:00, 中國黑龍江酸湯子致７死毒物科醫師揭黃麴毒素的致命性, https://tw.appledaily.com/life/20201011/4SBCVMLZPJCDPIYE6S74FTR3L4/
         <<< 2020-10-12 沒有更多 "毒性" 相關的新聞 !!! >>>
  ------------------------------------------------------
    >> 搜尋關鍵字:"毒品"; 網址:"https://tw.appledaily.com/search/毒品/"
         >>> 找到關鍵字 "毒品"; 文章資訊: 2020-10-12 00:00:00, 300坪隔成93套房新北超狂違建拆了, https://tw.appledaily.com/headline/20201012/DWPQWBEBLRCANII4H7DQYUSE2M/
         >>> 找到關鍵字 "毒品"; 文章資訊: 2020-10-11 12:00:00, 獨家得不償失狡猾男加688元霸王油法官這理由判罰58倍, https://tw.appledaily.com/local/20201011/A7IOROUCKRCQRKJMOHCJBZUV3I/
         <<< 2020-10-12 沒有更多 "毒品" 相關的新聞 !!! >>>
  ------------------------------------------------------
    >> 搜尋關鍵字:"致癌"; 網址:"https://tw.appledaily.com/search/致癌/"
         <<< 2020-10-12 沒有更多 "致癌" 相關的新聞 !!! >>>
  ------------------------------------------------------
    >> 搜尋關鍵字:"重金屬"; 網址:"https://tw.appledaily.com/search/重金屬/"
         <<< 2020-10-12 沒有更多 "重金屬" 相關的新聞 !!! >>>
  ------------------------------------------------------
    >> 搜尋關鍵字:"食安"; 網址:"https://tw.appledaily.com/search/食安/"
         >>> 找到關鍵字 "食安"; 文章資訊: 2020-10-11 07:40:00, 鈕則勳蔡英文利用防疫凸顯政績惜未提美豬化解民眾疑慮, https://tw.appledaily.com/politics/20201011/X34PGXWTQNFIJP4RSAVBSBIIZI/
         <<< 2020-10-12 沒有更多 "食安" 相關的新聞 !!! >>>
  ------------------------------------------------------
    >> 搜尋關鍵字:"香料"; 網址:"https://tw.appledaily.com/search/香料/"
      **** something wrong!! Restart it!! ****
  ------------------------------------------------------
    >> 搜尋關鍵字:"原料"; 網址:"https://tw.appledaily.com/search/原料/"
         >>> 找到關鍵字 "原料"; 文章資訊: 2020-10-12 00:00:00, 品酒典3大種類威士忌蒸餾製程造就不同風味, https://tw.appledaily.com/lifestyle/20201012/CF53BINJ5JDRTO3QS64WSKH63M/
         >>> 找到關鍵字 "原料"; 文章資訊: 2020-10-11 21:54:00, 店門貼交大核准騎樓停車警怒了要辦餅乾界LV詐欺, https://tw.appledaily.com/local/20201011/CUT7SHYQ75HYBB4UVRAN3SKV4A/
         >>> 找到關鍵字 "原料"; 文章資訊: 2020-10-11 12:05:00, 腳踏車零件工廠火警兩人受傷就醫, https://tw.appledaily.com/local/20201011/USS4CAJHFBHXXCYYGKNYQ5SLOI/
         <<< 2020-10-12 沒有更多 "原料" 相關的新聞 !!! >>>
  ------------------------------------------------------
    >> 搜尋關鍵字:"氣爆"; 網址:"https://tw.appledaily.com/search/氣爆/"
         >>> 找到關鍵字 "氣爆"; 文章資訊: 2020-10-11 16:00:00, 台中房地買氣爆棚專家警示兩原因變相哄抬房價, https://tw.appledaily.com/property/20201011/W24M45WQBBC2VMXS5TFJ2B3HDE/
         <<< 2020-10-12 沒有更多 "氣爆" 相關的新聞 !!! >>>
  ------------------------------------------------------
    >> 搜尋關鍵字:"添加物"; 網址:"https://tw.appledaily.com/search/添加物/"
         <<< 2020-10-12 沒有更多 "添加物" 相關的新聞 !!! >>>
  ------------------------------------------------------
    >> 搜尋關鍵字:"黑心"; 網址:"https://tw.appledaily.com/search/黑心/"
         <<< 2020-10-12 沒有更多 "黑心" 相關的新聞 !!! >>>
  ------------------------------------------------------
    >> 搜尋關鍵字:"漂白"; 網址:"https://tw.appledaily.com/search/漂白/"
         <<< 2020-10-12 沒有更多 "漂白" 相關的新聞 !!! >>>
  ------------------------------------------------------
    >> 搜尋關鍵字:"爆炸"; 網址:"https://tw.appledaily.com/search/爆炸/"
         >>> 找到關鍵字 "爆炸"; 文章資訊: 2020-10-11 16:06:00, 中國加強對台文攻武嚇紐時誇張宣傳是不祥之兆, https://tw.appledaily.com/international/20201011/SMNA3TUTIBAN7LN5KJ2FOXZSRQ/
         >>> 找到關鍵字 "爆炸"; 文章資訊: 2020-10-11 12:05:00, 腳踏車零件工廠火警兩人受傷就醫, https://tw.appledaily.com/local/20201011/USS4CAJHFBHXXCYYGKNYQ5SLOI/
         >>> 找到關鍵字 "爆炸"; 文章資訊: 2020-10-11 10:32:00, 有笑有推許孟哲夫妻引爆炸彈蹦出超可愛寶寶, https://tw.appledaily.com/entertainment/20201011/H23A4TCOWBBWLKZGTOILSMQP7A/
         <<< 2020-10-12 沒有更多 "爆炸" 相關的新聞 !!! >>>
  ------------------------------------------------------
    >> 搜尋關鍵字:"新興"; 網址:"https://tw.appledaily.com/search/新興/"
      **** something wrong!! Restart it!! ****
  ------------------------------------------------------
    >> 搜尋關鍵字:"爆裂物"; 網址:"https://tw.appledaily.com/search/爆裂物/"
         <<< 2020-10-12 沒有更多 "爆裂物" 相關的新聞 !!! >>>
  ------------------------------------------------------
    >> 搜尋關鍵字:"IED"; 網址:"https://tw.appledaily.com/search/IED/"
         <<< 2020-10-12 沒有更多 "IED" 相關的新聞 !!! >>>
  ------------------------------------------------------
    >> 搜尋關鍵字:"排放"; 網址:"https://tw.appledaily.com/search/排放/"
         <<< 2020-10-12 沒有更多 "排放" 相關的新聞 !!! >>>
  ------------------------------------------------------
    >> 搜尋關鍵字:"污染"; 網址:"https://tw.appledaily.com/search/污染/"
      **** something wrong!! Restart it!! ****
  ------------------------------------------------------
    >> 搜尋關鍵字:"廢水"; 網址:"https://tw.appledaily.com/search/廢水/"
         <<< 2020-10-12 沒有更多 "廢水" 相關的新聞 !!! >>>
  ------------------------------------------------------
    >> 搜尋關鍵字:"污水"; 網址:"https://tw.appledaily.com/search/污水/"
         <<< 2020-10-12 沒有更多 "污水" 相關的新聞 !!! >>>
  ------------------------------------------------------
    >> 搜尋關鍵字:"洩漏"; 網址:"https://tw.appledaily.com/search/洩漏/"
         <<< 2020-10-12 沒有更多 "洩漏" 相關的新聞 !!! >>>
  ------------------------------------------------------
    >> 搜尋關鍵字:"暗管"; 網址:"https://tw.appledaily.com/search/暗管/"
      **** something wrong!! Restart it!! ****
  ------------------------------------------------------
    >> 搜尋關鍵字:"偷排"; 網址:"https://tw.appledaily.com/search/偷排/"
         <<< 2020-10-12 沒有更多 "偷排" 相關的新聞 !!! >>>
  ------------------------------------------------------
    >> 搜尋關鍵字:"安全"; 網址:"https://tw.appledaily.com/search/安全/"
         >>> 找到關鍵字 "安全"; 文章資訊: 2020-10-12 07:03:00, 吉爾吉斯政局變天中國一帶一路恐受阻, https://tw.appledaily.com/international/20201012/W3ZKZDF4BZDMPASZFH5YOQS7GA/
         >>> 找到關鍵字 "安全"; 文章資訊: 2020-10-12 06:31:00, 南卡最快今成颱東北風水氣增北北基宜防豪大雨, https://tw.appledaily.com/life/20201012/QVCOOFOMANB65K3P2JCWVJ364E/
         >>> 找到關鍵字 "安全"; 文章資訊: 2020-10-12 04:26:00, 武漢肺炎澳洲研究病毒可在某些物品表面存活28天包括鈔票手機螢幕不鏽鋼, https://tw.appledaily.com/international/20201012/W46S322HK5DULPTWWVC3VNKNUY/
         >>> 找到關鍵字 "安全"; 文章資訊: 2020-10-12 00:00:00, 規劃真出國旅遊泡泡玩帛琉, https://tw.appledaily.com/headline/20201012/Z4353KPSYNEDVL5YCPBXOQ46CA/
         >>> 找到關鍵字 "安全"; 文章資訊: 2020-10-12 00:00:00, 枋寮顧問被自白我斥中國停止栽贓, https://tw.appledaily.com/headline/20201012/ZDGOVPDHTZC5PFAJ3QOAEC5STU/
         >>> 找到關鍵字 "安全"; 文章資訊: 2020-10-12 00:00:00, 監控共機頻繁起降我緊急採購戰機輪胎, https://tw.appledaily.com/headline/20201012/2QM5TCEXJ5FZNEXDK2QMDVJHVY/
         >>> 找到關鍵字 "安全"; 文章資訊: 2020-10-12 00:00:00, 雙颱接力生成北台防豪雨, https://tw.appledaily.com/headline/20201012/5KMWUQRAD5AHNDKOP2QM6X3TDQ/
         >>> 找到關鍵字 "安全"; 文章資訊: 2020-10-12 00:00:00, 火網評論以規矩應對變局的國慶演說黃介正, https://tw.appledaily.com/forum/20201012/Y536M75FWVHDVC7RWAOLS6KLEM/
         >>> 找到關鍵字 "安全"; 文章資訊: 2020-10-12 00:00:00, 枋寮鄉長中國統戰外宣聽聽就好, https://tw.appledaily.com/headline/20201012/YZNBEDEREVCWLL3BS7FK4KJ6LE/
         >>> 找到關鍵字 "安全"; 文章資訊: 2020-10-12 00:00:00, 立委轟中共和ISIS組織有何不同, https://tw.appledaily.com/headline/20201012/WS26GBQH45ACJM66X3JD2QSCVE/
         >>> 找到關鍵字 "安全"; 文章資訊: 2020-10-12 00:00:00, 中研院機警救失智學者財產, https://tw.appledaily.com/headline/20201012/NFQ65QOX4NAGNAJQRAKS7AZVF4/
         >>> 找到關鍵字 "安全"; 文章資訊: 2020-10-12 00:00:00, 體內無病毒川普摘罩演講, https://tw.appledaily.com/headline/20201012/XYM62UA4XZHO5AKV5SLWCICHBM/
         >>> 找到關鍵字 "安全"; 文章資訊: 2020-10-12 00:33:00, 枋寮鄉長揭好友被自白政治操弄2眉角欣慰李孟居還活著, https://tw.appledaily.com/politics/20201012/BP2TUKUW7VCE3KMOJMP35FLWS4/
         >>> 找到關鍵字 "安全"; 文章資訊: 2020-10-12 00:26:00, 香港電梯密度全球第一跟著鐵粉搭升降機穿越舊時光, https://tw.appledaily.com/supplement/20201012/MUKNWTPAWVCYBERBD6VQSEQMXA/
         >>> 找到關鍵字 "安全"; 文章資訊: 2020-10-11 23:39:00, 中國稱破獲數百起台諜案綠委齊批羅織罪名恐嚇台灣, https://tw.appledaily.com/politics/20201011/OFDVQO22MNC6NEZ2ZSSTYB5PME/
         >>> 找到關鍵字 "安全"; 文章資訊: 2020-10-11 23:21:00, 文攻武嚇一起來中國宣稱破獲數百起台諜案屏東顧問李孟居被自白變主角, https://tw.appledaily.com/international/20201011/43Y6J47QZZF7TG4T2WQQ4GTRNI/
         >>> 找到關鍵字 "安全"; 文章資訊: 2020-10-11 22:56:00, 央視稱破百起台諜案陸委會正告中共當局停止構陷入罪無端栽贓, https://tw.appledaily.com/politics/20201011/I6HLSXVJWZG23BODUB5PNPN2JE/
         >>> 找到關鍵字 "安全"; 文章資訊: 2020-10-11 22:32:00, 獨家直擊台中2轎車路口擦撞釀2傷傷者斥對方為什麼開這麼快, https://tw.appledaily.com/local/20201011/ZU4KPOKBPJDNZICKTZXWG3U2XQ/
         >>> 找到關鍵字 "安全"; 文章資訊: 2020-10-11 22:29:00, 川普除口罩矢言擊敗中國病毒白宮醫師總統受測證實已不會傳染他人, https://tw.appledaily.com/international/20201011/5QPJHAACNZBMRNK2SLMAMLRWEI/
         >>> 找到關鍵字 "安全"; 文章資訊: 2020-10-11 22:00:00, 獨家賣淫集團首腦強占宮廟閃妹怒了揪3千里民討公道, https://tw.appledaily.com/local/20201011/QCGUWQ5KCZGETCZASOFNWGPN5A/
  ------------------------------------------------------
    >> 搜尋關鍵字:"槽車"; 網址:"https://tw.appledaily.com/search/槽車/"
      **** something wrong!! Restart it!! ****
       >> 檔案輸出
        ------------------------------------------------------
      >> 下載新聞內容
      >> 下載 https://tw.appledaily.com/headline/20201012/OG6GT6CBAJBSXEMBYEGASXVEUY/, 3千萬農機娶嬌妻
      >> 下載 https://tw.appledaily.com/entertainment/20201012/QE6G2GGWVVCYNP2J4EFMKX2RJE/, 周興哲被趙岱新打入冷宮差6歲姊弟戀破局
      >> 下載 https://tw.appledaily.com/international/20201011/BZDQSXBLBBAR7E4FDOYC37CGS4/, 網購18年包裹塞爆兩屋親人傻眼想全扔結果全是寶價值15億元
      >> 下載 https://tw.appledaily.com/international/20201011/QP63WY2PLVGYBH556N6NFQ2DM4/, 俄國反對派納瓦尼談中毒經過我知道我快死了
      >> 下載 https://tw.appledaily.com/entertainment/20201011/E5GTPU7FBBEBPEK2AW22BPCHSI/, 獨家周興哲姊弟戀切了穩交前主播2年過不了這關
      >> 下載 https://tw.appledaily.com/international/20201011/F2WS2EIH3VC7VJ2YVBODCVSBME/, 科學期刊首次撤稿中國學者文章稱違反學術倫理
      >> 下載 https://tw.appledaily.com/international/20201011/43Y6J47QZZF7TG4T2WQQ4GTRNI/, 文攻武嚇一起來中國宣稱破獲數百起台諜案屏東顧問李孟居被自白變主角
      >> 下載 https://tw.appledaily.com/headline/20201012/ZDGOVPDHTZC5PFAJ3QOAEC5STU/, 枋寮顧問被自白我斥中國停止栽贓
      >> 下載 https://tw.appledaily.com/headline/20201012/2QM5TCEXJ5FZNEXDK2QMDVJHVY/, 監控共機頻繁起降我緊急採購戰機輪胎
      >> 下載 https://tw.appledaily.com/headline/20201012/YZNBEDEREVCWLL3BS7FK4KJ6LE/, 枋寮鄉長中國統戰外宣聽聽就好
      >> 下載 https://tw.appledaily.com/politics/20201011/OFDVQO22MNC6NEZ2ZSSTYB5PME/, 中國稱破獲數百起台諜案綠委齊批羅織罪名恐嚇台灣
      >> 下載 https://tw.appledaily.com/international/20201011/43Y6J47QZZF7TG4T2WQQ4GTRNI/, 文攻武嚇一起來中國宣稱破獲數百起台諜案屏東顧問李孟居被自白變主角
      >> 下載 https://tw.appledaily.com/politics/20201011/I6HLSXVJWZG23BODUB5PNPN2JE/, 央視稱破百起台諜案陸委會正告中共當局停止構陷入罪無端栽贓
      >> 下載 https://tw.appledaily.com/politics/20201011/OC4FPUP3QNEZHOH25XWKXCFUM4/, 中國稱破獲數百起台諜案證據證人都不用王定宇批獨裁中共說你是你就是
      >> 下載 https://tw.appledaily.com/headline/20201012/DWPQWBEBLRCANII4H7DQYUSE2M/, 300坪隔成93套房新北超狂違建拆了
      >> 下載 https://tw.appledaily.com/international/20201011/J4MCGTXM7RHEJLCDXHLKALWTAQ/, 美籍男突然說話走路困難竟是武漢肺炎惹禍
      >> 下載 https://tw.appledaily.com/life/20201011/4SBCVMLZPJCDPIYE6S74FTR3L4/, 中國黑龍江酸湯子致７死毒物科醫師揭黃麴毒素的致命性
      >> 下載 https://tw.appledaily.com/headline/20201012/DWPQWBEBLRCANII4H7DQYUSE2M/, 300坪隔成93套房新北超狂違建拆了
      >> 下載 https://tw.appledaily.com/local/20201011/A7IOROUCKRCQRKJMOHCJBZUV3I/, 獨家得不償失狡猾男加688元霸王油法官這理由判罰58倍
      >> 下載 https://tw.appledaily.com/politics/20201011/X34PGXWTQNFIJP4RSAVBSBIIZI/, 鈕則勳蔡英文利用防疫凸顯政績惜未提美豬化解民眾疑慮
      >> 下載 https://tw.appledaily.com/lifestyle/20201012/CF53BINJ5JDRTO3QS64WSKH63M/, 品酒典3大種類威士忌蒸餾製程造就不同風味
      >> 下載 https://tw.appledaily.com/local/20201011/CUT7SHYQ75HYBB4UVRAN3SKV4A/, 店門貼交大核准騎樓停車警怒了要辦餅乾界LV詐欺
      >> 下載 https://tw.appledaily.com/local/20201011/USS4CAJHFBHXXCYYGKNYQ5SLOI/, 腳踏車零件工廠火警兩人受傷就醫
      >> 下載 https://tw.appledaily.com/property/20201011/W24M45WQBBC2VMXS5TFJ2B3HDE/, 台中房地買氣爆棚專家警示兩原因變相哄抬房價
      >> 下載 https://tw.appledaily.com/international/20201011/SMNA3TUTIBAN7LN5KJ2FOXZSRQ/, 中國加強對台文攻武嚇紐時誇張宣傳是不祥之兆
      >> 下載 https://tw.appledaily.com/local/20201011/USS4CAJHFBHXXCYYGKNYQ5SLOI/, 腳踏車零件工廠火警兩人受傷就醫
      >> 下載 https://tw.appledaily.com/entertainment/20201011/H23A4TCOWBBWLKZGTOILSMQP7A/, 有笑有推許孟哲夫妻引爆炸彈蹦出超可愛寶寶
      >> 下載 https://tw.appledaily.com/international/20201012/W3ZKZDF4BZDMPASZFH5YOQS7GA/, 吉爾吉斯政局變天中國一帶一路恐受阻
      >> 下載 https://tw.appledaily.com/life/20201012/QVCOOFOMANB65K3P2JCWVJ364E/, 南卡最快今成颱東北風水氣增北北基宜防豪大雨
      >> 下載 https://tw.appledaily.com/international/20201012/W46S322HK5DULPTWWVC3VNKNUY/, 武漢肺炎澳洲研究病毒可在某些物品表面存活28天包括鈔票手機螢幕不鏽鋼
      >> 下載 https://tw.appledaily.com/headline/20201012/Z4353KPSYNEDVL5YCPBXOQ46CA/, 規劃真出國旅遊泡泡玩帛琉
      >> 下載 https://tw.appledaily.com/headline/20201012/ZDGOVPDHTZC5PFAJ3QOAEC5STU/, 枋寮顧問被自白我斥中國停止栽贓
      >> 下載 https://tw.appledaily.com/headline/20201012/2QM5TCEXJ5FZNEXDK2QMDVJHVY/, 監控共機頻繁起降我緊急採購戰機輪胎
      >> 下載 https://tw.appledaily.com/headline/20201012/5KMWUQRAD5AHNDKOP2QM6X3TDQ/, 雙颱接力生成北台防豪雨
      >> 下載 https://tw.appledaily.com/forum/20201012/Y536M75FWVHDVC7RWAOLS6KLEM/, 火網評論以規矩應對變局的國慶演說黃介正
      >> 下載 https://tw.appledaily.com/headline/20201012/YZNBEDEREVCWLL3BS7FK4KJ6LE/, 枋寮鄉長中國統戰外宣聽聽就好
      >> 下載 https://tw.appledaily.com/headline/20201012/WS26GBQH45ACJM66X3JD2QSCVE/, 立委轟中共和ISIS組織有何不同
      >> 下載 https://tw.appledaily.com/headline/20201012/NFQ65QOX4NAGNAJQRAKS7AZVF4/, 中研院機警救失智學者財產
      >> 下載 https://tw.appledaily.com/headline/20201012/XYM62UA4XZHO5AKV5SLWCICHBM/, 體內無病毒川普摘罩演講
      >> 下載 https://tw.appledaily.com/politics/20201012/BP2TUKUW7VCE3KMOJMP35FLWS4/, 枋寮鄉長揭好友被自白政治操弄2眉角欣慰李孟居還活著
      >> 下載 https://tw.appledaily.com/supplement/20201012/MUKNWTPAWVCYBERBD6VQSEQMXA/, 香港電梯密度全球第一跟著鐵粉搭升降機穿越舊時光
      >> 下載 https://tw.appledaily.com/politics/20201011/OFDVQO22MNC6NEZ2ZSSTYB5PME/, 中國稱破獲數百起台諜案綠委齊批羅織罪名恐嚇台灣
      >> 下載 https://tw.appledaily.com/international/20201011/43Y6J47QZZF7TG4T2WQQ4GTRNI/, 文攻武嚇一起來中國宣稱破獲數百起台諜案屏東顧問李孟居被自白變主角
      >> 下載 https://tw.appledaily.com/politics/20201011/I6HLSXVJWZG23BODUB5PNPN2JE/, 央視稱破百起台諜案陸委會正告中共當局停止構陷入罪無端栽贓
      >> 下載 https://tw.appledaily.com/local/20201011/ZU4KPOKBPJDNZICKTZXWG3U2XQ/, 獨家直擊台中2轎車路口擦撞釀2傷傷者斥對方為什麼開這麼快
      >> 下載 https://tw.appledaily.com/international/20201011/5QPJHAACNZBMRNK2SLMAMLRWEI/, 川普除口罩矢言擊敗中國病毒白宮醫師總統受測證實已不會傳染他人
      >> 下載 https://tw.appledaily.com/local/20201011/QCGUWQ5KCZGETCZASOFNWGPN5A/, 獨家賣淫集團首腦強占宮廟閃妹怒了揪3千里民討公道
