     -----> 新聞爬蟲：農傳媒

           <<< 農傳媒新聞搜尋 >>>
        ------------------------------------------------------
        ------------------------------------------------------
       >> 搜尋關鍵字:"工業用"; 網址:"https://agriharvest.tw/page/1?s=工業用"
         <<< 2020-09-29 沒有更多 "工業用" 相關的新聞 !!! >>>
        ------------------------------------------------------
       >> 搜尋關鍵字:"化工"; 網址:"https://agriharvest.tw/page/1?s=化工"
         <<< 2020-09-29 沒有更多 "化工" 相關的新聞 !!! >>>
        ------------------------------------------------------
       >> 搜尋關鍵字:"化災"; 網址:"https://agriharvest.tw/page/1?s=化災"
         <<< 2020-09-29 沒有更多 "化災" 相關的新聞 !!! >>>
        ------------------------------------------------------
       >> 搜尋關鍵字:"化學"; 網址:"https://agriharvest.tw/page/1?s=化學"
         <<< 2020-09-29 沒有更多 "化學" 相關的新聞 !!! >>>
        ------------------------------------------------------
       >> 搜尋關鍵字:"外洩"; 網址:"https://agriharvest.tw/page/1?s=外洩"
         <<< 2020-09-29 沒有更多 "外洩" 相關的新聞 !!! >>>
        ------------------------------------------------------
       >> 搜尋關鍵字:"危害"; 網址:"https://agriharvest.tw/page/1?s=危害"
         <<< 2020-09-29 沒有更多 "危害" 相關的新聞 !!! >>>
        ------------------------------------------------------
       >> 搜尋關鍵字:"有毒"; 網址:"https://agriharvest.tw/page/1?s=有毒"
         <<< 2020-09-29 沒有更多 "有毒" 相關的新聞 !!! >>>
        ------------------------------------------------------
       >> 搜尋關鍵字:"有害"; 網址:"https://agriharvest.tw/page/1?s=有害"
         <<< 2020-09-29 沒有更多 "有害" 相關的新聞 !!! >>>
        ------------------------------------------------------
       >> 搜尋關鍵字:"色料"; 網址:"https://agriharvest.tw/page/1?s=色料"
         <<< 2020-09-29 沒有更多 "色料" 相關的新聞 !!! >>>
        ------------------------------------------------------
       >> 搜尋關鍵字:"色素"; 網址:"https://agriharvest.tw/page/1?s=色素"
         <<< 2020-09-29 沒有更多 "色素" 相關的新聞 !!! >>>
        ------------------------------------------------------
       >> 搜尋關鍵字:"毒性"; 網址:"https://agriharvest.tw/page/1?s=毒性"
         <<< 2020-09-29 沒有更多 "毒性" 相關的新聞 !!! >>>
        ------------------------------------------------------
       >> 搜尋關鍵字:"毒品"; 網址:"https://agriharvest.tw/page/1?s=毒品"
         <<< 2020-09-29 沒有更多 "毒品" 相關的新聞 !!! >>>
        ------------------------------------------------------
       >> 搜尋關鍵字:"致癌"; 網址:"https://agriharvest.tw/page/1?s=致癌"
         <<< 2020-09-29 沒有更多 "致癌" 相關的新聞 !!! >>>
        ------------------------------------------------------
       >> 搜尋關鍵字:"重金屬"; 網址:"https://agriharvest.tw/page/1?s=重金屬"
         <<< 2020-09-29 沒有更多 "重金屬" 相關的新聞 !!! >>>
        ------------------------------------------------------
       >> 搜尋關鍵字:"食安"; 網址:"https://agriharvest.tw/page/1?s=食安"
         <<< 2020-09-29 沒有更多 "食安" 相關的新聞 !!! >>>
        ------------------------------------------------------
       >> 搜尋關鍵字:"香料"; 網址:"https://agriharvest.tw/page/1?s=香料"
         <<< 2020-09-29 沒有更多 "香料" 相關的新聞 !!! >>>
        ------------------------------------------------------
       >> 搜尋關鍵字:"原料"; 網址:"https://agriharvest.tw/page/1?s=原料"
         <<< 2020-09-29 沒有更多 "原料" 相關的新聞 !!! >>>
        ------------------------------------------------------
       >> 搜尋關鍵字:"氣爆"; 網址:"https://agriharvest.tw/page/1?s=氣爆"
         <<< 2020-09-29 沒有更多 "氣爆" 相關的新聞 !!! >>>
        ------------------------------------------------------
       >> 搜尋關鍵字:"添加物"; 網址:"https://agriharvest.tw/page/1?s=添加物"
         <<< 2020-09-29 沒有更多 "添加物" 相關的新聞 !!! >>>
        ------------------------------------------------------
       >> 搜尋關鍵字:"黑心"; 網址:"https://agriharvest.tw/page/1?s=黑心"
         <<< 2020-09-29 沒有更多 "黑心" 相關的新聞 !!! >>>
        ------------------------------------------------------
       >> 搜尋關鍵字:"漂白"; 網址:"https://agriharvest.tw/page/1?s=漂白"
         <<< 2020-09-29 沒有更多 "漂白" 相關的新聞 !!! >>>
        ------------------------------------------------------
       >> 搜尋關鍵字:"爆炸"; 網址:"https://agriharvest.tw/page/1?s=爆炸"
         <<< 2020-09-29 沒有更多 "爆炸" 相關的新聞 !!! >>>
        ------------------------------------------------------
       >> 搜尋關鍵字:"新興"; 網址:"https://agriharvest.tw/page/1?s=新興"
         <<< 2020-09-29 沒有更多 "新興" 相關的新聞 !!! >>>
        ------------------------------------------------------
       >> 搜尋關鍵字:"爆裂物"; 網址:"https://agriharvest.tw/page/1?s=爆裂物"
         <<< 2020-09-29 沒有更多 "爆裂物" 相關的新聞 !!! >>>
        ------------------------------------------------------
       >> 搜尋關鍵字:"IED"; 網址:"https://agriharvest.tw/page/1?s=IED"
         <<< 2020-09-29 沒有更多 "IED" 相關的新聞 !!! >>>
        ------------------------------------------------------
       >> 搜尋關鍵字:"排放"; 網址:"https://agriharvest.tw/page/1?s=排放"
         <<< 2020-09-29 沒有更多 "排放" 相關的新聞 !!! >>>
        ------------------------------------------------------
       >> 搜尋關鍵字:"污染"; 網址:"https://agriharvest.tw/page/1?s=污染"
         <<< 2020-09-29 沒有更多 "污染" 相關的新聞 !!! >>>
        ------------------------------------------------------
       >> 搜尋關鍵字:"廢水"; 網址:"https://agriharvest.tw/page/1?s=廢水"
         <<< 2020-09-29 沒有更多 "廢水" 相關的新聞 !!! >>>
        ------------------------------------------------------
       >> 搜尋關鍵字:"污水"; 網址:"https://agriharvest.tw/page/1?s=污水"
         <<< 2020-09-29 沒有更多 "污水" 相關的新聞 !!! >>>
        ------------------------------------------------------
       >> 搜尋關鍵字:"洩漏"; 網址:"https://agriharvest.tw/page/1?s=洩漏"
         <<< 2020-09-29 沒有更多 "洩漏" 相關的新聞 !!! >>>
        ------------------------------------------------------
       >> 搜尋關鍵字:"暗管"; 網址:"https://agriharvest.tw/page/1?s=暗管"
         <<< 2020-09-29 沒有更多 "暗管" 相關的新聞 !!! >>>
        ------------------------------------------------------
       >> 搜尋關鍵字:"偷排"; 網址:"https://agriharvest.tw/page/1?s=偷排"
         <<< 2020-09-29 沒有更多 "偷排" 相關的新聞 !!! >>>
        ------------------------------------------------------
       >> 搜尋關鍵字:"安全"; 網址:"https://agriharvest.tw/page/1?s=安全"
         <<< 2020-09-29 沒有更多 "安全" 相關的新聞 !!! >>>
        ------------------------------------------------------
       >> 搜尋關鍵字:"槽車"; 網址:"https://agriharvest.tw/page/1?s=槽車"
         <<< 2020-09-29 沒有更多 "槽車" 相關的新聞 !!! >>>
       >> 檔案輸出
        ------------------------------------------------------
      >> 下載新聞內容
