     -----> 新聞爬蟲：中央通訊社

           <<< 中央通訊社新聞搜尋 >>>
  ------------------------------------------------------
  ------------------------------------------------------
    >> 搜尋關鍵字:"工業用"; 網址:"https://www.cna.com.tw/search/hysearchws.aspx?q=工業用"
         >>> 找到關鍵字 "工業用"; 文章資訊: 2020-10-03 17:46:00, 加利口罩防護效果佳莊人祥檢驗報告漏洞百出202010031746, https://www.cna.com.tw/news/firstnews/202010030167.aspx
         <<< 2020-10-04 沒有更多 "工業用" 相關的新聞 !!! >>>
  ------------------------------------------------------
    >> 搜尋關鍵字:"化工"; 網址:"https://www.cna.com.tw/search/hysearchws.aspx?q=化工"
         >>> 找到關鍵字 "化工"; 文章資訊: 2020-10-03 16:49:00, 金曲獎第31屆完整得獎名單202010031649, https://www.cna.com.tw/news/firstnews/202010035006.aspx
         >>> 找到關鍵字 "化工"; 文章資訊: 2020-10-03 16:43:00, 捷克參議員德拉霍斯歐洲應積極發展對台關係202010031643, https://www.cna.com.tw/news/aipl/202010030149.aspx
         <<< 2020-10-04 沒有更多 "化工" 相關的新聞 !!! >>>
  ------------------------------------------------------
    >> 搜尋關鍵字:"化災"; 網址:"https://www.cna.com.tw/search/hysearchws.aspx?q=化災"
         <<< 2020-10-04 沒有更多 "化災" 相關的新聞 !!! >>>
  ------------------------------------------------------
    >> 搜尋關鍵字:"化學"; 網址:"https://www.cna.com.tw/search/hysearchws.aspx?q=化學"
         >>> 找到關鍵字 "化學"; 文章資訊: 2020-10-03 18:22:00, 新北登革熱疫情增溫確診病例飆升擴大篩檢對象202010031822, https://www.cna.com.tw/news/ahel/202010030185.aspx
         >>> 找到關鍵字 "化學"; 文章資訊: 2020-10-03 17:45:00, 三峽登革熱再添8例群聚疫情擴及38人202010031745, https://www.cna.com.tw/news/firstnews/202010030166.aspx
         >>> 找到關鍵字 "化學"; 文章資訊: 2020-10-03 16:43:00, 捷克參議員德拉霍斯歐洲應積極發展對台關係202010031643, https://www.cna.com.tw/news/aipl/202010030149.aspx
         >>> 找到關鍵字 "化學"; 文章資訊: 2020-10-03 16:46:00, 捷克重量級議員談訪台聚焦應對老大哥威脅202010031646, https://www.cna.com.tw/news/aipl/202010030151.aspx
         >>> 找到關鍵字 "化學"; 文章資訊: 2020-10-03 13:35:00, 防堵新北登革熱病媒蚊環保署動員清除積水容器202010031335, https://www.cna.com.tw/news/ahel/202010030103.aspx
         <<< 2020-10-04 沒有更多 "化學" 相關的新聞 !!! >>>
  ------------------------------------------------------
    >> 搜尋關鍵字:"外洩"; 網址:"https://www.cna.com.tw/search/hysearchws.aspx?q=外洩"
         >>> 找到關鍵字 "外洩"; 文章資訊: 2020-10-03 13:38:00, 前航警官涉X光儀弊案二審裁定延長限境8月202010031338, https://www.cna.com.tw/news/asoc/202010030105.aspx
         <<< 2020-10-04 沒有更多 "外洩" 相關的新聞 !!! >>>
  ------------------------------------------------------
    >> 搜尋關鍵字:"危害"; 網址:"https://www.cna.com.tw/search/hysearchws.aspx?q=危害"
         >>> 找到關鍵字 "危害"; 文章資訊: 2020-10-03 19:04:00, 不肖業者連假期間偷倒廢棄物高市府通報檢警查辦202010031904, https://www.cna.com.tw/news/asoc/202010030193.aspx
         >>> 找到關鍵字 "危害"; 文章資訊: 2020-10-03 12:15:00, 受傷黑熊恢復穩定設陷阱農民及時通報不罰202010031215, https://www.cna.com.tw/news/ahel/202010030078.aspx
         >>> 找到關鍵字 "危害"; 文章資訊: 2020-10-03 12:34:00, 萊豬行政命令付委蔣萬安擬先開公聽會再排審202010031234, https://www.cna.com.tw/news/aipl/202010030087.aspx
         >>> 找到關鍵字 "危害"; 文章資訊: 2020-10-03 07:31:00, 武漢肺炎全球最新情報103202010030731, https://www.cna.com.tw/news/firstnews/202010030018.aspx
         <<< 2020-10-04 沒有更多 "危害" 相關的新聞 !!! >>>
  ------------------------------------------------------
    >> 搜尋關鍵字:"有毒"; 網址:"https://www.cna.com.tw/search/hysearchws.aspx?q=有毒"
         <<< 2020-10-04 沒有更多 "有毒" 相關的新聞 !!! >>>
  ------------------------------------------------------
    >> 搜尋關鍵字:"有害"; 網址:"https://www.cna.com.tw/search/hysearchws.aspx?q=有害"
         <<< 2020-10-04 沒有更多 "有害" 相關的新聞 !!! >>>
  ------------------------------------------------------
    >> 搜尋關鍵字:"色料"; 網址:"https://www.cna.com.tw/search/hysearchws.aspx?q=色料"
         <<< 2020-10-04 沒有更多 "色料" 相關的新聞 !!! >>>
  ------------------------------------------------------
    >> 搜尋關鍵字:"色素"; 網址:"https://www.cna.com.tw/search/hysearchws.aspx?q=色素"
         <<< 2020-10-04 沒有更多 "色素" 相關的新聞 !!! >>>
  ------------------------------------------------------
    >> 搜尋關鍵字:"毒性"; 網址:"https://www.cna.com.tw/search/hysearchws.aspx?q=毒性"
         <<< 2020-10-04 沒有更多 "毒性" 相關的新聞 !!! >>>
  ------------------------------------------------------
    >> 搜尋關鍵字:"毒品"; 網址:"https://www.cna.com.tw/search/hysearchws.aspx?q=毒品"
         >>> 找到關鍵字 "毒品"; 文章資訊: 2020-10-03 18:46:00, 斜槓警察文創聯展登場盼以作品拉近與民眾距離202010031846, https://www.cna.com.tw/news/ahel/202010030188.aspx
         <<< 2020-10-04 沒有更多 "毒品" 相關的新聞 !!! >>>
  ------------------------------------------------------
    >> 搜尋關鍵字:"致癌"; 網址:"https://www.cna.com.tw/search/hysearchws.aspx?q=致癌"
         <<< 2020-10-04 沒有更多 "致癌" 相關的新聞 !!! >>>
  ------------------------------------------------------
    >> 搜尋關鍵字:"重金屬"; 網址:"https://www.cna.com.tw/search/hysearchws.aspx?q=重金屬"
         <<< 2020-10-04 沒有更多 "重金屬" 相關的新聞 !!! >>>
  ------------------------------------------------------
    >> 搜尋關鍵字:"食安"; 網址:"https://www.cna.com.tw/search/hysearchws.aspx?q=食安"
         <<< 2020-10-04 沒有更多 "食安" 相關的新聞 !!! >>>
  ------------------------------------------------------
    >> 搜尋關鍵字:"香料"; 網址:"https://www.cna.com.tw/search/hysearchws.aspx?q=香料"
         <<< 2020-10-04 沒有更多 "香料" 相關的新聞 !!! >>>
  ------------------------------------------------------
    >> 搜尋關鍵字:"原料"; 網址:"https://www.cna.com.tw/search/hysearchws.aspx?q=原料"
         <<< 2020-10-04 沒有更多 "原料" 相關的新聞 !!! >>>
  ------------------------------------------------------
    >> 搜尋關鍵字:"氣爆"; 網址:"https://www.cna.com.tw/search/hysearchws.aspx?q=氣爆"
         >>> 找到關鍵字 "氣爆"; 文章資訊: 2020-10-03 16:41:00, 森林遊樂區半價入園中秋連假阿里山最夯202010031641, https://www.cna.com.tw/news/ahel/202010030148.aspx
         <<< 2020-10-04 沒有更多 "氣爆" 相關的新聞 !!! >>>
  ------------------------------------------------------
    >> 搜尋關鍵字:"添加物"; 網址:"https://www.cna.com.tw/search/hysearchws.aspx?q=添加物"
         <<< 2020-10-04 沒有更多 "添加物" 相關的新聞 !!! >>>
  ------------------------------------------------------
    >> 搜尋關鍵字:"黑心"; 網址:"https://www.cna.com.tw/search/hysearchws.aspx?q=黑心"
         <<< 2020-10-04 沒有更多 "黑心" 相關的新聞 !!! >>>
  ------------------------------------------------------
    >> 搜尋關鍵字:"漂白"; 網址:"https://www.cna.com.tw/search/hysearchws.aspx?q=漂白"
         <<< 2020-10-04 沒有更多 "漂白" 相關的新聞 !!! >>>
  ------------------------------------------------------
    >> 搜尋關鍵字:"爆炸"; 網址:"https://www.cna.com.tw/search/hysearchws.aspx?q=爆炸"
         <<< 2020-10-04 沒有更多 "爆炸" 相關的新聞 !!! >>>
  ------------------------------------------------------
    >> 搜尋關鍵字:"新興"; 網址:"https://www.cna.com.tw/search/hysearchws.aspx?q=新興"
         >>> 找到關鍵字 "新興"; 文章資訊: 2020-10-03 18:46:00, 斜槓警察文創聯展登場盼以作品拉近與民眾距離202010031846, https://www.cna.com.tw/news/ahel/202010030188.aspx
         >>> 找到關鍵字 "新興"; 文章資訊: 2020-10-03 15:50:00, 央行調節成匯市新常態專家點出背後關鍵202010031550, https://www.cna.com.tw/news/afe/202010030134.aspx
         >>> 找到關鍵字 "新興"; 文章資訊: 2020-10-03 08:30:00, 酒吧拆夥不合街頭暗夜爆鬥毆高警速逮6人202010030830, https://www.cna.com.tw/news/asoc/202010030024.aspx
         <<< 2020-10-04 沒有更多 "新興" 相關的新聞 !!! >>>
  ------------------------------------------------------
    >> 搜尋關鍵字:"爆裂物"; 網址:"https://www.cna.com.tw/search/hysearchws.aspx?q=爆裂物"
         <<< 2020-10-04 沒有更多 "爆裂物" 相關的新聞 !!! >>>
  ------------------------------------------------------
    >> 搜尋關鍵字:"IED"; 網址:"https://www.cna.com.tw/search/hysearchws.aspx?q=IED"
         <<< 2020-10-04 沒有更多 "IED" 相關的新聞 !!! >>>
  ------------------------------------------------------
    >> 搜尋關鍵字:"排放"; 網址:"https://www.cna.com.tw/search/hysearchws.aspx?q=排放"
         <<< 2020-10-04 沒有更多 "排放" 相關的新聞 !!! >>>
  ------------------------------------------------------
    >> 搜尋關鍵字:"污染"; 網址:"https://www.cna.com.tw/search/hysearchws.aspx?q=污染"
         >>> 找到關鍵字 "污染"; 文章資訊: 2020-10-03 19:04:00, 不肖業者連假期間偷倒廢棄物高市府通報檢警查辦202010031904, https://www.cna.com.tw/news/asoc/202010030193.aspx
         >>> 找到關鍵字 "污染"; 文章資訊: 2020-10-03 08:06:00, 各地天氣穩定中南部山區留意午後雨202010030806, https://www.cna.com.tw/news/ahel/202010030021.aspx
         <<< 2020-10-04 沒有更多 "污染" 相關的新聞 !!! >>>
  ------------------------------------------------------
    >> 搜尋關鍵字:"廢水"; 網址:"https://www.cna.com.tw/search/hysearchws.aspx?q=廢水"
         <<< 2020-10-04 沒有更多 "廢水" 相關的新聞 !!! >>>
  ------------------------------------------------------
    >> 搜尋關鍵字:"污水"; 網址:"https://www.cna.com.tw/search/hysearchws.aspx?q=污水"
         <<< 2020-10-04 沒有更多 "污水" 相關的新聞 !!! >>>
  ------------------------------------------------------
    >> 搜尋關鍵字:"洩漏"; 網址:"https://www.cna.com.tw/search/hysearchws.aspx?q=洩漏"
         <<< 2020-10-04 沒有更多 "洩漏" 相關的新聞 !!! >>>
  ------------------------------------------------------
    >> 搜尋關鍵字:"暗管"; 網址:"https://www.cna.com.tw/search/hysearchws.aspx?q=暗管"
         <<< 2020-10-04 沒有更多 "暗管" 相關的新聞 !!! >>>
  ------------------------------------------------------
    >> 搜尋關鍵字:"偷排"; 網址:"https://www.cna.com.tw/search/hysearchws.aspx?q=偷排"
         <<< 2020-10-04 沒有更多 "偷排" 相關的新聞 !!! >>>
  ------------------------------------------------------
    >> 搜尋關鍵字:"安全"; 網址:"https://www.cna.com.tw/search/hysearchws.aspx?q=安全"
         >>> 找到關鍵字 "安全"; 文章資訊: 2020-10-03 22:50:00, 高市小港聯結車與機車事故騎士送醫不治202010032250, https://www.cna.com.tw/news/asoc/202010030241.aspx
         >>> 找到關鍵字 "安全"; 文章資訊: 2020-10-03 21:59:00, 川普住進軍醫院總統病房獨立一區配有特殊設備202010032159, https://www.cna.com.tw/news/firstnews/202010030232.aspx
         >>> 找到關鍵字 "安全"; 文章資訊: 2020-10-03 17:57:00, 金曲獎紅毯群星閃耀魏如萱帥氣搶鏡利得彙美背吸睛圖輯202010031757, https://www.cna.com.tw/news/firstnews/202010035008.aspx
         >>> 找到關鍵字 "安全"; 文章資訊: 2020-10-03 19:37:00, 政院台美經濟對話工作請各部會做好準備202010031937, https://www.cna.com.tw/news/aipl/202010030199.aspx
         >>> 找到關鍵字 "安全"; 文章資訊: 2020-10-03 13:41:00, 川普確診武漢肺炎各界反應一次看202010031341, https://www.cna.com.tw/news/firstnews/202010035005.aspx
         >>> 找到關鍵字 "安全"; 文章資訊: 2020-10-03 18:29:00, 亞美尼亞將與俄美法合作就爭議區停火協商202010031829, https://www.cna.com.tw/news/aopl/202010030186.aspx
         >>> 找到關鍵字 "安全"; 文章資訊: 2020-10-03 18:22:00, 世衛執委會5日特別會議譚德塞報告疫情應對202010031822, https://www.cna.com.tw/news/aopl/202010030183.aspx
         >>> 找到關鍵字 "安全"; 文章資訊: 2020-10-03 16:43:00, 捷克參議員德拉霍斯歐洲應積極發展對台關係202010031643, https://www.cna.com.tw/news/aipl/202010030149.aspx
         >>> 找到關鍵字 "安全"; 文章資訊: 2020-10-03 16:46:00, 捷克重量級議員談訪台聚焦應對老大哥威脅202010031646, https://www.cna.com.tw/news/aipl/202010030151.aspx
         >>> 找到關鍵字 "安全"; 文章資訊: 2020-10-03 13:10:00, 09271003一週大事202010031310, https://www.cna.com.tw/news/firstnews/202010035004.aspx
         >>> 找到關鍵字 "安全"; 文章資訊: 2020-10-03 16:34:00, 十一旅客不如預期港府將推振興措施刺激消費202010031634, https://www.cna.com.tw/news/acn/202010030146.aspx
         >>> 找到關鍵字 "安全"; 文章資訊: 2020-10-03 16:23:00, 防疫開支增醫護辛勞醫界盼加強紓困補償202010031623, https://www.cna.com.tw/news/ahel/202010030141.aspx
         >>> 找到關鍵字 "安全"; 文章資訊: 2020-10-03 12:08:00, 川普曾嘲防疫乖乖牌拜登守本分比當硬漢重要202010031208, https://www.cna.com.tw/news/aopl/202010030075.aspx
         >>> 找到關鍵字 "安全"; 文章資訊: 2020-10-03 15:57:00, 解決剩食幫助弱勢綠委推食物銀行法制化202010031557, https://www.cna.com.tw/news/ahel/202010030135.aspx
         >>> 找到關鍵字 "安全"; 文章資訊: 2020-10-03 14:52:00, 拜登撤下負面廣告川普陣營不領情也未跟進202010031452, https://www.cna.com.tw/news/aopl/202010030120.aspx
         >>> 找到關鍵字 "安全"; 文章資訊: 2020-10-03 13:01:00, 150天完成300浪浪遷徙王文評盼打造共生園區202010031301, https://www.cna.com.tw/news/ahel/202010030096.aspx
         >>> 找到關鍵字 "安全"; 文章資訊: 2020-10-03 14:11:00, 印度賤民女子遭輪暴案引發示威潮警方涉嫌包庇202010031411, https://www.cna.com.tw/news/aopl/202010030110.aspx
         >>> 找到關鍵字 "安全"; 文章資訊: 2020-10-03 12:19:00, 阿根廷疫情嚴峻僑胞捐台灣國家隊口罩助抗疫202010031219, https://www.cna.com.tw/news/aopl/202010030081.aspx
         >>> 找到關鍵字 "安全"; 文章資訊: 2020-10-03 14:11:00, 鑽石公主號事件陳時中看見防疫關鍵是隔離202010031411, https://www.cna.com.tw/news/ahel/202010030109.aspx
         >>> 找到關鍵字 "安全"; 文章資訊: 2020-10-03 13:38:00, 前航警官涉X光儀弊案二審裁定延長限境8月202010031338, https://www.cna.com.tw/news/asoc/202010030105.aspx
         >>> 找到關鍵字 "安全"; 文章資訊: 2020-10-03 12:16:00, 陸男生活苦擬來台打工泅渡金門遭逮送辦202010031216, https://www.cna.com.tw/news/asoc/202010030079.aspx
         >>> 找到關鍵字 "安全"; 文章資訊: 2020-10-03 12:15:00, 受傷黑熊恢復穩定設陷阱農民及時通報不罰202010031215, https://www.cna.com.tw/news/ahel/202010030078.aspx
         >>> 找到關鍵字 "安全"; 文章資訊: 2020-10-03 12:34:00, 萊豬行政命令付委蔣萬安擬先開公聽會再排審202010031234, https://www.cna.com.tw/news/aipl/202010030087.aspx
         >>> 找到關鍵字 "安全"; 文章資訊: 2020-10-03 11:20:00, 陳時中台灣健保別再吃老本沒投資就沒健康202010031120, https://www.cna.com.tw/news/ahel/202010030065.aspx
         >>> 找到關鍵字 "安全"; 文章資訊: 2020-10-03 11:54:00, 陳時中台灣與各國超買疫苗確認安全才施打202010031154, https://www.cna.com.tw/news/ahel/202010030073.aspx
         >>> 找到關鍵字 "安全"; 文章資訊: 2020-10-03 10:55:00, 中秋連假輸運林佳龍接下來2天北上嚴厲考驗202010031055, https://www.cna.com.tw/news/ahel/202010030050.aspx
         >>> 找到關鍵字 "安全"; 文章資訊: 2020-10-03 09:57:00, 美中貿易戰激化供應鏈產業界領袖盼共生創商機202010030957, https://www.cna.com.tw/news/afe/202010030036.aspx
         <<< 2020-10-04 沒有更多 "安全" 相關的新聞 !!! >>>
  ------------------------------------------------------
    >> 搜尋關鍵字:"槽車"; 網址:"https://www.cna.com.tw/search/hysearchws.aspx?q=槽車"
         <<< 2020-10-04 沒有更多 "槽車" 相關的新聞 !!! >>>
       >> 檔案輸出
        ------------------------------------------------------
      >> 下載新聞內容
      >> 下載 https://www.cna.com.tw/news/firstnews/202010030167.aspx, 加利口罩防護效果佳莊人祥檢驗報告漏洞百出202010031746
      >> 下載 https://www.cna.com.tw/news/firstnews/202010035006.aspx, 金曲獎第31屆完整得獎名單202010031649
      >> 下載 https://www.cna.com.tw/news/aipl/202010030149.aspx, 捷克參議員德拉霍斯歐洲應積極發展對台關係202010031643
      >> 下載 https://www.cna.com.tw/news/ahel/202010030185.aspx, 新北登革熱疫情增溫確診病例飆升擴大篩檢對象202010031822
      >> 下載 https://www.cna.com.tw/news/firstnews/202010030166.aspx, 三峽登革熱再添8例群聚疫情擴及38人202010031745
      >> 下載 https://www.cna.com.tw/news/aipl/202010030149.aspx, 捷克參議員德拉霍斯歐洲應積極發展對台關係202010031643
      >> 下載 https://www.cna.com.tw/news/aipl/202010030151.aspx, 捷克重量級議員談訪台聚焦應對老大哥威脅202010031646
      >> 下載 https://www.cna.com.tw/news/ahel/202010030103.aspx, 防堵新北登革熱病媒蚊環保署動員清除積水容器202010031335
      >> 下載 https://www.cna.com.tw/news/asoc/202010030105.aspx, 前航警官涉X光儀弊案二審裁定延長限境8月202010031338
      >> 下載 https://www.cna.com.tw/news/asoc/202010030193.aspx, 不肖業者連假期間偷倒廢棄物高市府通報檢警查辦202010031904
      >> 下載 https://www.cna.com.tw/news/ahel/202010030078.aspx, 受傷黑熊恢復穩定設陷阱農民及時通報不罰202010031215
      >> 下載 https://www.cna.com.tw/news/aipl/202010030087.aspx, 萊豬行政命令付委蔣萬安擬先開公聽會再排審202010031234
      >> 下載 https://www.cna.com.tw/news/firstnews/202010030018.aspx, 武漢肺炎全球最新情報103202010030731
      >> 下載 https://www.cna.com.tw/news/ahel/202010030188.aspx, 斜槓警察文創聯展登場盼以作品拉近與民眾距離202010031846
      >> 下載 https://www.cna.com.tw/news/ahel/202010030148.aspx, 森林遊樂區半價入園中秋連假阿里山最夯202010031641
      >> 下載 https://www.cna.com.tw/news/ahel/202010030188.aspx, 斜槓警察文創聯展登場盼以作品拉近與民眾距離202010031846
      >> 下載 https://www.cna.com.tw/news/afe/202010030134.aspx, 央行調節成匯市新常態專家點出背後關鍵202010031550
      >> 下載 https://www.cna.com.tw/news/asoc/202010030024.aspx, 酒吧拆夥不合街頭暗夜爆鬥毆高警速逮6人202010030830
      >> 下載 https://www.cna.com.tw/news/asoc/202010030193.aspx, 不肖業者連假期間偷倒廢棄物高市府通報檢警查辦202010031904
      >> 下載 https://www.cna.com.tw/news/ahel/202010030021.aspx, 各地天氣穩定中南部山區留意午後雨202010030806
      >> 下載 https://www.cna.com.tw/news/asoc/202010030241.aspx, 高市小港聯結車與機車事故騎士送醫不治202010032250
      >> 下載 https://www.cna.com.tw/news/firstnews/202010030232.aspx, 川普住進軍醫院總統病房獨立一區配有特殊設備202010032159
      >> 下載 https://www.cna.com.tw/news/firstnews/202010035008.aspx, 金曲獎紅毯群星閃耀魏如萱帥氣搶鏡利得彙美背吸睛圖輯202010031757
      >> 下載 https://www.cna.com.tw/news/aipl/202010030199.aspx, 政院台美經濟對話工作請各部會做好準備202010031937
      >> 下載 https://www.cna.com.tw/news/firstnews/202010035005.aspx, 川普確診武漢肺炎各界反應一次看202010031341
      >> 下載 https://www.cna.com.tw/news/aopl/202010030186.aspx, 亞美尼亞將與俄美法合作就爭議區停火協商202010031829
      >> 下載 https://www.cna.com.tw/news/aopl/202010030183.aspx, 世衛執委會5日特別會議譚德塞報告疫情應對202010031822
      >> 下載 https://www.cna.com.tw/news/aipl/202010030149.aspx, 捷克參議員德拉霍斯歐洲應積極發展對台關係202010031643
      >> 下載 https://www.cna.com.tw/news/aipl/202010030151.aspx, 捷克重量級議員談訪台聚焦應對老大哥威脅202010031646
      >> 下載 https://www.cna.com.tw/news/firstnews/202010035004.aspx, 09271003一週大事202010031310
      >> 下載 https://www.cna.com.tw/news/acn/202010030146.aspx, 十一旅客不如預期港府將推振興措施刺激消費202010031634
      >> 下載 https://www.cna.com.tw/news/ahel/202010030141.aspx, 防疫開支增醫護辛勞醫界盼加強紓困補償202010031623
      >> 下載 https://www.cna.com.tw/news/aopl/202010030075.aspx, 川普曾嘲防疫乖乖牌拜登守本分比當硬漢重要202010031208
      >> 下載 https://www.cna.com.tw/news/ahel/202010030135.aspx, 解決剩食幫助弱勢綠委推食物銀行法制化202010031557
      >> 下載 https://www.cna.com.tw/news/aopl/202010030120.aspx, 拜登撤下負面廣告川普陣營不領情也未跟進202010031452
      >> 下載 https://www.cna.com.tw/news/ahel/202010030096.aspx, 150天完成300浪浪遷徙王文評盼打造共生園區202010031301
      >> 下載 https://www.cna.com.tw/news/aopl/202010030110.aspx, 印度賤民女子遭輪暴案引發示威潮警方涉嫌包庇202010031411
      >> 下載 https://www.cna.com.tw/news/aopl/202010030081.aspx, 阿根廷疫情嚴峻僑胞捐台灣國家隊口罩助抗疫202010031219
      >> 下載 https://www.cna.com.tw/news/ahel/202010030109.aspx, 鑽石公主號事件陳時中看見防疫關鍵是隔離202010031411
      >> 下載 https://www.cna.com.tw/news/asoc/202010030105.aspx, 前航警官涉X光儀弊案二審裁定延長限境8月202010031338
      >> 下載 https://www.cna.com.tw/news/asoc/202010030079.aspx, 陸男生活苦擬來台打工泅渡金門遭逮送辦202010031216
      >> 下載 https://www.cna.com.tw/news/ahel/202010030078.aspx, 受傷黑熊恢復穩定設陷阱農民及時通報不罰202010031215
      >> 下載 https://www.cna.com.tw/news/aipl/202010030087.aspx, 萊豬行政命令付委蔣萬安擬先開公聽會再排審202010031234
      >> 下載 https://www.cna.com.tw/news/ahel/202010030065.aspx, 陳時中台灣健保別再吃老本沒投資就沒健康202010031120
      >> 下載 https://www.cna.com.tw/news/ahel/202010030073.aspx, 陳時中台灣與各國超買疫苗確認安全才施打202010031154
      >> 下載 https://www.cna.com.tw/news/ahel/202010030050.aspx, 中秋連假輸運林佳龍接下來2天北上嚴厲考驗202010031055
      >> 下載 https://www.cna.com.tw/news/afe/202010030036.aspx, 美中貿易戰激化供應鏈產業界領袖盼共生創商機202010030957
