     -----> 新聞爬蟲：聯合新聞網

           <<< 聯合新聞網新聞搜尋 >>>
        ------------------------------------------------------
        ------------------------------------------------------
       >> 搜尋關鍵字:"工業用"; 網址:"https://udn.com/search/word/2/工業用"
         >>> 找到關鍵字 "工業用"; 文章資訊: 2020-10-07 01:39:29, 友達彭浪談急單客戶電話非常多, https://udn.com/news/story/7240/4915652
         >>> 找到關鍵字 "工業用"; 文章資訊: 2020-10-07 00:31:45, 順德康舒認購放閃, https://udn.com/news/story/7255/4915105
         >>> 找到關鍵字 "工業用"; 文章資訊: 2020-10-06 10:40:10, 地球公民基金會前瞻第三期沒有減碳之效還助長排碳, https://udn.com/news/story/7266/4913458
         <<< 2020-10-07 沒有更多 "工業用" 相關的新聞 !!! >>>
        ------------------------------------------------------
       >> 搜尋關鍵字:"化工"; 網址:"https://udn.com/search/word/2/化工"
         >>> 找到關鍵字 "化工"; 文章資訊: 2020-10-07 01:52:00, 上銀9月營收年增46, https://udn.com/news/story/7252/4915543
         >>> 找到關鍵字 "化工"; 文章資訊: 2020-10-06 18:57:07, 氣立9月營收134億年增32優於公司預期, https://udn.com/news/story/7253/4914995
         >>> 找到關鍵字 "化工"; 文章資訊: 2020-10-06 11:44:58, NVIDIA針對工作站使用需求虛擬化應用推出兩款專業繪圖卡, https://udn.com/news/story/7087/4913096
         >>> 找到關鍵字 "化工"; 文章資訊: 2020-10-06 11:03:54, 台科大打造智能化工廠半導體製程廢棄物再利用, https://udn.com/news/story/6929/4913513
         >>> 找到關鍵字 "化工"; 文章資訊: 2020-10-06 09:16:54, 遠距辦公如何打造高績效, https://udn.com/news/story/6868/4913273
         <<< 2020-10-07 沒有更多 "化工" 相關的新聞 !!! >>>
        ------------------------------------------------------
       >> 搜尋關鍵字:"化災"; 網址:"https://udn.com/search/word/2/化災"
         <<< 2020-10-07 沒有更多 "化災" 相關的新聞 !!! >>>
        ------------------------------------------------------
       >> 搜尋關鍵字:"化學"; 網址:"https://udn.com/search/word/2/化學"
         >>> 找到關鍵字 "化學"; 文章資訊: 2020-10-07 01:21:17, 勞力士雄才偉略大獎推動地球持續轉動, https://udn.com/news/story/7270/4915947
         >>> 找到關鍵字 "化學"; 文章資訊: 2020-10-07 00:31:44, 中興電夠利押長天期, https://udn.com/news/story/7255/4915110
         >>> 找到關鍵字 "化學"; 文章資訊: 2020-10-07 00:02:55, 校園會客室植病系新鮮人插秧和機器一樣快, https://udn.com/news/story/6928/4915845
         >>> 找到關鍵字 "化學"; 文章資訊: 2020-10-06 19:16:22, 俄遠東海洋疑火箭燃料外洩大量動物陳屍海灘, https://udn.com/news/story/120883/4914640
         >>> 找到關鍵字 "化學"; 文章資訊: 2020-10-06 18:39:06, NBA熱火良好化學效應美媒稱巴特勒大臉咖啡是功臣, https://udn.com/news/story/7002/4914960
         >>> 找到關鍵字 "化學"; 文章資訊: 2020-10-06 17:39:22, 調查局贈印太7國奈米毒品快篩試劑共打犯罪, https://udn.com/news/story/7314/4914794
         >>> 找到關鍵字 "化學"; 文章資訊: 2020-10-06 17:06:00, 主動脈剝離主動脈破裂主動脈瘤不一樣完整解析三者區別, https://health.udn.com/health/story/5977/4907546
         >>> 找到關鍵字 "化學"; 文章資訊: 2020-10-06 16:33:09, 新北教育局推數位閱讀專業閱推教師增3倍, https://udn.com/news/story/6885/4914641
         >>> 找到關鍵字 "化學"; 文章資訊: 2020-10-06 16:25:39, 土博士之死下文科悲歌博士畢業打零工7年月入11萬吃剩食度日, https://udn.com/news/story/120884/4914346
         >>> 找到關鍵字 "化學"; 文章資訊: 2020-10-06 15:49:34, 凝縮百年傳統工藝蒸籠木竹編製師, https://udn.com/news/story/6961/4914423
         >>> 找到關鍵字 "化學"; 文章資訊: 2020-10-06 15:14:11, 台首大觀光系深入桃園原民部落體驗泰雅族與桂竹產業, https://udn.com/news/story/6928/4914381
         >>> 找到關鍵字 "化學"; 文章資訊: 2020-10-06 11:46:00, 一支牙膏歐萊德代表台獲2020GoodDesignBest100, https://udn.com/news/story/7270/4911763
         >>> 找到關鍵字 "化學"; 文章資訊: 2020-10-06 11:03:54, 台科大打造智能化工廠半導體製程廢棄物再利用, https://udn.com/news/story/6929/4913513
         >>> 找到關鍵字 "化學"; 文章資訊: 2020-10-06 07:00:00, 輕忽歐林尼克不包夾巴特勒湖人怎能不輸球, https://udn.com/news/story/7002/4912232
         <<< 2020-10-07 沒有更多 "化學" 相關的新聞 !!! >>>
        ------------------------------------------------------
       >> 搜尋關鍵字:"外洩"; 網址:"https://udn.com/search/word/2/外洩"
         >>> 找到關鍵字 "外洩"; 文章資訊: 2020-10-07 06:00:00, 俄遠東海洋疑火箭燃料外洩大量動物陳屍海灘, https://udn.com/news/story/6809/4916044
         >>> 找到關鍵字 "外洩"; 文章資訊: 2020-10-06 19:16:22, 俄遠東海洋疑火箭燃料外洩大量動物陳屍海灘, https://udn.com/news/story/120883/4914640
         >>> 找到關鍵字 "外洩"; 文章資訊: 2020-10-06 17:53:07, 汐止中興路瓦斯外漏警消封鎖現場佈水線, https://udn.com/news/story/7315/4914848
         >>> 找到關鍵字 "外洩"; 文章資訊: 2020-10-06 16:35:42, 解惑QA數位身分證跟傳統身分證有什麼不同可以不換嗎, https://udn.com/news/story/7314/4914229
         >>> 找到關鍵字 "外洩"; 文章資訊: 2020-10-06 16:30:40, 免費的最貴Netflix紀錄片指控使人成癮臉書駁斥有理, https://udn.com/news/story/7088/4914629
         >>> 找到關鍵字 "外洩"; 文章資訊: 2020-10-06 15:20:13, 爆老董隔離外出吹哨者疑遭炒康軒公關涉外洩高度機密, https://udn.com/news/story/120940/4914396
         <<< 2020-10-07 沒有更多 "外洩" 相關的新聞 !!! >>>
        ------------------------------------------------------
       >> 搜尋關鍵字:"危害"; 網址:"https://udn.com/search/word/2/危害"
         >>> 找到關鍵字 "危害"; 文章資訊: 2020-10-07 07:12:07, 華郵幾天內川普周邊染疫人數比全台灣新增病例還多, https://udn.com/news/story/6656/4916071
         >>> 找到關鍵字 "危害"; 文章資訊: 2020-10-07 01:13:49, 客廳磨刀砍妻房門恐怖人夫求刑1年, https://udn.com/news/story/7321/4915922
         >>> 找到關鍵字 "危害"; 文章資訊: 2020-10-07 00:44:47, 硬要出院汙染空氣川普說不定我已免疫, https://udn.com/news/story/121707/4915906
         >>> 找到關鍵字 "危害"; 文章資訊: 2020-10-06 23:12:07, 水源爭議未決衣索比亞禁航班飛越大壩上空, https://udn.com/news/story/6812/4915636
         >>> 找到關鍵字 "危害"; 文章資訊: 2020-10-06 21:55:05, 日本擬增加捕撈黑鮪魚配額多國有意見, https://udn.com/news/story/6812/4915249
         >>> 找到關鍵字 "危害"; 文章資訊: 2020-10-06 19:28:07, 亞洲首創桃市消防局辦事故安全官訓練, https://udn.com/news/story/7324/4915042
         >>> 找到關鍵字 "危害"; 文章資訊: 2020-10-06 18:38:04, 立委憂中國科技產品危害台灣資安蘇貞昌汰換處理, https://udn.com/news/story/6656/4914933
         >>> 找到關鍵字 "危害"; 文章資訊: 2020-10-06 15:54:07, 孤獨是強壯瑞典人享受一個人的美好, https://udn.com/news/story/6843/4914217
         >>> 找到關鍵字 "危害"; 文章資訊: 2020-10-06 15:14:13, 全國首例彰化拚明年汙染農地全解列媒合種電, https://udn.com/news/story/7325/4914379
         >>> 找到關鍵字 "危害"; 文章資訊: 2020-10-06 14:22:52, 港人來台再緊縮她任職陸資企業申請退休定居遭駁回, https://udn.com/news/story/120986/4913931
         >>> 找到關鍵字 "危害"; 文章資訊: 2020-10-06 14:00:06, 重磅快評1450危害遠甚於掛羊頭賣狗肉, https://udn.com/news/story/11091/4914086
         >>> 找到關鍵字 "危害"; 文章資訊: 2020-10-06 13:56:08, 臉書揭捍衛台灣選舉公正報告減8成不實內容觸及, https://udn.com/news/story/6656/4914072
         >>> 找到關鍵字 "危害"; 文章資訊: 2020-10-06 12:35:07, 台廠發表新型移動消毒機器人主打功能強大搶防疫商機, https://udn.com/news/story/7241/4913834
         >>> 找到關鍵字 "危害"; 文章資訊: 2020-10-06 12:25:08, 樹木害蟲基因解密林試所研究登上國際期刊, https://udn.com/news/story/7266/4913808
         >>> 找到關鍵字 "危害"; 文章資訊: 2020-10-06 12:23:07, 腦傷男幫助詐欺獲判免刑法院他需要治療非刑罰, https://udn.com/news/story/7321/4913799
         >>> 找到關鍵字 "危害"; 文章資訊: 2020-10-06 12:10:12, 好感動捕獸夾害夜鷺截肢好心小姐救牠還要養牠, https://udn.com/news/story/7325/4913753
         >>> 找到關鍵字 "危害"; 文章資訊: 2020-10-06 11:46:00, 一支牙膏歐萊德代表台獲2020GoodDesignBest100, https://udn.com/news/story/7270/4911763
         >>> 找到關鍵字 "危害"; 文章資訊: 2020-10-06 11:20:08, 客廳磨刀猛砍妻子門檢方起訴恐怖人夫求刑1年, https://udn.com/news/story/7321/4913566
         >>> 找到關鍵字 "危害"; 文章資訊: 2020-10-06 11:12:04, 美豬健康風險評估根本未完成醫師批衛福部做半套, https://udn.com/news/story/9750/4913546
         >>> 找到關鍵字 "危害"; 文章資訊: 2020-10-06 10:27:07, 衛福部發布食品中微生物衛生標準明年7月起實施, https://udn.com/news/story/7266/4913428
        ------------------------------------------------------
       >> 搜尋關鍵字:"有毒"; 網址:"https://udn.com/search/word/2/有毒"
         >>> 找到關鍵字 "有毒"; 文章資訊: 2020-10-06 19:16:22, 俄遠東海洋疑火箭燃料外洩大量動物陳屍海灘, https://udn.com/news/story/120883/4914640
         <<< 2020-10-07 沒有更多 "有毒" 相關的新聞 !!! >>>
        ------------------------------------------------------
       >> 搜尋關鍵字:"有害"; 網址:"https://udn.com/search/word/2/有害"
         >>> 找到關鍵字 "有害"; 文章資訊: 2020-10-06 13:00:15, 中秋後這群小學生撿了２萬多支菸蒂, https://udn.com/news/story/7325/4913897
         >>> 找到關鍵字 "有害"; 文章資訊: 2020-10-06 11:46:06, 豐田和Hino將為北美市場開發氫燃料電池聯結車, https://udn.com/news/story/6811/4913668
         >>> 找到關鍵字 "有害"; 文章資訊: 2020-10-06 09:59:05, 川普推文別怕新冠病毒CNN批不負責任, https://udn.com/news/story/121707/4913349
         >>> 找到關鍵字 "有害"; 文章資訊: 2020-10-06 09:08:44, 川普服地塞米松抗疫專家警告有神經精神方面的副作用, https://udn.com/news/story/121707/4913281
         <<< 2020-10-07 沒有更多 "有害" 相關的新聞 !!! >>>
        ------------------------------------------------------
       >> 搜尋關鍵字:"色料"; 網址:"https://udn.com/search/word/2/色料"
         <<< 2020-10-07 沒有更多 "色料" 相關的新聞 !!! >>>
        ------------------------------------------------------
       >> 搜尋關鍵字:"色素"; 網址:"https://udn.com/search/word/2/色素"
         >>> 找到關鍵字 "色素"; 文章資訊: 2020-10-06 17:59:08, 超持色又顯白香奈兒超炫耀釉光唇萃20色全新上市, https://udn.com/news/story/7270/4914873
         >>> 找到關鍵字 "色素"; 文章資訊: 2020-10-06 17:57:02, 超持色又顯白香奈兒超炫耀釉光唇萃20色全新上市, https://style.udn.com/style/story/8080/4914873
         >>> 找到關鍵字 "色素"; 文章資訊: 2020-10-06 10:43:22, 王正旭精準醫療的益處與困境, https://health.udn.com/health/story/6016/4913465
         <<< 2020-10-07 沒有更多 "色素" 相關的新聞 !!! >>>
        ------------------------------------------------------
       >> 搜尋關鍵字:"毒性"; 網址:"https://udn.com/search/word/2/毒性"
         >>> 找到關鍵字 "毒性"; 文章資訊: 2020-10-06 18:10:00, 醫師批美豬健康風險評估做半套食藥署長該做都做了, https://health.udn.com/health/story/6010/4914591
         >>> 找到關鍵字 "毒性"; 文章資訊: 2020-10-06 16:19:09, 醫師批美豬健康風險評估做半套食藥署長該做都做了, https://udn.com/news/story/9750/4914591
         >>> 找到關鍵字 "毒性"; 文章資訊: 2020-10-06 15:57:00, 她突然不會說話了竟是罕見又致命腦炎作祟, https://health.udn.com/health/story/5965/4914068
         >>> 找到關鍵字 "毒性"; 文章資訊: 2020-10-06 13:53:09, 她突然不會說話了竟是罕見又致命腦炎作祟, https://udn.com/news/story/7266/4914068
         >>> 找到關鍵字 "毒性"; 文章資訊: 2020-10-06 12:32:30, 萊豬未評估風險民團籲綠委勿放水, https://udn.com/news/story/9750/4913822
         >>> 找到關鍵字 "毒性"; 文章資訊: 2020-10-06 11:12:04, 美豬健康風險評估根本未完成醫師批衛福部做半套, https://udn.com/news/story/9750/4913546
         <<< 2020-10-07 沒有更多 "毒性" 相關的新聞 !!! >>>
        ------------------------------------------------------
       >> 搜尋關鍵字:"毒品"; 網址:"https://udn.com/search/word/2/毒品"
         >>> 找到關鍵字 "毒品"; 文章資訊: 2020-10-07 01:00:22, 戀童癖毒蟲獵10童裸體直播, https://udn.com/news/story/7317/4915924
         >>> 找到關鍵字 "毒品"; 文章資訊: 2020-10-06 23:13:40, 民眾福音C肝擴大篩檢到79歲, https://udn.com/news/story/7266/4915403
         >>> 找到關鍵字 "毒品"; 文章資訊: 2020-10-06 17:39:22, 調查局贈印太7國奈米毒品快篩試劑共打犯罪, https://udn.com/news/story/7314/4914794
         >>> 找到關鍵字 "毒品"; 文章資訊: 2020-10-06 16:50:08, 影磨尖筷子挾持2收容人企圖越獄4名管理員博鬥受傷, https://udn.com/news/story/7321/4914681
         >>> 找到關鍵字 "毒品"; 文章資訊: 2020-10-06 11:04:07, 誘騙威脅10名男女童裸體直播南檢起訴戀童癖毒蟲, https://udn.com/news/story/7321/4913534
         <<< 2020-10-07 沒有更多 "毒品" 相關的新聞 !!! >>>
        ------------------------------------------------------
       >> 搜尋關鍵字:"致癌"; 網址:"https://udn.com/search/word/2/致癌"
         >>> 找到關鍵字 "致癌"; 文章資訊: 2020-10-06 16:31:03, 張文震從臨床端看進入精準醫療的挑戰與解方, https://health.udn.com/health/story/6016/4914637
         <<< 2020-10-07 沒有更多 "致癌" 相關的新聞 !!! >>>
        ------------------------------------------------------
       >> 搜尋關鍵字:"重金屬"; 網址:"https://udn.com/search/word/2/重金屬"
         >>> 找到關鍵字 "重金屬"; 文章資訊: 2020-10-06 15:14:13, 全國首例彰化拚明年汙染農地全解列媒合種電, https://udn.com/news/story/7325/4914379
         <<< 2020-10-07 沒有更多 "重金屬" 相關的新聞 !!! >>>
        ------------------------------------------------------
       >> 搜尋關鍵字:"食安"; 網址:"https://udn.com/search/word/2/食安"
         >>> 找到關鍵字 "食安"; 文章資訊: 2020-10-07 01:39:29, 友達彭浪談急單客戶電話非常多, https://udn.com/news/story/7240/4915652
         >>> 找到關鍵字 "食安"; 文章資訊: 2020-10-07 01:29:23, 元旦上路台灣豬標章使用憑良心, https://udn.com/news/story/9750/4915970
         >>> 找到關鍵字 "食安"; 文章資訊: 2020-10-07 00:27:32, 策略經營台灣房屋總裁彭培業愛才育才專業進化, https://udn.com/news/story/7241/4915402
         >>> 找到關鍵字 "食安"; 文章資訊: 2020-10-06 23:12:07, 水源爭議未決衣索比亞禁航班飛越大壩上空, https://udn.com/news/story/6812/4915636
         >>> 找到關鍵字 "食安"; 文章資訊: 2020-10-06 22:52:44, 溝通靠小編我們與公共政策的距離, https://udn.com/news/story/7339/4915593
         >>> 找到關鍵字 "食安"; 文章資訊: 2020-10-06 20:53:05, 澳洲撥68億元推動抗疫外交澳媒抗衡中國拉攏各國, https://udn.com/news/story/120944/4915126
         >>> 找到關鍵字 "食安"; 文章資訊: 2020-10-06 18:21:00, 影台中12外籍生檢疫腹瀉發燒2採陰全數排除染疫, https://health.udn.com/health/story/120950/4914759
         >>> 找到關鍵字 "食安"; 文章資訊: 2020-10-06 17:52:00, 綠底金豬台灣豬標章明年上路標示不實最高罰400萬, https://health.udn.com/health/story/6010/4914613
         >>> 找到關鍵字 "食安"; 文章資訊: 2020-10-06 17:16:04, 影台中12外籍生檢疫腹瀉發燒2採陰全數排除染疫, https://udn.com/news/story/120940/4914759
         >>> 找到關鍵字 "食安"; 文章資訊: 2020-10-06 16:57:04, 遭指食品安全打假球綠委藍提案誤導社會認知, https://udn.com/news/story/9750/4914676
         >>> 找到關鍵字 "食安"; 文章資訊: 2020-10-06 16:44:04, 重磅快評陳時中敷衍蔣萬安衛福部在菜單中藏魔鬼, https://udn.com/news/story/6656/4914666
         >>> 找到關鍵字 "食安"; 文章資訊: 2020-10-06 16:40:00, 台中12名印尼外籍生發燒腹瀉仍住院2人二採陰性, https://health.udn.com/health/story/120950/4914473
         >>> 找到關鍵字 "食安"; 文章資訊: 2020-10-06 16:23:13, 綠底金豬台灣豬標章明年上路標示不實最高罰400萬, https://udn.com/news/story/7266/4914613
         >>> 找到關鍵字 "食安"; 文章資訊: 2020-10-06 16:15:04, 挺羅智強李貴敏批陳菊率領監院把東廠精神淋漓盡致, https://udn.com/news/story/6656/4914576
         >>> 找到關鍵字 "食安"; 文章資訊: 2020-10-06 12:47:24, 議員提案推動拒萊豬標章北市府將研議修法訂罰則, https://udn.com/news/story/7323/4913880
         >>> 找到關鍵字 "食安"; 文章資訊: 2020-10-06 12:32:30, 萊豬未評估風險民團籲綠委勿放水, https://udn.com/news/story/9750/4913822
         >>> 找到關鍵字 "食安"; 文章資訊: 2020-10-06 12:18:44, 曾經是標配啊火鍋店為何很少附雞蛋了過來人曝關鍵原因, https://udn.com/news/story/7193/4913439
         >>> 找到關鍵字 "食安"; 文章資訊: 2020-10-06 10:55:04, 綠委封殺校園禁瘦肉精修法提案藍批忍心餵食下一代, https://udn.com/news/story/9750/4913494
         >>> 找到關鍵字 "食安"; 文章資訊: 2020-10-06 10:52:11, 台中檢疫所12人疑食物中毒衛局加強稽查把關食安, https://udn.com/news/story/7325/4913487
         >>> 找到關鍵字 "食安"; 文章資訊: 2020-10-06 10:47:03, 砰民進黨罔顧學童健康國民黨文傳會點名綠委, https://udn.com/news/story/9750/4913473
        ------------------------------------------------------
       >> 搜尋關鍵字:"香料"; 網址:"https://udn.com/search/word/2/香料"
         >>> 找到關鍵字 "香料"; 文章資訊: 2020-10-07 01:01:27, 從橡木桶改為陶罐葡萄酒界的復古釀造, https://udn.com/news/story/7270/4915907
         >>> 找到關鍵字 "香料"; 文章資訊: 2020-10-06 14:18:10, 泥煤哥出招首發12年常態酒款, https://udn.com/news/story/7187/4914138
         >>> 找到關鍵字 "香料"; 文章資訊: 2020-10-06 14:18:10, 泥煤哥出招首發12年常態酒款, https://udn.com/news/story/7270/4914138
         >>> 找到關鍵字 "香料"; 文章資訊: 2020-10-06 14:17:02, 泥煤哥出招首發12年常態酒款, https://style.udn.com/style/story/11350/4914138
         >>> 找到關鍵字 "香料"; 文章資訊: 2020-10-06 13:26:09, 抓鬼囉血之沙拉木乃伊蛋糕這些驚悚的鬼甜點你敢吃下肚嗎, https://udn.com/news/story/7186/4913991
         >>> 找到關鍵字 "香料"; 文章資訊: 2020-10-06 13:26:09, 抓鬼囉這些驚悚的鬼甜點你敢吃下肚嗎, https://udn.com/news/story/7270/4913991
         >>> 找到關鍵字 "香料"; 文章資訊: 2020-10-06 13:25:03, 抓鬼囉這些驚悚的鬼甜點你敢吃下肚嗎, https://style.udn.com/style/story/11350/4913991
         >>> 找到關鍵字 "香料"; 文章資訊: 2020-10-06 10:07:20, 日本吃中藥長大的豬愛上長野農畜產品, https://udn.com/umedia/story/12772/4913379
         >>> 找到關鍵字 "香料"; 文章資訊: 2020-10-06 10:07:19, 台北南港老爺行旅SOFTKITCHEN秋日新菜單, https://udn.com/umedia/story/12751/4913378
         <<< 2020-10-07 沒有更多 "香料" 相關的新聞 !!! >>>
        ------------------------------------------------------
       >> 搜尋關鍵字:"原料"; 網址:"https://udn.com/search/word/2/原料"
         >>> 找到關鍵字 "原料"; 文章資訊: 2020-10-07 01:39:29, 友達彭浪談急單客戶電話非常多, https://udn.com/news/story/7240/4915652
         >>> 找到關鍵字 "原料"; 文章資訊: 2020-10-07 01:21:17, 勞力士雄才偉略大獎推動地球持續轉動, https://udn.com/news/story/7270/4915947
         >>> 找到關鍵字 "原料"; 文章資訊: 2020-10-07 01:01:27, 從橡木桶改為陶罐葡萄酒界的復古釀造, https://udn.com/news/story/7270/4915907
         >>> 找到關鍵字 "原料"; 文章資訊: 2020-10-07 00:32:06, 路透未來一年美元仍看貶, https://udn.com/news/story/6811/4915739
         >>> 找到關鍵字 "原料"; 文章資訊: 2020-10-07 00:31:44, 中鋼台塑化四檔搶鏡, https://udn.com/news/story/7255/4915109
         >>> 找到關鍵字 "原料"; 文章資訊: 2020-10-06 16:51:00, 老打噴嚏鼻炎感冒傻傻分不清膳食調養助調養, https://health.udn.com/health/story/5969/4914524
         >>> 找到關鍵字 "原料"; 文章資訊: 2020-10-06 15:57:18, 讓全網心碎的新手人妻石原聰美33歲肌膚超無瑕靠4招養膚術美成日妞最想變成的面孔, https://style.udn.com/style/story/8079/4914699
         >>> 找到關鍵字 "原料"; 文章資訊: 2020-10-06 15:49:34, 凝縮百年傳統工藝蒸籠木竹編製師, https://udn.com/news/story/6961/4914423
         >>> 找到關鍵字 "原料"; 文章資訊: 2020-10-06 15:27:05, 金融時報政治推著走的大脫鉤部分業者觀望等候美大選結果, https://udn.com/news/story/121687/4914426
         >>> 找到關鍵字 "原料"; 文章資訊: 2020-10-06 15:14:11, 台首大觀光系深入桃園原民部落體驗泰雅族與桂竹產業, https://udn.com/news/story/6928/4914381
         >>> 找到關鍵字 "原料"; 文章資訊: 2020-10-06 14:06:10, 盼口罩成循環經濟曾文生材質單純是學問, https://udn.com/news/story/7266/4914074
         >>> 找到關鍵字 "原料"; 文章資訊: 2020-10-06 12:47:24, 議員提案推動拒萊豬標章北市府將研議修法訂罰則, https://udn.com/news/story/7323/4913880
         >>> 找到關鍵字 "原料"; 文章資訊: 2020-10-06 12:41:32, 國際原料漲跌互見豐興鋼鐵開平盤, https://udn.com/news/story/7241/4913842
         >>> 找到關鍵字 "原料"; 文章資訊: 2020-10-06 11:46:00, 一支牙膏歐萊德代表台獲2020GoodDesignBest100, https://udn.com/news/story/7270/4911763
         <<< 2020-10-07 沒有更多 "原料" 相關的新聞 !!! >>>
        ------------------------------------------------------
       >> 搜尋關鍵字:"氣爆"; 網址:"https://udn.com/search/word/2/氣爆"
         >>> 找到關鍵字 "氣爆"; 文章資訊: 2020-10-06 11:25:03, 台中房地產買氣爆棚有隱憂房市交易平台月報示警, https://house.udn.com/house/story/5889/4913597
         <<< 2020-10-07 沒有更多 "氣爆" 相關的新聞 !!! >>>
        ------------------------------------------------------
       >> 搜尋關鍵字:"添加物"; 網址:"https://udn.com/search/word/2/添加物"
         >>> 找到關鍵字 "添加物"; 文章資訊: 2020-10-07 01:01:27, 從橡木桶改為陶罐葡萄酒界的復古釀造, https://udn.com/news/story/7270/4915907
         <<< 2020-10-07 沒有更多 "添加物" 相關的新聞 !!! >>>
        ------------------------------------------------------
       >> 搜尋關鍵字:"黑心"; 網址:"https://udn.com/search/word/2/黑心"
         >>> 找到關鍵字 "黑心"; 文章資訊: 2020-10-07 00:07:59, 聯合報社論染疫當成個人秀川普豈在乎廿萬逝者, https://udn.com/news/story/7338/4915851
         <<< 2020-10-07 沒有更多 "黑心" 相關的新聞 !!! >>>
        ------------------------------------------------------
       >> 搜尋關鍵字:"漂白"; 網址:"https://udn.com/search/word/2/漂白"
         >>> 找到關鍵字 "漂白"; 文章資訊: 2020-10-06 15:49:34, 凝縮百年傳統工藝蒸籠木竹編製師, https://udn.com/news/story/6961/4914423
         <<< 2020-10-07 沒有更多 "漂白" 相關的新聞 !!! >>>
        ------------------------------------------------------
       >> 搜尋關鍵字:"爆炸"; 網址:"https://udn.com/search/word/2/爆炸"
         >>> 找到關鍵字 "爆炸"; 文章資訊: 2020-10-07 07:00:00, 移工政策部會各唱各的調勞動部陷逼一步走一步窘境, https://udn.com/news/story/120888/4914520
         >>> 找到關鍵字 "爆炸"; 文章資訊: 2020-10-06 23:13:41, 試放煙火火燒甘蔗林業者開罰, https://udn.com/news/story/7326/4915419
         >>> 找到關鍵字 "爆炸"; 文章資訊: 2020-10-06 22:43:10, 疫情打擊經濟四成阿拉伯年輕人考慮移民, https://udn.com/news/story/6809/4915566
         >>> 找到關鍵字 "爆炸"; 文章資訊: 2020-10-06 20:40:47, 全球百大綠色旅遊地日月潭東北角雙上榜, https://udn.com/news/story/7266/4915203
         >>> 找到關鍵字 "爆炸"; 文章資訊: 2020-10-06 16:13:08, 阿聯酋航空集結全球愛心運送160噸救援物資至貝魯特, https://udn.com/news/story/7241/4914569
         >>> 找到關鍵字 "爆炸"; 文章資訊: 2020-10-06 15:10:54, 跟著劉軒在自處與別人相處之間找回自在, https://udn.com/news/story/12683/4913497
         >>> 找到關鍵字 "爆炸"; 文章資訊: 2020-10-06 14:45:00, 熱火絕處逢生巴特勒從縫隙中扳開的勝利之光, https://udn.com/news/story/7002/4914062
         >>> 找到關鍵字 "爆炸"; 文章資訊: 2020-10-06 13:57:37, 塔羅透視你在愛情裡的致命缺點, https://udn.com/news/story/7268/4897473
         >>> 找到關鍵字 "爆炸"; 文章資訊: 2020-10-06 12:17:10, 對馬戰鬼多人合作奇譚模式10月中上線還有新遊戲喔, https://game.udn.com/game/story/10453/4913782
         >>> 找到關鍵字 "爆炸"; 文章資訊: 2020-10-06 09:11:53, 鄭秀妍JessicaJungShine揭露練習生之間的明爭暗算, https://udn.com/news/story/12674/4911484
         <<< 2020-10-07 沒有更多 "爆炸" 相關的新聞 !!! >>>
        ------------------------------------------------------
       >> 搜尋關鍵字:"新興"; 網址:"https://udn.com/search/word/2/新興"
         >>> 找到關鍵字 "新興"; 文章資訊: 2020-10-07 00:55:42, 老農酒駕吊照又酒駕撞死退休師, https://udn.com/news/story/7315/4915954
         >>> 找到關鍵字 "新興"; 文章資訊: 2020-10-07 00:37:53, 投信ESG企業債抗震利器, https://udn.com/news/story/121591/4915163
         >>> 找到關鍵字 "新興"; 文章資訊: 2020-10-07 00:37:51, 印度股反彈空間大, https://udn.com/news/story/121591/4915433
         >>> 找到關鍵字 "新興"; 文章資訊: 2020-10-07 00:37:49, 投信搶客狂打零手續費, https://udn.com/news/story/121591/4915446
         >>> 找到關鍵字 "新興"; 文章資訊: 2020-10-07 00:37:48, 越股配息值得期待, https://udn.com/news/story/121591/4915457
         >>> 找到關鍵字 "新興"; 文章資訊: 2020-10-07 00:37:46, 新興股市迎資金潮, https://udn.com/news/story/121591/4915345
         >>> 找到關鍵字 "新興"; 文章資訊: 2020-10-07 00:32:06, 路透未來一年美元仍看貶, https://udn.com/news/story/6811/4915739
         >>> 找到關鍵字 "新興"; 文章資訊: 2020-10-06 23:29:09, 盛治仁祝美國民主早日康復, https://udn.com/news/story/7340/4915707
         >>> 找到關鍵字 "新興"; 文章資訊: 2020-10-06 22:23:02, 越股配息值得期待, https://fund.udn.com/fund/story/5857/4915457
         >>> 找到關鍵字 "新興"; 文章資訊: 2020-10-06 22:21:19, 投信搶客狂打零手續費, https://fund.udn.com/fund/story/5845/4915446
         >>> 找到關鍵字 "新興"; 文章資訊: 2020-10-06 22:20:02, 印度股反彈空間大, https://fund.udn.com/fund/story/5857/4915433
         >>> 找到關鍵字 "新興"; 文章資訊: 2020-10-06 21:42:03, 新興股市迎資金潮, https://fund.udn.com/fund/story/5857/4915345
         >>> 找到關鍵字 "新興"; 文章資訊: 2020-10-06 21:13:08, 高雄救護車出車禍救護員與傷患受傷送醫, https://udn.com/news/story/7320/4915313
         >>> 找到關鍵字 "新興"; 文章資訊: 2020-10-06 20:17:15, 投信ESG企業債抗震利器, https://fund.udn.com/fund/story/5856/4915163
         >>> 找到關鍵字 "新興"; 文章資訊: 2020-10-06 18:49:08, 後疫情時代資安危機KPMG傳統三防線已無法滿足, https://udn.com/news/story/7240/4914979
         >>> 找到關鍵字 "新興"; 文章資訊: 2020-10-06 17:39:22, 調查局贈印太7國奈米毒品快篩試劑共打犯罪, https://udn.com/news/story/7314/4914794
         >>> 找到關鍵字 "新興"; 文章資訊: 2020-10-06 16:26:07, 7旬老農酒駕遭註銷竟又酒駕撞死退休老師, https://udn.com/news/story/7315/4914624
         >>> 找到關鍵字 "新興"; 文章資訊: 2020-10-06 16:16:22, 讓一切在我們這代結束掀起泰國學運狂潮的青年解放陣線, https://global.udn.com/global_vision/story/8663/4913071
         >>> 找到關鍵字 "新興"; 文章資訊: 2020-10-06 16:13:51, 大盤持續盤整逢低承接科技類股, https://udn.com/news/story/121591/4914572
         >>> 找到關鍵字 "新興"; 文章資訊: 2020-10-06 16:11:31, 大盤持續盤整逢低承接科技類股, https://fund.udn.com/fund/story/5850/4914572
        ------------------------------------------------------
       >> 搜尋關鍵字:"爆裂物"; 網址:"https://udn.com/search/word/2/爆裂物"
         <<< 2020-10-07 沒有更多 "爆裂物" 相關的新聞 !!! >>>
        ------------------------------------------------------
       >> 搜尋關鍵字:"IED"; 網址:"https://udn.com/search/word/2/IED"
         <<< 2020-10-07 沒有更多 "IED" 相關的新聞 !!! >>>
        ------------------------------------------------------
       >> 搜尋關鍵字:"排放"; 網址:"https://udn.com/search/word/2/排放"
         >>> 找到關鍵字 "排放"; 文章資訊: 2020-10-07 01:21:17, 勞力士雄才偉略大獎推動地球持續轉動, https://udn.com/news/story/7270/4915947
         >>> 找到關鍵字 "排放"; 文章資訊: 2020-10-07 00:25:06, 英相強生大推離岸風電, https://udn.com/news/story/6811/4915569
         >>> 找到關鍵字 "排放"; 文章資訊: 2020-10-07 00:00:00, 華銀PGO聯名卡主攻電動車族眾多優惠力挺環保好生活, https://udn.com/news/story/7241/4884484
         >>> 找到關鍵字 "排放"; 文章資訊: 2020-10-06 22:53:42, 治標治本河川垃圾管理新思維, https://udn.com/news/story/7339/4915594
         >>> 找到關鍵字 "排放"; 文章資訊: 2020-10-06 21:21:07, 華南銀行落實綠色採購績效卓著獲行政院環保署表揚, https://udn.com/news/story/7239/4915328
         >>> 找到關鍵字 "排放"; 文章資訊: 2020-10-06 15:45:06, 內在科技有感升級JaguarXF新年式中期改款風雅登場, https://autos.udn.com/autos/story/7826/4914477
         >>> 找到關鍵字 "排放"; 文章資訊: 2020-10-06 15:14:13, 全國首例彰化拚明年汙染農地全解列媒合種電, https://udn.com/news/story/7325/4914379
         >>> 找到關鍵字 "排放"; 文章資訊: 2020-10-06 13:58:10, 蓋汙水廠說明會不通知議員王鴻薇批不公開透明, https://udn.com/news/story/7323/4914078
         >>> 找到關鍵字 "排放"; 文章資訊: 2020-10-06 11:46:06, 豐田和Hino將為北美市場開發氫燃料電池聯結車, https://udn.com/news/story/6811/4913668
         >>> 找到關鍵字 "排放"; 文章資訊: 2020-10-06 11:46:00, 一支牙膏歐萊德代表台獲2020GoodDesignBest100, https://udn.com/news/story/7270/4911763
         >>> 找到關鍵字 "排放"; 文章資訊: 2020-10-06 09:57:24, LVMH把庫存變業績, https://udn.com/news/story/6868/4913293
         <<< 2020-10-07 沒有更多 "排放" 相關的新聞 !!! >>>
        ------------------------------------------------------
       >> 搜尋關鍵字:"污染"; 網址:"https://udn.com/search/word/2/污染"
         >>> 找到關鍵字 "污染"; 文章資訊: 2020-10-07 01:21:17, 勞力士雄才偉略大獎推動地球持續轉動, https://udn.com/news/story/7270/4915947
         >>> 找到關鍵字 "污染"; 文章資訊: 2020-10-07 00:31:44, 中興電夠利押長天期, https://udn.com/news/story/7255/4915110
         >>> 找到關鍵字 "污染"; 文章資訊: 2020-10-06 22:48:50, 汙染農地種電彰5案拚明年解列, https://udn.com/news/story/7325/4915478
         >>> 找到關鍵字 "污染"; 文章資訊: 2020-10-06 19:15:00, 天氣轉涼溫差大易誘發氣喘做好3件事控制氣喘不發作, https://health.udn.com/health/story/5978/4914635
         >>> 找到關鍵字 "污染"; 文章資訊: 2020-10-06 15:14:13, 全國首例彰化拚明年汙染農地全解列媒合種電, https://udn.com/news/story/7325/4914379
         >>> 找到關鍵字 "污染"; 文章資訊: 2020-10-06 14:10:43, 林東燦精準醫療時代的兒童癌症診斷治療, https://health.udn.com/health/story/6016/4914118
         >>> 找到關鍵字 "污染"; 文章資訊: 2020-10-06 14:08:13, 拜會國民黨團陳其邁沒做好會虛心受教, https://udn.com/news/story/7327/4914094
         >>> 找到關鍵字 "污染"; 文章資訊: 2020-10-06 13:58:10, 蓋汙水廠說明會不通知議員王鴻薇批不公開透明, https://udn.com/news/story/7323/4914078
         >>> 找到關鍵字 "污染"; 文章資訊: 2020-10-06 12:35:35, 前瞻缺乏永續投資軌道建設應轉綠能, https://udn.com/news/story/7238/4913817
         >>> 找到關鍵字 "污染"; 文章資訊: 2020-10-06 10:27:07, 衛福部發布食品中微生物衛生標準明年7月起實施, https://udn.com/news/story/7266/4913428
         >>> 找到關鍵字 "污染"; 文章資訊: 2020-10-06 10:27:01, 衛福部發布食品中微生物衛生標準明年7月起實施, https://health.udn.com/health/story/5999/4913428
         <<< 2020-10-07 沒有更多 "污染" 相關的新聞 !!! >>>
        ------------------------------------------------------
       >> 搜尋關鍵字:"廢水"; 網址:"https://udn.com/search/word/2/廢水"
         >>> 找到關鍵字 "廢水"; 文章資訊: 2020-10-06 15:14:13, 全國首例彰化拚明年汙染農地全解列媒合種電, https://udn.com/news/story/7325/4914379
         >>> 找到關鍵字 "廢水"; 文章資訊: 2020-10-06 13:58:10, 蓋汙水廠說明會不通知議員王鴻薇批不公開透明, https://udn.com/news/story/7323/4914078
         <<< 2020-10-07 沒有更多 "廢水" 相關的新聞 !!! >>>
        ------------------------------------------------------
       >> 搜尋關鍵字:"污水"; 網址:"https://udn.com/search/word/2/污水"
         >>> 找到關鍵字 "污水"; 文章資訊: 2020-10-06 13:58:10, 蓋汙水廠說明會不通知議員王鴻薇批不公開透明, https://udn.com/news/story/7323/4914078
         >>> 找到關鍵字 "污水"; 文章資訊: 2020-10-06 13:13:12, 台水第3座水資源環教園區推動生態綠廊互動體驗, https://udn.com/news/story/7326/4913964
         <<< 2020-10-07 沒有更多 "污水" 相關的新聞 !!! >>>
        ------------------------------------------------------
       >> 搜尋關鍵字:"洩漏"; 網址:"https://udn.com/search/word/2/洩漏"
         >>> 找到關鍵字 "洩漏"; 文章資訊: 2020-10-06 17:53:07, 汐止中興路瓦斯外漏警消封鎖現場佈水線, https://udn.com/news/story/7315/4914848
         >>> 找到關鍵字 "洩漏"; 文章資訊: 2020-10-06 11:57:11, 南投縣人口普查展開勤前會議要求落實3不2會, https://udn.com/news/story/7325/4913712
         >>> 找到關鍵字 "洩漏"; 文章資訊: 2020-10-06 08:00:06, 即時短評徐巧芯開啟了洩漏最大國防機密之門, https://udn.com/news/story/11091/4913232
         <<< 2020-10-07 沒有更多 "洩漏" 相關的新聞 !!! >>>
        ------------------------------------------------------
       >> 搜尋關鍵字:"暗管"; 網址:"https://udn.com/search/word/2/暗管"
         <<< 2020-10-07 沒有更多 "暗管" 相關的新聞 !!! >>>
        ------------------------------------------------------
       >> 搜尋關鍵字:"偷排"; 網址:"https://udn.com/search/word/2/偷排"
         >>> 找到關鍵字 "偷排"; 文章資訊: 2020-10-06 13:58:10, 蓋汙水廠說明會不通知議員王鴻薇批不公開透明, https://udn.com/news/story/7323/4914078
         <<< 2020-10-07 沒有更多 "偷排" 相關的新聞 !!! >>>
        ------------------------------------------------------
       >> 搜尋關鍵字:"安全"; 網址:"https://udn.com/search/word/2/安全"
         >>> 找到關鍵字 "安全"; 文章資訊: 2020-10-07 07:10:00, 白宮小員工也成高危職業原因竟然不只川普, https://udn.com/news/story/120883/4915941
         >>> 找到關鍵字 "安全"; 文章資訊: 2020-10-07 06:00:02, 一起來築夢李娉婷STEAMing回歸在地人文關懷不缺席, https://udn.com/news/story/12663/4912150
         >>> 找到關鍵字 "安全"; 文章資訊: 2020-10-07 06:00:00, 大叔的中年小事程耀毅鹹的美味八寶飯, https://udn.com/news/story/7272/4914565
         >>> 找到關鍵字 "安全"; 文章資訊: 2020-10-07 02:46:04, 莫健重申六項保證內容並指大陸的行動推動美政策發展, https://udn.com/news/story/6656/4916014
         >>> 找到關鍵字 "安全"; 文章資訊: 2020-10-07 01:56:00, 川普出院淡化疫情嚴重性, https://udn.com/news/story/121707/4915663
         >>> 找到關鍵字 "安全"; 文章資訊: 2020-10-07 01:21:17, 勞力士雄才偉略大獎推動地球持續轉動, https://udn.com/news/story/7270/4915947
         >>> 找到關鍵字 "安全"; 文章資訊: 2020-10-07 01:21:12, 民團呼籲幼托保母家禁萊豬, https://udn.com/news/story/9750/4915938
         >>> 找到關鍵字 "安全"; 文章資訊: 2020-10-07 01:18:22, 龐培歐若中共武力犯台美將行動緩解緊張, https://udn.com/news/story/10930/4915973
         >>> 找到關鍵字 "安全"; 文章資訊: 2020-10-07 01:13:49, 客廳磨刀砍妻房門恐怖人夫求刑1年, https://udn.com/news/story/7321/4915922
         >>> 找到關鍵字 "安全"; 文章資訊: 2020-10-07 01:09:15, 下藥迷昏拿槍脅迫惡狼連續性侵重判無期徒刑, https://udn.com/news/story/7317/4915926
         >>> 找到關鍵字 "安全"; 文章資訊: 2020-10-07 00:55:42, 老農酒駕吊照又酒駕撞死退休師, https://udn.com/news/story/7315/4915954
         >>> 找到關鍵字 "安全"; 文章資訊: 2020-10-07 00:54:05, 反制共軍海軍十月將在西南海空域密集實彈操演, https://udn.com/news/story/10930/4915961
         >>> 找到關鍵字 "安全"; 文章資訊: 2020-10-07 00:41:58, 總統二辯川普喊參加拜登點頭有條件, https://udn.com/news/story/121687/4915888
         >>> 找到關鍵字 "安全"; 文章資訊: 2020-10-07 00:41:06, 美日澳印外長四方安全對話談合作加強抗中, https://udn.com/news/story/6809/4915856
         >>> 找到關鍵字 "安全"; 文章資訊: 2020-10-07 00:39:21, 總統府台美關係要一步一腳印, https://udn.com/news/story/121727/4915859
         >>> 找到關鍵字 "安全"; 文章資訊: 2020-10-07 00:38:04, 張麗善質疑前瞻補助少內政部駁補助雲林為全國之冠, https://udn.com/news/story/6656/4915946
         >>> 找到關鍵字 "安全"; 文章資訊: 2020-10-07 00:37:49, 基富通定期定額業務火紅, https://udn.com/news/story/121591/4915453
         >>> 找到關鍵字 "安全"; 文章資訊: 2020-10-07 00:30:12, 日本女星廣瀨鈴確診新冠肺炎無症狀, https://stars.udn.com/star/story/10091/4915935
         >>> 找到關鍵字 "安全"; 文章資訊: 2020-10-07 00:28:39, 上月業績快報聚碩22, https://udn.com/news/story/7253/4915148
         >>> 找到關鍵字 "安全"; 文章資訊: 2020-10-07 00:27:32, 策略經營台灣房屋總裁彭培業愛才育才專業進化, https://udn.com/news/story/7241/4915402
        ------------------------------------------------------
       >> 搜尋關鍵字:"槽車"; 網址:"https://udn.com/search/word/2/槽車"
         <<< 2020-10-07 沒有更多 "槽車" 相關的新聞 !!! >>>
       >> 檔案輸出
        ------------------------------------------------------
      >> 下載新聞內容
      >> 下載 https://udn.com/news/story/7240/4915652, 友達彭浪談急單客戶電話非常多
      >> 下載 https://udn.com/news/story/7255/4915105, 順德康舒認購放閃
      >> 下載 https://udn.com/news/story/7266/4913458, 地球公民基金會前瞻第三期沒有減碳之效還助長排碳
      >> 下載 https://udn.com/news/story/7252/4915543, 上銀9月營收年增46
      >> 下載 https://udn.com/news/story/7253/4914995, 氣立9月營收134億年增32優於公司預期
      >> 下載 https://udn.com/news/story/7087/4913096, NVIDIA針對工作站使用需求虛擬化應用推出兩款專業繪圖卡
      >> 下載 https://udn.com/news/story/6929/4913513, 台科大打造智能化工廠半導體製程廢棄物再利用
      >> 下載 https://udn.com/news/story/6868/4913273, 遠距辦公如何打造高績效
      >> 下載 https://udn.com/news/story/7270/4915947, 勞力士雄才偉略大獎推動地球持續轉動
      >> 下載 https://udn.com/news/story/7255/4915110, 中興電夠利押長天期
      >> 下載 https://udn.com/news/story/6928/4915845, 校園會客室植病系新鮮人插秧和機器一樣快
      >> 下載 https://udn.com/news/story/120883/4914640, 俄遠東海洋疑火箭燃料外洩大量動物陳屍海灘
      >> 下載 https://udn.com/news/story/7002/4914960, NBA熱火良好化學效應美媒稱巴特勒大臉咖啡是功臣
      >> 下載 https://udn.com/news/story/7314/4914794, 調查局贈印太7國奈米毒品快篩試劑共打犯罪
      >> 下載 https://health.udn.com/health/story/5977/4907546, 主動脈剝離主動脈破裂主動脈瘤不一樣完整解析三者區別
      >> 下載 https://udn.com/news/story/6885/4914641, 新北教育局推數位閱讀專業閱推教師增3倍
      >> 下載 https://udn.com/news/story/120884/4914346, 土博士之死下文科悲歌博士畢業打零工7年月入11萬吃剩食度日
      >> 下載 https://udn.com/news/story/6961/4914423, 凝縮百年傳統工藝蒸籠木竹編製師
      >> 下載 https://udn.com/news/story/6928/4914381, 台首大觀光系深入桃園原民部落體驗泰雅族與桂竹產業
      >> 下載 https://udn.com/news/story/7270/4911763, 一支牙膏歐萊德代表台獲2020GoodDesignBest100
      >> 下載 https://udn.com/news/story/6929/4913513, 台科大打造智能化工廠半導體製程廢棄物再利用
      >> 下載 https://udn.com/news/story/7002/4912232, 輕忽歐林尼克不包夾巴特勒湖人怎能不輸球
      >> 下載 https://udn.com/news/story/6809/4916044, 俄遠東海洋疑火箭燃料外洩大量動物陳屍海灘
      >> 找不到新聞內容，可能是新聞的格式不同所致。
      >> 下載 https://udn.com/news/story/120883/4914640, 俄遠東海洋疑火箭燃料外洩大量動物陳屍海灘
      >> 下載 https://udn.com/news/story/7315/4914848, 汐止中興路瓦斯外漏警消封鎖現場佈水線
      >> 下載 https://udn.com/news/story/7314/4914229, 解惑QA數位身分證跟傳統身分證有什麼不同可以不換嗎
      >> 下載 https://udn.com/news/story/7088/4914629, 免費的最貴Netflix紀錄片指控使人成癮臉書駁斥有理
      >> 下載 https://udn.com/news/story/120940/4914396, 爆老董隔離外出吹哨者疑遭炒康軒公關涉外洩高度機密
      >> 下載 https://udn.com/news/story/6656/4916071, 華郵幾天內川普周邊染疫人數比全台灣新增病例還多
      >> 下載 https://udn.com/news/story/7321/4915922, 客廳磨刀砍妻房門恐怖人夫求刑1年
      >> 下載 https://udn.com/news/story/121707/4915906, 硬要出院汙染空氣川普說不定我已免疫
      >> 下載 https://udn.com/news/story/6812/4915636, 水源爭議未決衣索比亞禁航班飛越大壩上空
      >> 下載 https://udn.com/news/story/6812/4915249, 日本擬增加捕撈黑鮪魚配額多國有意見
      >> 下載 https://udn.com/news/story/7324/4915042, 亞洲首創桃市消防局辦事故安全官訓練
      >> 下載 https://udn.com/news/story/6656/4914933, 立委憂中國科技產品危害台灣資安蘇貞昌汰換處理
      >> 下載 https://udn.com/news/story/6843/4914217, 孤獨是強壯瑞典人享受一個人的美好
      >> 下載 https://udn.com/news/story/7325/4914379, 全國首例彰化拚明年汙染農地全解列媒合種電
      >> 下載 https://udn.com/news/story/120986/4913931, 港人來台再緊縮她任職陸資企業申請退休定居遭駁回
      >> 下載 https://udn.com/news/story/11091/4914086, 重磅快評1450危害遠甚於掛羊頭賣狗肉
      >> 下載 https://udn.com/news/story/6656/4914072, 臉書揭捍衛台灣選舉公正報告減8成不實內容觸及
      >> 下載 https://udn.com/news/story/7241/4913834, 台廠發表新型移動消毒機器人主打功能強大搶防疫商機
      >> 下載 https://udn.com/news/story/7266/4913808, 樹木害蟲基因解密林試所研究登上國際期刊
      >> 下載 https://udn.com/news/story/7321/4913799, 腦傷男幫助詐欺獲判免刑法院他需要治療非刑罰
      >> 下載 https://udn.com/news/story/7325/4913753, 好感動捕獸夾害夜鷺截肢好心小姐救牠還要養牠
      >> 下載 https://udn.com/news/story/7270/4911763, 一支牙膏歐萊德代表台獲2020GoodDesignBest100
      >> 下載 https://udn.com/news/story/7321/4913566, 客廳磨刀猛砍妻子門檢方起訴恐怖人夫求刑1年
      >> 下載 https://udn.com/news/story/9750/4913546, 美豬健康風險評估根本未完成醫師批衛福部做半套
      >> 下載 https://udn.com/news/story/7266/4913428, 衛福部發布食品中微生物衛生標準明年7月起實施
      >> 下載 https://udn.com/news/story/120883/4914640, 俄遠東海洋疑火箭燃料外洩大量動物陳屍海灘
      >> 下載 https://udn.com/news/story/7325/4913897, 中秋後這群小學生撿了２萬多支菸蒂
      >> 下載 https://udn.com/news/story/6811/4913668, 豐田和Hino將為北美市場開發氫燃料電池聯結車
      >> 下載 https://udn.com/news/story/121707/4913349, 川普推文別怕新冠病毒CNN批不負責任
      >> 下載 https://udn.com/news/story/121707/4913281, 川普服地塞米松抗疫專家警告有神經精神方面的副作用
      >> 下載 https://udn.com/news/story/7270/4914873, 超持色又顯白香奈兒超炫耀釉光唇萃20色全新上市
      >> 下載 https://style.udn.com/style/story/8080/4914873, 超持色又顯白香奈兒超炫耀釉光唇萃20色全新上市
      >> 下載 https://health.udn.com/health/story/6016/4913465, 王正旭精準醫療的益處與困境
      >> 下載 https://health.udn.com/health/story/6010/4914591, 醫師批美豬健康風險評估做半套食藥署長該做都做了
      >> 下載 https://udn.com/news/story/9750/4914591, 醫師批美豬健康風險評估做半套食藥署長該做都做了
      >> 下載 https://health.udn.com/health/story/5965/4914068, 她突然不會說話了竟是罕見又致命腦炎作祟
      >> 下載 https://udn.com/news/story/7266/4914068, 她突然不會說話了竟是罕見又致命腦炎作祟
      >> 下載 https://udn.com/news/story/9750/4913822, 萊豬未評估風險民團籲綠委勿放水
      >> 下載 https://udn.com/news/story/9750/4913546, 美豬健康風險評估根本未完成醫師批衛福部做半套
      >> 下載 https://udn.com/news/story/7317/4915924, 戀童癖毒蟲獵10童裸體直播
      >> 下載 https://udn.com/news/story/7266/4915403, 民眾福音C肝擴大篩檢到79歲
      >> 下載 https://udn.com/news/story/7314/4914794, 調查局贈印太7國奈米毒品快篩試劑共打犯罪
      >> 下載 https://udn.com/news/story/7321/4914681, 影磨尖筷子挾持2收容人企圖越獄4名管理員博鬥受傷
      >> 下載 https://udn.com/news/story/7321/4913534, 誘騙威脅10名男女童裸體直播南檢起訴戀童癖毒蟲
      >> 下載 https://health.udn.com/health/story/6016/4914637, 張文震從臨床端看進入精準醫療的挑戰與解方
      >> 下載 https://udn.com/news/story/7325/4914379, 全國首例彰化拚明年汙染農地全解列媒合種電
      >> 下載 https://udn.com/news/story/7240/4915652, 友達彭浪談急單客戶電話非常多
      >> 下載 https://udn.com/news/story/9750/4915970, 元旦上路台灣豬標章使用憑良心
      >> 下載 https://udn.com/news/story/7241/4915402, 策略經營台灣房屋總裁彭培業愛才育才專業進化
      >> 下載 https://udn.com/news/story/6812/4915636, 水源爭議未決衣索比亞禁航班飛越大壩上空
      >> 下載 https://udn.com/news/story/7339/4915593, 溝通靠小編我們與公共政策的距離
      >> 下載 https://udn.com/news/story/120944/4915126, 澳洲撥68億元推動抗疫外交澳媒抗衡中國拉攏各國
      >> 下載 https://health.udn.com/health/story/120950/4914759, 影台中12外籍生檢疫腹瀉發燒2採陰全數排除染疫
      >> 下載 https://health.udn.com/health/story/6010/4914613, 綠底金豬台灣豬標章明年上路標示不實最高罰400萬
      >> 下載 https://udn.com/news/story/120940/4914759, 影台中12外籍生檢疫腹瀉發燒2採陰全數排除染疫
      >> 下載 https://udn.com/news/story/9750/4914676, 遭指食品安全打假球綠委藍提案誤導社會認知
      >> 下載 https://udn.com/news/story/6656/4914666, 重磅快評陳時中敷衍蔣萬安衛福部在菜單中藏魔鬼
      >> 下載 https://health.udn.com/health/story/120950/4914473, 台中12名印尼外籍生發燒腹瀉仍住院2人二採陰性
      >> 下載 https://udn.com/news/story/7266/4914613, 綠底金豬台灣豬標章明年上路標示不實最高罰400萬
      >> 下載 https://udn.com/news/story/6656/4914576, 挺羅智強李貴敏批陳菊率領監院把東廠精神淋漓盡致
      >> 下載 https://udn.com/news/story/7323/4913880, 議員提案推動拒萊豬標章北市府將研議修法訂罰則
      >> 下載 https://udn.com/news/story/9750/4913822, 萊豬未評估風險民團籲綠委勿放水
      >> 下載 https://udn.com/news/story/7193/4913439, 曾經是標配啊火鍋店為何很少附雞蛋了過來人曝關鍵原因
      >> 下載 https://udn.com/news/story/9750/4913494, 綠委封殺校園禁瘦肉精修法提案藍批忍心餵食下一代
      >> 下載 https://udn.com/news/story/7325/4913487, 台中檢疫所12人疑食物中毒衛局加強稽查把關食安
      >> 下載 https://udn.com/news/story/9750/4913473, 砰民進黨罔顧學童健康國民黨文傳會點名綠委
      >> 下載 https://udn.com/news/story/7270/4915907, 從橡木桶改為陶罐葡萄酒界的復古釀造
      >> 下載 https://udn.com/news/story/7187/4914138, 泥煤哥出招首發12年常態酒款
      >> 下載 https://udn.com/news/story/7270/4914138, 泥煤哥出招首發12年常態酒款
      >> 下載 https://style.udn.com/style/story/11350/4914138, 泥煤哥出招首發12年常態酒款
      >> 下載 https://udn.com/news/story/7186/4913991, 抓鬼囉血之沙拉木乃伊蛋糕這些驚悚的鬼甜點你敢吃下肚嗎
      >> 下載 https://udn.com/news/story/7270/4913991, 抓鬼囉這些驚悚的鬼甜點你敢吃下肚嗎
      >> 下載 https://style.udn.com/style/story/11350/4913991, 抓鬼囉這些驚悚的鬼甜點你敢吃下肚嗎
      >> 下載 https://udn.com/umedia/story/12772/4913379, 日本吃中藥長大的豬愛上長野農畜產品
      >> 找不到新聞內容，可能是新聞的格式不同所致。
      >> 下載 https://udn.com/umedia/story/12751/4913378, 台北南港老爺行旅SOFTKITCHEN秋日新菜單
      >> 找不到新聞內容，可能是新聞的格式不同所致。
      >> 下載 https://udn.com/news/story/7240/4915652, 友達彭浪談急單客戶電話非常多
      >> 下載 https://udn.com/news/story/7270/4915947, 勞力士雄才偉略大獎推動地球持續轉動
      >> 下載 https://udn.com/news/story/7270/4915907, 從橡木桶改為陶罐葡萄酒界的復古釀造
      >> 下載 https://udn.com/news/story/6811/4915739, 路透未來一年美元仍看貶
      >> 下載 https://udn.com/news/story/7255/4915109, 中鋼台塑化四檔搶鏡
      >> 下載 https://health.udn.com/health/story/5969/4914524, 老打噴嚏鼻炎感冒傻傻分不清膳食調養助調養
      >> 下載 https://style.udn.com/style/story/8079/4914699, 讓全網心碎的新手人妻石原聰美33歲肌膚超無瑕靠4招養膚術美成日妞最想變成的面孔
      >> 下載 https://udn.com/news/story/6961/4914423, 凝縮百年傳統工藝蒸籠木竹編製師
      >> 下載 https://udn.com/news/story/121687/4914426, 金融時報政治推著走的大脫鉤部分業者觀望等候美大選結果
      >> 下載 https://udn.com/news/story/6928/4914381, 台首大觀光系深入桃園原民部落體驗泰雅族與桂竹產業
      >> 下載 https://udn.com/news/story/7266/4914074, 盼口罩成循環經濟曾文生材質單純是學問
      >> 下載 https://udn.com/news/story/7323/4913880, 議員提案推動拒萊豬標章北市府將研議修法訂罰則
      >> 下載 https://udn.com/news/story/7241/4913842, 國際原料漲跌互見豐興鋼鐵開平盤
      >> 下載 https://udn.com/news/story/7270/4911763, 一支牙膏歐萊德代表台獲2020GoodDesignBest100
      >> 下載 https://house.udn.com/house/story/5889/4913597, 台中房地產買氣爆棚有隱憂房市交易平台月報示警
      >> 下載 https://udn.com/news/story/7270/4915907, 從橡木桶改為陶罐葡萄酒界的復古釀造
      >> 下載 https://udn.com/news/story/7338/4915851, 聯合報社論染疫當成個人秀川普豈在乎廿萬逝者
      >> 下載 https://udn.com/news/story/6961/4914423, 凝縮百年傳統工藝蒸籠木竹編製師
      >> 下載 https://udn.com/news/story/120888/4914520, 移工政策部會各唱各的調勞動部陷逼一步走一步窘境
      >> 下載 https://udn.com/news/story/7326/4915419, 試放煙火火燒甘蔗林業者開罰
      >> 下載 https://udn.com/news/story/6809/4915566, 疫情打擊經濟四成阿拉伯年輕人考慮移民
      >> 下載 https://udn.com/news/story/7266/4915203, 全球百大綠色旅遊地日月潭東北角雙上榜
      >> 下載 https://udn.com/news/story/7241/4914569, 阿聯酋航空集結全球愛心運送160噸救援物資至貝魯特
      >> 下載 https://udn.com/news/story/12683/4913497, 跟著劉軒在自處與別人相處之間找回自在
      >> 下載 https://udn.com/news/story/7002/4914062, 熱火絕處逢生巴特勒從縫隙中扳開的勝利之光
      >> 下載 https://udn.com/news/story/7268/4897473, 塔羅透視你在愛情裡的致命缺點
      >> 下載 https://game.udn.com/game/story/10453/4913782, 對馬戰鬼多人合作奇譚模式10月中上線還有新遊戲喔
      >> 下載 https://udn.com/news/story/12674/4911484, 鄭秀妍JessicaJungShine揭露練習生之間的明爭暗算
      >> 下載 https://udn.com/news/story/7315/4915954, 老農酒駕吊照又酒駕撞死退休師
      >> 下載 https://udn.com/news/story/121591/4915163, 投信ESG企業債抗震利器
      >> 下載 https://udn.com/news/story/121591/4915433, 印度股反彈空間大
      >> 下載 https://udn.com/news/story/121591/4915446, 投信搶客狂打零手續費
      >> 下載 https://udn.com/news/story/121591/4915457, 越股配息值得期待
      >> 下載 https://udn.com/news/story/121591/4915345, 新興股市迎資金潮
      >> 下載 https://udn.com/news/story/6811/4915739, 路透未來一年美元仍看貶
      >> 下載 https://udn.com/news/story/7340/4915707, 盛治仁祝美國民主早日康復
      >> 下載 https://fund.udn.com/fund/story/5857/4915457, 越股配息值得期待
      >> 下載 https://fund.udn.com/fund/story/5845/4915446, 投信搶客狂打零手續費
      >> 下載 https://fund.udn.com/fund/story/5857/4915433, 印度股反彈空間大
      >> 下載 https://fund.udn.com/fund/story/5857/4915345, 新興股市迎資金潮
      >> 下載 https://udn.com/news/story/7320/4915313, 高雄救護車出車禍救護員與傷患受傷送醫
      >> 下載 https://fund.udn.com/fund/story/5856/4915163, 投信ESG企業債抗震利器
      >> 下載 https://udn.com/news/story/7240/4914979, 後疫情時代資安危機KPMG傳統三防線已無法滿足
      >> 下載 https://udn.com/news/story/7314/4914794, 調查局贈印太7國奈米毒品快篩試劑共打犯罪
      >> 下載 https://udn.com/news/story/7315/4914624, 7旬老農酒駕遭註銷竟又酒駕撞死退休老師
      >> 下載 https://global.udn.com/global_vision/story/8663/4913071, 讓一切在我們這代結束掀起泰國學運狂潮的青年解放陣線
      >> 下載 https://udn.com/news/story/121591/4914572, 大盤持續盤整逢低承接科技類股
      >> 下載 https://fund.udn.com/fund/story/5850/4914572, 大盤持續盤整逢低承接科技類股
      >> 下載 https://udn.com/news/story/7270/4915947, 勞力士雄才偉略大獎推動地球持續轉動
      >> 下載 https://udn.com/news/story/6811/4915569, 英相強生大推離岸風電
      >> 下載 https://udn.com/news/story/7241/4884484, 華銀PGO聯名卡主攻電動車族眾多優惠力挺環保好生活
      >> 下載 https://udn.com/news/story/7339/4915594, 治標治本河川垃圾管理新思維
      >> 下載 https://udn.com/news/story/7239/4915328, 華南銀行落實綠色採購績效卓著獲行政院環保署表揚
      >> 下載 https://autos.udn.com/autos/story/7826/4914477, 內在科技有感升級JaguarXF新年式中期改款風雅登場
      >> 下載 https://udn.com/news/story/7325/4914379, 全國首例彰化拚明年汙染農地全解列媒合種電
      >> 下載 https://udn.com/news/story/7323/4914078, 蓋汙水廠說明會不通知議員王鴻薇批不公開透明
      >> 下載 https://udn.com/news/story/6811/4913668, 豐田和Hino將為北美市場開發氫燃料電池聯結車
      >> 下載 https://udn.com/news/story/7270/4911763, 一支牙膏歐萊德代表台獲2020GoodDesignBest100
      >> 下載 https://udn.com/news/story/6868/4913293, LVMH把庫存變業績
      >> 下載 https://udn.com/news/story/7270/4915947, 勞力士雄才偉略大獎推動地球持續轉動
      >> 下載 https://udn.com/news/story/7255/4915110, 中興電夠利押長天期
      >> 下載 https://udn.com/news/story/7325/4915478, 汙染農地種電彰5案拚明年解列
      >> 下載 https://health.udn.com/health/story/5978/4914635, 天氣轉涼溫差大易誘發氣喘做好3件事控制氣喘不發作
      >> 下載 https://udn.com/news/story/7325/4914379, 全國首例彰化拚明年汙染農地全解列媒合種電
      >> 下載 https://health.udn.com/health/story/6016/4914118, 林東燦精準醫療時代的兒童癌症診斷治療
      >> 下載 https://udn.com/news/story/7327/4914094, 拜會國民黨團陳其邁沒做好會虛心受教
      >> 下載 https://udn.com/news/story/7323/4914078, 蓋汙水廠說明會不通知議員王鴻薇批不公開透明
      >> 下載 https://udn.com/news/story/7238/4913817, 前瞻缺乏永續投資軌道建設應轉綠能
      >> 下載 https://udn.com/news/story/7266/4913428, 衛福部發布食品中微生物衛生標準明年7月起實施
      >> 下載 https://health.udn.com/health/story/5999/4913428, 衛福部發布食品中微生物衛生標準明年7月起實施
      >> 下載 https://udn.com/news/story/7325/4914379, 全國首例彰化拚明年汙染農地全解列媒合種電
      >> 下載 https://udn.com/news/story/7323/4914078, 蓋汙水廠說明會不通知議員王鴻薇批不公開透明
      >> 下載 https://udn.com/news/story/7323/4914078, 蓋汙水廠說明會不通知議員王鴻薇批不公開透明
      >> 下載 https://udn.com/news/story/7326/4913964, 台水第3座水資源環教園區推動生態綠廊互動體驗
      >> 下載 https://udn.com/news/story/7315/4914848, 汐止中興路瓦斯外漏警消封鎖現場佈水線
      >> 下載 https://udn.com/news/story/7325/4913712, 南投縣人口普查展開勤前會議要求落實3不2會
      >> 下載 https://udn.com/news/story/11091/4913232, 即時短評徐巧芯開啟了洩漏最大國防機密之門
      >> 下載 https://udn.com/news/story/7323/4914078, 蓋汙水廠說明會不通知議員王鴻薇批不公開透明
      >> 下載 https://udn.com/news/story/120883/4915941, 白宮小員工也成高危職業原因竟然不只川普
      >> 下載 https://udn.com/news/story/12663/4912150, 一起來築夢李娉婷STEAMing回歸在地人文關懷不缺席
      >> 下載 https://udn.com/news/story/7272/4914565, 大叔的中年小事程耀毅鹹的美味八寶飯
      >> 下載 https://udn.com/news/story/6656/4916014, 莫健重申六項保證內容並指大陸的行動推動美政策發展
      >> 下載 https://udn.com/news/story/121707/4915663, 川普出院淡化疫情嚴重性
      >> 下載 https://udn.com/news/story/7270/4915947, 勞力士雄才偉略大獎推動地球持續轉動
      >> 下載 https://udn.com/news/story/9750/4915938, 民團呼籲幼托保母家禁萊豬
      >> 下載 https://udn.com/news/story/10930/4915973, 龐培歐若中共武力犯台美將行動緩解緊張
      >> 下載 https://udn.com/news/story/7321/4915922, 客廳磨刀砍妻房門恐怖人夫求刑1年
      >> 下載 https://udn.com/news/story/7317/4915926, 下藥迷昏拿槍脅迫惡狼連續性侵重判無期徒刑
      >> 下載 https://udn.com/news/story/7315/4915954, 老農酒駕吊照又酒駕撞死退休師
      >> 下載 https://udn.com/news/story/10930/4915961, 反制共軍海軍十月將在西南海空域密集實彈操演
      >> 下載 https://udn.com/news/story/121687/4915888, 總統二辯川普喊參加拜登點頭有條件
      >> 下載 https://udn.com/news/story/6809/4915856, 美日澳印外長四方安全對話談合作加強抗中
      >> 下載 https://udn.com/news/story/121727/4915859, 總統府台美關係要一步一腳印
      >> 下載 https://udn.com/news/story/6656/4915946, 張麗善質疑前瞻補助少內政部駁補助雲林為全國之冠
      >> 下載 https://udn.com/news/story/121591/4915453, 基富通定期定額業務火紅
      >> 下載 https://stars.udn.com/star/story/10091/4915935, 日本女星廣瀨鈴確診新冠肺炎無症狀
      >> 下載 https://udn.com/news/story/7253/4915148, 上月業績快報聚碩22
      >> 下載 https://udn.com/news/story/7241/4915402, 策略經營台灣房屋總裁彭培業愛才育才專業進化
