     -----> 新聞爬蟲：東森新聞報

           <<< 東森新聞報新聞搜尋 >>>
        ------------------------------------------------------
        ------------------------------------------------------
       >> 搜尋關鍵字:"工業用"; 網址:"https://www.ettoday.net/news_search/doSearch.php?keywords=工業用&idx=1&page=1"
         <<< 2020-10-10 沒有更多 "工業用" 相關的新聞 !!! >>>
        ------------------------------------------------------
       >> 搜尋關鍵字:"化工"; 網址:"https://www.ettoday.net/news_search/doSearch.php?keywords=化工&idx=1&page=1"
         >>> 找到關鍵字 "化工"; 文章資訊: 2020-10-09 14:52:00, 宣捷判賠255億關鍵曝華盛營建涉黑歷史全因女官員裸照, https://www.ettoday.net/news/20201009/1827919.htm
         <<< 2020-10-10 沒有更多 "化工" 相關的新聞 !!! >>>
        ------------------------------------------------------
       >> 搜尋關鍵字:"化災"; 網址:"https://www.ettoday.net/news_search/doSearch.php?keywords=化災&idx=1&page=1"
         <<< 2020-10-10 沒有更多 "化災" 相關的新聞 !!! >>>
        ------------------------------------------------------
       >> 搜尋關鍵字:"化學"; 網址:"https://www.ettoday.net/news_search/doSearch.php?keywords=化學&idx=1&page=1"
         >>> 找到關鍵字 "化學"; 文章資訊: 2020-10-09 23:41:00, 活化再利用興大讓廢材重生稻草花生殼麥桿變環保板材, https://www.ettoday.net/news/20201009/1827969.htm
         >>> 找到關鍵字 "化學"; 文章資訊: 2020-10-09 17:03:00, 快訊諾貝爾和平獎出爐世界糧食計劃署榮摘桂冠, https://www.ettoday.net/news/20201009/1827994.htm
         >>> 找到關鍵字 "化學"; 文章資訊: 2020-10-09 16:18:00, WTO選秘書長日本政府表態反對南韓俞明希狠批級數太低, https://www.ettoday.net/news/20201009/1827979.htm
         >>> 找到關鍵字 "化學"; 文章資訊: 2020-10-09 11:59:00, 諾貝爾和平獎今晚將揭曉新冠抗疫有功譚德塞榮登熱門榜首, https://www.ettoday.net/news/20201009/1827742.htm
         >>> 找到關鍵字 "化學"; 文章資訊: 2020-10-09 10:08:00, 發爐黃金火柱強風助攻蔚山大樓烈焰竄33樓百人奇蹟生還, https://www.ettoday.net/news/20201009/1827744.htm
         >>> 找到關鍵字 "化學"; 文章資訊: 2020-10-09 10:00:00, 一開店就排隊台南老饕最愛滷味店必點粉嫩豬肝爆漿起司燒, https://www.ettoday.net/news/20201009/1824371.htm
         >>> 找到關鍵字 "化學"; 文章資訊: 2020-10-09 08:03:00, 長期忽略空污百病全上身10招改善室內空氣, https://www.ettoday.net/news/20201009/1799453.htm
         >>> 找到關鍵字 "化學"; 文章資訊: 2020-10-09 08:00:00, 心血管疾病問題多保養血管要趁早, https://www.ettoday.net/news/20201009/1824749.htm
         <<< 2020-10-10 沒有更多 "化學" 相關的新聞 !!! >>>
        ------------------------------------------------------
       >> 搜尋關鍵字:"外洩"; 網址:"https://www.ettoday.net/news_search/doSearch.php?keywords=外洩&idx=1&page=1"
         >>> 找到關鍵字 "外洩"; 文章資訊: 2020-10-09 11:24:00, 林立洋妻FB怒轟女星老公為妳跟我翻臉2女互嗆結果逆轉, https://www.ettoday.net/news/20201009/1827851.htm
         <<< 2020-10-10 沒有更多 "外洩" 相關的新聞 !!! >>>
        ------------------------------------------------------
       >> 搜尋關鍵字:"危害"; 網址:"https://www.ettoday.net/news_search/doSearch.php?keywords=危害&idx=1&page=1"
         >>> 找到關鍵字 "危害"; 文章資訊: 2020-10-09 13:17:00, 通緝犯裝睡醒後陽台丟包毒品保大警前後包抄攔截讓他傻眼, https://www.ettoday.net/news/20201009/1827917.htm
         >>> 找到關鍵字 "危害"; 文章資訊: 2020-10-09 07:00:00, 單厚之大法官會議作繭自縛促轉會成為上級審, https://www.ettoday.net/news/20201009/1827548.htm
         <<< 2020-10-10 沒有更多 "危害" 相關的新聞 !!! >>>
        ------------------------------------------------------
       >> 搜尋關鍵字:"有毒"; 網址:"https://www.ettoday.net/news_search/doSearch.php?keywords=有毒&idx=1&page=1"
         >>> 找到關鍵字 "有毒"; 文章資訊: 2020-10-09 08:03:00, 長期忽略空污百病全上身10招改善室內空氣, https://www.ettoday.net/news/20201009/1799453.htm
         <<< 2020-10-10 沒有更多 "有毒" 相關的新聞 !!! >>>
        ------------------------------------------------------
       >> 搜尋關鍵字:"有害"; 網址:"https://www.ettoday.net/news_search/doSearch.php?keywords=有害&idx=1&page=1"
         >>> 找到關鍵字 "有害"; 文章資訊: 2020-10-09 14:58:00, 影營養師揭玉米玉米筍神秘身世它竟不是蔬菜吃錯胖2kg, https://www.ettoday.net/news/20201009/1827965.htm
         >>> 找到關鍵字 "有害"; 文章資訊: 2020-10-09 13:27:00, 長鬃山羊誤入山豬吊日7旬翁援救遭利角刺傷亡牠下場曝, https://www.ettoday.net/news/20201009/1827871.htm
         >>> 找到關鍵字 "有害"; 文章資訊: 2020-10-09 12:39:00, 紅肉白肉怎麼分專家揭密必知差異點在這, https://www.ettoday.net/news/20201009/1827768.htm
         >>> 找到關鍵字 "有害"; 文章資訊: 2020-10-09 08:03:00, 長期忽略空污百病全上身10招改善室內空氣, https://www.ettoday.net/news/20201009/1799453.htm
         <<< 2020-10-10 沒有更多 "有害" 相關的新聞 !!! >>>
        ------------------------------------------------------
       >> 搜尋關鍵字:"色料"; 網址:"https://www.ettoday.net/news_search/doSearch.php?keywords=色料&idx=1&page=1"
         <<< 2020-10-10 沒有更多 "色料" 相關的新聞 !!! >>>
        ------------------------------------------------------
       >> 搜尋關鍵字:"色素"; 網址:"https://www.ettoday.net/news_search/doSearch.php?keywords=色素&idx=1&page=1"
         >>> 找到關鍵字 "色素"; 文章資訊: 2020-10-09 08:00:00, 心血管疾病問題多保養血管要趁早, https://www.ettoday.net/news/20201009/1824749.htm
         <<< 2020-10-10 沒有更多 "色素" 相關的新聞 !!! >>>
        ------------------------------------------------------
       >> 搜尋關鍵字:"毒性"; 網址:"https://www.ettoday.net/news_search/doSearch.php?keywords=毒性&idx=1&page=1"
         >>> 找到關鍵字 "毒性"; 文章資訊: 2020-10-09 23:05:00, 要爆了蘆洲堤防草地驚見白澎澎超大巨白菇專家快後退, https://www.ettoday.net/news/20201009/1828184.htm
         <<< 2020-10-10 沒有更多 "毒性" 相關的新聞 !!! >>>
        ------------------------------------------------------
       >> 搜尋關鍵字:"毒品"; 網址:"https://www.ettoday.net/news_search/doSearch.php?keywords=毒品&idx=1&page=1"
         >>> 找到關鍵字 "毒品"; 文章資訊: 2020-10-09 19:16:00, 桃園男不堪經濟壓力彩虹橋上徘徊落淚警所長適時安撫勸回, https://www.ettoday.net/news/20201009/1828114.htm
         >>> 找到關鍵字 "毒品"; 文章資訊: 2020-10-09 15:20:00, 石門水庫啟用來首次無颱風補水鄭文燦與中央合作確保供水穩定, https://www.ettoday.net/news/20201009/1827963.htm
         >>> 找到關鍵字 "毒品"; 文章資訊: 2020-10-09 14:32:00, 桃園市警局後勤科長謝建國等17名警官異動本月12日到任, https://www.ettoday.net/news/20201009/1827922.htm
         >>> 找到關鍵字 "毒品"; 文章資訊: 2020-10-09 14:22:00, 甜美空姐下體藏1包狂運2100萬海洛因背後竟藏鼻酸故事, https://www.ettoday.net/news/20201009/1827888.htm
         >>> 找到關鍵字 "毒品"; 文章資訊: 2020-10-09 13:17:00, 通緝犯裝睡醒後陽台丟包毒品保大警前後包抄攔截讓他傻眼, https://www.ettoday.net/news/20201009/1827917.htm
         >>> 找到關鍵字 "毒品"; 文章資訊: 2020-10-09 12:33:00, 影騎車載女友遇攔查加速落跑丟包毒品警緊咬車尾狂追3公里, https://www.ettoday.net/news/20201009/1827859.htm
         >>> 找到關鍵字 "毒品"; 文章資訊: 2020-10-09 10:39:00, 出獄後被異樣眼光對待男怒開槍洩憤警10小時內逮人再入牢, https://www.ettoday.net/news/20201009/1827741.htm
         >>> 找到關鍵字 "毒品"; 文章資訊: 2020-10-09 10:27:00, 月薪80K徵助理務必抱必死決心工作內容曝網喊我願意, https://www.ettoday.net/news/20201009/1827759.htm
         <<< 2020-10-10 沒有更多 "毒品" 相關的新聞 !!! >>>
        ------------------------------------------------------
       >> 搜尋關鍵字:"致癌"; 網址:"https://www.ettoday.net/news_search/doSearch.php?keywords=致癌&idx=1&page=1"
         >>> 找到關鍵字 "致癌"; 文章資訊: 2020-10-09 12:39:00, 紅肉白肉怎麼分專家揭密必知差異點在這, https://www.ettoday.net/news/20201009/1827768.htm
         >>> 找到關鍵字 "致癌"; 文章資訊: 2020-10-09 08:03:00, 長期忽略空污百病全上身10招改善室內空氣, https://www.ettoday.net/news/20201009/1799453.htm
         <<< 2020-10-10 沒有更多 "致癌" 相關的新聞 !!! >>>
        ------------------------------------------------------
       >> 搜尋關鍵字:"重金屬"; 網址:"https://www.ettoday.net/news_search/doSearch.php?keywords=重金屬&idx=1&page=1"
         <<< 2020-10-10 沒有更多 "重金屬" 相關的新聞 !!! >>>
        ------------------------------------------------------
       >> 搜尋關鍵字:"食安"; 網址:"https://www.ettoday.net/news_search/doSearch.php?keywords=食安&idx=1&page=1"
         >>> 找到關鍵字 "食安"; 文章資訊: 2020-10-09 18:05:00, 美豬進口就標記民眾黨將在國發會提案溯源管理護食安, https://www.ettoday.net/news/20201009/1828082.htm
         >>> 找到關鍵字 "食安"; 文章資訊: 2020-10-09 17:34:00, 快訊小米漿誤加脫氧劑害4童送醫高雄某托嬰中心還被查出4缺失, https://www.ettoday.net/news/20201009/1828060.htm
         >>> 找到關鍵字 "食安"; 文章資訊: 2020-10-09 15:24:00, 力挺林飛帆卓榮泰嗆民進黨不會要求殘抱九二共識的國民黨道歉, https://www.ettoday.net/news/20201009/1827981.htm
         >>> 找到關鍵字 "食安"; 文章資訊: 2020-10-09 12:36:00, 林飛帆護航美豬遭嗆雙標黃暐瀚嘆他應自問與8年前有何不同, https://www.ettoday.net/news/20201009/1827866.htm
         <<< 2020-10-10 沒有更多 "食安" 相關的新聞 !!! >>>
        ------------------------------------------------------
       >> 搜尋關鍵字:"香料"; 網址:"https://www.ettoday.net/news_search/doSearch.php?keywords=香料&idx=1&page=1"
         >>> 找到關鍵字 "香料"; 文章資訊: 2020-10-09 11:57:00, 超猛麻辣鴨血豆腐狂噴汁三重新開涮涮鍋咖啡冰淇淋無限吃, https://www.ettoday.net/news/20201009/1820537.htm
         >>> 找到關鍵字 "香料"; 文章資訊: 2020-10-09 10:00:00, 一開店就排隊台南老饕最愛滷味店必點粉嫩豬肝爆漿起司燒, https://www.ettoday.net/news/20201009/1824371.htm
         <<< 2020-10-10 沒有更多 "香料" 相關的新聞 !!! >>>
        ------------------------------------------------------
       >> 搜尋關鍵字:"原料"; 網址:"https://www.ettoday.net/news_search/doSearch.php?keywords=原料&idx=1&page=1"
         >>> 找到關鍵字 "原料"; 文章資訊: 2020-10-09 23:41:00, 活化再利用興大讓廢材重生稻草花生殼麥桿變環保板材, https://www.ettoday.net/news/20201009/1827969.htm
         >>> 找到關鍵字 "原料"; 文章資訊: 2020-10-09 17:54:00, 又有新色4種迷彩口罩超時尚3天醫療展搶先送隱藏版小禮物, https://www.ettoday.net/news/20201009/1828057.htm
         >>> 找到關鍵字 "原料"; 文章資訊: 2020-10-09 16:18:00, WTO選秘書長日本政府表態反對南韓俞明希狠批級數太低, https://www.ettoday.net/news/20201009/1827979.htm
         >>> 找到關鍵字 "原料"; 文章資訊: 2020-10-09 14:58:00, 影營養師揭玉米玉米筍神秘身世它竟不是蔬菜吃錯胖2kg, https://www.ettoday.net/news/20201009/1827965.htm
         <<< 2020-10-10 沒有更多 "原料" 相關的新聞 !!! >>>
        ------------------------------------------------------
       >> 搜尋關鍵字:"氣爆"; 網址:"https://www.ettoday.net/news_search/doSearch.php?keywords=氣爆&idx=1&page=1"
         >>> 找到關鍵字 "氣爆"; 文章資訊: 2020-10-09 16:07:00, 炙燒鮭魚起司醬鋪滿飯上超邪惡丼飯佛心價料多味噌湯免費喝, https://www.ettoday.net/news/20201009/1828001.htm
         >>> 找到關鍵字 "氣爆"; 文章資訊: 2020-10-09 10:27:00, 月薪80K徵助理務必抱必死決心工作內容曝網喊我願意, https://www.ettoday.net/news/20201009/1827759.htm
         <<< 2020-10-10 沒有更多 "氣爆" 相關的新聞 !!! >>>
        ------------------------------------------------------
       >> 搜尋關鍵字:"添加物"; 網址:"https://www.ettoday.net/news_search/doSearch.php?keywords=添加物&idx=1&page=1"
         >>> 找到關鍵字 "添加物"; 文章資訊: 2020-10-09 18:05:00, 美豬進口就標記民眾黨將在國發會提案溯源管理護食安, https://www.ettoday.net/news/20201009/1828082.htm
         <<< 2020-10-10 沒有更多 "添加物" 相關的新聞 !!! >>>
        ------------------------------------------------------
       >> 搜尋關鍵字:"黑心"; 網址:"https://www.ettoday.net/news_search/doSearch.php?keywords=黑心&idx=1&page=1"
         >>> 找到關鍵字 "黑心"; 文章資訊: 2020-10-09 12:31:00, 餐桌常被弄亂不信馬爾濟斯能跳上去八點檔男星目睹傻眼還以為它是兔子, https://www.ettoday.net/news/20201009/1827892.htm
         <<< 2020-10-10 沒有更多 "黑心" 相關的新聞 !!! >>>
        ------------------------------------------------------
       >> 搜尋關鍵字:"漂白"; 網址:"https://www.ettoday.net/news_search/doSearch.php?keywords=漂白&idx=1&page=1"
         >>> 找到關鍵字 "漂白"; 文章資訊: 2020-10-09 10:46:00, 亂用洗劑是踏入貓尿地獄的開始5清理步驟徹清潔, https://www.ettoday.net/news/20201009/1815568.htm
         <<< 2020-10-10 沒有更多 "漂白" 相關的新聞 !!! >>>
        ------------------------------------------------------
       >> 搜尋關鍵字:"爆炸"; 網址:"https://www.ettoday.net/news_search/doSearch.php?keywords=爆炸&idx=1&page=1"
         >>> 找到關鍵字 "爆炸"; 文章資訊: 2020-10-09 17:38:00, 路邊玩煙火他閃燈警示秒變霹靂車網氣炸對向騎士成亮點, https://www.ettoday.net/news/20201009/1828039.htm
         >>> 找到關鍵字 "爆炸"; 文章資訊: 2020-10-09 12:51:00, 中職德保拉對戰布雷克運彩看好中信兄弟, https://www.ettoday.net/news/20201009/1827905.htm
         >>> 找到關鍵字 "爆炸"; 文章資訊: 2020-10-09 09:13:00, 中職兄弟三冠王德保拉除獅有一套統一推布雷克守護龍頭, https://www.ettoday.net/news/20201009/1827748.htm
         <<< 2020-10-10 沒有更多 "爆炸" 相關的新聞 !!! >>>
        ------------------------------------------------------
       >> 搜尋關鍵字:"新興"; 網址:"https://www.ettoday.net/news_search/doSearch.php?keywords=新興&idx=1&page=1"
         >>> 找到關鍵字 "新興"; 文章資訊: 2020-10-09 14:21:00, 2020台中國際動漫博覽會起跑PS女孩動漫人物驚豔登場, https://www.ettoday.net/news/20201009/1827925.htm
         >>> 找到關鍵字 "新興"; 文章資訊: 2020-10-09 10:35:00, 盲駕驚悚畫面曝斑馬線行人被當隱形小黃運將左轉直接撞飛, https://www.ettoday.net/news/20201009/1827761.htm
         <<< 2020-10-10 沒有更多 "新興" 相關的新聞 !!! >>>
        ------------------------------------------------------
       >> 搜尋關鍵字:"爆裂物"; 網址:"https://www.ettoday.net/news_search/doSearch.php?keywords=爆裂物&idx=1&page=1"
         >>> 找到關鍵字 "爆裂物"; 文章資訊: 2020-10-09 17:52:00, 國慶晚會基隆登場港警出動偵爆犬無人機攔截槍全面維安, https://www.ettoday.net/news/20201009/1828064.htm
         <<< 2020-10-10 沒有更多 "爆裂物" 相關的新聞 !!! >>>
        ------------------------------------------------------
       >> 搜尋關鍵字:"IED"; 網址:"https://www.ettoday.net/news_search/doSearch.php?keywords=IED&idx=1&page=1"
         <<< 2020-10-10 沒有更多 "IED" 相關的新聞 !!! >>>
        ------------------------------------------------------
       >> 搜尋關鍵字:"排放"; 網址:"https://www.ettoday.net/news_search/doSearch.php?keywords=排放&idx=1&page=1"
         >>> 找到關鍵字 "排放"; 文章資訊: 2020-10-10 07:03:00, 夜尿多可能與白天久站有關教你簡易計算尿液量評估腿部是否積水, https://www.ettoday.net/news/20201010/1800470.htm
         >>> 找到關鍵字 "排放"; 文章資訊: 2020-10-09 08:03:00, 長期忽略空污百病全上身10招改善室內空氣, https://www.ettoday.net/news/20201009/1799453.htm
         <<< 2020-10-10 沒有更多 "排放" 相關的新聞 !!! >>>
        ------------------------------------------------------
       >> 搜尋關鍵字:"污染"; 網址:"https://www.ettoday.net/news_search/doSearch.php?keywords=污染&idx=1&page=1"
         >>> 找到關鍵字 "污染"; 文章資訊: 2020-10-09 21:16:00, 陽明山世界級祕境藍寶石泉首度開放絕美淡藍湧泉曝光, https://www.ettoday.net/news/20201009/1828127.htm
         >>> 找到關鍵字 "污染"; 文章資訊: 2020-10-09 16:05:00, 2020最熱賣醫美保養品排行美白勝過保濕搶第一斑點暗沈最惱人, https://www.ettoday.net/news/20201009/1826628.htm
         >>> 找到關鍵字 "污染"; 文章資訊: 2020-10-09 08:03:00, 長期忽略空污百病全上身10招改善室內空氣, https://www.ettoday.net/news/20201009/1799453.htm
         <<< 2020-10-10 沒有更多 "污染" 相關的新聞 !!! >>>
        ------------------------------------------------------
       >> 搜尋關鍵字:"廢水"; 網址:"https://www.ettoday.net/news_search/doSearch.php?keywords=廢水&idx=1&page=1"
         <<< 2020-10-10 沒有更多 "廢水" 相關的新聞 !!! >>>
        ------------------------------------------------------
       >> 搜尋關鍵字:"污水"; 網址:"https://www.ettoday.net/news_search/doSearch.php?keywords=污水&idx=1&page=1"
         <<< 2020-10-10 沒有更多 "污水" 相關的新聞 !!! >>>
        ------------------------------------------------------
       >> 搜尋關鍵字:"洩漏"; 網址:"https://www.ettoday.net/news_search/doSearch.php?keywords=洩漏&idx=1&page=1"
         <<< 2020-10-10 沒有更多 "洩漏" 相關的新聞 !!! >>>
        ------------------------------------------------------
       >> 搜尋關鍵字:"暗管"; 網址:"https://www.ettoday.net/news_search/doSearch.php?keywords=暗管&idx=1&page=1"
         <<< 2020-10-10 沒有更多 "暗管" 相關的新聞 !!! >>>
        ------------------------------------------------------
       >> 搜尋關鍵字:"偷排"; 網址:"https://www.ettoday.net/news_search/doSearch.php?keywords=偷排&idx=1&page=1"
         <<< 2020-10-10 沒有更多 "偷排" 相關的新聞 !!! >>>
        ------------------------------------------------------
       >> 搜尋關鍵字:"安全"; 網址:"https://www.ettoday.net/news_search/doSearch.php?keywords=安全&idx=1&page=1"
         >>> 找到關鍵字 "安全"; 文章資訊: 2020-10-10 07:09:00, 皇室髮型師不藏私凱特王妃護髮超平民５招學起來, https://www.ettoday.net/news/20201010/1826653.htm
         >>> 找到關鍵字 "安全"; 文章資訊: 2020-10-10 07:03:00, 快訊確診後首露面川普明在白宮公開談話12日佛州造勢, https://www.ettoday.net/news/20201010/1828226.htm
         >>> 找到關鍵字 "安全"; 文章資訊: 2020-10-10 06:35:00, 美神盾驅逐艦又進西沙共軍跳腳喊是中國領海赤裸裸的航行霸權, https://www.ettoday.net/news/20201010/1828227.htm
         >>> 找到關鍵字 "安全"; 文章資訊: 2020-10-10 06:30:00, 國慶日16壅塞路段曝國5湧出遊車潮恐從凌晨塞到下午, https://www.ettoday.net/news/20201010/1828104.htm
         >>> 找到關鍵字 "安全"; 文章資訊: 2020-10-10 02:08:00, 女三寶上國道自撞起飛翻4圈BMW神反應2秒魔性走位0傷脫出, https://www.ettoday.net/news/20201010/1828186.htm
         >>> 找到關鍵字 "安全"; 文章資訊: 2020-10-10 01:32:00, 女三寶台中神鬼右轉理由超傻眼22歲騎士閃不過撞飛輾車底亡, https://www.ettoday.net/news/20201010/1828120.htm
         >>> 找到關鍵字 "安全"; 文章資訊: 2020-10-10 00:42:00, 實習女警嫌熱不穿防彈衣被罵哭條子鴿子彈不會因為你身材好就轉彎, https://www.ettoday.net/news/20201010/1827544.htm
         >>> 找到關鍵字 "安全"; 文章資訊: 2020-10-09 23:58:00, 女星爽坐馬路中央拍美照GG了交警轉發勸刪文您違法了, https://www.ettoday.net/news/20201009/1828201.htm
         >>> 找到關鍵字 "安全"; 文章資訊: 2020-10-09 23:43:00, 日租套房潛藏危機台中業者遭重罰20萬元, https://www.ettoday.net/news/20201009/1828177.htm
         >>> 找到關鍵字 "安全"; 文章資訊: 2020-10-09 23:41:00, 活化再利用興大讓廢材重生稻草花生殼麥桿變環保板材, https://www.ettoday.net/news/20201009/1827969.htm
        ------------------------------------------------------
       >> 搜尋關鍵字:"槽車"; 網址:"https://www.ettoday.net/news_search/doSearch.php?keywords=槽車&idx=1&page=1"
         >>> 找到關鍵字 "槽車"; 文章資訊: 2020-10-09 13:03:00, 遊覽車變多午後出遊潮湧現國道六大地雷壅塞路段曝, https://www.ettoday.net/news/20201009/1827910.htm
         <<< 2020-10-10 沒有更多 "槽車" 相關的新聞 !!! >>>
       >> 檔案輸出
        ------------------------------------------------------
      >> 下載新聞內容
      >> 下載 https://www.ettoday.net/news/20201009/1827919.htm, 宣捷判賠255億關鍵曝華盛營建涉黑歷史全因女官員裸照
      >> 下載 https://www.ettoday.net/news/20201009/1827969.htm, 活化再利用興大讓廢材重生稻草花生殼麥桿變環保板材
      >> 下載 https://www.ettoday.net/news/20201009/1827994.htm, 快訊諾貝爾和平獎出爐世界糧食計劃署榮摘桂冠
      >> 下載 https://www.ettoday.net/news/20201009/1827979.htm, WTO選秘書長日本政府表態反對南韓俞明希狠批級數太低
      >> 下載 https://www.ettoday.net/news/20201009/1827742.htm, 諾貝爾和平獎今晚將揭曉新冠抗疫有功譚德塞榮登熱門榜首
      >> 下載 https://www.ettoday.net/news/20201009/1827744.htm, 發爐黃金火柱強風助攻蔚山大樓烈焰竄33樓百人奇蹟生還
      >> 下載 https://www.ettoday.net/news/20201009/1824371.htm, 一開店就排隊台南老饕最愛滷味店必點粉嫩豬肝爆漿起司燒
      >> 下載 https://www.ettoday.net/news/20201009/1799453.htm, 長期忽略空污百病全上身10招改善室內空氣
      >> 下載 https://www.ettoday.net/news/20201009/1824749.htm, 心血管疾病問題多保養血管要趁早
      >> 下載 https://www.ettoday.net/news/20201009/1827851.htm, 林立洋妻FB怒轟女星老公為妳跟我翻臉2女互嗆結果逆轉
      >> 下載 https://www.ettoday.net/news/20201009/1827917.htm, 通緝犯裝睡醒後陽台丟包毒品保大警前後包抄攔截讓他傻眼
      >> 下載 https://www.ettoday.net/news/20201009/1827548.htm, 單厚之大法官會議作繭自縛促轉會成為上級審
      >> 下載 https://www.ettoday.net/news/20201009/1799453.htm, 長期忽略空污百病全上身10招改善室內空氣
      >> 下載 https://www.ettoday.net/news/20201009/1827965.htm, 影營養師揭玉米玉米筍神秘身世它竟不是蔬菜吃錯胖2kg
      >> 下載 https://www.ettoday.net/news/20201009/1827871.htm, 長鬃山羊誤入山豬吊日7旬翁援救遭利角刺傷亡牠下場曝
      >> 下載 https://www.ettoday.net/news/20201009/1827768.htm, 紅肉白肉怎麼分專家揭密必知差異點在這
      >> 下載 https://www.ettoday.net/news/20201009/1799453.htm, 長期忽略空污百病全上身10招改善室內空氣
      >> 下載 https://www.ettoday.net/news/20201009/1824749.htm, 心血管疾病問題多保養血管要趁早
      >> 下載 https://www.ettoday.net/news/20201009/1828184.htm, 要爆了蘆洲堤防草地驚見白澎澎超大巨白菇專家快後退
      >> 下載 https://www.ettoday.net/news/20201009/1828114.htm, 桃園男不堪經濟壓力彩虹橋上徘徊落淚警所長適時安撫勸回
      >> 下載 https://www.ettoday.net/news/20201009/1827963.htm, 石門水庫啟用來首次無颱風補水鄭文燦與中央合作確保供水穩定
      >> 下載 https://www.ettoday.net/news/20201009/1827922.htm, 桃園市警局後勤科長謝建國等17名警官異動本月12日到任
      >> 下載 https://www.ettoday.net/news/20201009/1827888.htm, 甜美空姐下體藏1包狂運2100萬海洛因背後竟藏鼻酸故事
      >> 下載 https://www.ettoday.net/news/20201009/1827917.htm, 通緝犯裝睡醒後陽台丟包毒品保大警前後包抄攔截讓他傻眼
      >> 下載 https://www.ettoday.net/news/20201009/1827859.htm, 影騎車載女友遇攔查加速落跑丟包毒品警緊咬車尾狂追3公里
      >> 下載 https://www.ettoday.net/news/20201009/1827741.htm, 出獄後被異樣眼光對待男怒開槍洩憤警10小時內逮人再入牢
      >> 下載 https://www.ettoday.net/news/20201009/1827759.htm, 月薪80K徵助理務必抱必死決心工作內容曝網喊我願意
      >> 下載 https://www.ettoday.net/news/20201009/1827768.htm, 紅肉白肉怎麼分專家揭密必知差異點在這
      >> 下載 https://www.ettoday.net/news/20201009/1799453.htm, 長期忽略空污百病全上身10招改善室內空氣
      >> 下載 https://www.ettoday.net/news/20201009/1828082.htm, 美豬進口就標記民眾黨將在國發會提案溯源管理護食安
      >> 下載 https://www.ettoday.net/news/20201009/1828060.htm, 快訊小米漿誤加脫氧劑害4童送醫高雄某托嬰中心還被查出4缺失
      >> 下載 https://www.ettoday.net/news/20201009/1827981.htm, 力挺林飛帆卓榮泰嗆民進黨不會要求殘抱九二共識的國民黨道歉
      >> 下載 https://www.ettoday.net/news/20201009/1827866.htm, 林飛帆護航美豬遭嗆雙標黃暐瀚嘆他應自問與8年前有何不同
      >> 下載 https://www.ettoday.net/news/20201009/1820537.htm, 超猛麻辣鴨血豆腐狂噴汁三重新開涮涮鍋咖啡冰淇淋無限吃
      >> 下載 https://www.ettoday.net/news/20201009/1824371.htm, 一開店就排隊台南老饕最愛滷味店必點粉嫩豬肝爆漿起司燒
      >> 下載 https://www.ettoday.net/news/20201009/1827969.htm, 活化再利用興大讓廢材重生稻草花生殼麥桿變環保板材
      >> 下載 https://www.ettoday.net/news/20201009/1828057.htm, 又有新色4種迷彩口罩超時尚3天醫療展搶先送隱藏版小禮物
      >> 下載 https://www.ettoday.net/news/20201009/1827979.htm, WTO選秘書長日本政府表態反對南韓俞明希狠批級數太低
      >> 下載 https://www.ettoday.net/news/20201009/1827965.htm, 影營養師揭玉米玉米筍神秘身世它竟不是蔬菜吃錯胖2kg
      >> 下載 https://www.ettoday.net/news/20201009/1828001.htm, 炙燒鮭魚起司醬鋪滿飯上超邪惡丼飯佛心價料多味噌湯免費喝
      >> 下載 https://www.ettoday.net/news/20201009/1827759.htm, 月薪80K徵助理務必抱必死決心工作內容曝網喊我願意
      >> 下載 https://www.ettoday.net/news/20201009/1828082.htm, 美豬進口就標記民眾黨將在國發會提案溯源管理護食安
      >> 下載 https://www.ettoday.net/news/20201009/1827892.htm, 餐桌常被弄亂不信馬爾濟斯能跳上去八點檔男星目睹傻眼還以為它是兔子
      >> 下載 https://www.ettoday.net/news/20201009/1815568.htm, 亂用洗劑是踏入貓尿地獄的開始5清理步驟徹清潔
      >> 下載 https://www.ettoday.net/news/20201009/1828039.htm, 路邊玩煙火他閃燈警示秒變霹靂車網氣炸對向騎士成亮點
      >> 下載 https://www.ettoday.net/news/20201009/1827905.htm, 中職德保拉對戰布雷克運彩看好中信兄弟
      >> 下載 https://www.ettoday.net/news/20201009/1827748.htm, 中職兄弟三冠王德保拉除獅有一套統一推布雷克守護龍頭
      >> 下載 https://www.ettoday.net/news/20201009/1827925.htm, 2020台中國際動漫博覽會起跑PS女孩動漫人物驚豔登場
      >> 下載 https://www.ettoday.net/news/20201009/1827761.htm, 盲駕驚悚畫面曝斑馬線行人被當隱形小黃運將左轉直接撞飛
      >> 下載 https://www.ettoday.net/news/20201009/1828064.htm, 國慶晚會基隆登場港警出動偵爆犬無人機攔截槍全面維安
      >> 下載 https://www.ettoday.net/news/20201010/1800470.htm, 夜尿多可能與白天久站有關教你簡易計算尿液量評估腿部是否積水
      >> 下載 https://www.ettoday.net/news/20201009/1799453.htm, 長期忽略空污百病全上身10招改善室內空氣
      >> 下載 https://www.ettoday.net/news/20201009/1828127.htm, 陽明山世界級祕境藍寶石泉首度開放絕美淡藍湧泉曝光
      >> 下載 https://www.ettoday.net/news/20201009/1826628.htm, 2020最熱賣醫美保養品排行美白勝過保濕搶第一斑點暗沈最惱人
      >> 下載 https://www.ettoday.net/news/20201009/1799453.htm, 長期忽略空污百病全上身10招改善室內空氣
      >> 下載 https://www.ettoday.net/news/20201010/1826653.htm, 皇室髮型師不藏私凱特王妃護髮超平民５招學起來
      >> 下載 https://www.ettoday.net/news/20201010/1828226.htm, 快訊確診後首露面川普明在白宮公開談話12日佛州造勢
      >> 下載 https://www.ettoday.net/news/20201010/1828227.htm, 美神盾驅逐艦又進西沙共軍跳腳喊是中國領海赤裸裸的航行霸權
      >> 下載 https://www.ettoday.net/news/20201010/1828104.htm, 國慶日16壅塞路段曝國5湧出遊車潮恐從凌晨塞到下午
      >> 下載 https://www.ettoday.net/news/20201010/1828186.htm, 女三寶上國道自撞起飛翻4圈BMW神反應2秒魔性走位0傷脫出
      >> 下載 https://www.ettoday.net/news/20201010/1828120.htm, 女三寶台中神鬼右轉理由超傻眼22歲騎士閃不過撞飛輾車底亡
      >> 下載 https://www.ettoday.net/news/20201010/1827544.htm, 實習女警嫌熱不穿防彈衣被罵哭條子鴿子彈不會因為你身材好就轉彎
      >> 下載 https://www.ettoday.net/news/20201009/1828201.htm, 女星爽坐馬路中央拍美照GG了交警轉發勸刪文您違法了
      >> 下載 https://www.ettoday.net/news/20201009/1828177.htm, 日租套房潛藏危機台中業者遭重罰20萬元
      >> 下載 https://www.ettoday.net/news/20201009/1827969.htm, 活化再利用興大讓廢材重生稻草花生殼麥桿變環保板材
      >> 下載 https://www.ettoday.net/news/20201009/1827910.htm, 遊覽車變多午後出遊潮湧現國道六大地雷壅塞路段曝
