     -----> 新聞爬蟲：蘋果日報

           <<< 蘋果日報新聞搜尋 >>>
  ------------------------------------------------------
  ------------------------------------------------------
    >> 搜尋關鍵字:"工業用"; 網址:"https://tw.appledaily.com/search/工業用/"
         <<< 2020-10-11 沒有更多 "工業用" 相關的新聞 !!! >>>
  ------------------------------------------------------
    >> 搜尋關鍵字:"化工"; 網址:"https://tw.appledaily.com/search/化工/"
         >>> 找到關鍵字 "化工"; 文章資訊: 2020-10-10 20:57:00, 超跑娶親太老套台南3千萬耕耘車隊娶妻超炫, https://tw.appledaily.com/life/20201010/3M62JWUBN5G7NDX3DPHMFPPZQE/
         <<< 2020-10-11 沒有更多 "化工" 相關的新聞 !!! >>>
  ------------------------------------------------------
    >> 搜尋關鍵字:"化災"; 網址:"https://tw.appledaily.com/search/化災/"
         <<< 2020-10-11 沒有更多 "化災" 相關的新聞 !!! >>>
  ------------------------------------------------------
    >> 搜尋關鍵字:"化學"; 網址:"https://tw.appledaily.com/search/化學/"
         >>> 找到關鍵字 "化學"; 文章資訊: 2020-10-11 05:00:00, 網購18年包裹塞爆兩屋親人傻眼想全扔結果全是寶價值15億元, https://tw.appledaily.com/international/20201011/BZDQSXBLBBAR7E4FDOYC37CGS4/
         >>> 找到關鍵字 "化學"; 文章資訊: 2020-10-11 00:00:00, 好食唔懶飛楊過的炒鍋葉一南, https://tw.appledaily.com/forum/20201011/YBEAE5MRENBYVD77A674WZFBZE/
         >>> 找到關鍵字 "化學"; 文章資訊: 2020-10-11 00:06:00, 新型EUV光阻劑研發正夯富士軟片住友化學最快明年加入戰局, https://tw.appledaily.com/property/20201011/X3FXP34DRVBCDOG3ZCYQAPQLAQ/
         >>> 找到關鍵字 "化學"; 文章資訊: 2020-10-10 17:30:00, 名采葉一南專欄楊過的炒鍋, https://tw.appledaily.com/forum/20201010/46KYN4457VCMDFTI6TT4BHPQXY/
         >>> 找到關鍵字 "化學"; 文章資訊: 2020-10-10 14:30:00, 編輯基因兩隱憂跨倫理紅線與智財權爭議, https://tw.appledaily.com/forum/20201010/NLKRLLFXZ5AKLE4S3VN3LZGC4Q/
         >>> 找到關鍵字 "化學"; 文章資訊: 2020-10-10 11:30:00, 基改20基因編輯還是基因改造, https://tw.appledaily.com/forum/20201010/GFWUNVSSUFETHGDQSRAJCH3DSU/
         <<< 2020-10-11 沒有更多 "化學" 相關的新聞 !!! >>>
  ------------------------------------------------------
    >> 搜尋關鍵字:"外洩"; 網址:"https://tw.appledaily.com/search/外洩/"
         >>> 找到關鍵字 "外洩"; 文章資訊: 2020-10-10 18:04:00, 中國間諜活動頻繁日本警視廳將改組應對, https://tw.appledaily.com/international/20201010/5VA5BQIKX5A33HBZMD3U5W5SHY/
         <<< 2020-10-11 沒有更多 "外洩" 相關的新聞 !!! >>>
  ------------------------------------------------------
    >> 搜尋關鍵字:"危害"; 網址:"https://tw.appledaily.com/search/危害/"
         >>> 找到關鍵字 "危害"; 文章資訊: 2020-10-10 12:30:00, 為何判決會上報憑片面之詞寫出與世隔絕判決的法官, https://tw.appledaily.com/forum/20201010/PP64ZE4LGJDH5I2AGVHWVFXDFI/
         <<< 2020-10-11 沒有更多 "危害" 相關的新聞 !!! >>>
  ------------------------------------------------------
    >> 搜尋關鍵字:"有毒"; 網址:"https://tw.appledaily.com/search/有毒/"
      **** something wrong!! Restart it!! ****
  ------------------------------------------------------
    >> 搜尋關鍵字:"有害"; 網址:"https://tw.appledaily.com/search/有害/"
         >>> 找到關鍵字 "有害"; 文章資訊: 2020-10-10 16:35:00, 免費出租啤酒機麒麟首選台灣推廣自家精釀啤酒, https://tw.appledaily.com/property/20201010/CKHSMSVWRRFFZH5YHPSGBWE6NQ/
         <<< 2020-10-11 沒有更多 "有害" 相關的新聞 !!! >>>
  ------------------------------------------------------
    >> 搜尋關鍵字:"色料"; 網址:"https://tw.appledaily.com/search/色料/"
         <<< 2020-10-11 沒有更多 "色料" 相關的新聞 !!! >>>
  ------------------------------------------------------
    >> 搜尋關鍵字:"色素"; 網址:"https://tw.appledaily.com/search/色素/"
      **** something wrong!! Restart it!! ****
  ------------------------------------------------------
    >> 搜尋關鍵字:"毒性"; 網址:"https://tw.appledaily.com/search/毒性/"
         <<< 2020-10-11 沒有更多 "毒性" 相關的新聞 !!! >>>
  ------------------------------------------------------
    >> 搜尋關鍵字:"毒品"; 網址:"https://tw.appledaily.com/search/毒品/"
         >>> 找到關鍵字 "毒品"; 文章資訊: 2020-10-11 05:04:00, 獨家得不償失狡猾男加688元霸王油法官這理由判罰58倍, https://tw.appledaily.com/local/20201011/A7IOROUCKRCQRKJMOHCJBZUV3I/
         >>> 找到關鍵字 "毒品"; 文章資訊: 2020-10-11 00:00:00, 老婆1004封情書撐受刑人寫歌譜愛, https://tw.appledaily.com/headline/20201011/HW2PTVNU6FEM5HJE3IJXH67KKM/
         >>> 找到關鍵字 "毒品"; 文章資訊: 2020-10-10 21:11:00, 獨家通緝犯巧遇青梅竹馬逆轉人生她追到獄中結婚寫1004封情書等你出來, https://tw.appledaily.com/local/20201010/LL3YL7H4TJB65FPQMXJM3RNQ74/
         >>> 找到關鍵字 "毒品"; 文章資訊: 2020-10-10 17:24:00, 惡男強盜老翁4萬元噴毒劑又毆背他渾身傷報警逮人, https://tw.appledaily.com/local/20201010/7Z4SNLDVZNH7BJB5LPOSTWX7YQ/
         >>> 找到關鍵字 "毒品"; 文章資訊: 2020-10-10 15:00:00, 7惡煞討債竟中壢鬧區當街擄人桃警追至死巷壓制逮捕, https://tw.appledaily.com/local/20201010/WMNGSNND7VEMDFLMHE5EBMPCKY/
         <<< 2020-10-11 沒有更多 "毒品" 相關的新聞 !!! >>>
  ------------------------------------------------------
    >> 搜尋關鍵字:"致癌"; 網址:"https://tw.appledaily.com/search/致癌/"
         <<< 2020-10-11 沒有更多 "致癌" 相關的新聞 !!! >>>
  ------------------------------------------------------
    >> 搜尋關鍵字:"重金屬"; 網址:"https://tw.appledaily.com/search/重金屬/"
      **** something wrong!! Restart it!! ****
  ------------------------------------------------------
    >> 搜尋關鍵字:"食安"; 網址:"https://tw.appledaily.com/search/食安/"
         >>> 找到關鍵字 "食安"; 文章資訊: 2020-10-10 15:16:00, 美豬開放不透明專家民眾溝通參與度不足, https://tw.appledaily.com/life/20201010/OJZJK227FFGLNB7WYKVIXWOSL4/
         >>> 找到關鍵字 "食安"; 文章資訊: 2020-10-10 12:30:00, 10項3歲以下嬰幼兒用品標檢局明年強制列檢一網打盡, https://tw.appledaily.com/life/20201010/TZ7KNSHFTBCR3CUA2AWZVOOKDQ/
         >>> 找到關鍵字 "食安"; 文章資訊: 2020-10-10 12:11:00, 瘦肉精美豬輸入在即專家不解台灣社會反應太淡然不正常, https://tw.appledaily.com/life/20201010/MVWNKUWL7FE5DA5SL5L2L4RRYY/
         <<< 2020-10-11 沒有更多 "食安" 相關的新聞 !!! >>>
  ------------------------------------------------------
    >> 搜尋關鍵字:"香料"; 網址:"https://tw.appledaily.com/search/香料/"
         >>> 找到關鍵字 "香料"; 文章資訊: 2020-10-11 00:10:00, 自己動手做創意居家威士忌調酒清爽微醺超Easy, https://tw.appledaily.com/supplement/20201011/7BSQHDVZR5B5PEZA6E5PK475UU/
         >>> 找到關鍵字 "香料"; 文章資訊: 2020-10-10 20:42:00, 竹山菸草站飄文青風復古建物體驗香水DIY, https://tw.appledaily.com/supplement/20201010/SRK6IES2QJCEFB73KODFLMOA24/
         >>> 找到關鍵字 "香料"; 文章資訊: 2020-10-10 11:42:00, 讀果保健精讀濕疹萬用膏難根治亂用潤膚乳小心更癢, https://tw.appledaily.com/life/20201010/VQMZFGQIWZBMNHHEMK3LJGUXGA/
         <<< 2020-10-11 沒有更多 "香料" 相關的新聞 !!! >>>
  ------------------------------------------------------
    >> 搜尋關鍵字:"原料"; 網址:"https://tw.appledaily.com/search/原料/"
         >>> 找到關鍵字 "原料"; 文章資訊: 2020-10-11 00:05:00, 品酒小學堂3大種類威士忌蒸餾製程造就不同風味, https://tw.appledaily.com/supplement/20201011/WZUFDU7PM5EWJLENPDMHRYD5DA/
         >>> 找到關鍵字 "原料"; 文章資訊: 2020-10-10 20:43:00, 美中角力中國擬限企業進口稀土等戰略資源仿美明年推實體清單, https://tw.appledaily.com/international/20201010/XXAH6J22NBFL5LKWFVFU3XY7SU/
         <<< 2020-10-11 沒有更多 "原料" 相關的新聞 !!! >>>
  ------------------------------------------------------
    >> 搜尋關鍵字:"氣爆"; 網址:"https://tw.appledaily.com/search/氣爆/"
      **** something wrong!! Restart it!! ****
  ------------------------------------------------------
    >> 搜尋關鍵字:"添加物"; 網址:"https://tw.appledaily.com/search/添加物/"
         >>> 找到關鍵字 "添加物"; 文章資訊: 2020-10-10 12:11:00, 瘦肉精美豬輸入在即專家不解台灣社會反應太淡然不正常, https://tw.appledaily.com/life/20201010/MVWNKUWL7FE5DA5SL5L2L4RRYY/
         >>> 找到關鍵字 "添加物"; 文章資訊: 2020-10-10 11:42:00, 讀果保健精讀濕疹萬用膏難根治亂用潤膚乳小心更癢, https://tw.appledaily.com/life/20201010/VQMZFGQIWZBMNHHEMK3LJGUXGA/
         <<< 2020-10-11 沒有更多 "添加物" 相關的新聞 !!! >>>
  ------------------------------------------------------
    >> 搜尋關鍵字:"黑心"; 網址:"https://tw.appledaily.com/search/黑心/"
         <<< 2020-10-11 沒有更多 "黑心" 相關的新聞 !!! >>>
  ------------------------------------------------------
    >> 搜尋關鍵字:"漂白"; 網址:"https://tw.appledaily.com/search/漂白/"
         <<< 2020-10-11 沒有更多 "漂白" 相關的新聞 !!! >>>
  ------------------------------------------------------
    >> 搜尋關鍵字:"爆炸"; 網址:"https://tw.appledaily.com/search/爆炸/"
      **** something wrong!! Restart it!! ****
  ------------------------------------------------------
    >> 搜尋關鍵字:"新興"; 網址:"https://tw.appledaily.com/search/新興/"
         >>> 找到關鍵字 "新興"; 文章資訊: 2020-10-10 21:55:00, 滅火器現身高雄駁二開唱陳其邁露口風光榮聽三次, https://tw.appledaily.com/politics/20201010/Z43AGBUOUZHF3HA7LXXT4NEAJU/
         >>> 找到關鍵字 "新興"; 文章資訊: 2020-10-10 19:57:00, 人民幣一夕飆升158拜登勝率增人民幣多頭出籠, https://tw.appledaily.com/property/20201010/C6RTQ2JICRAINIPSDDWCRZ5RYY/
         >>> 找到關鍵字 "新興"; 文章資訊: 2020-10-10 16:00:00, 南台重劃區7國平重劃區臨港安平開發力推海景宅, https://tw.appledaily.com/property/20201010/2FNTTOKMRNB3DBML4XQGKWL6GI/
         >>> 找到關鍵字 "新興"; 文章資訊: 2020-10-10 15:00:00, 南台重劃區6北外環道路加持史博館特區吸南科新貴, https://tw.appledaily.com/property/20201010/QISPX4PYEBEOTH3ZHVXJKI7P7Y/
         >>> 找到關鍵字 "新興"; 文章資訊: 2020-10-10 14:00:00, 南台重劃區5平實重劃區捷運利多推案目標豪宅客, https://tw.appledaily.com/property/20201010/6OORCDTQ75AKFCZVC6CBE6QMQU/
         >>> 找到關鍵字 "新興"; 文章資訊: 2020-10-10 13:00:00, 南台重劃區4文山特區串連多商圈東高雄抗跌區, https://tw.appledaily.com/property/20201010/6S3QDAYG3BFNRPM52A3LPQFZTQ/
         >>> 找到關鍵字 "新興"; 文章資訊: 2020-10-10 12:00:00, 南台重劃區3中都重劃區挾綠意面公園開價3字頭, https://tw.appledaily.com/property/20201010/UDL7QCJEKJAENJLGYR3RW2JHDA/
         >>> 找到關鍵字 "新興"; 文章資訊: 2020-10-10 11:00:00, 南台重劃區2美術館特區機能全1坪28萬住豪宅, https://tw.appledaily.com/property/20201010/RFS4HVMMABAUNIW6B3A2BAAWTY/
         >>> 找到關鍵字 "新興"; 文章資訊: 2020-10-10 10:00:00, 南台重劃區1南科效應拉抬新屋成交價連漲5年, https://tw.appledaily.com/property/20201010/YTIM2DVEIBBVVIZ6LWNPUQ7H7Y/
         <<< 2020-10-11 沒有更多 "新興" 相關的新聞 !!! >>>
  ------------------------------------------------------
    >> 搜尋關鍵字:"爆裂物"; 網址:"https://tw.appledaily.com/search/爆裂物/"
         <<< 2020-10-11 沒有更多 "爆裂物" 相關的新聞 !!! >>>
  ------------------------------------------------------
    >> 搜尋關鍵字:"IED"; 網址:"https://tw.appledaily.com/search/IED/"
         <<< 2020-10-11 沒有更多 "IED" 相關的新聞 !!! >>>
  ------------------------------------------------------
    >> 搜尋關鍵字:"排放"; 網址:"https://tw.appledaily.com/search/排放/"
         <<< 2020-10-11 沒有更多 "排放" 相關的新聞 !!! >>>
  ------------------------------------------------------
    >> 搜尋關鍵字:"污染"; 網址:"https://tw.appledaily.com/search/污染/"
      **** something wrong!! Restart it!! ****
  ------------------------------------------------------
    >> 搜尋關鍵字:"廢水"; 網址:"https://tw.appledaily.com/search/廢水/"
         <<< 2020-10-11 沒有更多 "廢水" 相關的新聞 !!! >>>
  ------------------------------------------------------
    >> 搜尋關鍵字:"污水"; 網址:"https://tw.appledaily.com/search/污水/"
         <<< 2020-10-11 沒有更多 "污水" 相關的新聞 !!! >>>
  ------------------------------------------------------
    >> 搜尋關鍵字:"洩漏"; 網址:"https://tw.appledaily.com/search/洩漏/"
         <<< 2020-10-11 沒有更多 "洩漏" 相關的新聞 !!! >>>
  ------------------------------------------------------
    >> 搜尋關鍵字:"暗管"; 網址:"https://tw.appledaily.com/search/暗管/"
         <<< 2020-10-11 沒有更多 "暗管" 相關的新聞 !!! >>>
  ------------------------------------------------------
    >> 搜尋關鍵字:"偷排"; 網址:"https://tw.appledaily.com/search/偷排/"
         <<< 2020-10-11 沒有更多 "偷排" 相關的新聞 !!! >>>
  ------------------------------------------------------
    >> 搜尋關鍵字:"安全"; 網址:"https://tw.appledaily.com/search/安全/"
      **** something wrong!! Restart it!! ****
  ------------------------------------------------------
    >> 搜尋關鍵字:"槽車"; 網址:"https://tw.appledaily.com/search/槽車/"
         <<< 2020-10-11 沒有更多 "槽車" 相關的新聞 !!! >>>
       >> 檔案輸出
        ------------------------------------------------------
      >> 下載新聞內容
      >> 下載 https://tw.appledaily.com/life/20201010/3M62JWUBN5G7NDX3DPHMFPPZQE/, 超跑娶親太老套台南3千萬耕耘車隊娶妻超炫
      >> 下載 https://tw.appledaily.com/international/20201011/BZDQSXBLBBAR7E4FDOYC37CGS4/, 網購18年包裹塞爆兩屋親人傻眼想全扔結果全是寶價值15億元
      >> 下載 https://tw.appledaily.com/forum/20201011/YBEAE5MRENBYVD77A674WZFBZE/, 好食唔懶飛楊過的炒鍋葉一南
      >> 下載 https://tw.appledaily.com/property/20201011/X3FXP34DRVBCDOG3ZCYQAPQLAQ/, 新型EUV光阻劑研發正夯富士軟片住友化學最快明年加入戰局
      >> 下載 https://tw.appledaily.com/forum/20201010/46KYN4457VCMDFTI6TT4BHPQXY/, 名采葉一南專欄楊過的炒鍋
      >> 下載 https://tw.appledaily.com/forum/20201010/NLKRLLFXZ5AKLE4S3VN3LZGC4Q/, 編輯基因兩隱憂跨倫理紅線與智財權爭議
      >> 下載 https://tw.appledaily.com/forum/20201010/GFWUNVSSUFETHGDQSRAJCH3DSU/, 基改20基因編輯還是基因改造
      >> 下載 https://tw.appledaily.com/international/20201010/5VA5BQIKX5A33HBZMD3U5W5SHY/, 中國間諜活動頻繁日本警視廳將改組應對
      >> 下載 https://tw.appledaily.com/forum/20201010/PP64ZE4LGJDH5I2AGVHWVFXDFI/, 為何判決會上報憑片面之詞寫出與世隔絕判決的法官
      >> 下載 https://tw.appledaily.com/property/20201010/CKHSMSVWRRFFZH5YHPSGBWE6NQ/, 免費出租啤酒機麒麟首選台灣推廣自家精釀啤酒
      >> 下載 https://tw.appledaily.com/local/20201011/A7IOROUCKRCQRKJMOHCJBZUV3I/, 獨家得不償失狡猾男加688元霸王油法官這理由判罰58倍
      >> 下載 https://tw.appledaily.com/headline/20201011/HW2PTVNU6FEM5HJE3IJXH67KKM/, 老婆1004封情書撐受刑人寫歌譜愛
      >> 下載 https://tw.appledaily.com/local/20201010/LL3YL7H4TJB65FPQMXJM3RNQ74/, 獨家通緝犯巧遇青梅竹馬逆轉人生她追到獄中結婚寫1004封情書等你出來
      >> 下載 https://tw.appledaily.com/local/20201010/7Z4SNLDVZNH7BJB5LPOSTWX7YQ/, 惡男強盜老翁4萬元噴毒劑又毆背他渾身傷報警逮人
      >> 下載 https://tw.appledaily.com/local/20201010/WMNGSNND7VEMDFLMHE5EBMPCKY/, 7惡煞討債竟中壢鬧區當街擄人桃警追至死巷壓制逮捕
      >> 下載 https://tw.appledaily.com/life/20201010/OJZJK227FFGLNB7WYKVIXWOSL4/, 美豬開放不透明專家民眾溝通參與度不足
      >> 下載 https://tw.appledaily.com/life/20201010/TZ7KNSHFTBCR3CUA2AWZVOOKDQ/, 10項3歲以下嬰幼兒用品標檢局明年強制列檢一網打盡
      >> 下載 https://tw.appledaily.com/life/20201010/MVWNKUWL7FE5DA5SL5L2L4RRYY/, 瘦肉精美豬輸入在即專家不解台灣社會反應太淡然不正常
      >> 下載 https://tw.appledaily.com/supplement/20201011/7BSQHDVZR5B5PEZA6E5PK475UU/, 自己動手做創意居家威士忌調酒清爽微醺超Easy
      >> 下載 https://tw.appledaily.com/supplement/20201010/SRK6IES2QJCEFB73KODFLMOA24/, 竹山菸草站飄文青風復古建物體驗香水DIY
      >> 下載 https://tw.appledaily.com/life/20201010/VQMZFGQIWZBMNHHEMK3LJGUXGA/, 讀果保健精讀濕疹萬用膏難根治亂用潤膚乳小心更癢
      >> 下載 https://tw.appledaily.com/supplement/20201011/WZUFDU7PM5EWJLENPDMHRYD5DA/, 品酒小學堂3大種類威士忌蒸餾製程造就不同風味
      >> 下載 https://tw.appledaily.com/international/20201010/XXAH6J22NBFL5LKWFVFU3XY7SU/, 美中角力中國擬限企業進口稀土等戰略資源仿美明年推實體清單
      >> 下載 https://tw.appledaily.com/life/20201010/MVWNKUWL7FE5DA5SL5L2L4RRYY/, 瘦肉精美豬輸入在即專家不解台灣社會反應太淡然不正常
      >> 下載 https://tw.appledaily.com/life/20201010/VQMZFGQIWZBMNHHEMK3LJGUXGA/, 讀果保健精讀濕疹萬用膏難根治亂用潤膚乳小心更癢
      >> 下載 https://tw.appledaily.com/politics/20201010/Z43AGBUOUZHF3HA7LXXT4NEAJU/, 滅火器現身高雄駁二開唱陳其邁露口風光榮聽三次
      >> 下載 https://tw.appledaily.com/property/20201010/C6RTQ2JICRAINIPSDDWCRZ5RYY/, 人民幣一夕飆升158拜登勝率增人民幣多頭出籠
      >> 下載 https://tw.appledaily.com/property/20201010/2FNTTOKMRNB3DBML4XQGKWL6GI/, 南台重劃區7國平重劃區臨港安平開發力推海景宅
      >> 下載 https://tw.appledaily.com/property/20201010/QISPX4PYEBEOTH3ZHVXJKI7P7Y/, 南台重劃區6北外環道路加持史博館特區吸南科新貴
      >> 下載 https://tw.appledaily.com/property/20201010/6OORCDTQ75AKFCZVC6CBE6QMQU/, 南台重劃區5平實重劃區捷運利多推案目標豪宅客
      >> 下載 https://tw.appledaily.com/property/20201010/6S3QDAYG3BFNRPM52A3LPQFZTQ/, 南台重劃區4文山特區串連多商圈東高雄抗跌區
      >> 下載 https://tw.appledaily.com/property/20201010/UDL7QCJEKJAENJLGYR3RW2JHDA/, 南台重劃區3中都重劃區挾綠意面公園開價3字頭
      >> 下載 https://tw.appledaily.com/property/20201010/RFS4HVMMABAUNIW6B3A2BAAWTY/, 南台重劃區2美術館特區機能全1坪28萬住豪宅
      >> 下載 https://tw.appledaily.com/property/20201010/YTIM2DVEIBBVVIZ6LWNPUQ7H7Y/, 南台重劃區1南科效應拉抬新屋成交價連漲5年
