     -----> 新聞爬蟲：聯合新聞網

           <<< 聯合新聞網新聞搜尋 >>>
        ------------------------------------------------------
        ------------------------------------------------------
       >> 搜尋關鍵字:"工業用"; 網址:"https://udn.com/search/word/2/工業用"
         >>> 找到關鍵字 "工業用"; 文章資訊: 2020-10-01 00:40:00, 一探智慧電動機車生產秘辛Gogoro桃園龜山總部產線巡禮, https://autos.udn.com/autos/story/7825/4902067
         >>> 找到關鍵字 "工業用"; 文章資訊: 2020-09-30 14:52:54, 21世紀不動產分析2020年Q4房市發展, https://house.udn.com/house/story/7541/4900485
         >>> 找到關鍵字 "工業用"; 文章資訊: 2020-09-30 13:20:15, 台尼攜手辦產品發表會尼國盼加速經濟振興, https://udn.com/news/story/7238/4900028
         >>> 找到關鍵字 "工業用"; 文章資訊: 2020-09-30 12:25:09, 首任農水署長蔡昇甫使用者付費受影響者獲更多補償, https://udn.com/news/story/7266/4899914
         <<< 2020-10-01 沒有更多 "工業用" 相關的新聞 !!! >>>
        ------------------------------------------------------
       >> 搜尋關鍵字:"化工"; 網址:"https://udn.com/search/word/2/化工"
         >>> 找到關鍵字 "化工"; 文章資訊: 2020-10-01 00:22:21, 上曜今年估轉虧為盈, https://udn.com/news/story/7252/4901275
         >>> 找到關鍵字 "化工"; 文章資訊: 2020-10-01 00:22:19, 集團揪伴遠傳攻智慧設備產線, https://udn.com/news/story/7253/4901615
         >>> 找到關鍵字 "化工"; 文章資訊: 2020-09-30 18:31:11, 桃園偏鄉舊建築轉變生態遊學中心開啟永續行動新篇章, https://udn.com/news/story/7324/4901106
         >>> 找到關鍵字 "化工"; 文章資訊: 2020-09-30 16:35:37, 公利洋行內賊過水交易賺差價178萬警逮6嫌送辦, https://udn.com/news/story/7315/4900820
         >>> 找到關鍵字 "化工"; 文章資訊: 2020-09-30 15:48:08, 台肥基金會獎助金10月1日開始申請最高可獲3萬獎學金, https://udn.com/news/story/7266/4900690
         >>> 找到關鍵字 "化工"; 文章資訊: 2020-09-30 15:46:19, 投審會通過8件投資案金額逾258億元, https://udn.com/news/story/7238/4900675
         >>> 找到關鍵字 "化工"; 文章資訊: 2020-09-30 12:05:06, 強酸噴濺腐蝕溶穿消防衣桃園消防添置化災沖洗液, https://udn.com/news/story/7320/4899809
         >>> 找到關鍵字 "化工"; 文章資訊: 2020-09-30 12:03:24, 南鐵工程3戶拒遷中工處強制拆除勢在必行, https://udn.com/news/story/7326/4899754
         >>> 找到關鍵字 "化工"; 文章資訊: 2020-09-30 11:57:19, 澄德基金會與逢大資電學院簽備忘錄帶動產業升級, https://udn.com/news/story/7325/4899764
         <<< 2020-10-01 沒有更多 "化工" 相關的新聞 !!! >>>
        ------------------------------------------------------
       >> 搜尋關鍵字:"化災"; 網址:"https://udn.com/search/word/2/化災"
         >>> 找到關鍵字 "化災"; 文章資訊: 2020-09-30 12:05:06, 強酸噴濺腐蝕溶穿消防衣桃園消防添置化災沖洗液, https://udn.com/news/story/7320/4899809
         <<< 2020-10-01 沒有更多 "化災" 相關的新聞 !!! >>>
        ------------------------------------------------------
       >> 搜尋關鍵字:"化學"; 網址:"https://udn.com/search/word/2/化學"
         >>> 找到關鍵字 "化學"; 文章資訊: 2020-10-01 06:58:02, 事實核查首場總統候選人辯論謊話連篇, https://udn.com/news/story/121687/4902020
         >>> 找到關鍵字 "化學"; 文章資訊: 2020-10-01 00:30:31, 氫氣槽車爆炸巨響火球竄夜空, https://udn.com/news/story/7320/4902001
         >>> 找到關鍵字 "化學"; 文章資訊: 2020-10-01 00:30:18, 救災成以命換命消防英雄辛酸淚危機不只火場有, https://udn.com/news/story/120887/4901470
         >>> 找到關鍵字 "化學"; 文章資訊: 2020-09-30 20:26:05, 中職林益全不可思議接球鄭兆行給刺激, https://udn.com/news/story/7001/4901286
         >>> 找到關鍵字 "化學"; 文章資訊: 2020-09-30 18:26:37, 黑暗巨塔德意志銀行如何逃過戰後納粹清算, https://global.udn.com/global_vision/story/8663/4899445
         >>> 找到關鍵字 "化學"; 文章資訊: 2020-09-30 18:22:09, 新北三峽五寮間山筍園又4例本土登革熱累積23人確診, https://udn.com/news/story/7266/4901096
         >>> 找到關鍵字 "化學"; 文章資訊: 2020-09-30 16:35:37, 公利洋行內賊過水交易賺差價178萬警逮6嫌送辦, https://udn.com/news/story/7315/4900820
         >>> 找到關鍵字 "化學"; 文章資訊: 2020-09-30 15:53:12, 南市抽檢學校午餐瘦肉精1年5劑將提升為1學期5劑, https://udn.com/news/story/9750/4900702
         >>> 找到關鍵字 "化學"; 文章資訊: 2020-09-30 15:48:08, 台肥基金會獎助金10月1日開始申請最高可獲3萬獎學金, https://udn.com/news/story/7266/4900690
         >>> 找到關鍵字 "化學"; 文章資訊: 2020-09-30 15:46:19, 投審會通過8件投資案金額逾258億元, https://udn.com/news/story/7238/4900675
         >>> 找到關鍵字 "化學"; 文章資訊: 2020-09-30 15:39:53, 台灣防疫科技閃耀國際ELECLEANe立淨獲列WHO全球抗疫創新科技, https://udn.com/news/story/7270/4897973
         >>> 找到關鍵字 "化學"; 文章資訊: 2020-09-30 15:20:00, 癌症不是那一種癌症揭開癌細胞基因秘密的打怪冒險之旅, https://health.udn.com/health/story/6016/4900197
         >>> 找到關鍵字 "化學"; 文章資訊: 2020-09-30 14:01:09, 中秋與毛孩出遊國泰產險提醒四點不漏, https://udn.com/news/story/7239/4900235
         >>> 找到關鍵字 "化學"; 文章資訊: 2020-09-30 13:17:10, 台鹽周年慶中秋獻禮健康美麗安心看得見, https://udn.com/news/story/7270/4900086
         >>> 找到關鍵字 "化學"; 文章資訊: 2020-09-30 13:16:10, 國美館攜手Google林玉山蓮池全球看得到, https://udn.com/news/story/7266/4900027
         >>> 找到關鍵字 "化學"; 文章資訊: 2020-09-30 12:09:01, YES來電攜手鐙鋒綠能打造醇氫燃料能源二輪電動車快充站, https://autos.udn.com/autos/story/7825/4899841
         >>> 找到關鍵字 "化學"; 文章資訊: 2020-09-30 12:05:06, 強酸噴濺腐蝕溶穿消防衣桃園消防添置化災沖洗液, https://udn.com/news/story/7320/4899809
         >>> 找到關鍵字 "化學"; 文章資訊: 2020-09-30 08:53:06, 恐怖氫氣槽體交流道墜落爆炸起火民眾以為被轟炸, https://udn.com/news/story/7315/4899307
         <<< 2020-10-01 沒有更多 "化學" 相關的新聞 !!! >>>
        ------------------------------------------------------
       >> 搜尋關鍵字:"外洩"; 網址:"https://udn.com/search/word/2/外洩"
         >>> 找到關鍵字 "外洩"; 文章資訊: 2020-09-30 18:31:03, 影保釣行大轉折出海落空聚集安檢所抗議打壓, https://udn.com/news/story/6656/4901107
         >>> 找到關鍵字 "外洩"; 文章資訊: 2020-09-30 17:44:11, 新北市府推省電3招一個月可省2成電費, https://udn.com/news/story/7323/4901007
         >>> 找到關鍵字 "外洩"; 文章資訊: 2020-09-30 17:18:56, 他買薯條不到8分滿上網客訴反遭5字密碼嘲諷你很胖, https://udn.com/news/story/120912/4900743
         >>> 找到關鍵字 "外洩"; 文章資訊: 2020-09-30 14:21:12, 中市府釋疑花博卡疑義走司法途徑不能轉用, https://udn.com/news/story/7325/4900342
         >>> 找到關鍵字 "外洩"; 文章資訊: 2020-09-30 12:05:21, 公車優惠限市民綠籲善用花博卡中市府花博卡有疑義, https://udn.com/news/story/7325/4899807
         <<< 2020-10-01 沒有更多 "外洩" 相關的新聞 !!! >>>
        ------------------------------------------------------
       >> 搜尋關鍵字:"危害"; 網址:"https://udn.com/search/word/2/危害"
         >>> 找到關鍵字 "危害"; 文章資訊: 2020-10-01 01:46:13, 4台青廣西創業分享發展機遇, https://udn.com/news/story/7333/4901741
         >>> 找到關鍵字 "危害"; 文章資訊: 2020-10-01 00:30:18, 救災成以命換命消防英雄辛酸淚危機不只火場有, https://udn.com/news/story/120887/4901470
         >>> 找到關鍵字 "危害"; 文章資訊: 2020-09-30 20:14:41, 房屋租賃新制上路調整項目懶人包, https://house.udn.com/house/story/7541/4901277
         >>> 找到關鍵字 "危害"; 文章資訊: 2020-09-30 19:21:07, 南檢反毒宣導紅不讓法務部長蔡清祥擔任開球嘉賓, https://udn.com/news/story/7315/4901191
         >>> 找到關鍵字 "危害"; 文章資訊: 2020-09-30 12:05:06, 強酸噴濺腐蝕溶穿消防衣桃園消防添置化災沖洗液, https://udn.com/news/story/7320/4899809
         >>> 找到關鍵字 "危害"; 文章資訊: 2020-09-30 12:02:07, 10年陳報33次均被駁回68歲穿山甲詹龍欄終獲假釋, https://udn.com/news/story/7321/4899796
         >>> 找到關鍵字 "危害"; 文章資訊: 2020-09-30 11:57:00, 中年提早記憶減退恐和幼年吸二手菸有關, https://udn.com/news/story/7266/4899565
         >>> 找到關鍵字 "危害"; 文章資訊: 2020-09-30 09:24:12, 有機農業好幫手官田國小小農夫培養益生菌億萬大軍, https://udn.com/news/story/7326/4899345
         >>> 找到關鍵字 "危害"; 文章資訊: 2020-09-30 08:55:06, 網路購物郵包夾帶不明種子巴西展開調查, https://udn.com/news/story/6812/4899294
         <<< 2020-10-01 沒有更多 "危害" 相關的新聞 !!! >>>
        ------------------------------------------------------
       >> 搜尋關鍵字:"有毒"; 網址:"https://udn.com/search/word/2/有毒"
         >>> 找到關鍵字 "有毒"; 文章資訊: 2020-09-30 19:21:07, 南檢反毒宣導紅不讓法務部長蔡清祥擔任開球嘉賓, https://udn.com/news/story/7315/4901191
         >>> 找到關鍵字 "有毒"; 文章資訊: 2020-09-30 18:02:06, 彰化社頭泡棉工廠大火環保局派員偵測如有違失將開罰, https://udn.com/news/story/7320/4901056
         >>> 找到關鍵字 "有毒"; 文章資訊: 2020-09-30 16:49:55, 怒吼黑幫寡頭治國保加利亞不被聽見的全國大起義, https://global.udn.com/global_vision/story/8663/4887688
         >>> 找到關鍵字 "有毒"; 文章資訊: 2020-09-30 15:56:06, 登山客迷途天黑受困山區白河警搜索90分助脫困, https://udn.com/news/story/7320/4900711
         >>> 找到關鍵字 "有毒"; 文章資訊: 2020-09-30 11:35:00, 退休後的你能捨棄工作時的頭銜嗎, https://udn.com/news/story/121484/4899665
         >>> 找到關鍵字 "有毒"; 文章資訊: 2020-09-30 11:14:09, 中秋烤肉避免有毒物質煙害營養師提供無煙減碳新烤法, https://udn.com/news/story/11474/4899623
         >>> 找到關鍵字 "有毒"; 文章資訊: 2020-09-30 08:55:06, 網路購物郵包夾帶不明種子巴西展開調查, https://udn.com/news/story/6812/4899294
         <<< 2020-10-01 沒有更多 "有毒" 相關的新聞 !!! >>>
        ------------------------------------------------------
       >> 搜尋關鍵字:"有害"; 網址:"https://udn.com/search/word/2/有害"
         >>> 找到關鍵字 "有害"; 文章資訊: 2020-09-30 17:25:06, 20年偷埋事業廢棄物達6萬噸千興著手清除董座否認犯行, https://udn.com/news/story/7321/4900963
         >>> 找到關鍵字 "有害"; 文章資訊: 2020-09-30 12:06:04, 結合盟友抗藍白可能合作陳時中沒時間想這事, https://udn.com/news/story/6656/4899685
         >>> 找到關鍵字 "有害"; 文章資訊: 2020-09-30 12:05:06, 強酸噴濺腐蝕溶穿消防衣桃園消防添置化災沖洗液, https://udn.com/news/story/7320/4899809
         >>> 找到關鍵字 "有害"; 文章資訊: 2020-09-30 11:14:09, 中秋烤肉避免有毒物質煙害營養師提供無煙減碳新烤法, https://udn.com/news/story/11474/4899623
         <<< 2020-10-01 沒有更多 "有害" 相關的新聞 !!! >>>
        ------------------------------------------------------
       >> 搜尋關鍵字:"色料"; 網址:"https://udn.com/search/word/2/色料"
         <<< 2020-10-01 沒有更多 "色料" 相關的新聞 !!! >>>
        ------------------------------------------------------
       >> 搜尋關鍵字:"色素"; 網址:"https://udn.com/search/word/2/色素"
         >>> 找到關鍵字 "色素"; 文章資訊: 2020-09-30 21:47:12, 小劉送月餅討好準岳母買到山寨貨竟被逼分手, https://udn.com/news/story/7335/4900661
         >>> 找到關鍵字 "色素"; 文章資訊: 2020-09-30 19:08:09, 澎湖綠蠵龜產卵棲息保護區首見白化小龜, https://udn.com/news/story/7470/4901120
         <<< 2020-10-01 沒有更多 "色素" 相關的新聞 !!! >>>
        ------------------------------------------------------
       >> 搜尋關鍵字:"毒性"; 網址:"https://udn.com/search/word/2/毒性"
         >>> 找到關鍵字 "毒性"; 文章資訊: 2020-09-30 19:46:34, 滑起來國產奇幻手遊天空盜賊團單指上手的休閒爽Game, https://game.udn.com/game/story/10451/4901228
         <<< 2020-10-01 沒有更多 "毒性" 相關的新聞 !!! >>>
        ------------------------------------------------------
       >> 搜尋關鍵字:"毒品"; 網址:"https://udn.com/search/word/2/毒品"
         >>> 找到關鍵字 "毒品"; 文章資訊: 2020-10-01 06:50:07, 髮姐遭性侵擔憂罹愛滋病身心重創求償獲賠73萬, https://udn.com/news/story/7317/4902200
         >>> 找到關鍵字 "毒品"; 文章資訊: 2020-10-01 00:40:16, 遏止毒駕法部擬修法重罰, https://udn.com/news/story/7315/4902010
         >>> 找到關鍵字 "毒品"; 文章資訊: 2020-10-01 00:37:50, 揮別41年公職海巡署長陳國恩放下重擔陪家人, https://udn.com/news/story/10930/4902007
         >>> 找到關鍵字 "毒品"; 文章資訊: 2020-09-30 19:55:28, 張錫銘師父穿山甲詹龍欄曾靠1罐花生湯越獄申請34次假釋破紀錄出獄, https://udn.com/news/story/120884/4901134
         >>> 找到關鍵字 "毒品"; 文章資訊: 2020-09-30 19:21:07, 南檢反毒宣導紅不讓法務部長蔡清祥擔任開球嘉賓, https://udn.com/news/story/7315/4901191
         >>> 找到關鍵字 "毒品"; 文章資訊: 2020-09-30 17:31:06, 退休前一天細數陳國恩在海巡署的589天, https://udn.com/news/story/10930/4900978
         >>> 找到關鍵字 "毒品"; 文章資訊: 2020-09-30 16:53:05, 警攻堅職業賭場起獲罕見衝鋒槍, https://udn.com/news/story/7315/4900877
         >>> 找到關鍵字 "毒品"; 文章資訊: 2020-09-30 16:03:09, 影毒駕害命行政罰似乎不夠蔡清祥修法調高刑責, https://udn.com/news/story/7315/4900737
         >>> 找到關鍵字 "毒品"; 文章資訊: 2020-09-30 10:08:05, 吃媽媽在電視台買的減肥藥高校女兩度在學校昏倒, https://udn.com/news/story/7321/4899429
         <<< 2020-10-01 沒有更多 "毒品" 相關的新聞 !!! >>>
        ------------------------------------------------------
       >> 搜尋關鍵字:"致癌"; 網址:"https://udn.com/search/word/2/致癌"
         >>> 找到關鍵字 "致癌"; 文章資訊: 2020-09-30 18:05:00, 中秋連假烤肉別踩地雷4種常見烤肉食材要注意, https://health.udn.com/health/story/6037/4900852
         >>> 找到關鍵字 "致癌"; 文章資訊: 2020-09-30 13:26:40, 中秋團圓更健康譚敦慈籲以野餐取代戶外燒碳烤肉, https://health.udn.com/health/story/6037/4900137
         >>> 找到關鍵字 "致癌"; 文章資訊: 2020-09-30 11:14:09, 中秋烤肉避免有毒物質煙害營養師提供無煙減碳新烤法, https://udn.com/news/story/11474/4899623
         <<< 2020-10-01 沒有更多 "致癌" 相關的新聞 !!! >>>
        ------------------------------------------------------
       >> 搜尋關鍵字:"重金屬"; 網址:"https://udn.com/search/word/2/重金屬"
         >>> 找到關鍵字 "重金屬"; 文章資訊: 2020-09-30 17:25:06, 20年偷埋事業廢棄物達6萬噸千興著手清除董座否認犯行, https://udn.com/news/story/7321/4900963
         >>> 找到關鍵字 "重金屬"; 文章資訊: 2020-09-30 12:31:03, 開放萊豬中市藍議員批中央食安擺爛地方人仰馬翻, https://udn.com/news/story/9750/4899931
         <<< 2020-10-01 沒有更多 "重金屬" 相關的新聞 !!! >>>
        ------------------------------------------------------
       >> 搜尋關鍵字:"食安"; 網址:"https://udn.com/search/word/2/食安"
         >>> 找到關鍵字 "食安"; 文章資訊: 2020-10-01 00:57:38, 聯合報黑白集蘇揆語塞日百姓驚醒時, https://udn.com/news/story/7338/4902078
         >>> 找到關鍵字 "食安"; 文章資訊: 2020-09-30 23:48:12, 食安會報一年未開陳時中推給防疫, https://udn.com/news/story/9750/4901956
         >>> 找到關鍵字 "食安"; 文章資訊: 2020-09-30 17:43:11, 開食安會只談校園美豬議員批柯市府零檢出玩假的, https://udn.com/news/story/9750/4901005
         >>> 找到關鍵字 "食安"; 文章資訊: 2020-09-30 17:06:05, 未開食安會報避聚集葉元之陳時中代言觀光就不怕, https://udn.com/news/story/6656/4900904
         >>> 找到關鍵字 "食安"; 文章資訊: 2020-09-30 16:50:05, 藍營疑食安會報未把關美豬蘇貞昌衛福部主導, https://udn.com/news/story/9750/4900860
         >>> 找到關鍵字 "食安"; 文章資訊: 2020-09-30 16:09:13, 南市教師組織食農教育真好玩窯烤披薩驚呼連連, https://udn.com/news/story/7326/4900752
         >>> 找到關鍵字 "食安"; 文章資訊: 2020-09-30 15:53:12, 南市抽檢學校午餐瘦肉精1年5劑將提升為1學期5劑, https://udn.com/news/story/9750/4900702
         >>> 找到關鍵字 "食安"; 文章資訊: 2020-09-30 15:21:05, 國民黨中常會江啟臣在強調食安, https://udn.com/news/story/6656/4900584
         >>> 找到關鍵字 "食安"; 文章資訊: 2020-09-30 15:11:00, 食安健康捐開徵否陳時中首度表態, https://health.udn.com/health/story/6010/4900272
         >>> 找到關鍵字 "食安"; 文章資訊: 2020-09-30 15:09:04, 食安會報停擺一年怎把關美豬蘇貞昌不在會報討論, https://udn.com/news/story/6656/4900547
         >>> 找到關鍵字 "食安"; 文章資訊: 2020-09-30 15:00:06, 中秋將至江啟臣天涯此時應放下歧異攜手抗病毒, https://udn.com/news/story/120940/4900500
         >>> 找到關鍵字 "食安"; 文章資訊: 2020-09-30 14:41:51, 江啟臣批食安外交籲講清楚台美關係, https://udn.com/news/story/9750/4900396
         >>> 找到關鍵字 "食安"; 文章資訊: 2020-09-30 14:40:42, 阻萊豬於台中境外盧秀燕堅定零檢出, https://udn.com/news/story/9750/4900392
         >>> 找到關鍵字 "食安"; 文章資訊: 2020-09-30 14:12:00, 美豬開徵食安健康捐挹注健保陳時中認為不適合, https://health.udn.com/health/story/6010/4900006
         >>> 找到關鍵字 "食安"; 文章資訊: 2020-09-30 14:07:03, 食安健康捐開徵否陳時中首度表態, https://udn.com/news/story/6656/4900272
         >>> 找到關鍵字 "食安"; 文章資訊: 2020-09-30 14:00:00, 民調顯示六成民眾不贊成開放含萊劑美豬, https://health.udn.com/health/story/6010/4900183
         >>> 找到關鍵字 "食安"; 文章資訊: 2020-09-30 13:47:05, 南蘇丹物資不足UN招安叛軍陷僵局, https://udn.com/news/story/6809/4900144
         >>> 找到關鍵字 "食安"; 文章資訊: 2020-09-30 13:44:04, 民調顯示六成民眾不贊成開放含萊劑美豬, https://udn.com/news/story/9750/4900183
         >>> 找到關鍵字 "食安"; 文章資訊: 2020-09-30 13:19:03, 美豬開徵食安健康捐挹注健保陳時中認為不適合, https://udn.com/news/story/9750/4900006
         >>> 找到關鍵字 "食安"; 文章資訊: 2020-09-30 12:31:03, 開放萊豬中市藍議員批中央食安擺爛地方人仰馬翻, https://udn.com/news/story/9750/4899931
        ------------------------------------------------------
       >> 搜尋關鍵字:"香料"; 網址:"https://udn.com/search/word/2/香料"
         >>> 找到關鍵字 "香料"; 文章資訊: 2020-10-01 00:00:12, 筊白筍秋刀魚絲瓜中秋烤肉常見食材熱量表, https://health.udn.com/health/story/6037/4894868
         >>> 找到關鍵字 "香料"; 文章資訊: 2020-09-30 16:39:09, 滿千送200打卡送冰米其林一星泰菜頌丹樂登台, https://udn.com/news/story/7270/4900838
         >>> 找到關鍵字 "香料"; 文章資訊: 2020-09-30 16:37:03, 滿千送200打卡送冰米其林一星泰菜頌丹樂登台, https://style.udn.com/style/story/11350/4900838
         >>> 找到關鍵字 "香料"; 文章資訊: 2020-09-30 13:19:10, 三國控必收JohnnieWalkerXR21三國領袖限定版, https://udn.com/news/story/7270/4900094
         >>> 找到關鍵字 "香料"; 文章資訊: 2020-09-30 13:18:02, 三國控必收JohnnieWalkerXR21三國領袖限定版, https://style.udn.com/style/story/11350/4900094
         >>> 找到關鍵字 "香料"; 文章資訊: 2020-09-30 11:21:09, 集結國人最愛食材南基醫院擬出減鹽增健康烤肉餐, https://udn.com/news/story/7266/4899635
         <<< 2020-10-01 沒有更多 "香料" 相關的新聞 !!! >>>
        ------------------------------------------------------
       >> 搜尋關鍵字:"原料"; 網址:"https://udn.com/search/word/2/原料"
         >>> 找到關鍵字 "原料"; 文章資訊: 2020-10-01 01:42:13, 財新數據下滑與官方不同調, https://udn.com/news/story/7333/4901788
         >>> 找到關鍵字 "原料"; 文章資訊: 2020-10-01 00:18:23, 口罩國家隊又出包委託地下工廠增產, https://udn.com/news/story/7315/4902003
         >>> 找到關鍵字 "原料"; 文章資訊: 2020-09-30 21:47:12, 小劉送月餅討好準岳母買到山寨貨竟被逼分手, https://udn.com/news/story/7335/4900661
         >>> 找到關鍵字 "原料"; 文章資訊: 2020-09-30 18:26:37, 黑暗巨塔德意志銀行如何逃過戰後納粹清算, https://global.udn.com/global_vision/story/8663/4899445
         >>> 找到關鍵字 "原料"; 文章資訊: 2020-09-30 17:52:08, 培育烘焙菁英德麥攜手景文科技大學進行產學合作, https://udn.com/news/story/7241/4901024
         >>> 找到關鍵字 "原料"; 文章資訊: 2020-09-30 16:38:10, 青梅霜淇淋蔬食肉丸10月IKEA一口氣推出8款新菜, https://udn.com/news/story/7270/4900836
         >>> 找到關鍵字 "原料"; 文章資訊: 2020-09-30 16:37:02, 青梅霜淇淋蔬食肉丸10月IKEA一口氣推出8款新菜, https://style.udn.com/style/story/11350/4900836
         >>> 找到關鍵字 "原料"; 文章資訊: 2020-09-30 15:53:12, 南市抽檢學校午餐瘦肉精1年5劑將提升為1學期5劑, https://udn.com/news/story/9750/4900702
         >>> 找到關鍵字 "原料"; 文章資訊: 2020-09-30 15:46:19, 投審會通過8件投資案金額逾258億元, https://udn.com/news/story/7238/4900675
         >>> 找到關鍵字 "原料"; 文章資訊: 2020-09-30 15:39:53, 台灣防疫科技閃耀國際ELECLEANe立淨獲列WHO全球抗疫創新科技, https://udn.com/news/story/7270/4897973
         >>> 找到關鍵字 "原料"; 文章資訊: 2020-09-30 15:36:13, 肉廠員工把新冠肺炎帶回家妻染疫亡控告老闆沒做好防疫, https://udn.com/news/story/120944/4900596
         >>> 找到關鍵字 "原料"; 文章資訊: 2020-09-30 14:19:11, 全新蘇格蘭酒廠艾德麥康首款威士忌年底抵台, https://udn.com/news/story/7270/4900326
         >>> 找到關鍵字 "原料"; 文章資訊: 2020-09-30 14:18:03, 全新蘇格蘭酒廠艾德麥康首款威士忌年底抵台, https://style.udn.com/style/story/11350/4900326
         >>> 找到關鍵字 "原料"; 文章資訊: 2020-09-30 14:07:47, 理科跨進感性CircuPlus黃暐程用科技暖心奉茶, https://ubrand.udn.com/ubrand/story/11817/4900296
         >>> 找到關鍵字 "原料"; 文章資訊: 2020-09-30 12:22:14, 財新大陸9月製造業PMI微降與官方不同調, https://udn.com/news/story/7333/4899904
         >>> 找到關鍵字 "原料"; 文章資訊: 2020-09-30 11:35:06, 口罩國家隊又出槌委託未經許可公司製造檢調搜索, https://udn.com/news/story/7315/4899696
         <<< 2020-10-01 沒有更多 "原料" 相關的新聞 !!! >>>
        ------------------------------------------------------
       >> 搜尋關鍵字:"氣爆"; 網址:"https://udn.com/search/word/2/氣爆"
         >>> 找到關鍵字 "氣爆"; 文章資訊: 2020-10-01 00:30:31, 氫氣槽車爆炸巨響火球竄夜空, https://udn.com/news/story/7320/4902001
         >>> 找到關鍵字 "氣爆"; 文章資訊: 2020-09-30 14:13:04, 被查306元參選捐款羅智強批陳菊不打老虎卻雞蛋挑骨, https://udn.com/news/story/6656/4900304
         >>> 找到關鍵字 "氣爆"; 文章資訊: 2020-09-30 08:53:06, 恐怖氫氣槽體交流道墜落爆炸起火民眾以為被轟炸, https://udn.com/news/story/7315/4899307
         <<< 2020-10-01 沒有更多 "氣爆" 相關的新聞 !!! >>>
        ------------------------------------------------------
       >> 搜尋關鍵字:"添加物"; 網址:"https://udn.com/search/word/2/添加物"
         >>> 找到關鍵字 "添加物"; 文章資訊: 2020-09-30 17:43:11, 開食安會只談校園美豬議員批柯市府零檢出玩假的, https://udn.com/news/story/9750/4901005
         >>> 找到關鍵字 "添加物"; 文章資訊: 2020-09-30 15:39:53, 台灣防疫科技閃耀國際ELECLEANe立淨獲列WHO全球抗疫創新科技, https://udn.com/news/story/7270/4897973
         <<< 2020-10-01 沒有更多 "添加物" 相關的新聞 !!! >>>
        ------------------------------------------------------
       >> 搜尋關鍵字:"黑心"; 網址:"https://udn.com/search/word/2/黑心"
         >>> 找到關鍵字 "黑心"; 文章資訊: 2020-09-30 22:31:46, 改變漁港風貌新北推夜經濟, https://udn.com/news/story/7323/4901501
         >>> 找到關鍵字 "黑心"; 文章資訊: 2020-09-30 12:47:06, 網傳梨山玫瑰李滯銷助義賣陳吉仲詐騙手法嚴厲偵辦, https://udn.com/news/story/7320/4899990
         <<< 2020-10-01 沒有更多 "黑心" 相關的新聞 !!! >>>
        ------------------------------------------------------
       >> 搜尋關鍵字:"漂白"; 網址:"https://udn.com/search/word/2/漂白"
         >>> 找到關鍵字 "漂白"; 文章資訊: 2020-10-01 00:48:10, 川普全程插話拜登怒斥小丑美大選辯論淪鬧劇, https://udn.com/news/story/121687/4902080
         >>> 找到關鍵字 "漂白"; 文章資訊: 2020-09-30 13:41:16, 癢到不行以為過敏指縫驚見蟲穴道才發現是疥瘡, https://health.udn.com/health/story/5971/4900180
         >>> 找到關鍵字 "漂白"; 文章資訊: 2020-09-30 10:20:07, 美國總統大選首場辯論吵成一團CNN主播見過最混亂的辯論這是羞恥, https://udn.com/news/story/121687/4899314
         <<< 2020-10-01 沒有更多 "漂白" 相關的新聞 !!! >>>
        ------------------------------------------------------
       >> 搜尋關鍵字:"爆炸"; 網址:"https://udn.com/search/word/2/爆炸"
         >>> 找到關鍵字 "爆炸"; 文章資訊: 2020-10-01 00:30:31, 氫氣槽車爆炸巨響火球竄夜空, https://udn.com/news/story/7320/4902001
         >>> 找到關鍵字 "爆炸"; 文章資訊: 2020-10-01 00:30:18, 救災成以命換命消防英雄辛酸淚危機不只火場有, https://udn.com/news/story/120887/4901470
         >>> 找到關鍵字 "爆炸"; 文章資訊: 2020-09-30 20:14:41, 房屋租賃新制上路調整項目懶人包, https://house.udn.com/house/story/7541/4901277
         >>> 找到關鍵字 "爆炸"; 文章資訊: 2020-09-30 19:38:01, 許老三想割雙眼皮小S忍怒火中燒轉念我可能已失智, https://stars.udn.com/star/story/10089/4901221
         >>> 找到關鍵字 "爆炸"; 文章資訊: 2020-09-30 19:26:07, 八仙案今再宣判2案玩色瑞博累計得賠償傷者4700多萬, https://udn.com/news/story/7321/4901203
         >>> 找到關鍵字 "爆炸"; 文章資訊: 2020-09-30 18:26:37, 黑暗巨塔德意志銀行如何逃過戰後納粹清算, https://global.udn.com/global_vision/story/8663/4899445
         >>> 找到關鍵字 "爆炸"; 文章資訊: 2020-09-30 18:22:05, 巴黎傳出巨大爆炸聲警方叫民眾不必報案, https://udn.com/news/story/6809/4901100
         >>> 找到關鍵字 "爆炸"; 文章資訊: 2020-09-30 12:11:54, 台中女學生搭公車被噁女偷摸座椅慘被染紅僅1男相助, https://udn.com/news/story/120911/4899715
         >>> 找到關鍵字 "爆炸"; 文章資訊: 2020-09-30 12:05:06, 強酸噴濺腐蝕溶穿消防衣桃園消防添置化災沖洗液, https://udn.com/news/story/7320/4899809
         >>> 找到關鍵字 "爆炸"; 文章資訊: 2020-09-30 08:53:06, 恐怖氫氣槽體交流道墜落爆炸起火民眾以為被轟炸, https://udn.com/news/story/7315/4899307
         <<< 2020-10-01 沒有更多 "爆炸" 相關的新聞 !!! >>>
        ------------------------------------------------------
       >> 搜尋關鍵字:"新興"; 網址:"https://udn.com/search/word/2/新興"
         >>> 找到關鍵字 "新興"; 文章資訊: 2020-10-01 01:43:11, 四大行資本缺口達13兆, https://udn.com/news/story/7333/4901802
         >>> 找到關鍵字 "新興"; 文章資訊: 2020-10-01 01:11:07, 央行護出口台幣變最弱亞幣, https://udn.com/news/story/7239/4901920
         >>> 找到關鍵字 "新興"; 文章資訊: 2020-09-30 23:19:02, 竹縣AI智慧園區開始招商了, https://udn.com/news/story/7324/4901551
         >>> 找到關鍵字 "新興"; 文章資訊: 2020-09-30 22:57:09, 中秋節連假吸客潮流之夜豪華露營區high翻旗津, https://udn.com/news/story/11474/4901648
         >>> 找到關鍵字 "新興"; 文章資訊: 2020-09-30 21:15:05, 中秋團圓又團結綠營湧言會同步慶佳節搶攻網路社群, https://udn.com/news/story/6656/4901373
         >>> 找到關鍵字 "新興"; 文章資訊: 2020-09-30 20:37:01, 陸股基金買點浮現, https://fund.udn.com/fund/story/5854/4901294
         >>> 找到關鍵字 "新興"; 文章資訊: 2020-09-30 19:59:06, 最強亞幣變升幅最末新台幣Q3升幅183, https://udn.com/news/story/7239/4901243
         >>> 找到關鍵字 "新興"; 文章資訊: 2020-09-30 19:21:07, 南檢反毒宣導紅不讓法務部長蔡清祥擔任開球嘉賓, https://udn.com/news/story/7315/4901191
         >>> 找到關鍵字 "新興"; 文章資訊: 2020-09-30 13:01:53, 青綠登場下善用線上轉線下吸納青年軍民進黨不怕新興小黨搶人, https://udn.com/news/story/120884/4899370
         >>> 找到關鍵字 "新興"; 文章資訊: 2020-09-30 12:51:07, VMware聯手六大咖推混合雲解決方案, https://udn.com/news/story/7240/4899997
         >>> 找到關鍵字 "新興"; 文章資訊: 2020-09-30 11:58:09, 竹縣AI智慧園區即日起至11月16日公告招商, https://udn.com/news/story/7240/4899768
         >>> 找到關鍵字 "新興"; 文章資訊: 2020-09-30 09:33:06, 人民幣本季創貿易戰來最大升幅美元淪落利差交易貨幣, https://udn.com/news/story/6811/4899356
         >>> 找到關鍵字 "新興"; 文章資訊: 2020-09-30 08:25:34, 中秋連假出遊返鄉必看高乘載管制提早國道匝道封閉公路客運租車優惠總整理, https://udn.com/news/story/11474/4897397
         <<< 2020-10-01 沒有更多 "新興" 相關的新聞 !!! >>>
        ------------------------------------------------------
       >> 搜尋關鍵字:"爆裂物"; 網址:"https://udn.com/search/word/2/爆裂物"
         >>> 找到關鍵字 "爆裂物"; 文章資訊: 2020-10-01 06:52:02, 慢慢讀詩嚴忠政月亮明白, https://udn.com/news/story/12661/4900206
         <<< 2020-10-01 沒有更多 "爆裂物" 相關的新聞 !!! >>>
        ------------------------------------------------------
       >> 搜尋關鍵字:"IED"; 網址:"https://udn.com/search/word/2/IED"
         <<< 2020-10-01 沒有更多 "IED" 相關的新聞 !!! >>>
        ------------------------------------------------------
       >> 搜尋關鍵字:"排放"; 網址:"https://udn.com/search/word/2/排放"
         >>> 找到關鍵字 "排放"; 文章資訊: 2020-09-30 20:49:02, 施羅德大調查45投資人挺永續基金, https://fund.udn.com/fund/story/5858/4901313
         >>> 找到關鍵字 "排放"; 文章資訊: 2020-09-30 17:15:00, 安全為先保時捷Taycan為24小時利曼賽事安全前導車, https://autos.udn.com/autos/story/7826/4900905
         >>> 找到關鍵字 "排放"; 文章資訊: 2020-09-30 14:55:28, 世足奧運插旗全球的男人這回要讓口罩也旗海飄揚, https://udn.com/news/story/120887/4899996
         >>> 找到關鍵字 "排放"; 文章資訊: 2020-09-30 14:46:13, 中秋連假台南空氣品質佳適合出遊聚會, https://udn.com/news/story/7326/4900472
         >>> 找到關鍵字 "排放"; 文章資訊: 2020-09-30 14:22:12, 北市南港大坑溪遭黃水汙染元凶為勝岳營造工地, https://udn.com/news/story/7323/4900354
         >>> 找到關鍵字 "排放"; 文章資訊: 2020-09-30 12:09:01, YES來電攜手鐙鋒綠能打造醇氫燃料能源二輪電動車快充站, https://autos.udn.com/autos/story/7825/4899841
         >>> 找到關鍵字 "排放"; 文章資訊: 2020-09-30 07:44:09, 男寶寶在媽媽子宮裡尿尿醫師分享難得一見畫面, https://udn.com/news/story/7266/4899268
         >>> 找到關鍵字 "排放"; 文章資訊: 2020-09-30 07:44:02, 男寶寶在媽媽子宮裡尿尿醫師分享難得一見畫面, https://health.udn.com/health/story/6056/4899268
         <<< 2020-10-01 沒有更多 "排放" 相關的新聞 !!! >>>
        ------------------------------------------------------
       >> 搜尋關鍵字:"污染"; 網址:"https://udn.com/search/word/2/污染"
         >>> 找到關鍵字 "污染"; 文章資訊: 2020-09-30 16:25:08, 綠色採購模範生中壽去年花7173萬元愛地球, https://udn.com/news/story/7239/4900803
         >>> 找到關鍵字 "污染"; 文章資訊: 2020-09-30 15:39:53, 台灣防疫科技閃耀國際ELECLEANe立淨獲列WHO全球抗疫創新科技, https://udn.com/news/story/7270/4897973
         >>> 找到關鍵字 "污染"; 文章資訊: 2020-09-30 13:37:10, 中秋出遊留意空氣品質中南部可能亮橘燈, https://udn.com/news/story/7266/4900148
         <<< 2020-10-01 沒有更多 "污染" 相關的新聞 !!! >>>
        ------------------------------------------------------
       >> 搜尋關鍵字:"廢水"; 網址:"https://udn.com/search/word/2/廢水"
         >>> 找到關鍵字 "廢水"; 文章資訊: 2020-10-01 01:47:13, 烏梁素海生態補水破消失預言, https://udn.com/news/story/7332/4901706
         >>> 找到關鍵字 "廢水"; 文章資訊: 2020-09-30 14:55:28, 世足奧運插旗全球的男人這回要讓口罩也旗海飄揚, https://udn.com/news/story/120887/4899996
         >>> 找到關鍵字 "廢水"; 文章資訊: 2020-09-30 14:22:12, 北市南港大坑溪遭黃水汙染元凶為勝岳營造工地, https://udn.com/news/story/7323/4900354
         <<< 2020-10-01 沒有更多 "廢水" 相關的新聞 !!! >>>
        ------------------------------------------------------
       >> 搜尋關鍵字:"污水"; 網址:"https://udn.com/search/word/2/污水"
         >>> 找到關鍵字 "污水"; 文章資訊: 2020-09-30 14:22:12, 北市南港大坑溪遭黃水汙染元凶為勝岳營造工地, https://udn.com/news/story/7323/4900354
         <<< 2020-10-01 沒有更多 "污水" 相關的新聞 !!! >>>
        ------------------------------------------------------
       >> 搜尋關鍵字:"洩漏"; 網址:"https://udn.com/search/word/2/洩漏"
         >>> 找到關鍵字 "洩漏"; 文章資訊: 2020-09-30 16:13:57, 避免影響大選華郵籲慎用匿名消息, https://udn.com/news/story/121687/4900717
         >>> 找到關鍵字 "洩漏"; 文章資訊: 2020-09-30 15:20:43, 行蹤洩漏她用手機語音輸入背景音請支援收銀亂入line訊息, https://udn.com/news/story/7088/4900225
         >>> 找到關鍵字 "洩漏"; 文章資訊: 2020-09-30 12:05:06, 強酸噴濺腐蝕溶穿消防衣桃園消防添置化災沖洗液, https://udn.com/news/story/7320/4899809
         >>> 找到關鍵字 "洩漏"; 文章資訊: 2020-09-30 10:50:08, 纏訟15年禿鷹案李進誠更三審判6月得易科罰金之刑, https://udn.com/news/story/7321/4899533
         >>> 找到關鍵字 "洩漏"; 文章資訊: 2020-09-30 09:38:07, 放水藥商還洩露檢舉人個資台南衛生局前技正判1年8月, https://udn.com/news/story/7321/4899363
         >>> 找到關鍵字 "洩漏"; 文章資訊: 2020-09-30 08:53:06, 恐怖氫氣槽體交流道墜落爆炸起火民眾以為被轟炸, https://udn.com/news/story/7315/4899307
         <<< 2020-10-01 沒有更多 "洩漏" 相關的新聞 !!! >>>
        ------------------------------------------------------
       >> 搜尋關鍵字:"暗管"; 網址:"https://udn.com/search/word/2/暗管"
         <<< 2020-10-01 沒有更多 "暗管" 相關的新聞 !!! >>>
        ------------------------------------------------------
       >> 搜尋關鍵字:"偷排"; 網址:"https://udn.com/search/word/2/偷排"
         <<< 2020-10-01 沒有更多 "偷排" 相關的新聞 !!! >>>
        ------------------------------------------------------
       >> 搜尋關鍵字:"安全"; 網址:"https://udn.com/search/word/2/安全"
         >>> 找到關鍵字 "安全"; 文章資訊: 2020-10-01 06:14:00, 顏敏如中瑞友好當中立國瑞士遇上獨裁者中國, https://opinion.udn.com/opinion/story/6785/4896580
         >>> 找到關鍵字 "安全"; 文章資訊: 2020-10-01 06:00:00, 朱玲炎夏吃冰去, https://udn.com/news/story/12663/4895308
         >>> 找到關鍵字 "安全"; 文章資訊: 2020-10-01 05:46:06, 美國會報告籲檢討對台政策支持更名為台灣代表處, https://udn.com/news/story/6813/4902181
         >>> 找到關鍵字 "安全"; 文章資訊: 2020-10-01 04:53:06, 美國會報告籲與台洽簽貿協允代表處以台灣命名, https://udn.com/news/story/6813/4902138
         >>> 找到關鍵字 "安全"; 文章資訊: 2020-10-01 04:51:31, 股指雖走升仍創6個月來首度單月下跌, https://udn.com/news/story/6811/4902167
         >>> 找到關鍵字 "安全"; 文章資訊: 2020-10-01 04:05:04, 台灣NGO女性代表國際發聲艱困蕭美琴抱不平, https://udn.com/news/story/6656/4902153
         >>> 找到關鍵字 "安全"; 文章資訊: 2020-10-01 02:38:00, 經濟日報社論系統整合輸出提升科技業形象, https://udn.com/news/story/7338/4901958
         >>> 找到關鍵字 "安全"; 文章資訊: 2020-10-01 02:13:06, 亞美尼亞與亞塞拜然交戰第4日國際籲協商遭拒, https://udn.com/news/story/6809/4902112
         >>> 找到關鍵字 "安全"; 文章資訊: 2020-10-01 01:47:13, 烏梁素海生態補水破消失預言, https://udn.com/news/story/7332/4901706
         >>> 找到關鍵字 "安全"; 文章資訊: 2020-10-01 01:46:13, 十一跨省遊挹注陸航空業10, https://udn.com/news/story/7333/4901731
         >>> 找到關鍵字 "安全"; 文章資訊: 2020-10-01 01:00:08, 聯合報社論抱歉這種能源政策就是國安漏洞, https://udn.com/news/story/7338/4902074
         >>> 找到關鍵字 "安全"; 文章資訊: 2020-10-01 00:48:10, 川普全程插話拜登怒斥小丑美大選辯論淪鬧劇, https://udn.com/news/story/121687/4902080
         >>> 找到關鍵字 "安全"; 文章資訊: 2020-10-01 00:32:00, 罕見港府連發警告十一勿遊行, https://udn.com/news/story/7331/4901923
         >>> 找到關鍵字 "安全"; 文章資訊: 2020-10-01 00:30:38, 校園會客室郭爸帶孩子上山昆蟲攝影常勝軍, https://udn.com/news/story/6898/4901985
         >>> 找到關鍵字 "安全"; 文章資訊: 2020-10-01 00:30:18, 救災成以命換命消防英雄辛酸淚危機不只火場有, https://udn.com/news/story/120887/4901470
         >>> 找到關鍵字 "安全"; 文章資訊: 2020-10-01 00:22:22, 星通搶進MCC毛利率亮眼, https://udn.com/news/story/7253/4901268
         >>> 找到關鍵字 "安全"; 文章資訊: 2020-10-01 00:22:19, 集團揪伴遠傳攻智慧設備產線, https://udn.com/news/story/7253/4901615
         >>> 找到關鍵字 "安全"; 文章資訊: 2020-10-01 00:21:15, 黑道共諜淪棄子被對岸遣送回台判刑, https://udn.com/news/story/7321/4901995
         >>> 找到關鍵字 "安全"; 文章資訊: 2020-10-01 00:09:00, 上班不開心離職後寫出俗女養成記作家江鵝真正的快樂是不做什麼就很快樂, https://health.udn.com/health/story/10429/4897707
         >>> 找到關鍵字 "安全"; 文章資訊: 2020-10-01 00:03:00, 落枕可以靠熱敷或伸展舒緩醫先確定原因自行處置嚴重恐中風, https://health.udn.com/health/story/5967/4890181
        ------------------------------------------------------
       >> 搜尋關鍵字:"槽車"; 網址:"https://udn.com/search/word/2/槽車"
         >>> 找到關鍵字 "槽車"; 文章資訊: 2020-10-01 00:30:31, 氫氣槽車爆炸巨響火球竄夜空, https://udn.com/news/story/7320/4902001
         >>> 找到關鍵字 "槽車"; 文章資訊: 2020-09-30 12:05:06, 強酸噴濺腐蝕溶穿消防衣桃園消防添置化災沖洗液, https://udn.com/news/story/7320/4899809
         >>> 找到關鍵字 "槽車"; 文章資訊: 2020-09-30 10:01:06, 氫氣槽車自撞駕駛飛出車外疑行經交流道彎處操作失控, https://udn.com/news/story/7315/4899404
         >>> 找到關鍵字 "槽車"; 文章資訊: 2020-09-30 08:53:06, 恐怖氫氣槽體交流道墜落爆炸起火民眾以為被轟炸, https://udn.com/news/story/7315/4899307
         <<< 2020-10-01 沒有更多 "槽車" 相關的新聞 !!! >>>
       >> 檔案輸出
        ------------------------------------------------------
      >> 下載新聞內容
      >> 下載 https://autos.udn.com/autos/story/7825/4902067, 一探智慧電動機車生產秘辛Gogoro桃園龜山總部產線巡禮
      >> 下載 https://house.udn.com/house/story/7541/4900485, 21世紀不動產分析2020年Q4房市發展
      >> 下載 https://udn.com/news/story/7238/4900028, 台尼攜手辦產品發表會尼國盼加速經濟振興
      >> 下載 https://udn.com/news/story/7266/4899914, 首任農水署長蔡昇甫使用者付費受影響者獲更多補償
      >> 下載 https://udn.com/news/story/7252/4901275, 上曜今年估轉虧為盈
      >> 下載 https://udn.com/news/story/7253/4901615, 集團揪伴遠傳攻智慧設備產線
      >> 下載 https://udn.com/news/story/7324/4901106, 桃園偏鄉舊建築轉變生態遊學中心開啟永續行動新篇章
      >> 下載 https://udn.com/news/story/7315/4900820, 公利洋行內賊過水交易賺差價178萬警逮6嫌送辦
      >> 下載 https://udn.com/news/story/7266/4900690, 台肥基金會獎助金10月1日開始申請最高可獲3萬獎學金
      >> 下載 https://udn.com/news/story/7238/4900675, 投審會通過8件投資案金額逾258億元
      >> 下載 https://udn.com/news/story/7320/4899809, 強酸噴濺腐蝕溶穿消防衣桃園消防添置化災沖洗液
      >> 下載 https://udn.com/news/story/7326/4899754, 南鐵工程3戶拒遷中工處強制拆除勢在必行
      >> 下載 https://udn.com/news/story/7325/4899764, 澄德基金會與逢大資電學院簽備忘錄帶動產業升級
      >> 下載 https://udn.com/news/story/7320/4899809, 強酸噴濺腐蝕溶穿消防衣桃園消防添置化災沖洗液
      >> 下載 https://udn.com/news/story/121687/4902020, 事實核查首場總統候選人辯論謊話連篇
      >> 下載 https://udn.com/news/story/7320/4902001, 氫氣槽車爆炸巨響火球竄夜空
      >> 下載 https://udn.com/news/story/120887/4901470, 救災成以命換命消防英雄辛酸淚危機不只火場有
      >> 下載 https://udn.com/news/story/7001/4901286, 中職林益全不可思議接球鄭兆行給刺激
      >> 下載 https://global.udn.com/global_vision/story/8663/4899445, 黑暗巨塔德意志銀行如何逃過戰後納粹清算
      >> 下載 https://udn.com/news/story/7266/4901096, 新北三峽五寮間山筍園又4例本土登革熱累積23人確診
      >> 下載 https://udn.com/news/story/7315/4900820, 公利洋行內賊過水交易賺差價178萬警逮6嫌送辦
      >> 下載 https://udn.com/news/story/9750/4900702, 南市抽檢學校午餐瘦肉精1年5劑將提升為1學期5劑
      >> 下載 https://udn.com/news/story/7266/4900690, 台肥基金會獎助金10月1日開始申請最高可獲3萬獎學金
      >> 下載 https://udn.com/news/story/7238/4900675, 投審會通過8件投資案金額逾258億元
      >> 下載 https://udn.com/news/story/7270/4897973, 台灣防疫科技閃耀國際ELECLEANe立淨獲列WHO全球抗疫創新科技
      >> 下載 https://health.udn.com/health/story/6016/4900197, 癌症不是那一種癌症揭開癌細胞基因秘密的打怪冒險之旅
      >> 下載 https://udn.com/news/story/7239/4900235, 中秋與毛孩出遊國泰產險提醒四點不漏
      >> 下載 https://udn.com/news/story/7270/4900086, 台鹽周年慶中秋獻禮健康美麗安心看得見
      >> 下載 https://udn.com/news/story/7266/4900027, 國美館攜手Google林玉山蓮池全球看得到
      >> 下載 https://autos.udn.com/autos/story/7825/4899841, YES來電攜手鐙鋒綠能打造醇氫燃料能源二輪電動車快充站
      >> 下載 https://udn.com/news/story/7320/4899809, 強酸噴濺腐蝕溶穿消防衣桃園消防添置化災沖洗液
      >> 下載 https://udn.com/news/story/7315/4899307, 恐怖氫氣槽體交流道墜落爆炸起火民眾以為被轟炸
      >> 下載 https://udn.com/news/story/6656/4901107, 影保釣行大轉折出海落空聚集安檢所抗議打壓
      >> 下載 https://udn.com/news/story/7323/4901007, 新北市府推省電3招一個月可省2成電費
      >> 下載 https://udn.com/news/story/120912/4900743, 他買薯條不到8分滿上網客訴反遭5字密碼嘲諷你很胖
      >> 下載 https://udn.com/news/story/7325/4900342, 中市府釋疑花博卡疑義走司法途徑不能轉用
      >> 下載 https://udn.com/news/story/7325/4899807, 公車優惠限市民綠籲善用花博卡中市府花博卡有疑義
      >> 下載 https://udn.com/news/story/7333/4901741, 4台青廣西創業分享發展機遇
      >> 下載 https://udn.com/news/story/120887/4901470, 救災成以命換命消防英雄辛酸淚危機不只火場有
      >> 下載 https://house.udn.com/house/story/7541/4901277, 房屋租賃新制上路調整項目懶人包
      >> 下載 https://udn.com/news/story/7315/4901191, 南檢反毒宣導紅不讓法務部長蔡清祥擔任開球嘉賓
      >> 下載 https://udn.com/news/story/7320/4899809, 強酸噴濺腐蝕溶穿消防衣桃園消防添置化災沖洗液
      >> 下載 https://udn.com/news/story/7321/4899796, 10年陳報33次均被駁回68歲穿山甲詹龍欄終獲假釋
      >> 下載 https://udn.com/news/story/7266/4899565, 中年提早記憶減退恐和幼年吸二手菸有關
      >> 找不到新聞內容，可能是新聞的格式不同所致。
      >> 下載 https://udn.com/news/story/7326/4899345, 有機農業好幫手官田國小小農夫培養益生菌億萬大軍
      >> 下載 https://udn.com/news/story/6812/4899294, 網路購物郵包夾帶不明種子巴西展開調查
      >> 下載 https://udn.com/news/story/7315/4901191, 南檢反毒宣導紅不讓法務部長蔡清祥擔任開球嘉賓
      >> 下載 https://udn.com/news/story/7320/4901056, 彰化社頭泡棉工廠大火環保局派員偵測如有違失將開罰
      >> 下載 https://global.udn.com/global_vision/story/8663/4887688, 怒吼黑幫寡頭治國保加利亞不被聽見的全國大起義
      >> 下載 https://udn.com/news/story/7320/4900711, 登山客迷途天黑受困山區白河警搜索90分助脫困
      >> 下載 https://udn.com/news/story/121484/4899665, 退休後的你能捨棄工作時的頭銜嗎
      >> 下載 https://udn.com/news/story/11474/4899623, 中秋烤肉避免有毒物質煙害營養師提供無煙減碳新烤法
      >> 下載 https://udn.com/news/story/6812/4899294, 網路購物郵包夾帶不明種子巴西展開調查
      >> 下載 https://udn.com/news/story/7321/4900963, 20年偷埋事業廢棄物達6萬噸千興著手清除董座否認犯行
      >> 下載 https://udn.com/news/story/6656/4899685, 結合盟友抗藍白可能合作陳時中沒時間想這事
      >> 下載 https://udn.com/news/story/7320/4899809, 強酸噴濺腐蝕溶穿消防衣桃園消防添置化災沖洗液
      >> 下載 https://udn.com/news/story/11474/4899623, 中秋烤肉避免有毒物質煙害營養師提供無煙減碳新烤法
      >> 下載 https://udn.com/news/story/7335/4900661, 小劉送月餅討好準岳母買到山寨貨竟被逼分手
      >> 下載 https://udn.com/news/story/7470/4901120, 澎湖綠蠵龜產卵棲息保護區首見白化小龜
      >> 下載 https://game.udn.com/game/story/10451/4901228, 滑起來國產奇幻手遊天空盜賊團單指上手的休閒爽Game
      >> 下載 https://udn.com/news/story/7317/4902200, 髮姐遭性侵擔憂罹愛滋病身心重創求償獲賠73萬
      >> 下載 https://udn.com/news/story/7315/4902010, 遏止毒駕法部擬修法重罰
      >> 下載 https://udn.com/news/story/10930/4902007, 揮別41年公職海巡署長陳國恩放下重擔陪家人
      >> 下載 https://udn.com/news/story/120884/4901134, 張錫銘師父穿山甲詹龍欄曾靠1罐花生湯越獄申請34次假釋破紀錄出獄
      >> 下載 https://udn.com/news/story/7315/4901191, 南檢反毒宣導紅不讓法務部長蔡清祥擔任開球嘉賓
      >> 下載 https://udn.com/news/story/10930/4900978, 退休前一天細數陳國恩在海巡署的589天
      >> 下載 https://udn.com/news/story/7315/4900877, 警攻堅職業賭場起獲罕見衝鋒槍
      >> 下載 https://udn.com/news/story/7315/4900737, 影毒駕害命行政罰似乎不夠蔡清祥修法調高刑責
      >> 下載 https://udn.com/news/story/7321/4899429, 吃媽媽在電視台買的減肥藥高校女兩度在學校昏倒
      >> 下載 https://health.udn.com/health/story/6037/4900852, 中秋連假烤肉別踩地雷4種常見烤肉食材要注意
      >> 下載 https://health.udn.com/health/story/6037/4900137, 中秋團圓更健康譚敦慈籲以野餐取代戶外燒碳烤肉
      >> 下載 https://udn.com/news/story/11474/4899623, 中秋烤肉避免有毒物質煙害營養師提供無煙減碳新烤法
      >> 下載 https://udn.com/news/story/7321/4900963, 20年偷埋事業廢棄物達6萬噸千興著手清除董座否認犯行
      >> 下載 https://udn.com/news/story/9750/4899931, 開放萊豬中市藍議員批中央食安擺爛地方人仰馬翻
      >> 下載 https://udn.com/news/story/7338/4902078, 聯合報黑白集蘇揆語塞日百姓驚醒時
      >> 下載 https://udn.com/news/story/9750/4901956, 食安會報一年未開陳時中推給防疫
      >> 下載 https://udn.com/news/story/9750/4901005, 開食安會只談校園美豬議員批柯市府零檢出玩假的
      >> 下載 https://udn.com/news/story/6656/4900904, 未開食安會報避聚集葉元之陳時中代言觀光就不怕
      >> 下載 https://udn.com/news/story/9750/4900860, 藍營疑食安會報未把關美豬蘇貞昌衛福部主導
      >> 下載 https://udn.com/news/story/7326/4900752, 南市教師組織食農教育真好玩窯烤披薩驚呼連連
      >> 下載 https://udn.com/news/story/9750/4900702, 南市抽檢學校午餐瘦肉精1年5劑將提升為1學期5劑
      >> 下載 https://udn.com/news/story/6656/4900584, 國民黨中常會江啟臣在強調食安
      >> 下載 https://health.udn.com/health/story/6010/4900272, 食安健康捐開徵否陳時中首度表態
      >> 下載 https://udn.com/news/story/6656/4900547, 食安會報停擺一年怎把關美豬蘇貞昌不在會報討論
      >> 下載 https://udn.com/news/story/120940/4900500, 中秋將至江啟臣天涯此時應放下歧異攜手抗病毒
      >> 下載 https://udn.com/news/story/9750/4900396, 江啟臣批食安外交籲講清楚台美關係
      >> 下載 https://udn.com/news/story/9750/4900392, 阻萊豬於台中境外盧秀燕堅定零檢出
      >> 下載 https://health.udn.com/health/story/6010/4900006, 美豬開徵食安健康捐挹注健保陳時中認為不適合
      >> 下載 https://udn.com/news/story/6656/4900272, 食安健康捐開徵否陳時中首度表態
      >> 下載 https://health.udn.com/health/story/6010/4900183, 民調顯示六成民眾不贊成開放含萊劑美豬
      >> 下載 https://udn.com/news/story/6809/4900144, 南蘇丹物資不足UN招安叛軍陷僵局
      >> 下載 https://udn.com/news/story/9750/4900183, 民調顯示六成民眾不贊成開放含萊劑美豬
      >> 下載 https://udn.com/news/story/9750/4900006, 美豬開徵食安健康捐挹注健保陳時中認為不適合
      >> 下載 https://udn.com/news/story/9750/4899931, 開放萊豬中市藍議員批中央食安擺爛地方人仰馬翻
      >> 下載 https://health.udn.com/health/story/6037/4894868, 筊白筍秋刀魚絲瓜中秋烤肉常見食材熱量表
      >> 下載 https://udn.com/news/story/7270/4900838, 滿千送200打卡送冰米其林一星泰菜頌丹樂登台
      >> 下載 https://style.udn.com/style/story/11350/4900838, 滿千送200打卡送冰米其林一星泰菜頌丹樂登台
      >> 下載 https://udn.com/news/story/7270/4900094, 三國控必收JohnnieWalkerXR21三國領袖限定版
      >> 下載 https://style.udn.com/style/story/11350/4900094, 三國控必收JohnnieWalkerXR21三國領袖限定版
      >> 下載 https://udn.com/news/story/7266/4899635, 集結國人最愛食材南基醫院擬出減鹽增健康烤肉餐
      >> 下載 https://udn.com/news/story/7333/4901788, 財新數據下滑與官方不同調
      >> 下載 https://udn.com/news/story/7315/4902003, 口罩國家隊又出包委託地下工廠增產
      >> 下載 https://udn.com/news/story/7335/4900661, 小劉送月餅討好準岳母買到山寨貨竟被逼分手
      >> 下載 https://global.udn.com/global_vision/story/8663/4899445, 黑暗巨塔德意志銀行如何逃過戰後納粹清算
      >> 下載 https://udn.com/news/story/7241/4901024, 培育烘焙菁英德麥攜手景文科技大學進行產學合作
      >> 下載 https://udn.com/news/story/7270/4900836, 青梅霜淇淋蔬食肉丸10月IKEA一口氣推出8款新菜
      >> 下載 https://style.udn.com/style/story/11350/4900836, 青梅霜淇淋蔬食肉丸10月IKEA一口氣推出8款新菜
      >> 下載 https://udn.com/news/story/9750/4900702, 南市抽檢學校午餐瘦肉精1年5劑將提升為1學期5劑
      >> 下載 https://udn.com/news/story/7238/4900675, 投審會通過8件投資案金額逾258億元
      >> 下載 https://udn.com/news/story/7270/4897973, 台灣防疫科技閃耀國際ELECLEANe立淨獲列WHO全球抗疫創新科技
      >> 下載 https://udn.com/news/story/120944/4900596, 肉廠員工把新冠肺炎帶回家妻染疫亡控告老闆沒做好防疫
      >> 下載 https://udn.com/news/story/7270/4900326, 全新蘇格蘭酒廠艾德麥康首款威士忌年底抵台
      >> 下載 https://style.udn.com/style/story/11350/4900326, 全新蘇格蘭酒廠艾德麥康首款威士忌年底抵台
      >> 下載 https://ubrand.udn.com/ubrand/story/11817/4900296, 理科跨進感性CircuPlus黃暐程用科技暖心奉茶
      >> 下載 https://udn.com/news/story/7333/4899904, 財新大陸9月製造業PMI微降與官方不同調
      >> 下載 https://udn.com/news/story/7315/4899696, 口罩國家隊又出槌委託未經許可公司製造檢調搜索
      >> 下載 https://udn.com/news/story/7320/4902001, 氫氣槽車爆炸巨響火球竄夜空
      >> 下載 https://udn.com/news/story/6656/4900304, 被查306元參選捐款羅智強批陳菊不打老虎卻雞蛋挑骨
      >> 下載 https://udn.com/news/story/7315/4899307, 恐怖氫氣槽體交流道墜落爆炸起火民眾以為被轟炸
      >> 下載 https://udn.com/news/story/9750/4901005, 開食安會只談校園美豬議員批柯市府零檢出玩假的
      >> 下載 https://udn.com/news/story/7270/4897973, 台灣防疫科技閃耀國際ELECLEANe立淨獲列WHO全球抗疫創新科技
      >> 下載 https://udn.com/news/story/7323/4901501, 改變漁港風貌新北推夜經濟
      >> 下載 https://udn.com/news/story/7320/4899990, 網傳梨山玫瑰李滯銷助義賣陳吉仲詐騙手法嚴厲偵辦
      >> 下載 https://udn.com/news/story/121687/4902080, 川普全程插話拜登怒斥小丑美大選辯論淪鬧劇
      >> 下載 https://health.udn.com/health/story/5971/4900180, 癢到不行以為過敏指縫驚見蟲穴道才發現是疥瘡
      >> 下載 https://udn.com/news/story/121687/4899314, 美國總統大選首場辯論吵成一團CNN主播見過最混亂的辯論這是羞恥
      >> 下載 https://udn.com/news/story/7320/4902001, 氫氣槽車爆炸巨響火球竄夜空
      >> 下載 https://udn.com/news/story/120887/4901470, 救災成以命換命消防英雄辛酸淚危機不只火場有
      >> 下載 https://house.udn.com/house/story/7541/4901277, 房屋租賃新制上路調整項目懶人包
      >> 下載 https://stars.udn.com/star/story/10089/4901221, 許老三想割雙眼皮小S忍怒火中燒轉念我可能已失智
      >> 下載 https://udn.com/news/story/7321/4901203, 八仙案今再宣判2案玩色瑞博累計得賠償傷者4700多萬
      >> 下載 https://global.udn.com/global_vision/story/8663/4899445, 黑暗巨塔德意志銀行如何逃過戰後納粹清算
      >> 下載 https://udn.com/news/story/6809/4901100, 巴黎傳出巨大爆炸聲警方叫民眾不必報案
      >> 下載 https://udn.com/news/story/120911/4899715, 台中女學生搭公車被噁女偷摸座椅慘被染紅僅1男相助
      >> 下載 https://udn.com/news/story/7320/4899809, 強酸噴濺腐蝕溶穿消防衣桃園消防添置化災沖洗液
      >> 下載 https://udn.com/news/story/7315/4899307, 恐怖氫氣槽體交流道墜落爆炸起火民眾以為被轟炸
      >> 下載 https://udn.com/news/story/7333/4901802, 四大行資本缺口達13兆
      >> 下載 https://udn.com/news/story/7239/4901920, 央行護出口台幣變最弱亞幣
      >> 下載 https://udn.com/news/story/7324/4901551, 竹縣AI智慧園區開始招商了
      >> 下載 https://udn.com/news/story/11474/4901648, 中秋節連假吸客潮流之夜豪華露營區high翻旗津
      >> 下載 https://udn.com/news/story/6656/4901373, 中秋團圓又團結綠營湧言會同步慶佳節搶攻網路社群
      >> 下載 https://fund.udn.com/fund/story/5854/4901294, 陸股基金買點浮現
      >> 下載 https://udn.com/news/story/7239/4901243, 最強亞幣變升幅最末新台幣Q3升幅183
      >> 下載 https://udn.com/news/story/7315/4901191, 南檢反毒宣導紅不讓法務部長蔡清祥擔任開球嘉賓
      >> 下載 https://udn.com/news/story/120884/4899370, 青綠登場下善用線上轉線下吸納青年軍民進黨不怕新興小黨搶人
      >> 下載 https://udn.com/news/story/7240/4899997, VMware聯手六大咖推混合雲解決方案
      >> 下載 https://udn.com/news/story/7240/4899768, 竹縣AI智慧園區即日起至11月16日公告招商
      >> 下載 https://udn.com/news/story/6811/4899356, 人民幣本季創貿易戰來最大升幅美元淪落利差交易貨幣
      >> 下載 https://udn.com/news/story/11474/4897397, 中秋連假出遊返鄉必看高乘載管制提早國道匝道封閉公路客運租車優惠總整理
      >> 下載 https://udn.com/news/story/12661/4900206, 慢慢讀詩嚴忠政月亮明白
      >> 下載 https://fund.udn.com/fund/story/5858/4901313, 施羅德大調查45投資人挺永續基金
      >> 下載 https://autos.udn.com/autos/story/7826/4900905, 安全為先保時捷Taycan為24小時利曼賽事安全前導車
      >> 下載 https://udn.com/news/story/120887/4899996, 世足奧運插旗全球的男人這回要讓口罩也旗海飄揚
      >> 下載 https://udn.com/news/story/7326/4900472, 中秋連假台南空氣品質佳適合出遊聚會
      >> 下載 https://udn.com/news/story/7323/4900354, 北市南港大坑溪遭黃水汙染元凶為勝岳營造工地
      >> 下載 https://autos.udn.com/autos/story/7825/4899841, YES來電攜手鐙鋒綠能打造醇氫燃料能源二輪電動車快充站
      >> 下載 https://udn.com/news/story/7266/4899268, 男寶寶在媽媽子宮裡尿尿醫師分享難得一見畫面
      >> 下載 https://health.udn.com/health/story/6056/4899268, 男寶寶在媽媽子宮裡尿尿醫師分享難得一見畫面
      >> 下載 https://udn.com/news/story/7239/4900803, 綠色採購模範生中壽去年花7173萬元愛地球
      >> 下載 https://udn.com/news/story/7270/4897973, 台灣防疫科技閃耀國際ELECLEANe立淨獲列WHO全球抗疫創新科技
      >> 下載 https://udn.com/news/story/7266/4900148, 中秋出遊留意空氣品質中南部可能亮橘燈
      >> 下載 https://udn.com/news/story/7332/4901706, 烏梁素海生態補水破消失預言
      >> 下載 https://udn.com/news/story/120887/4899996, 世足奧運插旗全球的男人這回要讓口罩也旗海飄揚
      >> 下載 https://udn.com/news/story/7323/4900354, 北市南港大坑溪遭黃水汙染元凶為勝岳營造工地
      >> 下載 https://udn.com/news/story/7323/4900354, 北市南港大坑溪遭黃水汙染元凶為勝岳營造工地
      >> 下載 https://udn.com/news/story/121687/4900717, 避免影響大選華郵籲慎用匿名消息
      >> 下載 https://udn.com/news/story/7088/4900225, 行蹤洩漏她用手機語音輸入背景音請支援收銀亂入line訊息
      >> 下載 https://udn.com/news/story/7320/4899809, 強酸噴濺腐蝕溶穿消防衣桃園消防添置化災沖洗液
      >> 下載 https://udn.com/news/story/7321/4899533, 纏訟15年禿鷹案李進誠更三審判6月得易科罰金之刑
      >> 下載 https://udn.com/news/story/7321/4899363, 放水藥商還洩露檢舉人個資台南衛生局前技正判1年8月
      >> 下載 https://udn.com/news/story/7315/4899307, 恐怖氫氣槽體交流道墜落爆炸起火民眾以為被轟炸
      >> 下載 https://opinion.udn.com/opinion/story/6785/4896580, 顏敏如中瑞友好當中立國瑞士遇上獨裁者中國
      >> 下載 https://udn.com/news/story/12663/4895308, 朱玲炎夏吃冰去
      >> 下載 https://udn.com/news/story/6813/4902181, 美國會報告籲檢討對台政策支持更名為台灣代表處
      >> 下載 https://udn.com/news/story/6813/4902138, 美國會報告籲與台洽簽貿協允代表處以台灣命名
      >> 下載 https://udn.com/news/story/6811/4902167, 股指雖走升仍創6個月來首度單月下跌
      >> 下載 https://udn.com/news/story/6656/4902153, 台灣NGO女性代表國際發聲艱困蕭美琴抱不平
      >> 下載 https://udn.com/news/story/7338/4901958, 經濟日報社論系統整合輸出提升科技業形象
      >> 下載 https://udn.com/news/story/6809/4902112, 亞美尼亞與亞塞拜然交戰第4日國際籲協商遭拒
      >> 下載 https://udn.com/news/story/7332/4901706, 烏梁素海生態補水破消失預言
      >> 下載 https://udn.com/news/story/7333/4901731, 十一跨省遊挹注陸航空業10
      >> 下載 https://udn.com/news/story/7338/4902074, 聯合報社論抱歉這種能源政策就是國安漏洞
      >> 下載 https://udn.com/news/story/121687/4902080, 川普全程插話拜登怒斥小丑美大選辯論淪鬧劇
      >> 下載 https://udn.com/news/story/7331/4901923, 罕見港府連發警告十一勿遊行
      >> 下載 https://udn.com/news/story/6898/4901985, 校園會客室郭爸帶孩子上山昆蟲攝影常勝軍
      >> 下載 https://udn.com/news/story/120887/4901470, 救災成以命換命消防英雄辛酸淚危機不只火場有
      >> 下載 https://udn.com/news/story/7253/4901268, 星通搶進MCC毛利率亮眼
      >> 下載 https://udn.com/news/story/7253/4901615, 集團揪伴遠傳攻智慧設備產線
      >> 下載 https://udn.com/news/story/7321/4901995, 黑道共諜淪棄子被對岸遣送回台判刑
      >> 下載 https://health.udn.com/health/story/10429/4897707, 上班不開心離職後寫出俗女養成記作家江鵝真正的快樂是不做什麼就很快樂
      >> 下載 https://health.udn.com/health/story/5967/4890181, 落枕可以靠熱敷或伸展舒緩醫先確定原因自行處置嚴重恐中風
      >> 下載 https://udn.com/news/story/7320/4902001, 氫氣槽車爆炸巨響火球竄夜空
      >> 下載 https://udn.com/news/story/7320/4899809, 強酸噴濺腐蝕溶穿消防衣桃園消防添置化災沖洗液
      >> 下載 https://udn.com/news/story/7315/4899404, 氫氣槽車自撞駕駛飛出車外疑行經交流道彎處操作失控
      >> 下載 https://udn.com/news/story/7315/4899307, 恐怖氫氣槽體交流道墜落爆炸起火民眾以為被轟炸
