     -----> 新聞爬蟲：聯合新聞網

           <<< 聯合新聞網新聞搜尋 >>>
        ------------------------------------------------------
        ------------------------------------------------------
       >> 搜尋關鍵字:"工業用"; 網址:"https://udn.com/search/word/2/工業用"
         >>> 找到關鍵字 "工業用"; 文章資訊: 2020-09-29 02:08:14, 東莞復工復產用電量明顯增長, https://udn.com/news/story/7333/4896149
         >>> 找到關鍵字 "工業用"; 文章資訊: 2020-09-29 01:57:00, ESG當道綠色資產夯, https://udn.com/news/story/6811/4896028
         >>> 找到關鍵字 "工業用"; 文章資訊: 2020-09-29 00:22:39, 貿聯擴產供貨特斯拉, https://udn.com/news/story/7253/4895480
         >>> 找到關鍵字 "工業用"; 文章資訊: 2020-09-28 19:12:07, 貿聯將砸759億元興建常州新廠, https://udn.com/news/story/7240/4895359
         <<< 2020-09-29 沒有更多 "工業用" 相關的新聞 !!! >>>
        ------------------------------------------------------
       >> 搜尋關鍵字:"化工"; 網址:"https://udn.com/search/word/2/化工"
         >>> 找到關鍵字 "化工"; 文章資訊: 2020-09-29 05:18:09, 中油印尼投資案傳韓商入夥, https://udn.com/news/story/7241/4896014
         >>> 找到關鍵字 "化工"; 文章資訊: 2020-09-29 02:10:15, 2020陸企500強出爐中石化居首, https://udn.com/news/story/7333/4896012
         >>> 找到關鍵字 "化工"; 文章資訊: 2020-09-29 00:43:12, 展現行動力捍衛水質監測競賽起跑, https://udn.com/news/story/7327/4896275
         >>> 找到關鍵字 "化工"; 文章資訊: 2020-09-28 18:35:07, 西門子攜手歐利速遠傳打造智慧互聯製鞋設備生產線, https://udn.com/news/story/7240/4895295
         >>> 找到關鍵字 "化工"; 文章資訊: 2020-09-28 16:07:08, 影地表最強里長今聲援台南鐵路地下化拆遷, https://udn.com/news/story/7326/4894977
         >>> 找到關鍵字 "化工"; 文章資訊: 2020-09-28 15:29:08, 台鐵增聘看守人員守護人車安全通行平交道安全, https://udn.com/news/story/7266/4894866
         >>> 找到關鍵字 "化工"; 文章資訊: 2020-09-28 13:34:12, 陸企500強出爐中石化國家電網中石油奪前三, https://udn.com/news/story/7333/4894475
         >>> 找到關鍵字 "化工"; 文章資訊: 2020-09-28 12:08:07, 台中市第1件工業區立體化方案韋僑科技將受惠, https://udn.com/news/story/7239/4894254
         >>> 找到關鍵字 "化工"; 文章資訊: 2020-09-28 11:37:11, 上緯新材料今科創板敲鐘, https://udn.com/news/story/7333/4894172
         <<< 2020-09-29 沒有更多 "化工" 相關的新聞 !!! >>>
        ------------------------------------------------------
       >> 搜尋關鍵字:"化災"; 網址:"https://udn.com/search/word/2/化災"
         <<< 2020-09-29 沒有更多 "化災" 相關的新聞 !!! >>>
        ------------------------------------------------------
       >> 搜尋關鍵字:"化學"; 網址:"https://udn.com/search/word/2/化學"
         >>> 找到關鍵字 "化學"; 文章資訊: 2020-09-29 05:18:09, 中油印尼投資案傳韓商入夥, https://udn.com/news/story/7241/4896014
         >>> 找到關鍵字 "化學"; 文章資訊: 2020-09-29 03:37:07, 中油印尼投資台廠中下游興趣缺缺, https://udn.com/news/story/7241/4895977
         >>> 找到關鍵字 "化學"; 文章資訊: 2020-09-29 02:07:14, 寧夏石嘴山海關揭牌, https://udn.com/news/story/7332/4896151
         >>> 找到關鍵字 "化學"; 文章資訊: 2020-09-29 01:57:00, 上緯小金雞科創板掛牌, https://udn.com/news/story/7333/4896088
         >>> 找到關鍵字 "化學"; 文章資訊: 2020-09-29 01:47:00, 樂金化學砸17億美元擴產電池材料, https://udn.com/news/story/6811/4896057
         >>> 找到關鍵字 "化學"; 文章資訊: 2020-09-29 01:28:00, 浩鼎入股代工廠拿下潤雅67股權, https://udn.com/news/story/7254/4896006
         >>> 找到關鍵字 "化學"; 文章資訊: 2020-09-29 00:22:36, 騰輝KY法人董事請辭, https://udn.com/news/story/7253/4895491
         >>> 找到關鍵字 "化學"; 文章資訊: 2020-09-29 00:19:06, 特斯拉想入股樂金電池事業, https://udn.com/news/story/6811/4896016
         >>> 找到關鍵字 "化學"; 文章資訊: 2020-09-28 20:33:02, 同學麥娜絲再出預告4主角名字有玄機, https://stars.udn.com/star/story/10091/4895482
         >>> 找到關鍵字 "化學"; 文章資訊: 2020-09-28 18:52:05, 空污費率草案遭環團質疑環署盼110年1月上路, https://udn.com/news/story/7314/4895315
         >>> 找到關鍵字 "化學"; 文章資訊: 2020-09-28 17:24:07, 特斯拉傳入股LGEnergy確保電池供應, https://udn.com/news/story/6811/4895150
         >>> 找到關鍵字 "化學"; 文章資訊: 2020-09-28 14:19:13, 偏鄉教育三支箭張淑芬公益引路的十年一刻, https://udn.com/news/story/7266/4894612
         >>> 找到關鍵字 "化學"; 文章資訊: 2020-09-28 14:04:12, 騰輝法人董事辭職公司營運不受影響, https://udn.com/news/story/7240/4894588
         >>> 找到關鍵字 "化學"; 文章資訊: 2020-09-28 11:13:06, 台資企業第一家上緯新材料於上海科創版掛牌, https://udn.com/news/story/7241/4894106
         >>> 找到關鍵字 "化學"; 文章資訊: 2020-09-28 10:13:06, 產學專案教師面授即戰力大同大學產學合作拚三贏, https://udn.com/news/story/6928/4893976
         >>> 找到關鍵字 "化學"; 文章資訊: 2020-09-28 08:48:07, 旅德奧瑞台灣學者聚柏林談研究熱情業界展望, https://udn.com/news/story/6809/4893835
         <<< 2020-09-29 沒有更多 "化學" 相關的新聞 !!! >>>
        ------------------------------------------------------
       >> 搜尋關鍵字:"外洩"; 網址:"https://udn.com/search/word/2/外洩"
         >>> 找到關鍵字 "外洩"; 文章資訊: 2020-09-29 00:20:06, 大法官評議檔案從未外洩司法院促轉會須依法使用且守密, https://udn.com/news/story/12493/4896184
         >>> 找到關鍵字 "外洩"; 文章資訊: 2020-09-28 23:06:39, 鳳鼻尾隧道限高架又遭硬闖撞毀, https://udn.com/news/story/7324/4895656
         >>> 找到關鍵字 "外洩"; 文章資訊: 2020-09-28 09:49:06, 金融巨頭又幫洗錢美國FinCEN文件曝光的豐醜聞, https://udn.com/news/story/6813/4893930
         >>> 找到關鍵字 "外洩"; 文章資訊: 2020-09-28 09:39:08, 麥擱撞了西濱鳳鼻限高門架又遭大車撞歪毀損, https://udn.com/news/story/7320/4893911
         >>> 找到關鍵字 "外洩"; 文章資訊: 2020-09-28 08:01:00, 以為看一下沒關係擅自登入前女友IG被判拘役30日, https://udn.com/news/story/120887/4892193
         <<< 2020-09-29 沒有更多 "外洩" 相關的新聞 !!! >>>
        ------------------------------------------------------
       >> 搜尋關鍵字:"危害"; 網址:"https://udn.com/search/word/2/危害"
         >>> 找到關鍵字 "危害"; 文章資訊: 2020-09-28 22:43:00, 工業區周邊常惡臭檢舉無下文, https://udn.com/news/story/7324/4895654
         >>> 找到關鍵字 "危害"; 文章資訊: 2020-09-28 19:19:05, 扯北市官員吸毒被逮仍在職議員轟民眾安全誰把關, https://udn.com/news/story/7315/4895371
         >>> 找到關鍵字 "危害"; 文章資訊: 2020-09-28 15:50:06, 伊拉克外長訪伊朗推動兩伊合作關係, https://udn.com/news/story/6809/4894873
         >>> 找到關鍵字 "危害"; 文章資訊: 2020-09-28 13:30:10, 聯電去年能資源管理經濟效益達45億元, https://udn.com/news/story/7240/4894465
         >>> 找到關鍵字 "危害"; 文章資訊: 2020-09-28 11:04:09, 中秋烤肉弘光科大營養系師生教用錫箔紙烤但勿搭酸物, https://udn.com/news/story/7270/4894090
         >>> 找到關鍵字 "危害"; 文章資訊: 2020-09-28 11:03:02, 中秋烤肉弘光科大營養系師生教用錫箔紙烤但勿搭酸物, https://health.udn.com/health/story/6037/4894090
         >>> 找到關鍵字 "危害"; 文章資訊: 2020-09-28 11:02:14, 台海風雲緊陸學者北京紅線之外另劃黃燈區域, https://udn.com/news/story/7331/4894083
         >>> 找到關鍵字 "危害"; 文章資訊: 2020-09-28 10:59:08, 影基警查獲美制衝鋒槍惡靈古堡女主角手中致命武器, https://udn.com/news/story/7315/4894066
         >>> 找到關鍵字 "危害"; 文章資訊: 2020-09-28 10:01:00, 吃魚能變聰明防失智專家指5大好處還能降心血管疾病風險, https://health.udn.com/health/story/6037/4890158
         >>> 找到關鍵字 "危害"; 文章資訊: 2020-09-28 09:03:06, 台灣籃球名人堂協會計劃籌組公開徵求會員, https://udn.com/news/story/7003/4893850
         <<< 2020-09-29 沒有更多 "危害" 相關的新聞 !!! >>>
        ------------------------------------------------------
       >> 搜尋關鍵字:"有毒"; 網址:"https://udn.com/search/word/2/有毒"
         >>> 找到關鍵字 "有毒"; 文章資訊: 2020-09-29 00:08:15, 倉儲竊走貨櫃運毒詭計被破解, https://udn.com/news/story/7315/4896138
         >>> 找到關鍵字 "有毒"; 文章資訊: 2020-09-28 19:19:05, 扯北市官員吸毒被逮仍在職議員轟民眾安全誰把關, https://udn.com/news/story/7315/4895371
         >>> 找到關鍵字 "有毒"; 文章資訊: 2020-09-28 15:53:02, 有毒的毒品查緝政策五被績效牽鼻子走焉能安居, https://opinion.udn.com/opinion/story/12626/4894917
         >>> 找到關鍵字 "有毒"; 文章資訊: 2020-09-28 15:17:05, 北市消極處理校園涉毒情況議員痛批去年人數還增加, https://udn.com/news/story/7315/4894826
         <<< 2020-09-29 沒有更多 "有毒" 相關的新聞 !!! >>>
        ------------------------------------------------------
       >> 搜尋關鍵字:"有害"; 網址:"https://udn.com/search/word/2/有害"
         >>> 找到關鍵字 "有害"; 文章資訊: 2020-09-29 01:57:00, ESG當道綠色資產夯, https://udn.com/news/story/6811/4896028
         >>> 找到關鍵字 "有害"; 文章資訊: 2020-09-28 16:15:04, 中國擴大接種試驗中疫苗紐時存在未知風險, https://udn.com/news/story/120944/4894940
         >>> 找到關鍵字 "有害"; 文章資訊: 2020-09-28 15:50:06, 伊拉克外長訪伊朗推動兩伊合作關係, https://udn.com/news/story/6809/4894873
         >>> 找到關鍵字 "有害"; 文章資訊: 2020-09-28 11:47:03, 含萊劑豬肉安全蔣萬安四問陳時中為什麼機關團膳禁用, https://udn.com/news/story/9750/4894205
         <<< 2020-09-29 沒有更多 "有害" 相關的新聞 !!! >>>
        ------------------------------------------------------
       >> 搜尋關鍵字:"色料"; 網址:"https://udn.com/search/word/2/色料"
         <<< 2020-09-29 沒有更多 "色料" 相關的新聞 !!! >>>
        ------------------------------------------------------
       >> 搜尋關鍵字:"色素"; 網址:"https://udn.com/search/word/2/色素"
         >>> 找到關鍵字 "色素"; 文章資訊: 2020-09-28 16:00:13, 7大獎項入袋Omar威士忌縱貫麥芽狂人大賽, https://udn.com/news/story/7270/4894929
         >>> 找到關鍵字 "色素"; 文章資訊: 2020-09-28 16:00:05, 7大獎項入袋Omar威士忌縱貫麥芽狂人大賽, https://style.udn.com/style/story/11350/4894929
         >>> 找到關鍵字 "色素"; 文章資訊: 2020-09-28 14:12:09, 28歲糖尿病男怕不舉才就醫醫師嘆年輕人不受控, https://udn.com/news/story/7266/4894598
         >>> 找到關鍵字 "色素"; 文章資訊: 2020-09-28 14:11:01, 28歲糖尿病男怕不舉才就醫醫師嘆年輕人不受控, https://health.udn.com/health/story/5974/4894598
         <<< 2020-09-29 沒有更多 "色素" 相關的新聞 !!! >>>
        ------------------------------------------------------
       >> 搜尋關鍵字:"毒性"; 網址:"https://udn.com/search/word/2/毒性"
         >>> 找到關鍵字 "毒性"; 文章資訊: 2020-09-28 12:36:09, 吃柚子不能吃藥隔餐吃就好醫師跟你想的不一樣, https://udn.com/news/story/7266/4894321
         >>> 找到關鍵字 "毒性"; 文章資訊: 2020-09-28 12:36:02, 吃柚子不能吃藥隔餐吃就好醫師跟你想的不一樣, https://health.udn.com/health/story/6012/4894321
         >>> 找到關鍵字 "毒性"; 文章資訊: 2020-09-28 11:04:09, 中秋烤肉弘光科大營養系師生教用錫箔紙烤但勿搭酸物, https://udn.com/news/story/7270/4894090
         >>> 找到關鍵字 "毒性"; 文章資訊: 2020-09-28 11:03:02, 中秋烤肉弘光科大營養系師生教用錫箔紙烤但勿搭酸物, https://health.udn.com/health/story/6037/4894090
         <<< 2020-09-29 沒有更多 "毒性" 相關的新聞 !!! >>>
        ------------------------------------------------------
       >> 搜尋關鍵字:"毒品"; 網址:"https://udn.com/search/word/2/毒品"
         >>> 找到關鍵字 "毒品"; 文章資訊: 2020-09-29 00:08:15, 倉儲竊走貨櫃運毒詭計被破解, https://udn.com/news/story/7315/4896138
         >>> 找到關鍵字 "毒品"; 文章資訊: 2020-09-28 19:19:05, 扯北市官員吸毒被逮仍在職議員轟民眾安全誰把關, https://udn.com/news/story/7315/4895371
         >>> 找到關鍵字 "毒品"; 文章資訊: 2020-09-28 16:03:07, 影航空貨櫃走私200公斤毒品嫌竊自家貨物反遭警查獲, https://udn.com/news/story/7315/4894950
         >>> 找到關鍵字 "毒品"; 文章資訊: 2020-09-28 15:53:02, 有毒的毒品查緝政策五被績效牽鼻子走焉能安居, https://opinion.udn.com/opinion/story/12626/4894917
         >>> 找到關鍵字 "毒品"; 文章資訊: 2020-09-28 15:41:26, 寶萊塢巨星涉毒案延燒印度當局調查收入最高女星, https://udn.com/news/story/6812/4894844
         >>> 找到關鍵字 "毒品"; 文章資訊: 2020-09-28 15:38:38, 墨西哥酒吧發生血腥暴力7男4女喪命, https://udn.com/news/story/6812/4894838
         >>> 找到關鍵字 "毒品"; 文章資訊: 2020-09-28 15:17:05, 北市消極處理校園涉毒情況議員痛批去年人數還增加, https://udn.com/news/story/7315/4894826
         >>> 找到關鍵字 "毒品"; 文章資訊: 2020-09-28 13:16:07, 借人千萬反成欠債北市警逮黑幫暴力團, https://udn.com/news/story/7315/4894445
         >>> 找到關鍵字 "毒品"; 文章資訊: 2020-09-28 10:59:08, 影基警查獲美制衝鋒槍惡靈古堡女主角手中致命武器, https://udn.com/news/story/7315/4894066
         <<< 2020-09-29 沒有更多 "毒品" 相關的新聞 !!! >>>
        ------------------------------------------------------
       >> 搜尋關鍵字:"致癌"; 網址:"https://udn.com/search/word/2/致癌"
         >>> 找到關鍵字 "致癌"; 文章資訊: 2020-09-29 01:01:04, 美豬攻防蔣萬安四問陳時中, https://udn.com/news/story/9750/4896280
         >>> 找到關鍵字 "致癌"; 文章資訊: 2020-09-28 19:15:04, 蔣萬安質詢陳時中徐志榮稱2位準市長, https://udn.com/news/story/6656/4895341
         >>> 找到關鍵字 "致癌"; 文章資訊: 2020-09-28 18:52:05, 空污費率草案遭環團質疑環署盼110年1月上路, https://udn.com/news/story/7314/4895315
         >>> 找到關鍵字 "致癌"; 文章資訊: 2020-09-28 11:47:03, 含萊劑豬肉安全蔣萬安四問陳時中為什麼機關團膳禁用, https://udn.com/news/story/9750/4894205
         >>> 找到關鍵字 "致癌"; 文章資訊: 2020-09-28 11:04:09, 中秋烤肉弘光科大營養系師生教用錫箔紙烤但勿搭酸物, https://udn.com/news/story/7270/4894090
         >>> 找到關鍵字 "致癌"; 文章資訊: 2020-09-28 11:03:02, 中秋烤肉弘光科大營養系師生教用錫箔紙烤但勿搭酸物, https://health.udn.com/health/story/6037/4894090
         <<< 2020-09-29 沒有更多 "致癌" 相關的新聞 !!! >>>
        ------------------------------------------------------
       >> 搜尋關鍵字:"重金屬"; 網址:"https://udn.com/search/word/2/重金屬"
         >>> 找到關鍵字 "重金屬"; 文章資訊: 2020-09-28 10:01:00, 吃魚能變聰明防失智專家指5大好處還能降心血管疾病風險, https://health.udn.com/health/story/6037/4890158
         <<< 2020-09-29 沒有更多 "重金屬" 相關的新聞 !!! >>>
        ------------------------------------------------------
       >> 搜尋關鍵字:"食安"; 網址:"https://udn.com/search/word/2/食安"
         >>> 找到關鍵字 "食安"; 文章資訊: 2020-09-29 01:03:19, 觀察站北市長前哨戰萬安強攻時中跳針, https://udn.com/news/story/9750/4896277
         >>> 找到關鍵字 "食安"; 文章資訊: 2020-09-28 23:36:34, 中市拒萊豬藍黨團連署綠婉拒, https://udn.com/news/story/9750/4895917
         >>> 找到關鍵字 "食安"; 文章資訊: 2020-09-28 17:17:49, 立委質詢問台北市長人選陳時中蔣萬安很優秀, https://udn.com/news/story/6656/4895125
         >>> 找到關鍵字 "食安"; 文章資訊: 2020-09-28 16:53:12, 抽檢中秋節前應景食材月餅烤肉食材醬料都合格, https://udn.com/news/story/7266/4895088
         >>> 找到關鍵字 "食安"; 文章資訊: 2020-09-28 13:16:12, 11人要擋百萬萊豬議員籲中市府解決檢驗人力不足, https://udn.com/news/story/7323/4894446
         >>> 找到關鍵字 "食安"; 文章資訊: 2020-09-28 11:47:03, 含萊劑豬肉安全蔣萬安四問陳時中為什麼機關團膳禁用, https://udn.com/news/story/9750/4894205
         <<< 2020-09-29 沒有更多 "食安" 相關的新聞 !!! >>>
        ------------------------------------------------------
       >> 搜尋關鍵字:"香料"; 網址:"https://udn.com/search/word/2/香料"
         >>> 找到關鍵字 "香料"; 文章資訊: 2020-09-28 23:30:20, 專業酒保盲測6大最夯RTD哪款最好喝, https://udn.com/news/story/7270/4895764
         >>> 找到關鍵字 "香料"; 文章資訊: 2020-09-28 16:08:22, 花蓮福容飯店早餐Buffet幸福感最高的是盛碗紅藜白粥, https://udn.com/umedia/story/12751/4894984
         >>> 找到關鍵字 "香料"; 文章資訊: 2020-09-28 11:55:10, 葫蘆墩文化中心文物特展豐原百年文物再現, https://udn.com/news/story/7325/4894224
         <<< 2020-09-29 沒有更多 "香料" 相關的新聞 !!! >>>
        ------------------------------------------------------
       >> 搜尋關鍵字:"原料"; 網址:"https://udn.com/search/word/2/原料"
         >>> 找到關鍵字 "原料"; 文章資訊: 2020-09-29 05:18:09, 中油印尼投資案傳韓商入夥, https://udn.com/news/story/7241/4896014
         >>> 找到關鍵字 "原料"; 文章資訊: 2020-09-29 03:37:07, 中油印尼投資台廠中下游興趣缺缺, https://udn.com/news/story/7241/4895977
         >>> 找到關鍵字 "原料"; 文章資訊: 2020-09-29 01:57:00, ESG當道綠色資產夯, https://udn.com/news/story/6811/4896028
         >>> 找到關鍵字 "原料"; 文章資訊: 2020-09-29 01:28:00, 浩鼎入股代工廠拿下潤雅67股權, https://udn.com/news/story/7254/4896006
         >>> 找到關鍵字 "原料"; 文章資訊: 2020-09-29 00:22:41, 石化原料漲台塑化利多, https://udn.com/news/story/7252/4895452
         >>> 找到關鍵字 "原料"; 文章資訊: 2020-09-28 23:30:20, 專業酒保盲測6大最夯RTD哪款最好喝, https://udn.com/news/story/7270/4895764
         >>> 找到關鍵字 "原料"; 文章資訊: 2020-09-28 23:12:55, 金鐘穿回自然是勇者, https://udn.com/news/story/7339/4895869
         >>> 找到關鍵字 "原料"; 文章資訊: 2020-09-28 12:43:50, 國際原料行情走跌豐興調降廢鋼鋼筋盤價, https://udn.com/news/story/7241/4894291
         >>> 找到關鍵字 "原料"; 文章資訊: 2020-09-28 10:01:00, 吃魚能變聰明防失智專家指5大好處還能降心血管疾病風險, https://health.udn.com/health/story/6037/4890158
         <<< 2020-09-29 沒有更多 "原料" 相關的新聞 !!! >>>
        ------------------------------------------------------
       >> 搜尋關鍵字:"氣爆"; 網址:"https://udn.com/search/word/2/氣爆"
         >>> 找到關鍵字 "氣爆"; 文章資訊: 2020-09-28 11:52:04, 回台大任教人氣爆棚朱立倫老師祝老師們教師節快樂, https://udn.com/news/story/6928/4894217
         <<< 2020-09-29 沒有更多 "氣爆" 相關的新聞 !!! >>>
        ------------------------------------------------------
       >> 搜尋關鍵字:"添加物"; 網址:"https://udn.com/search/word/2/添加物"
         >>> 找到關鍵字 "添加物"; 文章資訊: 2020-09-28 19:08:10, 樂華夜市排隊冰店百貨吃得到阿爸的芋圓進駐京站, https://udn.com/news/story/7270/4895353
         >>> 找到關鍵字 "添加物"; 文章資訊: 2020-09-28 19:07:01, 樂華夜市排隊冰店百貨吃得到阿爸的芋圓進駐京站, https://style.udn.com/style/story/11350/4895353
         >>> 找到關鍵字 "添加物"; 文章資訊: 2020-09-28 16:04:12, 2成學生精神不濟常喝提神飲料桃園將調查飲用情形, https://udn.com/news/story/7324/4894965
         <<< 2020-09-29 沒有更多 "添加物" 相關的新聞 !!! >>>
        ------------------------------------------------------
       >> 搜尋關鍵字:"黑心"; 網址:"https://udn.com/search/word/2/黑心"
         <<< 2020-09-29 沒有更多 "黑心" 相關的新聞 !!! >>>
        ------------------------------------------------------
       >> 搜尋關鍵字:"漂白"; 網址:"https://udn.com/search/word/2/漂白"
         >>> 找到關鍵字 "漂白"; 文章資訊: 2020-09-28 19:49:04, 一班越南救援包機直擊社會主義層層鐵腕防疫, https://udn.com/news/story/120944/4895314
         <<< 2020-09-29 沒有更多 "漂白" 相關的新聞 !!! >>>
        ------------------------------------------------------
       >> 搜尋關鍵字:"爆炸"; 網址:"https://udn.com/search/word/2/爆炸"
         >>> 找到關鍵字 "爆炸"; 文章資訊: 2020-09-29 07:00:00, 日本隊終結者都被拔悍將牛棚也可考慮調整, https://udn.com/news/story/7001/4895256
         >>> 找到關鍵字 "爆炸"; 文章資訊: 2020-09-29 00:48:00, 比Google導航更準台電人才知的定位妙招, https://udn.com/news/story/120887/4896232
         >>> 找到關鍵字 "爆炸"; 文章資訊: 2020-09-28 20:06:50, 遼寧兩私立學校突倒閉校長失蹤學生撕書噴滅火器洩憤, https://udn.com/news/story/7332/4895240
         >>> 找到關鍵字 "爆炸"; 文章資訊: 2020-09-28 16:10:10, 江蘇小學教師示範爆閃燃4學生二度燒傷, https://udn.com/news/story/7332/4894955
         >>> 找到關鍵字 "爆炸"; 文章資訊: 2020-09-28 15:08:13, 恐怖情人美男操控無人機飛到前女友家丟炸彈, https://udn.com/news/story/6810/4894453
         >>> 找到關鍵字 "爆炸"; 文章資訊: 2020-09-28 14:33:53, 黎巴嫩新政府難產馬克宏痛批集體背棄承諾, https://udn.com/news/story/6809/4894592
         >>> 找到關鍵字 "爆炸"; 文章資訊: 2020-09-28 13:52:09, 有怪獸雅柏WeeBeastie小野獸10月限量登台, https://udn.com/news/story/7270/4894534
         >>> 找到關鍵字 "爆炸"; 文章資訊: 2020-09-28 13:52:02, 有怪獸雅柏WeeBeastie小野獸10月限量登台, https://style.udn.com/style/story/11350/4894534
         >>> 找到關鍵字 "爆炸"; 文章資訊: 2020-09-28 07:00:00, 中職黃恩賜失速迷航好似當年勝投王鎌田祐哉, https://udn.com/news/story/7001/4892831
         <<< 2020-09-29 沒有更多 "爆炸" 相關的新聞 !!! >>>
        ------------------------------------------------------
       >> 搜尋關鍵字:"新興"; 網址:"https://udn.com/search/word/2/新興"
         >>> 找到關鍵字 "新興"; 文章資訊: 2020-09-29 03:41:08, 鴻海國巨結盟法人看好強強聯手, https://udn.com/news/story/7240/4896078
         >>> 找到關鍵字 "新興"; 文章資訊: 2020-09-29 03:27:07, 8月景氣回穩亮出綠燈, https://udn.com/news/story/7238/4896189
         >>> 找到關鍵字 "新興"; 文章資訊: 2020-09-29 02:53:24, 鴻海國巨結盟戰力3x3, https://udn.com/news/story/7240/4896122
         >>> 找到關鍵字 "新興"; 文章資訊: 2020-09-29 02:18:00, 遠傳強打5G創新應用推動遠距醫療, https://udn.com/news/story/7240/4895975
         >>> 找到關鍵字 "新興"; 文章資訊: 2020-09-29 00:24:58, 五檔跨國組合基金績效亮眼, https://udn.com/news/story/121591/4895471
         >>> 找到關鍵字 "新興"; 文章資訊: 2020-09-29 00:24:57, 第4季基金投資趨勢成長型資產重押六成, https://udn.com/news/story/121591/4895474
         >>> 找到關鍵字 "新興"; 文章資訊: 2020-09-29 00:24:56, 亞股大失血陸股重傷, https://udn.com/news/story/121591/4895486
         >>> 找到關鍵字 "新興"; 文章資訊: 2020-09-29 00:24:56, 投資級企業債買氣熱, https://udn.com/news/story/121591/4895475
         >>> 找到關鍵字 "新興"; 文章資訊: 2020-09-29 00:24:55, 新興亞洲基金逆勢吸金, https://udn.com/news/story/121591/4895487
         >>> 找到關鍵字 "新興"; 文章資訊: 2020-09-29 00:22:46, 矽創本月營收衝高, https://udn.com/news/story/7253/4895400
         >>> 找到關鍵字 "新興"; 文章資訊: 2020-09-29 00:22:06, 富國銀美股波動加大, https://udn.com/news/story/6811/4896039
         >>> 找到關鍵字 "新興"; 文章資訊: 2020-09-29 00:13:32, 8月景氣轉綠燈國發會谷底已過, https://udn.com/news/story/7238/4896140
         >>> 找到關鍵字 "新興"; 文章資訊: 2020-09-28 20:35:03, 亞股大失血陸股重傷, https://fund.udn.com/fund/story/5858/4895486
         >>> 找到關鍵字 "新興"; 文章資訊: 2020-09-28 20:35:03, 新興亞洲基金逆勢吸金, https://fund.udn.com/fund/story/5858/4895487
         >>> 找到關鍵字 "新興"; 文章資訊: 2020-09-28 20:29:10, 投資級企業債買氣熱, https://fund.udn.com/fund/story/5856/4895475
         >>> 找到關鍵字 "新興"; 文章資訊: 2020-09-28 20:29:02, 第4季投資趨勢成長型資產重押六成, https://fund.udn.com/fund/story/5858/4895474
         >>> 找到關鍵字 "新興"; 文章資訊: 2020-09-28 20:28:03, 五檔跨國組合基金績效亮眼, https://fund.udn.com/fund/story/5857/4895471
         >>> 找到關鍵字 "新興"; 文章資訊: 2020-09-28 18:53:07, 鴻海與國巨策略聯盟提升關鍵零組件價值, https://udn.com/news/story/7240/4895324
         >>> 找到關鍵字 "新興"; 文章資訊: 2020-09-28 18:39:07, 鴻海攜手國巨投入33領域提升關鍵零組件價值, https://udn.com/news/story/7240/4895302
         >>> 找到關鍵字 "新興"; 文章資訊: 2020-09-28 18:04:12, 台商籲海基會帶頭整合跨產業資源, https://udn.com/news/story/7331/4895221
        ------------------------------------------------------
       >> 搜尋關鍵字:"爆裂物"; 網址:"https://udn.com/search/word/2/爆裂物"
         >>> 找到關鍵字 "爆裂物"; 文章資訊: 2020-09-28 15:47:46, 社會檔案復仇夢碎沒等到出賣他的老大出獄他抱憾棄械投降, https://udn.com/news/story/120887/4892871
         >>> 找到關鍵字 "爆裂物"; 文章資訊: 2020-09-28 15:08:13, 恐怖情人美男操控無人機飛到前女友家丟炸彈, https://udn.com/news/story/6810/4894453
         >>> 找到關鍵字 "爆裂物"; 文章資訊: 2020-09-28 14:02:12, 澎湖鋤頭嶼疑似二戰水雷軍方29日現地爆毀, https://udn.com/news/story/7327/4894456
         <<< 2020-09-29 沒有更多 "爆裂物" 相關的新聞 !!! >>>
        ------------------------------------------------------
       >> 搜尋關鍵字:"IED"; 網址:"https://udn.com/search/word/2/IED"
         <<< 2020-09-29 沒有更多 "IED" 相關的新聞 !!! >>>
        ------------------------------------------------------
       >> 搜尋關鍵字:"排放"; 網址:"https://udn.com/search/word/2/排放"
         >>> 找到關鍵字 "排放"; 文章資訊: 2020-09-29 01:57:00, 歐盟喊收航運汙染費惹議, https://udn.com/news/story/6811/4896041
         >>> 找到關鍵字 "排放"; 文章資訊: 2020-09-28 23:58:29, 擴大空汙季節費率環團反對, https://udn.com/news/story/7266/4896044
         >>> 找到關鍵字 "排放"; 文章資訊: 2020-09-28 19:15:08, 新增燃氣機組計畫進度卡關台電緊盯進度, https://udn.com/news/story/7238/4895366
         >>> 找到關鍵字 "排放"; 文章資訊: 2020-09-28 18:52:05, 空污費率草案遭環團質疑環署盼110年1月上路, https://udn.com/news/story/7314/4895315
         >>> 找到關鍵字 "排放"; 文章資訊: 2020-09-28 15:43:04, 日本唐吉訶德年輕人不愛了為何轉戰海外變吃香, https://udn.com/news/story/120885/4894605
         >>> 找到關鍵字 "排放"; 文章資訊: 2020-09-28 15:08:04, 空汙PM25橘色站日數環保署擬3年減半, https://udn.com/news/story/7266/4894737
         >>> 找到關鍵字 "排放"; 文章資訊: 2020-09-28 14:42:42, MildHybrid生力軍VolvoXC60B4登場導入AAC高效複合清淨科技, https://autos.udn.com/autos/story/7825/4894754
         >>> 找到關鍵字 "排放"; 文章資訊: 2020-09-28 14:04:43, 符合標準養豬場排水農委會研議改搭排灌溉溝渠, https://udn.com/news/story/9750/4894537
         >>> 找到關鍵字 "排放"; 文章資訊: 2020-09-28 14:04:05, 市長聯盟未改3市長名新北巿府持續溝通, https://udn.com/news/story/6656/4894572
         >>> 找到關鍵字 "排放"; 文章資訊: 2020-09-28 13:30:10, 聯電去年能資源管理經濟效益達45億元, https://udn.com/news/story/7240/4894465
         >>> 找到關鍵字 "排放"; 文章資訊: 2020-09-28 12:48:04, 台灣六都變中國全球市長聯盟回信北巿技術故障, https://udn.com/news/story/6656/4894363
         >>> 找到關鍵字 "排放"; 文章資訊: 2020-09-28 08:00:00, 南山人壽連年獲亞洲企業社會責任等大獎肯定, https://udn.com/news/story/7238/4888415
         <<< 2020-09-29 沒有更多 "排放" 相關的新聞 !!! >>>
        ------------------------------------------------------
       >> 搜尋關鍵字:"污染"; 網址:"https://udn.com/search/word/2/污染"
         >>> 找到關鍵字 "污染"; 文章資訊: 2020-09-28 19:15:08, 新增燃氣機組計畫進度卡關台電緊盯進度, https://udn.com/news/story/7238/4895366
         >>> 找到關鍵字 "污染"; 文章資訊: 2020-09-28 18:52:05, 空污費率草案遭環團質疑環署盼110年1月上路, https://udn.com/news/story/7314/4895315
         >>> 找到關鍵字 "污染"; 文章資訊: 2020-09-28 18:08:57, 雙北水肥爭議新北興建2投置站解決, https://udn.com/news/story/7323/4895096
         >>> 找到關鍵字 "污染"; 文章資訊: 2020-09-28 16:51:10, 空污致眼中風風險增這些族群要注意, https://udn.com/news/story/7266/4895084
         >>> 找到關鍵字 "污染"; 文章資訊: 2020-09-28 16:39:59, 在家上班商辦閒置都市發展走向宜居, https://udn.com/news/story/6812/4894931
         >>> 找到關鍵字 "污染"; 文章資訊: 2020-09-28 15:02:42, 華碩雲端加入大數據分析計畫智慧應用落地台中, https://udn.com/news/story/7240/4894763
         >>> 找到關鍵字 "污染"; 文章資訊: 2020-09-28 12:52:11, 無人機揪空汙環保局年底新營增設500顆空品微感器, https://udn.com/news/story/7326/4894373
         >>> 找到關鍵字 "污染"; 文章資訊: 2020-09-28 11:13:06, 台資企業第一家上緯新材料於上海科創版掛牌, https://udn.com/news/story/7241/4894106
         <<< 2020-09-29 沒有更多 "污染" 相關的新聞 !!! >>>
        ------------------------------------------------------
       >> 搜尋關鍵字:"廢水"; 網址:"https://udn.com/search/word/2/廢水"
         >>> 找到關鍵字 "廢水"; 文章資訊: 2020-09-28 14:04:43, 符合標準養豬場排水農委會研議改搭排灌溉溝渠, https://udn.com/news/story/9750/4894537
         <<< 2020-09-29 沒有更多 "廢水" 相關的新聞 !!! >>>
        ------------------------------------------------------
       >> 搜尋關鍵字:"污水"; 網址:"https://udn.com/search/word/2/污水"
         >>> 找到關鍵字 "污水"; 文章資訊: 2020-09-28 18:08:57, 雙北水肥爭議新北興建2投置站解決, https://udn.com/news/story/7323/4895096
         >>> 找到關鍵字 "污水"; 文章資訊: 2020-09-28 14:04:43, 符合標準養豬場排水農委會研議改搭排灌溉溝渠, https://udn.com/news/story/9750/4894537
         <<< 2020-09-29 沒有更多 "污水" 相關的新聞 !!! >>>
        ------------------------------------------------------
       >> 搜尋關鍵字:"洩漏"; 網址:"https://udn.com/search/word/2/洩漏"
         <<< 2020-09-29 沒有更多 "洩漏" 相關的新聞 !!! >>>
        ------------------------------------------------------
       >> 搜尋關鍵字:"暗管"; 網址:"https://udn.com/search/word/2/暗管"
         <<< 2020-09-29 沒有更多 "暗管" 相關的新聞 !!! >>>
        ------------------------------------------------------
       >> 搜尋關鍵字:"偷排"; 網址:"https://udn.com/search/word/2/偷排"
         >>> 找到關鍵字 "偷排"; 文章資訊: 2020-09-28 22:43:00, 工業區周邊常惡臭檢舉無下文, https://udn.com/news/story/7324/4895654
         <<< 2020-09-29 沒有更多 "偷排" 相關的新聞 !!! >>>
        ------------------------------------------------------
       >> 搜尋關鍵字:"安全"; 網址:"https://udn.com/search/word/2/安全"
         >>> 找到關鍵字 "安全"; 文章資訊: 2020-09-29 04:25:11, 影北市5G自駕巴士聯合新聞網搶先體驗科技快感, https://udn.com/news/story/7323/4896341
         >>> 找到關鍵字 "安全"; 文章資訊: 2020-09-29 02:29:03, 男星驚悚上吊幕後推手竟是JSheon, https://stars.udn.com/star/story/10092/4896315
         >>> 找到關鍵字 "安全"; 文章資訊: 2020-09-29 02:28:00, 遠傳助攻北市5G自駕巴士開放試乘, https://udn.com/news/story/7240/4895974
         >>> 找到關鍵字 "安全"; 文章資訊: 2020-09-29 02:08:13, 禁爬野長城北京加大處罰力度, https://udn.com/news/story/7332/4895921
         >>> 找到關鍵字 "安全"; 文章資訊: 2020-09-29 02:08:13, 十一長假旅遊人數估計55億人次, https://udn.com/news/story/7332/4895914
         >>> 找到關鍵字 "安全"; 文章資訊: 2020-09-29 01:37:00, 保險投資六核心產業鬆綁, https://udn.com/news/story/7239/4895970
         >>> 找到關鍵字 "安全"; 文章資訊: 2020-09-29 01:25:00, 網路銀行催動FinTech進化, https://udn.com/news/story/7239/4895671
         >>> 找到關鍵字 "安全"; 文章資訊: 2020-09-29 01:11:25, 13萬罰款當門票奇險野長城愈禁愈夯, https://udn.com/news/story/120883/4896285
         >>> 找到關鍵字 "安全"; 文章資訊: 2020-09-29 01:09:19, 為何這張台灣發行的金卡只有一千個人夠格享有, https://udn.com/news/story/120885/4896241
         >>> 找到關鍵字 "安全"; 文章資訊: 2020-09-29 01:01:04, 美豬攻防蔣萬安四問陳時中, https://udn.com/news/story/9750/4896280
         >>> 找到關鍵字 "安全"; 文章資訊: 2020-09-29 00:24:54, 機器人基金夯醞釀多頭行情, https://udn.com/news/story/121591/4895677
         >>> 找到關鍵字 "安全"; 文章資訊: 2020-09-29 00:24:05, ETF監視制度盯交易風險, https://udn.com/news/story/7251/4895464
         >>> 找到關鍵字 "安全"; 文章資訊: 2020-09-29 00:22:51, 北京觀察擴大內需拚經濟陸推文創旅遊, https://udn.com/news/story/7333/4895912
         >>> 找到關鍵字 "安全"; 文章資訊: 2020-09-29 00:22:39, 精誠攻企業資安報捷, https://udn.com/news/story/7253/4895461
         >>> 找到關鍵字 "安全"; 文章資訊: 2020-09-29 00:10:15, 貨車逼車傷人上百重機騎士抗議, https://udn.com/news/story/7320/4896163
         >>> 找到關鍵字 "安全"; 文章資訊: 2020-09-29 00:07:34, 聯合報社論台海危疑誰錯估形勢誰錯解民意, https://udn.com/news/story/7338/4896177
         >>> 找到關鍵字 "安全"; 文章資訊: 2020-09-29 00:04:07, 疑廚房濕滑台東太麻里某餐廳女員工自摔不治, https://udn.com/news/story/7320/4896215
         >>> 找到關鍵字 "安全"; 文章資訊: 2020-09-28 23:46:15, 雲林45業者組零瘦肉精聯盟, https://udn.com/news/story/9750/4895941
         >>> 找到關鍵字 "安全"; 文章資訊: 2020-09-28 23:44:44, 釣魚台船艦擦撞我批日蠻橫罔顧人命, https://udn.com/news/story/121697/4896154
         >>> 找到關鍵字 "安全"; 文章資訊: 2020-09-28 23:43:14, 七股光電廠偷跑南市建請撤照, https://udn.com/news/story/7326/4895929
        ------------------------------------------------------
       >> 搜尋關鍵字:"槽車"; 網址:"https://udn.com/search/word/2/槽車"
         <<< 2020-09-29 沒有更多 "槽車" 相關的新聞 !!! >>>
       >> 檔案輸出
        ------------------------------------------------------
      >> 下載新聞內容
      >> 下載 https://udn.com/news/story/7333/4896149, 東莞復工復產用電量明顯增長
      >> 下載 https://udn.com/news/story/6811/4896028, ESG當道綠色資產夯
      >> 下載 https://udn.com/news/story/7253/4895480, 貿聯擴產供貨特斯拉
      >> 下載 https://udn.com/news/story/7240/4895359, 貿聯將砸759億元興建常州新廠
      >> 下載 https://udn.com/news/story/7241/4896014, 中油印尼投資案傳韓商入夥
      >> 下載 https://udn.com/news/story/7333/4896012, 2020陸企500強出爐中石化居首
      >> 下載 https://udn.com/news/story/7327/4896275, 展現行動力捍衛水質監測競賽起跑
      >> 下載 https://udn.com/news/story/7240/4895295, 西門子攜手歐利速遠傳打造智慧互聯製鞋設備生產線
      >> 下載 https://udn.com/news/story/7326/4894977, 影地表最強里長今聲援台南鐵路地下化拆遷
      >> 下載 https://udn.com/news/story/7266/4894866, 台鐵增聘看守人員守護人車安全通行平交道安全
      >> 下載 https://udn.com/news/story/7333/4894475, 陸企500強出爐中石化國家電網中石油奪前三
      >> 下載 https://udn.com/news/story/7239/4894254, 台中市第1件工業區立體化方案韋僑科技將受惠
      >> 下載 https://udn.com/news/story/7333/4894172, 上緯新材料今科創板敲鐘
      >> 下載 https://udn.com/news/story/7241/4896014, 中油印尼投資案傳韓商入夥
      >> 下載 https://udn.com/news/story/7241/4895977, 中油印尼投資台廠中下游興趣缺缺
      >> 下載 https://udn.com/news/story/7332/4896151, 寧夏石嘴山海關揭牌
      >> 下載 https://udn.com/news/story/7333/4896088, 上緯小金雞科創板掛牌
      >> 下載 https://udn.com/news/story/6811/4896057, 樂金化學砸17億美元擴產電池材料
      >> 下載 https://udn.com/news/story/7254/4896006, 浩鼎入股代工廠拿下潤雅67股權
      >> 下載 https://udn.com/news/story/7253/4895491, 騰輝KY法人董事請辭
      >> 下載 https://udn.com/news/story/6811/4896016, 特斯拉想入股樂金電池事業
      >> 下載 https://stars.udn.com/star/story/10091/4895482, 同學麥娜絲再出預告4主角名字有玄機
      >> 下載 https://udn.com/news/story/7314/4895315, 空污費率草案遭環團質疑環署盼110年1月上路
      >> 下載 https://udn.com/news/story/6811/4895150, 特斯拉傳入股LGEnergy確保電池供應
      >> 下載 https://udn.com/news/story/7266/4894612, 偏鄉教育三支箭張淑芬公益引路的十年一刻
      >> 下載 https://udn.com/news/story/7240/4894588, 騰輝法人董事辭職公司營運不受影響
      >> 下載 https://udn.com/news/story/7241/4894106, 台資企業第一家上緯新材料於上海科創版掛牌
      >> 下載 https://udn.com/news/story/6928/4893976, 產學專案教師面授即戰力大同大學產學合作拚三贏
      >> 下載 https://udn.com/news/story/6809/4893835, 旅德奧瑞台灣學者聚柏林談研究熱情業界展望
      >> 下載 https://udn.com/news/story/12493/4896184, 大法官評議檔案從未外洩司法院促轉會須依法使用且守密
      >> 下載 https://udn.com/news/story/7324/4895656, 鳳鼻尾隧道限高架又遭硬闖撞毀
      >> 下載 https://udn.com/news/story/6813/4893930, 金融巨頭又幫洗錢美國FinCEN文件曝光的豐醜聞
      >> 找不到新聞內容，可能是新聞的格式不同所致。
      >> 下載 https://udn.com/news/story/7320/4893911, 麥擱撞了西濱鳳鼻限高門架又遭大車撞歪毀損
      >> 下載 https://udn.com/news/story/120887/4892193, 以為看一下沒關係擅自登入前女友IG被判拘役30日
      >> 下載 https://udn.com/news/story/7324/4895654, 工業區周邊常惡臭檢舉無下文
      >> 下載 https://udn.com/news/story/7315/4895371, 扯北市官員吸毒被逮仍在職議員轟民眾安全誰把關
      >> 下載 https://udn.com/news/story/6809/4894873, 伊拉克外長訪伊朗推動兩伊合作關係
      >> 下載 https://udn.com/news/story/7240/4894465, 聯電去年能資源管理經濟效益達45億元
      >> 下載 https://udn.com/news/story/7270/4894090, 中秋烤肉弘光科大營養系師生教用錫箔紙烤但勿搭酸物
      >> 下載 https://health.udn.com/health/story/6037/4894090, 中秋烤肉弘光科大營養系師生教用錫箔紙烤但勿搭酸物
      >> 下載 https://udn.com/news/story/7331/4894083, 台海風雲緊陸學者北京紅線之外另劃黃燈區域
      >> 下載 https://udn.com/news/story/7315/4894066, 影基警查獲美制衝鋒槍惡靈古堡女主角手中致命武器
      >> 下載 https://health.udn.com/health/story/6037/4890158, 吃魚能變聰明防失智專家指5大好處還能降心血管疾病風險
      >> 下載 https://udn.com/news/story/7003/4893850, 台灣籃球名人堂協會計劃籌組公開徵求會員
      >> 下載 https://udn.com/news/story/7315/4896138, 倉儲竊走貨櫃運毒詭計被破解
      >> 下載 https://udn.com/news/story/7315/4895371, 扯北市官員吸毒被逮仍在職議員轟民眾安全誰把關
      >> 下載 https://opinion.udn.com/opinion/story/12626/4894917, 有毒的毒品查緝政策五被績效牽鼻子走焉能安居
      >> 下載 https://udn.com/news/story/7315/4894826, 北市消極處理校園涉毒情況議員痛批去年人數還增加
      >> 下載 https://udn.com/news/story/6811/4896028, ESG當道綠色資產夯
      >> 下載 https://udn.com/news/story/120944/4894940, 中國擴大接種試驗中疫苗紐時存在未知風險
      >> 下載 https://udn.com/news/story/6809/4894873, 伊拉克外長訪伊朗推動兩伊合作關係
      >> 下載 https://udn.com/news/story/9750/4894205, 含萊劑豬肉安全蔣萬安四問陳時中為什麼機關團膳禁用
      >> 下載 https://udn.com/news/story/7270/4894929, 7大獎項入袋Omar威士忌縱貫麥芽狂人大賽
      >> 下載 https://style.udn.com/style/story/11350/4894929, 7大獎項入袋Omar威士忌縱貫麥芽狂人大賽
      >> 下載 https://udn.com/news/story/7266/4894598, 28歲糖尿病男怕不舉才就醫醫師嘆年輕人不受控
      >> 下載 https://health.udn.com/health/story/5974/4894598, 28歲糖尿病男怕不舉才就醫醫師嘆年輕人不受控
      >> 下載 https://udn.com/news/story/7266/4894321, 吃柚子不能吃藥隔餐吃就好醫師跟你想的不一樣
      >> 下載 https://health.udn.com/health/story/6012/4894321, 吃柚子不能吃藥隔餐吃就好醫師跟你想的不一樣
      >> 下載 https://udn.com/news/story/7270/4894090, 中秋烤肉弘光科大營養系師生教用錫箔紙烤但勿搭酸物
      >> 下載 https://health.udn.com/health/story/6037/4894090, 中秋烤肉弘光科大營養系師生教用錫箔紙烤但勿搭酸物
      >> 下載 https://udn.com/news/story/7315/4896138, 倉儲竊走貨櫃運毒詭計被破解
      >> 下載 https://udn.com/news/story/7315/4895371, 扯北市官員吸毒被逮仍在職議員轟民眾安全誰把關
      >> 下載 https://udn.com/news/story/7315/4894950, 影航空貨櫃走私200公斤毒品嫌竊自家貨物反遭警查獲
      >> 下載 https://opinion.udn.com/opinion/story/12626/4894917, 有毒的毒品查緝政策五被績效牽鼻子走焉能安居
      >> 下載 https://udn.com/news/story/6812/4894844, 寶萊塢巨星涉毒案延燒印度當局調查收入最高女星
      >> 下載 https://udn.com/news/story/6812/4894838, 墨西哥酒吧發生血腥暴力7男4女喪命
      >> 下載 https://udn.com/news/story/7315/4894826, 北市消極處理校園涉毒情況議員痛批去年人數還增加
      >> 下載 https://udn.com/news/story/7315/4894445, 借人千萬反成欠債北市警逮黑幫暴力團
      >> 下載 https://udn.com/news/story/7315/4894066, 影基警查獲美制衝鋒槍惡靈古堡女主角手中致命武器
      >> 下載 https://udn.com/news/story/9750/4896280, 美豬攻防蔣萬安四問陳時中
      >> 下載 https://udn.com/news/story/6656/4895341, 蔣萬安質詢陳時中徐志榮稱2位準市長
      >> 下載 https://udn.com/news/story/7314/4895315, 空污費率草案遭環團質疑環署盼110年1月上路
      >> 下載 https://udn.com/news/story/9750/4894205, 含萊劑豬肉安全蔣萬安四問陳時中為什麼機關團膳禁用
      >> 下載 https://udn.com/news/story/7270/4894090, 中秋烤肉弘光科大營養系師生教用錫箔紙烤但勿搭酸物
      >> 下載 https://health.udn.com/health/story/6037/4894090, 中秋烤肉弘光科大營養系師生教用錫箔紙烤但勿搭酸物
      >> 下載 https://health.udn.com/health/story/6037/4890158, 吃魚能變聰明防失智專家指5大好處還能降心血管疾病風險
      >> 下載 https://udn.com/news/story/9750/4896277, 觀察站北市長前哨戰萬安強攻時中跳針
      >> 下載 https://udn.com/news/story/9750/4895917, 中市拒萊豬藍黨團連署綠婉拒
      >> 下載 https://udn.com/news/story/6656/4895125, 立委質詢問台北市長人選陳時中蔣萬安很優秀
      >> 下載 https://udn.com/news/story/7266/4895088, 抽檢中秋節前應景食材月餅烤肉食材醬料都合格
      >> 下載 https://udn.com/news/story/7323/4894446, 11人要擋百萬萊豬議員籲中市府解決檢驗人力不足
      >> 下載 https://udn.com/news/story/9750/4894205, 含萊劑豬肉安全蔣萬安四問陳時中為什麼機關團膳禁用
      >> 下載 https://udn.com/news/story/7270/4895764, 專業酒保盲測6大最夯RTD哪款最好喝
      >> 下載 https://udn.com/umedia/story/12751/4894984, 花蓮福容飯店早餐Buffet幸福感最高的是盛碗紅藜白粥
      >> 找不到新聞內容，可能是新聞的格式不同所致。
      >> 下載 https://udn.com/news/story/7325/4894224, 葫蘆墩文化中心文物特展豐原百年文物再現
      >> 下載 https://udn.com/news/story/7241/4896014, 中油印尼投資案傳韓商入夥
      >> 下載 https://udn.com/news/story/7241/4895977, 中油印尼投資台廠中下游興趣缺缺
      >> 下載 https://udn.com/news/story/6811/4896028, ESG當道綠色資產夯
      >> 下載 https://udn.com/news/story/7254/4896006, 浩鼎入股代工廠拿下潤雅67股權
      >> 下載 https://udn.com/news/story/7252/4895452, 石化原料漲台塑化利多
      >> 下載 https://udn.com/news/story/7270/4895764, 專業酒保盲測6大最夯RTD哪款最好喝
      >> 下載 https://udn.com/news/story/7339/4895869, 金鐘穿回自然是勇者
      >> 下載 https://udn.com/news/story/7241/4894291, 國際原料行情走跌豐興調降廢鋼鋼筋盤價
      >> 下載 https://health.udn.com/health/story/6037/4890158, 吃魚能變聰明防失智專家指5大好處還能降心血管疾病風險
      >> 下載 https://udn.com/news/story/6928/4894217, 回台大任教人氣爆棚朱立倫老師祝老師們教師節快樂
      >> 下載 https://udn.com/news/story/7270/4895353, 樂華夜市排隊冰店百貨吃得到阿爸的芋圓進駐京站
      >> 下載 https://style.udn.com/style/story/11350/4895353, 樂華夜市排隊冰店百貨吃得到阿爸的芋圓進駐京站
      >> 下載 https://udn.com/news/story/7324/4894965, 2成學生精神不濟常喝提神飲料桃園將調查飲用情形
      >> 下載 https://udn.com/news/story/120944/4895314, 一班越南救援包機直擊社會主義層層鐵腕防疫
      >> 下載 https://udn.com/news/story/7001/4895256, 日本隊終結者都被拔悍將牛棚也可考慮調整
      >> 下載 https://udn.com/news/story/120887/4896232, 比Google導航更準台電人才知的定位妙招
      >> 下載 https://udn.com/news/story/7332/4895240, 遼寧兩私立學校突倒閉校長失蹤學生撕書噴滅火器洩憤
      >> 下載 https://udn.com/news/story/7332/4894955, 江蘇小學教師示範爆閃燃4學生二度燒傷
      >> 下載 https://udn.com/news/story/6810/4894453, 恐怖情人美男操控無人機飛到前女友家丟炸彈
      >> 下載 https://udn.com/news/story/6809/4894592, 黎巴嫩新政府難產馬克宏痛批集體背棄承諾
      >> 下載 https://udn.com/news/story/7270/4894534, 有怪獸雅柏WeeBeastie小野獸10月限量登台
      >> 下載 https://style.udn.com/style/story/11350/4894534, 有怪獸雅柏WeeBeastie小野獸10月限量登台
      >> 下載 https://udn.com/news/story/7001/4892831, 中職黃恩賜失速迷航好似當年勝投王鎌田祐哉
      >> 下載 https://udn.com/news/story/7240/4896078, 鴻海國巨結盟法人看好強強聯手
      >> 下載 https://udn.com/news/story/7238/4896189, 8月景氣回穩亮出綠燈
      >> 下載 https://udn.com/news/story/7240/4896122, 鴻海國巨結盟戰力3x3
      >> 下載 https://udn.com/news/story/7240/4895975, 遠傳強打5G創新應用推動遠距醫療
      >> 下載 https://udn.com/news/story/121591/4895471, 五檔跨國組合基金績效亮眼
      >> 下載 https://udn.com/news/story/121591/4895474, 第4季基金投資趨勢成長型資產重押六成
      >> 下載 https://udn.com/news/story/121591/4895486, 亞股大失血陸股重傷
      >> 下載 https://udn.com/news/story/121591/4895475, 投資級企業債買氣熱
      >> 下載 https://udn.com/news/story/121591/4895487, 新興亞洲基金逆勢吸金
      >> 下載 https://udn.com/news/story/7253/4895400, 矽創本月營收衝高
      >> 下載 https://udn.com/news/story/6811/4896039, 富國銀美股波動加大
      >> 下載 https://udn.com/news/story/7238/4896140, 8月景氣轉綠燈國發會谷底已過
      >> 下載 https://fund.udn.com/fund/story/5858/4895486, 亞股大失血陸股重傷
      >> 下載 https://fund.udn.com/fund/story/5858/4895487, 新興亞洲基金逆勢吸金
      >> 下載 https://fund.udn.com/fund/story/5856/4895475, 投資級企業債買氣熱
      >> 下載 https://fund.udn.com/fund/story/5858/4895474, 第4季投資趨勢成長型資產重押六成
      >> 下載 https://fund.udn.com/fund/story/5857/4895471, 五檔跨國組合基金績效亮眼
      >> 下載 https://udn.com/news/story/7240/4895324, 鴻海與國巨策略聯盟提升關鍵零組件價值
      >> 下載 https://udn.com/news/story/7240/4895302, 鴻海攜手國巨投入33領域提升關鍵零組件價值
      >> 下載 https://udn.com/news/story/7331/4895221, 台商籲海基會帶頭整合跨產業資源
      >> 下載 https://udn.com/news/story/120887/4892871, 社會檔案復仇夢碎沒等到出賣他的老大出獄他抱憾棄械投降
      >> 下載 https://udn.com/news/story/6810/4894453, 恐怖情人美男操控無人機飛到前女友家丟炸彈
      >> 下載 https://udn.com/news/story/7327/4894456, 澎湖鋤頭嶼疑似二戰水雷軍方29日現地爆毀
      >> 下載 https://udn.com/news/story/6811/4896041, 歐盟喊收航運汙染費惹議
      >> 下載 https://udn.com/news/story/7266/4896044, 擴大空汙季節費率環團反對
      >> 下載 https://udn.com/news/story/7238/4895366, 新增燃氣機組計畫進度卡關台電緊盯進度
      >> 下載 https://udn.com/news/story/7314/4895315, 空污費率草案遭環團質疑環署盼110年1月上路
      >> 下載 https://udn.com/news/story/120885/4894605, 日本唐吉訶德年輕人不愛了為何轉戰海外變吃香
      >> 下載 https://udn.com/news/story/7266/4894737, 空汙PM25橘色站日數環保署擬3年減半
      >> 下載 https://autos.udn.com/autos/story/7825/4894754, MildHybrid生力軍VolvoXC60B4登場導入AAC高效複合清淨科技
      >> 下載 https://udn.com/news/story/9750/4894537, 符合標準養豬場排水農委會研議改搭排灌溉溝渠
      >> 下載 https://udn.com/news/story/6656/4894572, 市長聯盟未改3市長名新北巿府持續溝通
      >> 下載 https://udn.com/news/story/7240/4894465, 聯電去年能資源管理經濟效益達45億元
      >> 下載 https://udn.com/news/story/6656/4894363, 台灣六都變中國全球市長聯盟回信北巿技術故障
      >> 下載 https://udn.com/news/story/7238/4888415, 南山人壽連年獲亞洲企業社會責任等大獎肯定
      >> 下載 https://udn.com/news/story/7238/4895366, 新增燃氣機組計畫進度卡關台電緊盯進度
      >> 下載 https://udn.com/news/story/7314/4895315, 空污費率草案遭環團質疑環署盼110年1月上路
      >> 下載 https://udn.com/news/story/7323/4895096, 雙北水肥爭議新北興建2投置站解決
      >> 下載 https://udn.com/news/story/7266/4895084, 空污致眼中風風險增這些族群要注意
      >> 下載 https://udn.com/news/story/6812/4894931, 在家上班商辦閒置都市發展走向宜居
      >> 下載 https://udn.com/news/story/7240/4894763, 華碩雲端加入大數據分析計畫智慧應用落地台中
      >> 下載 https://udn.com/news/story/7326/4894373, 無人機揪空汙環保局年底新營增設500顆空品微感器
      >> 下載 https://udn.com/news/story/7241/4894106, 台資企業第一家上緯新材料於上海科創版掛牌
      >> 下載 https://udn.com/news/story/9750/4894537, 符合標準養豬場排水農委會研議改搭排灌溉溝渠
      >> 下載 https://udn.com/news/story/7323/4895096, 雙北水肥爭議新北興建2投置站解決
      >> 下載 https://udn.com/news/story/9750/4894537, 符合標準養豬場排水農委會研議改搭排灌溉溝渠
      >> 下載 https://udn.com/news/story/7324/4895654, 工業區周邊常惡臭檢舉無下文
      >> 下載 https://udn.com/news/story/7323/4896341, 影北市5G自駕巴士聯合新聞網搶先體驗科技快感
      >> 下載 https://stars.udn.com/star/story/10092/4896315, 男星驚悚上吊幕後推手竟是JSheon
      >> 下載 https://udn.com/news/story/7240/4895974, 遠傳助攻北市5G自駕巴士開放試乘
      >> 下載 https://udn.com/news/story/7332/4895921, 禁爬野長城北京加大處罰力度
      >> 下載 https://udn.com/news/story/7332/4895914, 十一長假旅遊人數估計55億人次
      >> 下載 https://udn.com/news/story/7239/4895970, 保險投資六核心產業鬆綁
      >> 下載 https://udn.com/news/story/7239/4895671, 網路銀行催動FinTech進化
      >> 下載 https://udn.com/news/story/120883/4896285, 13萬罰款當門票奇險野長城愈禁愈夯
      >> 下載 https://udn.com/news/story/120885/4896241, 為何這張台灣發行的金卡只有一千個人夠格享有
      >> 下載 https://udn.com/news/story/9750/4896280, 美豬攻防蔣萬安四問陳時中
      >> 下載 https://udn.com/news/story/121591/4895677, 機器人基金夯醞釀多頭行情
      >> 下載 https://udn.com/news/story/7251/4895464, ETF監視制度盯交易風險
      >> 下載 https://udn.com/news/story/7333/4895912, 北京觀察擴大內需拚經濟陸推文創旅遊
      >> 下載 https://udn.com/news/story/7253/4895461, 精誠攻企業資安報捷
      >> 下載 https://udn.com/news/story/7320/4896163, 貨車逼車傷人上百重機騎士抗議
      >> 下載 https://udn.com/news/story/7338/4896177, 聯合報社論台海危疑誰錯估形勢誰錯解民意
      >> 下載 https://udn.com/news/story/7320/4896215, 疑廚房濕滑台東太麻里某餐廳女員工自摔不治
      >> 下載 https://udn.com/news/story/9750/4895941, 雲林45業者組零瘦肉精聯盟
      >> 下載 https://udn.com/news/story/121697/4896154, 釣魚台船艦擦撞我批日蠻橫罔顧人命
      >> 下載 https://udn.com/news/story/7326/4895929, 七股光電廠偷跑南市建請撤照
