     -----> 新聞爬蟲：蘋果日報

           <<< 蘋果日報新聞搜尋 >>>
  ------------------------------------------------------
  ------------------------------------------------------
    >> 搜尋關鍵字:"工業用"; 網址:"https://tw.appledaily.com/search/工業用/"
         <<< 2020-10-03 沒有更多 "工業用" 相關的新聞 !!! >>>
  ------------------------------------------------------
    >> 搜尋關鍵字:"化工"; 網址:"https://tw.appledaily.com/search/化工/"
         >>> 找到關鍵字 "化工"; 文章資訊: 2020-10-03 00:00:00, 蘋中人生態復育的活字典吳聲昱, https://tw.appledaily.com/headline/20201003/FW7FSVHF7NCR3HTEQF76VT2AJM/
         <<< 2020-10-03 沒有更多 "化工" 相關的新聞 !!! >>>
  ------------------------------------------------------
    >> 搜尋關鍵字:"化災"; 網址:"https://tw.appledaily.com/search/化災/"
         <<< 2020-10-03 沒有更多 "化災" 相關的新聞 !!! >>>
  ------------------------------------------------------
    >> 搜尋關鍵字:"化學"; 網址:"https://tw.appledaily.com/search/化學/"
         >>> 找到關鍵字 "化學"; 文章資訊: 2020-10-03 00:12:00, 高中生搶修福爾摩斯上法庭108課綱玩課程成未來法曹養成所, https://tw.appledaily.com/life/20201004/H3ED2CESRJFVDJWPQW6C3DT3RE/
         >>> 找到關鍵字 "化學"; 文章資訊: 2020-10-03 00:01:00, 百姓的苦與痛2政府三不管蟻害南往北竄10縣市28鄉鎮淪陷, https://tw.appledaily.com/local/20201003/RXM62ZK66FBMTKFRVRGNCAGYSA/
         <<< 2020-10-03 沒有更多 "化學" 相關的新聞 !!! >>>
  ------------------------------------------------------
    >> 搜尋關鍵字:"外洩"; 網址:"https://tw.appledaily.com/search/外洩/"
         <<< 2020-10-03 沒有更多 "外洩" 相關的新聞 !!! >>>
  ------------------------------------------------------
    >> 搜尋關鍵字:"危害"; 網址:"https://tw.appledaily.com/search/危害/"
         >>> 找到關鍵字 "危害"; 文章資訊: 2020-10-03 00:00:00, 雜交危害社會良俗觸法最重判10年, https://tw.appledaily.com/headline/20201003/2GOSLYRXUVAQFBGSEOLGUYOYLI/
         >>> 找到關鍵字 "危害"; 文章資訊: 2020-10-03 00:00:00, 爐碴再利用為何陷入惡性循環陳文卿, https://tw.appledaily.com/forum/20201003/A2A7BUNE6VFOJPVAH6V3OO6QBU/
         <<< 2020-10-03 沒有更多 "危害" 相關的新聞 !!! >>>
  ------------------------------------------------------
    >> 搜尋關鍵字:"有毒"; 網址:"https://tw.appledaily.com/search/有毒/"
      **** something wrong!! Restart it!! ****
  ------------------------------------------------------
    >> 搜尋關鍵字:"有害"; 網址:"https://tw.appledaily.com/search/有害/"
         <<< 2020-10-03 沒有更多 "有害" 相關的新聞 !!! >>>
  ------------------------------------------------------
    >> 搜尋關鍵字:"色料"; 網址:"https://tw.appledaily.com/search/色料/"
         <<< 2020-10-03 沒有更多 "色料" 相關的新聞 !!! >>>
  ------------------------------------------------------
    >> 搜尋關鍵字:"色素"; 網址:"https://tw.appledaily.com/search/色素/"
      **** something wrong!! Restart it!! ****
  ------------------------------------------------------
    >> 搜尋關鍵字:"毒性"; 網址:"https://tw.appledaily.com/search/毒性/"
         >>> 找到關鍵字 "毒性"; 文章資訊: 2020-10-03 00:00:00, 自美國與日本返國昨新增2台男確診, https://tw.appledaily.com/headline/20201003/QGKLABFD35AKJI3M6FEKRYPKSI/
         >>> 找到關鍵字 "毒性"; 文章資訊: 2020-10-03 00:00:00, 美豬瘦肉精叩關7族群高風險運動員小心被驗出禁藥, https://tw.appledaily.com/lifestyle/20201003/YBT5YH2FKVAENBXKV2SMCYS3GQ/
         >>> 找到關鍵字 "毒性"; 文章資訊: 2020-10-03 00:15:00, 秋節瘋柚子防交互作用吃這6種藥的人特別小心, https://tw.appledaily.com/life/20201003/VK5NN3FPXZHE5CXZ6S2WFCB4GE/
         >>> 找到關鍵字 "毒性"; 文章資訊: 2020-10-02 19:57:00, 武肺疫報2台男自美日入境確診指揮中心川普染疫不影響疫苗進度, https://tw.appledaily.com/life/20201002/JEQ27ZEOAFF43OUBRKESUYX62Q/
         <<< 2020-10-03 沒有更多 "毒性" 相關的新聞 !!! >>>
  ------------------------------------------------------
    >> 搜尋關鍵字:"毒品"; 網址:"https://tw.appledaily.com/search/毒品/"
         >>> 找到關鍵字 "毒品"; 文章資訊: 2020-10-03 00:03:00, 瑪麗亞凱莉出書揭悲慘童年12歲遭親姊餵毒險賣皮條客, https://tw.appledaily.com/entertainment/20201003/Y63I7IGRSBAFFO2IBDKRVSREC4/
         >>> 找到關鍵字 "毒品"; 文章資訊: 2020-10-03 00:00:00, 扮熊貓外送員運毒保溫箱藏毒咖啡包, https://tw.appledaily.com/headline/20201003/XUZTGKAJGNGAREU4O3USSUSTCE/
         >>> 找到關鍵字 "毒品"; 文章資訊: 2020-10-03 00:00:00, 花蝴蝶爆12歲遭餵毒親姊誘當雛妓, https://tw.appledaily.com/entertainment/20201003/5C5VNQKVNNE43JUN6AWXYBW3WA/
         >>> 找到關鍵字 "毒品"; 文章資訊: 2020-10-03 00:00:00, 50歲啃老兒為分產痛毆母, https://tw.appledaily.com/headline/20201003/44I5EN6DK5CWLIJEQETL6NYAZE/
         >>> 找到關鍵字 "毒品"; 文章資訊: 2020-10-03 00:00:00, 蘋果踢爆荒唐雜交趴11男戰4女, https://tw.appledaily.com/headline/20201003/FYB63FWXBNBA7JXZBDHVFHMIFQ/
         >>> 找到關鍵字 "毒品"; 文章資訊: 2020-10-02 22:00:00, 50歲還啃老強逼過戶透天豪宅未果孽子狠把7旬母打爆頭昏迷, https://tw.appledaily.com/local/20201002/ZK77I7X2RNEDZGGAB6MHP3JWEU/
         >>> 找到關鍵字 "毒品"; 文章資訊: 2020-10-02 20:02:00, 假買哀鳳真偷手機高雄口罩男逃32小時落網, https://tw.appledaily.com/local/20201002/6WIPFXTUWFEXDB3VJGHXTXCQ5A/
         >>> 找到關鍵字 "毒品"; 文章資訊: 2020-10-02 11:51:00, 網路賣毒暗號下單男扮foodpanda外送員運毒到府, https://tw.appledaily.com/local/20201002/322X2GYECNCONAVQK3CNCMGN7U/
         >>> 找到關鍵字 "毒品"; 文章資訊: 2020-10-02 16:38:00, 不滿落魄角頭搶女友毒蟲挾怨爆料他擁槍, https://tw.appledaily.com/local/20201002/DZVM2LCYZJEZRI55G24JMMO72Y/
         >>> 找到關鍵字 "毒品"; 文章資訊: 2020-10-02 17:04:00, 色男持刀白嫖強盜按摩女留100元給她吃飯判囚11年, https://tw.appledaily.com/local/20201002/CWXH6Q6SZNEM5K5AT4O6EKVYWU/
         <<< 2020-10-03 沒有更多 "毒品" 相關的新聞 !!! >>>
  ------------------------------------------------------
    >> 搜尋關鍵字:"致癌"; 網址:"https://tw.appledaily.com/search/致癌/"
      **** something wrong!! Restart it!! ****
  ------------------------------------------------------
    >> 搜尋關鍵字:"重金屬"; 網址:"https://tw.appledaily.com/search/重金屬/"
         <<< 2020-10-03 沒有更多 "重金屬" 相關的新聞 !!! >>>
  ------------------------------------------------------
    >> 搜尋關鍵字:"食安"; 網址:"https://tw.appledaily.com/search/食安/"
         <<< 2020-10-03 沒有更多 "食安" 相關的新聞 !!! >>>
  ------------------------------------------------------
    >> 搜尋關鍵字:"香料"; 網址:"https://tw.appledaily.com/search/香料/"
      **** something wrong!! Restart it!! ****
  ------------------------------------------------------
    >> 搜尋關鍵字:"原料"; 網址:"https://tw.appledaily.com/search/原料/"
         <<< 2020-10-03 沒有更多 "原料" 相關的新聞 !!! >>>
  ------------------------------------------------------
    >> 搜尋關鍵字:"氣爆"; 網址:"https://tw.appledaily.com/search/氣爆/"
         <<< 2020-10-03 沒有更多 "氣爆" 相關的新聞 !!! >>>
  ------------------------------------------------------
    >> 搜尋關鍵字:"添加物"; 網址:"https://tw.appledaily.com/search/添加物/"
         <<< 2020-10-03 沒有更多 "添加物" 相關的新聞 !!! >>>
  ------------------------------------------------------
    >> 搜尋關鍵字:"黑心"; 網址:"https://tw.appledaily.com/search/黑心/"
      **** something wrong!! Restart it!! ****
  ------------------------------------------------------
    >> 搜尋關鍵字:"漂白"; 網址:"https://tw.appledaily.com/search/漂白/"
         <<< 2020-10-03 沒有更多 "漂白" 相關的新聞 !!! >>>
  ------------------------------------------------------
    >> 搜尋關鍵字:"爆炸"; 網址:"https://tw.appledaily.com/search/爆炸/"
      **** something wrong!! Restart it!! ****
  ------------------------------------------------------
    >> 搜尋關鍵字:"新興"; 網址:"https://tw.appledaily.com/search/新興/"
         >>> 找到關鍵字 "新興"; 文章資訊: 2020-10-03 07:07:00, 吆喝乎伊死男子遭圍毆頭破血流警火速逮6人, https://tw.appledaily.com/local/20201003/OWBJ5GHMTVCOZCWVIJKLTGA3P4/
         <<< 2020-10-03 沒有更多 "新興" 相關的新聞 !!! >>>
  ------------------------------------------------------
    >> 搜尋關鍵字:"爆裂物"; 網址:"https://tw.appledaily.com/search/爆裂物/"
         <<< 2020-10-03 沒有更多 "爆裂物" 相關的新聞 !!! >>>
  ------------------------------------------------------
    >> 搜尋關鍵字:"IED"; 網址:"https://tw.appledaily.com/search/IED/"
      **** something wrong!! Restart it!! ****
  ------------------------------------------------------
    >> 搜尋關鍵字:"排放"; 網址:"https://tw.appledaily.com/search/排放/"
         >>> 找到關鍵字 "排放"; 文章資訊: 2020-10-03 00:00:00, 蘋中人生態復育的活字典吳聲昱, https://tw.appledaily.com/headline/20201003/FW7FSVHF7NCR3HTEQF76VT2AJM/
         <<< 2020-10-03 沒有更多 "排放" 相關的新聞 !!! >>>
  ------------------------------------------------------
    >> 搜尋關鍵字:"污染"; 網址:"https://tw.appledaily.com/search/污染/"
         >>> 找到關鍵字 "污染"; 文章資訊: 2020-10-03 00:00:00, 爐碴再利用為何陷入惡性循環陳文卿, https://tw.appledaily.com/forum/20201003/A2A7BUNE6VFOJPVAH6V3OO6QBU/
         >>> 找到關鍵字 "污染"; 文章資訊: 2020-10-03 00:00:00, 蘋中人生態復育的活字典吳聲昱, https://tw.appledaily.com/headline/20201003/FW7FSVHF7NCR3HTEQF76VT2AJM/
         >>> 找到關鍵字 "污染"; 文章資訊: 2020-10-02 16:00:00, 爐碴再利用為何陷入惡性循環陳文卿, https://tw.appledaily.com/forum/20201002/BLIMJBLXD5C6HLZRMBKLL3VTSY/
         <<< 2020-10-03 沒有更多 "污染" 相關的新聞 !!! >>>
  ------------------------------------------------------
    >> 搜尋關鍵字:"廢水"; 網址:"https://tw.appledaily.com/search/廢水/"
         >>> 找到關鍵字 "廢水"; 文章資訊: 2020-10-03 00:00:00, 蘋中人生態復育的活字典吳聲昱, https://tw.appledaily.com/headline/20201003/FW7FSVHF7NCR3HTEQF76VT2AJM/
         <<< 2020-10-03 沒有更多 "廢水" 相關的新聞 !!! >>>
  ------------------------------------------------------
    >> 搜尋關鍵字:"污水"; 網址:"https://tw.appledaily.com/search/污水/"
      **** something wrong!! Restart it!! ****
  ------------------------------------------------------
    >> 搜尋關鍵字:"洩漏"; 網址:"https://tw.appledaily.com/search/洩漏/"
         <<< 2020-10-03 沒有更多 "洩漏" 相關的新聞 !!! >>>
  ------------------------------------------------------
    >> 搜尋關鍵字:"暗管"; 網址:"https://tw.appledaily.com/search/暗管/"
         <<< 2020-10-03 沒有更多 "暗管" 相關的新聞 !!! >>>
  ------------------------------------------------------
    >> 搜尋關鍵字:"偷排"; 網址:"https://tw.appledaily.com/search/偷排/"
      **** something wrong!! Restart it!! ****
  ------------------------------------------------------
    >> 搜尋關鍵字:"安全"; 網址:"https://tw.appledaily.com/search/安全/"
         >>> 找到關鍵字 "安全"; 文章資訊: 2020-10-03 07:48:00, 美國大選副總統辯論如期舉行潘斯下周三對陣賀錦麗, https://tw.appledaily.com/international/20201003/U7NBFDXN2VGP5AYBFJNPC7GUTQ/
         >>> 找到關鍵字 "安全"; 文章資訊: 2020-10-03 07:36:00, 美中角力美司法部上訴尋求恢復執行禁微信下載令, https://tw.appledaily.com/international/20201003/2DHX53PN7JEMVLMZAMU55RADWE/
         >>> 找到關鍵字 "安全"; 文章資訊: 2020-10-03 00:00:00, 聯開宅釘子戶2坪喊價4億, https://tw.appledaily.com/headline/20201003/NQUGXDUXGVBV7NVRQVDPNTHUUE/
         >>> 找到關鍵字 "安全"; 文章資訊: 2020-10-03 00:01:00, 5G新機打安全牌評Pixel5的4點可惜之處, https://tw.appledaily.com/gadget/20201003/3B4QR5OKYRFBLOCE4GXHAFMRNA/
         >>> 找到關鍵字 "安全"; 文章資訊: 2020-10-03 07:07:00, 不斷更新川普確診後首度現身發燒送軍方醫院錄影片報最新病況, https://tw.appledaily.com/international/20201003/FKYGBMPGHFFL3KH7JVGANTJ6CY/
         >>> 找到關鍵字 "安全"; 文章資訊: 2020-10-03 06:57:00, 狗仔直擊頑童瘦子攝影師女友長這樣中秋烤肉趴帶給張震嶽看, https://tw.appledaily.com/entertainment/20201003/FKWLIYJ4D5CLLJBN4XNULXL2O4/
         >>> 找到關鍵字 "安全"; 文章資訊: 2020-10-03 00:12:00, 獨家消耗戰一架每小時成本百萬我戰機半個月攔截共機已花億元, https://tw.appledaily.com/politics/20201003/RN4RPJX6QFHVBHYUTVY543H4JU/
         >>> 找到關鍵字 "安全"; 文章資訊: 2020-10-03 06:20:00, 川普確診美就業數據疲弱賣壓湧現道瓊跌134點收黑, https://tw.appledaily.com/property/20201002/P6E74SPLBNHITE3A6DEYKGRXBA/
         >>> 找到關鍵字 "安全"; 文章資訊: 2020-10-03 05:46:00, 日本體育廳長官就職室伏廣治為拿下最多奧運獎牌努力, https://tw.appledaily.com/sports/20201003/77PSMBDBRNA2THKFKYIXX6YR3A/
         >>> 找到關鍵字 "安全"; 文章資訊: 2020-10-03 06:11:00, 原來台東可以這樣玩東大打造Y計畫創造旅遊新經濟, https://tw.appledaily.com/life/20201003/DKOGIHYJ2ND5XPQFGNMOACHSUE/
         >>> 找到關鍵字 "安全"; 文章資訊: 2020-10-02 07:11:00, 英國政府報告華為產品有嚴重安全缺陷, https://tw.appledaily.com/international/20201002/K26BNDCJNJGW3ODFKNTMD6STF4/
         >>> 找到關鍵字 "安全"; 文章資訊: 2020-10-03 05:03:00, 北韓街頭現反政府塗鴉斥黨官剝削百姓官員要求居民用左右手寫字查筆跡, https://tw.appledaily.com/international/20201003/NMPR336LIFES3M4M4JOMDW2Z4Q/
         >>> 找到關鍵字 "安全"; 文章資訊: 2020-10-03 00:00:00, 研發飛彈買戰機國軍戰力頻升級, https://tw.appledaily.com/headline/20201003/53ASCGDTKFBVPJN5TQH3NRGA2M/
         >>> 找到關鍵字 "安全"; 文章資訊: 2020-10-03 00:00:00, 綠委提修法掛五星旗最高罰5萬, https://tw.appledaily.com/headline/20201003/HV5YAPSC35AT5L44OQX247TGEM/
         >>> 找到關鍵字 "安全"; 文章資訊: 2020-10-03 00:00:00, 美50參議員籲華府與台談BTA, https://tw.appledaily.com/international/20201003/Y6OWGDSH6ZCKZCMSWXMGD3REZU/
         >>> 找到關鍵字 "安全"; 文章資訊: 2020-10-03 00:00:00, 日超狂防疫接力棒2公尺長, https://tw.appledaily.com/sports/20201003/WLCG46FNCBBDRBUFXMZZAETYOI/
         >>> 找到關鍵字 "安全"; 文章資訊: 2020-10-03 03:37:00, 美國務卿下周訪亞洲是否考慮來台國務院目前沒計劃, https://tw.appledaily.com/international/20201003/BR6SWW34HNBDJJBTCDPAGI6KKY/
         <<< 2020-10-03 沒有更多 "安全" 相關的新聞 !!! >>>
  ------------------------------------------------------
    >> 搜尋關鍵字:"槽車"; 網址:"https://tw.appledaily.com/search/槽車/"
         <<< 2020-10-03 沒有更多 "槽車" 相關的新聞 !!! >>>
       >> 檔案輸出
        ------------------------------------------------------
      >> 下載新聞內容
      >> 下載 https://tw.appledaily.com/headline/20201003/FW7FSVHF7NCR3HTEQF76VT2AJM/, 蘋中人生態復育的活字典吳聲昱
      >> 下載 https://tw.appledaily.com/life/20201004/H3ED2CESRJFVDJWPQW6C3DT3RE/, 高中生搶修福爾摩斯上法庭108課綱玩課程成未來法曹養成所
      >> 下載 https://tw.appledaily.com/local/20201003/RXM62ZK66FBMTKFRVRGNCAGYSA/, 百姓的苦與痛2政府三不管蟻害南往北竄10縣市28鄉鎮淪陷
      >> 下載 https://tw.appledaily.com/headline/20201003/2GOSLYRXUVAQFBGSEOLGUYOYLI/, 雜交危害社會良俗觸法最重判10年
      >> 下載 https://tw.appledaily.com/forum/20201003/A2A7BUNE6VFOJPVAH6V3OO6QBU/, 爐碴再利用為何陷入惡性循環陳文卿
      >> 下載 https://tw.appledaily.com/headline/20201003/QGKLABFD35AKJI3M6FEKRYPKSI/, 自美國與日本返國昨新增2台男確診
      >> 下載 https://tw.appledaily.com/lifestyle/20201003/YBT5YH2FKVAENBXKV2SMCYS3GQ/, 美豬瘦肉精叩關7族群高風險運動員小心被驗出禁藥
      >> 下載 https://tw.appledaily.com/life/20201003/VK5NN3FPXZHE5CXZ6S2WFCB4GE/, 秋節瘋柚子防交互作用吃這6種藥的人特別小心
      >> 下載 https://tw.appledaily.com/life/20201002/JEQ27ZEOAFF43OUBRKESUYX62Q/, 武肺疫報2台男自美日入境確診指揮中心川普染疫不影響疫苗進度
      >> 下載 https://tw.appledaily.com/entertainment/20201003/Y63I7IGRSBAFFO2IBDKRVSREC4/, 瑪麗亞凱莉出書揭悲慘童年12歲遭親姊餵毒險賣皮條客
      >> 下載 https://tw.appledaily.com/headline/20201003/XUZTGKAJGNGAREU4O3USSUSTCE/, 扮熊貓外送員運毒保溫箱藏毒咖啡包
      >> 下載 https://tw.appledaily.com/entertainment/20201003/5C5VNQKVNNE43JUN6AWXYBW3WA/, 花蝴蝶爆12歲遭餵毒親姊誘當雛妓
      >> 下載 https://tw.appledaily.com/headline/20201003/44I5EN6DK5CWLIJEQETL6NYAZE/, 50歲啃老兒為分產痛毆母
      >> 下載 https://tw.appledaily.com/headline/20201003/FYB63FWXBNBA7JXZBDHVFHMIFQ/, 蘋果踢爆荒唐雜交趴11男戰4女
      >> 下載 https://tw.appledaily.com/local/20201002/ZK77I7X2RNEDZGGAB6MHP3JWEU/, 50歲還啃老強逼過戶透天豪宅未果孽子狠把7旬母打爆頭昏迷
      >> 下載 https://tw.appledaily.com/local/20201002/6WIPFXTUWFEXDB3VJGHXTXCQ5A/, 假買哀鳳真偷手機高雄口罩男逃32小時落網
      >> 下載 https://tw.appledaily.com/local/20201002/322X2GYECNCONAVQK3CNCMGN7U/, 網路賣毒暗號下單男扮foodpanda外送員運毒到府
      >> 下載 https://tw.appledaily.com/local/20201002/DZVM2LCYZJEZRI55G24JMMO72Y/, 不滿落魄角頭搶女友毒蟲挾怨爆料他擁槍
      >> 下載 https://tw.appledaily.com/local/20201002/CWXH6Q6SZNEM5K5AT4O6EKVYWU/, 色男持刀白嫖強盜按摩女留100元給她吃飯判囚11年
      >> 下載 https://tw.appledaily.com/local/20201003/OWBJ5GHMTVCOZCWVIJKLTGA3P4/, 吆喝乎伊死男子遭圍毆頭破血流警火速逮6人
      >> 下載 https://tw.appledaily.com/headline/20201003/FW7FSVHF7NCR3HTEQF76VT2AJM/, 蘋中人生態復育的活字典吳聲昱
      >> 下載 https://tw.appledaily.com/forum/20201003/A2A7BUNE6VFOJPVAH6V3OO6QBU/, 爐碴再利用為何陷入惡性循環陳文卿
      >> 下載 https://tw.appledaily.com/headline/20201003/FW7FSVHF7NCR3HTEQF76VT2AJM/, 蘋中人生態復育的活字典吳聲昱
      >> 下載 https://tw.appledaily.com/forum/20201002/BLIMJBLXD5C6HLZRMBKLL3VTSY/, 爐碴再利用為何陷入惡性循環陳文卿
      >> 下載 https://tw.appledaily.com/headline/20201003/FW7FSVHF7NCR3HTEQF76VT2AJM/, 蘋中人生態復育的活字典吳聲昱
      >> 下載 https://tw.appledaily.com/international/20201003/U7NBFDXN2VGP5AYBFJNPC7GUTQ/, 美國大選副總統辯論如期舉行潘斯下周三對陣賀錦麗
      >> 下載 https://tw.appledaily.com/international/20201003/2DHX53PN7JEMVLMZAMU55RADWE/, 美中角力美司法部上訴尋求恢復執行禁微信下載令
      >> 下載 https://tw.appledaily.com/headline/20201003/NQUGXDUXGVBV7NVRQVDPNTHUUE/, 聯開宅釘子戶2坪喊價4億
      >> 下載 https://tw.appledaily.com/gadget/20201003/3B4QR5OKYRFBLOCE4GXHAFMRNA/, 5G新機打安全牌評Pixel5的4點可惜之處
      >> 下載 https://tw.appledaily.com/international/20201003/FKYGBMPGHFFL3KH7JVGANTJ6CY/, 不斷更新川普確診後首度現身發燒送軍方醫院錄影片報最新病況
      >> 下載 https://tw.appledaily.com/entertainment/20201003/FKWLIYJ4D5CLLJBN4XNULXL2O4/, 狗仔直擊頑童瘦子攝影師女友長這樣中秋烤肉趴帶給張震嶽看
      >> 下載 https://tw.appledaily.com/politics/20201003/RN4RPJX6QFHVBHYUTVY543H4JU/, 獨家消耗戰一架每小時成本百萬我戰機半個月攔截共機已花億元
      >> 下載 https://tw.appledaily.com/property/20201002/P6E74SPLBNHITE3A6DEYKGRXBA/, 川普確診美就業數據疲弱賣壓湧現道瓊跌134點收黑
      >> 下載 https://tw.appledaily.com/sports/20201003/77PSMBDBRNA2THKFKYIXX6YR3A/, 日本體育廳長官就職室伏廣治為拿下最多奧運獎牌努力
      >> 下載 https://tw.appledaily.com/life/20201003/DKOGIHYJ2ND5XPQFGNMOACHSUE/, 原來台東可以這樣玩東大打造Y計畫創造旅遊新經濟
      >> 下載 https://tw.appledaily.com/international/20201002/K26BNDCJNJGW3ODFKNTMD6STF4/, 英國政府報告華為產品有嚴重安全缺陷
      >> 下載 https://tw.appledaily.com/international/20201003/NMPR336LIFES3M4M4JOMDW2Z4Q/, 北韓街頭現反政府塗鴉斥黨官剝削百姓官員要求居民用左右手寫字查筆跡
      >> 下載 https://tw.appledaily.com/headline/20201003/53ASCGDTKFBVPJN5TQH3NRGA2M/, 研發飛彈買戰機國軍戰力頻升級
      >> 下載 https://tw.appledaily.com/headline/20201003/HV5YAPSC35AT5L44OQX247TGEM/, 綠委提修法掛五星旗最高罰5萬
      >> 下載 https://tw.appledaily.com/international/20201003/Y6OWGDSH6ZCKZCMSWXMGD3REZU/, 美50參議員籲華府與台談BTA
      >> 下載 https://tw.appledaily.com/sports/20201003/WLCG46FNCBBDRBUFXMZZAETYOI/, 日超狂防疫接力棒2公尺長
      >> 下載 https://tw.appledaily.com/international/20201003/BR6SWW34HNBDJJBTCDPAGI6KKY/, 美國務卿下周訪亞洲是否考慮來台國務院目前沒計劃
