     -----> 新聞爬蟲：東森新聞報

           <<< 東森新聞報新聞搜尋 >>>
        ------------------------------------------------------
        ------------------------------------------------------
       >> 搜尋關鍵字:"工業用"; 網址:"https://www.ettoday.net/news_search/doSearch.php?keywords=工業用&idx=1&page=1"
         >>> 找到關鍵字 "工業用"; 文章資訊: 2020-10-03 23:20:00, 網紅送檢加利口罩防護效果比實名制好指揮中心回應, https://www.ettoday.net/news/20201003/1823839.htm
         <<< 2020-10-04 沒有更多 "工業用" 相關的新聞 !!! >>>
        ------------------------------------------------------
       >> 搜尋關鍵字:"化工"; 網址:"https://www.ettoday.net/news_search/doSearch.php?keywords=化工&idx=1&page=1"
         >>> 找到關鍵字 "化工"; 文章資訊: 2020-10-03 17:57:00, 白天沒空來台灣設計展夜間限定日落後散步也超好玩, https://www.ettoday.net/news/20201003/1822736.htm
         >>> 找到關鍵字 "化工"; 文章資訊: 2020-10-03 17:44:00, 山區牽車鬼打牆波麗士台式英文神救援美國男讚我愛台灣, https://www.ettoday.net/news/20201003/1823662.htm
         >>> 找到關鍵字 "化工"; 文章資訊: 2020-10-03 17:34:00, 獨驚悚畫面曝嘉義狗園驚見狗吃狗主人喊冤有咬沒吃, https://www.ettoday.net/news/20201003/1823568.htm
         >>> 找到關鍵字 "化工"; 文章資訊: 2020-10-03 13:43:00, 鄰居家鸚鵡叫整日他魔音傳腦快崩潰一招膠帶貼門鈴反制, https://www.ettoday.net/news/20201003/1823503.htm
         >>> 找到關鍵字 "化工"; 文章資訊: 2020-10-03 10:00:00, 粗心爸弄丟小兄妹6歲哥緊牽4歲妹自報家門找爸媽, https://www.ettoday.net/news/20201003/1823303.htm
         <<< 2020-10-04 沒有更多 "化工" 相關的新聞 !!! >>>
        ------------------------------------------------------
       >> 搜尋關鍵字:"化災"; 網址:"https://www.ettoday.net/news_search/doSearch.php?keywords=化災&idx=1&page=1"
         <<< 2020-10-04 沒有更多 "化災" 相關的新聞 !!! >>>
        ------------------------------------------------------
       >> 搜尋關鍵字:"化學"; 網址:"https://www.ettoday.net/news_search/doSearch.php?keywords=化學&idx=1&page=1"
         >>> 找到關鍵字 "化學"; 文章資訊: 2020-10-03 17:21:00, 登革熱衝出筍園新北再增8例都有三峽五寮里活動史, https://www.ettoday.net/news/20201003/1823676.htm
         >>> 找到關鍵字 "化學"; 文章資訊: 2020-10-03 13:23:00, 別猛刷烤肉醬滴炭火燻過更毒專家2神器救援調味關鍵曝, https://www.ettoday.net/news/20201003/1822795.htm
         >>> 找到關鍵字 "化學"; 文章資訊: 2020-10-03 11:23:00, 環保署連假動員557人清除3096個積水容器垃圾492公噸防疫, https://www.ettoday.net/news/20201003/1823414.htm
         <<< 2020-10-04 沒有更多 "化學" 相關的新聞 !!! >>>
        ------------------------------------------------------
       >> 搜尋關鍵字:"外洩"; 網址:"https://www.ettoday.net/news_search/doSearch.php?keywords=外洩&idx=1&page=1"
         <<< 2020-10-04 沒有更多 "外洩" 相關的新聞 !!! >>>
        ------------------------------------------------------
       >> 搜尋關鍵字:"危害"; 網址:"https://www.ettoday.net/news_search/doSearch.php?keywords=危害&idx=1&page=1"
         >>> 找到關鍵字 "危害"; 文章資訊: 2020-10-03 17:43:00, 陸將修傳染病防治法新冠病毒採甲類預防設方艙醫院入法, https://www.ettoday.net/news/20201003/1823694.htm
         >>> 找到關鍵字 "危害"; 文章資訊: 2020-10-03 15:39:00, 隔海談情花蓮婦1萬美金救情郎警攔別傻很多人受騙了, https://www.ettoday.net/news/20201003/1823569.htm
         >>> 找到關鍵字 "危害"; 文章資訊: 2020-10-03 14:57:00, 胡錫進同情川普美國把疫情甩鍋中國很low, https://www.ettoday.net/news/20201003/1823565.htm
         >>> 找到關鍵字 "危害"; 文章資訊: 2020-10-03 14:45:00, 載孕妻和老母假換真偷金飾足跡跨中南部多家銀樓中招, https://www.ettoday.net/news/20201003/1823538.htm
         >>> 找到關鍵字 "危害"; 文章資訊: 2020-10-03 09:00:00, 換iPhone12先學會延長手機壽命6大壞習慣帶殼充電最傷, https://www.ettoday.net/news/20201003/1815884.htm
         <<< 2020-10-04 沒有更多 "危害" 相關的新聞 !!! >>>
        ------------------------------------------------------
       >> 搜尋關鍵字:"有毒"; 網址:"https://www.ettoday.net/news_search/doSearch.php?keywords=有毒&idx=1&page=1"
         <<< 2020-10-04 沒有更多 "有毒" 相關的新聞 !!! >>>
        ------------------------------------------------------
       >> 搜尋關鍵字:"有害"; 網址:"https://www.ettoday.net/news_search/doSearch.php?keywords=有害&idx=1&page=1"
         <<< 2020-10-04 沒有更多 "有害" 相關的新聞 !!! >>>
        ------------------------------------------------------
       >> 搜尋關鍵字:"色料"; 網址:"https://www.ettoday.net/news_search/doSearch.php?keywords=色料&idx=1&page=1"
         <<< 2020-10-04 沒有更多 "色料" 相關的新聞 !!! >>>
        ------------------------------------------------------
       >> 搜尋關鍵字:"色素"; 網址:"https://www.ettoday.net/news_search/doSearch.php?keywords=色素&idx=1&page=1"
         >>> 找到關鍵字 "色素"; 文章資訊: 2020-10-03 10:00:00, 一次了解痘痘4大成因醫提保養對策一天洗臉別超過2次, https://www.ettoday.net/news/20201003/1819997.htm
         <<< 2020-10-04 沒有更多 "色素" 相關的新聞 !!! >>>
        ------------------------------------------------------
       >> 搜尋關鍵字:"毒性"; 網址:"https://www.ettoday.net/news_search/doSearch.php?keywords=毒性&idx=1&page=1"
         >>> 找到關鍵字 "毒性"; 文章資訊: 2020-10-03 08:23:00, 翁吃藥吃柚爆低血壓藥師揭交互作用影響間隔2小時還是不行, https://www.ettoday.net/news/20201003/1821965.htm
         <<< 2020-10-04 沒有更多 "毒性" 相關的新聞 !!! >>>
        ------------------------------------------------------
       >> 搜尋關鍵字:"毒品"; 網址:"https://www.ettoday.net/news_search/doSearch.php?keywords=毒品&idx=1&page=1"
         >>> 找到關鍵字 "毒品"; 文章資訊: 2020-10-03 14:45:00, 載孕妻和老母假換真偷金飾足跡跨中南部多家銀樓中招, https://www.ettoday.net/news/20201003/1823538.htm
         >>> 找到關鍵字 "毒品"; 文章資訊: 2020-10-03 07:13:00, 饒河夜市大地主二代逆孽奪產驚人身家起底殘忍毆母收押, https://www.ettoday.net/news/20201003/1823219.htm
         <<< 2020-10-04 沒有更多 "毒品" 相關的新聞 !!! >>>
        ------------------------------------------------------
       >> 搜尋關鍵字:"致癌"; 網址:"https://www.ettoday.net/news_search/doSearch.php?keywords=致癌&idx=1&page=1"
         >>> 找到關鍵字 "致癌"; 文章資訊: 2020-10-03 18:30:00, 烤肥肉雞皮戴奧辛更高怕吃毒補救辦法曝菜要比肉多2倍, https://www.ettoday.net/news/20201003/1823103.htm
         >>> 找到關鍵字 "致癌"; 文章資訊: 2020-10-03 13:23:00, 別猛刷烤肉醬滴炭火燻過更毒專家2神器救援調味關鍵曝, https://www.ettoday.net/news/20201003/1822795.htm
         <<< 2020-10-04 沒有更多 "致癌" 相關的新聞 !!! >>>
        ------------------------------------------------------
       >> 搜尋關鍵字:"重金屬"; 網址:"https://www.ettoday.net/news_search/doSearch.php?keywords=重金屬&idx=1&page=1"
         <<< 2020-10-04 沒有更多 "重金屬" 相關的新聞 !!! >>>
        ------------------------------------------------------
       >> 搜尋關鍵字:"食安"; 網址:"https://www.ettoday.net/news_search/doSearch.php?keywords=食安&idx=1&page=1"
         >>> 找到關鍵字 "食安"; 文章資訊: 2020-10-03 12:06:00, 陳時中回應食安健康捐要談高風險走路打架都可能出事, https://www.ettoday.net/news/20201003/1823453.htm
         >>> 找到關鍵字 "食安"; 文章資訊: 2020-10-03 09:00:00, 疫情衝擊鵝肉銷量飼糧添加紫色狼尾草具抗氧化助血管健康, https://www.ettoday.net/news/20201003/1822935.htm
         <<< 2020-10-04 沒有更多 "食安" 相關的新聞 !!! >>>
        ------------------------------------------------------
       >> 搜尋關鍵字:"香料"; 網址:"https://www.ettoday.net/news_search/doSearch.php?keywords=香料&idx=1&page=1"
         >>> 找到關鍵字 "香料"; 文章資訊: 2020-10-03 14:37:00, 肉質細膩油滑不用飛香港這4家餐廳也吃得到美味燒鵝, https://www.ettoday.net/news/20201003/1823518.htm
         >>> 找到關鍵字 "香料"; 文章資訊: 2020-10-03 13:23:00, 別猛刷烤肉醬滴炭火燻過更毒專家2神器救援調味關鍵曝, https://www.ettoday.net/news/20201003/1822795.htm
         <<< 2020-10-04 沒有更多 "香料" 相關的新聞 !!! >>>
        ------------------------------------------------------
       >> 搜尋關鍵字:"原料"; 網址:"https://www.ettoday.net/news_search/doSearch.php?keywords=原料&idx=1&page=1"
         >>> 找到關鍵字 "原料"; 文章資訊: 2020-10-04 05:02:00, 翻轉老品牌向國宴菜下戰帖LV界精品包子研發老湯獅子頭, https://www.ettoday.net/news/20201004/1823876.htm
         <<< 2020-10-04 沒有更多 "原料" 相關的新聞 !!! >>>
        ------------------------------------------------------
       >> 搜尋關鍵字:"氣爆"; 網址:"https://www.ettoday.net/news_search/doSearch.php?keywords=氣爆&idx=1&page=1"
         >>> 找到關鍵字 "氣爆"; 文章資訊: 2020-10-03 14:49:00, 在地ㄟ才知道中壢25年超人氣湯包外皮軟韌鹹甜內餡超涮嘴, https://www.ettoday.net/news/20201003/1815537.htm
         >>> 找到關鍵字 "氣爆"; 文章資訊: 2020-10-03 13:38:00, 日本郵局X史努比第二彈收納包存錢筒超欠收藏全系列500元有找, https://www.ettoday.net/news/20201003/1822766.htm
         <<< 2020-10-04 沒有更多 "氣爆" 相關的新聞 !!! >>>
        ------------------------------------------------------
       >> 搜尋關鍵字:"添加物"; 網址:"https://www.ettoday.net/news_search/doSearch.php?keywords=添加物&idx=1&page=1"
         >>> 找到關鍵字 "添加物"; 文章資訊: 2020-10-03 13:23:00, 別猛刷烤肉醬滴炭火燻過更毒專家2神器救援調味關鍵曝, https://www.ettoday.net/news/20201003/1822795.htm
         >>> 找到關鍵字 "添加物"; 文章資訊: 2020-10-03 09:00:00, 疫情衝擊鵝肉銷量飼糧添加紫色狼尾草具抗氧化助血管健康, https://www.ettoday.net/news/20201003/1822935.htm
         <<< 2020-10-04 沒有更多 "添加物" 相關的新聞 !!! >>>
        ------------------------------------------------------
       >> 搜尋關鍵字:"黑心"; 網址:"https://www.ettoday.net/news_search/doSearch.php?keywords=黑心&idx=1&page=1"
         >>> 找到關鍵字 "黑心"; 文章資訊: 2020-10-03 10:06:00, 2300元宜蘭民宿床恐怖吃人她怒差點摔死屋況讓人秒吐血, https://www.ettoday.net/news/20201003/1823270.htm
         <<< 2020-10-04 沒有更多 "黑心" 相關的新聞 !!! >>>
        ------------------------------------------------------
       >> 搜尋關鍵字:"漂白"; 網址:"https://www.ettoday.net/news_search/doSearch.php?keywords=漂白&idx=1&page=1"
         <<< 2020-10-04 沒有更多 "漂白" 相關的新聞 !!! >>>
        ------------------------------------------------------
       >> 搜尋關鍵字:"爆炸"; 網址:"https://www.ettoday.net/news_search/doSearch.php?keywords=爆炸&idx=1&page=1"
         >>> 找到關鍵字 "爆炸"; 文章資訊: 2020-10-04 07:00:00, 持修長髮齊劉海進男廁整排轉頭看嚇到尿不出有上過女廁, https://www.ettoday.net/news/20201004/1823877.htm
         >>> 找到關鍵字 "爆炸"; 文章資訊: 2020-10-03 21:02:00, 閨蜜問一句爆炸恐怖追求者怒嗆瞧不起人千人傻眼快放生, https://www.ettoday.net/news/20201003/1823748.htm
         >>> 找到關鍵字 "爆炸"; 文章資訊: 2020-10-03 12:28:00, 不愛止滑墊爆炸頭汪假裝做家事整齊折好收到牆角氣暈媽, https://www.ettoday.net/news/20201003/1823449.htm
         <<< 2020-10-04 沒有更多 "爆炸" 相關的新聞 !!! >>>
        ------------------------------------------------------
       >> 搜尋關鍵字:"新興"; 網址:"https://www.ettoday.net/news_search/doSearch.php?keywords=新興&idx=1&page=1"
         >>> 找到關鍵字 "新興"; 文章資訊: 2020-10-03 22:01:00, 金曲獎恭喜阿爆得獎了ThankYou感謝奪年度歌曲, https://www.ettoday.net/news/20201003/1823324.htm
         >>> 找到關鍵字 "新興"; 文章資訊: 2020-10-03 08:19:00, 經營理念不合想拆股單槍匹馬赴酒店談判男慘遭6人圍毆打破頭, https://www.ettoday.net/news/20201003/1823229.htm
         >>> 找到關鍵字 "新興"; 文章資訊: 2020-10-03 07:00:00, 捷運線兩世界環狀線2字頭成絕響天龍地虎單價差20萬, https://www.ettoday.net/news/20201003/1818605.htm
         <<< 2020-10-04 沒有更多 "新興" 相關的新聞 !!! >>>
        ------------------------------------------------------
       >> 搜尋關鍵字:"爆裂物"; 網址:"https://www.ettoday.net/news_search/doSearch.php?keywords=爆裂物&idx=1&page=1"
         <<< 2020-10-04 沒有更多 "爆裂物" 相關的新聞 !!! >>>
        ------------------------------------------------------
       >> 搜尋關鍵字:"IED"; 網址:"https://www.ettoday.net/news_search/doSearch.php?keywords=IED&idx=1&page=1"
         <<< 2020-10-04 沒有更多 "IED" 相關的新聞 !!! >>>
        ------------------------------------------------------
       >> 搜尋關鍵字:"排放"; 網址:"https://www.ettoday.net/news_search/doSearch.php?keywords=排放&idx=1&page=1"
         >>> 找到關鍵字 "排放"; 文章資訊: 2020-10-03 11:05:00, 最入門的賓士AMG三芒星最新嬰兒車靠爸媽推也夠瞎趴, https://www.ettoday.net/news/20201003/1821880.htm
         <<< 2020-10-04 沒有更多 "排放" 相關的新聞 !!! >>>
        ------------------------------------------------------
       >> 搜尋關鍵字:"污染"; 網址:"https://www.ettoday.net/news_search/doSearch.php?keywords=污染&idx=1&page=1"
         >>> 找到關鍵字 "污染"; 文章資訊: 2020-10-03 18:30:00, 金曲獎張懸產後1年罕見放閃紅毯甜牽導演老公, https://www.ettoday.net/news/20201003/1822891.htm
         >>> 找到關鍵字 "污染"; 文章資訊: 2020-10-03 18:30:00, 烤肥肉雞皮戴奧辛更高怕吃毒補救辦法曝菜要比肉多2倍, https://www.ettoday.net/news/20201003/1823103.htm
         <<< 2020-10-04 沒有更多 "污染" 相關的新聞 !!! >>>
        ------------------------------------------------------
       >> 搜尋關鍵字:"廢水"; 網址:"https://www.ettoday.net/news_search/doSearch.php?keywords=廢水&idx=1&page=1"
         <<< 2020-10-04 沒有更多 "廢水" 相關的新聞 !!! >>>
        ------------------------------------------------------
       >> 搜尋關鍵字:"污水"; 網址:"https://www.ettoday.net/news_search/doSearch.php?keywords=污水&idx=1&page=1"
         <<< 2020-10-04 沒有更多 "污水" 相關的新聞 !!! >>>
        ------------------------------------------------------
       >> 搜尋關鍵字:"洩漏"; 網址:"https://www.ettoday.net/news_search/doSearch.php?keywords=洩漏&idx=1&page=1"
         <<< 2020-10-04 沒有更多 "洩漏" 相關的新聞 !!! >>>
        ------------------------------------------------------
       >> 搜尋關鍵字:"暗管"; 網址:"https://www.ettoday.net/news_search/doSearch.php?keywords=暗管&idx=1&page=1"
         <<< 2020-10-04 沒有更多 "暗管" 相關的新聞 !!! >>>
        ------------------------------------------------------
       >> 搜尋關鍵字:"偷排"; 網址:"https://www.ettoday.net/news_search/doSearch.php?keywords=偷排&idx=1&page=1"
         <<< 2020-10-04 沒有更多 "偷排" 相關的新聞 !!! >>>
        ------------------------------------------------------
       >> 搜尋關鍵字:"安全"; 網址:"https://www.ettoday.net/news_search/doSearch.php?keywords=安全&idx=1&page=1"
         >>> 找到關鍵字 "安全"; 文章資訊: 2020-10-04 06:23:00, 陳時中台灣健保正在吃老本呼籲正視2問題, https://www.ettoday.net/news/20201004/1823887.htm
         >>> 找到關鍵字 "安全"; 文章資訊: 2020-10-04 02:11:00, 中秋連假特別活動新屋後湖溪獨木舟趣味競賽水上音樂會, https://www.ettoday.net/news/20201004/1823796.htm
         >>> 找到關鍵字 "安全"; 文章資訊: 2020-10-03 21:47:00, 台南安平漁港膠筏失火案2男2女抓到了放煙火影像曝光, https://www.ettoday.net/news/20201003/1823734.htm
         >>> 找到關鍵字 "安全"; 文章資訊: 2020-10-03 21:40:00, 金曲妝髮徐若瑄第一美狠甩眾女星楊乃文帥氣逼人, https://www.ettoday.net/news/20201003/1823807.htm
         >>> 找到關鍵字 "安全"; 文章資訊: 2020-10-03 20:04:00, 金曲獎ZI飆唱夜店搬上台超狂這2人直接嘴對嘴親了網笑自打臉, https://www.ettoday.net/news/20201003/1822863.htm
         >>> 找到關鍵字 "安全"; 文章資訊: 2020-10-03 19:03:00, 金曲獎梁靜茹絕美走紅毯身邊工作人員一片黃背後原因曝光, https://www.ettoday.net/news/20201003/1823745.htm
         >>> 找到關鍵字 "安全"; 文章資訊: 2020-10-03 18:30:00, 烤肥肉雞皮戴奧辛更高怕吃毒補救辦法曝菜要比肉多2倍, https://www.ettoday.net/news/20201003/1823103.htm
         >>> 找到關鍵字 "安全"; 文章資訊: 2020-10-03 17:43:00, 陸將修傳染病防治法新冠病毒採甲類預防設方艙醫院入法, https://www.ettoday.net/news/20201003/1823694.htm
         >>> 找到關鍵字 "安全"; 文章資訊: 2020-10-03 17:42:00, 莊人祥秋冬爆發院內感染是最壞預測重申戴口罩重要性, https://www.ettoday.net/news/20201003/1823602.htm
         >>> 找到關鍵字 "安全"; 文章資訊: 2020-10-03 17:26:00, 金曲紅毯蔡旻佑破百萬腕錶戒指閃瞎瑪麗透視裙S曲線全露, https://www.ettoday.net/news/20201003/1823680.htm
        ------------------------------------------------------
       >> 搜尋關鍵字:"槽車"; 網址:"https://www.ettoday.net/news_search/doSearch.php?keywords=槽車&idx=1&page=1"
         <<< 2020-10-04 沒有更多 "槽車" 相關的新聞 !!! >>>
       >> 檔案輸出
        ------------------------------------------------------
      >> 下載新聞內容
      >> 下載 https://www.ettoday.net/news/20201003/1823839.htm, 網紅送檢加利口罩防護效果比實名制好指揮中心回應
      >> 下載 https://www.ettoday.net/news/20201003/1822736.htm, 白天沒空來台灣設計展夜間限定日落後散步也超好玩
      >> 下載 https://www.ettoday.net/news/20201003/1823662.htm, 山區牽車鬼打牆波麗士台式英文神救援美國男讚我愛台灣
      >> 下載 https://www.ettoday.net/news/20201003/1823568.htm, 獨驚悚畫面曝嘉義狗園驚見狗吃狗主人喊冤有咬沒吃
      >> 下載 https://www.ettoday.net/news/20201003/1823503.htm, 鄰居家鸚鵡叫整日他魔音傳腦快崩潰一招膠帶貼門鈴反制
      >> 下載 https://www.ettoday.net/news/20201003/1823303.htm, 粗心爸弄丟小兄妹6歲哥緊牽4歲妹自報家門找爸媽
      >> 下載 https://www.ettoday.net/news/20201003/1823676.htm, 登革熱衝出筍園新北再增8例都有三峽五寮里活動史
      >> 下載 https://www.ettoday.net/news/20201003/1822795.htm, 別猛刷烤肉醬滴炭火燻過更毒專家2神器救援調味關鍵曝
      >> 下載 https://www.ettoday.net/news/20201003/1823414.htm, 環保署連假動員557人清除3096個積水容器垃圾492公噸防疫
      >> 下載 https://www.ettoday.net/news/20201003/1823694.htm, 陸將修傳染病防治法新冠病毒採甲類預防設方艙醫院入法
      >> 下載 https://www.ettoday.net/news/20201003/1823569.htm, 隔海談情花蓮婦1萬美金救情郎警攔別傻很多人受騙了
      >> 下載 https://www.ettoday.net/news/20201003/1823565.htm, 胡錫進同情川普美國把疫情甩鍋中國很low
      >> 下載 https://www.ettoday.net/news/20201003/1823538.htm, 載孕妻和老母假換真偷金飾足跡跨中南部多家銀樓中招
      >> 下載 https://www.ettoday.net/news/20201003/1815884.htm, 換iPhone12先學會延長手機壽命6大壞習慣帶殼充電最傷
      >> 下載 https://www.ettoday.net/news/20201003/1819997.htm, 一次了解痘痘4大成因醫提保養對策一天洗臉別超過2次
      >> 下載 https://www.ettoday.net/news/20201003/1821965.htm, 翁吃藥吃柚爆低血壓藥師揭交互作用影響間隔2小時還是不行
      >> 下載 https://www.ettoday.net/news/20201003/1823538.htm, 載孕妻和老母假換真偷金飾足跡跨中南部多家銀樓中招
      >> 下載 https://www.ettoday.net/news/20201003/1823219.htm, 饒河夜市大地主二代逆孽奪產驚人身家起底殘忍毆母收押
      >> 下載 https://www.ettoday.net/news/20201003/1823103.htm, 烤肥肉雞皮戴奧辛更高怕吃毒補救辦法曝菜要比肉多2倍
      >> 下載 https://www.ettoday.net/news/20201003/1822795.htm, 別猛刷烤肉醬滴炭火燻過更毒專家2神器救援調味關鍵曝
      >> 下載 https://www.ettoday.net/news/20201003/1823453.htm, 陳時中回應食安健康捐要談高風險走路打架都可能出事
      >> 下載 https://www.ettoday.net/news/20201003/1822935.htm, 疫情衝擊鵝肉銷量飼糧添加紫色狼尾草具抗氧化助血管健康
      >> 下載 https://www.ettoday.net/news/20201003/1823518.htm, 肉質細膩油滑不用飛香港這4家餐廳也吃得到美味燒鵝
      >> 下載 https://www.ettoday.net/news/20201003/1822795.htm, 別猛刷烤肉醬滴炭火燻過更毒專家2神器救援調味關鍵曝
      >> 下載 https://www.ettoday.net/news/20201004/1823876.htm, 翻轉老品牌向國宴菜下戰帖LV界精品包子研發老湯獅子頭
      >> 下載 https://www.ettoday.net/news/20201003/1815537.htm, 在地ㄟ才知道中壢25年超人氣湯包外皮軟韌鹹甜內餡超涮嘴
      >> 下載 https://www.ettoday.net/news/20201003/1822766.htm, 日本郵局X史努比第二彈收納包存錢筒超欠收藏全系列500元有找
      >> 下載 https://www.ettoday.net/news/20201003/1822795.htm, 別猛刷烤肉醬滴炭火燻過更毒專家2神器救援調味關鍵曝
      >> 下載 https://www.ettoday.net/news/20201003/1822935.htm, 疫情衝擊鵝肉銷量飼糧添加紫色狼尾草具抗氧化助血管健康
      >> 下載 https://www.ettoday.net/news/20201003/1823270.htm, 2300元宜蘭民宿床恐怖吃人她怒差點摔死屋況讓人秒吐血
      >> 下載 https://www.ettoday.net/news/20201004/1823877.htm, 持修長髮齊劉海進男廁整排轉頭看嚇到尿不出有上過女廁
      >> 下載 https://www.ettoday.net/news/20201003/1823748.htm, 閨蜜問一句爆炸恐怖追求者怒嗆瞧不起人千人傻眼快放生
      >> 下載 https://www.ettoday.net/news/20201003/1823449.htm, 不愛止滑墊爆炸頭汪假裝做家事整齊折好收到牆角氣暈媽
      >> 下載 https://www.ettoday.net/news/20201003/1823324.htm, 金曲獎恭喜阿爆得獎了ThankYou感謝奪年度歌曲
      >> 下載 https://www.ettoday.net/news/20201003/1823229.htm, 經營理念不合想拆股單槍匹馬赴酒店談判男慘遭6人圍毆打破頭
      >> 下載 https://www.ettoday.net/news/20201003/1818605.htm, 捷運線兩世界環狀線2字頭成絕響天龍地虎單價差20萬
      >> 下載 https://www.ettoday.net/news/20201003/1821880.htm, 最入門的賓士AMG三芒星最新嬰兒車靠爸媽推也夠瞎趴
      >> 下載 https://www.ettoday.net/news/20201003/1822891.htm, 金曲獎張懸產後1年罕見放閃紅毯甜牽導演老公
      >> 下載 https://www.ettoday.net/news/20201003/1823103.htm, 烤肥肉雞皮戴奧辛更高怕吃毒補救辦法曝菜要比肉多2倍
      >> 下載 https://www.ettoday.net/news/20201004/1823887.htm, 陳時中台灣健保正在吃老本呼籲正視2問題
      >> 下載 https://www.ettoday.net/news/20201004/1823796.htm, 中秋連假特別活動新屋後湖溪獨木舟趣味競賽水上音樂會
      >> 下載 https://www.ettoday.net/news/20201003/1823734.htm, 台南安平漁港膠筏失火案2男2女抓到了放煙火影像曝光
      >> 下載 https://www.ettoday.net/news/20201003/1823807.htm, 金曲妝髮徐若瑄第一美狠甩眾女星楊乃文帥氣逼人
      >> 下載 https://www.ettoday.net/news/20201003/1822863.htm, 金曲獎ZI飆唱夜店搬上台超狂這2人直接嘴對嘴親了網笑自打臉
      >> 下載 https://www.ettoday.net/news/20201003/1823745.htm, 金曲獎梁靜茹絕美走紅毯身邊工作人員一片黃背後原因曝光
      >> 下載 https://www.ettoday.net/news/20201003/1823103.htm, 烤肥肉雞皮戴奧辛更高怕吃毒補救辦法曝菜要比肉多2倍
      >> 下載 https://www.ettoday.net/news/20201003/1823694.htm, 陸將修傳染病防治法新冠病毒採甲類預防設方艙醫院入法
      >> 下載 https://www.ettoday.net/news/20201003/1823602.htm, 莊人祥秋冬爆發院內感染是最壞預測重申戴口罩重要性
      >> 下載 https://www.ettoday.net/news/20201003/1823680.htm, 金曲紅毯蔡旻佑破百萬腕錶戒指閃瞎瑪麗透視裙S曲線全露
