1605367325468	mozrunner::runner	INFO	Running command: "/Applications/Firefox.app/Contents/MacOS/firefox-bin" "-marionette" "-foreground" "-no-remote" "-profile" "/var/folders/hw/zp90czzn1pvbd_3bn519h6k80000gn/T/rust_mozprofile33k7J0"
console.warn: SearchSettings: "get: No settings file exists, new profile?" (new Error("", "(unknown module)"))
1605367334266	Marionette	INFO	Listening on port 65091
1605367345882	Marionette	INFO	Stopped listening on port 65091
1605367349101	mozrunner::runner	INFO	Running command: "/Applications/Firefox.app/Contents/MacOS/firefox-bin" "-marionette" "-foreground" "-no-remote" "-profile" "/var/folders/hw/zp90czzn1pvbd_3bn519h6k80000gn/T/rust_mozprofileQDG9yL"
console.warn: SearchSettings: "get: No settings file exists, new profile?" (new Error("", "(unknown module)"))
1605367351852	Marionette	INFO	Listening on port 65164
1605367351917	Marionette	WARN	TLS certificate errors will be ignored for this session
1605367680027	mozrunner::runner	INFO	Running command: "/Applications/Firefox.app/Contents/MacOS/firefox-bin" "-marionette" "-foreground" "-no-remote" "-profile" "/var/folders/hw/zp90czzn1pvbd_3bn519h6k80000gn/T/rust_mozprofileRqeTn5"
console.warn: SearchSettings: "get: No settings file exists, new profile?" (new Error("", "(unknown module)"))
1605367682818	Marionette	INFO	Listening on port 65394
1605367682946	Marionette	WARN	TLS certificate errors will be ignored for this session
[GFX1-]: Receive IPC close with reason=AbnormalShutdown
Exiting due to channel error.
[GFX1-]: Receive IPC close with reason=AbnormalShutdown
Exiting due to channel error.
[GFX1-]: Receive IPC close with reason=AbnormalShutdown
Exiting due to channel error.
[GFX1-]: Receive IPC close with reason=AbnormalShutdown
Exiting due to channel error.
[GFX1-]: Receive IPC close with reason=AbnormalShutdown
Exiting due to channel error.
Exiting due to channel error.
1605367863847	mozrunner::runner	INFO	Running command: "/Applications/Firefox.app/Contents/MacOS/firefox-bin" "-marionette" "-foreground" "-no-remote" "-profile" "/var/folders/hw/zp90czzn1pvbd_3bn519h6k80000gn/T/rust_mozprofileEZ57wE"
console.warn: SearchSettings: "get: No settings file exists, new profile?" (new Error("", "(unknown module)"))
1605367866777	Marionette	INFO	Listening on port 49186
1605367866862	Marionette	WARN	TLS certificate errors will be ignored for this session
1605367869656	Marionette	WARN	TimedPromise timed out after 500 ms: stacktrace:
TimedPromise/<@chrome://marionette/content/sync.js:228:19
TimedPromise@chrome://marionette/content/sync.js:213:10
interaction.flushEventLoop@chrome://marionette/content/interaction.js:418:10
webdriverClickElement@chrome://marionette/content/interaction.js:179:31
1605368268266	mozrunner::runner	INFO	Running command: "/Applications/Firefox.app/Contents/MacOS/firefox-bin" "-marionette" "-foreground" "-no-remote" "-profile" "/var/folders/hw/zp90czzn1pvbd_3bn519h6k80000gn/T/rust_mozprofileM1L3mT"
console.warn: SearchSettings: "get: No settings file exists, new profile?" (new Error("", "(unknown module)"))
1605368271275	Marionette	INFO	Listening on port 50863
1605368271383	Marionette	WARN	TLS certificate errors will be ignored for this session
1605368293408	Marionette	INFO	Stopped listening on port 50863
1605368296562	mozrunner::runner	INFO	Running command: "/Applications/Firefox.app/Contents/MacOS/firefox-bin" "-marionette" "-foreground" "-no-remote" "-profile" "/var/folders/hw/zp90czzn1pvbd_3bn519h6k80000gn/T/rust_mozprofile2KJ7cW"
console.warn: SearchSettings: "get: No settings file exists, new profile?" (new Error("", "(unknown module)"))
1605368299426	Marionette	INFO	Listening on port 51084
1605368299466	Marionette	WARN	TLS certificate errors will be ignored for this session
1605368301546	Marionette	WARN	TimedPromise timed out after 500 ms: stacktrace:
TimedPromise/<@chrome://marionette/content/sync.js:228:19
TimedPromise@chrome://marionette/content/sync.js:213:10
interaction.flushEventLoop@chrome://marionette/content/interaction.js:418:10
webdriverClickElement@chrome://marionette/content/interaction.js:179:31
1605368385350	Marionette	INFO	Stopped listening on port 51084
1605368396412	mozrunner::runner	INFO	Running command: "/Applications/Firefox.app/Contents/MacOS/firefox-bin" "-marionette" "-headless" "-foreground" "-no-remote" "-profile" "/var/folders/hw/zp90czzn1pvbd_3bn519h6k80000gn/T/rust_mozprofileLFc3i7"
*** You are running in headless mode.
console.warn: SearchSettings: "get: No settings file exists, new profile?" (new Error("", "(unknown module)"))
1605368398922	Marionette	INFO	Listening on port 51618
1605368399023	Marionette	WARN	TLS certificate errors will be ignored for this session
1605368437732	mozrunner::runner	INFO	Running command: "/Applications/Firefox.app/Contents/MacOS/firefox-bin" "-marionette" "-headless" "-foreground" "-no-remote" "-profile" "/var/folders/hw/zp90czzn1pvbd_3bn519h6k80000gn/T/rust_mozprofile06t2Fx"
*** You are running in headless mode.
console.warn: SearchSettings: "get: No settings file exists, new profile?" (new Error("", "(unknown module)"))
1605368440829	Marionette	INFO	Listening on port 51952
1605368440946	Marionette	WARN	TLS certificate errors will be ignored for this session
1605370489630	mozrunner::runner	INFO	Running command: "/Applications/Firefox.app/Contents/MacOS/firefox-bin" "-marionette" "-headless" "-foreground" "-no-remote" "-profile" "/var/folders/hw/zp90czzn1pvbd_3bn519h6k80000gn/T/rust_mozprofile8hostc"
*** You are running in headless mode.
console.warn: SearchSettings: "get: No settings file exists, new profile?" (new Error("", "(unknown module)"))
1605370492517	Marionette	INFO	Listening on port 61822
1605370492631	Marionette	WARN	TLS certificate errors will be ignored for this session
1605370531407	mozrunner::runner	INFO	Running command: "/Applications/Firefox.app/Contents/MacOS/firefox-bin" "-marionette" "-headless" "-foreground" "-no-remote" "-profile" "/var/folders/hw/zp90czzn1pvbd_3bn519h6k80000gn/T/rust_mozprofilePiV2Hv"
*** You are running in headless mode.
console.warn: SearchSettings: "get: No settings file exists, new profile?" (new Error("", "(unknown module)"))
1605370534161	Marionette	INFO	Listening on port 62114
1605370534233	Marionette	WARN	TLS certificate errors will be ignored for this session
Exiting due to channel error.
Exiting due to channel error.
Exiting due to channel error.
[GFX1-]: Receive IPC close with reason=AbnormalShutdown
Exiting due to channel error.
[GFX1-]: Receive IPC close with reason=AbnormalShutdown
Exiting due to channel error.
Exiting due to channel error.
1605370727838	mozrunner::runner	INFO	Running command: "/Applications/Firefox.app/Contents/MacOS/firefox-bin" "-marionette" "-headless" "-foreground" "-no-remote" "-profile" "/var/folders/hw/zp90czzn1pvbd_3bn519h6k80000gn/T/rust_mozprofile9758Aq"
*** You are running in headless mode.
console.warn: SearchSettings: "get: No settings file exists, new profile?" (new Error("", "(unknown module)"))
1605370730511	Marionette	INFO	Listening on port 63071
1605370730548	Marionette	WARN	TLS certificate errors will be ignored for this session
1605370738448	mozrunner::runner	INFO	Running command: "/Applications/Firefox.app/Contents/MacOS/firefox-bin" "-marionette" "-headless" "-foreground" "-no-remote" "-profile" "/var/folders/hw/zp90czzn1pvbd_3bn519h6k80000gn/T/rust_mozprofileWcCsDg"
*** You are running in headless mode.
console.warn: SearchSettings: "get: No settings file exists, new profile?" (new Error("", "(unknown module)"))
1605370741074	Marionette	INFO	Listening on port 63198
1605370741143	Marionette	WARN	TLS certificate errors will be ignored for this session
1605370749288	mozrunner::runner	INFO	Running command: "/Applications/Firefox.app/Contents/MacOS/firefox-bin" "-marionette" "-headless" "-foreground" "-no-remote" "-profile" "/var/folders/hw/zp90czzn1pvbd_3bn519h6k80000gn/T/rust_mozprofilejTk1Yk"
*** You are running in headless mode.
console.warn: SearchSettings: "get: No settings file exists, new profile?" (new Error("", "(unknown module)"))
1605370752210	Marionette	INFO	Listening on port 63403
1605370752306	Marionette	WARN	TLS certificate errors will be ignored for this session
1605370849751	mozrunner::runner	INFO	Running command: "/Applications/Firefox.app/Contents/MacOS/firefox-bin" "-marionette" "-headless" "-foreground" "-no-remote" "-profile" "/var/folders/hw/zp90czzn1pvbd_3bn519h6k80000gn/T/rust_mozprofile7XBICZ"
*** You are running in headless mode.
console.warn: SearchSettings: "get: No settings file exists, new profile?" (new Error("", "(unknown module)"))
1605370852959	Marionette	INFO	Listening on port 63940
1605370853013	Marionette	WARN	TLS certificate errors will be ignored for this session
1605370864752	mozrunner::runner	INFO	Running command: "/Applications/Firefox.app/Contents/MacOS/firefox-bin" "-marionette" "-headless" "-foreground" "-no-remote" "-profile" "/var/folders/hw/zp90czzn1pvbd_3bn519h6k80000gn/T/rust_mozprofiler2cAgF"
*** You are running in headless mode.
console.warn: SearchSettings: "get: No settings file exists, new profile?" (new Error("", "(unknown module)"))
1605370867581	Marionette	INFO	Listening on port 64132
1605370867684	Marionette	WARN	TLS certificate errors will be ignored for this session
1605370878778	mozrunner::runner	INFO	Running command: "/Applications/Firefox.app/Contents/MacOS/firefox-bin" "-marionette" "-headless" "-foreground" "-no-remote" "-profile" "/var/folders/hw/zp90czzn1pvbd_3bn519h6k80000gn/T/rust_mozprofileZw7XSO"
*** You are running in headless mode.
console.warn: SearchSettings: "get: No settings file exists, new profile?" (new Error("", "(unknown module)"))
1605370881730	Marionette	INFO	Listening on port 64281
1605370881831	Marionette	WARN	TLS certificate errors will be ignored for this session
1605370892934	mozrunner::runner	INFO	Running command: "/Applications/Firefox.app/Contents/MacOS/firefox-bin" "-marionette" "-headless" "-foreground" "-no-remote" "-profile" "/var/folders/hw/zp90czzn1pvbd_3bn519h6k80000gn/T/rust_mozprofileewPP2K"
*** You are running in headless mode.
console.warn: SearchSettings: "get: No settings file exists, new profile?" (new Error("", "(unknown module)"))
1605370895694	Marionette	INFO	Listening on port 64432
1605370895756	Marionette	WARN	TLS certificate errors will be ignored for this session
1605370937665	mozrunner::runner	INFO	Running command: "/Applications/Firefox.app/Contents/MacOS/firefox-bin" "-marionette" "-headless" "-foreground" "-no-remote" "-profile" "/var/folders/hw/zp90czzn1pvbd_3bn519h6k80000gn/T/rust_mozprofileYkdd6b"
*** You are running in headless mode.
console.warn: SearchSettings: "get: No settings file exists, new profile?" (new Error("", "(unknown module)"))
1605370940372	Marionette	INFO	Listening on port 64724
1605370940509	Marionette	WARN	TLS certificate errors will be ignored for this session
1605370982461	mozrunner::runner	INFO	Running command: "/Applications/Firefox.app/Contents/MacOS/firefox-bin" "-marionette" "-headless" "-foreground" "-no-remote" "-profile" "/var/folders/hw/zp90czzn1pvbd_3bn519h6k80000gn/T/rust_mozprofile2KqLMG"
*** You are running in headless mode.
console.warn: SearchSettings: "get: No settings file exists, new profile?" (new Error("", "(unknown module)"))
1605370985672	Marionette	INFO	Listening on port 65037
1605370985717	Marionette	WARN	TLS certificate errors will be ignored for this session
1605402299081	mozrunner::runner	INFO	Running command: "/Applications/Firefox.app/Contents/MacOS/firefox-bin" "-marionette" "-headless" "-foreground" "-no-remote" "-profile" "/var/folders/hw/zp90czzn1pvbd_3bn519h6k80000gn/T/rust_mozprofileDUgfTI"
*** You are running in headless mode.
Exiting due to channel error.
Exiting due to channel error.
[GFX1-]: Receive IPC close with reason=AbnormalShutdown
Exiting due to channel error.
Exiting due to channel error.
Exiting due to channel error.
Exiting due to channel error.
Exiting due to channel error.
Exiting due to channel error.
Exiting due to channel error.
Exiting due to channel error.
Exiting due to channel error.
Exiting due to channel error.
Exiting due to channel error.
Exiting due to channel error.
Exiting due to channel error.
Exiting due to channel error.
Exiting due to channel error.
Exiting due to channel error.
Exiting due to channel error.
Exiting due to channel error.
Exiting due to channel error.
Exiting due to channel error.
Exiting due to channel error.
Exiting due to channel error.
Exiting due to channel error.
Exiting due to channel error.
Exiting due to channel error.
Exiting due to channel error.
Exiting due to channel error.
1605588868015	mozrunner::runner	INFO	Running command: "/Applications/Firefox.app/Contents/MacOS/firefox-bin" "-marionette" "-headless" "-foreground" "-no-remote" "-profile" "/var/folders/kv/x9_l2fnn0m18hc1vy9bwv1z40000gn/T/rust_mozprofileIByyHW"
*** You are running in headless mode.
console.warn: SearchSettings: "get: No settings file exists, new profile?" (new Error("", "(unknown module)"))
1605588871964	Marionette	INFO	Listening on port 56958
1605588872021	Marionette	WARN	TLS certificate errors will be ignored for this session
1605588977601	mozrunner::runner	INFO	Running command: "/Applications/Firefox.app/Contents/MacOS/firefox-bin" "-marionette" "-headless" "-foreground" "-no-remote" "-profile" "/var/folders/kv/x9_l2fnn0m18hc1vy9bwv1z40000gn/T/rust_mozprofileXHyLVA"
*** You are running in headless mode.
console.warn: SearchSettings: "get: No settings file exists, new profile?" (new Error("", "(unknown module)"))
1605588980573	Marionette	INFO	Listening on port 57130
1605588980626	Marionette	WARN	TLS certificate errors will be ignored for this session
1605589139813	mozrunner::runner	INFO	Running command: "/Applications/Firefox.app/Contents/MacOS/firefox-bin" "-marionette" "-headless" "-foreground" "-no-remote" "-profile" "/var/folders/kv/x9_l2fnn0m18hc1vy9bwv1z40000gn/T/rust_mozprofilebOugYU"
*** You are running in headless mode.
console.warn: SearchSettings: "get: No settings file exists, new profile?" (new Error("", "(unknown module)"))
1605589142493	Marionette	INFO	Listening on port 57512
1605589142666	Marionette	WARN	TLS certificate errors will be ignored for this session
1605589237378	mozrunner::runner	INFO	Running command: "/Applications/Firefox.app/Contents/MacOS/firefox-bin" "-marionette" "-headless" "-foreground" "-no-remote" "-profile" "/var/folders/kv/x9_l2fnn0m18hc1vy9bwv1z40000gn/T/rust_mozprofilenBhmep"
*** You are running in headless mode.
console.warn: SearchSettings: "get: No settings file exists, new profile?" (new Error("", "(unknown module)"))
1605589240762	Marionette	INFO	Listening on port 57741
1605589240906	Marionette	WARN	TLS certificate errors will be ignored for this session
1605589262557	mozrunner::runner	INFO	Running command: "/Applications/Firefox.app/Contents/MacOS/firefox-bin" "-marionette" "-headless" "-foreground" "-no-remote" "-profile" "/var/folders/kv/x9_l2fnn0m18hc1vy9bwv1z40000gn/T/rust_mozprofileZQUkHx"
*** You are running in headless mode.
console.warn: SearchSettings: "get: No settings file exists, new profile?" (new Error("", "(unknown module)"))
1605589265312	Marionette	INFO	Listening on port 57844
1605589265377	Marionette	WARN	TLS certificate errors will be ignored for this session
[Parent 7845, Gecko_IOThread] WARNING: FileDescriptorSet destroyed with unconsumed descriptors: file /builds/worker/checkouts/gecko/ipc/chromium/src/chrome/common/file_descriptor_set_posix.cc, line 19
[Parent 7845, Gecko_IOThread] WARNING: FileDescriptorSet destroyed with unconsumed descriptors: file /builds/worker/checkouts/gecko/ipc/chromium/src/chrome/common/file_descriptor_set_posix.cc, line 19
[Parent 7845, Gecko_IOThread] WARNING: FileDescriptorSet destroyed with unconsumed descriptors: file /builds/worker/checkouts/gecko/ipc/chromium/src/chrome/common/file_descriptor_set_posix.cc, line 19
[Parent 7845, Gecko_IOThread] WARNING: FileDescriptorSet destroyed with unconsumed descriptors: file /builds/worker/checkouts/gecko/ipc/chromium/src/chrome/common/file_descriptor_set_posix.cc, line 19
[Parent 7845, Gecko_IOThread] WARNING: FileDescriptorSet destroyed with unconsumed descriptors: file /builds/worker/checkouts/gecko/ipc/chromium/src/chrome/common/file_descriptor_set_posix.cc, line 19
[Parent 7845, Gecko_IOThread] WARNING: FileDescriptorSet destroyed with unconsumed descriptors: file /builds/worker/checkouts/gecko/ipc/chromium/src/chrome/common/file_descriptor_set_posix.cc, line 19
Exiting due to channel error.
[GFX1-]: Receive IPC close with reason=AbnormalShutdown
[GFX1-]: Receive IPC close with reason=AbnormalShutdown
Exiting due to channel error.
Exiting due to channel error.
Exiting due to channel error.
Exiting due to channel error.
Exiting due to channel error.
[GFX1-]: Receive IPC close with reason=AbnormalShutdown
Exiting due to channel error.
[GFX1-]: Receive IPC close with reason=AbnormalShutdown
Exiting due to channel error.
[GFX1-]: Receive IPC close with reason=AbnormalShutdown
Exiting due to channel error.
